13:22:31.893 [JavaFX Application Thread] DEBUG GameApplication      - Logger initialized
13:22:31.898 [JavaFX Application Thread] DEBUG MainWindow           - Creating a JavaFX scene
13:22:31.970 [JavaFX Application Thread] DEBUG MainWindow           - Target settings size: 800.0 x 400.0
13:22:31.970 [JavaFX Application Thread] DEBUG MainWindow           - Scaled scene size:    800.0 x 400.0
13:22:31.970 [JavaFX Application Thread] DEBUG MainWindow           - Scaled ratio: (1.0, 1.0)
13:22:31.975 [JavaFX Application Thread] DEBUG GameApplication      - Starting FXGL
13:22:31.984 [JavaFX Application Thread] INFO  FXGL                 - FXGL-0.5.1 on DESKTOP
13:22:31.985 [JavaFX Application Thread] INFO  FXGL                 - Source code and latest versions at: https://github.com/AlmasB/FXGL
13:22:31.985 [JavaFX Application Thread] INFO  FXGL                 -              Join the FXGL chat at: https://gitter.im/AlmasB/FXGL
13:22:31.990 [JavaFX Application Thread] DEBUG FS                   - Loaded DesktopFSService
13:22:31.991 [JavaFX Application Thread] DEBUG FXGL                 - Loading FXGL system data
13:22:31.998 [JavaFX Application Thread] DEBUG DesktopFSService     - Reading from: system\fxgl.bundle
13:22:32.007 [JavaFX Application Thread] DEBUG Bundle               - Logging bundle: FXGL
13:22:32.008 [JavaFX Application Thread] DEBUG Bundle               - FXGL.offline.timer.version.check=2018-05-16T18:22:51.838
13:22:32.035 [JavaFX Application Thread] DEBUG GameApplication      - FXGL started
13:22:32.036 [JavaFX Application Thread] DEBUG GameApplication      - Logging game settings
Title: FlappyBird
Version: 0.2.0
Width: 800
Height: 400
Fullscreen: false
Intro: false
Menus: false
Profiling: false
Single step:false
App Mode: DEVELOPER
Menu Key: ESCAPE
Stage Style: DECORATED
Scene Factory: class com.almasb.fxgl.scene.SceneFactory
Dialog Factory: class com.almasb.fxgl.ui.FXGLDialogFactory
UI Factory: class com.almasb.fxgl.ui.FXGLUIFactory
Notification Service: class com.almasb.fxgl.gameplay.notification.XboxNotificationView
Exception Handler: class com.almasb.fxgl.app.FXGLExceptionHandler
13:22:32.037 [JavaFX Application Thread] DEBUG GameApplication      - Configuring GameApplication
13:22:32.037 [JavaFX Application Thread] DEBUG GameApplication      - Initializing state machine and application states
13:22:32.048 [JavaFX Application Thread] DEBUG AssetLoader          - Loading from disk: /assets/ui/cursors/fxgl_default.png
13:22:32.066 [JavaFX Application Thread] DEBUG AssetLoader          - Loading from disk: /assets/ui/cursors/fxgl_default.png
13:22:32.085 [JavaFX Application Thread] DEBUG FXGLAssets           - Loading FXGLAssets
13:22:32.111 [JavaFX Application Thread] DEBUG AssetLoader          - Loading from disk: /assets/ui/fonts/VarelaRound-Regular.ttf
13:22:32.235 [JavaFX Application Thread] DEBUG AssetLoader          - Loading from disk: /assets/ui/fonts/lucida_console.ttf
13:22:32.245 [JavaFX Application Thread] DEBUG AssetLoader          - Loading from disk: /assets/ui/css/fxgl_dark.css
13:22:32.268 [JavaFX Application Thread] DEBUG AssetLoader          - Loading from disk: /assets/ui/cursors/fxgl_default.png
13:22:32.292 [JavaFX Application Thread] DEBUG AssetLoader          - Loading from disk: /assets/ui/cursors/fxgl_default.png
13:22:32.306 [JavaFX Application Thread] DEBUG GameScene            - Game scene initialized: 800x400
13:22:32.308 [JavaFX Application Thread] DEBUG GameWorld            - Game world initialized
13:22:32.345 [JavaFX Application Thread] DEBUG PhysicsWorld         - Physics world initialized: appHeight=400, physics.ppm=50.0
13:22:32.359 [JavaFX Application Thread] DEBUG Input                - Registered new binding: Pause - Esc
13:22:32.373 [JavaFX Application Thread] DEBUG Input                - Clearing active input actions
13:22:32.405 [JavaFX Application Thread] DEBUG AppStateMachine      - StartupState -> StartupState
13:22:32.408 [JavaFX Application Thread] INFO  GameApplication      - Game configuration took:  0.371 sec
13:22:32.410 [JavaFX Application Thread] DEBUG AssetLoader          - Loading from disk: /assets/textures/fxgl_icon.png
13:22:32.420 [JavaFX Application Thread] DEBUG MainWindow           - Opening main window
13:22:32.553 [JavaFX Application Thread] DEBUG MainWindow           - Window border size: (4.0, 26.666656494140625)
13:22:32.554 [JavaFX Application Thread] DEBUG MainWindow           - Scaled size: 800.0 x 400.0
13:22:32.554 [JavaFX Application Thread] DEBUG MainWindow           - Scaled ratio: (1.0, 1.0)
13:22:32.554 [JavaFX Application Thread] DEBUG MainWindow           - Scene size: 800.0 x 400.0
13:22:32.554 [JavaFX Application Thread] DEBUG MainWindow           - Stage size: 804.0 x 426.6666564941406
13:22:32.554 [JavaFX Application Thread] DEBUG GameApplication      - Running preInit()
13:22:32.555 [JavaFX Application Thread] DEBUG Input                - Registered new binding: Screenshot - P
13:22:32.556 [JavaFX Application Thread] DEBUG Input                - Registered new binding: Dev Options - CTRL+0
13:22:32.556 [JavaFX Application Thread] DEBUG Input                - Registered new binding: System info dump - CTRL+9
13:22:32.557 [JavaFX Application Thread] DEBUG Input                - Registered new binding: Restart - CTRL+R
13:22:32.557 [JavaFX Application Thread] DEBUG Input                - Registered new binding: flap - Space
13:22:32.583 [JavaFX Application Thread] DEBUG GameApplication      - Starting main loop
13:22:32.585 [JavaFX Application Thread] DEBUG StartupState         - STARTUP
13:22:32.585 [JavaFX Application Thread] DEBUG GameApplication      - Starting new game
13:22:32.585 [JavaFX Application Thread] DEBUG Input                - Clearing active input actions
13:22:32.591 [JavaFX Application Thread] DEBUG AppStateMachine      - StartupState -> LoadingState
13:22:32.596 [FXGL Background Thread 1 ] DEBUG InitAppTask          - Clearing previous game
13:22:32.596 [FXGL Background Thread 1 ] DEBUG GameWorld            - Clearing game world
13:22:32.596 [FXGL Background Thread 1 ] DEBUG PhysicsWorld         - Clearing physics world
13:22:32.596 [FXGL Background Thread 1 ] DEBUG GameScene            - Clearing game scene
13:22:32.597 [FXGL Background Thread 1 ] DEBUG InitAppTask          - Initializing Game
13:22:32.618 [FXGL Background Thread 1 ] DEBUG AssetLoader          - Loading from disk: /assets/textures/FlappyPort/flappybird_fly_sheet.png
13:22:32.692 [FXGL Background Thread 1 ] DEBUG GameScene            - Creating render group for layer: DEFAULT(100000)
13:22:32.698 [FXGL Background Thread 1 ] DEBUG AssetLoader          - Loading from disk: /assets/textures/FlappyPort/ground.png
13:22:32.701 [FXGL Background Thread 1 ] DEBUG GameScene            - Creating render group for layer: TOP(2147483647)
13:22:32.702 [FXGL Background Thread 1 ] DEBUG AssetLoader          - Loading from cache: /assets/textures/FlappyPort/ground.png
13:22:32.704 [FXGL Background Thread 1 ] DEBUG InitAppTask          - Initializing Physics
13:22:32.704 [FXGL Background Thread 1 ] DEBUG InitAppTask          - Initializing UI
13:22:32.705 [FXGL Background Thread 1 ] DEBUG AssetLoader          - Loading from disk: /assets/textures/FlappyPort/background.png
13:22:32.719 [FXGL Background Thread 1 ] DEBUG InitAppTask          - Initialization Complete
13:22:32.720 [FXGL Background Thread 1 ] INFO  InitAppTask          - Game initialization took: 0.124 sec
13:22:32.725 [JavaFX Application Thread] DEBUG Input                - Clearing active input actions
13:22:32.731 [JavaFX Application Thread] DEBUG AppStateMachine      - LoadingState -> PlayState
13:22:32.962 [JavaFX Application Thread] DEBUG Input                - Mocking key release: Space
13:22:33.463 [JavaFX Application Thread] DEBUG Input                - Mocking key release: Space
13:22:33.712 [JavaFX Application Thread] DEBUG AssetLoader          - Loading from disk: /assets/textures/FlappyPort/top_pipe.png
13:22:33.715 [JavaFX Application Thread] DEBUG AssetLoader          - Loading from disk: /assets/textures/FlappyPort/bottom_pipe.png
13:22:33.716 [JavaFX Application Thread] DEBUG AssetLoader          - Loading from cache: /assets/textures/FlappyPort/ground.png
13:22:33.772 [JavaFX Application Thread] DEBUG Input                - Mocking key release: Space
13:22:33.910 [JavaFX Application Thread] DEBUG Input                - Mocking key release: Space
13:22:34.126 [JavaFX Application Thread] DEBUG Input                - Mocking key release: Space
13:22:34.293 [JavaFX Application Thread] DEBUG Input                - Mocking key release: Space
13:22:34.736 [JavaFX Application Thread] DEBUG AssetLoader          - Loading from cache: /assets/textures/FlappyPort/top_pipe.png
13:22:34.738 [JavaFX Application Thread] DEBUG AssetLoader          - Loading from cache: /assets/textures/FlappyPort/bottom_pipe.png
13:22:34.739 [JavaFX Application Thread] DEBUG AssetLoader          - Loading from cache: /assets/textures/FlappyPort/ground.png
13:22:35.416 [JavaFX Application Thread] DEBUG Input                - Mocking key release: Space
13:22:35.563 [JavaFX Application Thread] DEBUG Input                - Mocking key release: Space
13:22:35.709 [JavaFX Application Thread] DEBUG Input                - Mocking key release: Space
13:22:35.745 [JavaFX Application Thread] DEBUG AssetLoader          - Loading from cache: /assets/textures/FlappyPort/top_pipe.png
13:22:35.746 [JavaFX Application Thread] DEBUG AssetLoader          - Loading from cache: /assets/textures/FlappyPort/bottom_pipe.png
13:22:35.747 [JavaFX Application Thread] DEBUG AssetLoader          - Loading from cache: /assets/textures/FlappyPort/ground.png
13:22:35.776 [JavaFX Application Thread] DEBUG Input                - Mocking key release: Space
13:22:35.943 [JavaFX Application Thread] DEBUG Input                - Mocking key release: Space
13:22:36.725 [JavaFX Application Thread] DEBUG Input                - Mocking key release: Space
13:22:36.768 [JavaFX Application Thread] DEBUG AssetLoader          - Loading from cache: /assets/textures/FlappyPort/top_pipe.png
13:22:36.770 [JavaFX Application Thread] DEBUG AssetLoader          - Loading from cache: /assets/textures/FlappyPort/bottom_pipe.png
13:22:36.771 [JavaFX Application Thread] DEBUG AssetLoader          - Loading from cache: /assets/textures/FlappyPort/ground.png
13:22:36.909 [JavaFX Application Thread] DEBUG Input                - Mocking key release: Space
13:22:37.112 [JavaFX Application Thread] DEBUG Input                - Mocking key release: Space
13:22:37.575 [JavaFX Application Thread] DEBUG Input                - Mocking key release: Space
13:22:37.742 [JavaFX Application Thread] DEBUG Input                - Mocking key release: Space
13:22:37.777 [JavaFX Application Thread] DEBUG AssetLoader          - Loading from cache: /assets/textures/FlappyPort/top_pipe.png
13:22:37.778 [JavaFX Application Thread] DEBUG AssetLoader          - Loading from cache: /assets/textures/FlappyPort/bottom_pipe.png
13:22:37.778 [JavaFX Application Thread] DEBUG AssetLoader          - Loading from cache: /assets/textures/FlappyPort/ground.png
13:22:38.408 [JavaFX Application Thread] DEBUG Input                - Mocking key release: Space
13:22:38.574 [JavaFX Application Thread] DEBUG Input                - Mocking key release: Space
13:22:38.800 [JavaFX Application Thread] DEBUG AssetLoader          - Loading from cache: /assets/textures/FlappyPort/top_pipe.png
13:22:38.802 [JavaFX Application Thread] DEBUG AssetLoader          - Loading from cache: /assets/textures/FlappyPort/bottom_pipe.png
13:22:38.803 [JavaFX Application Thread] DEBUG AssetLoader          - Loading from cache: /assets/textures/FlappyPort/ground.png
13:22:39.024 [JavaFX Application Thread] DEBUG Input                - Mocking key release: Space
13:22:39.807 [JavaFX Application Thread] DEBUG Input                - Mocking key release: Space
13:22:39.808 [JavaFX Application Thread] DEBUG AssetLoader          - Loading from cache: /assets/textures/FlappyPort/top_pipe.png
13:22:39.810 [JavaFX Application Thread] DEBUG AssetLoader          - Loading from cache: /assets/textures/FlappyPort/bottom_pipe.png
13:22:39.811 [JavaFX Application Thread] DEBUG AssetLoader          - Loading from cache: /assets/textures/FlappyPort/ground.png
13:22:39.974 [JavaFX Application Thread] DEBUG Input                - Mocking key release: Space
13:22:40.687 [JavaFX Application Thread] DEBUG Input                - Mocking key release: Space
13:22:40.816 [JavaFX Application Thread] DEBUG AssetLoader          - Loading from cache: /assets/textures/FlappyPort/top_pipe.png
13:22:40.818 [JavaFX Application Thread] DEBUG AssetLoader          - Loading from cache: /assets/textures/FlappyPort/bottom_pipe.png
13:22:40.818 [JavaFX Application Thread] DEBUG AssetLoader          - Loading from cache: /assets/textures/FlappyPort/ground.png
13:22:41.210 [JavaFX Application Thread] DEBUG Input                - Mocking key release: Space
13:22:41.808 [JavaFX Application Thread] DEBUG AssetLoader          - Loading from cache: /assets/textures/FlappyPort/top_pipe.png
13:22:41.810 [JavaFX Application Thread] DEBUG AssetLoader          - Loading from cache: /assets/textures/FlappyPort/bottom_pipe.png
13:22:41.810 [JavaFX Application Thread] DEBUG AssetLoader          - Loading from cache: /assets/textures/FlappyPort/ground.png
13:22:42.090 [JavaFX Application Thread] DEBUG Input                - Mocking key release: Space
13:22:42.757 [JavaFX Application Thread] DEBUG Input                - Mocking key release: Space
13:22:42.816 [JavaFX Application Thread] DEBUG AssetLoader          - Loading from cache: /assets/textures/FlappyPort/top_pipe.png
13:22:42.817 [JavaFX Application Thread] DEBUG AssetLoader          - Loading from cache: /assets/textures/FlappyPort/bottom_pipe.png
13:22:42.818 [JavaFX Application Thread] DEBUG AssetLoader          - Loading from cache: /assets/textures/FlappyPort/ground.png
13:22:43.322 [JavaFX Application Thread] DEBUG Input                - Mocking key release: Space
13:22:43.491 [JavaFX Application Thread] DEBUG Input                - Mocking key release: Space
13:22:43.607 [JavaFX Application Thread] DEBUG Input                - Mocking key release: Space
13:22:43.808 [JavaFX Application Thread] DEBUG AssetLoader          - Loading from cache: /assets/textures/FlappyPort/top_pipe.png
13:22:43.809 [JavaFX Application Thread] DEBUG AssetLoader          - Loading from cache: /assets/textures/FlappyPort/bottom_pipe.png
13:22:43.811 [JavaFX Application Thread] DEBUG AssetLoader          - Loading from cache: /assets/textures/FlappyPort/ground.png
13:22:44.128 [JavaFX Application Thread] DEBUG Input                - Mocking key release: Space
13:22:44.816 [JavaFX Application Thread] DEBUG AssetLoader          - Loading from cache: /assets/textures/FlappyPort/top_pipe.png
13:22:44.818 [JavaFX Application Thread] DEBUG AssetLoader          - Loading from cache: /assets/textures/FlappyPort/bottom_pipe.png
13:22:44.818 [JavaFX Application Thread] DEBUG AssetLoader          - Loading from cache: /assets/textures/FlappyPort/ground.png
13:22:44.872 [JavaFX Application Thread] DEBUG Input                - Mocking key release: Space
13:22:45.388 [JavaFX Application Thread] DEBUG Input                - Mocking key release: Space
13:22:45.573 [JavaFX Application Thread] DEBUG Input                - Mocking key release: Space
13:22:45.808 [JavaFX Application Thread] DEBUG AssetLoader          - Loading from cache: /assets/textures/FlappyPort/top_pipe.png
13:22:45.809 [JavaFX Application Thread] DEBUG AssetLoader          - Loading from cache: /assets/textures/FlappyPort/bottom_pipe.png
13:22:45.810 [JavaFX Application Thread] DEBUG AssetLoader          - Loading from cache: /assets/textures/FlappyPort/ground.png
13:22:46.055 [JavaFX Application Thread] DEBUG Input                - Mocking key release: Space
13:22:46.816 [JavaFX Application Thread] DEBUG AssetLoader          - Loading from cache: /assets/textures/FlappyPort/top_pipe.png
13:22:46.817 [JavaFX Application Thread] DEBUG AssetLoader          - Loading from cache: /assets/textures/FlappyPort/bottom_pipe.png
13:22:46.818 [JavaFX Application Thread] DEBUG AssetLoader          - Loading from cache: /assets/textures/FlappyPort/ground.png
13:22:46.920 [JavaFX Application Thread] DEBUG Input                - Mocking key release: Space
13:22:47.403 [JavaFX Application Thread] DEBUG Input                - Mocking key release: Space
13:22:47.555 [JavaFX Application Thread] DEBUG Input                - Mocking key release: Space
13:22:47.808 [JavaFX Application Thread] DEBUG AssetLoader          - Loading from cache: /assets/textures/FlappyPort/top_pipe.png
13:22:47.809 [JavaFX Application Thread] DEBUG AssetLoader          - Loading from cache: /assets/textures/FlappyPort/bottom_pipe.png
13:22:47.810 [JavaFX Application Thread] DEBUG AssetLoader          - Loading from cache: /assets/textures/FlappyPort/ground.png
13:22:47.967 [JavaFX Application Thread] DEBUG Input                - Mocking key release: Space
13:22:48.816 [JavaFX Application Thread] DEBUG AssetLoader          - Loading from cache: /assets/textures/FlappyPort/top_pipe.png
13:22:48.818 [JavaFX Application Thread] DEBUG AssetLoader          - Loading from cache: /assets/textures/FlappyPort/bottom_pipe.png
13:22:48.819 [JavaFX Application Thread] DEBUG AssetLoader          - Loading from cache: /assets/textures/FlappyPort/ground.png
13:22:48.836 [JavaFX Application Thread] DEBUG Input                - Mocking key release: Space
13:22:49.040 [JavaFX Application Thread] DEBUG Input                - Mocking key release: Space
13:22:49.786 [JavaFX Application Thread] DEBUG Input                - Mocking key release: Space
13:22:49.824 [JavaFX Application Thread] DEBUG AssetLoader          - Loading from cache: /assets/textures/FlappyPort/top_pipe.png
13:22:49.825 [JavaFX Application Thread] DEBUG AssetLoader          - Loading from cache: /assets/textures/FlappyPort/bottom_pipe.png
13:22:49.826 [JavaFX Application Thread] DEBUG AssetLoader          - Loading from cache: /assets/textures/FlappyPort/ground.png
13:22:49.963 [JavaFX Application Thread] DEBUG Input                - Mocking key release: Space
13:22:50.720 [JavaFX Application Thread] DEBUG Input                - Mocking key release: Space
13:22:50.848 [JavaFX Application Thread] DEBUG AssetLoader          - Loading from cache: /assets/textures/FlappyPort/top_pipe.png
13:22:50.848 [JavaFX Application Thread] DEBUG AssetLoader          - Loading from cache: /assets/textures/FlappyPort/bottom_pipe.png
13:22:50.849 [JavaFX Application Thread] DEBUG AssetLoader          - Loading from cache: /assets/textures/FlappyPort/ground.png
13:22:51.184 [JavaFX Application Thread] DEBUG Input                - Mocking key release: Space
13:22:51.568 [JavaFX Application Thread] DEBUG Input                - Mocking key release: Space
13:22:51.742 [JavaFX Application Thread] DEBUG Input                - Mocking key release: Space
13:22:51.835 [JavaFX Application Thread] DEBUG Input                - Mocking key release: Space
13:22:51.856 [JavaFX Application Thread] DEBUG AssetLoader          - Loading from cache: /assets/textures/FlappyPort/top_pipe.png
13:22:51.858 [JavaFX Application Thread] DEBUG AssetLoader          - Loading from cache: /assets/textures/FlappyPort/bottom_pipe.png
13:22:51.858 [JavaFX Application Thread] DEBUG AssetLoader          - Loading from cache: /assets/textures/FlappyPort/ground.png
13:22:52.005 [JavaFX Application Thread] DEBUG Input                - Mocking key release: Space
13:22:52.803 [JavaFX Application Thread] DEBUG Input                - Mocking key release: Space
13:22:52.880 [JavaFX Application Thread] DEBUG AssetLoader          - Loading from cache: /assets/textures/FlappyPort/top_pipe.png
13:22:52.881 [JavaFX Application Thread] DEBUG AssetLoader          - Loading from cache: /assets/textures/FlappyPort/bottom_pipe.png
13:22:52.882 [JavaFX Application Thread] DEBUG AssetLoader          - Loading from cache: /assets/textures/FlappyPort/ground.png
13:22:52.985 [JavaFX Application Thread] DEBUG Input                - Mocking key release: Space
13:22:53.606 [JavaFX Application Thread] DEBUG Input                - Mocking key release: Space
13:22:53.771 [JavaFX Application Thread] DEBUG Input                - Mocking key release: Space
13:22:53.888 [JavaFX Application Thread] DEBUG AssetLoader          - Loading from cache: /assets/textures/FlappyPort/top_pipe.png
13:22:53.889 [JavaFX Application Thread] DEBUG AssetLoader          - Loading from cache: /assets/textures/FlappyPort/bottom_pipe.png
13:22:53.890 [JavaFX Application Thread] DEBUG AssetLoader          - Loading from cache: /assets/textures/FlappyPort/ground.png
13:22:53.984 [JavaFX Application Thread] DEBUG Input                - Mocking key release: Space
13:22:54.912 [JavaFX Application Thread] DEBUG AssetLoader          - Loading from cache: /assets/textures/FlappyPort/top_pipe.png
13:22:54.913 [JavaFX Application Thread] DEBUG AssetLoader          - Loading from cache: /assets/textures/FlappyPort/bottom_pipe.png
13:22:54.913 [JavaFX Application Thread] DEBUG AssetLoader          - Loading from cache: /assets/textures/FlappyPort/ground.png
13:22:55.024 [JavaFX Application Thread] DEBUG Input                - Mocking key release: Space
13:22:55.220 [JavaFX Application Thread] DEBUG Input                - Mocking key release: Space
13:22:55.920 [JavaFX Application Thread] DEBUG AssetLoader          - Loading from cache: /assets/textures/FlappyPort/top_pipe.png
13:22:55.921 [JavaFX Application Thread] DEBUG AssetLoader          - Loading from cache: /assets/textures/FlappyPort/bottom_pipe.png
13:22:55.922 [JavaFX Application Thread] DEBUG AssetLoader          - Loading from cache: /assets/textures/FlappyPort/ground.png
13:22:55.933 [JavaFX Application Thread] DEBUG Input                - Mocking key release: Space
13:22:56.400 [JavaFX Application Thread] DEBUG Input                - Mocking key release: Space
13:22:56.944 [JavaFX Application Thread] DEBUG AssetLoader          - Loading from cache: /assets/textures/FlappyPort/top_pipe.png
13:22:56.945 [JavaFX Application Thread] DEBUG AssetLoader          - Loading from cache: /assets/textures/FlappyPort/bottom_pipe.png
13:22:56.945 [JavaFX Application Thread] DEBUG AssetLoader          - Loading from cache: /assets/textures/FlappyPort/ground.png
13:22:57.032 [JavaFX Application Thread] DEBUG Input                - Mocking key release: Space
13:22:57.566 [JavaFX Application Thread] DEBUG Input                - Mocking key release: Space
13:22:57.739 [JavaFX Application Thread] DEBUG Input                - Mocking key release: Space
13:22:57.855 [JavaFX Application Thread] DEBUG Input                - Mocking key release: Space
13:22:57.952 [JavaFX Application Thread] DEBUG AssetLoader          - Loading from cache: /assets/textures/FlappyPort/top_pipe.png
13:22:57.953 [JavaFX Application Thread] DEBUG AssetLoader          - Loading from cache: /assets/textures/FlappyPort/bottom_pipe.png
13:22:57.953 [JavaFX Application Thread] DEBUG AssetLoader          - Loading from cache: /assets/textures/FlappyPort/ground.png
13:22:57.966 [JavaFX Application Thread] DEBUG Input                - Mocking key release: Space
13:22:58.075 [JavaFX Application Thread] DEBUG Input                - Mocking key release: Space
13:22:58.199 [JavaFX Application Thread] DEBUG Input                - Mocking key release: Space
13:22:58.976 [JavaFX Application Thread] DEBUG AssetLoader          - Loading from cache: /assets/textures/FlappyPort/top_pipe.png
13:22:58.977 [JavaFX Application Thread] DEBUG AssetLoader          - Loading from cache: /assets/textures/FlappyPort/bottom_pipe.png
13:22:58.977 [JavaFX Application Thread] DEBUG AssetLoader          - Loading from cache: /assets/textures/FlappyPort/ground.png
13:22:59.167 [JavaFX Application Thread] DEBUG Input                - Mocking key release: Space
13:22:59.656 [JavaFX Application Thread] DEBUG Input                - Mocking key release: Space
13:22:59.881 [JavaFX Application Thread] DEBUG Input                - Mocking key release: Space
13:22:59.984 [JavaFX Application Thread] DEBUG AssetLoader          - Loading from cache: /assets/textures/FlappyPort/top_pipe.png
13:22:59.985 [JavaFX Application Thread] DEBUG AssetLoader          - Loading from cache: /assets/textures/FlappyPort/bottom_pipe.png
13:22:59.986 [JavaFX Application Thread] DEBUG AssetLoader          - Loading from cache: /assets/textures/FlappyPort/ground.png
13:23:00.506 [JavaFX Application Thread] DEBUG Input                - Mocking key release: Space
13:23:01.008 [JavaFX Application Thread] DEBUG AssetLoader          - Loading from cache: /assets/textures/FlappyPort/top_pipe.png
13:23:01.009 [JavaFX Application Thread] DEBUG AssetLoader          - Loading from cache: /assets/textures/FlappyPort/bottom_pipe.png
13:23:01.009 [JavaFX Application Thread] DEBUG AssetLoader          - Loading from cache: /assets/textures/FlappyPort/ground.png
13:23:01.231 [JavaFX Application Thread] DEBUG Input                - Mocking key release: Space
13:23:01.647 [JavaFX Application Thread] DEBUG Input                - Mocking key release: Space
13:23:02.016 [JavaFX Application Thread] DEBUG AssetLoader          - Loading from cache: /assets/textures/FlappyPort/top_pipe.png
13:23:02.017 [JavaFX Application Thread] DEBUG AssetLoader          - Loading from cache: /assets/textures/FlappyPort/bottom_pipe.png
13:23:02.017 [JavaFX Application Thread] DEBUG AssetLoader          - Loading from cache: /assets/textures/FlappyPort/ground.png
13:23:02.047 [JavaFX Application Thread] DEBUG Input                - Mocking key release: Space
13:23:02.618 [JavaFX Application Thread] DEBUG Input                - Mocking key release: Space
13:23:03.040 [JavaFX Application Thread] DEBUG AssetLoader          - Loading from cache: /assets/textures/FlappyPort/top_pipe.png
13:23:03.041 [JavaFX Application Thread] DEBUG AssetLoader          - Loading from cache: /assets/textures/FlappyPort/bottom_pipe.png
13:23:03.041 [JavaFX Application Thread] DEBUG AssetLoader          - Loading from cache: /assets/textures/FlappyPort/ground.png
13:23:03.230 [JavaFX Application Thread] DEBUG Input                - Mocking key release: Space
13:23:03.854 [JavaFX Application Thread] DEBUG Input                - Mocking key release: Space
13:23:04.048 [JavaFX Application Thread] DEBUG AssetLoader          - Loading from cache: /assets/textures/FlappyPort/top_pipe.png
13:23:04.049 [JavaFX Application Thread] DEBUG AssetLoader          - Loading from cache: /assets/textures/FlappyPort/bottom_pipe.png
13:23:04.050 [JavaFX Application Thread] DEBUG AssetLoader          - Loading from cache: /assets/textures/FlappyPort/ground.png
13:23:04.462 [JavaFX Application Thread] DEBUG Input                - Mocking key release: Space
13:23:05.072 [JavaFX Application Thread] DEBUG AssetLoader          - Loading from cache: /assets/textures/FlappyPort/top_pipe.png
13:23:05.073 [JavaFX Application Thread] DEBUG AssetLoader          - Loading from cache: /assets/textures/FlappyPort/bottom_pipe.png
13:23:05.073 [JavaFX Application Thread] DEBUG AssetLoader          - Loading from cache: /assets/textures/FlappyPort/ground.png
13:23:05.265 [JavaFX Application Thread] DEBUG Input                - Mocking key release: Space
13:23:05.821 [JavaFX Application Thread] DEBUG Input                - Mocking key release: Space
13:23:06.080 [JavaFX Application Thread] DEBUG AssetLoader          - Loading from cache: /assets/textures/FlappyPort/top_pipe.png
13:23:06.081 [JavaFX Application Thread] DEBUG AssetLoader          - Loading from cache: /assets/textures/FlappyPort/bottom_pipe.png
13:23:06.081 [JavaFX Application Thread] DEBUG AssetLoader          - Loading from cache: /assets/textures/FlappyPort/ground.png
13:23:06.245 [JavaFX Application Thread] DEBUG Input                - Mocking key release: Space
13:23:06.974 [JavaFX Application Thread] DEBUG Input                - Mocking key release: Space
13:23:07.104 [JavaFX Application Thread] DEBUG AssetLoader          - Loading from cache: /assets/textures/FlappyPort/top_pipe.png
13:23:07.105 [JavaFX Application Thread] DEBUG AssetLoader          - Loading from cache: /assets/textures/FlappyPort/bottom_pipe.png
13:23:07.105 [JavaFX Application Thread] DEBUG AssetLoader          - Loading from cache: /assets/textures/FlappyPort/ground.png
13:23:07.661 [JavaFX Application Thread] DEBUG Input                - Mocking key release: Space
13:23:08.112 [JavaFX Application Thread] DEBUG AssetLoader          - Loading from cache: /assets/textures/FlappyPort/top_pipe.png
13:23:08.113 [JavaFX Application Thread] DEBUG AssetLoader          - Loading from cache: /assets/textures/FlappyPort/bottom_pipe.png
13:23:08.114 [JavaFX Application Thread] DEBUG AssetLoader          - Loading from cache: /assets/textures/FlappyPort/ground.png
13:23:08.267 [JavaFX Application Thread] DEBUG Input                - Mocking key release: Space
13:23:08.827 [JavaFX Application Thread] DEBUG Input                - Mocking key release: Space
13:23:09.136 [JavaFX Application Thread] DEBUG AssetLoader          - Loading from cache: /assets/textures/FlappyPort/top_pipe.png
13:23:09.137 [JavaFX Application Thread] DEBUG AssetLoader          - Loading from cache: /assets/textures/FlappyPort/bottom_pipe.png
13:23:09.137 [JavaFX Application Thread] DEBUG AssetLoader          - Loading from cache: /assets/textures/FlappyPort/ground.png
13:23:09.261 [JavaFX Application Thread] DEBUG Input                - Mocking key release: Space
13:23:09.791 [JavaFX Application Thread] DEBUG Input                - Mocking key release: Space
13:23:10.144 [JavaFX Application Thread] DEBUG AssetLoader          - Loading from cache: /assets/textures/FlappyPort/top_pipe.png
13:23:10.146 [JavaFX Application Thread] DEBUG AssetLoader          - Loading from cache: /assets/textures/FlappyPort/bottom_pipe.png
13:23:10.146 [JavaFX Application Thread] DEBUG AssetLoader          - Loading from cache: /assets/textures/FlappyPort/ground.png
13:23:10.326 [JavaFX Application Thread] DEBUG Input                - Mocking key release: Space
13:23:10.827 [JavaFX Application Thread] DEBUG Input                - Mocking key release: Space
13:23:11.168 [JavaFX Application Thread] DEBUG AssetLoader          - Loading from cache: /assets/textures/FlappyPort/top_pipe.png
13:23:11.169 [JavaFX Application Thread] DEBUG AssetLoader          - Loading from cache: /assets/textures/FlappyPort/bottom_pipe.png
13:23:11.169 [JavaFX Application Thread] DEBUG AssetLoader          - Loading from cache: /assets/textures/FlappyPort/ground.png
13:23:11.371 [JavaFX Application Thread] DEBUG Input                - Mocking key release: Space
13:23:12.030 [JavaFX Application Thread] DEBUG Input                - Mocking key release: Space
13:23:12.191 [JavaFX Application Thread] DEBUG AssetLoader          - Loading from cache: /assets/textures/FlappyPort/top_pipe.png
13:23:12.192 [JavaFX Application Thread] DEBUG AssetLoader          - Loading from cache: /assets/textures/FlappyPort/bottom_pipe.png
13:23:12.193 [JavaFX Application Thread] DEBUG AssetLoader          - Loading from cache: /assets/textures/FlappyPort/ground.png
13:23:12.676 [JavaFX Application Thread] DEBUG Input                - Mocking key release: Space
13:23:12.742 [JavaFX Application Thread] DEBUG Input                - Mocking key release: Space
13:23:13.200 [JavaFX Application Thread] DEBUG AssetLoader          - Loading from cache: /assets/textures/FlappyPort/top_pipe.png
13:23:13.200 [JavaFX Application Thread] DEBUG AssetLoader          - Loading from cache: /assets/textures/FlappyPort/bottom_pipe.png
13:23:13.201 [JavaFX Application Thread] DEBUG AssetLoader          - Loading from cache: /assets/textures/FlappyPort/ground.png
13:23:13.480 [JavaFX Application Thread] DEBUG Input                - Mocking key release: Space
13:23:14.108 [JavaFX Application Thread] DEBUG Input                - Mocking key release: Space
13:23:14.224 [JavaFX Application Thread] DEBUG AssetLoader          - Loading from cache: /assets/textures/FlappyPort/top_pipe.png
13:23:14.225 [JavaFX Application Thread] DEBUG AssetLoader          - Loading from cache: /assets/textures/FlappyPort/bottom_pipe.png
13:23:14.226 [JavaFX Application Thread] DEBUG AssetLoader          - Loading from cache: /assets/textures/FlappyPort/ground.png
13:23:14.661 [JavaFX Application Thread] DEBUG Input                - Mocking key release: Space
13:23:15.175 [JavaFX Application Thread] DEBUG Input                - Mocking key release: Space
13:23:15.232 [JavaFX Application Thread] DEBUG AssetLoader          - Loading from cache: /assets/textures/FlappyPort/top_pipe.png
13:23:15.233 [JavaFX Application Thread] DEBUG AssetLoader          - Loading from cache: /assets/textures/FlappyPort/bottom_pipe.png
13:23:15.234 [JavaFX Application Thread] DEBUG AssetLoader          - Loading from cache: /assets/textures/FlappyPort/ground.png
13:23:15.690 [JavaFX Application Thread] DEBUG Input                - Mocking key release: Space
13:23:16.256 [JavaFX Application Thread] DEBUG AssetLoader          - Loading from cache: /assets/textures/FlappyPort/top_pipe.png
13:23:16.257 [JavaFX Application Thread] DEBUG AssetLoader          - Loading from cache: /assets/textures/FlappyPort/bottom_pipe.png
13:23:16.258 [JavaFX Application Thread] DEBUG AssetLoader          - Loading from cache: /assets/textures/FlappyPort/ground.png
13:23:16.394 [JavaFX Application Thread] DEBUG Input                - Mocking key release: Space
13:23:17.264 [JavaFX Application Thread] DEBUG AssetLoader          - Loading from cache: /assets/textures/FlappyPort/top_pipe.png
13:23:17.265 [JavaFX Application Thread] DEBUG AssetLoader          - Loading from cache: /assets/textures/FlappyPort/bottom_pipe.png
13:23:17.266 [JavaFX Application Thread] DEBUG AssetLoader          - Loading from cache: /assets/textures/FlappyPort/ground.png
13:23:17.273 [JavaFX Application Thread] DEBUG Input                - Mocking key release: Space
13:23:17.880 [JavaFX Application Thread] DEBUG Input                - Mocking key release: Space
13:23:18.158 [JavaFX Application Thread] DEBUG Input                - Mocking key release: Space
13:23:18.288 [JavaFX Application Thread] DEBUG AssetLoader          - Loading from cache: /assets/textures/FlappyPort/top_pipe.png
13:23:18.289 [JavaFX Application Thread] DEBUG AssetLoader          - Loading from cache: /assets/textures/FlappyPort/bottom_pipe.png
13:23:18.289 [JavaFX Application Thread] DEBUG AssetLoader          - Loading from cache: /assets/textures/FlappyPort/ground.png
13:23:18.575 [JavaFX Application Thread] DEBUG Input                - Mocking key release: Space
13:23:19.296 [JavaFX Application Thread] DEBUG AssetLoader          - Loading from cache: /assets/textures/FlappyPort/top_pipe.png
13:23:19.297 [JavaFX Application Thread] DEBUG AssetLoader          - Loading from cache: /assets/textures/FlappyPort/bottom_pipe.png
13:23:19.297 [JavaFX Application Thread] DEBUG AssetLoader          - Loading from cache: /assets/textures/FlappyPort/ground.png
13:23:19.306 [JavaFX Application Thread] DEBUG Input                - Mocking key release: Space
13:23:19.773 [JavaFX Application Thread] DEBUG Input                - Mocking key release: Space
13:23:20.320 [JavaFX Application Thread] DEBUG AssetLoader          - Loading from cache: /assets/textures/FlappyPort/top_pipe.png
13:23:20.321 [JavaFX Application Thread] DEBUG AssetLoader          - Loading from cache: /assets/textures/FlappyPort/bottom_pipe.png
13:23:20.321 [JavaFX Application Thread] DEBUG AssetLoader          - Loading from cache: /assets/textures/FlappyPort/ground.png
13:23:20.406 [JavaFX Application Thread] DEBUG Input                - Mocking key release: Space
13:23:21.089 [JavaFX Application Thread] DEBUG Input                - Mocking key release: Space
13:23:21.328 [JavaFX Application Thread] DEBUG AssetLoader          - Loading from cache: /assets/textures/FlappyPort/top_pipe.png
13:23:21.329 [JavaFX Application Thread] DEBUG AssetLoader          - Loading from cache: /assets/textures/FlappyPort/bottom_pipe.png
13:23:21.329 [JavaFX Application Thread] DEBUG AssetLoader          - Loading from cache: /assets/textures/FlappyPort/ground.png
13:23:21.472 [JavaFX Application Thread] DEBUG Input                - Mocking key release: Space
13:23:22.008 [JavaFX Application Thread] DEBUG Input                - Mocking key release: Space
13:23:22.205 [JavaFX Application Thread] DEBUG Input                - Mocking key release: Space
13:23:22.352 [JavaFX Application Thread] DEBUG AssetLoader          - Loading from cache: /assets/textures/FlappyPort/top_pipe.png
13:23:22.352 [JavaFX Application Thread] DEBUG AssetLoader          - Loading from cache: /assets/textures/FlappyPort/bottom_pipe.png
13:23:22.353 [JavaFX Application Thread] DEBUG AssetLoader          - Loading from cache: /assets/textures/FlappyPort/ground.png
13:23:22.407 [JavaFX Application Thread] DEBUG Input                - Mocking key release: Space
13:23:23.177 [JavaFX Application Thread] DEBUG Input                - Mocking key release: Space
13:23:23.360 [JavaFX Application Thread] DEBUG AssetLoader          - Loading from cache: /assets/textures/FlappyPort/top_pipe.png
13:23:23.361 [JavaFX Application Thread] DEBUG AssetLoader          - Loading from cache: /assets/textures/FlappyPort/bottom_pipe.png
13:23:23.361 [JavaFX Application Thread] DEBUG AssetLoader          - Loading from cache: /assets/textures/FlappyPort/ground.png
13:23:23.606 [JavaFX Application Thread] DEBUG Input                - Mocking key release: Space
13:23:24.384 [JavaFX Application Thread] DEBUG AssetLoader          - Loading from cache: /assets/textures/FlappyPort/top_pipe.png
13:23:24.385 [JavaFX Application Thread] DEBUG AssetLoader          - Loading from cache: /assets/textures/FlappyPort/bottom_pipe.png
13:23:24.385 [JavaFX Application Thread] DEBUG AssetLoader          - Loading from cache: /assets/textures/FlappyPort/ground.png
13:23:24.553 [JavaFX Application Thread] DEBUG Input                - Mocking key release: Space
13:23:25.143 [JavaFX Application Thread] DEBUG Input                - Mocking key release: Space
13:23:25.392 [JavaFX Application Thread] DEBUG AssetLoader          - Loading from cache: /assets/textures/FlappyPort/top_pipe.png
13:23:25.393 [JavaFX Application Thread] DEBUG AssetLoader          - Loading from cache: /assets/textures/FlappyPort/bottom_pipe.png
13:23:25.393 [JavaFX Application Thread] DEBUG AssetLoader          - Loading from cache: /assets/textures/FlappyPort/ground.png
13:23:25.455 [JavaFX Application Thread] DEBUG Input                - Mocking key release: Space
13:23:25.596 [JavaFX Application Thread] DEBUG Input                - Mocking key release: Space
13:23:25.648 [JavaFX Application Thread] DEBUG AssetLoader          - Loading from disk: /assets/textures/FlappyPort/game_over.png
13:23:25.650 [JavaFX Application Thread] DEBUG GameScene            - Creating render group for layer: BACKGROUND(1000)
13:23:37.581 [JavaFX Application Thread] DEBUG GameApplication      - Exiting game application
13:23:37.582 [JavaFX Application Thread] DEBUG GameApplication      - Shutting down background threads
13:23:37.582 [JavaFX Application Thread] DEBUG GameApplication      - Exiting FXGL
13:23:37.582 [JavaFX Application Thread] DEBUG FXGL                 - Saving FXGL system data
13:23:37.584 [JavaFX Application Thread] DEBUG DesktopFSService     - Writing to: system\fxgl.bundle
13:23:37.588 [JavaFX Application Thread] DEBUG GameApplication      - Closing logger and exiting JavaFX
