11:25:04.333 [JavaFX Application Thread] DEBUG GameApplication      - Logger initialized
11:25:04.339 [JavaFX Application Thread] DEBUG MainWindow           - Creating a JavaFX scene
11:25:04.409 [JavaFX Application Thread] DEBUG MainWindow           - Target settings size: 800.0 x 400.0
11:25:04.409 [JavaFX Application Thread] DEBUG MainWindow           - Scaled scene size:    800.0 x 400.0
11:25:04.409 [JavaFX Application Thread] DEBUG MainWindow           - Scaled ratio: (1.0, 1.0)
11:25:04.415 [JavaFX Application Thread] DEBUG GameApplication      - Starting FXGL
11:25:04.424 [JavaFX Application Thread] INFO  FXGL                 - FXGL-0.5.1 on DESKTOP
11:25:04.425 [JavaFX Application Thread] INFO  FXGL                 - Source code and latest versions at: https://github.com/AlmasB/FXGL
11:25:04.425 [JavaFX Application Thread] INFO  FXGL                 -              Join the FXGL chat at: https://gitter.im/AlmasB/FXGL
11:25:04.432 [JavaFX Application Thread] DEBUG FS                   - Loaded DesktopFSService
11:25:04.432 [JavaFX Application Thread] DEBUG FXGL                 - Loading FXGL system data
11:25:04.442 [JavaFX Application Thread] DEBUG DesktopFSService     - Reading from: system\fxgl.bundle
11:25:04.450 [JavaFX Application Thread] DEBUG Bundle               - Logging bundle: FXGL
11:25:04.450 [JavaFX Application Thread] DEBUG Bundle               - FXGL.offline.timer.version.check=2018-05-16T18:22:51.838
11:25:04.472 [JavaFX Application Thread] DEBUG GameApplication      - FXGL started
11:25:04.472 [JavaFX Application Thread] DEBUG GameApplication      - Logging game settings
Title: FlappyBird
Version: 0.2.0
Width: 800
Height: 400
Fullscreen: false
Intro: false
Menus: false
Profiling: false
Single step:false
App Mode: DEVELOPER
Menu Key: ESCAPE
Stage Style: DECORATED
Scene Factory: class com.almasb.fxgl.scene.SceneFactory
Dialog Factory: class com.almasb.fxgl.ui.FXGLDialogFactory
UI Factory: class com.almasb.fxgl.ui.FXGLUIFactory
Notification Service: class com.almasb.fxgl.gameplay.notification.XboxNotificationView
Exception Handler: class com.almasb.fxgl.app.FXGLExceptionHandler
11:25:04.473 [JavaFX Application Thread] DEBUG GameApplication      - Configuring GameApplication
11:25:04.473 [JavaFX Application Thread] DEBUG GameApplication      - Initializing state machine and application states
11:25:04.485 [JavaFX Application Thread] DEBUG AssetLoader          - Loading from disk: /assets/ui/cursors/fxgl_default.png
11:25:04.503 [JavaFX Application Thread] DEBUG AssetLoader          - Loading from disk: /assets/ui/cursors/fxgl_default.png
11:25:04.521 [JavaFX Application Thread] DEBUG FXGLAssets           - Loading FXGLAssets
11:25:04.545 [JavaFX Application Thread] DEBUG AssetLoader          - Loading from disk: /assets/ui/fonts/VarelaRound-Regular.ttf
11:25:04.673 [JavaFX Application Thread] DEBUG AssetLoader          - Loading from disk: /assets/ui/fonts/lucida_console.ttf
11:25:04.683 [JavaFX Application Thread] DEBUG AssetLoader          - Loading from disk: /assets/ui/css/fxgl_dark.css
11:25:04.719 [JavaFX Application Thread] DEBUG AssetLoader          - Loading from disk: /assets/ui/cursors/fxgl_default.png
11:25:04.751 [JavaFX Application Thread] DEBUG AssetLoader          - Loading from disk: /assets/ui/cursors/fxgl_default.png
11:25:04.770 [JavaFX Application Thread] DEBUG GameScene            - Game scene initialized: 800x400
11:25:04.772 [JavaFX Application Thread] DEBUG GameWorld            - Game world initialized
11:25:04.820 [JavaFX Application Thread] DEBUG PhysicsWorld         - Physics world initialized: appHeight=400, physics.ppm=50.0
11:25:04.837 [JavaFX Application Thread] DEBUG Input                - Registered new binding: Pause - Esc
11:25:04.859 [JavaFX Application Thread] DEBUG Input                - Clearing active input actions
11:25:04.891 [JavaFX Application Thread] DEBUG AppStateMachine      - StartupState -> StartupState
11:25:04.894 [JavaFX Application Thread] INFO  GameApplication      - Game configuration took:  0.421 sec
11:25:04.895 [JavaFX Application Thread] DEBUG AssetLoader          - Loading from disk: /assets/textures/fxgl_icon.png
11:25:04.906 [JavaFX Application Thread] DEBUG MainWindow           - Opening main window
11:25:04.995 [JavaFX Application Thread] DEBUG MainWindow           - Window border size: (14.66668701171875, 37.333343505859375)
11:25:04.996 [JavaFX Application Thread] DEBUG MainWindow           - Scaled size: 800.0 x 400.0
11:25:04.996 [JavaFX Application Thread] DEBUG MainWindow           - Scaled ratio: (1.0, 1.0)
11:25:04.996 [JavaFX Application Thread] DEBUG MainWindow           - Scene size: 800.0 x 400.0
11:25:04.997 [JavaFX Application Thread] DEBUG MainWindow           - Stage size: 814.6666870117188 x 437.3333435058594
11:25:04.997 [JavaFX Application Thread] DEBUG GameApplication      - Running preInit()
11:25:04.999 [JavaFX Application Thread] DEBUG Input                - Registered new binding: Screenshot - P
11:25:05.000 [JavaFX Application Thread] DEBUG Input                - Registered new binding: Dev Options - CTRL+0
11:25:05.001 [JavaFX Application Thread] DEBUG Input                - Registered new binding: System info dump - CTRL+9
11:25:05.001 [JavaFX Application Thread] DEBUG Input                - Registered new binding: Restart - CTRL+R
11:25:05.001 [JavaFX Application Thread] DEBUG Input                - Registered new binding: flap - Space
11:25:05.028 [JavaFX Application Thread] DEBUG GameApplication      - Starting main loop
11:25:05.036 [JavaFX Application Thread] DEBUG StartupState         - STARTUP
11:25:05.036 [JavaFX Application Thread] DEBUG GameApplication      - Starting new game
11:25:05.036 [JavaFX Application Thread] DEBUG Input                - Clearing active input actions
11:25:05.042 [JavaFX Application Thread] DEBUG AppStateMachine      - StartupState -> LoadingState
11:25:05.049 [FXGL Background Thread 1 ] DEBUG InitAppTask          - Clearing previous game
11:25:05.049 [FXGL Background Thread 1 ] DEBUG GameWorld            - Clearing game world
11:25:05.049 [FXGL Background Thread 1 ] DEBUG PhysicsWorld         - Clearing physics world
11:25:05.049 [FXGL Background Thread 1 ] DEBUG GameScene            - Clearing game scene
11:25:05.051 [FXGL Background Thread 1 ] DEBUG InitAppTask          - Initializing Game
11:25:05.077 [FXGL Background Thread 1 ] DEBUG AssetLoader          - Loading from disk: /assets/textures/FlappyPort/flappybird_fly_sheet.png
11:25:05.155 [FXGL Background Thread 1 ] DEBUG GameScene            - Creating render group for layer: DEFAULT(100000)
11:25:05.161 [FXGL Background Thread 1 ] DEBUG InitAppTask          - Initializing Physics
11:25:05.162 [FXGL Background Thread 1 ] DEBUG InitAppTask          - Initializing UI
11:25:05.162 [FXGL Background Thread 1 ] DEBUG AssetLoader          - Loading from disk: /assets/textures/FlappyPort/background.png
11:25:05.169 [FXGL Background Thread 1 ] DEBUG InitAppTask          - Initialization Complete
11:25:05.169 [FXGL Background Thread 1 ] INFO  InitAppTask          - Game initialization took: 0.121 sec
11:25:05.173 [JavaFX Application Thread] DEBUG Input                - Clearing active input actions
11:25:05.179 [JavaFX Application Thread] DEBUG AppStateMachine      - LoadingState -> PlayState
11:25:06.063 [JavaFX Application Thread] DEBUG Input                - Mocking key release: Space
11:25:06.244 [JavaFX Application Thread] DEBUG Input                - Mocking key release: Space
11:25:06.514 [JavaFX Application Thread] DEBUG Input                - Mocking key release: Space
11:25:06.677 [JavaFX Application Thread] DEBUG Input                - Mocking key release: Space
11:25:06.863 [JavaFX Application Thread] DEBUG Input                - Mocking key release: Space
11:25:07.027 [JavaFX Application Thread] DEBUG Input                - Mocking key release: Space
11:25:07.261 [JavaFX Application Thread] DEBUG Input                - Mocking key release: Space
11:25:07.710 [JavaFX Application Thread] DEBUG Input                - Mocking key release: Space
11:25:07.889 [JavaFX Application Thread] DEBUG Input                - Mocking key release: Space
11:25:08.033 [JavaFX Application Thread] DEBUG Input                - Mocking key release: Space
11:25:08.161 [JavaFX Application Thread] DEBUG Input                - Mocking key release: Space
11:25:08.285 [JavaFX Application Thread] DEBUG Input                - Mocking key release: Space
11:25:08.477 [JavaFX Application Thread] DEBUG Input                - Mocking key release: Space
11:25:08.644 [JavaFX Application Thread] DEBUG Input                - Mocking key release: Space
11:25:08.770 [JavaFX Application Thread] DEBUG Input                - Mocking key release: Space
11:25:08.994 [JavaFX Application Thread] DEBUG Input                - Mocking key release: Space
11:25:09.993 [JavaFX Application Thread] DEBUG Input                - Mocking key release: Space
11:25:10.209 [JavaFX Application Thread] DEBUG Input                - Mocking key release: Space
11:25:10.400 [JavaFX Application Thread] DEBUG Input                - Mocking key release: Space
11:25:11.267 [JavaFX Application Thread] DEBUG Input                - Mocking key release: Space
11:25:11.759 [JavaFX Application Thread] DEBUG Input                - Mocking key release: Space
11:25:12.332 [JavaFX Application Thread] DEBUG Input                - Mocking key release: Space
11:25:12.560 [JavaFX Application Thread] DEBUG Input                - Mocking key release: Space
11:25:12.725 [JavaFX Application Thread] DEBUG Input                - Mocking key release: Space
11:25:13.524 [JavaFX Application Thread] DEBUG Input                - Mocking key release: Space
11:25:14.024 [JavaFX Application Thread] DEBUG Input                - Mocking key release: Space
11:25:14.274 [JavaFX Application Thread] DEBUG Input                - Mocking key release: Space
11:25:14.414 [JavaFX Application Thread] DEBUG Input                - Mocking key release: Space
11:25:14.559 [JavaFX Application Thread] DEBUG Input                - Mocking key release: Space
11:25:14.691 [JavaFX Application Thread] DEBUG Input                - Mocking key release: Space
11:25:15.583 [JavaFX Application Thread] DEBUG Input                - Mocking key release: Space
11:25:16.192 [JavaFX Application Thread] DEBUG Input                - Mocking key release: Space
11:25:16.857 [JavaFX Application Thread] DEBUG Input                - Mocking key release: Space
11:25:17.381 [JavaFX Application Thread] DEBUG Input                - Mocking key release: Space
11:25:17.972 [JavaFX Application Thread] DEBUG Input                - Mocking key release: Space
11:25:18.606 [JavaFX Application Thread] DEBUG Input                - Mocking key release: Space
11:25:19.172 [JavaFX Application Thread] DEBUG Input                - Mocking key release: Space
11:25:19.456 [JavaFX Application Thread] DEBUG Input                - Mocking key release: Space
11:25:19.955 [JavaFX Application Thread] DEBUG Input                - Mocking key release: Space
11:25:20.097 [JavaFX Application Thread] DEBUG Input                - Mocking key release: Space
11:25:20.259 [JavaFX Application Thread] DEBUG Input                - Mocking key release: Space
11:25:20.994 [JavaFX Application Thread] DEBUG GameApplication      - Exiting game application
11:25:20.995 [JavaFX Application Thread] DEBUG GameApplication      - Shutting down background threads
11:25:20.995 [JavaFX Application Thread] DEBUG GameApplication      - Exiting FXGL
11:25:20.996 [JavaFX Application Thread] DEBUG FXGL                 - Saving FXGL system data
11:25:21.002 [JavaFX Application Thread] DEBUG DesktopFSService     - Writing to: system\fxgl.bundle
11:25:21.007 [JavaFX Application Thread] DEBUG GameApplication      - Closing logger and exiting JavaFX
