09:19:50.787 [JavaFX Application Thread] DEBUG GameApplication      - Logger initialized
09:19:50.793 [JavaFX Application Thread] DEBUG MainWindow           - Creating a JavaFX scene
09:19:50.862 [JavaFX Application Thread] DEBUG MainWindow           - Target settings size: 800.0 x 600.0
09:19:50.863 [JavaFX Application Thread] DEBUG MainWindow           - Scaled scene size:    800.0 x 600.0
09:19:50.863 [JavaFX Application Thread] DEBUG MainWindow           - Scaled ratio: (1.0, 1.0)
09:19:50.867 [JavaFX Application Thread] DEBUG GameApplication      - Starting FXGL
09:19:50.877 [JavaFX Application Thread] INFO  FXGL                 - FXGL-0.5.1 on DESKTOP
09:19:50.877 [JavaFX Application Thread] INFO  FXGL                 - Source code and latest versions at: https://github.com/AlmasB/FXGL
09:19:50.877 [JavaFX Application Thread] INFO  FXGL                 -              Join the FXGL chat at: https://gitter.im/AlmasB/FXGL
09:19:50.883 [JavaFX Application Thread] DEBUG FS                   - Loaded DesktopFSService
09:19:50.883 [JavaFX Application Thread] DEBUG FXGL                 - Loading FXGL system data
09:19:50.890 [JavaFX Application Thread] DEBUG DesktopFSService     - Reading from: system\fxgl.bundle
09:19:50.897 [JavaFX Application Thread] DEBUG Bundle               - Logging bundle: FXGL
09:19:50.898 [JavaFX Application Thread] DEBUG Bundle               - FXGL.offline.timer.version.check=2018-05-24T09:09:49.283
09:19:50.919 [JavaFX Application Thread] DEBUG GameApplication      - FXGL started
09:19:50.920 [JavaFX Application Thread] DEBUG GameApplication      - Logging game settings
Title: Physics Demo
Version: 
Width: 800
Height: 600
Fullscreen: false
Intro: false
Menus: false
Profiling: false
Single step:false
App Mode: DEVELOPER
Menu Key: ESCAPE
Stage Style: DECORATED
Scene Factory: class com.almasb.fxgl.scene.SceneFactory
Dialog Factory: class com.almasb.fxgl.ui.FXGLDialogFactory
UI Factory: class com.almasb.fxgl.ui.FXGLUIFactory
Notification Service: class com.almasb.fxgl.gameplay.notification.XboxNotificationView
Exception Handler: class com.almasb.fxgl.app.FXGLExceptionHandler
09:19:50.920 [JavaFX Application Thread] DEBUG GameApplication      - Configuring GameApplication
09:19:50.921 [JavaFX Application Thread] DEBUG GameApplication      - Initializing state machine and application states
09:19:50.936 [JavaFX Application Thread] DEBUG AssetLoader          - Loading from disk: /assets/ui/cursors/fxgl_default.png
09:19:50.953 [JavaFX Application Thread] DEBUG AssetLoader          - Loading from disk: /assets/ui/cursors/fxgl_default.png
09:19:50.972 [JavaFX Application Thread] DEBUG FXGLAssets           - Loading FXGLAssets
09:19:50.994 [JavaFX Application Thread] DEBUG AssetLoader          - Loading from disk: /assets/ui/fonts/VarelaRound-Regular.ttf
09:19:51.118 [JavaFX Application Thread] DEBUG AssetLoader          - Loading from disk: /assets/ui/fonts/lucida_console.ttf
09:19:51.127 [JavaFX Application Thread] DEBUG AssetLoader          - Loading from disk: /assets/ui/css/fxgl_dark.css
09:19:51.150 [JavaFX Application Thread] DEBUG AssetLoader          - Loading from disk: /assets/ui/cursors/fxgl_default.png
09:19:51.174 [JavaFX Application Thread] DEBUG AssetLoader          - Loading from disk: /assets/ui/cursors/fxgl_default.png
09:19:51.188 [JavaFX Application Thread] DEBUG GameScene            - Game scene initialized: 800x600
09:19:51.190 [JavaFX Application Thread] DEBUG GameWorld            - Game world initialized
09:19:51.227 [JavaFX Application Thread] DEBUG PhysicsWorld         - Physics world initialized: appHeight=600, physics.ppm=50.0
09:19:51.242 [JavaFX Application Thread] DEBUG Input                - Registered new binding: Pause - Esc
09:19:51.257 [JavaFX Application Thread] DEBUG Input                - Clearing active input actions
09:19:51.288 [JavaFX Application Thread] DEBUG AppStateMachine      - StartupState -> StartupState
09:19:51.291 [JavaFX Application Thread] INFO  GameApplication      - Game configuration took:  0.370 sec
09:19:51.292 [JavaFX Application Thread] DEBUG AssetLoader          - Loading from disk: /assets/textures/fxgl_icon.png
09:19:51.303 [JavaFX Application Thread] DEBUG MainWindow           - Opening main window
09:19:51.436 [JavaFX Application Thread] DEBUG MainWindow           - Window border size: (4.0, 26.66668701171875)
09:19:51.436 [JavaFX Application Thread] DEBUG MainWindow           - Scaled size: 800.0 x 600.0
09:19:51.436 [JavaFX Application Thread] DEBUG MainWindow           - Scaled ratio: (1.0, 1.0)
09:19:51.436 [JavaFX Application Thread] DEBUG MainWindow           - Scene size: 800.0 x 600.0
09:19:51.436 [JavaFX Application Thread] DEBUG MainWindow           - Stage size: 804.0 x 626.6666870117188
09:19:51.436 [JavaFX Application Thread] DEBUG GameApplication      - Running preInit()
09:19:51.438 [JavaFX Application Thread] DEBUG Input                - Registered new binding: Screenshot - P
09:19:51.438 [JavaFX Application Thread] DEBUG Input                - Registered new binding: Dev Options - CTRL+0
09:19:51.439 [JavaFX Application Thread] DEBUG Input                - Registered new binding: System info dump - CTRL+9
09:19:51.439 [JavaFX Application Thread] DEBUG Input                - Registered new binding: Restart - CTRL+R
09:19:51.467 [JavaFX Application Thread] DEBUG GameApplication      - Starting main loop
09:19:51.469 [JavaFX Application Thread] DEBUG StartupState         - STARTUP
09:19:51.469 [JavaFX Application Thread] DEBUG GameApplication      - Starting new game
09:19:51.469 [JavaFX Application Thread] DEBUG Input                - Clearing active input actions
09:19:51.475 [JavaFX Application Thread] DEBUG AppStateMachine      - StartupState -> LoadingState
09:19:51.479 [FXGL Background Thread 1 ] DEBUG InitAppTask          - Clearing previous game
09:19:51.479 [FXGL Background Thread 1 ] DEBUG GameWorld            - Clearing game world
09:19:51.480 [FXGL Background Thread 1 ] DEBUG PhysicsWorld         - Clearing physics world
09:19:51.480 [FXGL Background Thread 1 ] DEBUG GameScene            - Clearing game scene
09:19:51.481 [FXGL Background Thread 1 ] DEBUG InitAppTask          - Initializing Game
09:19:51.566 [FXGL Background Thread 1 ] DEBUG GameScene            - Creating render group for layer: DEFAULT(100000)
09:19:51.571 [FXGL Background Thread 1 ] DEBUG InitAppTask          - Initializing Physics
09:19:51.571 [FXGL Background Thread 1 ] DEBUG InitAppTask          - Initializing UI
09:19:51.571 [FXGL Background Thread 1 ] DEBUG InitAppTask          - Initialization Complete
09:19:51.572 [FXGL Background Thread 1 ] INFO  InitAppTask          - Game initialization took: 0.093 sec
09:19:51.586 [JavaFX Application Thread] DEBUG Input                - Clearing active input actions
09:19:51.591 [JavaFX Application Thread] DEBUG AppStateMachine      - LoadingState -> PlayState
09:20:21.496 [JavaFX Application Thread] DEBUG GameApplication      - Exiting game application
09:20:21.497 [JavaFX Application Thread] DEBUG GameApplication      - Shutting down background threads
09:20:21.498 [JavaFX Application Thread] DEBUG GameApplication      - Exiting FXGL
09:20:21.498 [JavaFX Application Thread] DEBUG FXGL                 - Saving FXGL system data
09:20:21.500 [JavaFX Application Thread] DEBUG DesktopFSService     - Writing to: system\fxgl.bundle
09:20:21.504 [JavaFX Application Thread] DEBUG GameApplication      - Closing logger and exiting JavaFX
