14:46:08.255 [JavaFX Application Thread] DEBUG GameApplication      - Logger initialized
14:46:08.261 [JavaFX Application Thread] DEBUG MainWindow           - Creating a JavaFX scene
14:46:08.261 [JavaFX Application Thread] DEBUG MainWindow           - Target size > screen size
14:46:08.331 [JavaFX Application Thread] DEBUG MainWindow           - Target settings size: 1400.0 x 1050.0
14:46:08.332 [JavaFX Application Thread] DEBUG MainWindow           - Scaled scene size:    881.0 x 679.0
14:46:08.332 [JavaFX Application Thread] DEBUG MainWindow           - Scaled ratio: (0.6292857142857143, 0.6466666666666666)
14:46:08.338 [JavaFX Application Thread] DEBUG GameApplication      - Starting FXGL
14:46:08.348 [JavaFX Application Thread] INFO  FXGL                 - FXGL-0.5.1 on DESKTOP
14:46:08.349 [JavaFX Application Thread] INFO  FXGL                 - Source code and latest versions at: https://github.com/AlmasB/FXGL
14:46:08.349 [JavaFX Application Thread] INFO  FXGL                 -              Join the FXGL chat at: https://gitter.im/AlmasB/FXGL
14:46:08.354 [JavaFX Application Thread] DEBUG FS                   - Loaded DesktopFSService
14:46:08.355 [JavaFX Application Thread] DEBUG FXGL                 - Loading FXGL system data
14:46:08.361 [JavaFX Application Thread] DEBUG DesktopFSService     - Reading from: system\fxgl.bundle
14:46:08.369 [JavaFX Application Thread] DEBUG Bundle               - Logging bundle: FXGL
14:46:08.369 [JavaFX Application Thread] DEBUG Bundle               - FXGL.offline.timer.version.check=2018-05-24T09:09:49.283
14:46:08.391 [JavaFX Application Thread] DEBUG GameApplication      - FXGL started
14:46:08.392 [JavaFX Application Thread] DEBUG GameApplication      - Logging game settings
Title: Platformer
Version: 
Width: 1400
Height: 1050
Fullscreen: false
Intro: false
Menus: false
Profiling: false
Single step:false
App Mode: DEVELOPER
Menu Key: ESCAPE
Stage Style: DECORATED
Scene Factory: class com.almasb.fxgl.scene.SceneFactory
Dialog Factory: class com.almasb.fxgl.ui.FXGLDialogFactory
UI Factory: class com.almasb.fxgl.ui.FXGLUIFactory
Notification Service: class com.almasb.fxgl.gameplay.notification.XboxNotificationView
Exception Handler: class com.almasb.fxgl.app.FXGLExceptionHandler
14:46:08.392 [JavaFX Application Thread] DEBUG GameApplication      - Configuring GameApplication
14:46:08.393 [JavaFX Application Thread] DEBUG GameApplication      - Initializing state machine and application states
14:46:08.406 [JavaFX Application Thread] DEBUG AssetLoader          - Loading from disk: /assets/ui/cursors/fxgl_default.png
14:46:08.425 [JavaFX Application Thread] DEBUG AssetLoader          - Loading from disk: /assets/ui/cursors/fxgl_default.png
14:46:08.442 [JavaFX Application Thread] DEBUG FXGLAssets           - Loading FXGLAssets
14:46:08.465 [JavaFX Application Thread] DEBUG AssetLoader          - Loading from disk: /assets/ui/fonts/VarelaRound-Regular.ttf
14:46:08.583 [JavaFX Application Thread] DEBUG AssetLoader          - Loading from disk: /assets/ui/fonts/lucida_console.ttf
14:46:08.592 [JavaFX Application Thread] DEBUG AssetLoader          - Loading from disk: /assets/ui/css/fxgl_dark.css
14:46:08.615 [JavaFX Application Thread] DEBUG AssetLoader          - Loading from disk: /assets/ui/cursors/fxgl_default.png
14:46:08.639 [JavaFX Application Thread] DEBUG AssetLoader          - Loading from disk: /assets/ui/cursors/fxgl_default.png
14:46:08.653 [JavaFX Application Thread] DEBUG GameScene            - Game scene initialized: 1400x1050
14:46:08.656 [JavaFX Application Thread] DEBUG GameWorld            - Game world initialized
14:46:08.694 [JavaFX Application Thread] DEBUG PhysicsWorld         - Physics world initialized: appHeight=1050, physics.ppm=50.0
14:46:08.709 [JavaFX Application Thread] DEBUG Input                - Registered new binding: Pause - Esc
14:46:08.723 [JavaFX Application Thread] DEBUG Input                - Clearing active input actions
14:46:08.752 [JavaFX Application Thread] DEBUG AppStateMachine      - StartupState -> StartupState
14:46:08.755 [JavaFX Application Thread] INFO  GameApplication      - Game configuration took:  0.363 sec
14:46:08.757 [JavaFX Application Thread] DEBUG AssetLoader          - Loading from disk: /assets/textures/fxgl_icon.png
14:46:08.767 [JavaFX Application Thread] DEBUG MainWindow           - Opening main window
14:46:08.908 [JavaFX Application Thread] DEBUG MainWindow           - Window border size: (4.33331298828125, 27.0)
14:46:08.908 [JavaFX Application Thread] DEBUG MainWindow           - Scaled size: 881.0 x 679.0
14:46:08.908 [JavaFX Application Thread] DEBUG MainWindow           - Scaled ratio: (0.6292857142857143, 0.6466666666666666)
14:46:08.909 [JavaFX Application Thread] DEBUG MainWindow           - Scene size: 881.3333129882812 x 679.3333129882812
14:46:08.909 [JavaFX Application Thread] DEBUG MainWindow           - Stage size: 885.3333129882812 x 706.0
14:46:08.909 [JavaFX Application Thread] DEBUG GameApplication      - Running preInit()
14:46:08.911 [JavaFX Application Thread] DEBUG Input                - Registered new binding: Screenshot - P
14:46:08.912 [JavaFX Application Thread] DEBUG Input                - Registered new binding: Dev Options - CTRL+0
14:46:08.913 [JavaFX Application Thread] DEBUG Input                - Registered new binding: System info dump - CTRL+9
14:46:08.914 [JavaFX Application Thread] DEBUG Input                - Registered new binding: Restart - CTRL+R
14:46:08.943 [JavaFX Application Thread] DEBUG GameApplication      - Starting main loop
14:46:08.945 [JavaFX Application Thread] DEBUG StartupState         - STARTUP
14:46:08.945 [JavaFX Application Thread] DEBUG GameApplication      - Starting new game
14:46:08.945 [JavaFX Application Thread] DEBUG Input                - Clearing active input actions
14:46:08.952 [JavaFX Application Thread] DEBUG AppStateMachine      - StartupState -> LoadingState
14:46:08.957 [FXGL Background Thread 1 ] DEBUG InitAppTask          - Clearing previous game
14:46:08.957 [FXGL Background Thread 1 ] DEBUG GameWorld            - Clearing game world
14:46:08.957 [FXGL Background Thread 1 ] DEBUG PhysicsWorld         - Clearing physics world
14:46:08.958 [FXGL Background Thread 1 ] DEBUG GameScene            - Clearing game scene
14:46:08.959 [FXGL Background Thread 1 ] DEBUG InitAppTask          - Initializing Game
14:46:08.978 [FXGL Background Thread 1 ] DEBUG AssetLoader          - Loading from disk: /assets/tmx/platformer_map_1.tmx
14:46:08.998 [FXGL Background Thread 1 ] WARN  TMXParser            - TiledMap generated from 1.1.5. Supported version: 1.1.2. Some features may not be parsed fully.
14:46:09.032 [FXGL Background Thread 1 ] DEBUG GameWorld            - Clearing removable entities
14:46:09.033 [FXGL Background Thread 1 ] DEBUG GameWorld            - Setting level from map
14:46:09.051 [FXGL Background Thread 1 ] DEBUG AssetLoader          - Loading from disk: /assets/textures/map_tiles.png
14:46:09.071 [FXGL Background Thread 1 ] DEBUG AssetLoader          - Loading from cache: /assets/textures/map_tiles.png
14:46:09.071 [FXGL Background Thread 1 ] DEBUG AssetLoader          - Loading from cache: /assets/textures/map_tiles.png
14:46:09.071 [FXGL Background Thread 1 ] DEBUG AssetLoader          - Loading from cache: /assets/textures/map_tiles.png
14:46:09.071 [FXGL Background Thread 1 ] DEBUG AssetLoader          - Loading from cache: /assets/textures/map_tiles.png
14:46:09.072 [FXGL Background Thread 1 ] DEBUG AssetLoader          - Loading from cache: /assets/textures/map_tiles.png
14:46:09.072 [FXGL Background Thread 1 ] DEBUG AssetLoader          - Loading from cache: /assets/textures/map_tiles.png
14:46:09.072 [FXGL Background Thread 1 ] DEBUG AssetLoader          - Loading from cache: /assets/textures/map_tiles.png
14:46:09.072 [FXGL Background Thread 1 ] DEBUG AssetLoader          - Loading from cache: /assets/textures/map_tiles.png
14:46:09.072 [FXGL Background Thread 1 ] DEBUG AssetLoader          - Loading from cache: /assets/textures/map_tiles.png
14:46:09.072 [FXGL Background Thread 1 ] DEBUG AssetLoader          - Loading from cache: /assets/textures/map_tiles.png
14:46:09.072 [FXGL Background Thread 1 ] DEBUG AssetLoader          - Loading from cache: /assets/textures/map_tiles.png
14:46:09.073 [FXGL Background Thread 1 ] DEBUG AssetLoader          - Loading from cache: /assets/textures/map_tiles.png
14:46:09.073 [FXGL Background Thread 1 ] DEBUG AssetLoader          - Loading from cache: /assets/textures/map_tiles.png
14:46:09.073 [FXGL Background Thread 1 ] DEBUG AssetLoader          - Loading from cache: /assets/textures/map_tiles.png
14:46:09.073 [FXGL Background Thread 1 ] DEBUG AssetLoader          - Loading from cache: /assets/textures/map_tiles.png
14:46:09.073 [FXGL Background Thread 1 ] DEBUG AssetLoader          - Loading from cache: /assets/textures/map_tiles.png
14:46:09.073 [FXGL Background Thread 1 ] DEBUG AssetLoader          - Loading from cache: /assets/textures/map_tiles.png
14:46:09.074 [FXGL Background Thread 1 ] DEBUG AssetLoader          - Loading from cache: /assets/textures/map_tiles.png
14:46:09.074 [FXGL Background Thread 1 ] DEBUG AssetLoader          - Loading from cache: /assets/textures/map_tiles.png
14:46:09.074 [FXGL Background Thread 1 ] DEBUG AssetLoader          - Loading from cache: /assets/textures/map_tiles.png
14:46:09.074 [FXGL Background Thread 1 ] DEBUG AssetLoader          - Loading from cache: /assets/textures/map_tiles.png
14:46:09.074 [FXGL Background Thread 1 ] DEBUG AssetLoader          - Loading from cache: /assets/textures/map_tiles.png
14:46:09.075 [FXGL Background Thread 1 ] DEBUG AssetLoader          - Loading from cache: /assets/textures/map_tiles.png
14:46:09.075 [FXGL Background Thread 1 ] DEBUG AssetLoader          - Loading from cache: /assets/textures/map_tiles.png
14:46:09.075 [FXGL Background Thread 1 ] DEBUG AssetLoader          - Loading from cache: /assets/textures/map_tiles.png
14:46:09.075 [FXGL Background Thread 1 ] DEBUG AssetLoader          - Loading from cache: /assets/textures/map_tiles.png
14:46:09.075 [FXGL Background Thread 1 ] DEBUG AssetLoader          - Loading from cache: /assets/textures/map_tiles.png
14:46:09.075 [FXGL Background Thread 1 ] DEBUG AssetLoader          - Loading from cache: /assets/textures/map_tiles.png
14:46:09.075 [FXGL Background Thread 1 ] DEBUG AssetLoader          - Loading from cache: /assets/textures/map_tiles.png
14:46:09.075 [FXGL Background Thread 1 ] DEBUG AssetLoader          - Loading from cache: /assets/textures/map_tiles.png
14:46:09.076 [FXGL Background Thread 1 ] DEBUG AssetLoader          - Loading from cache: /assets/textures/map_tiles.png
14:46:09.076 [FXGL Background Thread 1 ] DEBUG AssetLoader          - Loading from cache: /assets/textures/map_tiles.png
14:46:09.076 [FXGL Background Thread 1 ] DEBUG AssetLoader          - Loading from cache: /assets/textures/map_tiles.png
14:46:09.076 [FXGL Background Thread 1 ] DEBUG AssetLoader          - Loading from cache: /assets/textures/map_tiles.png
14:46:09.076 [FXGL Background Thread 1 ] DEBUG AssetLoader          - Loading from cache: /assets/textures/map_tiles.png
14:46:09.076 [FXGL Background Thread 1 ] DEBUG AssetLoader          - Loading from cache: /assets/textures/map_tiles.png
14:46:09.076 [FXGL Background Thread 1 ] DEBUG AssetLoader          - Loading from cache: /assets/textures/map_tiles.png
14:46:09.076 [FXGL Background Thread 1 ] DEBUG AssetLoader          - Loading from cache: /assets/textures/map_tiles.png
14:46:09.076 [FXGL Background Thread 1 ] DEBUG AssetLoader          - Loading from cache: /assets/textures/map_tiles.png
14:46:09.077 [FXGL Background Thread 1 ] DEBUG AssetLoader          - Loading from cache: /assets/textures/map_tiles.png
14:46:09.077 [FXGL Background Thread 1 ] DEBUG AssetLoader          - Loading from cache: /assets/textures/map_tiles.png
14:46:09.077 [FXGL Background Thread 1 ] DEBUG AssetLoader          - Loading from cache: /assets/textures/map_tiles.png
14:46:09.077 [FXGL Background Thread 1 ] DEBUG AssetLoader          - Loading from cache: /assets/textures/map_tiles.png
14:46:09.077 [FXGL Background Thread 1 ] DEBUG AssetLoader          - Loading from cache: /assets/textures/map_tiles.png
14:46:09.077 [FXGL Background Thread 1 ] DEBUG AssetLoader          - Loading from cache: /assets/textures/map_tiles.png
14:46:09.077 [FXGL Background Thread 1 ] DEBUG AssetLoader          - Loading from cache: /assets/textures/map_tiles.png
14:46:09.078 [FXGL Background Thread 1 ] DEBUG AssetLoader          - Loading from cache: /assets/textures/map_tiles.png
14:46:09.078 [FXGL Background Thread 1 ] DEBUG AssetLoader          - Loading from cache: /assets/textures/map_tiles.png
14:46:09.078 [FXGL Background Thread 1 ] DEBUG AssetLoader          - Loading from cache: /assets/textures/map_tiles.png
14:46:09.078 [FXGL Background Thread 1 ] DEBUG AssetLoader          - Loading from cache: /assets/textures/map_tiles.png
14:46:09.078 [FXGL Background Thread 1 ] DEBUG AssetLoader          - Loading from cache: /assets/textures/map_tiles.png
14:46:09.078 [FXGL Background Thread 1 ] DEBUG AssetLoader          - Loading from cache: /assets/textures/map_tiles.png
14:46:09.078 [FXGL Background Thread 1 ] DEBUG AssetLoader          - Loading from cache: /assets/textures/map_tiles.png
14:46:09.078 [FXGL Background Thread 1 ] DEBUG AssetLoader          - Loading from cache: /assets/textures/map_tiles.png
14:46:09.078 [FXGL Background Thread 1 ] DEBUG AssetLoader          - Loading from cache: /assets/textures/map_tiles.png
14:46:09.079 [FXGL Background Thread 1 ] DEBUG AssetLoader          - Loading from cache: /assets/textures/map_tiles.png
14:46:09.079 [FXGL Background Thread 1 ] DEBUG AssetLoader          - Loading from cache: /assets/textures/map_tiles.png
14:46:09.079 [FXGL Background Thread 1 ] DEBUG AssetLoader          - Loading from cache: /assets/textures/map_tiles.png
14:46:09.079 [FXGL Background Thread 1 ] DEBUG AssetLoader          - Loading from cache: /assets/textures/map_tiles.png
14:46:09.079 [FXGL Background Thread 1 ] DEBUG AssetLoader          - Loading from cache: /assets/textures/map_tiles.png
14:46:09.079 [FXGL Background Thread 1 ] DEBUG AssetLoader          - Loading from cache: /assets/textures/map_tiles.png
14:46:09.079 [FXGL Background Thread 1 ] DEBUG AssetLoader          - Loading from cache: /assets/textures/map_tiles.png
14:46:09.081 [FXGL Background Thread 1 ] DEBUG GameScene            - Creating render group for layer: BACKGROUND(1000)
14:46:09.122 [FXGL Background Thread 1 ] DEBUG GameScene            - Creating render group for layer: DEFAULT(100000)
14:46:09.138 [FXGL Background Thread 1 ] DEBUG AssetLoader          - Loading from disk: /assets/textures/Platformer/stand_sheet.png
14:46:09.149 [FXGL Background Thread 1 ] DEBUG InitAppTask          - Initializing Physics
14:46:09.149 [FXGL Background Thread 1 ] DEBUG InitAppTask          - Initializing UI
14:46:09.149 [FXGL Background Thread 1 ] DEBUG InitAppTask          - Initialization Complete
14:46:09.149 [FXGL Background Thread 1 ] INFO  InitAppTask          - Game initialization took: 0.193 sec
14:46:09.161 [JavaFX Application Thread] DEBUG Input                - Clearing active input actions
14:46:09.169 [JavaFX Application Thread] DEBUG AppStateMachine      - LoadingState -> PlayState
14:46:10.780 [JavaFX Application Thread] DEBUG AssetLoader          - Loading from disk: /assets/ui/dev_menu_bar.fxml
14:46:17.231 [JavaFX Application Thread] DEBUG GameApplication      - Exiting game application
14:46:17.232 [JavaFX Application Thread] DEBUG GameApplication      - Shutting down background threads
14:46:17.232 [JavaFX Application Thread] DEBUG GameApplication      - Exiting FXGL
14:46:17.232 [JavaFX Application Thread] DEBUG FXGL                 - Saving FXGL system data
14:46:17.234 [JavaFX Application Thread] DEBUG DesktopFSService     - Writing to: system\fxgl.bundle
14:46:17.237 [JavaFX Application Thread] DEBUG GameApplication      - Closing logger and exiting JavaFX
