13:32:08.090 [JavaFX Application Thread] DEBUG GameApplication      - Logger initialized
13:32:08.096 [JavaFX Application Thread] DEBUG MainWindow           - Creating a JavaFX scene
13:32:08.178 [JavaFX Application Thread] DEBUG MainWindow           - Target settings size: 700.0 x 490.0
13:32:08.178 [JavaFX Application Thread] DEBUG MainWindow           - Scaled scene size:    700.0 x 490.0
13:32:08.178 [JavaFX Application Thread] DEBUG MainWindow           - Scaled ratio: (1.0, 1.0)
13:32:08.185 [JavaFX Application Thread] DEBUG GameApplication      - Starting FXGL
13:32:08.200 [JavaFX Application Thread] INFO  FXGL                 - FXGL-0.5.1 on DESKTOP
13:32:08.200 [JavaFX Application Thread] INFO  FXGL                 - Source code and latest versions at: https://github.com/AlmasB/FXGL
13:32:08.200 [JavaFX Application Thread] INFO  FXGL                 -              Join the FXGL chat at: https://gitter.im/AlmasB/FXGL
13:32:08.207 [JavaFX Application Thread] DEBUG FS                   - Loaded DesktopFSService
13:32:08.208 [JavaFX Application Thread] DEBUG FXGL                 - Loading FXGL system data
13:32:08.218 [JavaFX Application Thread] DEBUG DesktopFSService     - Reading from: system\fxgl.bundle
13:32:08.229 [JavaFX Application Thread] DEBUG Bundle               - Logging bundle: FXGL
13:32:08.230 [JavaFX Application Thread] DEBUG Bundle               - FXGL.offline.timer.version.check=2018-05-24T09:09:49.283
13:32:08.256 [JavaFX Application Thread] DEBUG GameApplication      - FXGL started
13:32:08.257 [JavaFX Application Thread] DEBUG GameApplication      - Logging game settings
Title: Platformer
Version: 
Width: 700
Height: 490
Fullscreen: false
Intro: false
Menus: false
Profiling: false
Single step:false
App Mode: DEVELOPER
Menu Key: ESCAPE
Stage Style: DECORATED
Scene Factory: class com.almasb.fxgl.scene.SceneFactory
Dialog Factory: class com.almasb.fxgl.ui.FXGLDialogFactory
UI Factory: class com.almasb.fxgl.ui.FXGLUIFactory
Notification Service: class com.almasb.fxgl.gameplay.notification.XboxNotificationView
Exception Handler: class com.almasb.fxgl.app.FXGLExceptionHandler
13:32:08.258 [JavaFX Application Thread] DEBUG GameApplication      - Configuring GameApplication
13:32:08.258 [JavaFX Application Thread] DEBUG GameApplication      - Initializing state machine and application states
13:32:08.269 [JavaFX Application Thread] DEBUG AssetLoader          - Loading from disk: /assets/ui/cursors/fxgl_default.png
13:32:08.286 [JavaFX Application Thread] DEBUG AssetLoader          - Loading from disk: /assets/ui/cursors/fxgl_default.png
13:32:08.301 [JavaFX Application Thread] DEBUG FXGLAssets           - Loading FXGLAssets
13:32:08.324 [JavaFX Application Thread] DEBUG AssetLoader          - Loading from disk: /assets/ui/fonts/VarelaRound-Regular.ttf
13:32:08.445 [JavaFX Application Thread] DEBUG AssetLoader          - Loading from disk: /assets/ui/fonts/lucida_console.ttf
13:32:08.454 [JavaFX Application Thread] DEBUG AssetLoader          - Loading from disk: /assets/ui/css/fxgl_dark.css
13:32:08.476 [JavaFX Application Thread] DEBUG AssetLoader          - Loading from disk: /assets/ui/cursors/fxgl_default.png
13:32:08.500 [JavaFX Application Thread] DEBUG AssetLoader          - Loading from disk: /assets/ui/cursors/fxgl_default.png
13:32:08.513 [JavaFX Application Thread] DEBUG GameScene            - Game scene initialized: 700x490
13:32:08.515 [JavaFX Application Thread] DEBUG GameWorld            - Game world initialized
13:32:08.559 [JavaFX Application Thread] DEBUG PhysicsWorld         - Physics world initialized: appHeight=490, physics.ppm=50.0
13:32:08.573 [JavaFX Application Thread] DEBUG Input                - Registered new binding: Pause - Esc
13:32:08.587 [JavaFX Application Thread] DEBUG Input                - Clearing active input actions
13:32:08.618 [JavaFX Application Thread] DEBUG AppStateMachine      - StartupState -> StartupState
13:32:08.620 [JavaFX Application Thread] INFO  GameApplication      - Game configuration took:  0.362 sec
13:32:08.622 [JavaFX Application Thread] DEBUG AssetLoader          - Loading from disk: /assets/textures/fxgl_icon.png
13:32:08.632 [JavaFX Application Thread] DEBUG MainWindow           - Opening main window
13:32:08.805 [JavaFX Application Thread] DEBUG MainWindow           - Window border size: (4.0, 26.66668701171875)
13:32:08.805 [JavaFX Application Thread] DEBUG MainWindow           - Scaled size: 700.0 x 490.0
13:32:08.805 [JavaFX Application Thread] DEBUG MainWindow           - Scaled ratio: (1.0, 1.0)
13:32:08.805 [JavaFX Application Thread] DEBUG MainWindow           - Scene size: 700.0 x 490.0
13:32:08.806 [JavaFX Application Thread] DEBUG MainWindow           - Stage size: 704.0 x 516.6666870117188
13:32:08.806 [JavaFX Application Thread] DEBUG GameApplication      - Running preInit()
13:32:08.807 [JavaFX Application Thread] DEBUG Input                - Registered new binding: Screenshot - P
13:32:08.808 [JavaFX Application Thread] DEBUG Input                - Registered new binding: Dev Options - CTRL+0
13:32:08.808 [JavaFX Application Thread] DEBUG Input                - Registered new binding: System info dump - CTRL+9
13:32:08.809 [JavaFX Application Thread] DEBUG Input                - Registered new binding: Restart - CTRL+R
13:32:08.812 [JavaFX Application Thread] DEBUG AssetLoader          - Loading from disk: /assets/textures/Platformer/run_sheet.png
13:32:08.841 [JavaFX Application Thread] DEBUG AssetLoader          - Loading from disk: /assets/textures/Platformer/stand_sheet.png
13:32:08.848 [JavaFX Application Thread] DEBUG Input                - Registered new binding: run_right - Right
13:32:08.848 [JavaFX Application Thread] DEBUG Input                - Registered new binding: run_left - Left
13:32:08.848 [JavaFX Application Thread] DEBUG Input                - Registered new binding: jump - Up
13:32:08.875 [JavaFX Application Thread] DEBUG GameApplication      - Starting main loop
13:32:08.877 [JavaFX Application Thread] DEBUG StartupState         - STARTUP
13:32:08.877 [JavaFX Application Thread] DEBUG GameApplication      - Starting new game
13:32:08.877 [JavaFX Application Thread] DEBUG Input                - Clearing active input actions
13:32:08.883 [JavaFX Application Thread] DEBUG AppStateMachine      - StartupState -> LoadingState
13:32:08.887 [FXGL Background Thread 1 ] DEBUG InitAppTask          - Clearing previous game
13:32:08.887 [FXGL Background Thread 1 ] DEBUG GameWorld            - Clearing game world
13:32:08.887 [FXGL Background Thread 1 ] DEBUG PhysicsWorld         - Clearing physics world
13:32:08.887 [FXGL Background Thread 1 ] DEBUG GameScene            - Clearing game scene
13:32:08.889 [FXGL Background Thread 1 ] DEBUG InitAppTask          - Initializing Game
13:32:08.906 [FXGL Background Thread 1 ] DEBUG AssetLoader          - Loading from disk: /assets/tmx/platformer_map_1.tmx
13:32:08.927 [FXGL Background Thread 1 ] WARN  TMXParser            - TiledMap generated from 1.1.5. Supported version: 1.1.2. Some features may not be parsed fully.
13:32:08.944 [FXGL Background Thread 1 ] DEBUG GameWorld            - Clearing removable entities
13:32:08.944 [FXGL Background Thread 1 ] DEBUG GameWorld            - Setting level from map
13:32:08.965 [FXGL Background Thread 1 ] DEBUG AssetLoader          - Loading from disk: /assets/textures/map_tiles.png
13:32:08.977 [FXGL Background Thread 1 ] DEBUG AssetLoader          - Loading from cache: /assets/textures/map_tiles.png
13:32:08.978 [FXGL Background Thread 1 ] DEBUG AssetLoader          - Loading from cache: /assets/textures/map_tiles.png
13:32:08.978 [FXGL Background Thread 1 ] DEBUG AssetLoader          - Loading from cache: /assets/textures/map_tiles.png
13:32:08.978 [FXGL Background Thread 1 ] DEBUG AssetLoader          - Loading from cache: /assets/textures/map_tiles.png
13:32:08.978 [FXGL Background Thread 1 ] DEBUG AssetLoader          - Loading from cache: /assets/textures/map_tiles.png
13:32:08.978 [FXGL Background Thread 1 ] DEBUG AssetLoader          - Loading from cache: /assets/textures/map_tiles.png
13:32:08.978 [FXGL Background Thread 1 ] DEBUG AssetLoader          - Loading from cache: /assets/textures/map_tiles.png
13:32:08.978 [FXGL Background Thread 1 ] DEBUG AssetLoader          - Loading from cache: /assets/textures/map_tiles.png
13:32:08.979 [FXGL Background Thread 1 ] DEBUG AssetLoader          - Loading from cache: /assets/textures/map_tiles.png
13:32:08.979 [FXGL Background Thread 1 ] DEBUG AssetLoader          - Loading from cache: /assets/textures/map_tiles.png
13:32:08.979 [FXGL Background Thread 1 ] DEBUG AssetLoader          - Loading from cache: /assets/textures/map_tiles.png
13:32:08.979 [FXGL Background Thread 1 ] DEBUG AssetLoader          - Loading from cache: /assets/textures/map_tiles.png
13:32:08.979 [FXGL Background Thread 1 ] DEBUG AssetLoader          - Loading from cache: /assets/textures/map_tiles.png
13:32:08.979 [FXGL Background Thread 1 ] DEBUG AssetLoader          - Loading from cache: /assets/textures/map_tiles.png
13:32:08.979 [FXGL Background Thread 1 ] DEBUG AssetLoader          - Loading from cache: /assets/textures/map_tiles.png
13:32:08.979 [FXGL Background Thread 1 ] DEBUG AssetLoader          - Loading from cache: /assets/textures/map_tiles.png
13:32:08.979 [FXGL Background Thread 1 ] DEBUG AssetLoader          - Loading from cache: /assets/textures/map_tiles.png
13:32:08.980 [FXGL Background Thread 1 ] DEBUG AssetLoader          - Loading from cache: /assets/textures/map_tiles.png
13:32:08.980 [FXGL Background Thread 1 ] DEBUG AssetLoader          - Loading from cache: /assets/textures/map_tiles.png
13:32:08.980 [FXGL Background Thread 1 ] DEBUG AssetLoader          - Loading from cache: /assets/textures/map_tiles.png
13:32:08.980 [FXGL Background Thread 1 ] DEBUG AssetLoader          - Loading from cache: /assets/textures/map_tiles.png
13:32:08.980 [FXGL Background Thread 1 ] DEBUG AssetLoader          - Loading from cache: /assets/textures/map_tiles.png
13:32:08.980 [FXGL Background Thread 1 ] DEBUG AssetLoader          - Loading from cache: /assets/textures/map_tiles.png
13:32:08.980 [FXGL Background Thread 1 ] DEBUG AssetLoader          - Loading from cache: /assets/textures/map_tiles.png
13:32:08.980 [FXGL Background Thread 1 ] DEBUG AssetLoader          - Loading from cache: /assets/textures/map_tiles.png
13:32:08.980 [FXGL Background Thread 1 ] DEBUG AssetLoader          - Loading from cache: /assets/textures/map_tiles.png
13:32:08.981 [FXGL Background Thread 1 ] DEBUG AssetLoader          - Loading from cache: /assets/textures/map_tiles.png
13:32:08.981 [FXGL Background Thread 1 ] DEBUG AssetLoader          - Loading from cache: /assets/textures/map_tiles.png
13:32:08.981 [FXGL Background Thread 1 ] DEBUG AssetLoader          - Loading from cache: /assets/textures/map_tiles.png
13:32:08.981 [FXGL Background Thread 1 ] DEBUG AssetLoader          - Loading from cache: /assets/textures/map_tiles.png
13:32:08.981 [FXGL Background Thread 1 ] DEBUG AssetLoader          - Loading from cache: /assets/textures/map_tiles.png
13:32:08.981 [FXGL Background Thread 1 ] DEBUG AssetLoader          - Loading from cache: /assets/textures/map_tiles.png
13:32:08.981 [FXGL Background Thread 1 ] DEBUG AssetLoader          - Loading from cache: /assets/textures/map_tiles.png
13:32:08.981 [FXGL Background Thread 1 ] DEBUG AssetLoader          - Loading from cache: /assets/textures/map_tiles.png
13:32:08.981 [FXGL Background Thread 1 ] DEBUG AssetLoader          - Loading from cache: /assets/textures/map_tiles.png
13:32:08.982 [FXGL Background Thread 1 ] DEBUG AssetLoader          - Loading from cache: /assets/textures/map_tiles.png
13:32:08.982 [FXGL Background Thread 1 ] DEBUG AssetLoader          - Loading from cache: /assets/textures/map_tiles.png
13:32:08.982 [FXGL Background Thread 1 ] DEBUG AssetLoader          - Loading from cache: /assets/textures/map_tiles.png
13:32:08.982 [FXGL Background Thread 1 ] DEBUG AssetLoader          - Loading from cache: /assets/textures/map_tiles.png
13:32:08.982 [FXGL Background Thread 1 ] DEBUG AssetLoader          - Loading from cache: /assets/textures/map_tiles.png
13:32:08.982 [FXGL Background Thread 1 ] DEBUG AssetLoader          - Loading from cache: /assets/textures/map_tiles.png
13:32:08.982 [FXGL Background Thread 1 ] DEBUG AssetLoader          - Loading from cache: /assets/textures/map_tiles.png
13:32:08.983 [FXGL Background Thread 1 ] DEBUG AssetLoader          - Loading from cache: /assets/textures/map_tiles.png
13:32:08.983 [FXGL Background Thread 1 ] DEBUG AssetLoader          - Loading from cache: /assets/textures/map_tiles.png
13:32:08.983 [FXGL Background Thread 1 ] DEBUG AssetLoader          - Loading from cache: /assets/textures/map_tiles.png
13:32:08.983 [FXGL Background Thread 1 ] DEBUG AssetLoader          - Loading from cache: /assets/textures/map_tiles.png
13:32:08.983 [FXGL Background Thread 1 ] DEBUG AssetLoader          - Loading from cache: /assets/textures/map_tiles.png
13:32:08.983 [FXGL Background Thread 1 ] DEBUG AssetLoader          - Loading from cache: /assets/textures/map_tiles.png
13:32:08.983 [FXGL Background Thread 1 ] DEBUG AssetLoader          - Loading from cache: /assets/textures/map_tiles.png
13:32:08.983 [FXGL Background Thread 1 ] DEBUG AssetLoader          - Loading from cache: /assets/textures/map_tiles.png
13:32:08.983 [FXGL Background Thread 1 ] DEBUG AssetLoader          - Loading from cache: /assets/textures/map_tiles.png
13:32:08.984 [FXGL Background Thread 1 ] DEBUG AssetLoader          - Loading from cache: /assets/textures/map_tiles.png
13:32:08.984 [FXGL Background Thread 1 ] DEBUG AssetLoader          - Loading from cache: /assets/textures/map_tiles.png
13:32:08.984 [FXGL Background Thread 1 ] DEBUG AssetLoader          - Loading from cache: /assets/textures/map_tiles.png
13:32:08.984 [FXGL Background Thread 1 ] DEBUG AssetLoader          - Loading from cache: /assets/textures/map_tiles.png
13:32:08.984 [FXGL Background Thread 1 ] DEBUG AssetLoader          - Loading from cache: /assets/textures/map_tiles.png
13:32:08.984 [FXGL Background Thread 1 ] DEBUG AssetLoader          - Loading from cache: /assets/textures/map_tiles.png
13:32:08.984 [FXGL Background Thread 1 ] DEBUG AssetLoader          - Loading from cache: /assets/textures/map_tiles.png
13:32:08.984 [FXGL Background Thread 1 ] DEBUG AssetLoader          - Loading from cache: /assets/textures/map_tiles.png
13:32:08.984 [FXGL Background Thread 1 ] DEBUG AssetLoader          - Loading from cache: /assets/textures/map_tiles.png
13:32:08.984 [FXGL Background Thread 1 ] DEBUG AssetLoader          - Loading from cache: /assets/textures/map_tiles.png
13:32:08.985 [FXGL Background Thread 1 ] DEBUG AssetLoader          - Loading from cache: /assets/textures/map_tiles.png
13:32:08.987 [FXGL Background Thread 1 ] DEBUG GameScene            - Creating render group for layer: BACKGROUND(1000)
13:32:09.030 [FXGL Background Thread 1 ] DEBUG GameScene            - Creating render group for layer: DEFAULT(100000)
13:32:09.049 [FXGL Background Thread 1 ] DEBUG AssetLoader          - Loading from cache: /assets/textures/Platformer/stand_sheet.png
13:32:09.049 [FXGL Background Thread 1 ] DEBUG AssetLoader          - Loading from disk: /assets/textures/Platformer/jump-fall.png
13:32:09.053 [FXGL Background Thread 1 ] DEBUG AssetLoader          - Loading from disk: /assets/textures/Platformer/jump-up.png
13:32:09.057 [FXGL Background Thread 1 ] DEBUG InitAppTask          - Initializing Physics
13:32:09.058 [FXGL Background Thread 1 ] DEBUG InitAppTask          - Initializing UI
13:32:09.058 [FXGL Background Thread 1 ] DEBUG InitAppTask          - Initialization Complete
13:32:09.058 [FXGL Background Thread 1 ] INFO  InitAppTask          - Game initialization took: 0.170 sec
13:32:09.062 [JavaFX Application Thread] DEBUG Input                - Clearing active input actions
13:32:09.067 [JavaFX Application Thread] DEBUG AppStateMachine      - LoadingState -> PlayState
13:32:44.404 [JavaFX Application Thread] DEBUG GameApplication      - Exiting game application
13:32:44.405 [JavaFX Application Thread] DEBUG GameApplication      - Shutting down background threads
13:32:44.405 [JavaFX Application Thread] DEBUG GameApplication      - Exiting FXGL
13:32:44.406 [JavaFX Application Thread] DEBUG FXGL                 - Saving FXGL system data
13:32:44.408 [JavaFX Application Thread] DEBUG DesktopFSService     - Writing to: system\fxgl.bundle
13:32:44.411 [JavaFX Application Thread] DEBUG GameApplication      - Closing logger and exiting JavaFX
