13:01:13.255 [JavaFX Application Thread] DEBUG GameApplication      - Logger initialized
13:01:13.261 [JavaFX Application Thread] DEBUG MainWindow           - Creating a JavaFX scene
13:01:13.330 [JavaFX Application Thread] DEBUG MainWindow           - Target settings size: 800.0 x 400.0
13:01:13.331 [JavaFX Application Thread] DEBUG MainWindow           - Scaled scene size:    800.0 x 400.0
13:01:13.331 [JavaFX Application Thread] DEBUG MainWindow           - Scaled ratio: (1.0, 1.0)
13:01:13.336 [JavaFX Application Thread] DEBUG GameApplication      - Starting FXGL
13:01:13.346 [JavaFX Application Thread] INFO  FXGL                 - FXGL-0.5.1 on DESKTOP
13:01:13.346 [JavaFX Application Thread] INFO  FXGL                 - Source code and latest versions at: https://github.com/AlmasB/FXGL
13:01:13.346 [JavaFX Application Thread] INFO  FXGL                 -              Join the FXGL chat at: https://gitter.im/AlmasB/FXGL
13:01:13.352 [JavaFX Application Thread] DEBUG FS                   - Loaded DesktopFSService
13:01:13.352 [JavaFX Application Thread] DEBUG FXGL                 - Loading FXGL system data
13:01:13.360 [JavaFX Application Thread] DEBUG DesktopFSService     - Reading from: system\fxgl.bundle
13:01:13.367 [JavaFX Application Thread] DEBUG Bundle               - Logging bundle: FXGL
13:01:13.368 [JavaFX Application Thread] DEBUG Bundle               - FXGL.offline.timer.version.check=2018-05-16T18:22:51.838
13:01:13.391 [JavaFX Application Thread] DEBUG GameApplication      - FXGL started
13:01:13.391 [JavaFX Application Thread] DEBUG GameApplication      - Logging game settings
Title: FlappyBird
Version: 0.2.0
Width: 800
Height: 400
Fullscreen: false
Intro: false
Menus: false
Profiling: false
Single step:false
App Mode: DEVELOPER
Menu Key: ESCAPE
Stage Style: DECORATED
Scene Factory: class com.almasb.fxgl.scene.SceneFactory
Dialog Factory: class com.almasb.fxgl.ui.FXGLDialogFactory
UI Factory: class com.almasb.fxgl.ui.FXGLUIFactory
Notification Service: class com.almasb.fxgl.gameplay.notification.XboxNotificationView
Exception Handler: class com.almasb.fxgl.app.FXGLExceptionHandler
13:01:13.392 [JavaFX Application Thread] DEBUG GameApplication      - Configuring GameApplication
13:01:13.392 [JavaFX Application Thread] DEBUG GameApplication      - Initializing state machine and application states
13:01:13.402 [JavaFX Application Thread] DEBUG AssetLoader          - Loading from disk: /assets/ui/cursors/fxgl_default.png
13:01:13.419 [JavaFX Application Thread] DEBUG AssetLoader          - Loading from disk: /assets/ui/cursors/fxgl_default.png
13:01:13.438 [JavaFX Application Thread] DEBUG FXGLAssets           - Loading FXGLAssets
13:01:13.462 [JavaFX Application Thread] DEBUG AssetLoader          - Loading from disk: /assets/ui/fonts/VarelaRound-Regular.ttf
13:01:13.586 [JavaFX Application Thread] DEBUG AssetLoader          - Loading from disk: /assets/ui/fonts/lucida_console.ttf
13:01:13.595 [JavaFX Application Thread] DEBUG AssetLoader          - Loading from disk: /assets/ui/css/fxgl_dark.css
13:01:13.618 [JavaFX Application Thread] DEBUG AssetLoader          - Loading from disk: /assets/ui/cursors/fxgl_default.png
13:01:13.642 [JavaFX Application Thread] DEBUG AssetLoader          - Loading from disk: /assets/ui/cursors/fxgl_default.png
13:01:13.656 [JavaFX Application Thread] DEBUG GameScene            - Game scene initialized: 800x400
13:01:13.658 [JavaFX Application Thread] DEBUG GameWorld            - Game world initialized
13:01:13.698 [JavaFX Application Thread] DEBUG PhysicsWorld         - Physics world initialized: appHeight=400, physics.ppm=50.0
13:01:13.712 [JavaFX Application Thread] DEBUG Input                - Registered new binding: Pause - Esc
13:01:13.727 [JavaFX Application Thread] DEBUG Input                - Clearing active input actions
13:01:13.760 [JavaFX Application Thread] DEBUG AppStateMachine      - StartupState -> StartupState
13:01:13.763 [JavaFX Application Thread] INFO  GameApplication      - Game configuration took:  0.371 sec
13:01:13.765 [JavaFX Application Thread] DEBUG AssetLoader          - Loading from disk: /assets/textures/fxgl_icon.png
13:01:13.775 [JavaFX Application Thread] DEBUG MainWindow           - Opening main window
13:01:13.852 [JavaFX Application Thread] DEBUG MainWindow           - Window border size: (14.66668701171875, 37.333343505859375)
13:01:13.852 [JavaFX Application Thread] DEBUG MainWindow           - Scaled size: 800.0 x 400.0
13:01:13.852 [JavaFX Application Thread] DEBUG MainWindow           - Scaled ratio: (1.0, 1.0)
13:01:13.853 [JavaFX Application Thread] DEBUG MainWindow           - Scene size: 800.0 x 400.0
13:01:13.853 [JavaFX Application Thread] DEBUG MainWindow           - Stage size: 814.6666870117188 x 437.3333435058594
13:01:13.853 [JavaFX Application Thread] DEBUG GameApplication      - Running preInit()
13:01:13.854 [JavaFX Application Thread] DEBUG Input                - Registered new binding: Screenshot - P
13:01:13.855 [JavaFX Application Thread] DEBUG Input                - Registered new binding: Dev Options - CTRL+0
13:01:13.856 [JavaFX Application Thread] DEBUG Input                - Registered new binding: System info dump - CTRL+9
13:01:13.856 [JavaFX Application Thread] DEBUG Input                - Registered new binding: Restart - CTRL+R
13:01:13.857 [JavaFX Application Thread] DEBUG Input                - Registered new binding: flap - Space
13:01:13.883 [JavaFX Application Thread] DEBUG GameApplication      - Starting main loop
13:01:13.889 [JavaFX Application Thread] DEBUG StartupState         - STARTUP
13:01:13.890 [JavaFX Application Thread] DEBUG GameApplication      - Starting new game
13:01:13.890 [JavaFX Application Thread] DEBUG Input                - Clearing active input actions
13:01:13.896 [JavaFX Application Thread] DEBUG AppStateMachine      - StartupState -> LoadingState
13:01:13.900 [FXGL Background Thread 1 ] DEBUG InitAppTask          - Clearing previous game
13:01:13.900 [FXGL Background Thread 1 ] DEBUG GameWorld            - Clearing game world
13:01:13.901 [FXGL Background Thread 1 ] DEBUG PhysicsWorld         - Clearing physics world
13:01:13.901 [FXGL Background Thread 1 ] DEBUG GameScene            - Clearing game scene
13:01:13.902 [FXGL Background Thread 1 ] DEBUG InitAppTask          - Initializing Game
13:01:13.923 [FXGL Background Thread 1 ] DEBUG AssetLoader          - Loading from disk: /assets/textures/FlappyPort/flappybird_fly_sheet.png
13:01:13.997 [FXGL Background Thread 1 ] DEBUG GameScene            - Creating render group for layer: DEFAULT(100000)
13:01:14.000 [FXGL Background Thread 1 ] DEBUG AssetLoader          - Loading from disk: /assets/textures/FlappyPort/ground.png
13:01:14.003 [FXGL Background Thread 1 ] DEBUG GameScene            - Creating render group for layer: TOP(2147483647)
13:01:14.004 [FXGL Background Thread 1 ] DEBUG AssetLoader          - Loading from cache: /assets/textures/FlappyPort/ground.png
13:01:14.005 [FXGL Background Thread 1 ] DEBUG InitAppTask          - Initializing Physics
13:01:14.006 [FXGL Background Thread 1 ] DEBUG InitAppTask          - Initializing UI
13:01:14.006 [FXGL Background Thread 1 ] DEBUG AssetLoader          - Loading from disk: /assets/textures/FlappyPort/background.png
13:01:14.024 [FXGL Background Thread 1 ] DEBUG InitAppTask          - Initialization Complete
13:01:14.025 [FXGL Background Thread 1 ] INFO  InitAppTask          - Game initialization took: 0.125 sec
13:01:14.033 [JavaFX Application Thread] DEBUG Input                - Clearing active input actions
13:01:14.038 [JavaFX Application Thread] DEBUG AppStateMachine      - LoadingState -> PlayState
13:01:14.323 [JavaFX Application Thread] DEBUG Input                - Mocking key release: Space
13:01:14.828 [JavaFX Application Thread] DEBUG Input                - Mocking key release: Space
13:01:15.018 [JavaFX Application Thread] DEBUG AssetLoader          - Loading from disk: /assets/textures/FlappyPort/top_pipe.png
13:01:15.021 [JavaFX Application Thread] DEBUG AssetLoader          - Loading from disk: /assets/textures/FlappyPort/bottom_pipe.png
13:01:15.023 [JavaFX Application Thread] DEBUG AssetLoader          - Loading from cache: /assets/textures/FlappyPort/ground.png
13:01:15.074 [JavaFX Application Thread] DEBUG Input                - Mocking key release: Space
13:01:15.307 [JavaFX Application Thread] DEBUG Input                - Mocking key release: Space
13:01:15.790 [JavaFX Application Thread] DEBUG Input                - Mocking key release: Space
13:01:16.034 [JavaFX Application Thread] DEBUG AssetLoader          - Loading from cache: /assets/textures/FlappyPort/top_pipe.png
13:01:16.036 [JavaFX Application Thread] DEBUG AssetLoader          - Loading from cache: /assets/textures/FlappyPort/bottom_pipe.png
13:01:16.037 [JavaFX Application Thread] DEBUG AssetLoader          - Loading from cache: /assets/textures/FlappyPort/ground.png
13:01:16.412 [JavaFX Application Thread] DEBUG Input                - Mocking key release: Space
13:01:17.007 [JavaFX Application Thread] DEBUG Input                - Mocking key release: Space
13:01:17.042 [JavaFX Application Thread] DEBUG AssetLoader          - Loading from cache: /assets/textures/FlappyPort/top_pipe.png
13:01:17.044 [JavaFX Application Thread] DEBUG AssetLoader          - Loading from cache: /assets/textures/FlappyPort/bottom_pipe.png
13:01:17.045 [JavaFX Application Thread] DEBUG AssetLoader          - Loading from cache: /assets/textures/FlappyPort/ground.png
13:01:17.557 [JavaFX Application Thread] DEBUG Input                - Mocking key release: Space
13:01:18.066 [JavaFX Application Thread] DEBUG AssetLoader          - Loading from cache: /assets/textures/FlappyPort/top_pipe.png
13:01:18.067 [JavaFX Application Thread] DEBUG AssetLoader          - Loading from cache: /assets/textures/FlappyPort/bottom_pipe.png
13:01:18.068 [JavaFX Application Thread] DEBUG AssetLoader          - Loading from cache: /assets/textures/FlappyPort/ground.png
13:01:18.089 [JavaFX Application Thread] DEBUG Input                - Mocking key release: Space
13:01:18.656 [JavaFX Application Thread] DEBUG Input                - Mocking key release: Space
13:01:19.073 [JavaFX Application Thread] DEBUG AssetLoader          - Loading from cache: /assets/textures/FlappyPort/top_pipe.png
13:01:19.075 [JavaFX Application Thread] DEBUG AssetLoader          - Loading from cache: /assets/textures/FlappyPort/bottom_pipe.png
13:01:19.076 [JavaFX Application Thread] DEBUG AssetLoader          - Loading from cache: /assets/textures/FlappyPort/ground.png
13:01:19.389 [JavaFX Application Thread] DEBUG Input                - Mocking key release: Space
13:01:19.966 [JavaFX Application Thread] DEBUG Input                - Mocking key release: Space
13:01:20.098 [JavaFX Application Thread] DEBUG AssetLoader          - Loading from cache: /assets/textures/FlappyPort/top_pipe.png
13:01:20.100 [JavaFX Application Thread] DEBUG AssetLoader          - Loading from cache: /assets/textures/FlappyPort/bottom_pipe.png
13:01:20.100 [JavaFX Application Thread] DEBUG AssetLoader          - Loading from cache: /assets/textures/FlappyPort/ground.png
13:01:20.605 [JavaFX Application Thread] DEBUG Input                - Mocking key release: Space
13:01:21.106 [JavaFX Application Thread] DEBUG AssetLoader          - Loading from cache: /assets/textures/FlappyPort/top_pipe.png
13:01:21.108 [JavaFX Application Thread] DEBUG AssetLoader          - Loading from cache: /assets/textures/FlappyPort/bottom_pipe.png
13:01:21.109 [JavaFX Application Thread] DEBUG AssetLoader          - Loading from cache: /assets/textures/FlappyPort/ground.png
13:01:21.288 [JavaFX Application Thread] DEBUG Input                - Mocking key release: Space
13:01:21.904 [JavaFX Application Thread] DEBUG Input                - Mocking key release: Space
13:01:22.113 [JavaFX Application Thread] DEBUG AssetLoader          - Loading from cache: /assets/textures/FlappyPort/top_pipe.png
13:01:22.115 [JavaFX Application Thread] DEBUG AssetLoader          - Loading from cache: /assets/textures/FlappyPort/bottom_pipe.png
13:01:22.115 [JavaFX Application Thread] DEBUG AssetLoader          - Loading from cache: /assets/textures/FlappyPort/ground.png
13:01:22.390 [JavaFX Application Thread] DEBUG Input                - Mocking key release: Space
13:01:22.954 [JavaFX Application Thread] DEBUG Input                - Mocking key release: Space
13:01:23.107 [JavaFX Application Thread] DEBUG AssetLoader          - Loading from cache: /assets/textures/FlappyPort/top_pipe.png
13:01:23.108 [JavaFX Application Thread] DEBUG AssetLoader          - Loading from cache: /assets/textures/FlappyPort/bottom_pipe.png
13:01:23.109 [JavaFX Application Thread] DEBUG AssetLoader          - Loading from cache: /assets/textures/FlappyPort/ground.png
13:01:23.504 [JavaFX Application Thread] DEBUG Input                - Mocking key release: Space
13:01:24.114 [JavaFX Application Thread] DEBUG AssetLoader          - Loading from cache: /assets/textures/FlappyPort/top_pipe.png
13:01:24.115 [JavaFX Application Thread] DEBUG AssetLoader          - Loading from cache: /assets/textures/FlappyPort/bottom_pipe.png
13:01:24.116 [JavaFX Application Thread] DEBUG AssetLoader          - Loading from cache: /assets/textures/FlappyPort/ground.png
13:01:24.486 [JavaFX Application Thread] DEBUG Input                - Mocking key release: Space
13:01:24.971 [JavaFX Application Thread] DEBUG Input                - Mocking key release: Space
13:01:25.105 [JavaFX Application Thread] DEBUG AssetLoader          - Loading from cache: /assets/textures/FlappyPort/top_pipe.png
13:01:25.107 [JavaFX Application Thread] DEBUG AssetLoader          - Loading from cache: /assets/textures/FlappyPort/bottom_pipe.png
13:01:25.107 [JavaFX Application Thread] DEBUG AssetLoader          - Loading from cache: /assets/textures/FlappyPort/ground.png
13:01:25.469 [JavaFX Application Thread] DEBUG Input                - Mocking key release: Space
13:01:26.045 [JavaFX Application Thread] DEBUG Input                - Mocking key release: Space
13:01:26.114 [JavaFX Application Thread] DEBUG AssetLoader          - Loading from cache: /assets/textures/FlappyPort/top_pipe.png
13:01:26.115 [JavaFX Application Thread] DEBUG AssetLoader          - Loading from cache: /assets/textures/FlappyPort/bottom_pipe.png
13:01:26.116 [JavaFX Application Thread] DEBUG AssetLoader          - Loading from cache: /assets/textures/FlappyPort/ground.png
13:01:26.652 [JavaFX Application Thread] DEBUG Input                - Mocking key release: Space
13:01:27.106 [JavaFX Application Thread] DEBUG AssetLoader          - Loading from cache: /assets/textures/FlappyPort/top_pipe.png
13:01:27.107 [JavaFX Application Thread] DEBUG AssetLoader          - Loading from cache: /assets/textures/FlappyPort/bottom_pipe.png
13:01:27.108 [JavaFX Application Thread] DEBUG AssetLoader          - Loading from cache: /assets/textures/FlappyPort/ground.png
13:01:27.168 [JavaFX Application Thread] DEBUG Input                - Mocking key release: Space
13:01:27.719 [JavaFX Application Thread] DEBUG Input                - Mocking key release: Space
13:01:28.113 [JavaFX Application Thread] DEBUG AssetLoader          - Loading from cache: /assets/textures/FlappyPort/top_pipe.png
13:01:28.114 [JavaFX Application Thread] DEBUG AssetLoader          - Loading from cache: /assets/textures/FlappyPort/bottom_pipe.png
13:01:28.115 [JavaFX Application Thread] DEBUG AssetLoader          - Loading from cache: /assets/textures/FlappyPort/ground.png
13:01:28.155 [JavaFX Application Thread] DEBUG Input                - Mocking key release: Space
13:01:29.105 [JavaFX Application Thread] DEBUG AssetLoader          - Loading from cache: /assets/textures/FlappyPort/top_pipe.png
13:01:29.106 [JavaFX Application Thread] DEBUG AssetLoader          - Loading from cache: /assets/textures/FlappyPort/bottom_pipe.png
13:01:29.107 [JavaFX Application Thread] DEBUG AssetLoader          - Loading from cache: /assets/textures/FlappyPort/ground.png
13:01:29.167 [JavaFX Application Thread] DEBUG Input                - Mocking key release: Space
13:01:29.568 [JavaFX Application Thread] DEBUG Input                - Mocking key release: Space
13:01:29.952 [JavaFX Application Thread] DEBUG Input                - Mocking key release: Space
13:01:30.114 [JavaFX Application Thread] DEBUG AssetLoader          - Loading from cache: /assets/textures/FlappyPort/top_pipe.png
13:01:30.116 [JavaFX Application Thread] DEBUG AssetLoader          - Loading from cache: /assets/textures/FlappyPort/bottom_pipe.png
13:01:30.117 [JavaFX Application Thread] DEBUG AssetLoader          - Loading from cache: /assets/textures/FlappyPort/ground.png
13:01:30.151 [JavaFX Application Thread] DEBUG Input                - Mocking key release: Space
13:01:30.301 [JavaFX Application Thread] DEBUG Input                - Mocking key release: Space
13:01:31.084 [JavaFX Application Thread] DEBUG Input                - Mocking key release: Space
13:01:31.122 [JavaFX Application Thread] DEBUG AssetLoader          - Loading from cache: /assets/textures/FlappyPort/top_pipe.png
13:01:31.123 [JavaFX Application Thread] DEBUG AssetLoader          - Loading from cache: /assets/textures/FlappyPort/bottom_pipe.png
13:01:31.123 [JavaFX Application Thread] DEBUG AssetLoader          - Loading from cache: /assets/textures/FlappyPort/ground.png
13:01:31.372 [JavaFX Application Thread] DEBUG Input                - Mocking key release: Space
13:01:31.916 [JavaFX Application Thread] DEBUG Input                - Mocking key release: Space
13:01:32.085 [JavaFX Application Thread] DEBUG Input                - Mocking key release: Space
13:01:32.145 [JavaFX Application Thread] DEBUG AssetLoader          - Loading from cache: /assets/textures/FlappyPort/top_pipe.png
13:01:32.146 [JavaFX Application Thread] DEBUG AssetLoader          - Loading from cache: /assets/textures/FlappyPort/bottom_pipe.png
13:01:32.147 [JavaFX Application Thread] DEBUG AssetLoader          - Loading from cache: /assets/textures/FlappyPort/ground.png
13:01:32.258 [JavaFX Application Thread] DEBUG Input                - Mocking key release: Space
13:01:33.116 [JavaFX Application Thread] DEBUG Input                - Mocking key release: Space
13:01:33.154 [JavaFX Application Thread] DEBUG AssetLoader          - Loading from cache: /assets/textures/FlappyPort/top_pipe.png
13:01:33.156 [JavaFX Application Thread] DEBUG AssetLoader          - Loading from cache: /assets/textures/FlappyPort/bottom_pipe.png
13:01:33.156 [JavaFX Application Thread] DEBUG AssetLoader          - Loading from cache: /assets/textures/FlappyPort/ground.png
13:01:33.449 [JavaFX Application Thread] DEBUG Input                - Mocking key release: Space
13:01:34.177 [JavaFX Application Thread] DEBUG AssetLoader          - Loading from cache: /assets/textures/FlappyPort/top_pipe.png
13:01:34.178 [JavaFX Application Thread] DEBUG AssetLoader          - Loading from cache: /assets/textures/FlappyPort/bottom_pipe.png
13:01:34.179 [JavaFX Application Thread] DEBUG AssetLoader          - Loading from cache: /assets/textures/FlappyPort/ground.png
13:01:34.265 [JavaFX Application Thread] DEBUG Input                - Mocking key release: Space
13:01:34.936 [JavaFX Application Thread] DEBUG Input                - Mocking key release: Space
13:01:35.186 [JavaFX Application Thread] DEBUG AssetLoader          - Loading from cache: /assets/textures/FlappyPort/top_pipe.png
13:01:35.187 [JavaFX Application Thread] DEBUG AssetLoader          - Loading from cache: /assets/textures/FlappyPort/bottom_pipe.png
13:01:35.188 [JavaFX Application Thread] DEBUG AssetLoader          - Loading from cache: /assets/textures/FlappyPort/ground.png
13:01:35.650 [JavaFX Application Thread] DEBUG AssetLoader          - Loading from disk: /assets/textures/FlappyPort/game_over.png
13:01:35.652 [JavaFX Application Thread] DEBUG GameScene            - Creating render group for layer: BACKGROUND(1000)
13:01:35.682 [JavaFX Application Thread] DEBUG Input                - Mocking key release: Space
13:01:35.682 [JavaFX Application Thread] FATAL GameApplication      - Uncaught Exception:

Fatal exception occurred: java.lang.IllegalArgumentException : Component PhysicsComponent not found!
E: com.almasb.fxgl.entity.Entity.getComponent(Entity.java:275)
E: FlappyPort.FlappyBird_App$3.onActionBegin(FlappyBird_App.java:120)
E: com.almasb.fxgl.input.UserAction.fireActionBegin(UserAction.java:76)
E: com.almasb.fxgl.input.Input.handlePressed(Input.kt:209)
E: com.almasb.fxgl.input.Input.onKeyEvent(Input.kt:158)
E: com.almasb.fxgl.app.MainWindow$keyHandler$1.handle(MainWindow.kt:46)
E: com.almasb.fxgl.app.MainWindow$keyHandler$1.handle(MainWindow.kt:32)
E: com.sun.javafx.event.CompositeEventHandler$NormalEventHandlerRecord.handleBubblingEvent(CompositeEventHandler.java:218)
E: com.sun.javafx.event.CompositeEventHandler.dispatchBubblingEvent(CompositeEventHandler.java:80)
E: com.sun.javafx.event.EventHandlerManager.dispatchBubblingEvent(EventHandlerManager.java:238)
E: com.sun.javafx.event.EventHandlerManager.dispatchBubblingEvent(EventHandlerManager.java:191)
E: com.sun.javafx.event.CompositeEventDispatcher.dispatchBubblingEvent(CompositeEventDispatcher.java:59)
E: com.sun.javafx.event.BasicEventDispatcher.dispatchEvent(BasicEventDispatcher.java:58)
E: com.sun.javafx.event.EventDispatchChainImpl.dispatchEvent(EventDispatchChainImpl.java:114)
E: com.sun.javafx.event.BasicEventDispatcher.dispatchEvent(BasicEventDispatcher.java:56)
E: com.sun.javafx.event.EventDispatchChainImpl.dispatchEvent(EventDispatchChainImpl.java:114)
E: com.sun.javafx.event.EventUtil.fireEventImpl(EventUtil.java:74)
E: com.sun.javafx.event.EventUtil.fireEvent(EventUtil.java:54)
E: javafx.event.Event.fireEvent(Event.java:198)
E: javafx.scene.Scene$KeyHandler.process(Scene.java:3964)
E: javafx.scene.Scene$KeyHandler.access$1800(Scene.java:3910)
E: javafx.scene.Scene.impl_processKeyEvent(Scene.java:2040)
E: javafx.scene.Scene$ScenePeerListener.keyEvent(Scene.java:2501)
E: com.sun.javafx.tk.quantum.GlassViewEventHandler$KeyEventNotification.run(GlassViewEventHandler.java:217)
E: com.sun.javafx.tk.quantum.GlassViewEventHandler$KeyEventNotification.run(GlassViewEventHandler.java:149)
E: java.security.AccessController.doPrivileged(Native Method)
E: com.sun.javafx.tk.quantum.GlassViewEventHandler.lambda$handleKeyEvent$352(GlassViewEventHandler.java:248)
E: com.sun.javafx.tk.quantum.QuantumToolkit.runWithoutRenderLock(QuantumToolkit.java:389)
E: com.sun.javafx.tk.quantum.GlassViewEventHandler.handleKeyEvent(GlassViewEventHandler.java:247)
E: com.sun.glass.ui.View.handleKeyEvent(View.java:546)
E: com.sun.glass.ui.View.notifyKey(View.java:966)
E: com.sun.glass.ui.win.WinApplication._runLoop(Native Method)
E: com.sun.glass.ui.win.WinApplication.lambda$null$147(WinApplication.java:177)
E: java.lang.Thread.run(Unknown Source)

13:01:35.683 [JavaFX Application Thread] FATAL GameApplication      - Application will now exit
13:01:35.683 [JavaFX Application Thread] DEBUG GameApplication      - Stopping main loop
13:02:00.467 [JavaFX Application Thread] DEBUG GameApplication      - Exiting game application
13:02:00.467 [JavaFX Application Thread] DEBUG GameApplication      - Shutting down background threads
13:02:00.468 [JavaFX Application Thread] DEBUG GameApplication      - Exiting FXGL
13:02:00.468 [JavaFX Application Thread] DEBUG FXGL                 - Saving FXGL system data
13:02:00.470 [JavaFX Application Thread] DEBUG DesktopFSService     - Writing to: system\fxgl.bundle
13:02:00.475 [JavaFX Application Thread] DEBUG GameApplication      - Closing logger and exiting JavaFX
