11:18:04.029 [JavaFX Application Thread] DEBUG GameApplication      - Logger initialized
11:18:04.035 [JavaFX Application Thread] DEBUG MainWindow           - Creating a JavaFX scene
11:18:04.107 [JavaFX Application Thread] DEBUG MainWindow           - Target settings size: 800.0 x 470.0
11:18:04.107 [JavaFX Application Thread] DEBUG MainWindow           - Scaled scene size:    800.0 x 470.0
11:18:04.107 [JavaFX Application Thread] DEBUG MainWindow           - Scaled ratio: (1.0, 1.0)
11:18:04.113 [JavaFX Application Thread] DEBUG GameApplication      - Starting FXGL
11:18:04.124 [JavaFX Application Thread] INFO  FXGL                 - FXGL-0.5.1 on DESKTOP
11:18:04.124 [JavaFX Application Thread] INFO  FXGL                 - Source code and latest versions at: https://github.com/AlmasB/FXGL
11:18:04.124 [JavaFX Application Thread] INFO  FXGL                 -              Join the FXGL chat at: https://gitter.im/AlmasB/FXGL
11:18:04.130 [JavaFX Application Thread] DEBUG FS                   - Loaded DesktopFSService
11:18:04.131 [JavaFX Application Thread] DEBUG FXGL                 - Loading FXGL system data
11:18:04.138 [JavaFX Application Thread] DEBUG DesktopFSService     - Reading from: system\fxgl.bundle
11:18:04.146 [JavaFX Application Thread] DEBUG Bundle               - Logging bundle: FXGL
11:18:04.146 [JavaFX Application Thread] DEBUG Bundle               - FXGL.offline.timer.version.check=2018-05-16T18:22:51.838
11:18:04.169 [JavaFX Application Thread] DEBUG GameApplication      - FXGL started
11:18:04.169 [JavaFX Application Thread] DEBUG GameApplication      - Logging game settings
Title: Frogger
Version: 0.2.0
Width: 800
Height: 470
Fullscreen: false
Intro: false
Menus: false
Profiling: false
Single step:false
App Mode: DEVELOPER
Menu Key: ESCAPE
Stage Style: DECORATED
Scene Factory: class com.almasb.fxgl.scene.SceneFactory
Dialog Factory: class com.almasb.fxgl.ui.FXGLDialogFactory
UI Factory: class com.almasb.fxgl.ui.FXGLUIFactory
Notification Service: class com.almasb.fxgl.gameplay.notification.XboxNotificationView
Exception Handler: class com.almasb.fxgl.app.FXGLExceptionHandler
11:18:04.170 [JavaFX Application Thread] DEBUG GameApplication      - Configuring GameApplication
11:18:04.170 [JavaFX Application Thread] DEBUG GameApplication      - Initializing state machine and application states
11:18:04.182 [JavaFX Application Thread] DEBUG AssetLoader          - Loading from disk: /assets/ui/cursors/fxgl_default.png
11:18:04.199 [JavaFX Application Thread] DEBUG AssetLoader          - Loading from disk: /assets/ui/cursors/fxgl_default.png
11:18:04.216 [JavaFX Application Thread] DEBUG FXGLAssets           - Loading FXGLAssets
11:18:04.240 [JavaFX Application Thread] DEBUG AssetLoader          - Loading from disk: /assets/ui/fonts/VarelaRound-Regular.ttf
11:18:04.371 [JavaFX Application Thread] DEBUG AssetLoader          - Loading from disk: /assets/ui/fonts/lucida_console.ttf
11:18:04.380 [JavaFX Application Thread] DEBUG AssetLoader          - Loading from disk: /assets/ui/css/fxgl_dark.css
11:18:04.403 [JavaFX Application Thread] DEBUG AssetLoader          - Loading from disk: /assets/ui/cursors/fxgl_default.png
11:18:04.427 [JavaFX Application Thread] DEBUG AssetLoader          - Loading from disk: /assets/ui/cursors/fxgl_default.png
11:18:04.440 [JavaFX Application Thread] DEBUG GameScene            - Game scene initialized: 800x470
11:18:04.442 [JavaFX Application Thread] DEBUG GameWorld            - Game world initialized
11:18:04.479 [JavaFX Application Thread] DEBUG PhysicsWorld         - Physics world initialized: appHeight=470, physics.ppm=50.0
11:18:04.494 [JavaFX Application Thread] DEBUG Input                - Registered new binding: Pause - Esc
11:18:04.508 [JavaFX Application Thread] DEBUG Input                - Clearing active input actions
11:18:04.540 [JavaFX Application Thread] DEBUG AppStateMachine      - StartupState -> StartupState
11:18:04.544 [JavaFX Application Thread] INFO  GameApplication      - Game configuration took:  0.374 sec
11:18:04.546 [JavaFX Application Thread] DEBUG AssetLoader          - Loading from disk: /assets/textures/fxgl_icon.png
11:18:04.557 [JavaFX Application Thread] DEBUG MainWindow           - Opening main window
11:18:04.695 [JavaFX Application Thread] DEBUG MainWindow           - Window border size: (4.0, 26.666656494140625)
11:18:04.695 [JavaFX Application Thread] DEBUG MainWindow           - Scaled size: 800.0 x 470.0
11:18:04.696 [JavaFX Application Thread] DEBUG MainWindow           - Scaled ratio: (1.0, 1.0)
11:18:04.696 [JavaFX Application Thread] DEBUG MainWindow           - Scene size: 800.0 x 470.0
11:18:04.696 [JavaFX Application Thread] DEBUG MainWindow           - Stage size: 804.0 x 496.6666564941406
11:18:04.696 [JavaFX Application Thread] DEBUG GameApplication      - Running preInit()
11:18:04.697 [JavaFX Application Thread] DEBUG Input                - Registered new binding: Screenshot - P
11:18:04.698 [JavaFX Application Thread] DEBUG Input                - Registered new binding: Dev Options - CTRL+0
11:18:04.698 [JavaFX Application Thread] DEBUG Input                - Registered new binding: System info dump - CTRL+9
11:18:04.698 [JavaFX Application Thread] DEBUG Input                - Registered new binding: Restart - CTRL+R
11:18:04.699 [JavaFX Application Thread] DEBUG Input                - Registered new binding: up - W
11:18:04.699 [JavaFX Application Thread] DEBUG Input                - Registered new binding: down - S
11:18:04.699 [JavaFX Application Thread] DEBUG Input                - Registered new binding: left - A
11:18:04.699 [JavaFX Application Thread] DEBUG Input                - Registered new binding: right - D
11:18:04.699 [JavaFX Application Thread] DEBUG Input                - Registered new binding: test - Space
11:18:04.726 [JavaFX Application Thread] DEBUG GameApplication      - Starting main loop
11:18:04.726 [JavaFX Application Thread] DEBUG StartupState         - STARTUP
11:18:04.727 [JavaFX Application Thread] DEBUG GameApplication      - Starting new game
11:18:04.727 [JavaFX Application Thread] DEBUG Input                - Clearing active input actions
11:18:04.733 [JavaFX Application Thread] DEBUG AppStateMachine      - StartupState -> LoadingState
11:18:04.737 [FXGL Background Thread 1 ] DEBUG InitAppTask          - Clearing previous game
11:18:04.737 [FXGL Background Thread 1 ] DEBUG GameWorld            - Clearing game world
11:18:04.737 [FXGL Background Thread 1 ] DEBUG PhysicsWorld         - Clearing physics world
11:18:04.737 [FXGL Background Thread 1 ] DEBUG GameScene            - Clearing game scene
11:18:04.738 [FXGL Background Thread 1 ] DEBUG InitAppTask          - Initializing Game
11:18:04.782 [FXGL Background Thread 1 ] DEBUG AssetLoader          - Loading from disk: /assets/textures/Frogger/frog_idle.png
11:18:04.792 [FXGL Background Thread 1 ] DEBUG GameScene            - Creating render group for layer: DEFAULT(100000)
11:18:04.794 [FXGL Background Thread 1 ] DEBUG InitAppTask          - Initializing Physics
11:18:04.794 [FXGL Background Thread 1 ] DEBUG InitAppTask          - Initializing UI
11:18:04.794 [FXGL Background Thread 1 ] DEBUG AssetLoader          - Loading from disk: /assets/textures/Frogger/background.jpg
11:18:04.802 [FXGL Background Thread 1 ] DEBUG InitAppTask          - Initialization Complete
11:18:04.803 [FXGL Background Thread 1 ] INFO  InitAppTask          - Game initialization took: 0.066 sec
11:18:04.807 [JavaFX Application Thread] DEBUG Input                - Clearing active input actions
11:18:04.813 [JavaFX Application Thread] DEBUG AppStateMachine      - LoadingState -> PlayState
11:18:06.013 [JavaFX Application Thread] DEBUG Input                - Mocking key release: W
11:18:06.013 [JavaFX Application Thread] DEBUG AssetLoader          - Loading from disk: /assets/textures/Frogger/frog_jump.png
11:18:06.202 [JavaFX Application Thread] DEBUG AssetLoader          - Loading from cache: /assets/textures/Frogger/frog_idle.png
11:18:06.205 [JavaFX Application Thread] DEBUG Input                - Mocking key release: W
11:18:06.205 [JavaFX Application Thread] DEBUG AssetLoader          - Loading from cache: /assets/textures/Frogger/frog_jump.png
11:18:06.377 [JavaFX Application Thread] DEBUG AssetLoader          - Loading from cache: /assets/textures/Frogger/frog_idle.png
11:18:06.386 [JavaFX Application Thread] DEBUG Input                - Mocking key release: W
11:18:06.386 [JavaFX Application Thread] DEBUG AssetLoader          - Loading from cache: /assets/textures/Frogger/frog_jump.png
11:18:06.523 [JavaFX Application Thread] DEBUG Input                - Mocking key release: W
11:18:06.523 [JavaFX Application Thread] DEBUG AssetLoader          - Loading from cache: /assets/textures/Frogger/frog_jump.png
11:18:06.554 [JavaFX Application Thread] DEBUG AssetLoader          - Loading from cache: /assets/textures/Frogger/frog_idle.png
11:18:06.697 [JavaFX Application Thread] DEBUG AssetLoader          - Loading from cache: /assets/textures/Frogger/frog_idle.png
11:18:07.032 [JavaFX Application Thread] DEBUG Input                - Mocking key release: Space
11:18:07.033 [JavaFX Application Thread] DEBUG AssetLoader          - Loading from disk: /assets/textures/Frogger/splatting_frog.png
11:18:07.452 [JavaFX Application Thread] DEBUG AssetLoader          - Loading from cache: /assets/textures/Frogger/frog_idle.png
11:18:08.112 [JavaFX Application Thread] DEBUG Input                - Mocking key release: D
11:18:08.112 [JavaFX Application Thread] DEBUG AssetLoader          - Loading from cache: /assets/textures/Frogger/frog_jump.png
11:18:08.262 [JavaFX Application Thread] DEBUG Input                - Mocking key release: W
11:18:08.263 [JavaFX Application Thread] DEBUG AssetLoader          - Loading from cache: /assets/textures/Frogger/frog_jump.png
11:18:08.281 [JavaFX Application Thread] DEBUG AssetLoader          - Loading from cache: /assets/textures/Frogger/frog_idle.png
11:18:08.426 [JavaFX Application Thread] DEBUG AssetLoader          - Loading from cache: /assets/textures/Frogger/frog_idle.png
11:18:08.571 [JavaFX Application Thread] DEBUG Input                - Mocking key release: Space
11:18:08.571 [JavaFX Application Thread] DEBUG AssetLoader          - Loading from cache: /assets/textures/Frogger/splatting_frog.png
11:18:09.003 [JavaFX Application Thread] DEBUG AssetLoader          - Loading from cache: /assets/textures/Frogger/frog_idle.png
11:18:11.193 [JavaFX Application Thread] DEBUG GameApplication      - Exiting game application
11:18:11.193 [JavaFX Application Thread] DEBUG GameApplication      - Shutting down background threads
11:18:11.194 [JavaFX Application Thread] DEBUG GameApplication      - Exiting FXGL
11:18:11.194 [JavaFX Application Thread] DEBUG FXGL                 - Saving FXGL system data
11:18:11.196 [JavaFX Application Thread] DEBUG DesktopFSService     - Writing to: system\fxgl.bundle
11:18:11.199 [JavaFX Application Thread] DEBUG GameApplication      - Closing logger and exiting JavaFX
