14:33:33.992 [JavaFX Application Thread] DEBUG GameApplication      - Logger initialized
14:33:33.997 [JavaFX Application Thread] DEBUG MainWindow           - Creating a JavaFX scene
14:33:34.065 [JavaFX Application Thread] DEBUG MainWindow           - Target settings size: 800.0 x 400.0
14:33:34.065 [JavaFX Application Thread] DEBUG MainWindow           - Scaled scene size:    800.0 x 400.0
14:33:34.065 [JavaFX Application Thread] DEBUG MainWindow           - Scaled ratio: (1.0, 1.0)
14:33:34.071 [JavaFX Application Thread] DEBUG GameApplication      - Starting FXGL
14:33:34.080 [JavaFX Application Thread] INFO  FXGL                 - FXGL-0.5.1 on DESKTOP
14:33:34.080 [JavaFX Application Thread] INFO  FXGL                 - Source code and latest versions at: https://github.com/AlmasB/FXGL
14:33:34.081 [JavaFX Application Thread] INFO  FXGL                 -              Join the FXGL chat at: https://gitter.im/AlmasB/FXGL
14:33:34.086 [JavaFX Application Thread] DEBUG FS                   - Loaded DesktopFSService
14:33:34.086 [JavaFX Application Thread] DEBUG FXGL                 - Loading FXGL system data
14:33:34.092 [JavaFX Application Thread] DEBUG DesktopFSService     - Reading from: system\fxgl.bundle
14:33:34.100 [JavaFX Application Thread] DEBUG Bundle               - Logging bundle: FXGL
14:33:34.101 [JavaFX Application Thread] DEBUG Bundle               - FXGL.offline.timer.version.check=2018-05-16T18:22:51.838
14:33:34.125 [JavaFX Application Thread] DEBUG GameApplication      - FXGL started
14:33:34.125 [JavaFX Application Thread] DEBUG GameApplication      - Logging game settings
Title: FlappyBird
Version: 0.2.0
Width: 800
Height: 400
Fullscreen: false
Intro: false
Menus: false
Profiling: false
Single step:false
App Mode: RELEASE
Menu Key: ESCAPE
Stage Style: DECORATED
Scene Factory: class com.almasb.fxgl.scene.SceneFactory
Dialog Factory: class com.almasb.fxgl.ui.FXGLDialogFactory
UI Factory: class com.almasb.fxgl.ui.FXGLUIFactory
Notification Service: class com.almasb.fxgl.gameplay.notification.XboxNotificationView
Exception Handler: class com.almasb.fxgl.app.FXGLExceptionHandler
14:33:34.126 [JavaFX Application Thread] DEBUG GameApplication      - Configuring GameApplication
14:33:34.126 [JavaFX Application Thread] DEBUG GameApplication      - Initializing state machine and application states
14:33:34.137 [JavaFX Application Thread] DEBUG AssetLoader          - Loading from disk: /assets/ui/cursors/fxgl_default.png
14:33:34.153 [JavaFX Application Thread] DEBUG AssetLoader          - Loading from disk: /assets/ui/cursors/fxgl_default.png
14:33:34.169 [JavaFX Application Thread] DEBUG FXGLAssets           - Loading FXGLAssets
14:33:34.194 [JavaFX Application Thread] DEBUG AssetLoader          - Loading from disk: /assets/ui/fonts/VarelaRound-Regular.ttf
14:33:34.317 [JavaFX Application Thread] DEBUG AssetLoader          - Loading from disk: /assets/ui/fonts/lucida_console.ttf
14:33:34.326 [JavaFX Application Thread] DEBUG AssetLoader          - Loading from disk: /assets/ui/css/fxgl_dark.css
14:33:34.349 [JavaFX Application Thread] DEBUG AssetLoader          - Loading from disk: /assets/ui/cursors/fxgl_default.png
14:33:34.373 [JavaFX Application Thread] DEBUG AssetLoader          - Loading from disk: /assets/ui/cursors/fxgl_default.png
14:33:34.386 [JavaFX Application Thread] DEBUG GameScene            - Game scene initialized: 800x400
14:33:34.389 [JavaFX Application Thread] DEBUG GameWorld            - Game world initialized
14:33:34.425 [JavaFX Application Thread] DEBUG PhysicsWorld         - Physics world initialized: appHeight=400, physics.ppm=50.0
14:33:34.438 [JavaFX Application Thread] DEBUG Input                - Registered new binding: Pause - Esc
14:33:34.452 [JavaFX Application Thread] DEBUG Input                - Clearing active input actions
14:33:34.484 [JavaFX Application Thread] DEBUG AppStateMachine      - StartupState -> StartupState
14:33:34.487 [JavaFX Application Thread] INFO  GameApplication      - Game configuration took:  0.362 sec
14:33:34.489 [JavaFX Application Thread] DEBUG AssetLoader          - Loading from disk: /assets/textures/fxgl_icon.png
14:33:34.499 [JavaFX Application Thread] DEBUG MainWindow           - Opening main window
14:33:34.622 [JavaFX Application Thread] DEBUG MainWindow           - Window border size: (4.0, 26.666656494140625)
14:33:34.622 [JavaFX Application Thread] DEBUG MainWindow           - Scaled size: 800.0 x 400.0
14:33:34.622 [JavaFX Application Thread] DEBUG MainWindow           - Scaled ratio: (1.0, 1.0)
14:33:34.623 [JavaFX Application Thread] DEBUG MainWindow           - Scene size: 800.0 x 400.0
14:33:34.623 [JavaFX Application Thread] DEBUG MainWindow           - Stage size: 804.0 x 426.6666564941406
14:33:34.623 [JavaFX Application Thread] DEBUG GameApplication      - Running preInit()
14:33:34.624 [JavaFX Application Thread] DEBUG Input                - Registered new binding: Screenshot - P
14:33:34.625 [JavaFX Application Thread] DEBUG Input                - Registered new binding: Dev Options - CTRL+0
14:33:34.626 [JavaFX Application Thread] DEBUG Input                - Registered new binding: System info dump - CTRL+9
14:33:34.627 [JavaFX Application Thread] DEBUG Input                - Registered new binding: Restart - CTRL+R
14:33:34.628 [JavaFX Application Thread] DEBUG Input                - Registered new binding: flap - LMB
14:33:34.654 [JavaFX Application Thread] DEBUG GameApplication      - Starting main loop
14:33:34.655 [JavaFX Application Thread] DEBUG StartupState         - STARTUP
14:33:34.656 [JavaFX Application Thread] DEBUG GameApplication      - Starting new game
14:33:34.656 [JavaFX Application Thread] DEBUG Input                - Clearing active input actions
14:33:34.662 [JavaFX Application Thread] DEBUG AppStateMachine      - StartupState -> LoadingState
14:33:34.666 [FXGL Background Thread 1 ] DEBUG InitAppTask          - Clearing previous game
14:33:34.666 [FXGL Background Thread 1 ] DEBUG GameWorld            - Clearing game world
14:33:34.666 [FXGL Background Thread 1 ] DEBUG PhysicsWorld         - Clearing physics world
14:33:34.667 [FXGL Background Thread 1 ] DEBUG GameScene            - Clearing game scene
14:33:34.668 [FXGL Background Thread 1 ] DEBUG InitAppTask          - Initializing Game
14:33:34.690 [FXGL Background Thread 1 ] DEBUG AssetLoader          - Loading from disk: /assets/textures/FlappyBird/flappybird_fly_sheet.png
14:33:34.763 [FXGL Background Thread 1 ] DEBUG GameScene            - Creating render group for layer: DEFAULT(100000)
14:33:34.767 [FXGL Background Thread 1 ] DEBUG AssetLoader          - Loading from disk: /assets/textures/FlappyBird/ground.png
14:33:34.770 [FXGL Background Thread 1 ] DEBUG GameScene            - Creating render group for layer: TOP(2147483647)
14:33:34.771 [FXGL Background Thread 1 ] DEBUG AssetLoader          - Loading from cache: /assets/textures/FlappyBird/ground.png
14:33:34.772 [FXGL Background Thread 1 ] DEBUG InitAppTask          - Initializing Physics
14:33:34.773 [FXGL Background Thread 1 ] DEBUG InitAppTask          - Initializing UI
14:33:34.773 [FXGL Background Thread 1 ] DEBUG AssetLoader          - Loading from disk: /assets/textures/FlappyBird/background.png
14:33:34.787 [FXGL Background Thread 1 ] DEBUG InitAppTask          - Initialization Complete
14:33:34.787 [FXGL Background Thread 1 ] INFO  InitAppTask          - Game initialization took: 0.121 sec
14:33:34.791 [JavaFX Application Thread] DEBUG Input                - Clearing active input actions
14:33:34.796 [JavaFX Application Thread] DEBUG AppStateMachine      - LoadingState -> PlayState
14:33:35.162 [JavaFX Application Thread] DEBUG Input                - Mocking key release: Space
14:33:35.325 [JavaFX Application Thread] DEBUG Input                - Mocking key release: Space
14:33:35.460 [JavaFX Application Thread] DEBUG Input                - Mocking key release: Space
14:33:35.566 [JavaFX Application Thread] DEBUG Input                - Mocking key release: Space
14:33:35.781 [JavaFX Application Thread] DEBUG AssetLoader          - Loading from disk: /assets/textures/FlappyBird/top_pipe.png
14:33:35.783 [JavaFX Application Thread] DEBUG AssetLoader          - Loading from disk: /assets/textures/FlappyBird/bottom_pipe.png
14:33:35.784 [JavaFX Application Thread] DEBUG AssetLoader          - Loading from cache: /assets/textures/FlappyBird/ground.png
14:33:36.418 [JavaFX Application Thread] DEBUG Input                - Mocking key release: Space
14:33:36.564 [JavaFX Application Thread] DEBUG Input                - Mocking key release: Space
14:33:36.707 [JavaFX Application Thread] DEBUG Input                - Mocking key release: Space
14:33:36.803 [JavaFX Application Thread] DEBUG AssetLoader          - Loading from cache: /assets/textures/FlappyBird/top_pipe.png
14:33:36.805 [JavaFX Application Thread] DEBUG AssetLoader          - Loading from cache: /assets/textures/FlappyBird/bottom_pipe.png
14:33:36.805 [JavaFX Application Thread] DEBUG AssetLoader          - Loading from cache: /assets/textures/FlappyBird/ground.png
14:33:36.943 [JavaFX Application Thread] DEBUG Input                - Mocking key release: Space
14:33:37.092 [JavaFX Application Thread] DEBUG Input                - Mocking key release: Space
14:33:37.241 [JavaFX Application Thread] DEBUG Input                - Mocking key release: Space
14:33:37.812 [JavaFX Application Thread] DEBUG AssetLoader          - Loading from cache: /assets/textures/FlappyBird/top_pipe.png
14:33:37.813 [JavaFX Application Thread] DEBUG AssetLoader          - Loading from cache: /assets/textures/FlappyBird/bottom_pipe.png
14:33:37.814 [JavaFX Application Thread] DEBUG AssetLoader          - Loading from cache: /assets/textures/FlappyBird/ground.png
14:33:38.227 [JavaFX Application Thread] DEBUG AssetLoader          - Loading from disk: /assets/textures/FlappyBird/game_over.png
14:33:38.229 [JavaFX Application Thread] DEBUG GameScene            - Creating render group for layer: BACKGROUND(1000)
14:33:38.290 [JavaFX Application Thread] DEBUG Input                - Mocking key release: Space
14:33:39.545 [JavaFX Application Thread] DEBUG GameApplication      - Exiting game application
14:33:39.545 [JavaFX Application Thread] DEBUG GameApplication      - Shutting down background threads
14:33:39.545 [JavaFX Application Thread] DEBUG GameApplication      - Exiting FXGL
14:33:39.546 [JavaFX Application Thread] DEBUG FXGL                 - Saving FXGL system data
14:33:39.547 [JavaFX Application Thread] DEBUG DesktopFSService     - Writing to: system\fxgl.bundle
14:33:39.551 [JavaFX Application Thread] DEBUG GameApplication      - Closing logger and exiting JavaFX
