11:50:58.419 [JavaFX Application Thread] DEBUG GameApplication      - Logger initialized
11:50:58.425 [JavaFX Application Thread] DEBUG MainWindow           - Creating a JavaFX scene
11:50:58.495 [JavaFX Application Thread] DEBUG MainWindow           - Target settings size: 700.0 x 490.0
11:50:58.495 [JavaFX Application Thread] DEBUG MainWindow           - Scaled scene size:    700.0 x 490.0
11:50:58.495 [JavaFX Application Thread] DEBUG MainWindow           - Scaled ratio: (1.0, 1.0)
11:50:58.500 [JavaFX Application Thread] DEBUG GameApplication      - Starting FXGL
11:50:58.511 [JavaFX Application Thread] INFO  FXGL                 - FXGL-0.5.1 on DESKTOP
11:50:58.511 [JavaFX Application Thread] INFO  FXGL                 - Source code and latest versions at: https://github.com/AlmasB/FXGL
11:50:58.511 [JavaFX Application Thread] INFO  FXGL                 -              Join the FXGL chat at: https://gitter.im/AlmasB/FXGL
11:50:58.517 [JavaFX Application Thread] DEBUG FS                   - Loaded DesktopFSService
11:50:58.518 [JavaFX Application Thread] DEBUG FXGL                 - Loading FXGL system data
11:50:58.526 [JavaFX Application Thread] DEBUG DesktopFSService     - Reading from: system\fxgl.bundle
11:50:58.535 [JavaFX Application Thread] DEBUG Bundle               - Logging bundle: FXGL
11:50:58.536 [JavaFX Application Thread] DEBUG Bundle               - FXGL.offline.timer.version.check=2018-05-24T09:09:49.283
11:50:58.562 [JavaFX Application Thread] DEBUG GameApplication      - FXGL started
11:50:58.563 [JavaFX Application Thread] DEBUG GameApplication      - Logging game settings
Title: Platformer
Version: 
Width: 700
Height: 490
Fullscreen: false
Intro: false
Menus: false
Profiling: false
Single step:false
App Mode: DEVELOPER
Menu Key: ESCAPE
Stage Style: DECORATED
Scene Factory: class com.almasb.fxgl.scene.SceneFactory
Dialog Factory: class com.almasb.fxgl.ui.FXGLDialogFactory
UI Factory: class com.almasb.fxgl.ui.FXGLUIFactory
Notification Service: class com.almasb.fxgl.gameplay.notification.XboxNotificationView
Exception Handler: class com.almasb.fxgl.app.FXGLExceptionHandler
11:50:58.563 [JavaFX Application Thread] DEBUG GameApplication      - Configuring GameApplication
11:50:58.564 [JavaFX Application Thread] DEBUG GameApplication      - Initializing state machine and application states
11:50:58.576 [JavaFX Application Thread] DEBUG AssetLoader          - Loading from disk: /assets/ui/cursors/fxgl_default.png
11:50:58.596 [JavaFX Application Thread] DEBUG AssetLoader          - Loading from disk: /assets/ui/cursors/fxgl_default.png
11:50:58.617 [JavaFX Application Thread] DEBUG FXGLAssets           - Loading FXGLAssets
11:50:58.646 [JavaFX Application Thread] DEBUG AssetLoader          - Loading from disk: /assets/ui/fonts/VarelaRound-Regular.ttf
11:50:58.778 [JavaFX Application Thread] DEBUG AssetLoader          - Loading from disk: /assets/ui/fonts/lucida_console.ttf
11:50:58.787 [JavaFX Application Thread] DEBUG AssetLoader          - Loading from disk: /assets/ui/css/fxgl_dark.css
11:50:58.810 [JavaFX Application Thread] DEBUG AssetLoader          - Loading from disk: /assets/ui/cursors/fxgl_default.png
11:50:58.835 [JavaFX Application Thread] DEBUG AssetLoader          - Loading from disk: /assets/ui/cursors/fxgl_default.png
11:50:58.848 [JavaFX Application Thread] DEBUG GameScene            - Game scene initialized: 700x490
11:50:58.851 [JavaFX Application Thread] DEBUG GameWorld            - Game world initialized
11:50:58.888 [JavaFX Application Thread] DEBUG PhysicsWorld         - Physics world initialized: appHeight=490, physics.ppm=50.0
11:50:58.903 [JavaFX Application Thread] DEBUG Input                - Registered new binding: Pause - Esc
11:50:58.917 [JavaFX Application Thread] DEBUG Input                - Clearing active input actions
11:50:58.950 [JavaFX Application Thread] DEBUG AppStateMachine      - StartupState -> StartupState
11:50:58.953 [JavaFX Application Thread] INFO  GameApplication      - Game configuration took:  0.389 sec
11:50:58.955 [JavaFX Application Thread] DEBUG AssetLoader          - Loading from disk: /assets/textures/fxgl_icon.png
11:50:58.965 [JavaFX Application Thread] DEBUG MainWindow           - Opening main window
11:50:59.095 [JavaFX Application Thread] DEBUG MainWindow           - Window border size: (4.0, 26.66668701171875)
11:50:59.096 [JavaFX Application Thread] DEBUG MainWindow           - Scaled size: 700.0 x 490.0
11:50:59.096 [JavaFX Application Thread] DEBUG MainWindow           - Scaled ratio: (1.0, 1.0)
11:50:59.096 [JavaFX Application Thread] DEBUG MainWindow           - Scene size: 700.0 x 490.0
11:50:59.096 [JavaFX Application Thread] DEBUG MainWindow           - Stage size: 704.0 x 516.6666870117188
11:50:59.096 [JavaFX Application Thread] DEBUG GameApplication      - Running preInit()
11:50:59.097 [JavaFX Application Thread] DEBUG Input                - Registered new binding: Screenshot - P
11:50:59.098 [JavaFX Application Thread] DEBUG Input                - Registered new binding: Dev Options - CTRL+0
11:50:59.098 [JavaFX Application Thread] DEBUG Input                - Registered new binding: System info dump - CTRL+9
11:50:59.099 [JavaFX Application Thread] DEBUG Input                - Registered new binding: Restart - CTRL+R
11:50:59.103 [JavaFX Application Thread] DEBUG AssetLoader          - Loading from disk: /assets/textures/Platformer/run_sheet.png
11:50:59.133 [JavaFX Application Thread] DEBUG AssetLoader          - Loading from disk: /assets/textures/Platformer/stand_sheet.png
11:50:59.140 [JavaFX Application Thread] DEBUG Input                - Registered new binding: run_right - Right
11:50:59.140 [JavaFX Application Thread] DEBUG Input                - Registered new binding: run_left - Left
11:50:59.141 [JavaFX Application Thread] DEBUG Input                - Registered new binding: jump - Up
11:50:59.171 [JavaFX Application Thread] DEBUG GameApplication      - Starting main loop
11:50:59.173 [JavaFX Application Thread] DEBUG StartupState         - STARTUP
11:50:59.173 [JavaFX Application Thread] DEBUG GameApplication      - Starting new game
11:50:59.173 [JavaFX Application Thread] DEBUG Input                - Clearing active input actions
11:50:59.179 [JavaFX Application Thread] DEBUG AppStateMachine      - StartupState -> LoadingState
11:50:59.184 [FXGL Background Thread 1 ] DEBUG InitAppTask          - Clearing previous game
11:50:59.184 [FXGL Background Thread 1 ] DEBUG GameWorld            - Clearing game world
11:50:59.184 [FXGL Background Thread 1 ] DEBUG PhysicsWorld         - Clearing physics world
11:50:59.184 [FXGL Background Thread 1 ] DEBUG GameScene            - Clearing game scene
11:50:59.185 [FXGL Background Thread 1 ] DEBUG InitAppTask          - Initializing Game
11:50:59.203 [FXGL Background Thread 1 ] DEBUG AssetLoader          - Loading from disk: /assets/tmx/platformer_map_1.tmx
11:50:59.224 [FXGL Background Thread 1 ] WARN  TMXParser            - TiledMap generated from 1.1.5. Supported version: 1.1.2. Some features may not be parsed fully.
11:50:59.242 [FXGL Background Thread 1 ] DEBUG GameWorld            - Clearing removable entities
11:50:59.242 [FXGL Background Thread 1 ] DEBUG GameWorld            - Setting level from map
11:50:59.261 [FXGL Background Thread 1 ] DEBUG AssetLoader          - Loading from disk: /assets/textures/map_tiles.png
11:50:59.274 [FXGL Background Thread 1 ] DEBUG AssetLoader          - Loading from cache: /assets/textures/map_tiles.png
11:50:59.274 [FXGL Background Thread 1 ] DEBUG AssetLoader          - Loading from cache: /assets/textures/map_tiles.png
11:50:59.275 [FXGL Background Thread 1 ] DEBUG AssetLoader          - Loading from cache: /assets/textures/map_tiles.png
11:50:59.275 [FXGL Background Thread 1 ] DEBUG AssetLoader          - Loading from cache: /assets/textures/map_tiles.png
11:50:59.275 [FXGL Background Thread 1 ] DEBUG AssetLoader          - Loading from cache: /assets/textures/map_tiles.png
11:50:59.275 [FXGL Background Thread 1 ] DEBUG AssetLoader          - Loading from cache: /assets/textures/map_tiles.png
11:50:59.275 [FXGL Background Thread 1 ] DEBUG AssetLoader          - Loading from cache: /assets/textures/map_tiles.png
11:50:59.275 [FXGL Background Thread 1 ] DEBUG AssetLoader          - Loading from cache: /assets/textures/map_tiles.png
11:50:59.275 [FXGL Background Thread 1 ] DEBUG AssetLoader          - Loading from cache: /assets/textures/map_tiles.png
11:50:59.276 [FXGL Background Thread 1 ] DEBUG AssetLoader          - Loading from cache: /assets/textures/map_tiles.png
11:50:59.276 [FXGL Background Thread 1 ] DEBUG AssetLoader          - Loading from cache: /assets/textures/map_tiles.png
11:50:59.276 [FXGL Background Thread 1 ] DEBUG AssetLoader          - Loading from cache: /assets/textures/map_tiles.png
11:50:59.276 [FXGL Background Thread 1 ] DEBUG AssetLoader          - Loading from cache: /assets/textures/map_tiles.png
11:50:59.276 [FXGL Background Thread 1 ] DEBUG AssetLoader          - Loading from cache: /assets/textures/map_tiles.png
11:50:59.276 [FXGL Background Thread 1 ] DEBUG AssetLoader          - Loading from cache: /assets/textures/map_tiles.png
11:50:59.276 [FXGL Background Thread 1 ] DEBUG AssetLoader          - Loading from cache: /assets/textures/map_tiles.png
11:50:59.276 [FXGL Background Thread 1 ] DEBUG AssetLoader          - Loading from cache: /assets/textures/map_tiles.png
11:50:59.277 [FXGL Background Thread 1 ] DEBUG AssetLoader          - Loading from cache: /assets/textures/map_tiles.png
11:50:59.277 [FXGL Background Thread 1 ] DEBUG AssetLoader          - Loading from cache: /assets/textures/map_tiles.png
11:50:59.277 [FXGL Background Thread 1 ] DEBUG AssetLoader          - Loading from cache: /assets/textures/map_tiles.png
11:50:59.277 [FXGL Background Thread 1 ] DEBUG AssetLoader          - Loading from cache: /assets/textures/map_tiles.png
11:50:59.277 [FXGL Background Thread 1 ] DEBUG AssetLoader          - Loading from cache: /assets/textures/map_tiles.png
11:50:59.277 [FXGL Background Thread 1 ] DEBUG AssetLoader          - Loading from cache: /assets/textures/map_tiles.png
11:50:59.277 [FXGL Background Thread 1 ] DEBUG AssetLoader          - Loading from cache: /assets/textures/map_tiles.png
11:50:59.277 [FXGL Background Thread 1 ] DEBUG AssetLoader          - Loading from cache: /assets/textures/map_tiles.png
11:50:59.277 [FXGL Background Thread 1 ] DEBUG AssetLoader          - Loading from cache: /assets/textures/map_tiles.png
11:50:59.278 [FXGL Background Thread 1 ] DEBUG AssetLoader          - Loading from cache: /assets/textures/map_tiles.png
11:50:59.278 [FXGL Background Thread 1 ] DEBUG AssetLoader          - Loading from cache: /assets/textures/map_tiles.png
11:50:59.278 [FXGL Background Thread 1 ] DEBUG AssetLoader          - Loading from cache: /assets/textures/map_tiles.png
11:50:59.278 [FXGL Background Thread 1 ] DEBUG AssetLoader          - Loading from cache: /assets/textures/map_tiles.png
11:50:59.278 [FXGL Background Thread 1 ] DEBUG AssetLoader          - Loading from cache: /assets/textures/map_tiles.png
11:50:59.278 [FXGL Background Thread 1 ] DEBUG AssetLoader          - Loading from cache: /assets/textures/map_tiles.png
11:50:59.278 [FXGL Background Thread 1 ] DEBUG AssetLoader          - Loading from cache: /assets/textures/map_tiles.png
11:50:59.279 [FXGL Background Thread 1 ] DEBUG AssetLoader          - Loading from cache: /assets/textures/map_tiles.png
11:50:59.279 [FXGL Background Thread 1 ] DEBUG AssetLoader          - Loading from cache: /assets/textures/map_tiles.png
11:50:59.279 [FXGL Background Thread 1 ] DEBUG AssetLoader          - Loading from cache: /assets/textures/map_tiles.png
11:50:59.279 [FXGL Background Thread 1 ] DEBUG AssetLoader          - Loading from cache: /assets/textures/map_tiles.png
11:50:59.279 [FXGL Background Thread 1 ] DEBUG AssetLoader          - Loading from cache: /assets/textures/map_tiles.png
11:50:59.279 [FXGL Background Thread 1 ] DEBUG AssetLoader          - Loading from cache: /assets/textures/map_tiles.png
11:50:59.279 [FXGL Background Thread 1 ] DEBUG AssetLoader          - Loading from cache: /assets/textures/map_tiles.png
11:50:59.279 [FXGL Background Thread 1 ] DEBUG AssetLoader          - Loading from cache: /assets/textures/map_tiles.png
11:50:59.280 [FXGL Background Thread 1 ] DEBUG AssetLoader          - Loading from cache: /assets/textures/map_tiles.png
11:50:59.280 [FXGL Background Thread 1 ] DEBUG AssetLoader          - Loading from cache: /assets/textures/map_tiles.png
11:50:59.280 [FXGL Background Thread 1 ] DEBUG AssetLoader          - Loading from cache: /assets/textures/map_tiles.png
11:50:59.280 [FXGL Background Thread 1 ] DEBUG AssetLoader          - Loading from cache: /assets/textures/map_tiles.png
11:50:59.280 [FXGL Background Thread 1 ] DEBUG AssetLoader          - Loading from cache: /assets/textures/map_tiles.png
11:50:59.280 [FXGL Background Thread 1 ] DEBUG AssetLoader          - Loading from cache: /assets/textures/map_tiles.png
11:50:59.280 [FXGL Background Thread 1 ] DEBUG AssetLoader          - Loading from cache: /assets/textures/map_tiles.png
11:50:59.280 [FXGL Background Thread 1 ] DEBUG AssetLoader          - Loading from cache: /assets/textures/map_tiles.png
11:50:59.281 [FXGL Background Thread 1 ] DEBUG AssetLoader          - Loading from cache: /assets/textures/map_tiles.png
11:50:59.281 [FXGL Background Thread 1 ] DEBUG AssetLoader          - Loading from cache: /assets/textures/map_tiles.png
11:50:59.281 [FXGL Background Thread 1 ] DEBUG AssetLoader          - Loading from cache: /assets/textures/map_tiles.png
11:50:59.281 [FXGL Background Thread 1 ] DEBUG AssetLoader          - Loading from cache: /assets/textures/map_tiles.png
11:50:59.282 [FXGL Background Thread 1 ] DEBUG AssetLoader          - Loading from cache: /assets/textures/map_tiles.png
11:50:59.282 [FXGL Background Thread 1 ] DEBUG AssetLoader          - Loading from cache: /assets/textures/map_tiles.png
11:50:59.282 [FXGL Background Thread 1 ] DEBUG AssetLoader          - Loading from cache: /assets/textures/map_tiles.png
11:50:59.282 [FXGL Background Thread 1 ] DEBUG AssetLoader          - Loading from cache: /assets/textures/map_tiles.png
11:50:59.282 [FXGL Background Thread 1 ] DEBUG AssetLoader          - Loading from cache: /assets/textures/map_tiles.png
11:50:59.282 [FXGL Background Thread 1 ] DEBUG AssetLoader          - Loading from cache: /assets/textures/map_tiles.png
11:50:59.282 [FXGL Background Thread 1 ] DEBUG AssetLoader          - Loading from cache: /assets/textures/map_tiles.png
11:50:59.282 [FXGL Background Thread 1 ] DEBUG AssetLoader          - Loading from cache: /assets/textures/map_tiles.png
11:50:59.283 [FXGL Background Thread 1 ] DEBUG AssetLoader          - Loading from cache: /assets/textures/map_tiles.png
11:50:59.284 [FXGL Background Thread 1 ] DEBUG GameScene            - Creating render group for layer: BACKGROUND(1000)
11:50:59.324 [FXGL Background Thread 1 ] DEBUG GameScene            - Creating render group for layer: DEFAULT(100000)
11:50:59.345 [FXGL Background Thread 1 ] DEBUG AssetLoader          - Loading from cache: /assets/textures/Platformer/stand_sheet.png
11:50:59.346 [FXGL Background Thread 1 ] DEBUG AssetLoader          - Loading from disk: /assets/textures/Platformer/jump-fall.png
11:50:59.350 [FXGL Background Thread 1 ] DEBUG AssetLoader          - Loading from disk: /assets/textures/Platformer/jump-up.png
11:50:59.355 [FXGL Background Thread 1 ] DEBUG InitAppTask          - Initializing Physics
11:50:59.355 [FXGL Background Thread 1 ] DEBUG InitAppTask          - Initializing UI
11:50:59.355 [FXGL Background Thread 1 ] DEBUG InitAppTask          - Initialization Complete
11:50:59.355 [FXGL Background Thread 1 ] INFO  InitAppTask          - Game initialization took: 0.172 sec
11:50:59.362 [JavaFX Application Thread] DEBUG Input                - Clearing active input actions
11:50:59.368 [JavaFX Application Thread] DEBUG AppStateMachine      - LoadingState -> PlayState
11:52:04.296 [JavaFX Application Thread] DEBUG GameApplication      - Exiting game application
11:52:04.296 [JavaFX Application Thread] DEBUG GameApplication      - Shutting down background threads
11:52:04.297 [JavaFX Application Thread] DEBUG GameApplication      - Exiting FXGL
11:52:04.297 [JavaFX Application Thread] DEBUG FXGL                 - Saving FXGL system data
11:52:04.299 [JavaFX Application Thread] DEBUG DesktopFSService     - Writing to: system\fxgl.bundle
11:52:04.302 [JavaFX Application Thread] DEBUG GameApplication      - Closing logger and exiting JavaFX
