18:42:20.615 [JavaFX Application Thread] DEBUG GameApplication      - Logger initialized
18:42:20.621 [JavaFX Application Thread] DEBUG MainWindow           - Creating a JavaFX scene
18:42:20.692 [JavaFX Application Thread] DEBUG MainWindow           - Target settings size: 800.0 x 470.0
18:42:20.692 [JavaFX Application Thread] DEBUG MainWindow           - Scaled scene size:    800.0 x 470.0
18:42:20.693 [JavaFX Application Thread] DEBUG MainWindow           - Scaled ratio: (1.0, 1.0)
18:42:20.698 [JavaFX Application Thread] DEBUG GameApplication      - Starting FXGL
18:42:20.708 [JavaFX Application Thread] INFO  FXGL                 - FXGL-0.5.1 on DESKTOP
18:42:20.709 [JavaFX Application Thread] INFO  FXGL                 - Source code and latest versions at: https://github.com/AlmasB/FXGL
18:42:20.709 [JavaFX Application Thread] INFO  FXGL                 -              Join the FXGL chat at: https://gitter.im/AlmasB/FXGL
18:42:20.714 [JavaFX Application Thread] DEBUG FS                   - Loaded DesktopFSService
18:42:20.715 [JavaFX Application Thread] DEBUG FXGL                 - Loading FXGL system data
18:42:20.723 [JavaFX Application Thread] DEBUG DesktopFSService     - Reading from: system\fxgl.bundle
18:42:20.730 [JavaFX Application Thread] DEBUG Bundle               - Logging bundle: FXGL
18:42:20.730 [JavaFX Application Thread] DEBUG Bundle               - FXGL.offline.timer.version.check=2018-05-16T18:22:51.838
18:42:20.754 [JavaFX Application Thread] DEBUG GameApplication      - FXGL started
18:42:20.754 [JavaFX Application Thread] DEBUG GameApplication      - Logging game settings
Title: Frogger
Version: 0.2.0
Width: 800
Height: 470
Fullscreen: false
Intro: false
Menus: false
Profiling: false
Single step:false
App Mode: DEVELOPER
Menu Key: ESCAPE
Stage Style: DECORATED
Scene Factory: class com.almasb.fxgl.scene.SceneFactory
Dialog Factory: class com.almasb.fxgl.ui.FXGLDialogFactory
UI Factory: class com.almasb.fxgl.ui.FXGLUIFactory
Notification Service: class com.almasb.fxgl.gameplay.notification.XboxNotificationView
Exception Handler: class com.almasb.fxgl.app.FXGLExceptionHandler
18:42:20.755 [JavaFX Application Thread] DEBUG GameApplication      - Configuring GameApplication
18:42:20.755 [JavaFX Application Thread] DEBUG GameApplication      - Initializing state machine and application states
18:42:20.766 [JavaFX Application Thread] DEBUG AssetLoader          - Loading from disk: /assets/ui/cursors/fxgl_default.png
18:42:20.783 [JavaFX Application Thread] DEBUG AssetLoader          - Loading from disk: /assets/ui/cursors/fxgl_default.png
18:42:20.801 [JavaFX Application Thread] DEBUG FXGLAssets           - Loading FXGLAssets
18:42:20.825 [JavaFX Application Thread] DEBUG AssetLoader          - Loading from disk: /assets/ui/fonts/VarelaRound-Regular.ttf
18:42:20.954 [JavaFX Application Thread] DEBUG AssetLoader          - Loading from disk: /assets/ui/fonts/lucida_console.ttf
18:42:20.963 [JavaFX Application Thread] DEBUG AssetLoader          - Loading from disk: /assets/ui/css/fxgl_dark.css
18:42:20.986 [JavaFX Application Thread] DEBUG AssetLoader          - Loading from disk: /assets/ui/cursors/fxgl_default.png
18:42:21.011 [JavaFX Application Thread] DEBUG AssetLoader          - Loading from disk: /assets/ui/cursors/fxgl_default.png
18:42:21.025 [JavaFX Application Thread] DEBUG GameScene            - Game scene initialized: 800x470
18:42:21.027 [JavaFX Application Thread] DEBUG GameWorld            - Game world initialized
18:42:21.064 [JavaFX Application Thread] DEBUG PhysicsWorld         - Physics world initialized: appHeight=470, physics.ppm=50.0
18:42:21.078 [JavaFX Application Thread] DEBUG Input                - Registered new binding: Pause - Esc
18:42:21.092 [JavaFX Application Thread] DEBUG Input                - Clearing active input actions
18:42:21.127 [JavaFX Application Thread] DEBUG AppStateMachine      - StartupState -> StartupState
18:42:21.132 [JavaFX Application Thread] INFO  GameApplication      - Game configuration took:  0.377 sec
18:42:21.133 [JavaFX Application Thread] DEBUG AssetLoader          - Loading from disk: /assets/textures/fxgl_icon.png
18:42:21.144 [JavaFX Application Thread] DEBUG MainWindow           - Opening main window
18:42:21.276 [JavaFX Application Thread] DEBUG MainWindow           - Window border size: (4.0, 26.666656494140625)
18:42:21.276 [JavaFX Application Thread] DEBUG MainWindow           - Scaled size: 800.0 x 470.0
18:42:21.276 [JavaFX Application Thread] DEBUG MainWindow           - Scaled ratio: (1.0, 1.0)
18:42:21.277 [JavaFX Application Thread] DEBUG MainWindow           - Scene size: 800.0 x 470.0
18:42:21.277 [JavaFX Application Thread] DEBUG MainWindow           - Stage size: 804.0 x 496.6666564941406
18:42:21.277 [JavaFX Application Thread] DEBUG GameApplication      - Running preInit()
18:42:21.278 [JavaFX Application Thread] DEBUG Input                - Registered new binding: Screenshot - P
18:42:21.279 [JavaFX Application Thread] DEBUG Input                - Registered new binding: Dev Options - CTRL+0
18:42:21.279 [JavaFX Application Thread] DEBUG Input                - Registered new binding: System info dump - CTRL+9
18:42:21.279 [JavaFX Application Thread] DEBUG Input                - Registered new binding: Restart - CTRL+R
18:42:21.280 [JavaFX Application Thread] DEBUG Input                - Registered new binding: up - W
18:42:21.280 [JavaFX Application Thread] DEBUG Input                - Registered new binding: down - S
18:42:21.280 [JavaFX Application Thread] DEBUG Input                - Registered new binding: left - A
18:42:21.280 [JavaFX Application Thread] DEBUG Input                - Registered new binding: right - D
18:42:21.310 [JavaFX Application Thread] DEBUG GameApplication      - Starting main loop
18:42:21.311 [JavaFX Application Thread] DEBUG StartupState         - STARTUP
18:42:21.311 [JavaFX Application Thread] DEBUG GameApplication      - Starting new game
18:42:21.312 [JavaFX Application Thread] DEBUG Input                - Clearing active input actions
18:42:21.320 [JavaFX Application Thread] DEBUG AppStateMachine      - StartupState -> LoadingState
18:42:21.325 [FXGL Background Thread 1 ] DEBUG InitAppTask          - Clearing previous game
18:42:21.325 [FXGL Background Thread 1 ] DEBUG GameWorld            - Clearing game world
18:42:21.325 [FXGL Background Thread 1 ] DEBUG PhysicsWorld         - Clearing physics world
18:42:21.325 [FXGL Background Thread 1 ] DEBUG GameScene            - Clearing game scene
18:42:21.326 [FXGL Background Thread 1 ] DEBUG InitAppTask          - Initializing Game
18:42:21.375 [FXGL Background Thread 1 ] DEBUG AssetLoader          - Loading from disk: /assets/textures/Frogger/frog_idle.png
18:42:21.387 [FXGL Background Thread 1 ] DEBUG GameScene            - Creating render group for layer: DEFAULT(100000)
18:42:21.390 [FXGL Background Thread 1 ] DEBUG AssetLoader          - Loading from disk: /assets/textures/Frogger/full_log.png
18:42:21.396 [FXGL Background Thread 1 ] DEBUG AssetLoader          - Loading from disk: /assets/textures/Frogger/half_log.png
18:42:21.398 [FXGL Background Thread 1 ] DEBUG InitAppTask          - Initializing Physics
18:42:21.399 [FXGL Background Thread 1 ] DEBUG InitAppTask          - Initializing UI
18:42:21.399 [FXGL Background Thread 1 ] DEBUG AssetLoader          - Loading from disk: /assets/textures/Frogger/background.jpg
18:42:21.406 [FXGL Background Thread 1 ] DEBUG InitAppTask          - Initialization Complete
18:42:21.406 [FXGL Background Thread 1 ] INFO  InitAppTask          - Game initialization took: 0.081 sec
18:42:21.408 [JavaFX Application Thread] DEBUG Input                - Clearing active input actions
18:42:21.413 [JavaFX Application Thread] DEBUG AppStateMachine      - LoadingState -> PlayState
18:42:22.096 [JavaFX Application Thread] DEBUG AssetLoader          - Loading from disk: /assets/textures/Frogger/purple_car.png
18:42:22.099 [JavaFX Application Thread] DEBUG AssetLoader          - Loading from disk: /assets/textures/Frogger/red_car.png
18:42:22.817 [JavaFX Application Thread] DEBUG AssetLoader          - Loading from disk: /assets/textures/Frogger/orange_car.png
18:42:22.821 [JavaFX Application Thread] DEBUG AssetLoader          - Loading from cache: /assets/textures/Frogger/red_car.png
18:42:23.520 [JavaFX Application Thread] DEBUG AssetLoader          - Loading from disk: /assets/textures/Frogger/blue_car.png
18:42:23.523 [JavaFX Application Thread] DEBUG AssetLoader          - Loading from cache: /assets/textures/Frogger/red_car.png
18:42:24.239 [JavaFX Application Thread] DEBUG AssetLoader          - Loading from cache: /assets/textures/Frogger/purple_car.png
18:42:24.240 [JavaFX Application Thread] DEBUG AssetLoader          - Loading from disk: /assets/textures/Frogger/green_car.png
18:42:24.242 [JavaFX Application Thread] DEBUG AssetLoader          - Loading from cache: /assets/textures/Frogger/full_log.png
18:42:24.243 [JavaFX Application Thread] DEBUG AssetLoader          - Loading from cache: /assets/textures/Frogger/half_log.png
18:42:24.961 [JavaFX Application Thread] DEBUG AssetLoader          - Loading from cache: /assets/textures/Frogger/purple_car.png
18:42:24.963 [JavaFX Application Thread] DEBUG AssetLoader          - Loading from cache: /assets/textures/Frogger/purple_car.png
18:42:25.680 [JavaFX Application Thread] DEBUG AssetLoader          - Loading from cache: /assets/textures/Frogger/purple_car.png
18:42:25.681 [JavaFX Application Thread] DEBUG AssetLoader          - Loading from cache: /assets/textures/Frogger/orange_car.png
18:42:26.384 [JavaFX Application Thread] DEBUG AssetLoader          - Loading from cache: /assets/textures/Frogger/purple_car.png
18:42:26.386 [JavaFX Application Thread] DEBUG AssetLoader          - Loading from cache: /assets/textures/Frogger/red_car.png
18:42:27.104 [JavaFX Application Thread] DEBUG AssetLoader          - Loading from cache: /assets/textures/Frogger/purple_car.png
18:42:27.105 [JavaFX Application Thread] DEBUG AssetLoader          - Loading from cache: /assets/textures/Frogger/blue_car.png
18:42:27.824 [JavaFX Application Thread] DEBUG AssetLoader          - Loading from cache: /assets/textures/Frogger/red_car.png
18:42:27.825 [JavaFX Application Thread] DEBUG AssetLoader          - Loading from cache: /assets/textures/Frogger/green_car.png
18:42:28.544 [JavaFX Application Thread] DEBUG AssetLoader          - Loading from cache: /assets/textures/Frogger/green_car.png
18:42:28.545 [JavaFX Application Thread] DEBUG AssetLoader          - Loading from cache: /assets/textures/Frogger/green_car.png
18:42:29.248 [JavaFX Application Thread] DEBUG AssetLoader          - Loading from cache: /assets/textures/Frogger/purple_car.png
18:42:29.250 [JavaFX Application Thread] DEBUG AssetLoader          - Loading from cache: /assets/textures/Frogger/green_car.png
18:42:29.952 [JavaFX Application Thread] DEBUG AssetLoader          - Loading from cache: /assets/textures/Frogger/red_car.png
18:42:29.953 [JavaFX Application Thread] DEBUG AssetLoader          - Loading from cache: /assets/textures/Frogger/blue_car.png
18:42:29.954 [JavaFX Application Thread] DEBUG AssetLoader          - Loading from cache: /assets/textures/Frogger/half_log.png
18:42:29.955 [JavaFX Application Thread] DEBUG AssetLoader          - Loading from cache: /assets/textures/Frogger/full_log.png
18:42:30.657 [JavaFX Application Thread] DEBUG AssetLoader          - Loading from cache: /assets/textures/Frogger/orange_car.png
18:42:30.659 [JavaFX Application Thread] DEBUG AssetLoader          - Loading from cache: /assets/textures/Frogger/blue_car.png
18:42:31.360 [JavaFX Application Thread] DEBUG AssetLoader          - Loading from cache: /assets/textures/Frogger/red_car.png
18:42:31.361 [JavaFX Application Thread] DEBUG AssetLoader          - Loading from cache: /assets/textures/Frogger/blue_car.png
18:42:32.048 [JavaFX Application Thread] DEBUG AssetLoader          - Loading from cache: /assets/textures/Frogger/red_car.png
18:42:32.049 [JavaFX Application Thread] DEBUG AssetLoader          - Loading from cache: /assets/textures/Frogger/purple_car.png
18:42:32.753 [JavaFX Application Thread] DEBUG AssetLoader          - Loading from cache: /assets/textures/Frogger/orange_car.png
18:42:32.754 [JavaFX Application Thread] DEBUG AssetLoader          - Loading from cache: /assets/textures/Frogger/orange_car.png
18:42:33.456 [JavaFX Application Thread] DEBUG AssetLoader          - Loading from cache: /assets/textures/Frogger/red_car.png
18:42:33.458 [JavaFX Application Thread] DEBUG AssetLoader          - Loading from cache: /assets/textures/Frogger/blue_car.png
18:42:33.459 [JavaFX Application Thread] DEBUG AssetLoader          - Loading from cache: /assets/textures/Frogger/full_log.png
18:42:33.460 [JavaFX Application Thread] DEBUG AssetLoader          - Loading from cache: /assets/textures/Frogger/full_log.png
18:42:34.161 [JavaFX Application Thread] DEBUG AssetLoader          - Loading from cache: /assets/textures/Frogger/purple_car.png
18:42:34.163 [JavaFX Application Thread] DEBUG AssetLoader          - Loading from cache: /assets/textures/Frogger/red_car.png
18:42:34.848 [JavaFX Application Thread] DEBUG AssetLoader          - Loading from cache: /assets/textures/Frogger/orange_car.png
18:42:34.849 [JavaFX Application Thread] DEBUG AssetLoader          - Loading from cache: /assets/textures/Frogger/blue_car.png
18:42:35.552 [JavaFX Application Thread] DEBUG AssetLoader          - Loading from cache: /assets/textures/Frogger/orange_car.png
18:42:35.553 [JavaFX Application Thread] DEBUG AssetLoader          - Loading from cache: /assets/textures/Frogger/blue_car.png
18:42:36.256 [JavaFX Application Thread] DEBUG AssetLoader          - Loading from cache: /assets/textures/Frogger/orange_car.png
18:42:36.257 [JavaFX Application Thread] DEBUG AssetLoader          - Loading from cache: /assets/textures/Frogger/green_car.png
18:42:36.258 [JavaFX Application Thread] DEBUG AssetLoader          - Loading from cache: /assets/textures/Frogger/full_log.png
18:42:36.259 [JavaFX Application Thread] DEBUG AssetLoader          - Loading from cache: /assets/textures/Frogger/full_log.png
18:42:36.944 [JavaFX Application Thread] DEBUG AssetLoader          - Loading from cache: /assets/textures/Frogger/red_car.png
18:42:36.945 [JavaFX Application Thread] DEBUG AssetLoader          - Loading from cache: /assets/textures/Frogger/purple_car.png
18:42:37.649 [JavaFX Application Thread] DEBUG AssetLoader          - Loading from cache: /assets/textures/Frogger/green_car.png
18:42:37.651 [JavaFX Application Thread] DEBUG AssetLoader          - Loading from cache: /assets/textures/Frogger/green_car.png
18:42:38.368 [JavaFX Application Thread] DEBUG AssetLoader          - Loading from cache: /assets/textures/Frogger/orange_car.png
18:42:38.369 [JavaFX Application Thread] DEBUG AssetLoader          - Loading from cache: /assets/textures/Frogger/purple_car.png
18:42:39.089 [JavaFX Application Thread] DEBUG AssetLoader          - Loading from cache: /assets/textures/Frogger/purple_car.png
18:42:39.091 [JavaFX Application Thread] DEBUG AssetLoader          - Loading from cache: /assets/textures/Frogger/orange_car.png
18:42:39.809 [JavaFX Application Thread] DEBUG AssetLoader          - Loading from cache: /assets/textures/Frogger/purple_car.png
18:42:39.812 [JavaFX Application Thread] DEBUG AssetLoader          - Loading from cache: /assets/textures/Frogger/red_car.png
18:42:39.814 [JavaFX Application Thread] DEBUG AssetLoader          - Loading from cache: /assets/textures/Frogger/full_log.png
18:42:39.815 [JavaFX Application Thread] DEBUG AssetLoader          - Loading from cache: /assets/textures/Frogger/full_log.png
18:42:40.512 [JavaFX Application Thread] DEBUG AssetLoader          - Loading from cache: /assets/textures/Frogger/orange_car.png
18:42:40.513 [JavaFX Application Thread] DEBUG AssetLoader          - Loading from cache: /assets/textures/Frogger/blue_car.png
18:42:41.232 [JavaFX Application Thread] DEBUG AssetLoader          - Loading from cache: /assets/textures/Frogger/green_car.png
18:42:41.233 [JavaFX Application Thread] DEBUG AssetLoader          - Loading from cache: /assets/textures/Frogger/green_car.png
18:42:41.953 [JavaFX Application Thread] DEBUG AssetLoader          - Loading from cache: /assets/textures/Frogger/red_car.png
18:42:41.954 [JavaFX Application Thread] DEBUG AssetLoader          - Loading from cache: /assets/textures/Frogger/red_car.png
18:42:42.672 [JavaFX Application Thread] DEBUG AssetLoader          - Loading from cache: /assets/textures/Frogger/blue_car.png
18:42:42.673 [JavaFX Application Thread] DEBUG AssetLoader          - Loading from cache: /assets/textures/Frogger/blue_car.png
18:42:43.377 [JavaFX Application Thread] DEBUG AssetLoader          - Loading from cache: /assets/textures/Frogger/blue_car.png
18:42:43.378 [JavaFX Application Thread] DEBUG AssetLoader          - Loading from cache: /assets/textures/Frogger/blue_car.png
18:42:43.379 [JavaFX Application Thread] DEBUG AssetLoader          - Loading from cache: /assets/textures/Frogger/full_log.png
18:42:43.379 [JavaFX Application Thread] DEBUG AssetLoader          - Loading from cache: /assets/textures/Frogger/full_log.png
18:42:44.096 [JavaFX Application Thread] DEBUG AssetLoader          - Loading from cache: /assets/textures/Frogger/blue_car.png
18:42:44.097 [JavaFX Application Thread] DEBUG AssetLoader          - Loading from cache: /assets/textures/Frogger/blue_car.png
18:42:44.816 [JavaFX Application Thread] DEBUG AssetLoader          - Loading from cache: /assets/textures/Frogger/blue_car.png
18:42:44.818 [JavaFX Application Thread] DEBUG AssetLoader          - Loading from cache: /assets/textures/Frogger/red_car.png
18:42:45.536 [JavaFX Application Thread] DEBUG AssetLoader          - Loading from cache: /assets/textures/Frogger/orange_car.png
18:42:45.537 [JavaFX Application Thread] DEBUG AssetLoader          - Loading from cache: /assets/textures/Frogger/red_car.png
18:42:46.258 [JavaFX Application Thread] DEBUG AssetLoader          - Loading from cache: /assets/textures/Frogger/red_car.png
18:42:46.261 [JavaFX Application Thread] DEBUG AssetLoader          - Loading from cache: /assets/textures/Frogger/orange_car.png
18:42:46.961 [JavaFX Application Thread] DEBUG AssetLoader          - Loading from cache: /assets/textures/Frogger/green_car.png
18:42:46.962 [JavaFX Application Thread] DEBUG AssetLoader          - Loading from cache: /assets/textures/Frogger/blue_car.png
18:42:47.680 [JavaFX Application Thread] DEBUG AssetLoader          - Loading from cache: /assets/textures/Frogger/orange_car.png
18:42:47.682 [JavaFX Application Thread] DEBUG AssetLoader          - Loading from cache: /assets/textures/Frogger/purple_car.png
18:42:48.400 [JavaFX Application Thread] DEBUG AssetLoader          - Loading from cache: /assets/textures/Frogger/blue_car.png
18:42:48.401 [JavaFX Application Thread] DEBUG AssetLoader          - Loading from cache: /assets/textures/Frogger/blue_car.png
18:42:48.402 [JavaFX Application Thread] DEBUG AssetLoader          - Loading from cache: /assets/textures/Frogger/full_log.png
18:42:48.402 [JavaFX Application Thread] DEBUG AssetLoader          - Loading from cache: /assets/textures/Frogger/full_log.png
18:42:49.120 [JavaFX Application Thread] DEBUG AssetLoader          - Loading from cache: /assets/textures/Frogger/blue_car.png
18:42:49.122 [JavaFX Application Thread] DEBUG AssetLoader          - Loading from cache: /assets/textures/Frogger/green_car.png
18:42:49.379 [JavaFX Application Thread] DEBUG GameApplication      - Exiting game application
18:42:49.379 [JavaFX Application Thread] DEBUG GameApplication      - Shutting down background threads
18:42:49.380 [JavaFX Application Thread] DEBUG GameApplication      - Exiting FXGL
18:42:49.380 [JavaFX Application Thread] DEBUG FXGL                 - Saving FXGL system data
18:42:49.381 [JavaFX Application Thread] DEBUG DesktopFSService     - Writing to: system\fxgl.bundle
18:42:49.385 [JavaFX Application Thread] DEBUG GameApplication      - Closing logger and exiting JavaFX
