10:31:56.615 [JavaFX Application Thread] DEBUG GameApplication      - Logger initialized
10:31:56.622 [JavaFX Application Thread] DEBUG MainWindow           - Creating a JavaFX scene
10:31:56.701 [JavaFX Application Thread] DEBUG MainWindow           - Target settings size: 800.0 x 470.0
10:31:56.702 [JavaFX Application Thread] DEBUG MainWindow           - Scaled scene size:    800.0 x 470.0
10:31:56.702 [JavaFX Application Thread] DEBUG MainWindow           - Scaled ratio: (1.0, 1.0)
10:31:56.707 [JavaFX Application Thread] DEBUG GameApplication      - Starting FXGL
10:31:56.717 [JavaFX Application Thread] INFO  FXGL                 - FXGL-0.5.1 on DESKTOP
10:31:56.718 [JavaFX Application Thread] INFO  FXGL                 - Source code and latest versions at: https://github.com/AlmasB/FXGL
10:31:56.718 [JavaFX Application Thread] INFO  FXGL                 -              Join the FXGL chat at: https://gitter.im/AlmasB/FXGL
10:31:56.723 [JavaFX Application Thread] DEBUG FS                   - Loaded DesktopFSService
10:31:56.723 [JavaFX Application Thread] DEBUG FXGL                 - Loading FXGL system data
10:31:56.730 [JavaFX Application Thread] DEBUG DesktopFSService     - Reading from: system\fxgl.bundle
10:31:56.737 [JavaFX Application Thread] DEBUG Bundle               - Logging bundle: FXGL
10:31:56.738 [JavaFX Application Thread] DEBUG Bundle               - FXGL.offline.timer.version.check=2018-05-24T09:09:49.283
10:31:56.780 [JavaFX Application Thread] DEBUG GameApplication      - FXGL started
10:31:56.780 [JavaFX Application Thread] DEBUG GameApplication      - Logging game settings
Title: Frogger
Version: 0.2.0
Width: 800
Height: 470
Fullscreen: false
Intro: false
Menus: false
Profiling: false
Single step:false
App Mode: DEVELOPER
Menu Key: ESCAPE
Stage Style: DECORATED
Scene Factory: class com.almasb.fxgl.scene.SceneFactory
Dialog Factory: class com.almasb.fxgl.ui.FXGLDialogFactory
UI Factory: class com.almasb.fxgl.ui.FXGLUIFactory
Notification Service: class com.almasb.fxgl.gameplay.notification.XboxNotificationView
Exception Handler: class com.almasb.fxgl.app.FXGLExceptionHandler
10:31:56.781 [JavaFX Application Thread] DEBUG GameApplication      - Configuring GameApplication
10:31:56.781 [JavaFX Application Thread] DEBUG GameApplication      - Initializing state machine and application states
10:31:56.790 [JavaFX Application Thread] DEBUG AssetLoader          - Loading from disk: /assets/ui/cursors/fxgl_default.png
10:31:56.807 [JavaFX Application Thread] DEBUG AssetLoader          - Loading from disk: /assets/ui/cursors/fxgl_default.png
10:31:56.823 [JavaFX Application Thread] DEBUG FXGLAssets           - Loading FXGLAssets
10:31:56.847 [JavaFX Application Thread] DEBUG AssetLoader          - Loading from disk: /assets/ui/fonts/VarelaRound-Regular.ttf
10:31:56.972 [JavaFX Application Thread] DEBUG AssetLoader          - Loading from disk: /assets/ui/fonts/lucida_console.ttf
10:31:56.981 [JavaFX Application Thread] DEBUG AssetLoader          - Loading from disk: /assets/ui/css/fxgl_dark.css
10:31:57.004 [JavaFX Application Thread] DEBUG AssetLoader          - Loading from disk: /assets/ui/cursors/fxgl_default.png
10:31:57.030 [JavaFX Application Thread] DEBUG AssetLoader          - Loading from disk: /assets/ui/cursors/fxgl_default.png
10:31:57.043 [JavaFX Application Thread] DEBUG GameScene            - Game scene initialized: 800x470
10:31:57.045 [JavaFX Application Thread] DEBUG GameWorld            - Game world initialized
10:31:57.082 [JavaFX Application Thread] DEBUG PhysicsWorld         - Physics world initialized: appHeight=470, physics.ppm=50.0
10:31:57.096 [JavaFX Application Thread] DEBUG Input                - Registered new binding: Pause - Esc
10:31:57.109 [JavaFX Application Thread] DEBUG Input                - Clearing active input actions
10:31:57.142 [JavaFX Application Thread] DEBUG AppStateMachine      - StartupState -> StartupState
10:31:57.145 [JavaFX Application Thread] INFO  GameApplication      - Game configuration took:  0.365 sec
10:31:57.147 [JavaFX Application Thread] DEBUG AssetLoader          - Loading from disk: /assets/textures/fxgl_icon.png
10:31:57.157 [JavaFX Application Thread] DEBUG MainWindow           - Opening main window
10:31:57.288 [JavaFX Application Thread] DEBUG MainWindow           - Window border size: (4.0, 26.666656494140625)
10:31:57.288 [JavaFX Application Thread] DEBUG MainWindow           - Scaled size: 800.0 x 470.0
10:31:57.289 [JavaFX Application Thread] DEBUG MainWindow           - Scaled ratio: (1.0, 1.0)
10:31:57.289 [JavaFX Application Thread] DEBUG MainWindow           - Scene size: 800.0 x 470.0
10:31:57.289 [JavaFX Application Thread] DEBUG MainWindow           - Stage size: 804.0 x 496.6666564941406
10:31:57.289 [JavaFX Application Thread] DEBUG GameApplication      - Running preInit()
10:31:57.290 [JavaFX Application Thread] DEBUG Input                - Registered new binding: Screenshot - P
10:31:57.291 [JavaFX Application Thread] DEBUG Input                - Registered new binding: Dev Options - CTRL+0
10:31:57.291 [JavaFX Application Thread] DEBUG Input                - Registered new binding: System info dump - CTRL+9
10:31:57.291 [JavaFX Application Thread] DEBUG Input                - Registered new binding: Restart - CTRL+R
10:31:57.291 [JavaFX Application Thread] DEBUG Input                - Registered new binding: up - W
10:31:57.292 [JavaFX Application Thread] DEBUG Input                - Registered new binding: down - S
10:31:57.292 [JavaFX Application Thread] DEBUG Input                - Registered new binding: left - A
10:31:57.292 [JavaFX Application Thread] DEBUG Input                - Registered new binding: right - D
10:31:57.292 [JavaFX Application Thread] DEBUG Input                - Registered new binding: testd - Space
10:31:57.318 [JavaFX Application Thread] DEBUG GameApplication      - Starting main loop
10:31:57.319 [JavaFX Application Thread] DEBUG StartupState         - STARTUP
10:31:57.319 [JavaFX Application Thread] DEBUG GameApplication      - Starting new game
10:31:57.319 [JavaFX Application Thread] DEBUG Input                - Clearing active input actions
10:31:57.327 [JavaFX Application Thread] DEBUG AppStateMachine      - StartupState -> LoadingState
10:31:57.331 [FXGL Background Thread 1 ] DEBUG InitAppTask          - Clearing previous game
10:31:57.332 [FXGL Background Thread 1 ] DEBUG GameWorld            - Clearing game world
10:31:57.332 [FXGL Background Thread 1 ] DEBUG PhysicsWorld         - Clearing physics world
10:31:57.332 [FXGL Background Thread 1 ] DEBUG GameScene            - Clearing game scene
10:31:57.333 [FXGL Background Thread 1 ] DEBUG InitAppTask          - Initializing Game
10:31:57.350 [FXGL Background Thread 1 ] DEBUG AssetLoader          - Loading from disk: /assets/textures/Frogger/splatting_frog.png
10:31:57.383 [FXGL Background Thread 1 ] DEBUG AssetLoader          - Loading from disk: /assets/textures/Frogger/frog_idle.png
10:31:57.389 [FXGL Background Thread 1 ] DEBUG GameScene            - Creating render group for layer: TOP(2147483647)
10:31:57.391 [FXGL Background Thread 1 ] DEBUG AssetLoader          - Loading from disk: /assets/textures/Frogger/full_log.png
10:31:57.399 [FXGL Background Thread 1 ] DEBUG GameScene            - Creating render group for layer: DEFAULT(100000)
10:31:57.400 [FXGL Background Thread 1 ] DEBUG AssetLoader          - Loading from cache: /assets/textures/Frogger/full_log.png
10:31:57.401 [FXGL Background Thread 1 ] DEBUG AssetLoader          - Loading from disk: /assets/textures/Frogger/half_log.png
10:31:57.404 [FXGL Background Thread 1 ] DEBUG AssetLoader          - Loading from disk: /assets/textures/Frogger/rotating_log.png
10:31:57.407 [FXGL Background Thread 1 ] DEBUG InitAppTask          - Initializing Physics
10:31:57.408 [FXGL Background Thread 1 ] DEBUG InitAppTask          - Initializing UI
10:31:57.408 [FXGL Background Thread 1 ] DEBUG AssetLoader          - Loading from disk: /assets/textures/Frogger/background.jpg
10:31:57.426 [FXGL Background Thread 1 ] DEBUG InitAppTask          - Initialization Complete
10:31:57.427 [FXGL Background Thread 1 ] INFO  InitAppTask          - Game initialization took: 0.095 sec
10:31:57.441 [JavaFX Application Thread] DEBUG Input                - Clearing active input actions
10:31:57.447 [JavaFX Application Thread] DEBUG AppStateMachine      - LoadingState -> PlayState
10:31:58.337 [JavaFX Application Thread] DEBUG AssetLoader          - Loading from disk: /assets/textures/Frogger/purple_car.png
10:31:58.339 [JavaFX Application Thread] DEBUG AssetLoader          - Loading from disk: /assets/textures/Frogger/orange_car.png
10:31:59.250 [JavaFX Application Thread] DEBUG AssetLoader          - Loading from cache: /assets/textures/Frogger/orange_car.png
10:31:59.251 [JavaFX Application Thread] DEBUG AssetLoader          - Loading from cache: /assets/textures/Frogger/orange_car.png
10:32:00.162 [JavaFX Application Thread] DEBUG AssetLoader          - Loading from cache: /assets/textures/Frogger/orange_car.png
10:32:00.163 [JavaFX Application Thread] DEBUG AssetLoader          - Loading from disk: /assets/textures/Frogger/green_car.png
10:32:01.090 [JavaFX Application Thread] DEBUG AssetLoader          - Loading from cache: /assets/textures/Frogger/purple_car.png
10:32:01.091 [JavaFX Application Thread] DEBUG AssetLoader          - Loading from cache: /assets/textures/Frogger/green_car.png
10:32:02.001 [JavaFX Application Thread] DEBUG AssetLoader          - Loading from cache: /assets/textures/Frogger/green_car.png
10:32:02.002 [JavaFX Application Thread] DEBUG AssetLoader          - Loading from cache: /assets/textures/Frogger/green_car.png
10:32:02.003 [JavaFX Application Thread] DEBUG AssetLoader          - Loading from cache: /assets/textures/Frogger/full_log.png
10:32:02.004 [JavaFX Application Thread] DEBUG AssetLoader          - Loading from cache: /assets/textures/Frogger/full_log.png
10:32:02.915 [JavaFX Application Thread] DEBUG AssetLoader          - Loading from cache: /assets/textures/Frogger/green_car.png
10:32:02.916 [JavaFX Application Thread] DEBUG AssetLoader          - Loading from cache: /assets/textures/Frogger/purple_car.png
10:32:03.870 [JavaFX Application Thread] DEBUG GameApplication      - Exiting game application
10:32:03.870 [JavaFX Application Thread] DEBUG GameApplication      - Shutting down background threads
10:32:03.871 [JavaFX Application Thread] DEBUG GameApplication      - Exiting FXGL
10:32:03.871 [JavaFX Application Thread] DEBUG FXGL                 - Saving FXGL system data
10:32:03.873 [JavaFX Application Thread] DEBUG DesktopFSService     - Writing to: system\fxgl.bundle
10:32:03.876 [JavaFX Application Thread] DEBUG GameApplication      - Closing logger and exiting JavaFX
