11:46:56.450 [JavaFX Application Thread] DEBUG GameApplication      - Logger initialized
11:46:56.456 [JavaFX Application Thread] DEBUG MainWindow           - Creating a JavaFX scene
11:46:56.528 [JavaFX Application Thread] DEBUG MainWindow           - Target settings size: 700.0 x 490.0
11:46:56.528 [JavaFX Application Thread] DEBUG MainWindow           - Scaled scene size:    700.0 x 490.0
11:46:56.528 [JavaFX Application Thread] DEBUG MainWindow           - Scaled ratio: (1.0, 1.0)
11:46:56.533 [JavaFX Application Thread] DEBUG GameApplication      - Starting FXGL
11:46:56.543 [JavaFX Application Thread] INFO  FXGL                 - FXGL-0.5.1 on DESKTOP
11:46:56.544 [JavaFX Application Thread] INFO  FXGL                 - Source code and latest versions at: https://github.com/AlmasB/FXGL
11:46:56.544 [JavaFX Application Thread] INFO  FXGL                 -              Join the FXGL chat at: https://gitter.im/AlmasB/FXGL
11:46:56.549 [JavaFX Application Thread] DEBUG FS                   - Loaded DesktopFSService
11:46:56.550 [JavaFX Application Thread] DEBUG FXGL                 - Loading FXGL system data
11:46:56.557 [JavaFX Application Thread] DEBUG DesktopFSService     - Reading from: system\fxgl.bundle
11:46:56.563 [JavaFX Application Thread] DEBUG Bundle               - Logging bundle: FXGL
11:46:56.564 [JavaFX Application Thread] DEBUG Bundle               - FXGL.offline.timer.version.check=2018-05-24T09:09:49.283
11:46:56.586 [JavaFX Application Thread] DEBUG GameApplication      - FXGL started
11:46:56.587 [JavaFX Application Thread] DEBUG GameApplication      - Logging game settings
Title: Platformer
Version: 
Width: 700
Height: 490
Fullscreen: false
Intro: false
Menus: false
Profiling: false
Single step:false
App Mode: DEVELOPER
Menu Key: ESCAPE
Stage Style: DECORATED
Scene Factory: class com.almasb.fxgl.scene.SceneFactory
Dialog Factory: class com.almasb.fxgl.ui.FXGLDialogFactory
UI Factory: class com.almasb.fxgl.ui.FXGLUIFactory
Notification Service: class com.almasb.fxgl.gameplay.notification.XboxNotificationView
Exception Handler: class com.almasb.fxgl.app.FXGLExceptionHandler
11:46:56.588 [JavaFX Application Thread] DEBUG GameApplication      - Configuring GameApplication
11:46:56.588 [JavaFX Application Thread] DEBUG GameApplication      - Initializing state machine and application states
11:46:56.599 [JavaFX Application Thread] DEBUG AssetLoader          - Loading from disk: /assets/ui/cursors/fxgl_default.png
11:46:56.618 [JavaFX Application Thread] DEBUG AssetLoader          - Loading from disk: /assets/ui/cursors/fxgl_default.png
11:46:56.635 [JavaFX Application Thread] DEBUG FXGLAssets           - Loading FXGLAssets
11:46:56.658 [JavaFX Application Thread] DEBUG AssetLoader          - Loading from disk: /assets/ui/fonts/VarelaRound-Regular.ttf
11:46:56.780 [JavaFX Application Thread] DEBUG AssetLoader          - Loading from disk: /assets/ui/fonts/lucida_console.ttf
11:46:56.789 [JavaFX Application Thread] DEBUG AssetLoader          - Loading from disk: /assets/ui/css/fxgl_dark.css
11:46:56.811 [JavaFX Application Thread] DEBUG AssetLoader          - Loading from disk: /assets/ui/cursors/fxgl_default.png
11:46:56.836 [JavaFX Application Thread] DEBUG AssetLoader          - Loading from disk: /assets/ui/cursors/fxgl_default.png
11:46:56.851 [JavaFX Application Thread] DEBUG GameScene            - Game scene initialized: 700x490
11:46:56.853 [JavaFX Application Thread] DEBUG GameWorld            - Game world initialized
11:46:56.894 [JavaFX Application Thread] DEBUG PhysicsWorld         - Physics world initialized: appHeight=490, physics.ppm=50.0
11:46:56.911 [JavaFX Application Thread] DEBUG Input                - Registered new binding: Pause - Esc
11:46:56.926 [JavaFX Application Thread] DEBUG Input                - Clearing active input actions
11:46:56.955 [JavaFX Application Thread] DEBUG AppStateMachine      - StartupState -> StartupState
11:46:56.958 [JavaFX Application Thread] INFO  GameApplication      - Game configuration took:  0.370 sec
11:46:56.960 [JavaFX Application Thread] DEBUG AssetLoader          - Loading from disk: /assets/textures/fxgl_icon.png
11:46:56.969 [JavaFX Application Thread] DEBUG MainWindow           - Opening main window
11:46:57.107 [JavaFX Application Thread] DEBUG MainWindow           - Window border size: (4.0, 26.66668701171875)
11:46:57.107 [JavaFX Application Thread] DEBUG MainWindow           - Scaled size: 700.0 x 490.0
11:46:57.107 [JavaFX Application Thread] DEBUG MainWindow           - Scaled ratio: (1.0, 1.0)
11:46:57.108 [JavaFX Application Thread] DEBUG MainWindow           - Scene size: 700.0 x 490.0
11:46:57.108 [JavaFX Application Thread] DEBUG MainWindow           - Stage size: 704.0 x 516.6666870117188
11:46:57.108 [JavaFX Application Thread] DEBUG GameApplication      - Running preInit()
11:46:57.110 [JavaFX Application Thread] DEBUG Input                - Registered new binding: Screenshot - P
11:46:57.110 [JavaFX Application Thread] DEBUG Input                - Registered new binding: Dev Options - CTRL+0
11:46:57.111 [JavaFX Application Thread] DEBUG Input                - Registered new binding: System info dump - CTRL+9
11:46:57.111 [JavaFX Application Thread] DEBUG Input                - Registered new binding: Restart - CTRL+R
11:46:57.114 [JavaFX Application Thread] DEBUG AssetLoader          - Loading from disk: /assets/textures/Platformer/run_sheet.png
11:46:57.146 [JavaFX Application Thread] DEBUG AssetLoader          - Loading from disk: /assets/textures/Platformer/stand_sheet.png
11:46:57.152 [JavaFX Application Thread] DEBUG Input                - Registered new binding: run_right - Right
11:46:57.152 [JavaFX Application Thread] DEBUG Input                - Registered new binding: run_left - Left
11:46:57.152 [JavaFX Application Thread] DEBUG Input                - Registered new binding: jump - Up
11:46:57.184 [JavaFX Application Thread] DEBUG GameApplication      - Starting main loop
11:46:57.185 [JavaFX Application Thread] DEBUG StartupState         - STARTUP
11:46:57.185 [JavaFX Application Thread] DEBUG GameApplication      - Starting new game
11:46:57.186 [JavaFX Application Thread] DEBUG Input                - Clearing active input actions
11:46:57.191 [JavaFX Application Thread] DEBUG AppStateMachine      - StartupState -> LoadingState
11:46:57.196 [FXGL Background Thread 1 ] DEBUG InitAppTask          - Clearing previous game
11:46:57.196 [FXGL Background Thread 1 ] DEBUG GameWorld            - Clearing game world
11:46:57.196 [FXGL Background Thread 1 ] DEBUG PhysicsWorld         - Clearing physics world
11:46:57.196 [FXGL Background Thread 1 ] DEBUG GameScene            - Clearing game scene
11:46:57.197 [FXGL Background Thread 1 ] DEBUG InitAppTask          - Initializing Game
11:46:57.214 [FXGL Background Thread 1 ] DEBUG AssetLoader          - Loading from disk: /assets/tmx/platformer_map_1.tmx
11:46:57.233 [FXGL Background Thread 1 ] WARN  TMXParser            - TiledMap generated from 1.1.5. Supported version: 1.1.2. Some features may not be parsed fully.
11:46:57.251 [FXGL Background Thread 1 ] DEBUG GameWorld            - Clearing removable entities
11:46:57.252 [FXGL Background Thread 1 ] DEBUG GameWorld            - Setting level from map
11:46:57.272 [FXGL Background Thread 1 ] DEBUG AssetLoader          - Loading from disk: /assets/textures/map_tiles.png
11:46:57.284 [FXGL Background Thread 1 ] DEBUG AssetLoader          - Loading from cache: /assets/textures/map_tiles.png
11:46:57.285 [FXGL Background Thread 1 ] DEBUG AssetLoader          - Loading from cache: /assets/textures/map_tiles.png
11:46:57.285 [FXGL Background Thread 1 ] DEBUG AssetLoader          - Loading from cache: /assets/textures/map_tiles.png
11:46:57.285 [FXGL Background Thread 1 ] DEBUG AssetLoader          - Loading from cache: /assets/textures/map_tiles.png
11:46:57.285 [FXGL Background Thread 1 ] DEBUG AssetLoader          - Loading from cache: /assets/textures/map_tiles.png
11:46:57.285 [FXGL Background Thread 1 ] DEBUG AssetLoader          - Loading from cache: /assets/textures/map_tiles.png
11:46:57.285 [FXGL Background Thread 1 ] DEBUG AssetLoader          - Loading from cache: /assets/textures/map_tiles.png
11:46:57.286 [FXGL Background Thread 1 ] DEBUG AssetLoader          - Loading from cache: /assets/textures/map_tiles.png
11:46:57.286 [FXGL Background Thread 1 ] DEBUG AssetLoader          - Loading from cache: /assets/textures/map_tiles.png
11:46:57.286 [FXGL Background Thread 1 ] DEBUG AssetLoader          - Loading from cache: /assets/textures/map_tiles.png
11:46:57.286 [FXGL Background Thread 1 ] DEBUG AssetLoader          - Loading from cache: /assets/textures/map_tiles.png
11:46:57.286 [FXGL Background Thread 1 ] DEBUG AssetLoader          - Loading from cache: /assets/textures/map_tiles.png
11:46:57.286 [FXGL Background Thread 1 ] DEBUG AssetLoader          - Loading from cache: /assets/textures/map_tiles.png
11:46:57.286 [FXGL Background Thread 1 ] DEBUG AssetLoader          - Loading from cache: /assets/textures/map_tiles.png
11:46:57.286 [FXGL Background Thread 1 ] DEBUG AssetLoader          - Loading from cache: /assets/textures/map_tiles.png
11:46:57.287 [FXGL Background Thread 1 ] DEBUG AssetLoader          - Loading from cache: /assets/textures/map_tiles.png
11:46:57.287 [FXGL Background Thread 1 ] DEBUG AssetLoader          - Loading from cache: /assets/textures/map_tiles.png
11:46:57.287 [FXGL Background Thread 1 ] DEBUG AssetLoader          - Loading from cache: /assets/textures/map_tiles.png
11:46:57.287 [FXGL Background Thread 1 ] DEBUG AssetLoader          - Loading from cache: /assets/textures/map_tiles.png
11:46:57.287 [FXGL Background Thread 1 ] DEBUG AssetLoader          - Loading from cache: /assets/textures/map_tiles.png
11:46:57.287 [FXGL Background Thread 1 ] DEBUG AssetLoader          - Loading from cache: /assets/textures/map_tiles.png
11:46:57.287 [FXGL Background Thread 1 ] DEBUG AssetLoader          - Loading from cache: /assets/textures/map_tiles.png
11:46:57.287 [FXGL Background Thread 1 ] DEBUG AssetLoader          - Loading from cache: /assets/textures/map_tiles.png
11:46:57.288 [FXGL Background Thread 1 ] DEBUG AssetLoader          - Loading from cache: /assets/textures/map_tiles.png
11:46:57.288 [FXGL Background Thread 1 ] DEBUG AssetLoader          - Loading from cache: /assets/textures/map_tiles.png
11:46:57.288 [FXGL Background Thread 1 ] DEBUG AssetLoader          - Loading from cache: /assets/textures/map_tiles.png
11:46:57.288 [FXGL Background Thread 1 ] DEBUG AssetLoader          - Loading from cache: /assets/textures/map_tiles.png
11:46:57.288 [FXGL Background Thread 1 ] DEBUG AssetLoader          - Loading from cache: /assets/textures/map_tiles.png
11:46:57.288 [FXGL Background Thread 1 ] DEBUG AssetLoader          - Loading from cache: /assets/textures/map_tiles.png
11:46:57.288 [FXGL Background Thread 1 ] DEBUG AssetLoader          - Loading from cache: /assets/textures/map_tiles.png
11:46:57.289 [FXGL Background Thread 1 ] DEBUG AssetLoader          - Loading from cache: /assets/textures/map_tiles.png
11:46:57.289 [FXGL Background Thread 1 ] DEBUG AssetLoader          - Loading from cache: /assets/textures/map_tiles.png
11:46:57.289 [FXGL Background Thread 1 ] DEBUG AssetLoader          - Loading from cache: /assets/textures/map_tiles.png
11:46:57.289 [FXGL Background Thread 1 ] DEBUG AssetLoader          - Loading from cache: /assets/textures/map_tiles.png
11:46:57.289 [FXGL Background Thread 1 ] DEBUG AssetLoader          - Loading from cache: /assets/textures/map_tiles.png
11:46:57.289 [FXGL Background Thread 1 ] DEBUG AssetLoader          - Loading from cache: /assets/textures/map_tiles.png
11:46:57.289 [FXGL Background Thread 1 ] DEBUG AssetLoader          - Loading from cache: /assets/textures/map_tiles.png
11:46:57.290 [FXGL Background Thread 1 ] DEBUG AssetLoader          - Loading from cache: /assets/textures/map_tiles.png
11:46:57.290 [FXGL Background Thread 1 ] DEBUG AssetLoader          - Loading from cache: /assets/textures/map_tiles.png
11:46:57.290 [FXGL Background Thread 1 ] DEBUG AssetLoader          - Loading from cache: /assets/textures/map_tiles.png
11:46:57.290 [FXGL Background Thread 1 ] DEBUG AssetLoader          - Loading from cache: /assets/textures/map_tiles.png
11:46:57.290 [FXGL Background Thread 1 ] DEBUG AssetLoader          - Loading from cache: /assets/textures/map_tiles.png
11:46:57.290 [FXGL Background Thread 1 ] DEBUG AssetLoader          - Loading from cache: /assets/textures/map_tiles.png
11:46:57.290 [FXGL Background Thread 1 ] DEBUG AssetLoader          - Loading from cache: /assets/textures/map_tiles.png
11:46:57.290 [FXGL Background Thread 1 ] DEBUG AssetLoader          - Loading from cache: /assets/textures/map_tiles.png
11:46:57.291 [FXGL Background Thread 1 ] DEBUG AssetLoader          - Loading from cache: /assets/textures/map_tiles.png
11:46:57.291 [FXGL Background Thread 1 ] DEBUG AssetLoader          - Loading from cache: /assets/textures/map_tiles.png
11:46:57.291 [FXGL Background Thread 1 ] DEBUG AssetLoader          - Loading from cache: /assets/textures/map_tiles.png
11:46:57.291 [FXGL Background Thread 1 ] DEBUG AssetLoader          - Loading from cache: /assets/textures/map_tiles.png
11:46:57.291 [FXGL Background Thread 1 ] DEBUG AssetLoader          - Loading from cache: /assets/textures/map_tiles.png
11:46:57.291 [FXGL Background Thread 1 ] DEBUG AssetLoader          - Loading from cache: /assets/textures/map_tiles.png
11:46:57.291 [FXGL Background Thread 1 ] DEBUG AssetLoader          - Loading from cache: /assets/textures/map_tiles.png
11:46:57.292 [FXGL Background Thread 1 ] DEBUG AssetLoader          - Loading from cache: /assets/textures/map_tiles.png
11:46:57.292 [FXGL Background Thread 1 ] DEBUG AssetLoader          - Loading from cache: /assets/textures/map_tiles.png
11:46:57.292 [FXGL Background Thread 1 ] DEBUG AssetLoader          - Loading from cache: /assets/textures/map_tiles.png
11:46:57.293 [FXGL Background Thread 1 ] DEBUG AssetLoader          - Loading from cache: /assets/textures/map_tiles.png
11:46:57.293 [FXGL Background Thread 1 ] DEBUG AssetLoader          - Loading from cache: /assets/textures/map_tiles.png
11:46:57.293 [FXGL Background Thread 1 ] DEBUG AssetLoader          - Loading from cache: /assets/textures/map_tiles.png
11:46:57.293 [FXGL Background Thread 1 ] DEBUG AssetLoader          - Loading from cache: /assets/textures/map_tiles.png
11:46:57.293 [FXGL Background Thread 1 ] DEBUG AssetLoader          - Loading from cache: /assets/textures/map_tiles.png
11:46:57.293 [FXGL Background Thread 1 ] DEBUG AssetLoader          - Loading from cache: /assets/textures/map_tiles.png
11:46:57.293 [FXGL Background Thread 1 ] DEBUG AssetLoader          - Loading from cache: /assets/textures/map_tiles.png
11:46:57.295 [FXGL Background Thread 1 ] DEBUG GameScene            - Creating render group for layer: BACKGROUND(1000)
11:46:57.336 [FXGL Background Thread 1 ] DEBUG GameScene            - Creating render group for layer: DEFAULT(100000)
11:46:57.354 [FXGL Background Thread 1 ] DEBUG AssetLoader          - Loading from cache: /assets/textures/Platformer/stand_sheet.png
11:46:57.354 [FXGL Background Thread 1 ] DEBUG AssetLoader          - Loading from disk: /assets/textures/Platformer/jump-fall.png
11:46:57.358 [FXGL Background Thread 1 ] DEBUG AssetLoader          - Loading from disk: /assets/textures/Platformer/jump-up.png
11:46:57.363 [FXGL Background Thread 1 ] DEBUG InitAppTask          - Initializing Physics
11:46:57.363 [FXGL Background Thread 1 ] DEBUG InitAppTask          - Initializing UI
11:46:57.363 [FXGL Background Thread 1 ] DEBUG InitAppTask          - Initialization Complete
11:46:57.363 [FXGL Background Thread 1 ] INFO  InitAppTask          - Game initialization took: 0.167 sec
11:46:57.366 [JavaFX Application Thread] DEBUG Input                - Clearing active input actions
11:46:57.372 [JavaFX Application Thread] DEBUG AppStateMachine      - LoadingState -> PlayState
11:47:06.604 [JavaFX Application Thread] DEBUG GameApplication      - Exiting game application
11:47:06.605 [JavaFX Application Thread] DEBUG GameApplication      - Shutting down background threads
11:47:06.605 [JavaFX Application Thread] DEBUG GameApplication      - Exiting FXGL
11:47:06.605 [JavaFX Application Thread] DEBUG FXGL                 - Saving FXGL system data
11:47:06.607 [JavaFX Application Thread] DEBUG DesktopFSService     - Writing to: system\fxgl.bundle
11:47:06.611 [JavaFX Application Thread] DEBUG GameApplication      - Closing logger and exiting JavaFX
