13:27:51.422 [JavaFX Application Thread] DEBUG GameApplication      - Logger initialized
13:27:51.429 [JavaFX Application Thread] DEBUG MainWindow           - Creating a JavaFX scene
13:27:51.505 [JavaFX Application Thread] DEBUG MainWindow           - Target settings size: 800.0 x 400.0
13:27:51.505 [JavaFX Application Thread] DEBUG MainWindow           - Scaled scene size:    800.0 x 400.0
13:27:51.506 [JavaFX Application Thread] DEBUG MainWindow           - Scaled ratio: (1.0, 1.0)
13:27:51.510 [JavaFX Application Thread] DEBUG GameApplication      - Starting FXGL
13:27:51.520 [JavaFX Application Thread] INFO  FXGL                 - FXGL-0.5.1 on DESKTOP
13:27:51.521 [JavaFX Application Thread] INFO  FXGL                 - Source code and latest versions at: https://github.com/AlmasB/FXGL
13:27:51.521 [JavaFX Application Thread] INFO  FXGL                 -              Join the FXGL chat at: https://gitter.im/AlmasB/FXGL
13:27:51.526 [JavaFX Application Thread] DEBUG FS                   - Loaded DesktopFSService
13:27:51.527 [JavaFX Application Thread] DEBUG FXGL                 - Loading FXGL system data
13:27:51.535 [JavaFX Application Thread] DEBUG DesktopFSService     - Reading from: system\fxgl.bundle
13:27:51.543 [JavaFX Application Thread] DEBUG Bundle               - Logging bundle: FXGL
13:27:51.544 [JavaFX Application Thread] DEBUG Bundle               - FXGL.offline.timer.version.check=2018-05-16T18:22:51.838
13:27:51.568 [JavaFX Application Thread] DEBUG GameApplication      - FXGL started
13:27:51.568 [JavaFX Application Thread] DEBUG GameApplication      - Logging game settings
Title: FlappyBird
Version: 0.2.0
Width: 800
Height: 400
Fullscreen: false
Intro: false
Menus: false
Profiling: false
Single step:false
App Mode: DEVELOPER
Menu Key: ESCAPE
Stage Style: DECORATED
Scene Factory: class com.almasb.fxgl.scene.SceneFactory
Dialog Factory: class com.almasb.fxgl.ui.FXGLDialogFactory
UI Factory: class com.almasb.fxgl.ui.FXGLUIFactory
Notification Service: class com.almasb.fxgl.gameplay.notification.XboxNotificationView
Exception Handler: class com.almasb.fxgl.app.FXGLExceptionHandler
13:27:51.569 [JavaFX Application Thread] DEBUG GameApplication      - Configuring GameApplication
13:27:51.569 [JavaFX Application Thread] DEBUG GameApplication      - Initializing state machine and application states
13:27:51.583 [JavaFX Application Thread] DEBUG AssetLoader          - Loading from disk: /assets/ui/cursors/fxgl_default.png
13:27:51.603 [JavaFX Application Thread] DEBUG AssetLoader          - Loading from disk: /assets/ui/cursors/fxgl_default.png
13:27:51.623 [JavaFX Application Thread] DEBUG FXGLAssets           - Loading FXGLAssets
13:27:51.651 [JavaFX Application Thread] DEBUG AssetLoader          - Loading from disk: /assets/ui/fonts/VarelaRound-Regular.ttf
13:27:51.784 [JavaFX Application Thread] DEBUG AssetLoader          - Loading from disk: /assets/ui/fonts/lucida_console.ttf
13:27:51.792 [JavaFX Application Thread] DEBUG AssetLoader          - Loading from disk: /assets/ui/css/fxgl_dark.css
13:27:51.816 [JavaFX Application Thread] DEBUG AssetLoader          - Loading from disk: /assets/ui/cursors/fxgl_default.png
13:27:51.841 [JavaFX Application Thread] DEBUG AssetLoader          - Loading from disk: /assets/ui/cursors/fxgl_default.png
13:27:51.854 [JavaFX Application Thread] DEBUG GameScene            - Game scene initialized: 800x400
13:27:51.856 [JavaFX Application Thread] DEBUG GameWorld            - Game world initialized
13:27:51.894 [JavaFX Application Thread] DEBUG PhysicsWorld         - Physics world initialized: appHeight=400, physics.ppm=50.0
13:27:51.908 [JavaFX Application Thread] DEBUG Input                - Registered new binding: Pause - Esc
13:27:51.923 [JavaFX Application Thread] DEBUG Input                - Clearing active input actions
13:27:51.958 [JavaFX Application Thread] DEBUG AppStateMachine      - StartupState -> StartupState
13:27:51.961 [JavaFX Application Thread] INFO  GameApplication      - Game configuration took:  0.392 sec
13:27:51.962 [JavaFX Application Thread] DEBUG AssetLoader          - Loading from disk: /assets/textures/fxgl_icon.png
13:27:51.973 [JavaFX Application Thread] DEBUG MainWindow           - Opening main window
13:27:52.106 [JavaFX Application Thread] DEBUG MainWindow           - Window border size: (4.0, 26.666656494140625)
13:27:52.106 [JavaFX Application Thread] DEBUG MainWindow           - Scaled size: 800.0 x 400.0
13:27:52.106 [JavaFX Application Thread] DEBUG MainWindow           - Scaled ratio: (1.0, 1.0)
13:27:52.106 [JavaFX Application Thread] DEBUG MainWindow           - Scene size: 800.0 x 400.0
13:27:52.106 [JavaFX Application Thread] DEBUG MainWindow           - Stage size: 804.0 x 426.6666564941406
13:27:52.107 [JavaFX Application Thread] DEBUG GameApplication      - Running preInit()
13:27:52.108 [JavaFX Application Thread] DEBUG Input                - Registered new binding: Screenshot - P
13:27:52.108 [JavaFX Application Thread] DEBUG Input                - Registered new binding: Dev Options - CTRL+0
13:27:52.109 [JavaFX Application Thread] DEBUG Input                - Registered new binding: System info dump - CTRL+9
13:27:52.109 [JavaFX Application Thread] DEBUG Input                - Registered new binding: Restart - CTRL+R
13:27:52.109 [JavaFX Application Thread] DEBUG Input                - Registered new binding: flap - Space
13:27:52.110 [JavaFX Application Thread] FATAL GameApplication      - Uncaught Exception:

Fatal exception occurred: java.lang.IllegalArgumentException : Action with name "flap" already exists
E: com.almasb.fxgl.input.Input.addBinding(Input.kt:291)
E: com.almasb.fxgl.input.Input.addAction(Input.kt:272)
E: com.almasb.fxgl.input.Input.addAction$default(Input.kt:271)
E: com.almasb.fxgl.input.Input.addAction(Input.kt)
E: FlappyPort.FlappyBird_App.initInput(FlappyBird_App.java:126)
E: com.almasb.fxgl.app.GameApplication.runPreInit(GameApplication.java:310)
E: com.almasb.fxgl.app.GameApplication.start(GameApplication.java:115)
E: com.sun.javafx.application.LauncherImpl.lambda$launchApplication1$161(LauncherImpl.java:863)
E: com.sun.javafx.application.PlatformImpl.lambda$runAndWait$174(PlatformImpl.java:326)
E: com.sun.javafx.application.PlatformImpl.lambda$null$172(PlatformImpl.java:295)
E: java.security.AccessController.doPrivileged(Native Method)
E: com.sun.javafx.application.PlatformImpl.lambda$runLater$173(PlatformImpl.java:294)
E: com.sun.glass.ui.InvokeLaterDispatcher$Future.run(InvokeLaterDispatcher.java:95)
E: com.sun.glass.ui.win.WinApplication._runLoop(Native Method)
E: com.sun.glass.ui.win.WinApplication.lambda$null$147(WinApplication.java:177)
E: java.lang.Thread.run(Unknown Source)

13:27:52.110 [JavaFX Application Thread] FATAL GameApplication      - Application will now exit
