10:15:19.268 [JavaFX Application Thread] DEBUG GameApplication      - Logger initialized
10:15:19.274 [JavaFX Application Thread] DEBUG MainWindow           - Creating a JavaFX scene
10:15:19.344 [JavaFX Application Thread] DEBUG MainWindow           - Target settings size: 800.0 x 470.0
10:15:19.344 [JavaFX Application Thread] DEBUG MainWindow           - Scaled scene size:    800.0 x 470.0
10:15:19.344 [JavaFX Application Thread] DEBUG MainWindow           - Scaled ratio: (1.0, 1.0)
10:15:19.349 [JavaFX Application Thread] DEBUG GameApplication      - Starting FXGL
10:15:19.358 [JavaFX Application Thread] INFO  FXGL                 - FXGL-0.5.1 on DESKTOP
10:15:19.359 [JavaFX Application Thread] INFO  FXGL                 - Source code and latest versions at: https://github.com/AlmasB/FXGL
10:15:19.359 [JavaFX Application Thread] INFO  FXGL                 -              Join the FXGL chat at: https://gitter.im/AlmasB/FXGL
10:15:19.364 [JavaFX Application Thread] DEBUG FS                   - Loaded DesktopFSService
10:15:19.365 [JavaFX Application Thread] DEBUG FXGL                 - Loading FXGL system data
10:15:19.371 [JavaFX Application Thread] DEBUG DesktopFSService     - Reading from: system\fxgl.bundle
10:15:19.378 [JavaFX Application Thread] DEBUG Bundle               - Logging bundle: FXGL
10:15:19.379 [JavaFX Application Thread] DEBUG Bundle               - FXGL.offline.timer.version.check=2018-05-16T18:22:51.838
10:15:19.407 [JavaFX Application Thread] DEBUG GameApplication      - FXGL started
10:15:19.407 [JavaFX Application Thread] DEBUG GameApplication      - Logging game settings
Title: Frogger
Version: 0.2.0
Width: 800
Height: 470
Fullscreen: false
Intro: false
Menus: false
Profiling: false
Single step:false
App Mode: DEVELOPER
Menu Key: ESCAPE
Stage Style: DECORATED
Scene Factory: class com.almasb.fxgl.scene.SceneFactory
Dialog Factory: class com.almasb.fxgl.ui.FXGLDialogFactory
UI Factory: class com.almasb.fxgl.ui.FXGLUIFactory
Notification Service: class com.almasb.fxgl.gameplay.notification.XboxNotificationView
Exception Handler: class com.almasb.fxgl.app.FXGLExceptionHandler
10:15:19.408 [JavaFX Application Thread] DEBUG GameApplication      - Configuring GameApplication
10:15:19.409 [JavaFX Application Thread] DEBUG GameApplication      - Initializing state machine and application states
10:15:19.426 [JavaFX Application Thread] DEBUG AssetLoader          - Loading from disk: /assets/ui/cursors/fxgl_default.png
10:15:19.449 [JavaFX Application Thread] DEBUG AssetLoader          - Loading from disk: /assets/ui/cursors/fxgl_default.png
10:15:19.467 [JavaFX Application Thread] DEBUG FXGLAssets           - Loading FXGLAssets
10:15:19.491 [JavaFX Application Thread] DEBUG AssetLoader          - Loading from disk: /assets/ui/fonts/VarelaRound-Regular.ttf
10:15:19.620 [JavaFX Application Thread] DEBUG AssetLoader          - Loading from disk: /assets/ui/fonts/lucida_console.ttf
10:15:19.628 [JavaFX Application Thread] DEBUG AssetLoader          - Loading from disk: /assets/ui/css/fxgl_dark.css
10:15:19.651 [JavaFX Application Thread] DEBUG AssetLoader          - Loading from disk: /assets/ui/cursors/fxgl_default.png
10:15:19.676 [JavaFX Application Thread] DEBUG AssetLoader          - Loading from disk: /assets/ui/cursors/fxgl_default.png
10:15:19.689 [JavaFX Application Thread] DEBUG GameScene            - Game scene initialized: 800x470
10:15:19.692 [JavaFX Application Thread] DEBUG GameWorld            - Game world initialized
10:15:19.728 [JavaFX Application Thread] DEBUG PhysicsWorld         - Physics world initialized: appHeight=470, physics.ppm=50.0
10:15:19.742 [JavaFX Application Thread] DEBUG Input                - Registered new binding: Pause - Esc
10:15:19.756 [JavaFX Application Thread] DEBUG Input                - Clearing active input actions
10:15:19.792 [JavaFX Application Thread] DEBUG AppStateMachine      - StartupState -> StartupState
10:15:19.795 [JavaFX Application Thread] INFO  GameApplication      - Game configuration took:  0.387 sec
10:15:19.797 [JavaFX Application Thread] DEBUG AssetLoader          - Loading from disk: /assets/textures/fxgl_icon.png
10:15:19.807 [JavaFX Application Thread] DEBUG MainWindow           - Opening main window
10:15:19.951 [JavaFX Application Thread] DEBUG MainWindow           - Window border size: (4.0, 26.666656494140625)
10:15:19.951 [JavaFX Application Thread] DEBUG MainWindow           - Scaled size: 800.0 x 470.0
10:15:19.952 [JavaFX Application Thread] DEBUG MainWindow           - Scaled ratio: (1.0, 1.0)
10:15:19.952 [JavaFX Application Thread] DEBUG MainWindow           - Scene size: 800.0 x 470.0
10:15:19.952 [JavaFX Application Thread] DEBUG MainWindow           - Stage size: 804.0 x 496.6666564941406
10:15:19.952 [JavaFX Application Thread] DEBUG GameApplication      - Running preInit()
10:15:19.953 [JavaFX Application Thread] DEBUG Input                - Registered new binding: Screenshot - P
10:15:19.954 [JavaFX Application Thread] DEBUG Input                - Registered new binding: Dev Options - CTRL+0
10:15:19.955 [JavaFX Application Thread] DEBUG Input                - Registered new binding: System info dump - CTRL+9
10:15:19.955 [JavaFX Application Thread] DEBUG Input                - Registered new binding: Restart - CTRL+R
10:15:19.956 [JavaFX Application Thread] DEBUG Input                - Registered new binding: up - W
10:15:19.956 [JavaFX Application Thread] DEBUG Input                - Registered new binding: down - S
10:15:19.956 [JavaFX Application Thread] DEBUG Input                - Registered new binding: left - A
10:15:19.956 [JavaFX Application Thread] DEBUG Input                - Registered new binding: right - D
10:15:19.986 [JavaFX Application Thread] DEBUG GameApplication      - Starting main loop
10:15:19.988 [JavaFX Application Thread] DEBUG StartupState         - STARTUP
10:15:19.988 [JavaFX Application Thread] DEBUG GameApplication      - Starting new game
10:15:19.988 [JavaFX Application Thread] DEBUG Input                - Clearing active input actions
10:15:19.995 [JavaFX Application Thread] DEBUG AppStateMachine      - StartupState -> LoadingState
10:15:19.999 [FXGL Background Thread 1 ] DEBUG InitAppTask          - Clearing previous game
10:15:19.999 [FXGL Background Thread 1 ] DEBUG GameWorld            - Clearing game world
10:15:20.000 [FXGL Background Thread 1 ] DEBUG PhysicsWorld         - Clearing physics world
10:15:20.000 [FXGL Background Thread 1 ] DEBUG GameScene            - Clearing game scene
10:15:20.001 [FXGL Background Thread 1 ] DEBUG InitAppTask          - Initializing Game
10:15:20.051 [FXGL Background Thread 1 ] DEBUG AssetLoader          - Loading from disk: /assets/textures/Frogger/frog_idle.png
10:15:20.063 [FXGL Background Thread 1 ] DEBUG GameScene            - Creating render group for layer: DEFAULT(100000)
10:15:20.065 [FXGL Background Thread 1 ] DEBUG InitAppTask          - Initializing Physics
10:15:20.065 [FXGL Background Thread 1 ] DEBUG InitAppTask          - Initializing UI
10:15:20.065 [FXGL Background Thread 1 ] DEBUG AssetLoader          - Loading from disk: /assets/textures/Frogger/background.jpg
10:15:20.076 [FXGL Background Thread 1 ] DEBUG InitAppTask          - Initialization Complete
10:15:20.076 [FXGL Background Thread 1 ] INFO  InitAppTask          - Game initialization took: 0.076 sec
10:15:20.082 [JavaFX Application Thread] DEBUG Input                - Clearing active input actions
10:15:20.087 [JavaFX Application Thread] DEBUG AppStateMachine      - LoadingState -> PlayState
10:15:22.056 [JavaFX Application Thread] DEBUG AssetLoader          - Loading from disk: /assets/ui/dev_menu_bar.fxml
10:15:26.441 [JavaFX Application Thread] DEBUG GameApplication      - Exiting game application
10:15:26.441 [JavaFX Application Thread] DEBUG GameApplication      - Shutting down background threads
10:15:26.441 [JavaFX Application Thread] DEBUG GameApplication      - Exiting FXGL
10:15:26.442 [JavaFX Application Thread] DEBUG FXGL                 - Saving FXGL system data
10:15:26.443 [JavaFX Application Thread] DEBUG DesktopFSService     - Writing to: system\fxgl.bundle
10:15:26.446 [JavaFX Application Thread] DEBUG GameApplication      - Closing logger and exiting JavaFX
