15:28:32.607 [JavaFX Application Thread] DEBUG GameApplication      - Logger initialized
15:28:32.613 [JavaFX Application Thread] DEBUG MainWindow           - Creating a JavaFX scene
15:28:32.687 [JavaFX Application Thread] DEBUG MainWindow           - Target settings size: 800.0 x 400.0
15:28:32.687 [JavaFX Application Thread] DEBUG MainWindow           - Scaled scene size:    800.0 x 400.0
15:28:32.687 [JavaFX Application Thread] DEBUG MainWindow           - Scaled ratio: (1.0, 1.0)
15:28:32.693 [JavaFX Application Thread] DEBUG GameApplication      - Starting FXGL
15:28:32.703 [JavaFX Application Thread] INFO  FXGL                 - FXGL-0.5.1 on DESKTOP
15:28:32.703 [JavaFX Application Thread] INFO  FXGL                 - Source code and latest versions at: https://github.com/AlmasB/FXGL
15:28:32.704 [JavaFX Application Thread] INFO  FXGL                 -              Join the FXGL chat at: https://gitter.im/AlmasB/FXGL
15:28:32.709 [JavaFX Application Thread] DEBUG FS                   - Loaded DesktopFSService
15:28:32.709 [JavaFX Application Thread] DEBUG FXGL                 - Loading FXGL system data
15:28:32.717 [JavaFX Application Thread] DEBUG DesktopFSService     - Reading from: system\fxgl.bundle
15:28:32.724 [JavaFX Application Thread] DEBUG Bundle               - Logging bundle: FXGL
15:28:32.725 [JavaFX Application Thread] DEBUG Bundle               - FXGL.offline.timer.version.check=2018-05-16T18:22:51.838
15:28:32.748 [JavaFX Application Thread] DEBUG GameApplication      - FXGL started
15:28:32.748 [JavaFX Application Thread] DEBUG GameApplication      - Logging game settings
Title: FlappyBird
Version: 0.2.0
Width: 800
Height: 400
Fullscreen: false
Intro: false
Menus: false
Profiling: false
Single step:false
App Mode: DEVELOPER
Menu Key: ESCAPE
Stage Style: DECORATED
Scene Factory: class com.almasb.fxgl.scene.SceneFactory
Dialog Factory: class com.almasb.fxgl.ui.FXGLDialogFactory
UI Factory: class com.almasb.fxgl.ui.FXGLUIFactory
Notification Service: class com.almasb.fxgl.gameplay.notification.XboxNotificationView
Exception Handler: class com.almasb.fxgl.app.FXGLExceptionHandler
15:28:32.749 [JavaFX Application Thread] DEBUG GameApplication      - Configuring GameApplication
15:28:32.749 [JavaFX Application Thread] DEBUG GameApplication      - Initializing state machine and application states
15:28:32.760 [JavaFX Application Thread] DEBUG AssetLoader          - Loading from disk: /assets/ui/cursors/fxgl_default.png
15:28:32.777 [JavaFX Application Thread] DEBUG AssetLoader          - Loading from disk: /assets/ui/cursors/fxgl_default.png
15:28:32.796 [JavaFX Application Thread] DEBUG FXGLAssets           - Loading FXGLAssets
15:28:32.820 [JavaFX Application Thread] DEBUG AssetLoader          - Loading from disk: /assets/ui/fonts/VarelaRound-Regular.ttf
15:28:32.950 [JavaFX Application Thread] DEBUG AssetLoader          - Loading from disk: /assets/ui/fonts/lucida_console.ttf
15:28:32.958 [JavaFX Application Thread] DEBUG AssetLoader          - Loading from disk: /assets/ui/css/fxgl_dark.css
15:28:32.984 [JavaFX Application Thread] DEBUG AssetLoader          - Loading from disk: /assets/ui/cursors/fxgl_default.png
15:28:33.011 [JavaFX Application Thread] DEBUG AssetLoader          - Loading from disk: /assets/ui/cursors/fxgl_default.png
15:28:33.025 [JavaFX Application Thread] DEBUG GameScene            - Game scene initialized: 800x400
15:28:33.027 [JavaFX Application Thread] DEBUG GameWorld            - Game world initialized
15:28:33.067 [JavaFX Application Thread] DEBUG PhysicsWorld         - Physics world initialized: appHeight=400, physics.ppm=50.0
15:28:33.082 [JavaFX Application Thread] DEBUG Input                - Registered new binding: Pause - Esc
15:28:33.095 [JavaFX Application Thread] DEBUG Input                - Clearing active input actions
15:28:33.126 [JavaFX Application Thread] DEBUG AppStateMachine      - StartupState -> StartupState
15:28:33.130 [JavaFX Application Thread] INFO  GameApplication      - Game configuration took:  0.381 sec
15:28:33.132 [JavaFX Application Thread] DEBUG AssetLoader          - Loading from disk: /assets/textures/fxgl_icon.png
15:28:33.141 [JavaFX Application Thread] DEBUG MainWindow           - Opening main window
15:28:33.215 [JavaFX Application Thread] DEBUG MainWindow           - Window border size: (14.66668701171875, 37.333343505859375)
15:28:33.215 [JavaFX Application Thread] DEBUG MainWindow           - Scaled size: 800.0 x 400.0
15:28:33.215 [JavaFX Application Thread] DEBUG MainWindow           - Scaled ratio: (1.0, 1.0)
15:28:33.215 [JavaFX Application Thread] DEBUG MainWindow           - Scene size: 800.0 x 400.0
15:28:33.215 [JavaFX Application Thread] DEBUG MainWindow           - Stage size: 814.6666870117188 x 437.3333435058594
15:28:33.215 [JavaFX Application Thread] DEBUG GameApplication      - Running preInit()
15:28:33.217 [JavaFX Application Thread] DEBUG Input                - Registered new binding: Screenshot - P
15:28:33.218 [JavaFX Application Thread] DEBUG Input                - Registered new binding: Dev Options - CTRL+0
15:28:33.218 [JavaFX Application Thread] DEBUG Input                - Registered new binding: System info dump - CTRL+9
15:28:33.219 [JavaFX Application Thread] DEBUG Input                - Registered new binding: Restart - CTRL+R
15:28:33.219 [JavaFX Application Thread] DEBUG Input                - Registered new binding: flap - Space
15:28:33.247 [JavaFX Application Thread] DEBUG GameApplication      - Starting main loop
15:28:33.254 [JavaFX Application Thread] DEBUG StartupState         - STARTUP
15:28:33.254 [JavaFX Application Thread] DEBUG GameApplication      - Starting new game
15:28:33.254 [JavaFX Application Thread] DEBUG Input                - Clearing active input actions
15:28:33.262 [JavaFX Application Thread] DEBUG AppStateMachine      - StartupState -> LoadingState
15:28:33.268 [FXGL Background Thread 1 ] DEBUG InitAppTask          - Clearing previous game
15:28:33.269 [FXGL Background Thread 1 ] DEBUG GameWorld            - Clearing game world
15:28:33.269 [FXGL Background Thread 1 ] DEBUG PhysicsWorld         - Clearing physics world
15:28:33.269 [FXGL Background Thread 1 ] DEBUG GameScene            - Clearing game scene
15:28:33.270 [FXGL Background Thread 1 ] DEBUG InitAppTask          - Initializing Game
15:28:33.296 [FXGL Background Thread 1 ] DEBUG AssetLoader          - Loading from disk: /assets/textures/FlappyPort/flappybird_fly_sheet.png
15:28:33.369 [FXGL Background Thread 1 ] DEBUG GameScene            - Creating render group for layer: DEFAULT(100000)
15:28:33.373 [FXGL Background Thread 1 ] DEBUG InitAppTask          - Initializing Physics
15:28:33.373 [FXGL Background Thread 1 ] DEBUG InitAppTask          - Initializing UI
15:28:33.373 [FXGL Background Thread 1 ] DEBUG AssetLoader          - Loading from disk: /assets/textures/FlappyPort/background.png
15:28:33.379 [FXGL Background Thread 1 ] DEBUG InitAppTask          - Initialization Complete
15:28:33.379 [FXGL Background Thread 1 ] INFO  InitAppTask          - Game initialization took: 0.110 sec
15:28:33.390 [JavaFX Application Thread] DEBUG Input                - Clearing active input actions
15:28:33.395 [JavaFX Application Thread] DEBUG AppStateMachine      - LoadingState -> PlayState
15:28:33.848 [JavaFX Application Thread] DEBUG Input                - Mocking key release: Space
15:28:34.119 [JavaFX Application Thread] DEBUG Input                - Mocking key release: Space
15:28:34.296 [JavaFX Application Thread] DEBUG Input                - Mocking key release: Space
15:28:35.132 [JavaFX Application Thread] DEBUG Input                - Mocking key release: Space
15:28:35.662 [JavaFX Application Thread] DEBUG Input                - Mocking key release: Space
15:28:35.829 [JavaFX Application Thread] DEBUG Input                - Mocking key release: Space
15:28:35.978 [JavaFX Application Thread] DEBUG Input                - Mocking key release: Space
15:28:36.108 [JavaFX Application Thread] DEBUG Input                - Mocking key release: Space
15:28:37.044 [JavaFX Application Thread] DEBUG Input                - Mocking key release: Space
15:28:37.246 [JavaFX Application Thread] DEBUG Input                - Mocking key release: Space
15:28:37.417 [JavaFX Application Thread] DEBUG Input                - Mocking key release: Space
15:28:37.577 [JavaFX Application Thread] DEBUG Input                - Mocking key release: Space
15:28:38.277 [JavaFX Application Thread] DEBUG Input                - Mocking key release: Space
15:28:38.763 [JavaFX Application Thread] DEBUG Input                - Mocking key release: Space
15:28:39.080 [JavaFX Application Thread] DEBUG Input                - Mocking key release: Space
15:28:39.243 [JavaFX Application Thread] DEBUG Input                - Mocking key release: Space
15:28:39.400 [JavaFX Application Thread] DEBUG Input                - Mocking key release: Space
15:28:40.326 [JavaFX Application Thread] DEBUG Input                - Mocking key release: Space
15:28:40.826 [JavaFX Application Thread] DEBUG Input                - Mocking key release: Space
15:28:41.392 [JavaFX Application Thread] DEBUG Input                - Mocking key release: Space
15:28:41.658 [JavaFX Application Thread] DEBUG Input                - Mocking key release: Space
15:28:41.867 [JavaFX Application Thread] DEBUG Input                - Mocking key release: Space
15:28:42.043 [JavaFX Application Thread] DEBUG Input                - Mocking key release: Space
15:28:43.117 [JavaFX Application Thread] DEBUG Input                - Mocking key release: Space
15:28:43.692 [JavaFX Application Thread] DEBUG Input                - Mocking key release: Space
15:28:43.879 [JavaFX Application Thread] DEBUG Input                - Mocking key release: Space
15:28:44.024 [JavaFX Application Thread] DEBUG Input                - Mocking key release: Space
15:28:44.192 [JavaFX Application Thread] DEBUG Input                - Mocking key release: Space
15:28:44.395 [JavaFX Application Thread] DEBUG Input                - Mocking key release: Space
15:28:44.611 [JavaFX Application Thread] DEBUG Input                - Mocking key release: Space
15:28:44.925 [JavaFX Application Thread] DEBUG Input                - Mocking key release: Space
15:28:45.123 [JavaFX Application Thread] DEBUG Input                - Mocking key release: Space
15:28:47.566 [JavaFX Application Thread] DEBUG GameApplication      - Exiting game application
15:28:47.567 [JavaFX Application Thread] DEBUG GameApplication      - Shutting down background threads
15:28:47.567 [JavaFX Application Thread] DEBUG GameApplication      - Exiting FXGL
15:28:47.567 [JavaFX Application Thread] DEBUG FXGL                 - Saving FXGL system data
15:28:47.569 [JavaFX Application Thread] DEBUG DesktopFSService     - Writing to: system\fxgl.bundle
15:28:47.573 [JavaFX Application Thread] DEBUG GameApplication      - Closing logger and exiting JavaFX
