09:13:59.253 [JavaFX Application Thread] DEBUG GameApplication      - Logger initialized
09:13:59.258 [JavaFX Application Thread] DEBUG MainWindow           - Creating a JavaFX scene
09:13:59.330 [JavaFX Application Thread] DEBUG MainWindow           - Target settings size: 800.0 x 600.0
09:13:59.331 [JavaFX Application Thread] DEBUG MainWindow           - Scaled scene size:    800.0 x 600.0
09:13:59.331 [JavaFX Application Thread] DEBUG MainWindow           - Scaled ratio: (1.0, 1.0)
09:13:59.336 [JavaFX Application Thread] DEBUG GameApplication      - Starting FXGL
09:13:59.346 [JavaFX Application Thread] INFO  FXGL                 - FXGL-0.5.1 on DESKTOP
09:13:59.346 [JavaFX Application Thread] INFO  FXGL                 - Source code and latest versions at: https://github.com/AlmasB/FXGL
09:13:59.346 [JavaFX Application Thread] INFO  FXGL                 -              Join the FXGL chat at: https://gitter.im/AlmasB/FXGL
09:13:59.352 [JavaFX Application Thread] DEBUG FS                   - Loaded DesktopFSService
09:13:59.352 [JavaFX Application Thread] DEBUG FXGL                 - Loading FXGL system data
09:13:59.359 [JavaFX Application Thread] DEBUG DesktopFSService     - Reading from: system\fxgl.bundle
09:13:59.365 [JavaFX Application Thread] DEBUG Bundle               - Logging bundle: FXGL
09:13:59.366 [JavaFX Application Thread] DEBUG Bundle               - FXGL.offline.timer.version.check=2018-05-24T09:09:49.283
09:13:59.387 [JavaFX Application Thread] DEBUG GameApplication      - FXGL started
09:13:59.388 [JavaFX Application Thread] DEBUG GameApplication      - Logging game settings
Title: Physics Demo
Version: 
Width: 800
Height: 600
Fullscreen: false
Intro: false
Menus: false
Profiling: false
Single step:false
App Mode: DEVELOPER
Menu Key: ESCAPE
Stage Style: DECORATED
Scene Factory: class com.almasb.fxgl.scene.SceneFactory
Dialog Factory: class com.almasb.fxgl.ui.FXGLDialogFactory
UI Factory: class com.almasb.fxgl.ui.FXGLUIFactory
Notification Service: class com.almasb.fxgl.gameplay.notification.XboxNotificationView
Exception Handler: class com.almasb.fxgl.app.FXGLExceptionHandler
09:13:59.389 [JavaFX Application Thread] DEBUG GameApplication      - Configuring GameApplication
09:13:59.389 [JavaFX Application Thread] DEBUG GameApplication      - Initializing state machine and application states
09:13:59.399 [JavaFX Application Thread] DEBUG AssetLoader          - Loading from disk: /assets/ui/cursors/fxgl_default.png
09:13:59.416 [JavaFX Application Thread] DEBUG AssetLoader          - Loading from disk: /assets/ui/cursors/fxgl_default.png
09:13:59.432 [JavaFX Application Thread] DEBUG FXGLAssets           - Loading FXGLAssets
09:13:59.456 [JavaFX Application Thread] DEBUG AssetLoader          - Loading from disk: /assets/ui/fonts/VarelaRound-Regular.ttf
09:13:59.584 [JavaFX Application Thread] DEBUG AssetLoader          - Loading from disk: /assets/ui/fonts/lucida_console.ttf
09:13:59.593 [JavaFX Application Thread] DEBUG AssetLoader          - Loading from disk: /assets/ui/css/fxgl_dark.css
09:13:59.617 [JavaFX Application Thread] DEBUG AssetLoader          - Loading from disk: /assets/ui/cursors/fxgl_default.png
09:13:59.641 [JavaFX Application Thread] DEBUG AssetLoader          - Loading from disk: /assets/ui/cursors/fxgl_default.png
09:13:59.654 [JavaFX Application Thread] DEBUG GameScene            - Game scene initialized: 800x600
09:13:59.657 [JavaFX Application Thread] DEBUG GameWorld            - Game world initialized
09:13:59.694 [JavaFX Application Thread] DEBUG PhysicsWorld         - Physics world initialized: appHeight=600, physics.ppm=50.0
09:13:59.709 [JavaFX Application Thread] DEBUG Input                - Registered new binding: Pause - Esc
09:13:59.722 [JavaFX Application Thread] DEBUG Input                - Clearing active input actions
09:13:59.755 [JavaFX Application Thread] DEBUG AppStateMachine      - StartupState -> StartupState
09:13:59.758 [JavaFX Application Thread] INFO  GameApplication      - Game configuration took:  0.369 sec
09:13:59.760 [JavaFX Application Thread] DEBUG AssetLoader          - Loading from disk: /assets/textures/fxgl_icon.png
09:13:59.770 [JavaFX Application Thread] DEBUG MainWindow           - Opening main window
09:13:59.903 [JavaFX Application Thread] DEBUG MainWindow           - Window border size: (4.0, 26.66668701171875)
09:13:59.903 [JavaFX Application Thread] DEBUG MainWindow           - Scaled size: 800.0 x 600.0
09:13:59.903 [JavaFX Application Thread] DEBUG MainWindow           - Scaled ratio: (1.0, 1.0)
09:13:59.903 [JavaFX Application Thread] DEBUG MainWindow           - Scene size: 800.0 x 600.0
09:13:59.903 [JavaFX Application Thread] DEBUG MainWindow           - Stage size: 804.0 x 626.6666870117188
09:13:59.903 [JavaFX Application Thread] DEBUG GameApplication      - Running preInit()
09:13:59.905 [JavaFX Application Thread] DEBUG Input                - Registered new binding: Screenshot - P
09:13:59.905 [JavaFX Application Thread] DEBUG Input                - Registered new binding: Dev Options - CTRL+0
09:13:59.906 [JavaFX Application Thread] DEBUG Input                - Registered new binding: System info dump - CTRL+9
09:13:59.906 [JavaFX Application Thread] DEBUG Input                - Registered new binding: Restart - CTRL+R
09:13:59.933 [JavaFX Application Thread] DEBUG GameApplication      - Starting main loop
09:13:59.935 [JavaFX Application Thread] DEBUG StartupState         - STARTUP
09:13:59.935 [JavaFX Application Thread] DEBUG GameApplication      - Starting new game
09:13:59.935 [JavaFX Application Thread] DEBUG Input                - Clearing active input actions
09:13:59.942 [JavaFX Application Thread] DEBUG AppStateMachine      - StartupState -> LoadingState
09:13:59.947 [FXGL Background Thread 1 ] DEBUG InitAppTask          - Clearing previous game
09:13:59.947 [FXGL Background Thread 1 ] DEBUG GameWorld            - Clearing game world
09:13:59.947 [FXGL Background Thread 1 ] DEBUG PhysicsWorld         - Clearing physics world
09:13:59.948 [FXGL Background Thread 1 ] DEBUG GameScene            - Clearing game scene
09:13:59.949 [FXGL Background Thread 1 ] DEBUG InitAppTask          - Initializing Game
09:14:00.042 [FXGL Background Thread 1 ] DEBUG GameScene            - Creating render group for layer: DEFAULT(100000)
09:14:00.047 [FXGL Background Thread 1 ] DEBUG InitAppTask          - Initializing Physics
09:14:00.047 [FXGL Background Thread 1 ] DEBUG InitAppTask          - Initializing UI
09:14:00.047 [FXGL Background Thread 1 ] DEBUG InitAppTask          - Initialization Complete
09:14:00.047 [FXGL Background Thread 1 ] INFO  InitAppTask          - Game initialization took: 0.100 sec
09:14:00.051 [JavaFX Application Thread] DEBUG Input                - Clearing active input actions
09:14:00.056 [JavaFX Application Thread] DEBUG AppStateMachine      - LoadingState -> PlayState
09:14:16.239 [JavaFX Application Thread] DEBUG GameApplication      - Exiting game application
09:14:16.239 [JavaFX Application Thread] DEBUG GameApplication      - Shutting down background threads
09:14:16.240 [JavaFX Application Thread] DEBUG GameApplication      - Exiting FXGL
09:14:16.240 [JavaFX Application Thread] DEBUG FXGL                 - Saving FXGL system data
09:14:16.242 [JavaFX Application Thread] DEBUG DesktopFSService     - Writing to: system\fxgl.bundle
09:14:16.245 [JavaFX Application Thread] DEBUG GameApplication      - Closing logger and exiting JavaFX
