12:59:57.010 [JavaFX Application Thread] DEBUG GameApplication      - Logger initialized
12:59:57.016 [JavaFX Application Thread] DEBUG MainWindow           - Creating a JavaFX scene
12:59:57.105 [JavaFX Application Thread] DEBUG MainWindow           - Target settings size: 800.0 x 400.0
12:59:57.105 [JavaFX Application Thread] DEBUG MainWindow           - Scaled scene size:    800.0 x 400.0
12:59:57.106 [JavaFX Application Thread] DEBUG MainWindow           - Scaled ratio: (1.0, 1.0)
12:59:57.113 [JavaFX Application Thread] DEBUG GameApplication      - Starting FXGL
12:59:57.127 [JavaFX Application Thread] INFO  FXGL                 - FXGL-0.5.1 on DESKTOP
12:59:57.128 [JavaFX Application Thread] INFO  FXGL                 - Source code and latest versions at: https://github.com/AlmasB/FXGL
12:59:57.128 [JavaFX Application Thread] INFO  FXGL                 -              Join the FXGL chat at: https://gitter.im/AlmasB/FXGL
12:59:57.135 [JavaFX Application Thread] DEBUG FS                   - Loaded DesktopFSService
12:59:57.135 [JavaFX Application Thread] DEBUG FXGL                 - Loading FXGL system data
12:59:57.145 [JavaFX Application Thread] DEBUG DesktopFSService     - Reading from: system\fxgl.bundle
12:59:57.154 [JavaFX Application Thread] DEBUG Bundle               - Logging bundle: FXGL
12:59:57.155 [JavaFX Application Thread] DEBUG Bundle               - FXGL.offline.timer.version.check=2018-05-16T18:22:51.838
12:59:57.187 [JavaFX Application Thread] DEBUG GameApplication      - FXGL started
12:59:57.187 [JavaFX Application Thread] DEBUG GameApplication      - Logging game settings
Title: FlappyBird
Version: 0.2.0
Width: 800
Height: 400
Fullscreen: false
Intro: false
Menus: false
Profiling: false
Single step:false
App Mode: DEVELOPER
Menu Key: ESCAPE
Stage Style: DECORATED
Scene Factory: class com.almasb.fxgl.scene.SceneFactory
Dialog Factory: class com.almasb.fxgl.ui.FXGLDialogFactory
UI Factory: class com.almasb.fxgl.ui.FXGLUIFactory
Notification Service: class com.almasb.fxgl.gameplay.notification.XboxNotificationView
Exception Handler: class com.almasb.fxgl.app.FXGLExceptionHandler
12:59:57.189 [JavaFX Application Thread] DEBUG GameApplication      - Configuring GameApplication
12:59:57.189 [JavaFX Application Thread] DEBUG GameApplication      - Initializing state machine and application states
12:59:57.207 [JavaFX Application Thread] DEBUG AssetLoader          - Loading from disk: /assets/ui/cursors/fxgl_default.png
12:59:57.228 [JavaFX Application Thread] DEBUG AssetLoader          - Loading from disk: /assets/ui/cursors/fxgl_default.png
12:59:57.248 [JavaFX Application Thread] DEBUG FXGLAssets           - Loading FXGLAssets
12:59:57.279 [JavaFX Application Thread] DEBUG AssetLoader          - Loading from disk: /assets/ui/fonts/VarelaRound-Regular.ttf
12:59:57.421 [JavaFX Application Thread] DEBUG AssetLoader          - Loading from disk: /assets/ui/fonts/lucida_console.ttf
12:59:57.431 [JavaFX Application Thread] DEBUG AssetLoader          - Loading from disk: /assets/ui/css/fxgl_dark.css
12:59:57.458 [JavaFX Application Thread] DEBUG AssetLoader          - Loading from disk: /assets/ui/cursors/fxgl_default.png
12:59:57.491 [JavaFX Application Thread] DEBUG AssetLoader          - Loading from disk: /assets/ui/cursors/fxgl_default.png
12:59:57.505 [JavaFX Application Thread] DEBUG GameScene            - Game scene initialized: 800x400
12:59:57.508 [JavaFX Application Thread] DEBUG GameWorld            - Game world initialized
12:59:57.550 [JavaFX Application Thread] DEBUG PhysicsWorld         - Physics world initialized: appHeight=400, physics.ppm=50.0
12:59:57.565 [JavaFX Application Thread] DEBUG Input                - Registered new binding: Pause - Esc
12:59:57.580 [JavaFX Application Thread] DEBUG Input                - Clearing active input actions
12:59:57.619 [JavaFX Application Thread] DEBUG AppStateMachine      - StartupState -> StartupState
12:59:57.623 [JavaFX Application Thread] INFO  GameApplication      - Game configuration took:  0.433 sec
12:59:57.625 [JavaFX Application Thread] DEBUG AssetLoader          - Loading from disk: /assets/textures/fxgl_icon.png
12:59:57.639 [JavaFX Application Thread] DEBUG MainWindow           - Opening main window
12:59:57.706 [JavaFX Application Thread] DEBUG MainWindow           - Window border size: (14.66668701171875, 37.333343505859375)
12:59:57.706 [JavaFX Application Thread] DEBUG MainWindow           - Scaled size: 800.0 x 400.0
12:59:57.706 [JavaFX Application Thread] DEBUG MainWindow           - Scaled ratio: (1.0, 1.0)
12:59:57.706 [JavaFX Application Thread] DEBUG MainWindow           - Scene size: 800.0 x 400.0
12:59:57.706 [JavaFX Application Thread] DEBUG MainWindow           - Stage size: 814.6666870117188 x 437.3333435058594
12:59:57.706 [JavaFX Application Thread] DEBUG GameApplication      - Running preInit()
12:59:57.707 [JavaFX Application Thread] DEBUG Input                - Registered new binding: Screenshot - P
12:59:57.708 [JavaFX Application Thread] DEBUG Input                - Registered new binding: Dev Options - CTRL+0
12:59:57.709 [JavaFX Application Thread] DEBUG Input                - Registered new binding: System info dump - CTRL+9
12:59:57.709 [JavaFX Application Thread] DEBUG Input                - Registered new binding: Restart - CTRL+R
12:59:57.710 [JavaFX Application Thread] DEBUG Input                - Registered new binding: flap - Space
12:59:57.737 [JavaFX Application Thread] DEBUG GameApplication      - Starting main loop
12:59:57.751 [JavaFX Application Thread] DEBUG StartupState         - STARTUP
12:59:57.752 [JavaFX Application Thread] DEBUG GameApplication      - Starting new game
12:59:57.752 [JavaFX Application Thread] DEBUG Input                - Clearing active input actions
12:59:57.761 [JavaFX Application Thread] DEBUG AppStateMachine      - StartupState -> LoadingState
12:59:57.767 [FXGL Background Thread 1 ] DEBUG InitAppTask          - Clearing previous game
12:59:57.768 [FXGL Background Thread 1 ] DEBUG GameWorld            - Clearing game world
12:59:57.768 [FXGL Background Thread 1 ] DEBUG PhysicsWorld         - Clearing physics world
12:59:57.768 [FXGL Background Thread 1 ] DEBUG GameScene            - Clearing game scene
12:59:57.770 [FXGL Background Thread 1 ] DEBUG InitAppTask          - Initializing Game
12:59:57.797 [FXGL Background Thread 1 ] DEBUG AssetLoader          - Loading from disk: /assets/textures/FlappyPort/flappybird_fly_sheet.png
12:59:57.891 [FXGL Background Thread 1 ] DEBUG GameScene            - Creating render group for layer: DEFAULT(100000)
12:59:57.900 [FXGL Background Thread 1 ] DEBUG AssetLoader          - Loading from disk: /assets/textures/FlappyPort/ground.png
12:59:57.905 [FXGL Background Thread 1 ] DEBUG GameScene            - Creating render group for layer: TOP(2147483647)
12:59:57.906 [FXGL Background Thread 1 ] DEBUG AssetLoader          - Loading from cache: /assets/textures/FlappyPort/ground.png
12:59:57.907 [FXGL Background Thread 1 ] DEBUG InitAppTask          - Initializing Physics
12:59:57.908 [FXGL Background Thread 1 ] DEBUG InitAppTask          - Initializing UI
12:59:57.908 [FXGL Background Thread 1 ] DEBUG AssetLoader          - Loading from disk: /assets/textures/FlappyPort/background.png
12:59:57.941 [FXGL Background Thread 1 ] DEBUG InitAppTask          - Initialization Complete
12:59:57.942 [FXGL Background Thread 1 ] INFO  InitAppTask          - Game initialization took: 0.174 sec
12:59:57.947 [JavaFX Application Thread] DEBUG Input                - Clearing active input actions
12:59:57.954 [JavaFX Application Thread] DEBUG AppStateMachine      - LoadingState -> PlayState
12:59:58.523 [JavaFX Application Thread] DEBUG AssetLoader          - Loading from disk: /assets/textures/FlappyPort/game_over.png
12:59:58.526 [JavaFX Application Thread] DEBUG GameScene            - Creating render group for layer: BACKGROUND(1000)
13:00:02.389 [JavaFX Application Thread] DEBUG GameApplication      - Exiting game application
13:00:02.390 [JavaFX Application Thread] DEBUG GameApplication      - Shutting down background threads
13:00:02.390 [JavaFX Application Thread] DEBUG GameApplication      - Exiting FXGL
13:00:02.390 [JavaFX Application Thread] DEBUG FXGL                 - Saving FXGL system data
13:00:02.393 [JavaFX Application Thread] DEBUG DesktopFSService     - Writing to: system\fxgl.bundle
13:00:02.397 [JavaFX Application Thread] DEBUG GameApplication      - Closing logger and exiting JavaFX
