18:54:56.255 [JavaFX Application Thread] DEBUG GameApplication      - Logger initialized
18:54:56.261 [JavaFX Application Thread] DEBUG MainWindow           - Creating a JavaFX scene
18:54:56.358 [JavaFX Application Thread] DEBUG MainWindow           - Target settings size: 800.0 x 470.0
18:54:56.358 [JavaFX Application Thread] DEBUG MainWindow           - Scaled scene size:    800.0 x 470.0
18:54:56.358 [JavaFX Application Thread] DEBUG MainWindow           - Scaled ratio: (1.0, 1.0)
18:54:56.363 [JavaFX Application Thread] DEBUG GameApplication      - Starting FXGL
18:54:56.373 [JavaFX Application Thread] INFO  FXGL                 - FXGL-0.5.1 on DESKTOP
18:54:56.373 [JavaFX Application Thread] INFO  FXGL                 - Source code and latest versions at: https://github.com/AlmasB/FXGL
18:54:56.373 [JavaFX Application Thread] INFO  FXGL                 -              Join the FXGL chat at: https://gitter.im/AlmasB/FXGL
18:54:56.379 [JavaFX Application Thread] DEBUG FS                   - Loaded DesktopFSService
18:54:56.379 [JavaFX Application Thread] DEBUG FXGL                 - Loading FXGL system data
18:54:56.386 [JavaFX Application Thread] DEBUG DesktopFSService     - Reading from: system\fxgl.bundle
18:54:56.393 [JavaFX Application Thread] DEBUG Bundle               - Logging bundle: FXGL
18:54:56.393 [JavaFX Application Thread] DEBUG Bundle               - FXGL.offline.timer.version.check=2018-05-16T18:22:51.838
18:54:56.416 [JavaFX Application Thread] DEBUG GameApplication      - FXGL started
18:54:56.416 [JavaFX Application Thread] DEBUG GameApplication      - Logging game settings
Title: Frogger
Version: 0.2.0
Width: 800
Height: 470
Fullscreen: false
Intro: false
Menus: false
Profiling: false
Single step:false
App Mode: DEVELOPER
Menu Key: ESCAPE
Stage Style: DECORATED
Scene Factory: class com.almasb.fxgl.scene.SceneFactory
Dialog Factory: class com.almasb.fxgl.ui.FXGLDialogFactory
UI Factory: class com.almasb.fxgl.ui.FXGLUIFactory
Notification Service: class com.almasb.fxgl.gameplay.notification.XboxNotificationView
Exception Handler: class com.almasb.fxgl.app.FXGLExceptionHandler
18:54:56.417 [JavaFX Application Thread] DEBUG GameApplication      - Configuring GameApplication
18:54:56.417 [JavaFX Application Thread] DEBUG GameApplication      - Initializing state machine and application states
18:54:56.429 [JavaFX Application Thread] DEBUG AssetLoader          - Loading from disk: /assets/ui/cursors/fxgl_default.png
18:54:56.447 [JavaFX Application Thread] DEBUG AssetLoader          - Loading from disk: /assets/ui/cursors/fxgl_default.png
18:54:56.464 [JavaFX Application Thread] DEBUG FXGLAssets           - Loading FXGLAssets
18:54:56.488 [JavaFX Application Thread] DEBUG AssetLoader          - Loading from disk: /assets/ui/fonts/VarelaRound-Regular.ttf
18:54:56.614 [JavaFX Application Thread] DEBUG AssetLoader          - Loading from disk: /assets/ui/fonts/lucida_console.ttf
18:54:56.623 [JavaFX Application Thread] DEBUG AssetLoader          - Loading from disk: /assets/ui/css/fxgl_dark.css
18:54:56.645 [JavaFX Application Thread] DEBUG AssetLoader          - Loading from disk: /assets/ui/cursors/fxgl_default.png
18:54:56.671 [JavaFX Application Thread] DEBUG AssetLoader          - Loading from disk: /assets/ui/cursors/fxgl_default.png
18:54:56.683 [JavaFX Application Thread] DEBUG GameScene            - Game scene initialized: 800x470
18:54:56.686 [JavaFX Application Thread] DEBUG GameWorld            - Game world initialized
18:54:56.723 [JavaFX Application Thread] DEBUG PhysicsWorld         - Physics world initialized: appHeight=470, physics.ppm=50.0
18:54:56.738 [JavaFX Application Thread] DEBUG Input                - Registered new binding: Pause - Esc
18:54:56.751 [JavaFX Application Thread] DEBUG Input                - Clearing active input actions
18:54:56.786 [JavaFX Application Thread] DEBUG AppStateMachine      - StartupState -> StartupState
18:54:56.791 [JavaFX Application Thread] INFO  GameApplication      - Game configuration took:  0.374 sec
18:54:56.793 [JavaFX Application Thread] DEBUG AssetLoader          - Loading from disk: /assets/textures/fxgl_icon.png
18:54:56.807 [JavaFX Application Thread] DEBUG MainWindow           - Opening main window
18:54:56.936 [JavaFX Application Thread] DEBUG MainWindow           - Window border size: (4.0, 26.666656494140625)
18:54:56.937 [JavaFX Application Thread] DEBUG MainWindow           - Scaled size: 800.0 x 470.0
18:54:56.937 [JavaFX Application Thread] DEBUG MainWindow           - Scaled ratio: (1.0, 1.0)
18:54:56.937 [JavaFX Application Thread] DEBUG MainWindow           - Scene size: 800.0 x 470.0
18:54:56.937 [JavaFX Application Thread] DEBUG MainWindow           - Stage size: 804.0 x 496.6666564941406
18:54:56.937 [JavaFX Application Thread] DEBUG GameApplication      - Running preInit()
18:54:56.939 [JavaFX Application Thread] DEBUG Input                - Registered new binding: Screenshot - P
18:54:56.939 [JavaFX Application Thread] DEBUG Input                - Registered new binding: Dev Options - CTRL+0
18:54:56.939 [JavaFX Application Thread] DEBUG Input                - Registered new binding: System info dump - CTRL+9
18:54:56.940 [JavaFX Application Thread] DEBUG Input                - Registered new binding: Restart - CTRL+R
18:54:56.940 [JavaFX Application Thread] DEBUG Input                - Registered new binding: up - W
18:54:56.940 [JavaFX Application Thread] DEBUG Input                - Registered new binding: down - S
18:54:56.940 [JavaFX Application Thread] DEBUG Input                - Registered new binding: left - A
18:54:56.940 [JavaFX Application Thread] DEBUG Input                - Registered new binding: right - D
18:54:56.970 [JavaFX Application Thread] DEBUG GameApplication      - Starting main loop
18:54:56.972 [JavaFX Application Thread] DEBUG StartupState         - STARTUP
18:54:56.972 [JavaFX Application Thread] DEBUG GameApplication      - Starting new game
18:54:56.972 [JavaFX Application Thread] DEBUG Input                - Clearing active input actions
18:54:56.980 [JavaFX Application Thread] DEBUG AppStateMachine      - StartupState -> LoadingState
18:54:56.984 [FXGL Background Thread 1 ] DEBUG InitAppTask          - Clearing previous game
18:54:56.984 [FXGL Background Thread 1 ] DEBUG GameWorld            - Clearing game world
18:54:56.985 [FXGL Background Thread 1 ] DEBUG PhysicsWorld         - Clearing physics world
18:54:56.985 [FXGL Background Thread 1 ] DEBUG GameScene            - Clearing game scene
18:54:56.986 [FXGL Background Thread 1 ] DEBUG InitAppTask          - Initializing Game
18:54:57.035 [FXGL Background Thread 1 ] DEBUG AssetLoader          - Loading from disk: /assets/textures/Frogger/frog_idle.png
18:54:57.047 [FXGL Background Thread 1 ] DEBUG GameScene            - Creating render group for layer: DEFAULT(100000)
18:54:57.050 [FXGL Background Thread 1 ] DEBUG AssetLoader          - Loading from disk: /assets/textures/Frogger/half_log.png
18:54:57.055 [FXGL Background Thread 1 ] DEBUG AssetLoader          - Loading from disk: /assets/textures/Frogger/full_log.png
18:54:57.059 [FXGL Background Thread 1 ] DEBUG InitAppTask          - Initializing Physics
18:54:57.060 [FXGL Background Thread 1 ] DEBUG InitAppTask          - Initializing UI
18:54:57.060 [FXGL Background Thread 1 ] DEBUG AssetLoader          - Loading from disk: /assets/textures/Frogger/background.jpg
18:54:57.067 [FXGL Background Thread 1 ] DEBUG InitAppTask          - Initialization Complete
18:54:57.068 [FXGL Background Thread 1 ] INFO  InitAppTask          - Game initialization took: 0.084 sec
18:54:57.074 [JavaFX Application Thread] DEBUG Input                - Clearing active input actions
18:54:57.080 [JavaFX Application Thread] DEBUG AppStateMachine      - LoadingState -> PlayState
18:54:57.768 [JavaFX Application Thread] DEBUG AssetLoader          - Loading from disk: /assets/textures/Frogger/blue_car.png
18:54:57.770 [JavaFX Application Thread] DEBUG AssetLoader          - Loading from disk: /assets/textures/Frogger/green_car.png
18:54:58.488 [JavaFX Application Thread] DEBUG AssetLoader          - Loading from disk: /assets/textures/Frogger/purple_car.png
18:54:58.489 [JavaFX Application Thread] DEBUG AssetLoader          - Loading from cache: /assets/textures/Frogger/purple_car.png
18:54:59.192 [JavaFX Application Thread] DEBUG AssetLoader          - Loading from disk: /assets/textures/Frogger/red_car.png
18:54:59.194 [JavaFX Application Thread] DEBUG AssetLoader          - Loading from cache: /assets/textures/Frogger/green_car.png
18:54:59.912 [JavaFX Application Thread] DEBUG AssetLoader          - Loading from disk: /assets/textures/Frogger/orange_car.png
18:54:59.915 [JavaFX Application Thread] DEBUG AssetLoader          - Loading from cache: /assets/textures/Frogger/green_car.png
18:55:00.632 [JavaFX Application Thread] DEBUG AssetLoader          - Loading from cache: /assets/textures/Frogger/orange_car.png
18:55:00.634 [JavaFX Application Thread] DEBUG AssetLoader          - Loading from cache: /assets/textures/Frogger/orange_car.png
18:55:00.712 [JavaFX Application Thread] FATAL GameApplication      - Uncaught Exception:

Fatal exception occurred: java.lang.IllegalStateException : Cannot add / remove components during updating
E: com.almasb.fxgl.entity.Entity.checkNotUpdating(Entity.java:383)
E: com.almasb.fxgl.entity.Entity.addComponent(Entity.java:299)
E: Frogger.HalfWayTrackerComponent.onUpdate(HalfWayTrackerComponent.java:14)
E: com.almasb.fxgl.entity.Entity.update(Entity.java:154)
E: com.almasb.fxgl.entity.GameWorld.onUpdate(GameWorld.kt:158)
E: com.almasb.fxgl.app.PlayState.onUpdate(AppStates.kt:236)
E: com.almasb.fxgl.app.State.update(State.java:73)
E: com.almasb.fxgl.app.AppStateMachine.onUpdate(AppStateMachine.java:100)
E: com.almasb.fxgl.app.GameApplication.stepLoop(GameApplication.java:382)
E: com.almasb.fxgl.app.GameApplication$2.handle(GameApplication.java:348)
E: javafx.animation.AnimationTimer$AnimationTimerReceiver.lambda$handle$485(AnimationTimer.java:57)
E: java.security.AccessController.doPrivileged(Native Method)
E: javafx.animation.AnimationTimer$AnimationTimerReceiver.handle(AnimationTimer.java:56)
E: com.sun.scenario.animation.AbstractMasterTimer.timePulseImpl(AbstractMasterTimer.java:357)
E: com.sun.scenario.animation.AbstractMasterTimer$MainLoop.run(AbstractMasterTimer.java:267)
E: com.sun.javafx.tk.quantum.QuantumToolkit.pulse(QuantumToolkit.java:514)
E: com.sun.javafx.tk.quantum.QuantumToolkit.pulse(QuantumToolkit.java:498)
E: com.sun.javafx.tk.quantum.QuantumToolkit.pulseFromQueue(QuantumToolkit.java:491)
E: com.sun.javafx.tk.quantum.QuantumToolkit.lambda$runToolkit$403(QuantumToolkit.java:319)
E: com.sun.glass.ui.InvokeLaterDispatcher$Future.run(InvokeLaterDispatcher.java:95)
E: com.sun.glass.ui.win.WinApplication._runLoop(Native Method)
E: com.sun.glass.ui.win.WinApplication.lambda$null$147(WinApplication.java:177)
E: java.lang.Thread.run(Unknown Source)

18:55:00.713 [JavaFX Application Thread] FATAL GameApplication      - Application will now exit
18:55:00.713 [JavaFX Application Thread] DEBUG GameApplication      - Stopping main loop
18:55:05.451 [JavaFX Application Thread] DEBUG GameApplication      - Exiting game application
18:55:05.452 [JavaFX Application Thread] DEBUG GameApplication      - Shutting down background threads
18:55:05.452 [JavaFX Application Thread] DEBUG GameApplication      - Exiting FXGL
18:55:05.452 [JavaFX Application Thread] DEBUG FXGL                 - Saving FXGL system data
18:55:05.454 [JavaFX Application Thread] DEBUG DesktopFSService     - Writing to: system\fxgl.bundle
18:55:05.458 [JavaFX Application Thread] DEBUG GameApplication      - Closing logger and exiting JavaFX
