09:59:25.089 [JavaFX Application Thread] DEBUG GameApplication      - Logger initialized
09:59:25.095 [JavaFX Application Thread] DEBUG MainWindow           - Creating a JavaFX scene
09:59:25.165 [JavaFX Application Thread] DEBUG MainWindow           - Target settings size: 800.0 x 470.0
09:59:25.165 [JavaFX Application Thread] DEBUG MainWindow           - Scaled scene size:    800.0 x 470.0
09:59:25.165 [JavaFX Application Thread] DEBUG MainWindow           - Scaled ratio: (1.0, 1.0)
09:59:25.170 [JavaFX Application Thread] DEBUG GameApplication      - Starting FXGL
09:59:25.180 [JavaFX Application Thread] INFO  FXGL                 - FXGL-0.5.1 on DESKTOP
09:59:25.180 [JavaFX Application Thread] INFO  FXGL                 - Source code and latest versions at: https://github.com/AlmasB/FXGL
09:59:25.180 [JavaFX Application Thread] INFO  FXGL                 -              Join the FXGL chat at: https://gitter.im/AlmasB/FXGL
09:59:25.185 [JavaFX Application Thread] DEBUG FS                   - Loaded DesktopFSService
09:59:25.186 [JavaFX Application Thread] DEBUG FXGL                 - Loading FXGL system data
09:59:25.193 [JavaFX Application Thread] DEBUG DesktopFSService     - Reading from: system\fxgl.bundle
09:59:25.199 [JavaFX Application Thread] DEBUG Bundle               - Logging bundle: FXGL
09:59:25.200 [JavaFX Application Thread] DEBUG Bundle               - FXGL.offline.timer.version.check=2018-05-24T09:09:49.283
09:59:25.229 [JavaFX Application Thread] DEBUG GameApplication      - FXGL started
09:59:25.229 [JavaFX Application Thread] DEBUG GameApplication      - Logging game settings
Title: Frogger
Version: 0.2.0
Width: 800
Height: 470
Fullscreen: false
Intro: false
Menus: false
Profiling: false
Single step:false
App Mode: DEVELOPER
Menu Key: ESCAPE
Stage Style: DECORATED
Scene Factory: class com.almasb.fxgl.scene.SceneFactory
Dialog Factory: class com.almasb.fxgl.ui.FXGLDialogFactory
UI Factory: class com.almasb.fxgl.ui.FXGLUIFactory
Notification Service: class com.almasb.fxgl.gameplay.notification.XboxNotificationView
Exception Handler: class com.almasb.fxgl.app.FXGLExceptionHandler
09:59:25.230 [JavaFX Application Thread] DEBUG GameApplication      - Configuring GameApplication
09:59:25.230 [JavaFX Application Thread] DEBUG GameApplication      - Initializing state machine and application states
09:59:25.240 [JavaFX Application Thread] DEBUG AssetLoader          - Loading from disk: /assets/ui/cursors/fxgl_default.png
09:59:25.258 [JavaFX Application Thread] DEBUG AssetLoader          - Loading from disk: /assets/ui/cursors/fxgl_default.png
09:59:25.275 [JavaFX Application Thread] DEBUG FXGLAssets           - Loading FXGLAssets
09:59:25.299 [JavaFX Application Thread] DEBUG AssetLoader          - Loading from disk: /assets/ui/fonts/VarelaRound-Regular.ttf
09:59:25.413 [JavaFX Application Thread] DEBUG AssetLoader          - Loading from disk: /assets/ui/fonts/lucida_console.ttf
09:59:25.421 [JavaFX Application Thread] DEBUG AssetLoader          - Loading from disk: /assets/ui/css/fxgl_dark.css
09:59:25.444 [JavaFX Application Thread] DEBUG AssetLoader          - Loading from disk: /assets/ui/cursors/fxgl_default.png
09:59:25.468 [JavaFX Application Thread] DEBUG AssetLoader          - Loading from disk: /assets/ui/cursors/fxgl_default.png
09:59:25.481 [JavaFX Application Thread] DEBUG GameScene            - Game scene initialized: 800x470
09:59:25.483 [JavaFX Application Thread] DEBUG GameWorld            - Game world initialized
09:59:25.521 [JavaFX Application Thread] DEBUG PhysicsWorld         - Physics world initialized: appHeight=470, physics.ppm=50.0
09:59:25.535 [JavaFX Application Thread] DEBUG Input                - Registered new binding: Pause - Esc
09:59:25.549 [JavaFX Application Thread] DEBUG Input                - Clearing active input actions
09:59:25.582 [JavaFX Application Thread] DEBUG AppStateMachine      - StartupState -> StartupState
09:59:25.585 [JavaFX Application Thread] INFO  GameApplication      - Game configuration took:  0.355 sec
09:59:25.587 [JavaFX Application Thread] DEBUG AssetLoader          - Loading from disk: /assets/textures/fxgl_icon.png
09:59:25.597 [JavaFX Application Thread] DEBUG MainWindow           - Opening main window
09:59:25.727 [JavaFX Application Thread] DEBUG MainWindow           - Window border size: (4.0, 26.666656494140625)
09:59:25.727 [JavaFX Application Thread] DEBUG MainWindow           - Scaled size: 800.0 x 470.0
09:59:25.727 [JavaFX Application Thread] DEBUG MainWindow           - Scaled ratio: (1.0, 1.0)
09:59:25.727 [JavaFX Application Thread] DEBUG MainWindow           - Scene size: 800.0 x 470.0
09:59:25.728 [JavaFX Application Thread] DEBUG MainWindow           - Stage size: 804.0 x 496.6666564941406
09:59:25.728 [JavaFX Application Thread] DEBUG GameApplication      - Running preInit()
09:59:25.729 [JavaFX Application Thread] DEBUG Input                - Registered new binding: Screenshot - P
09:59:25.730 [JavaFX Application Thread] DEBUG Input                - Registered new binding: Dev Options - CTRL+0
09:59:25.731 [JavaFX Application Thread] DEBUG Input                - Registered new binding: System info dump - CTRL+9
09:59:25.731 [JavaFX Application Thread] DEBUG Input                - Registered new binding: Restart - CTRL+R
09:59:25.732 [JavaFX Application Thread] DEBUG Input                - Registered new binding: up - W
09:59:25.732 [JavaFX Application Thread] DEBUG Input                - Registered new binding: down - S
09:59:25.732 [JavaFX Application Thread] DEBUG Input                - Registered new binding: left - A
09:59:25.732 [JavaFX Application Thread] DEBUG Input                - Registered new binding: right - D
09:59:25.732 [JavaFX Application Thread] DEBUG Input                - Registered new binding: testd - Space
09:59:25.756 [JavaFX Application Thread] DEBUG GameApplication      - Starting main loop
09:59:25.757 [JavaFX Application Thread] DEBUG StartupState         - STARTUP
09:59:25.758 [JavaFX Application Thread] DEBUG GameApplication      - Starting new game
09:59:25.758 [JavaFX Application Thread] DEBUG Input                - Clearing active input actions
09:59:25.764 [JavaFX Application Thread] DEBUG AppStateMachine      - StartupState -> LoadingState
09:59:25.769 [FXGL Background Thread 1 ] DEBUG InitAppTask          - Clearing previous game
09:59:25.769 [FXGL Background Thread 1 ] DEBUG GameWorld            - Clearing game world
09:59:25.769 [FXGL Background Thread 1 ] DEBUG PhysicsWorld         - Clearing physics world
09:59:25.769 [FXGL Background Thread 1 ] DEBUG GameScene            - Clearing game scene
09:59:25.770 [FXGL Background Thread 1 ] DEBUG InitAppTask          - Initializing Game
09:59:25.787 [FXGL Background Thread 1 ] DEBUG AssetLoader          - Loading from disk: /assets/textures/Frogger/splatting_frog.png
09:59:25.820 [FXGL Background Thread 1 ] DEBUG AssetLoader          - Loading from disk: /assets/textures/Frogger/frog_idle.png
09:59:25.828 [FXGL Background Thread 1 ] DEBUG GameScene            - Creating render group for layer: TOP(2147483647)
09:59:25.832 [FXGL Background Thread 1 ] DEBUG AssetLoader          - Loading from disk: /assets/textures/Frogger/full_log.png
09:59:25.837 [FXGL Background Thread 1 ] DEBUG GameScene            - Creating render group for layer: DEFAULT(100000)
09:59:25.838 [FXGL Background Thread 1 ] DEBUG AssetLoader          - Loading from disk: /assets/textures/Frogger/half_log.png
09:59:25.840 [FXGL Background Thread 1 ] DEBUG AssetLoader          - Loading from cache: /assets/textures/Frogger/full_log.png
09:59:25.841 [FXGL Background Thread 1 ] DEBUG AssetLoader          - Loading from disk: /assets/textures/Frogger/rotating_log.png
09:59:25.843 [FXGL Background Thread 1 ] DEBUG InitAppTask          - Initializing Physics
09:59:25.844 [FXGL Background Thread 1 ] DEBUG InitAppTask          - Initializing UI
09:59:25.844 [FXGL Background Thread 1 ] DEBUG AssetLoader          - Loading from disk: /assets/textures/Frogger/background.jpg
09:59:25.851 [FXGL Background Thread 1 ] DEBUG InitAppTask          - Initialization Complete
09:59:25.852 [FXGL Background Thread 1 ] INFO  InitAppTask          - Game initialization took: 0.083 sec
09:59:25.855 [JavaFX Application Thread] DEBUG Input                - Clearing active input actions
09:59:25.860 [JavaFX Application Thread] DEBUG AppStateMachine      - LoadingState -> PlayState
09:59:26.736 [JavaFX Application Thread] DEBUG AssetLoader          - Loading from disk: /assets/textures/Frogger/purple_car.png
09:59:26.737 [JavaFX Application Thread] DEBUG AssetLoader          - Loading from disk: /assets/textures/Frogger/blue_car.png
09:59:27.198 [JavaFX Application Thread] DEBUG Input                - Mocking key release: W
09:59:27.199 [JavaFX Application Thread] DEBUG AssetLoader          - Loading from disk: /assets/textures/Frogger/frog_jump.png
09:59:27.455 [JavaFX Application Thread] DEBUG AssetLoader          - Loading from cache: /assets/textures/Frogger/frog_idle.png
09:59:27.464 [JavaFX Application Thread] DEBUG Input                - Mocking key release: D
09:59:27.465 [JavaFX Application Thread] DEBUG AssetLoader          - Loading from cache: /assets/textures/Frogger/frog_jump.png
09:59:27.647 [JavaFX Application Thread] DEBUG AssetLoader          - Loading from disk: /assets/textures/Frogger/red_car.png
09:59:27.649 [JavaFX Application Thread] DEBUG AssetLoader          - Loading from cache: /assets/textures/Frogger/red_car.png
09:59:27.727 [JavaFX Application Thread] DEBUG AssetLoader          - Loading from cache: /assets/textures/Frogger/frog_idle.png
09:59:28.262 [JavaFX Application Thread] DEBUG Input                - Mocking key release: W
09:59:28.263 [JavaFX Application Thread] DEBUG AssetLoader          - Loading from cache: /assets/textures/Frogger/frog_jump.png
09:59:28.445 [JavaFX Application Thread] DEBUG Input                - Mocking key release: W
09:59:28.445 [JavaFX Application Thread] DEBUG AssetLoader          - Loading from cache: /assets/textures/Frogger/frog_jump.png
09:59:28.527 [JavaFX Application Thread] DEBUG AssetLoader          - Loading from cache: /assets/textures/Frogger/frog_idle.png
09:59:28.575 [JavaFX Application Thread] DEBUG AssetLoader          - Loading from disk: /assets/textures/Frogger/green_car.png
09:59:28.577 [JavaFX Application Thread] DEBUG AssetLoader          - Loading from cache: /assets/textures/Frogger/green_car.png
09:59:28.597 [JavaFX Application Thread] DEBUG Input                - Mocking key release: W
09:59:28.598 [JavaFX Application Thread] DEBUG AssetLoader          - Loading from cache: /assets/textures/Frogger/frog_jump.png
09:59:28.704 [JavaFX Application Thread] DEBUG AssetLoader          - Loading from cache: /assets/textures/Frogger/frog_idle.png
09:59:28.847 [JavaFX Application Thread] DEBUG AssetLoader          - Loading from cache: /assets/textures/Frogger/frog_idle.png
09:59:29.488 [JavaFX Application Thread] DEBUG AssetLoader          - Loading from cache: /assets/textures/Frogger/red_car.png
09:59:29.489 [JavaFX Application Thread] DEBUG AssetLoader          - Loading from cache: /assets/textures/Frogger/green_car.png
09:59:29.490 [JavaFX Application Thread] DEBUG AssetLoader          - Loading from cache: /assets/textures/Frogger/half_log.png
09:59:29.491 [JavaFX Application Thread] DEBUG AssetLoader          - Loading from cache: /assets/textures/Frogger/full_log.png
09:59:29.512 [JavaFX Application Thread] DEBUG Input                - Mocking key release: W
09:59:29.513 [JavaFX Application Thread] DEBUG AssetLoader          - Loading from cache: /assets/textures/Frogger/frog_jump.png
09:59:29.661 [JavaFX Application Thread] DEBUG Input                - Mocking key release: W
09:59:29.661 [JavaFX Application Thread] DEBUG AssetLoader          - Loading from cache: /assets/textures/Frogger/frog_jump.png
09:59:29.775 [JavaFX Application Thread] DEBUG AssetLoader          - Loading from cache: /assets/textures/Frogger/frog_idle.png
09:59:29.845 [JavaFX Application Thread] DEBUG Input                - Mocking key release: W
09:59:29.845 [JavaFX Application Thread] DEBUG AssetLoader          - Loading from cache: /assets/textures/Frogger/frog_jump.png
09:59:29.919 [JavaFX Application Thread] DEBUG AssetLoader          - Loading from cache: /assets/textures/Frogger/frog_idle.png
09:59:29.994 [JavaFX Application Thread] DEBUG Input                - Mocking key release: W
09:59:29.994 [JavaFX Application Thread] DEBUG AssetLoader          - Loading from cache: /assets/textures/Frogger/frog_jump.png
09:59:30.094 [JavaFX Application Thread] DEBUG Input                - Mocking key release: W
09:59:30.094 [JavaFX Application Thread] DEBUG AssetLoader          - Loading from cache: /assets/textures/Frogger/frog_jump.png
09:59:30.095 [JavaFX Application Thread] DEBUG AssetLoader          - Loading from cache: /assets/textures/Frogger/frog_idle.png
09:59:30.256 [JavaFX Application Thread] DEBUG AssetLoader          - Loading from cache: /assets/textures/Frogger/frog_idle.png
09:59:30.351 [JavaFX Application Thread] DEBUG AssetLoader          - Loading from cache: /assets/textures/Frogger/frog_idle.png
09:59:30.399 [JavaFX Application Thread] DEBUG AssetLoader          - Loading from cache: /assets/textures/Frogger/red_car.png
09:59:30.400 [JavaFX Application Thread] DEBUG AssetLoader          - Loading from cache: /assets/textures/Frogger/green_car.png
09:59:30.894 [JavaFX Application Thread] DEBUG Input                - Mocking key release: D
09:59:30.895 [JavaFX Application Thread] DEBUG AssetLoader          - Loading from cache: /assets/textures/Frogger/frog_jump.png
09:59:31.151 [JavaFX Application Thread] DEBUG AssetLoader          - Loading from cache: /assets/textures/Frogger/frog_idle.png
09:59:31.244 [JavaFX Application Thread] DEBUG Input                - Mocking key release: D
09:59:31.245 [JavaFX Application Thread] DEBUG AssetLoader          - Loading from cache: /assets/textures/Frogger/frog_jump.png
09:59:31.312 [JavaFX Application Thread] DEBUG AssetLoader          - Loading from cache: /assets/textures/Frogger/blue_car.png
09:59:31.313 [JavaFX Application Thread] DEBUG AssetLoader          - Loading from cache: /assets/textures/Frogger/red_car.png
09:59:31.503 [JavaFX Application Thread] DEBUG AssetLoader          - Loading from cache: /assets/textures/Frogger/frog_idle.png
09:59:31.876 [JavaFX Application Thread] DEBUG Input                - Mocking key release: W
09:59:31.877 [JavaFX Application Thread] DEBUG AssetLoader          - Loading from cache: /assets/textures/Frogger/frog_jump.png
09:59:31.887 [JavaFX Application Thread] DEBUG AssetLoader          - Loading from disk: /assets/textures/Frogger/sinking_frog.png
09:59:31.904 [JavaFX Application Thread] DEBUG AssetLoader          - Loading from cache: /assets/textures/Frogger/sinking_frog.png
09:59:31.919 [JavaFX Application Thread] DEBUG AssetLoader          - Loading from cache: /assets/textures/Frogger/sinking_frog.png
09:59:31.935 [JavaFX Application Thread] DEBUG AssetLoader          - Loading from cache: /assets/textures/Frogger/sinking_frog.png
09:59:31.951 [JavaFX Application Thread] DEBUG AssetLoader          - Loading from cache: /assets/textures/Frogger/sinking_frog.png
09:59:31.967 [JavaFX Application Thread] DEBUG AssetLoader          - Loading from cache: /assets/textures/Frogger/sinking_frog.png
09:59:31.983 [JavaFX Application Thread] DEBUG AssetLoader          - Loading from cache: /assets/textures/Frogger/sinking_frog.png
09:59:31.999 [JavaFX Application Thread] DEBUG AssetLoader          - Loading from cache: /assets/textures/Frogger/sinking_frog.png
09:59:32.015 [JavaFX Application Thread] DEBUG AssetLoader          - Loading from cache: /assets/textures/Frogger/sinking_frog.png
09:59:32.031 [JavaFX Application Thread] DEBUG AssetLoader          - Loading from cache: /assets/textures/Frogger/sinking_frog.png
09:59:32.048 [JavaFX Application Thread] DEBUG AssetLoader          - Loading from cache: /assets/textures/Frogger/sinking_frog.png
09:59:32.063 [JavaFX Application Thread] DEBUG AssetLoader          - Loading from cache: /assets/textures/Frogger/sinking_frog.png
09:59:32.079 [JavaFX Application Thread] DEBUG AssetLoader          - Loading from cache: /assets/textures/Frogger/sinking_frog.png
09:59:32.096 [JavaFX Application Thread] DEBUG AssetLoader          - Loading from cache: /assets/textures/Frogger/sinking_frog.png
09:59:32.111 [JavaFX Application Thread] DEBUG AssetLoader          - Loading from cache: /assets/textures/Frogger/sinking_frog.png
09:59:32.127 [JavaFX Application Thread] DEBUG AssetLoader          - Loading from cache: /assets/textures/Frogger/frog_idle.png
09:59:32.128 [JavaFX Application Thread] DEBUG AssetLoader          - Loading from cache: /assets/textures/Frogger/sinking_frog.png
09:59:32.143 [JavaFX Application Thread] DEBUG AssetLoader          - Loading from cache: /assets/textures/Frogger/sinking_frog.png
09:59:32.175 [JavaFX Application Thread] DEBUG AssetLoader          - Loading from cache: /assets/textures/Frogger/sinking_frog.png
09:59:32.191 [JavaFX Application Thread] DEBUG AssetLoader          - Loading from cache: /assets/textures/Frogger/sinking_frog.png
09:59:32.207 [JavaFX Application Thread] DEBUG AssetLoader          - Loading from cache: /assets/textures/Frogger/sinking_frog.png
09:59:32.223 [JavaFX Application Thread] DEBUG AssetLoader          - Loading from cache: /assets/textures/Frogger/sinking_frog.png
09:59:32.239 [JavaFX Application Thread] DEBUG AssetLoader          - Loading from cache: /assets/textures/Frogger/purple_car.png
09:59:32.240 [JavaFX Application Thread] DEBUG AssetLoader          - Loading from cache: /assets/textures/Frogger/green_car.png
09:59:32.241 [JavaFX Application Thread] DEBUG AssetLoader          - Loading from cache: /assets/textures/Frogger/sinking_frog.png
09:59:32.255 [JavaFX Application Thread] DEBUG AssetLoader          - Loading from cache: /assets/textures/Frogger/sinking_frog.png
09:59:32.271 [JavaFX Application Thread] DEBUG AssetLoader          - Loading from cache: /assets/textures/Frogger/sinking_frog.png
09:59:32.287 [JavaFX Application Thread] DEBUG AssetLoader          - Loading from cache: /assets/textures/Frogger/sinking_frog.png
09:59:32.303 [JavaFX Application Thread] DEBUG AssetLoader          - Loading from cache: /assets/textures/Frogger/sinking_frog.png
09:59:32.319 [JavaFX Application Thread] DEBUG AssetLoader          - Loading from cache: /assets/textures/Frogger/sinking_frog.png
09:59:32.335 [JavaFX Application Thread] DEBUG AssetLoader          - Loading from cache: /assets/textures/Frogger/sinking_frog.png
09:59:32.351 [JavaFX Application Thread] DEBUG AssetLoader          - Loading from cache: /assets/textures/Frogger/sinking_frog.png
09:59:32.368 [JavaFX Application Thread] DEBUG AssetLoader          - Loading from cache: /assets/textures/Frogger/sinking_frog.png
09:59:32.383 [JavaFX Application Thread] DEBUG AssetLoader          - Loading from cache: /assets/textures/Frogger/sinking_frog.png
09:59:32.399 [JavaFX Application Thread] DEBUG AssetLoader          - Loading from cache: /assets/textures/Frogger/splatting_frog.png
09:59:32.400 [JavaFX Application Thread] DEBUG AssetLoader          - Loading from cache: /assets/textures/Frogger/frog_idle.png
09:59:32.415 [JavaFX Application Thread] DEBUG AssetLoader          - Loading from cache: /assets/textures/Frogger/splatting_frog.png
09:59:32.416 [JavaFX Application Thread] DEBUG AssetLoader          - Loading from cache: /assets/textures/Frogger/frog_idle.png
09:59:32.431 [JavaFX Application Thread] DEBUG AssetLoader          - Loading from cache: /assets/textures/Frogger/splatting_frog.png
09:59:32.432 [JavaFX Application Thread] DEBUG AssetLoader          - Loading from cache: /assets/textures/Frogger/frog_idle.png
09:59:32.448 [JavaFX Application Thread] DEBUG AssetLoader          - Loading from cache: /assets/textures/Frogger/splatting_frog.png
09:59:32.449 [JavaFX Application Thread] DEBUG AssetLoader          - Loading from cache: /assets/textures/Frogger/frog_idle.png
09:59:32.450 [JavaFX Application Thread] FATAL GameApplication      - Uncaught Exception:

Fatal exception occurred: java.lang.NullPointerException : null
E: com.almasb.fxgl.entity.components.ViewComponent.lambda$setAnimatedTexture$0(ViewComponent.java:175)
E: com.almasb.fxgl.texture.AnimatedTexture.onCycleFinished(AnimatedTexture.kt:141)
E: com.almasb.fxgl.texture.AnimatedTexture.onUpdate(AnimatedTexture.kt:123)
E: com.almasb.fxgl.app.State.update(State.java:76)
E: com.almasb.fxgl.app.AppStateMachine.onUpdate(AppStateMachine.java:100)
E: com.almasb.fxgl.app.GameApplication.stepLoop(GameApplication.java:382)
E: com.almasb.fxgl.app.GameApplication$2.handle(GameApplication.java:348)
E: javafx.animation.AnimationTimer$AnimationTimerReceiver.lambda$handle$485(AnimationTimer.java:57)
E: java.security.AccessController.doPrivileged(Native Method)
E: javafx.animation.AnimationTimer$AnimationTimerReceiver.handle(AnimationTimer.java:56)
E: com.sun.scenario.animation.AbstractMasterTimer.timePulseImpl(AbstractMasterTimer.java:357)
E: com.sun.scenario.animation.AbstractMasterTimer$MainLoop.run(AbstractMasterTimer.java:267)
E: com.sun.javafx.tk.quantum.QuantumToolkit.pulse(QuantumToolkit.java:514)
E: com.sun.javafx.tk.quantum.QuantumToolkit.pulse(QuantumToolkit.java:498)
E: com.sun.javafx.tk.quantum.QuantumToolkit.pulseFromQueue(QuantumToolkit.java:491)
E: com.sun.javafx.tk.quantum.QuantumToolkit.lambda$runToolkit$403(QuantumToolkit.java:319)
E: com.sun.glass.ui.InvokeLaterDispatcher$Future.run(InvokeLaterDispatcher.java:95)
E: com.sun.glass.ui.win.WinApplication._runLoop(Native Method)
E: com.sun.glass.ui.win.WinApplication.lambda$null$147(WinApplication.java:177)
E: java.lang.Thread.run(Unknown Source)

09:59:32.450 [JavaFX Application Thread] FATAL GameApplication      - Application will now exit
09:59:32.450 [JavaFX Application Thread] DEBUG GameApplication      - Stopping main loop
09:59:36.045 [JavaFX Application Thread] DEBUG GameApplication      - Exiting game application
09:59:36.046 [JavaFX Application Thread] DEBUG GameApplication      - Shutting down background threads
09:59:36.046 [JavaFX Application Thread] DEBUG GameApplication      - Exiting FXGL
09:59:36.046 [JavaFX Application Thread] DEBUG FXGL                 - Saving FXGL system data
09:59:36.048 [JavaFX Application Thread] DEBUG DesktopFSService     - Writing to: system\fxgl.bundle
09:59:36.052 [JavaFX Application Thread] DEBUG GameApplication      - Closing logger and exiting JavaFX
