13:00:59.312 [JavaFX Application Thread] DEBUG GameApplication      - Logger initialized
13:00:59.319 [JavaFX Application Thread] DEBUG MainWindow           - Creating a JavaFX scene
13:00:59.394 [JavaFX Application Thread] DEBUG MainWindow           - Target settings size: 800.0 x 400.0
13:00:59.394 [JavaFX Application Thread] DEBUG MainWindow           - Scaled scene size:    800.0 x 400.0
13:00:59.394 [JavaFX Application Thread] DEBUG MainWindow           - Scaled ratio: (1.0, 1.0)
13:00:59.399 [JavaFX Application Thread] DEBUG GameApplication      - Starting FXGL
13:00:59.410 [JavaFX Application Thread] INFO  FXGL                 - FXGL-0.5.1 on DESKTOP
13:00:59.411 [JavaFX Application Thread] INFO  FXGL                 - Source code and latest versions at: https://github.com/AlmasB/FXGL
13:00:59.411 [JavaFX Application Thread] INFO  FXGL                 -              Join the FXGL chat at: https://gitter.im/AlmasB/FXGL
13:00:59.417 [JavaFX Application Thread] DEBUG FS                   - Loaded DesktopFSService
13:00:59.417 [JavaFX Application Thread] DEBUG FXGL                 - Loading FXGL system data
13:00:59.425 [JavaFX Application Thread] DEBUG DesktopFSService     - Reading from: system\fxgl.bundle
13:00:59.432 [JavaFX Application Thread] DEBUG Bundle               - Logging bundle: FXGL
13:00:59.433 [JavaFX Application Thread] DEBUG Bundle               - FXGL.offline.timer.version.check=2018-05-16T18:22:51.838
13:00:59.455 [JavaFX Application Thread] DEBUG GameApplication      - FXGL started
13:00:59.455 [JavaFX Application Thread] DEBUG GameApplication      - Logging game settings
Title: FlappyBird
Version: 0.2.0
Width: 800
Height: 400
Fullscreen: false
Intro: false
Menus: false
Profiling: false
Single step:false
App Mode: DEVELOPER
Menu Key: ESCAPE
Stage Style: DECORATED
Scene Factory: class com.almasb.fxgl.scene.SceneFactory
Dialog Factory: class com.almasb.fxgl.ui.FXGLDialogFactory
UI Factory: class com.almasb.fxgl.ui.FXGLUIFactory
Notification Service: class com.almasb.fxgl.gameplay.notification.XboxNotificationView
Exception Handler: class com.almasb.fxgl.app.FXGLExceptionHandler
13:00:59.457 [JavaFX Application Thread] DEBUG GameApplication      - Configuring GameApplication
13:00:59.457 [JavaFX Application Thread] DEBUG GameApplication      - Initializing state machine and application states
13:00:59.467 [JavaFX Application Thread] DEBUG AssetLoader          - Loading from disk: /assets/ui/cursors/fxgl_default.png
13:00:59.487 [JavaFX Application Thread] DEBUG AssetLoader          - Loading from disk: /assets/ui/cursors/fxgl_default.png
13:00:59.504 [JavaFX Application Thread] DEBUG FXGLAssets           - Loading FXGLAssets
13:00:59.530 [JavaFX Application Thread] DEBUG AssetLoader          - Loading from disk: /assets/ui/fonts/VarelaRound-Regular.ttf
13:00:59.658 [JavaFX Application Thread] DEBUG AssetLoader          - Loading from disk: /assets/ui/fonts/lucida_console.ttf
13:00:59.667 [JavaFX Application Thread] DEBUG AssetLoader          - Loading from disk: /assets/ui/css/fxgl_dark.css
13:00:59.692 [JavaFX Application Thread] DEBUG AssetLoader          - Loading from disk: /assets/ui/cursors/fxgl_default.png
13:00:59.719 [JavaFX Application Thread] DEBUG AssetLoader          - Loading from disk: /assets/ui/cursors/fxgl_default.png
13:00:59.734 [JavaFX Application Thread] DEBUG GameScene            - Game scene initialized: 800x400
13:00:59.737 [JavaFX Application Thread] DEBUG GameWorld            - Game world initialized
13:00:59.776 [JavaFX Application Thread] DEBUG PhysicsWorld         - Physics world initialized: appHeight=400, physics.ppm=50.0
13:00:59.792 [JavaFX Application Thread] DEBUG Input                - Registered new binding: Pause - Esc
13:00:59.807 [JavaFX Application Thread] DEBUG Input                - Clearing active input actions
13:00:59.843 [JavaFX Application Thread] DEBUG AppStateMachine      - StartupState -> StartupState
13:00:59.849 [JavaFX Application Thread] INFO  GameApplication      - Game configuration took:  0.392 sec
13:00:59.850 [JavaFX Application Thread] DEBUG AssetLoader          - Loading from disk: /assets/textures/fxgl_icon.png
13:00:59.862 [JavaFX Application Thread] DEBUG MainWindow           - Opening main window
13:00:59.942 [JavaFX Application Thread] DEBUG MainWindow           - Window border size: (14.66668701171875, 37.333343505859375)
13:00:59.942 [JavaFX Application Thread] DEBUG MainWindow           - Scaled size: 800.0 x 400.0
13:00:59.942 [JavaFX Application Thread] DEBUG MainWindow           - Scaled ratio: (1.0, 1.0)
13:00:59.942 [JavaFX Application Thread] DEBUG MainWindow           - Scene size: 800.0 x 400.0
13:00:59.943 [JavaFX Application Thread] DEBUG MainWindow           - Stage size: 814.6666870117188 x 437.3333435058594
13:00:59.943 [JavaFX Application Thread] DEBUG GameApplication      - Running preInit()
13:00:59.944 [JavaFX Application Thread] DEBUG Input                - Registered new binding: Screenshot - P
13:00:59.945 [JavaFX Application Thread] DEBUG Input                - Registered new binding: Dev Options - CTRL+0
13:00:59.946 [JavaFX Application Thread] DEBUG Input                - Registered new binding: System info dump - CTRL+9
13:00:59.946 [JavaFX Application Thread] DEBUG Input                - Registered new binding: Restart - CTRL+R
13:00:59.946 [JavaFX Application Thread] DEBUG Input                - Registered new binding: flap - Space
13:00:59.974 [JavaFX Application Thread] DEBUG GameApplication      - Starting main loop
13:00:59.982 [JavaFX Application Thread] DEBUG StartupState         - STARTUP
13:00:59.982 [JavaFX Application Thread] DEBUG GameApplication      - Starting new game
13:00:59.983 [JavaFX Application Thread] DEBUG Input                - Clearing active input actions
13:00:59.988 [JavaFX Application Thread] DEBUG AppStateMachine      - StartupState -> LoadingState
13:00:59.992 [FXGL Background Thread 1 ] DEBUG InitAppTask          - Clearing previous game
13:00:59.992 [FXGL Background Thread 1 ] DEBUG GameWorld            - Clearing game world
13:00:59.992 [FXGL Background Thread 1 ] DEBUG PhysicsWorld         - Clearing physics world
13:00:59.992 [FXGL Background Thread 1 ] DEBUG GameScene            - Clearing game scene
13:00:59.993 [FXGL Background Thread 1 ] DEBUG InitAppTask          - Initializing Game
13:01:00.015 [FXGL Background Thread 1 ] DEBUG AssetLoader          - Loading from disk: /assets/textures/FlappyPort/flappybird_fly_sheet.png
13:01:00.088 [FXGL Background Thread 1 ] DEBUG GameScene            - Creating render group for layer: DEFAULT(100000)
13:01:00.092 [FXGL Background Thread 1 ] DEBUG AssetLoader          - Loading from disk: /assets/textures/FlappyPort/ground.png
13:01:00.095 [FXGL Background Thread 1 ] DEBUG GameScene            - Creating render group for layer: TOP(2147483647)
13:01:00.096 [FXGL Background Thread 1 ] DEBUG AssetLoader          - Loading from cache: /assets/textures/FlappyPort/ground.png
13:01:00.097 [FXGL Background Thread 1 ] DEBUG InitAppTask          - Initializing Physics
13:01:00.098 [FXGL Background Thread 1 ] DEBUG InitAppTask          - Initializing UI
13:01:00.098 [FXGL Background Thread 1 ] DEBUG AssetLoader          - Loading from disk: /assets/textures/FlappyPort/background.png
13:01:00.114 [FXGL Background Thread 1 ] DEBUG InitAppTask          - Initialization Complete
13:01:00.114 [FXGL Background Thread 1 ] INFO  InitAppTask          - Game initialization took: 0.122 sec
13:01:00.119 [JavaFX Application Thread] DEBUG Input                - Clearing active input actions
13:01:00.124 [JavaFX Application Thread] DEBUG AppStateMachine      - LoadingState -> PlayState
13:01:00.696 [JavaFX Application Thread] DEBUG AssetLoader          - Loading from disk: /assets/textures/FlappyPort/game_over.png
13:01:00.698 [JavaFX Application Thread] DEBUG GameScene            - Creating render group for layer: BACKGROUND(1000)
13:01:00.791 [JavaFX Application Thread] DEBUG Input                - Mocking key release: Space
13:01:00.792 [JavaFX Application Thread] FATAL GameApplication      - Uncaught Exception:

Fatal exception occurred: java.lang.IllegalArgumentException : Component PhysicsComponent not found!
E: com.almasb.fxgl.entity.Entity.getComponent(Entity.java:275)
E: FlappyPort.FlappyBird_App$3.onActionBegin(FlappyBird_App.java:120)
E: com.almasb.fxgl.input.UserAction.fireActionBegin(UserAction.java:76)
E: com.almasb.fxgl.input.Input.handlePressed(Input.kt:209)
E: com.almasb.fxgl.input.Input.onKeyEvent(Input.kt:158)
E: com.almasb.fxgl.app.MainWindow$keyHandler$1.handle(MainWindow.kt:46)
E: com.almasb.fxgl.app.MainWindow$keyHandler$1.handle(MainWindow.kt:32)
E: com.sun.javafx.event.CompositeEventHandler$NormalEventHandlerRecord.handleBubblingEvent(CompositeEventHandler.java:218)
E: com.sun.javafx.event.CompositeEventHandler.dispatchBubblingEvent(CompositeEventHandler.java:80)
E: com.sun.javafx.event.EventHandlerManager.dispatchBubblingEvent(EventHandlerManager.java:238)
E: com.sun.javafx.event.EventHandlerManager.dispatchBubblingEvent(EventHandlerManager.java:191)
E: com.sun.javafx.event.CompositeEventDispatcher.dispatchBubblingEvent(CompositeEventDispatcher.java:59)
E: com.sun.javafx.event.BasicEventDispatcher.dispatchEvent(BasicEventDispatcher.java:58)
E: com.sun.javafx.event.EventDispatchChainImpl.dispatchEvent(EventDispatchChainImpl.java:114)
E: com.sun.javafx.event.BasicEventDispatcher.dispatchEvent(BasicEventDispatcher.java:56)
E: com.sun.javafx.event.EventDispatchChainImpl.dispatchEvent(EventDispatchChainImpl.java:114)
E: com.sun.javafx.event.EventUtil.fireEventImpl(EventUtil.java:74)
E: com.sun.javafx.event.EventUtil.fireEvent(EventUtil.java:54)
E: javafx.event.Event.fireEvent(Event.java:198)
E: javafx.scene.Scene$KeyHandler.process(Scene.java:3964)
E: javafx.scene.Scene$KeyHandler.access$1800(Scene.java:3910)
E: javafx.scene.Scene.impl_processKeyEvent(Scene.java:2040)
E: javafx.scene.Scene$ScenePeerListener.keyEvent(Scene.java:2501)
E: com.sun.javafx.tk.quantum.GlassViewEventHandler$KeyEventNotification.run(GlassViewEventHandler.java:217)
E: com.sun.javafx.tk.quantum.GlassViewEventHandler$KeyEventNotification.run(GlassViewEventHandler.java:149)
E: java.security.AccessController.doPrivileged(Native Method)
E: com.sun.javafx.tk.quantum.GlassViewEventHandler.lambda$handleKeyEvent$352(GlassViewEventHandler.java:248)
E: com.sun.javafx.tk.quantum.QuantumToolkit.runWithoutRenderLock(QuantumToolkit.java:389)
E: com.sun.javafx.tk.quantum.GlassViewEventHandler.handleKeyEvent(GlassViewEventHandler.java:247)
E: com.sun.glass.ui.View.handleKeyEvent(View.java:546)
E: com.sun.glass.ui.View.notifyKey(View.java:966)
E: com.sun.glass.ui.win.WinApplication._runLoop(Native Method)
E: com.sun.glass.ui.win.WinApplication.lambda$null$147(WinApplication.java:177)
E: java.lang.Thread.run(Unknown Source)

13:01:00.792 [JavaFX Application Thread] FATAL GameApplication      - Application will now exit
13:01:00.792 [JavaFX Application Thread] DEBUG GameApplication      - Stopping main loop
13:01:01.080 [JavaFX Application Thread] DEBUG GameApplication      - Exiting game application
13:01:01.080 [JavaFX Application Thread] DEBUG GameApplication      - Shutting down background threads
13:01:01.081 [JavaFX Application Thread] DEBUG GameApplication      - Exiting FXGL
13:01:01.081 [JavaFX Application Thread] DEBUG FXGL                 - Saving FXGL system data
13:01:01.083 [JavaFX Application Thread] DEBUG DesktopFSService     - Writing to: system\fxgl.bundle
13:01:01.086 [JavaFX Application Thread] DEBUG GameApplication      - Closing logger and exiting JavaFX
