15:29:48.076 [JavaFX Application Thread] DEBUG GameApplication      - Logger initialized
15:29:48.082 [JavaFX Application Thread] DEBUG MainWindow           - Creating a JavaFX scene
15:29:48.153 [JavaFX Application Thread] DEBUG MainWindow           - Target settings size: 800.0 x 400.0
15:29:48.153 [JavaFX Application Thread] DEBUG MainWindow           - Scaled scene size:    800.0 x 400.0
15:29:48.153 [JavaFX Application Thread] DEBUG MainWindow           - Scaled ratio: (1.0, 1.0)
15:29:48.158 [JavaFX Application Thread] DEBUG GameApplication      - Starting FXGL
15:29:48.169 [JavaFX Application Thread] INFO  FXGL                 - FXGL-0.5.1 on DESKTOP
15:29:48.169 [JavaFX Application Thread] INFO  FXGL                 - Source code and latest versions at: https://github.com/AlmasB/FXGL
15:29:48.169 [JavaFX Application Thread] INFO  FXGL                 -              Join the FXGL chat at: https://gitter.im/AlmasB/FXGL
15:29:48.175 [JavaFX Application Thread] DEBUG FS                   - Loaded DesktopFSService
15:29:48.175 [JavaFX Application Thread] DEBUG FXGL                 - Loading FXGL system data
15:29:48.182 [JavaFX Application Thread] DEBUG DesktopFSService     - Reading from: system\fxgl.bundle
15:29:48.188 [JavaFX Application Thread] DEBUG Bundle               - Logging bundle: FXGL
15:29:48.188 [JavaFX Application Thread] DEBUG Bundle               - FXGL.offline.timer.version.check=2018-05-16T18:22:51.838
15:29:48.211 [JavaFX Application Thread] DEBUG GameApplication      - FXGL started
15:29:48.211 [JavaFX Application Thread] DEBUG GameApplication      - Logging game settings
Title: FlappyBird
Version: 0.2.0
Width: 800
Height: 400
Fullscreen: false
Intro: false
Menus: false
Profiling: false
Single step:false
App Mode: DEVELOPER
Menu Key: ESCAPE
Stage Style: DECORATED
Scene Factory: class com.almasb.fxgl.scene.SceneFactory
Dialog Factory: class com.almasb.fxgl.ui.FXGLDialogFactory
UI Factory: class com.almasb.fxgl.ui.FXGLUIFactory
Notification Service: class com.almasb.fxgl.gameplay.notification.XboxNotificationView
Exception Handler: class com.almasb.fxgl.app.FXGLExceptionHandler
15:29:48.213 [JavaFX Application Thread] DEBUG GameApplication      - Configuring GameApplication
15:29:48.213 [JavaFX Application Thread] DEBUG GameApplication      - Initializing state machine and application states
15:29:48.223 [JavaFX Application Thread] DEBUG AssetLoader          - Loading from disk: /assets/ui/cursors/fxgl_default.png
15:29:48.241 [JavaFX Application Thread] DEBUG AssetLoader          - Loading from disk: /assets/ui/cursors/fxgl_default.png
15:29:48.259 [JavaFX Application Thread] DEBUG FXGLAssets           - Loading FXGLAssets
15:29:48.284 [JavaFX Application Thread] DEBUG AssetLoader          - Loading from disk: /assets/ui/fonts/VarelaRound-Regular.ttf
15:29:48.415 [JavaFX Application Thread] DEBUG AssetLoader          - Loading from disk: /assets/ui/fonts/lucida_console.ttf
15:29:48.423 [JavaFX Application Thread] DEBUG AssetLoader          - Loading from disk: /assets/ui/css/fxgl_dark.css
15:29:48.448 [JavaFX Application Thread] DEBUG AssetLoader          - Loading from disk: /assets/ui/cursors/fxgl_default.png
15:29:48.473 [JavaFX Application Thread] DEBUG AssetLoader          - Loading from disk: /assets/ui/cursors/fxgl_default.png
15:29:48.486 [JavaFX Application Thread] DEBUG GameScene            - Game scene initialized: 800x400
15:29:48.489 [JavaFX Application Thread] DEBUG GameWorld            - Game world initialized
15:29:48.527 [JavaFX Application Thread] DEBUG PhysicsWorld         - Physics world initialized: appHeight=400, physics.ppm=50.0
15:29:48.542 [JavaFX Application Thread] DEBUG Input                - Registered new binding: Pause - Esc
15:29:48.556 [JavaFX Application Thread] DEBUG Input                - Clearing active input actions
15:29:48.585 [JavaFX Application Thread] DEBUG AppStateMachine      - StartupState -> StartupState
15:29:48.588 [JavaFX Application Thread] INFO  GameApplication      - Game configuration took:  0.375 sec
15:29:48.590 [JavaFX Application Thread] DEBUG AssetLoader          - Loading from disk: /assets/textures/fxgl_icon.png
15:29:48.600 [JavaFX Application Thread] DEBUG MainWindow           - Opening main window
15:29:48.683 [JavaFX Application Thread] DEBUG MainWindow           - Window border size: (14.66668701171875, 37.333343505859375)
15:29:48.683 [JavaFX Application Thread] DEBUG MainWindow           - Scaled size: 800.0 x 400.0
15:29:48.683 [JavaFX Application Thread] DEBUG MainWindow           - Scaled ratio: (1.0, 1.0)
15:29:48.684 [JavaFX Application Thread] DEBUG MainWindow           - Scene size: 800.0 x 400.0
15:29:48.684 [JavaFX Application Thread] DEBUG MainWindow           - Stage size: 814.6666870117188 x 437.3333435058594
15:29:48.684 [JavaFX Application Thread] DEBUG GameApplication      - Running preInit()
15:29:48.686 [JavaFX Application Thread] DEBUG Input                - Registered new binding: Screenshot - P
15:29:48.686 [JavaFX Application Thread] DEBUG Input                - Registered new binding: Dev Options - CTRL+0
15:29:48.687 [JavaFX Application Thread] DEBUG Input                - Registered new binding: System info dump - CTRL+9
15:29:48.687 [JavaFX Application Thread] DEBUG Input                - Registered new binding: Restart - CTRL+R
15:29:48.687 [JavaFX Application Thread] DEBUG Input                - Registered new binding: flap - Space
15:29:48.714 [JavaFX Application Thread] DEBUG GameApplication      - Starting main loop
15:29:48.719 [JavaFX Application Thread] DEBUG StartupState         - STARTUP
15:29:48.720 [JavaFX Application Thread] DEBUG GameApplication      - Starting new game
15:29:48.720 [JavaFX Application Thread] DEBUG Input                - Clearing active input actions
15:29:48.724 [JavaFX Application Thread] DEBUG AppStateMachine      - StartupState -> LoadingState
15:29:48.730 [FXGL Background Thread 1 ] DEBUG InitAppTask          - Clearing previous game
15:29:48.730 [FXGL Background Thread 1 ] DEBUG GameWorld            - Clearing game world
15:29:48.731 [FXGL Background Thread 1 ] DEBUG PhysicsWorld         - Clearing physics world
15:29:48.731 [FXGL Background Thread 1 ] DEBUG GameScene            - Clearing game scene
15:29:48.732 [FXGL Background Thread 1 ] DEBUG InitAppTask          - Initializing Game
15:29:48.753 [FXGL Background Thread 1 ] DEBUG AssetLoader          - Loading from disk: /assets/textures/FlappyPort/flappybird_fly_sheet.png
15:29:48.819 [FXGL Background Thread 1 ] DEBUG GameScene            - Creating render group for layer: DEFAULT(100000)
15:29:48.824 [FXGL Background Thread 1 ] DEBUG InitAppTask          - Initializing Physics
15:29:48.824 [FXGL Background Thread 1 ] DEBUG InitAppTask          - Initializing UI
15:29:48.824 [FXGL Background Thread 1 ] DEBUG AssetLoader          - Loading from disk: /assets/textures/FlappyPort/background.png
15:29:48.832 [FXGL Background Thread 1 ] DEBUG InitAppTask          - Initialization Complete
15:29:48.832 [FXGL Background Thread 1 ] INFO  InitAppTask          - Game initialization took: 0.102 sec
15:29:48.837 [JavaFX Application Thread] DEBUG Input                - Clearing active input actions
15:29:48.841 [JavaFX Application Thread] DEBUG AppStateMachine      - LoadingState -> PlayState
15:29:49.298 [JavaFX Application Thread] DEBUG Input                - Mocking key release: Space
15:29:49.661 [JavaFX Application Thread] DEBUG Input                - Mocking key release: Space
15:29:49.827 [JavaFX Application Thread] DEBUG Input                - Mocking key release: Space
15:29:50.325 [JavaFX Application Thread] DEBUG Input                - Mocking key release: Space
15:29:50.755 [JavaFX Application Thread] DEBUG Input                - Mocking key release: Space
15:29:50.943 [JavaFX Application Thread] DEBUG Input                - Mocking key release: Space
15:29:51.098 [JavaFX Application Thread] DEBUG Input                - Mocking key release: Space
15:29:52.244 [JavaFX Application Thread] DEBUG Input                - Mocking key release: Space
15:29:52.712 [JavaFX Application Thread] DEBUG Input                - Mocking key release: Space
15:29:52.893 [JavaFX Application Thread] DEBUG Input                - Mocking key release: Space
15:29:53.059 [JavaFX Application Thread] DEBUG Input                - Mocking key release: Space
15:29:53.842 [JavaFX Application Thread] DEBUG Input                - Mocking key release: Space
15:29:54.335 [JavaFX Application Thread] DEBUG Input                - Mocking key release: Space
15:29:54.476 [JavaFX Application Thread] DEBUG Input                - Mocking key release: Space
15:29:54.625 [JavaFX Application Thread] DEBUG Input                - Mocking key release: Space
15:29:54.794 [JavaFX Application Thread] DEBUG Input                - Mocking key release: Space
15:29:55.458 [JavaFX Application Thread] DEBUG Input                - Mocking key release: Space
15:29:55.892 [JavaFX Application Thread] DEBUG Input                - Mocking key release: Space
15:29:56.546 [JavaFX Application Thread] DEBUG Input                - Mocking key release: Space
15:29:57.184 [JavaFX Application Thread] DEBUG Input                - Mocking key release: Space
15:29:57.745 [JavaFX Application Thread] DEBUG Input                - Mocking key release: Space
15:29:58.207 [JavaFX Application Thread] DEBUG Input                - Mocking key release: Space
15:29:58.407 [JavaFX Application Thread] DEBUG Input                - Mocking key release: Space
15:29:58.557 [JavaFX Application Thread] DEBUG Input                - Mocking key release: Space
15:29:59.357 [JavaFX Application Thread] DEBUG Input                - Mocking key release: Space
15:29:59.940 [JavaFX Application Thread] DEBUG Input                - Mocking key release: Space
15:30:00.411 [JavaFX Application Thread] DEBUG Input                - Mocking key release: Space
15:30:00.576 [JavaFX Application Thread] DEBUG Input                - Mocking key release: Space
15:30:01.277 [JavaFX Application Thread] DEBUG Input                - Mocking key release: Space
15:30:01.972 [JavaFX Application Thread] DEBUG Input                - Mocking key release: Space
15:30:02.622 [JavaFX Application Thread] DEBUG Input                - Mocking key release: Space
15:30:03.250 [JavaFX Application Thread] DEBUG Input                - Mocking key release: Space
15:30:03.421 [JavaFX Application Thread] DEBUG Input                - Mocking key release: Space
15:30:03.587 [JavaFX Application Thread] DEBUG Input                - Mocking key release: Space
15:30:04.564 [JavaFX Application Thread] DEBUG Input                - Mocking key release: Space
15:30:04.788 [JavaFX Application Thread] DEBUG Input                - Mocking key release: Space
15:30:04.972 [JavaFX Application Thread] DEBUG Input                - Mocking key release: Space
15:30:05.170 [JavaFX Application Thread] DEBUG Input                - Mocking key release: Space
15:30:05.344 [JavaFX Application Thread] DEBUG Input                - Mocking key release: Space
15:30:05.587 [JavaFX Application Thread] DEBUG Input                - Mocking key release: Space
15:30:07.966 [JavaFX Application Thread] DEBUG GameApplication      - Exiting game application
15:30:07.967 [JavaFX Application Thread] DEBUG GameApplication      - Shutting down background threads
15:30:07.967 [JavaFX Application Thread] DEBUG GameApplication      - Exiting FXGL
15:30:07.967 [JavaFX Application Thread] DEBUG FXGL                 - Saving FXGL system data
15:30:07.969 [JavaFX Application Thread] DEBUG DesktopFSService     - Writing to: system\fxgl.bundle
15:30:07.973 [JavaFX Application Thread] DEBUG GameApplication      - Closing logger and exiting JavaFX
