14:48:53.630 [JavaFX Application Thread] DEBUG GameApplication      - Logger initialized
14:48:53.636 [JavaFX Application Thread] DEBUG MainWindow           - Creating a JavaFX scene
14:48:53.636 [JavaFX Application Thread] DEBUG MainWindow           - Target size > screen size
14:48:53.706 [JavaFX Application Thread] DEBUG MainWindow           - Target settings size: 1400.0 x 1050.0
14:48:53.706 [JavaFX Application Thread] DEBUG MainWindow           - Scaled scene size:    881.0 x 679.0
14:48:53.706 [JavaFX Application Thread] DEBUG MainWindow           - Scaled ratio: (0.6292857142857143, 0.6466666666666666)
14:48:53.712 [JavaFX Application Thread] DEBUG GameApplication      - Starting FXGL
14:48:53.722 [JavaFX Application Thread] INFO  FXGL                 - FXGL-0.5.1 on DESKTOP
14:48:53.722 [JavaFX Application Thread] INFO  FXGL                 - Source code and latest versions at: https://github.com/AlmasB/FXGL
14:48:53.723 [JavaFX Application Thread] INFO  FXGL                 -              Join the FXGL chat at: https://gitter.im/AlmasB/FXGL
14:48:53.728 [JavaFX Application Thread] DEBUG FS                   - Loaded DesktopFSService
14:48:53.729 [JavaFX Application Thread] DEBUG FXGL                 - Loading FXGL system data
14:48:53.737 [JavaFX Application Thread] DEBUG DesktopFSService     - Reading from: system\fxgl.bundle
14:48:53.745 [JavaFX Application Thread] DEBUG Bundle               - Logging bundle: FXGL
14:48:53.745 [JavaFX Application Thread] DEBUG Bundle               - FXGL.offline.timer.version.check=2018-05-24T09:09:49.283
14:48:53.769 [JavaFX Application Thread] DEBUG GameApplication      - FXGL started
14:48:53.770 [JavaFX Application Thread] DEBUG GameApplication      - Logging game settings
Title: Platformer
Version: 
Width: 1400
Height: 1050
Fullscreen: false
Intro: false
Menus: false
Profiling: false
Single step:false
App Mode: DEVELOPER
Menu Key: ESCAPE
Stage Style: DECORATED
Scene Factory: class com.almasb.fxgl.scene.SceneFactory
Dialog Factory: class com.almasb.fxgl.ui.FXGLDialogFactory
UI Factory: class com.almasb.fxgl.ui.FXGLUIFactory
Notification Service: class com.almasb.fxgl.gameplay.notification.XboxNotificationView
Exception Handler: class com.almasb.fxgl.app.FXGLExceptionHandler
14:48:53.771 [JavaFX Application Thread] DEBUG GameApplication      - Configuring GameApplication
14:48:53.771 [JavaFX Application Thread] DEBUG GameApplication      - Initializing state machine and application states
14:48:53.787 [JavaFX Application Thread] DEBUG AssetLoader          - Loading from disk: /assets/ui/cursors/fxgl_default.png
14:48:53.805 [JavaFX Application Thread] DEBUG AssetLoader          - Loading from disk: /assets/ui/cursors/fxgl_default.png
14:48:53.825 [JavaFX Application Thread] DEBUG FXGLAssets           - Loading FXGLAssets
14:48:53.847 [JavaFX Application Thread] DEBUG AssetLoader          - Loading from disk: /assets/ui/fonts/VarelaRound-Regular.ttf
14:48:53.965 [JavaFX Application Thread] DEBUG AssetLoader          - Loading from disk: /assets/ui/fonts/lucida_console.ttf
14:48:53.974 [JavaFX Application Thread] DEBUG AssetLoader          - Loading from disk: /assets/ui/css/fxgl_dark.css
14:48:53.997 [JavaFX Application Thread] DEBUG AssetLoader          - Loading from disk: /assets/ui/cursors/fxgl_default.png
14:48:54.021 [JavaFX Application Thread] DEBUG AssetLoader          - Loading from disk: /assets/ui/cursors/fxgl_default.png
14:48:54.035 [JavaFX Application Thread] DEBUG GameScene            - Game scene initialized: 1400x1050
14:48:54.038 [JavaFX Application Thread] DEBUG GameWorld            - Game world initialized
14:48:54.076 [JavaFX Application Thread] DEBUG PhysicsWorld         - Physics world initialized: appHeight=1050, physics.ppm=50.0
14:48:54.091 [JavaFX Application Thread] DEBUG Input                - Registered new binding: Pause - Esc
14:48:54.105 [JavaFX Application Thread] DEBUG Input                - Clearing active input actions
14:48:54.140 [JavaFX Application Thread] DEBUG AppStateMachine      - StartupState -> StartupState
14:48:54.143 [JavaFX Application Thread] INFO  GameApplication      - Game configuration took:  0.372 sec
14:48:54.144 [JavaFX Application Thread] DEBUG AssetLoader          - Loading from disk: /assets/textures/fxgl_icon.png
14:48:54.154 [JavaFX Application Thread] DEBUG MainWindow           - Opening main window
14:48:54.297 [JavaFX Application Thread] DEBUG MainWindow           - Window border size: (4.33331298828125, 27.0)
14:48:54.297 [JavaFX Application Thread] DEBUG MainWindow           - Scaled size: 881.0 x 679.0
14:48:54.297 [JavaFX Application Thread] DEBUG MainWindow           - Scaled ratio: (0.6292857142857143, 0.6466666666666666)
14:48:54.298 [JavaFX Application Thread] DEBUG MainWindow           - Scene size: 881.3333129882812 x 679.3333129882812
14:48:54.298 [JavaFX Application Thread] DEBUG MainWindow           - Stage size: 885.3333129882812 x 706.0
14:48:54.298 [JavaFX Application Thread] DEBUG GameApplication      - Running preInit()
14:48:54.300 [JavaFX Application Thread] DEBUG Input                - Registered new binding: Screenshot - P
14:48:54.300 [JavaFX Application Thread] DEBUG Input                - Registered new binding: Dev Options - CTRL+0
14:48:54.301 [JavaFX Application Thread] DEBUG Input                - Registered new binding: System info dump - CTRL+9
14:48:54.301 [JavaFX Application Thread] DEBUG Input                - Registered new binding: Restart - CTRL+R
14:48:54.329 [JavaFX Application Thread] DEBUG GameApplication      - Starting main loop
14:48:54.332 [JavaFX Application Thread] DEBUG StartupState         - STARTUP
14:48:54.332 [JavaFX Application Thread] DEBUG GameApplication      - Starting new game
14:48:54.332 [JavaFX Application Thread] DEBUG Input                - Clearing active input actions
14:48:54.338 [JavaFX Application Thread] DEBUG AppStateMachine      - StartupState -> LoadingState
14:48:54.343 [FXGL Background Thread 1 ] DEBUG InitAppTask          - Clearing previous game
14:48:54.343 [FXGL Background Thread 1 ] DEBUG GameWorld            - Clearing game world
14:48:54.343 [FXGL Background Thread 1 ] DEBUG PhysicsWorld         - Clearing physics world
14:48:54.343 [FXGL Background Thread 1 ] DEBUG GameScene            - Clearing game scene
14:48:54.344 [FXGL Background Thread 1 ] DEBUG InitAppTask          - Initializing Game
14:48:54.364 [FXGL Background Thread 1 ] DEBUG AssetLoader          - Loading from disk: /assets/tmx/platformer_map_1.tmx
14:48:54.385 [FXGL Background Thread 1 ] WARN  TMXParser            - TiledMap generated from 1.1.5. Supported version: 1.1.2. Some features may not be parsed fully.
14:48:54.413 [FXGL Background Thread 1 ] DEBUG GameWorld            - Clearing removable entities
14:48:54.413 [FXGL Background Thread 1 ] DEBUG GameWorld            - Setting level from map
14:48:54.433 [FXGL Background Thread 1 ] DEBUG AssetLoader          - Loading from disk: /assets/textures/map_tiles.png
14:48:54.451 [FXGL Background Thread 1 ] DEBUG AssetLoader          - Loading from cache: /assets/textures/map_tiles.png
14:48:54.452 [FXGL Background Thread 1 ] DEBUG AssetLoader          - Loading from cache: /assets/textures/map_tiles.png
14:48:54.452 [FXGL Background Thread 1 ] DEBUG AssetLoader          - Loading from cache: /assets/textures/map_tiles.png
14:48:54.452 [FXGL Background Thread 1 ] DEBUG AssetLoader          - Loading from cache: /assets/textures/map_tiles.png
14:48:54.452 [FXGL Background Thread 1 ] DEBUG AssetLoader          - Loading from cache: /assets/textures/map_tiles.png
14:48:54.452 [FXGL Background Thread 1 ] DEBUG AssetLoader          - Loading from cache: /assets/textures/map_tiles.png
14:48:54.452 [FXGL Background Thread 1 ] DEBUG AssetLoader          - Loading from cache: /assets/textures/map_tiles.png
14:48:54.453 [FXGL Background Thread 1 ] DEBUG AssetLoader          - Loading from cache: /assets/textures/map_tiles.png
14:48:54.453 [FXGL Background Thread 1 ] DEBUG AssetLoader          - Loading from cache: /assets/textures/map_tiles.png
14:48:54.453 [FXGL Background Thread 1 ] DEBUG AssetLoader          - Loading from cache: /assets/textures/map_tiles.png
14:48:54.453 [FXGL Background Thread 1 ] DEBUG AssetLoader          - Loading from cache: /assets/textures/map_tiles.png
14:48:54.453 [FXGL Background Thread 1 ] DEBUG AssetLoader          - Loading from cache: /assets/textures/map_tiles.png
14:48:54.453 [FXGL Background Thread 1 ] DEBUG AssetLoader          - Loading from cache: /assets/textures/map_tiles.png
14:48:54.453 [FXGL Background Thread 1 ] DEBUG AssetLoader          - Loading from cache: /assets/textures/map_tiles.png
14:48:54.453 [FXGL Background Thread 1 ] DEBUG AssetLoader          - Loading from cache: /assets/textures/map_tiles.png
14:48:54.454 [FXGL Background Thread 1 ] DEBUG AssetLoader          - Loading from cache: /assets/textures/map_tiles.png
14:48:54.454 [FXGL Background Thread 1 ] DEBUG AssetLoader          - Loading from cache: /assets/textures/map_tiles.png
14:48:54.454 [FXGL Background Thread 1 ] DEBUG AssetLoader          - Loading from cache: /assets/textures/map_tiles.png
14:48:54.454 [FXGL Background Thread 1 ] DEBUG AssetLoader          - Loading from cache: /assets/textures/map_tiles.png
14:48:54.454 [FXGL Background Thread 1 ] DEBUG AssetLoader          - Loading from cache: /assets/textures/map_tiles.png
14:48:54.454 [FXGL Background Thread 1 ] DEBUG AssetLoader          - Loading from cache: /assets/textures/map_tiles.png
14:48:54.454 [FXGL Background Thread 1 ] DEBUG AssetLoader          - Loading from cache: /assets/textures/map_tiles.png
14:48:54.454 [FXGL Background Thread 1 ] DEBUG AssetLoader          - Loading from cache: /assets/textures/map_tiles.png
14:48:54.454 [FXGL Background Thread 1 ] DEBUG AssetLoader          - Loading from cache: /assets/textures/map_tiles.png
14:48:54.455 [FXGL Background Thread 1 ] DEBUG AssetLoader          - Loading from cache: /assets/textures/map_tiles.png
14:48:54.455 [FXGL Background Thread 1 ] DEBUG AssetLoader          - Loading from cache: /assets/textures/map_tiles.png
14:48:54.455 [FXGL Background Thread 1 ] DEBUG AssetLoader          - Loading from cache: /assets/textures/map_tiles.png
14:48:54.455 [FXGL Background Thread 1 ] DEBUG AssetLoader          - Loading from cache: /assets/textures/map_tiles.png
14:48:54.455 [FXGL Background Thread 1 ] DEBUG AssetLoader          - Loading from cache: /assets/textures/map_tiles.png
14:48:54.455 [FXGL Background Thread 1 ] DEBUG AssetLoader          - Loading from cache: /assets/textures/map_tiles.png
14:48:54.455 [FXGL Background Thread 1 ] DEBUG AssetLoader          - Loading from cache: /assets/textures/map_tiles.png
14:48:54.455 [FXGL Background Thread 1 ] DEBUG AssetLoader          - Loading from cache: /assets/textures/map_tiles.png
14:48:54.455 [FXGL Background Thread 1 ] DEBUG AssetLoader          - Loading from cache: /assets/textures/map_tiles.png
14:48:54.456 [FXGL Background Thread 1 ] DEBUG AssetLoader          - Loading from cache: /assets/textures/map_tiles.png
14:48:54.456 [FXGL Background Thread 1 ] DEBUG AssetLoader          - Loading from cache: /assets/textures/map_tiles.png
14:48:54.456 [FXGL Background Thread 1 ] DEBUG AssetLoader          - Loading from cache: /assets/textures/map_tiles.png
14:48:54.456 [FXGL Background Thread 1 ] DEBUG AssetLoader          - Loading from cache: /assets/textures/map_tiles.png
14:48:54.456 [FXGL Background Thread 1 ] DEBUG AssetLoader          - Loading from cache: /assets/textures/map_tiles.png
14:48:54.456 [FXGL Background Thread 1 ] DEBUG AssetLoader          - Loading from cache: /assets/textures/map_tiles.png
14:48:54.456 [FXGL Background Thread 1 ] DEBUG AssetLoader          - Loading from cache: /assets/textures/map_tiles.png
14:48:54.456 [FXGL Background Thread 1 ] DEBUG AssetLoader          - Loading from cache: /assets/textures/map_tiles.png
14:48:54.457 [FXGL Background Thread 1 ] DEBUG AssetLoader          - Loading from cache: /assets/textures/map_tiles.png
14:48:54.457 [FXGL Background Thread 1 ] DEBUG AssetLoader          - Loading from cache: /assets/textures/map_tiles.png
14:48:54.457 [FXGL Background Thread 1 ] DEBUG AssetLoader          - Loading from cache: /assets/textures/map_tiles.png
14:48:54.457 [FXGL Background Thread 1 ] DEBUG AssetLoader          - Loading from cache: /assets/textures/map_tiles.png
14:48:54.457 [FXGL Background Thread 1 ] DEBUG AssetLoader          - Loading from cache: /assets/textures/map_tiles.png
14:48:54.457 [FXGL Background Thread 1 ] DEBUG AssetLoader          - Loading from cache: /assets/textures/map_tiles.png
14:48:54.457 [FXGL Background Thread 1 ] DEBUG AssetLoader          - Loading from cache: /assets/textures/map_tiles.png
14:48:54.458 [FXGL Background Thread 1 ] DEBUG AssetLoader          - Loading from cache: /assets/textures/map_tiles.png
14:48:54.458 [FXGL Background Thread 1 ] DEBUG AssetLoader          - Loading from cache: /assets/textures/map_tiles.png
14:48:54.458 [FXGL Background Thread 1 ] DEBUG AssetLoader          - Loading from cache: /assets/textures/map_tiles.png
14:48:54.458 [FXGL Background Thread 1 ] DEBUG AssetLoader          - Loading from cache: /assets/textures/map_tiles.png
14:48:54.458 [FXGL Background Thread 1 ] DEBUG AssetLoader          - Loading from cache: /assets/textures/map_tiles.png
14:48:54.458 [FXGL Background Thread 1 ] DEBUG AssetLoader          - Loading from cache: /assets/textures/map_tiles.png
14:48:54.458 [FXGL Background Thread 1 ] DEBUG AssetLoader          - Loading from cache: /assets/textures/map_tiles.png
14:48:54.458 [FXGL Background Thread 1 ] DEBUG AssetLoader          - Loading from cache: /assets/textures/map_tiles.png
14:48:54.458 [FXGL Background Thread 1 ] DEBUG AssetLoader          - Loading from cache: /assets/textures/map_tiles.png
14:48:54.458 [FXGL Background Thread 1 ] DEBUG AssetLoader          - Loading from cache: /assets/textures/map_tiles.png
14:48:54.459 [FXGL Background Thread 1 ] DEBUG AssetLoader          - Loading from cache: /assets/textures/map_tiles.png
14:48:54.459 [FXGL Background Thread 1 ] DEBUG AssetLoader          - Loading from cache: /assets/textures/map_tiles.png
14:48:54.459 [FXGL Background Thread 1 ] DEBUG AssetLoader          - Loading from cache: /assets/textures/map_tiles.png
14:48:54.459 [FXGL Background Thread 1 ] DEBUG AssetLoader          - Loading from cache: /assets/textures/map_tiles.png
14:48:54.461 [FXGL Background Thread 1 ] DEBUG GameScene            - Creating render group for layer: BACKGROUND(1000)
14:48:54.502 [FXGL Background Thread 1 ] DEBUG GameScene            - Creating render group for layer: DEFAULT(100000)
14:48:54.518 [FXGL Background Thread 1 ] DEBUG AssetLoader          - Loading from disk: /assets/textures/Platformer/stand_sheet.png
14:48:54.528 [FXGL Background Thread 1 ] DEBUG InitAppTask          - Initializing Physics
14:48:54.528 [FXGL Background Thread 1 ] DEBUG InitAppTask          - Initializing UI
14:48:54.528 [FXGL Background Thread 1 ] DEBUG InitAppTask          - Initialization Complete
14:48:54.529 [FXGL Background Thread 1 ] INFO  InitAppTask          - Game initialization took: 0.185 sec
14:48:54.539 [JavaFX Application Thread] DEBUG Input                - Clearing active input actions
14:48:54.545 [JavaFX Application Thread] DEBUG AppStateMachine      - LoadingState -> PlayState
14:48:57.107 [JavaFX Application Thread] DEBUG AssetLoader          - Loading from disk: /assets/ui/dev_menu_bar.fxml
14:49:02.402 [JavaFX Application Thread] DEBUG GameApplication      - Exiting game application
14:49:02.402 [JavaFX Application Thread] DEBUG GameApplication      - Shutting down background threads
14:49:02.403 [JavaFX Application Thread] DEBUG GameApplication      - Exiting FXGL
14:49:02.403 [JavaFX Application Thread] DEBUG FXGL                 - Saving FXGL system data
14:49:02.405 [JavaFX Application Thread] DEBUG DesktopFSService     - Writing to: system\fxgl.bundle
14:49:02.409 [JavaFX Application Thread] DEBUG GameApplication      - Closing logger and exiting JavaFX
