19:46:40.696 [JavaFX Application Thread] DEBUG GameApplication      - Logger initialized
19:46:40.703 [JavaFX Application Thread] DEBUG MainWindow           - Creating a JavaFX scene
19:46:40.773 [JavaFX Application Thread] DEBUG MainWindow           - Target settings size: 800.0 x 470.0
19:46:40.774 [JavaFX Application Thread] DEBUG MainWindow           - Scaled scene size:    800.0 x 470.0
19:46:40.774 [JavaFX Application Thread] DEBUG MainWindow           - Scaled ratio: (1.0, 1.0)
19:46:40.779 [JavaFX Application Thread] DEBUG GameApplication      - Starting FXGL
19:46:40.789 [JavaFX Application Thread] INFO  FXGL                 - FXGL-0.5.1 on DESKTOP
19:46:40.790 [JavaFX Application Thread] INFO  FXGL                 - Source code and latest versions at: https://github.com/AlmasB/FXGL
19:46:40.790 [JavaFX Application Thread] INFO  FXGL                 -              Join the FXGL chat at: https://gitter.im/AlmasB/FXGL
19:46:40.796 [JavaFX Application Thread] DEBUG FS                   - Loaded DesktopFSService
19:46:40.796 [JavaFX Application Thread] DEBUG FXGL                 - Loading FXGL system data
19:46:40.803 [JavaFX Application Thread] DEBUG DesktopFSService     - Reading from: system\fxgl.bundle
19:46:40.810 [JavaFX Application Thread] DEBUG Bundle               - Logging bundle: FXGL
19:46:40.811 [JavaFX Application Thread] DEBUG Bundle               - FXGL.offline.timer.version.check=2018-05-16T18:22:51.838
19:46:40.834 [JavaFX Application Thread] DEBUG GameApplication      - FXGL started
19:46:40.834 [JavaFX Application Thread] DEBUG GameApplication      - Logging game settings
Title: Frogger
Version: 0.2.0
Width: 800
Height: 470
Fullscreen: false
Intro: false
Menus: false
Profiling: false
Single step:false
App Mode: DEVELOPER
Menu Key: ESCAPE
Stage Style: DECORATED
Scene Factory: class com.almasb.fxgl.scene.SceneFactory
Dialog Factory: class com.almasb.fxgl.ui.FXGLDialogFactory
UI Factory: class com.almasb.fxgl.ui.FXGLUIFactory
Notification Service: class com.almasb.fxgl.gameplay.notification.XboxNotificationView
Exception Handler: class com.almasb.fxgl.app.FXGLExceptionHandler
19:46:40.835 [JavaFX Application Thread] DEBUG GameApplication      - Configuring GameApplication
19:46:40.835 [JavaFX Application Thread] DEBUG GameApplication      - Initializing state machine and application states
19:46:40.846 [JavaFX Application Thread] DEBUG AssetLoader          - Loading from disk: /assets/ui/cursors/fxgl_default.png
19:46:40.863 [JavaFX Application Thread] DEBUG AssetLoader          - Loading from disk: /assets/ui/cursors/fxgl_default.png
19:46:40.881 [JavaFX Application Thread] DEBUG FXGLAssets           - Loading FXGLAssets
19:46:40.905 [JavaFX Application Thread] DEBUG AssetLoader          - Loading from disk: /assets/ui/fonts/VarelaRound-Regular.ttf
19:46:41.035 [JavaFX Application Thread] DEBUG AssetLoader          - Loading from disk: /assets/ui/fonts/lucida_console.ttf
19:46:41.043 [JavaFX Application Thread] DEBUG AssetLoader          - Loading from disk: /assets/ui/css/fxgl_dark.css
19:46:41.066 [JavaFX Application Thread] DEBUG AssetLoader          - Loading from disk: /assets/ui/cursors/fxgl_default.png
19:46:41.090 [JavaFX Application Thread] DEBUG AssetLoader          - Loading from disk: /assets/ui/cursors/fxgl_default.png
19:46:41.104 [JavaFX Application Thread] DEBUG GameScene            - Game scene initialized: 800x470
19:46:41.106 [JavaFX Application Thread] DEBUG GameWorld            - Game world initialized
19:46:41.143 [JavaFX Application Thread] DEBUG PhysicsWorld         - Physics world initialized: appHeight=470, physics.ppm=50.0
19:46:41.158 [JavaFX Application Thread] DEBUG Input                - Registered new binding: Pause - Esc
19:46:41.171 [JavaFX Application Thread] DEBUG Input                - Clearing active input actions
19:46:41.203 [JavaFX Application Thread] DEBUG AppStateMachine      - StartupState -> StartupState
19:46:41.208 [JavaFX Application Thread] INFO  GameApplication      - Game configuration took:  0.373 sec
19:46:41.210 [JavaFX Application Thread] DEBUG AssetLoader          - Loading from disk: /assets/textures/fxgl_icon.png
19:46:41.220 [JavaFX Application Thread] DEBUG MainWindow           - Opening main window
19:46:41.359 [JavaFX Application Thread] DEBUG MainWindow           - Window border size: (4.0, 26.666656494140625)
19:46:41.359 [JavaFX Application Thread] DEBUG MainWindow           - Scaled size: 800.0 x 470.0
19:46:41.359 [JavaFX Application Thread] DEBUG MainWindow           - Scaled ratio: (1.0, 1.0)
19:46:41.359 [JavaFX Application Thread] DEBUG MainWindow           - Scene size: 800.0 x 470.0
19:46:41.359 [JavaFX Application Thread] DEBUG MainWindow           - Stage size: 804.0 x 496.6666564941406
19:46:41.359 [JavaFX Application Thread] DEBUG GameApplication      - Running preInit()
19:46:41.360 [JavaFX Application Thread] DEBUG Input                - Registered new binding: Screenshot - P
19:46:41.361 [JavaFX Application Thread] DEBUG Input                - Registered new binding: Dev Options - CTRL+0
19:46:41.361 [JavaFX Application Thread] DEBUG Input                - Registered new binding: System info dump - CTRL+9
19:46:41.361 [JavaFX Application Thread] DEBUG Input                - Registered new binding: Restart - CTRL+R
19:46:41.362 [JavaFX Application Thread] DEBUG Input                - Registered new binding: up - W
19:46:41.362 [JavaFX Application Thread] DEBUG Input                - Registered new binding: down - S
19:46:41.362 [JavaFX Application Thread] DEBUG Input                - Registered new binding: left - A
19:46:41.362 [JavaFX Application Thread] DEBUG Input                - Registered new binding: right - D
19:46:41.390 [JavaFX Application Thread] DEBUG GameApplication      - Starting main loop
19:46:41.391 [JavaFX Application Thread] DEBUG StartupState         - STARTUP
19:46:41.391 [JavaFX Application Thread] DEBUG GameApplication      - Starting new game
19:46:41.392 [JavaFX Application Thread] DEBUG Input                - Clearing active input actions
19:46:41.397 [JavaFX Application Thread] DEBUG AppStateMachine      - StartupState -> LoadingState
19:46:41.402 [FXGL Background Thread 1 ] DEBUG InitAppTask          - Clearing previous game
19:46:41.402 [FXGL Background Thread 1 ] DEBUG GameWorld            - Clearing game world
19:46:41.402 [FXGL Background Thread 1 ] DEBUG PhysicsWorld         - Clearing physics world
19:46:41.402 [FXGL Background Thread 1 ] DEBUG GameScene            - Clearing game scene
19:46:41.403 [FXGL Background Thread 1 ] DEBUG InitAppTask          - Initializing Game
19:46:41.449 [FXGL Background Thread 1 ] DEBUG AssetLoader          - Loading from disk: /assets/textures/Frogger/frog_idle.png
19:46:41.458 [FXGL Background Thread 1 ] DEBUG GameScene            - Creating render group for layer: DEFAULT(100000)
19:46:41.461 [FXGL Background Thread 1 ] DEBUG AssetLoader          - Loading from disk: /assets/textures/Frogger/full_log.png
19:46:41.470 [FXGL Background Thread 1 ] DEBUG AssetLoader          - Loading from cache: /assets/textures/Frogger/full_log.png
19:46:41.471 [FXGL Background Thread 1 ] DEBUG AssetLoader          - Loading from disk: /assets/textures/Frogger/rotating_log.png
19:46:41.476 [FXGL Background Thread 1 ] DEBUG InitAppTask          - Initializing Physics
19:46:41.476 [FXGL Background Thread 1 ] DEBUG InitAppTask          - Initializing UI
19:46:41.477 [FXGL Background Thread 1 ] DEBUG AssetLoader          - Loading from disk: /assets/textures/Frogger/background.jpg
19:46:41.484 [FXGL Background Thread 1 ] DEBUG InitAppTask          - Initialization Complete
19:46:41.484 [FXGL Background Thread 1 ] INFO  InitAppTask          - Game initialization took: 0.084 sec
19:46:41.490 [JavaFX Application Thread] DEBUG Input                - Clearing active input actions
19:46:41.497 [JavaFX Application Thread] DEBUG AppStateMachine      - LoadingState -> PlayState
19:46:42.366 [JavaFX Application Thread] DEBUG AssetLoader          - Loading from disk: /assets/textures/Frogger/green_car.png
19:46:42.367 [JavaFX Application Thread] DEBUG GameScene            - Creating render group for layer: TOP(2147483647)
19:46:42.368 [JavaFX Application Thread] DEBUG AssetLoader          - Loading from disk: /assets/textures/Frogger/orange_car.png
19:46:43.294 [JavaFX Application Thread] DEBUG AssetLoader          - Loading from cache: /assets/textures/Frogger/orange_car.png
19:46:43.295 [JavaFX Application Thread] DEBUG AssetLoader          - Loading from cache: /assets/textures/Frogger/orange_car.png
19:46:44.205 [JavaFX Application Thread] DEBUG AssetLoader          - Loading from cache: /assets/textures/Frogger/green_car.png
19:46:44.206 [JavaFX Application Thread] DEBUG AssetLoader          - Loading from cache: /assets/textures/Frogger/orange_car.png
19:46:45.118 [JavaFX Application Thread] DEBUG AssetLoader          - Loading from disk: /assets/textures/Frogger/purple_car.png
19:46:45.120 [JavaFX Application Thread] DEBUG AssetLoader          - Loading from disk: /assets/textures/Frogger/blue_car.png
19:46:46.030 [JavaFX Application Thread] DEBUG AssetLoader          - Loading from cache: /assets/textures/Frogger/blue_car.png
19:46:46.031 [JavaFX Application Thread] DEBUG AssetLoader          - Loading from cache: /assets/textures/Frogger/orange_car.png
19:46:46.032 [JavaFX Application Thread] DEBUG AssetLoader          - Loading from disk: /assets/textures/Frogger/half_log.png
19:46:46.033 [JavaFX Application Thread] DEBUG AssetLoader          - Loading from cache: /assets/textures/Frogger/full_log.png
19:46:46.958 [JavaFX Application Thread] DEBUG AssetLoader          - Loading from cache: /assets/textures/Frogger/orange_car.png
19:46:46.959 [JavaFX Application Thread] DEBUG AssetLoader          - Loading from cache: /assets/textures/Frogger/green_car.png
19:46:47.869 [JavaFX Application Thread] DEBUG AssetLoader          - Loading from cache: /assets/textures/Frogger/green_car.png
19:46:47.871 [JavaFX Application Thread] DEBUG AssetLoader          - Loading from cache: /assets/textures/Frogger/blue_car.png
19:46:48.782 [JavaFX Application Thread] DEBUG AssetLoader          - Loading from disk: /assets/textures/Frogger/red_car.png
19:46:48.783 [JavaFX Application Thread] DEBUG AssetLoader          - Loading from cache: /assets/textures/Frogger/purple_car.png
19:46:49.426 [JavaFX Application Thread] DEBUG GameApplication      - Exiting game application
19:46:49.427 [JavaFX Application Thread] DEBUG GameApplication      - Shutting down background threads
19:46:49.427 [JavaFX Application Thread] DEBUG GameApplication      - Exiting FXGL
19:46:49.427 [JavaFX Application Thread] DEBUG FXGL                 - Saving FXGL system data
19:46:49.429 [JavaFX Application Thread] DEBUG DesktopFSService     - Writing to: system\fxgl.bundle
19:46:49.433 [JavaFX Application Thread] DEBUG GameApplication      - Closing logger and exiting JavaFX
