14:29:29.185 [JavaFX Application Thread] DEBUG GameApplication      - Logger initialized
14:29:29.191 [JavaFX Application Thread] DEBUG MainWindow           - Creating a JavaFX scene
14:29:29.258 [JavaFX Application Thread] DEBUG MainWindow           - Target settings size: 800.0 x 470.0
14:29:29.259 [JavaFX Application Thread] DEBUG MainWindow           - Scaled scene size:    800.0 x 470.0
14:29:29.259 [JavaFX Application Thread] DEBUG MainWindow           - Scaled ratio: (1.0, 1.0)
14:29:29.263 [JavaFX Application Thread] DEBUG GameApplication      - Starting FXGL
14:29:29.273 [JavaFX Application Thread] INFO  FXGL                 - FXGL-0.5.1 on DESKTOP
14:29:29.273 [JavaFX Application Thread] INFO  FXGL                 - Source code and latest versions at: https://github.com/AlmasB/FXGL
14:29:29.273 [JavaFX Application Thread] INFO  FXGL                 -              Join the FXGL chat at: https://gitter.im/AlmasB/FXGL
14:29:29.278 [JavaFX Application Thread] DEBUG FS                   - Loaded DesktopFSService
14:29:29.278 [JavaFX Application Thread] DEBUG FXGL                 - Loading FXGL system data
14:29:29.285 [JavaFX Application Thread] DEBUG DesktopFSService     - Reading from: system\fxgl.bundle
14:29:29.292 [JavaFX Application Thread] DEBUG Bundle               - Logging bundle: FXGL
14:29:29.292 [JavaFX Application Thread] DEBUG Bundle               - FXGL.offline.timer.version.check=2018-05-24T09:09:49.283
14:29:29.314 [JavaFX Application Thread] DEBUG GameApplication      - FXGL started
14:29:29.314 [JavaFX Application Thread] DEBUG GameApplication      - Logging game settings
Title: Frogger
Version: 0.2.0
Width: 800
Height: 470
Fullscreen: false
Intro: false
Menus: false
Profiling: false
Single step:false
App Mode: DEVELOPER
Menu Key: ESCAPE
Stage Style: DECORATED
Scene Factory: class com.almasb.fxgl.scene.SceneFactory
Dialog Factory: class com.almasb.fxgl.ui.FXGLDialogFactory
UI Factory: class com.almasb.fxgl.ui.FXGLUIFactory
Notification Service: class com.almasb.fxgl.gameplay.notification.XboxNotificationView
Exception Handler: class com.almasb.fxgl.app.FXGLExceptionHandler
14:29:29.315 [JavaFX Application Thread] DEBUG GameApplication      - Configuring GameApplication
14:29:29.315 [JavaFX Application Thread] DEBUG GameApplication      - Initializing state machine and application states
14:29:29.325 [JavaFX Application Thread] DEBUG AssetLoader          - Loading from disk: /assets/ui/cursors/fxgl_default.png
14:29:29.343 [JavaFX Application Thread] DEBUG AssetLoader          - Loading from disk: /assets/ui/cursors/fxgl_default.png
14:29:29.360 [JavaFX Application Thread] DEBUG FXGLAssets           - Loading FXGLAssets
14:29:29.385 [JavaFX Application Thread] DEBUG AssetLoader          - Loading from disk: /assets/ui/fonts/VarelaRound-Regular.ttf
14:29:29.513 [JavaFX Application Thread] DEBUG AssetLoader          - Loading from disk: /assets/ui/fonts/lucida_console.ttf
14:29:29.522 [JavaFX Application Thread] DEBUG AssetLoader          - Loading from disk: /assets/ui/css/fxgl_dark.css
14:29:29.545 [JavaFX Application Thread] DEBUG AssetLoader          - Loading from disk: /assets/ui/cursors/fxgl_default.png
14:29:29.571 [JavaFX Application Thread] DEBUG AssetLoader          - Loading from disk: /assets/ui/cursors/fxgl_default.png
14:29:29.584 [JavaFX Application Thread] DEBUG GameScene            - Game scene initialized: 800x470
14:29:29.587 [JavaFX Application Thread] DEBUG GameWorld            - Game world initialized
14:29:29.625 [JavaFX Application Thread] DEBUG PhysicsWorld         - Physics world initialized: appHeight=470, physics.ppm=50.0
14:29:29.639 [JavaFX Application Thread] DEBUG Input                - Registered new binding: Pause - Esc
14:29:29.654 [JavaFX Application Thread] DEBUG Input                - Clearing active input actions
14:29:29.683 [JavaFX Application Thread] DEBUG AppStateMachine      - StartupState -> StartupState
14:29:29.688 [JavaFX Application Thread] INFO  GameApplication      - Game configuration took:  0.372 sec
14:29:29.689 [JavaFX Application Thread] DEBUG AssetLoader          - Loading from disk: /assets/textures/fxgl_icon.png
14:29:29.699 [JavaFX Application Thread] DEBUG MainWindow           - Opening main window
14:29:29.835 [JavaFX Application Thread] DEBUG MainWindow           - Window border size: (4.0, 26.666656494140625)
14:29:29.835 [JavaFX Application Thread] DEBUG MainWindow           - Scaled size: 800.0 x 470.0
14:29:29.835 [JavaFX Application Thread] DEBUG MainWindow           - Scaled ratio: (1.0, 1.0)
14:29:29.835 [JavaFX Application Thread] DEBUG MainWindow           - Scene size: 800.0 x 470.0
14:29:29.835 [JavaFX Application Thread] DEBUG MainWindow           - Stage size: 804.0 x 496.6666564941406
14:29:29.835 [JavaFX Application Thread] DEBUG GameApplication      - Running preInit()
14:29:29.837 [JavaFX Application Thread] DEBUG Input                - Registered new binding: Screenshot - P
14:29:29.838 [JavaFX Application Thread] DEBUG Input                - Registered new binding: Dev Options - CTRL+0
14:29:29.838 [JavaFX Application Thread] DEBUG Input                - Registered new binding: System info dump - CTRL+9
14:29:29.838 [JavaFX Application Thread] DEBUG Input                - Registered new binding: Restart - CTRL+R
14:29:29.839 [JavaFX Application Thread] DEBUG Input                - Registered new binding: up - W
14:29:29.839 [JavaFX Application Thread] DEBUG Input                - Registered new binding: down - S
14:29:29.839 [JavaFX Application Thread] DEBUG Input                - Registered new binding: left - A
14:29:29.839 [JavaFX Application Thread] DEBUG Input                - Registered new binding: right - D
14:29:29.839 [JavaFX Application Thread] DEBUG Input                - Registered new binding: testd - Space
14:29:29.865 [JavaFX Application Thread] DEBUG GameApplication      - Starting main loop
14:29:29.867 [JavaFX Application Thread] DEBUG StartupState         - STARTUP
14:29:29.867 [JavaFX Application Thread] DEBUG GameApplication      - Starting new game
14:29:29.867 [JavaFX Application Thread] DEBUG Input                - Clearing active input actions
14:29:29.873 [JavaFX Application Thread] DEBUG AppStateMachine      - StartupState -> LoadingState
14:29:29.877 [FXGL Background Thread 1 ] DEBUG InitAppTask          - Clearing previous game
14:29:29.878 [FXGL Background Thread 1 ] DEBUG GameWorld            - Clearing game world
14:29:29.878 [FXGL Background Thread 1 ] DEBUG PhysicsWorld         - Clearing physics world
14:29:29.878 [FXGL Background Thread 1 ] DEBUG GameScene            - Clearing game scene
14:29:29.879 [FXGL Background Thread 1 ] DEBUG InitAppTask          - Initializing Game
14:29:29.896 [FXGL Background Thread 1 ] DEBUG AssetLoader          - Loading from disk: /assets/textures/Frogger/splatting_frog.png
14:29:29.928 [FXGL Background Thread 1 ] DEBUG AssetLoader          - Loading from disk: /assets/textures/Frogger/frog_idle.png
14:29:29.936 [FXGL Background Thread 1 ] DEBUG GameScene            - Creating render group for layer: TOP(2147483647)
14:29:29.940 [FXGL Background Thread 1 ] DEBUG AssetLoader          - Loading from disk: /assets/textures/Frogger/half_log.png
14:29:29.945 [FXGL Background Thread 1 ] DEBUG GameScene            - Creating render group for layer: DEFAULT(100000)
14:29:29.947 [FXGL Background Thread 1 ] DEBUG AssetLoader          - Loading from disk: /assets/textures/Frogger/full_log.png
14:29:29.948 [FXGL Background Thread 1 ] DEBUG AssetLoader          - Loading from cache: /assets/textures/Frogger/full_log.png
14:29:29.949 [FXGL Background Thread 1 ] DEBUG AssetLoader          - Loading from disk: /assets/textures/Frogger/rotating_log.png
14:29:29.951 [FXGL Background Thread 1 ] DEBUG InitAppTask          - Initializing Physics
14:29:29.952 [FXGL Background Thread 1 ] DEBUG InitAppTask          - Initializing UI
14:29:29.952 [FXGL Background Thread 1 ] DEBUG AssetLoader          - Loading from disk: /assets/textures/Frogger/background.jpg
14:29:29.959 [FXGL Background Thread 1 ] DEBUG InitAppTask          - Initialization Complete
14:29:29.959 [FXGL Background Thread 1 ] INFO  InitAppTask          - Game initialization took: 0.082 sec
14:29:29.967 [JavaFX Application Thread] DEBUG Input                - Clearing active input actions
14:29:29.972 [JavaFX Application Thread] DEBUG AppStateMachine      - LoadingState -> PlayState
14:29:30.157 [JavaFX Application Thread] DEBUG Input                - Mocking key release: W
14:29:30.157 [JavaFX Application Thread] DEBUG AssetLoader          - Loading from disk: /assets/textures/Frogger/frog_jump.png
14:29:30.319 [JavaFX Application Thread] DEBUG Input                - Mocking key release: D
14:29:30.320 [JavaFX Application Thread] DEBUG AssetLoader          - Loading from cache: /assets/textures/Frogger/frog_jump.png
14:29:30.414 [JavaFX Application Thread] DEBUG AssetLoader          - Loading from cache: /assets/textures/Frogger/frog_idle.png
14:29:30.436 [JavaFX Application Thread] DEBUG Input                - Mocking key release: W
14:29:30.436 [JavaFX Application Thread] DEBUG AssetLoader          - Loading from cache: /assets/textures/Frogger/frog_jump.png
14:29:30.502 [JavaFX Application Thread] DEBUG Input                - Mocking key release: D
14:29:30.502 [JavaFX Application Thread] DEBUG AssetLoader          - Loading from cache: /assets/textures/Frogger/frog_jump.png
14:29:30.574 [JavaFX Application Thread] DEBUG AssetLoader          - Loading from cache: /assets/textures/Frogger/frog_idle.png
14:29:30.635 [JavaFX Application Thread] DEBUG Input                - Mocking key release: W
14:29:30.636 [JavaFX Application Thread] DEBUG AssetLoader          - Loading from cache: /assets/textures/Frogger/frog_jump.png
14:29:30.687 [JavaFX Application Thread] DEBUG AssetLoader          - Loading from cache: /assets/textures/Frogger/frog_idle.png
14:29:30.752 [JavaFX Application Thread] DEBUG Input                - Mocking key release: W
14:29:30.753 [JavaFX Application Thread] DEBUG AssetLoader          - Loading from cache: /assets/textures/Frogger/frog_jump.png
14:29:30.766 [JavaFX Application Thread] DEBUG AssetLoader          - Loading from cache: /assets/textures/Frogger/frog_idle.png
14:29:30.847 [JavaFX Application Thread] DEBUG AssetLoader          - Loading from disk: /assets/textures/Frogger/orange_car.png
14:29:30.849 [JavaFX Application Thread] DEBUG AssetLoader          - Loading from disk: /assets/textures/Frogger/blue_car.png
14:29:30.885 [JavaFX Application Thread] DEBUG Input                - Mocking key release: D
14:29:30.885 [JavaFX Application Thread] DEBUG AssetLoader          - Loading from cache: /assets/textures/Frogger/frog_jump.png
14:29:30.894 [JavaFX Application Thread] DEBUG AssetLoader          - Loading from cache: /assets/textures/Frogger/frog_idle.png
14:29:31.007 [JavaFX Application Thread] DEBUG AssetLoader          - Loading from cache: /assets/textures/Frogger/frog_idle.png
14:29:31.019 [JavaFX Application Thread] DEBUG Input                - Mocking key release: W
14:29:31.019 [JavaFX Application Thread] DEBUG AssetLoader          - Loading from cache: /assets/textures/Frogger/frog_jump.png
14:29:31.102 [JavaFX Application Thread] DEBUG Input                - Mocking key release: D
14:29:31.102 [JavaFX Application Thread] DEBUG AssetLoader          - Loading from cache: /assets/textures/Frogger/frog_jump.png
14:29:31.150 [JavaFX Application Thread] DEBUG AssetLoader          - Loading from cache: /assets/textures/Frogger/frog_idle.png
14:29:31.205 [JavaFX Application Thread] DEBUG Input                - Mocking key release: W
14:29:31.205 [JavaFX Application Thread] DEBUG AssetLoader          - Loading from cache: /assets/textures/Frogger/frog_jump.png
14:29:31.269 [JavaFX Application Thread] DEBUG Input                - Mocking key release: D
14:29:31.269 [JavaFX Application Thread] DEBUG AssetLoader          - Loading from cache: /assets/textures/Frogger/frog_jump.png
14:29:31.278 [JavaFX Application Thread] DEBUG AssetLoader          - Loading from cache: /assets/textures/Frogger/frog_idle.png
14:29:31.359 [JavaFX Application Thread] DEBUG AssetLoader          - Loading from cache: /assets/textures/Frogger/frog_idle.png
14:29:31.403 [JavaFX Application Thread] DEBUG Input                - Mocking key release: W
14:29:31.403 [JavaFX Application Thread] DEBUG AssetLoader          - Loading from cache: /assets/textures/Frogger/frog_jump.png
14:29:31.455 [JavaFX Application Thread] DEBUG AssetLoader          - Loading from cache: /assets/textures/Frogger/frog_idle.png
14:29:31.519 [JavaFX Application Thread] DEBUG Input                - Mocking key release: D
14:29:31.520 [JavaFX Application Thread] DEBUG AssetLoader          - Loading from cache: /assets/textures/Frogger/frog_jump.png
14:29:31.521 [JavaFX Application Thread] DEBUG AssetLoader          - Loading from cache: /assets/textures/Frogger/frog_idle.png
14:29:31.576 [JavaFX Application Thread] DEBUG Input                - Mocking key release: W
14:29:31.577 [JavaFX Application Thread] DEBUG AssetLoader          - Loading from cache: /assets/textures/Frogger/frog_jump.png
14:29:31.662 [JavaFX Application Thread] DEBUG AssetLoader          - Loading from cache: /assets/textures/Frogger/frog_idle.png
14:29:31.685 [JavaFX Application Thread] DEBUG Input                - Mocking key release: D
14:29:31.685 [JavaFX Application Thread] DEBUG AssetLoader          - Loading from cache: /assets/textures/Frogger/frog_jump.png
14:29:31.759 [JavaFX Application Thread] DEBUG AssetLoader          - Loading from disk: /assets/textures/Frogger/red_car.png
14:29:31.762 [JavaFX Application Thread] DEBUG AssetLoader          - Loading from cache: /assets/textures/Frogger/blue_car.png
14:29:31.775 [JavaFX Application Thread] DEBUG AssetLoader          - Loading from cache: /assets/textures/Frogger/frog_idle.png
14:29:31.823 [JavaFX Application Thread] DEBUG AssetLoader          - Loading from cache: /assets/textures/Frogger/frog_idle.png
14:29:31.884 [JavaFX Application Thread] DEBUG Input                - Mocking key release: D
14:29:31.884 [JavaFX Application Thread] DEBUG AssetLoader          - Loading from cache: /assets/textures/Frogger/frog_jump.png
14:29:31.950 [JavaFX Application Thread] DEBUG AssetLoader          - Loading from cache: /assets/textures/Frogger/frog_idle.png
14:29:32.022 [JavaFX Application Thread] DEBUG Input                - Mocking key release: D
14:29:32.022 [JavaFX Application Thread] DEBUG AssetLoader          - Loading from cache: /assets/textures/Frogger/frog_jump.png
14:29:32.143 [JavaFX Application Thread] DEBUG AssetLoader          - Loading from cache: /assets/textures/Frogger/frog_idle.png
14:29:32.152 [JavaFX Application Thread] DEBUG Input                - Mocking key release: D
14:29:32.152 [JavaFX Application Thread] DEBUG AssetLoader          - Loading from cache: /assets/textures/Frogger/frog_jump.png
14:29:32.185 [JavaFX Application Thread] DEBUG Input                - Mocking key release: W
14:29:32.185 [JavaFX Application Thread] DEBUG AssetLoader          - Loading from cache: /assets/textures/Frogger/frog_jump.png
14:29:32.270 [JavaFX Application Thread] DEBUG AssetLoader          - Loading from cache: /assets/textures/Frogger/frog_idle.png
14:29:32.329 [JavaFX Application Thread] DEBUG Input                - Mocking key release: W
14:29:32.329 [JavaFX Application Thread] DEBUG AssetLoader          - Loading from cache: /assets/textures/Frogger/frog_jump.png
14:29:32.372 [JavaFX Application Thread] DEBUG Input                - Mocking key release: D
14:29:32.372 [JavaFX Application Thread] DEBUG AssetLoader          - Loading from cache: /assets/textures/Frogger/frog_jump.png
14:29:32.414 [JavaFX Application Thread] DEBUG AssetLoader          - Loading from cache: /assets/textures/Frogger/frog_idle.png
14:29:32.447 [JavaFX Application Thread] DEBUG AssetLoader          - Loading from cache: /assets/textures/Frogger/frog_idle.png
14:29:32.501 [JavaFX Application Thread] DEBUG Input                - Mocking key release: D
14:29:32.501 [JavaFX Application Thread] DEBUG AssetLoader          - Loading from cache: /assets/textures/Frogger/frog_jump.png
14:29:32.575 [JavaFX Application Thread] DEBUG AssetLoader          - Loading from cache: /assets/textures/Frogger/frog_idle.png
14:29:32.623 [JavaFX Application Thread] DEBUG AssetLoader          - Loading from cache: /assets/textures/Frogger/frog_idle.png
14:29:32.671 [JavaFX Application Thread] DEBUG AssetLoader          - Loading from disk: /assets/textures/Frogger/purple_car.png
14:29:32.673 [JavaFX Application Thread] DEBUG AssetLoader          - Loading from disk: /assets/textures/Frogger/green_car.png
14:29:32.684 [JavaFX Application Thread] DEBUG Input                - Mocking key release: D
14:29:32.685 [JavaFX Application Thread] DEBUG AssetLoader          - Loading from cache: /assets/textures/Frogger/frog_jump.png
14:29:32.766 [JavaFX Application Thread] DEBUG AssetLoader          - Loading from cache: /assets/textures/Frogger/frog_idle.png
14:29:32.810 [JavaFX Application Thread] DEBUG Input                - Mocking key release: D
14:29:32.810 [JavaFX Application Thread] DEBUG AssetLoader          - Loading from cache: /assets/textures/Frogger/frog_jump.png
14:29:32.943 [JavaFX Application Thread] DEBUG AssetLoader          - Loading from cache: /assets/textures/Frogger/frog_idle.png
14:29:32.955 [JavaFX Application Thread] DEBUG Input                - Mocking key release: D
14:29:32.956 [JavaFX Application Thread] DEBUG AssetLoader          - Loading from cache: /assets/textures/Frogger/frog_jump.png
14:29:33.054 [JavaFX Application Thread] DEBUG AssetLoader          - Loading from cache: /assets/textures/Frogger/frog_idle.png
14:29:33.135 [JavaFX Application Thread] DEBUG Input                - Mocking key release: D
14:29:33.135 [JavaFX Application Thread] DEBUG AssetLoader          - Loading from cache: /assets/textures/Frogger/frog_jump.png
14:29:33.215 [JavaFX Application Thread] DEBUG AssetLoader          - Loading from cache: /assets/textures/Frogger/frog_idle.png
14:29:33.251 [JavaFX Application Thread] DEBUG Input                - Mocking key release: W
14:29:33.252 [JavaFX Application Thread] DEBUG AssetLoader          - Loading from cache: /assets/textures/Frogger/frog_jump.png
14:29:33.391 [JavaFX Application Thread] DEBUG AssetLoader          - Loading from cache: /assets/textures/Frogger/frog_idle.png
14:29:33.502 [JavaFX Application Thread] DEBUG AssetLoader          - Loading from cache: /assets/textures/Frogger/frog_idle.png
14:29:33.534 [JavaFX Application Thread] DEBUG Input                - Mocking key release: W
14:29:33.535 [JavaFX Application Thread] DEBUG AssetLoader          - Loading from cache: /assets/textures/Frogger/frog_jump.png
14:29:33.599 [JavaFX Application Thread] DEBUG AssetLoader          - Loading from cache: /assets/textures/Frogger/red_car.png
14:29:33.600 [JavaFX Application Thread] DEBUG AssetLoader          - Loading from cache: /assets/textures/Frogger/green_car.png
14:29:33.601 [JavaFX Application Thread] DEBUG AssetLoader          - Loading from cache: /assets/textures/Frogger/half_log.png
14:29:33.602 [JavaFX Application Thread] DEBUG AssetLoader          - Loading from cache: /assets/textures/Frogger/half_log.png
14:29:33.643 [JavaFX Application Thread] DEBUG Input                - Mocking key release: W
14:29:33.643 [JavaFX Application Thread] DEBUG AssetLoader          - Loading from cache: /assets/textures/Frogger/frog_jump.png
14:29:33.790 [JavaFX Application Thread] DEBUG AssetLoader          - Loading from cache: /assets/textures/Frogger/frog_idle.png
14:29:33.886 [JavaFX Application Thread] DEBUG AssetLoader          - Loading from cache: /assets/textures/Frogger/frog_idle.png
14:29:34.500 [JavaFX Application Thread] DEBUG Input                - Mocking key release: W
14:29:34.500 [JavaFX Application Thread] DEBUG AssetLoader          - Loading from cache: /assets/textures/Frogger/frog_jump.png
14:29:34.511 [JavaFX Application Thread] DEBUG AssetLoader          - Loading from cache: /assets/textures/Frogger/orange_car.png
14:29:34.512 [JavaFX Application Thread] DEBUG AssetLoader          - Loading from cache: /assets/textures/Frogger/blue_car.png
14:29:34.683 [JavaFX Application Thread] DEBUG Input                - Mocking key release: W
14:29:34.684 [JavaFX Application Thread] DEBUG AssetLoader          - Loading from cache: /assets/textures/Frogger/frog_jump.png
14:29:34.751 [JavaFX Application Thread] DEBUG AssetLoader          - Loading from cache: /assets/textures/Frogger/frog_idle.png
14:29:34.942 [JavaFX Application Thread] DEBUG AssetLoader          - Loading from cache: /assets/textures/Frogger/frog_idle.png
14:29:35.184 [JavaFX Application Thread] DEBUG Input                - Mocking key release: A
14:29:35.184 [JavaFX Application Thread] DEBUG AssetLoader          - Loading from cache: /assets/textures/Frogger/frog_jump.png
14:29:35.333 [JavaFX Application Thread] DEBUG Input                - Mocking key release: W
14:29:35.334 [JavaFX Application Thread] DEBUG AssetLoader          - Loading from cache: /assets/textures/Frogger/frog_jump.png
14:29:35.423 [JavaFX Application Thread] DEBUG AssetLoader          - Loading from cache: /assets/textures/Frogger/green_car.png
14:29:35.424 [JavaFX Application Thread] DEBUG AssetLoader          - Loading from cache: /assets/textures/Frogger/orange_car.png
14:29:35.439 [JavaFX Application Thread] DEBUG AssetLoader          - Loading from cache: /assets/textures/Frogger/frog_idle.png
14:29:35.568 [JavaFX Application Thread] DEBUG Input                - Mocking key release: W
14:29:35.568 [JavaFX Application Thread] DEBUG AssetLoader          - Loading from cache: /assets/textures/Frogger/frog_jump.png
14:29:35.599 [JavaFX Application Thread] DEBUG AssetLoader          - Loading from cache: /assets/textures/Frogger/frog_idle.png
14:29:35.823 [JavaFX Application Thread] DEBUG AssetLoader          - Loading from cache: /assets/textures/Frogger/frog_idle.png
14:29:35.967 [JavaFX Application Thread] DEBUG Input                - Mocking key release: A
14:29:35.967 [JavaFX Application Thread] DEBUG AssetLoader          - Loading from cache: /assets/textures/Frogger/frog_jump.png
14:29:36.116 [JavaFX Application Thread] DEBUG Input                - Mocking key release: S
14:29:36.116 [JavaFX Application Thread] DEBUG AssetLoader          - Loading from cache: /assets/textures/Frogger/frog_jump.png
14:29:36.223 [JavaFX Application Thread] DEBUG AssetLoader          - Loading from cache: /assets/textures/Frogger/frog_idle.png
14:29:36.336 [JavaFX Application Thread] DEBUG AssetLoader          - Loading from cache: /assets/textures/Frogger/blue_car.png
14:29:36.336 [JavaFX Application Thread] DEBUG AssetLoader          - Loading from cache: /assets/textures/Frogger/red_car.png
14:29:36.365 [JavaFX Application Thread] DEBUG Input                - Mocking key release: S
14:29:36.366 [JavaFX Application Thread] DEBUG AssetLoader          - Loading from cache: /assets/textures/Frogger/frog_jump.png
14:29:36.366 [JavaFX Application Thread] DEBUG AssetLoader          - Loading from cache: /assets/textures/Frogger/frog_idle.png
14:29:36.516 [JavaFX Application Thread] DEBUG Input                - Mocking key release: S
14:29:36.517 [JavaFX Application Thread] DEBUG AssetLoader          - Loading from cache: /assets/textures/Frogger/frog_jump.png
14:29:36.623 [JavaFX Application Thread] DEBUG AssetLoader          - Loading from cache: /assets/textures/Frogger/frog_idle.png
14:29:36.699 [JavaFX Application Thread] DEBUG Input                - Mocking key release: S
14:29:36.700 [JavaFX Application Thread] DEBUG AssetLoader          - Loading from cache: /assets/textures/Frogger/frog_jump.png
14:29:36.766 [JavaFX Application Thread] DEBUG AssetLoader          - Loading from cache: /assets/textures/Frogger/frog_idle.png
14:29:36.922 [JavaFX Application Thread] DEBUG Input                - Mocking key release: W
14:29:36.922 [JavaFX Application Thread] DEBUG AssetLoader          - Loading from cache: /assets/textures/Frogger/frog_jump.png
14:29:36.959 [JavaFX Application Thread] DEBUG AssetLoader          - Loading from cache: /assets/textures/Frogger/frog_idle.png
14:29:37.115 [JavaFX Application Thread] DEBUG Input                - Mocking key release: W
14:29:37.115 [JavaFX Application Thread] DEBUG AssetLoader          - Loading from cache: /assets/textures/Frogger/frog_jump.png
14:29:37.166 [JavaFX Application Thread] DEBUG AssetLoader          - Loading from cache: /assets/textures/Frogger/frog_idle.png
14:29:37.263 [JavaFX Application Thread] DEBUG AssetLoader          - Loading from cache: /assets/textures/Frogger/purple_car.png
14:29:37.264 [JavaFX Application Thread] DEBUG AssetLoader          - Loading from cache: /assets/textures/Frogger/blue_car.png
14:29:37.290 [JavaFX Application Thread] DEBUG Input                - Mocking key release: W
14:29:37.290 [JavaFX Application Thread] DEBUG AssetLoader          - Loading from cache: /assets/textures/Frogger/frog_jump.png
14:29:37.375 [JavaFX Application Thread] DEBUG AssetLoader          - Loading from cache: /assets/textures/Frogger/frog_idle.png
14:29:37.450 [JavaFX Application Thread] DEBUG Input                - Mocking key release: W
14:29:37.450 [JavaFX Application Thread] DEBUG AssetLoader          - Loading from cache: /assets/textures/Frogger/frog_jump.png
14:29:37.534 [JavaFX Application Thread] DEBUG AssetLoader          - Loading from cache: /assets/textures/Frogger/frog_idle.png
14:29:37.711 [JavaFX Application Thread] DEBUG AssetLoader          - Loading from cache: /assets/textures/Frogger/frog_idle.png
14:29:37.898 [JavaFX Application Thread] DEBUG Input                - Mocking key release: A
14:29:37.898 [JavaFX Application Thread] DEBUG AssetLoader          - Loading from cache: /assets/textures/Frogger/frog_jump.png
14:29:38.066 [JavaFX Application Thread] DEBUG Input                - Mocking key release: W
14:29:38.067 [JavaFX Application Thread] DEBUG AssetLoader          - Loading from cache: /assets/textures/Frogger/frog_jump.png
14:29:38.159 [JavaFX Application Thread] DEBUG AssetLoader          - Loading from cache: /assets/textures/Frogger/purple_car.png
14:29:38.160 [JavaFX Application Thread] DEBUG AssetLoader          - Loading from cache: /assets/textures/Frogger/purple_car.png
14:29:38.161 [JavaFX Application Thread] DEBUG AssetLoader          - Loading from cache: /assets/textures/Frogger/frog_idle.png
14:29:38.199 [JavaFX Application Thread] DEBUG Input                - Mocking key release: D
14:29:38.199 [JavaFX Application Thread] DEBUG AssetLoader          - Loading from cache: /assets/textures/Frogger/frog_jump.png
14:29:38.318 [JavaFX Application Thread] DEBUG AssetLoader          - Loading from cache: /assets/textures/Frogger/frog_idle.png
14:29:38.349 [JavaFX Application Thread] DEBUG Input                - Mocking key release: S
14:29:38.349 [JavaFX Application Thread] DEBUG AssetLoader          - Loading from cache: /assets/textures/Frogger/frog_jump.png
14:29:38.463 [JavaFX Application Thread] DEBUG AssetLoader          - Loading from cache: /assets/textures/Frogger/frog_idle.png
14:29:38.565 [JavaFX Application Thread] DEBUG Input                - Mocking key release: A
14:29:38.566 [JavaFX Application Thread] DEBUG AssetLoader          - Loading from cache: /assets/textures/Frogger/frog_jump.png
14:29:38.607 [JavaFX Application Thread] DEBUG AssetLoader          - Loading from cache: /assets/textures/Frogger/frog_idle.png
14:29:38.765 [JavaFX Application Thread] DEBUG Input                - Mocking key release: W
14:29:38.765 [JavaFX Application Thread] DEBUG AssetLoader          - Loading from cache: /assets/textures/Frogger/frog_jump.png
14:29:38.799 [JavaFX Application Thread] DEBUG Input                - Mocking key release: D
14:29:38.799 [JavaFX Application Thread] DEBUG AssetLoader          - Loading from cache: /assets/textures/Frogger/frog_jump.png
14:29:38.831 [JavaFX Application Thread] DEBUG AssetLoader          - Loading from cache: /assets/textures/Frogger/frog_idle.png
14:29:38.982 [JavaFX Application Thread] DEBUG Input                - Mocking key release: W
14:29:38.982 [JavaFX Application Thread] DEBUG AssetLoader          - Loading from cache: /assets/textures/Frogger/frog_jump.png
14:29:39.022 [JavaFX Application Thread] DEBUG AssetLoader          - Loading from cache: /assets/textures/Frogger/frog_idle.png
14:29:39.054 [JavaFX Application Thread] DEBUG AssetLoader          - Loading from cache: /assets/textures/Frogger/purple_car.png
14:29:39.055 [JavaFX Application Thread] DEBUG AssetLoader          - Loading from cache: /assets/textures/Frogger/orange_car.png
14:29:39.055 [JavaFX Application Thread] DEBUG AssetLoader          - Loading from cache: /assets/textures/Frogger/frog_idle.png
14:29:39.247 [JavaFX Application Thread] DEBUG AssetLoader          - Loading from cache: /assets/textures/Frogger/frog_idle.png
14:29:39.952 [JavaFX Application Thread] DEBUG AssetLoader          - Loading from cache: /assets/textures/Frogger/green_car.png
14:29:39.953 [JavaFX Application Thread] DEBUG AssetLoader          - Loading from cache: /assets/textures/Frogger/orange_car.png
14:29:39.954 [JavaFX Application Thread] DEBUG AssetLoader          - Loading from cache: /assets/textures/Frogger/half_log.png
14:29:39.954 [JavaFX Application Thread] DEBUG AssetLoader          - Loading from cache: /assets/textures/Frogger/full_log.png
14:29:39.955 [JavaFX Application Thread] DEBUG AssetLoader          - Loading from cache: /assets/textures/Frogger/full_log.png
14:29:40.650 [JavaFX Application Thread] DEBUG GameApplication      - Exiting game application
14:29:40.651 [JavaFX Application Thread] DEBUG GameApplication      - Shutting down background threads
14:29:40.651 [JavaFX Application Thread] DEBUG GameApplication      - Exiting FXGL
14:29:40.651 [JavaFX Application Thread] DEBUG FXGL                 - Saving FXGL system data
14:29:40.653 [JavaFX Application Thread] DEBUG DesktopFSService     - Writing to: system\fxgl.bundle
14:29:40.656 [JavaFX Application Thread] DEBUG GameApplication      - Closing logger and exiting JavaFX
