14:45:25.473 [JavaFX Application Thread] DEBUG GameApplication      - Logger initialized
14:45:25.479 [JavaFX Application Thread] DEBUG MainWindow           - Creating a JavaFX scene
14:45:25.479 [JavaFX Application Thread] DEBUG MainWindow           - Target size > screen size
14:45:25.549 [JavaFX Application Thread] DEBUG MainWindow           - Target settings size: 1400.0 x 1050.0
14:45:25.549 [JavaFX Application Thread] DEBUG MainWindow           - Scaled scene size:    881.0 x 679.0
14:45:25.550 [JavaFX Application Thread] DEBUG MainWindow           - Scaled ratio: (0.6292857142857143, 0.6466666666666666)
14:45:25.555 [JavaFX Application Thread] DEBUG GameApplication      - Starting FXGL
14:45:25.566 [JavaFX Application Thread] INFO  FXGL                 - FXGL-0.5.1 on DESKTOP
14:45:25.567 [JavaFX Application Thread] INFO  FXGL                 - Source code and latest versions at: https://github.com/AlmasB/FXGL
14:45:25.567 [JavaFX Application Thread] INFO  FXGL                 -              Join the FXGL chat at: https://gitter.im/AlmasB/FXGL
14:45:25.574 [JavaFX Application Thread] DEBUG FS                   - Loaded DesktopFSService
14:45:25.574 [JavaFX Application Thread] DEBUG FXGL                 - Loading FXGL system data
14:45:25.583 [JavaFX Application Thread] DEBUG DesktopFSService     - Reading from: system\fxgl.bundle
14:45:25.590 [JavaFX Application Thread] DEBUG Bundle               - Logging bundle: FXGL
14:45:25.591 [JavaFX Application Thread] DEBUG Bundle               - FXGL.offline.timer.version.check=2018-05-24T09:09:49.283
14:45:25.613 [JavaFX Application Thread] DEBUG GameApplication      - FXGL started
14:45:25.613 [JavaFX Application Thread] DEBUG GameApplication      - Logging game settings
Title: Platformer
Version: 
Width: 1400
Height: 1050
Fullscreen: false
Intro: false
Menus: false
Profiling: false
Single step:false
App Mode: DEVELOPER
Menu Key: ESCAPE
Stage Style: DECORATED
Scene Factory: class com.almasb.fxgl.scene.SceneFactory
Dialog Factory: class com.almasb.fxgl.ui.FXGLDialogFactory
UI Factory: class com.almasb.fxgl.ui.FXGLUIFactory
Notification Service: class com.almasb.fxgl.gameplay.notification.XboxNotificationView
Exception Handler: class com.almasb.fxgl.app.FXGLExceptionHandler
14:45:25.614 [JavaFX Application Thread] DEBUG GameApplication      - Configuring GameApplication
14:45:25.614 [JavaFX Application Thread] DEBUG GameApplication      - Initializing state machine and application states
14:45:25.625 [JavaFX Application Thread] DEBUG AssetLoader          - Loading from disk: /assets/ui/cursors/fxgl_default.png
14:45:25.642 [JavaFX Application Thread] DEBUG AssetLoader          - Loading from disk: /assets/ui/cursors/fxgl_default.png
14:45:25.662 [JavaFX Application Thread] DEBUG FXGLAssets           - Loading FXGLAssets
14:45:25.684 [JavaFX Application Thread] DEBUG AssetLoader          - Loading from disk: /assets/ui/fonts/VarelaRound-Regular.ttf
14:45:25.807 [JavaFX Application Thread] DEBUG AssetLoader          - Loading from disk: /assets/ui/fonts/lucida_console.ttf
14:45:25.817 [JavaFX Application Thread] DEBUG AssetLoader          - Loading from disk: /assets/ui/css/fxgl_dark.css
14:45:25.840 [JavaFX Application Thread] DEBUG AssetLoader          - Loading from disk: /assets/ui/cursors/fxgl_default.png
14:45:25.865 [JavaFX Application Thread] DEBUG AssetLoader          - Loading from disk: /assets/ui/cursors/fxgl_default.png
14:45:25.879 [JavaFX Application Thread] DEBUG GameScene            - Game scene initialized: 1400x1050
14:45:25.882 [JavaFX Application Thread] DEBUG GameWorld            - Game world initialized
14:45:25.921 [JavaFX Application Thread] DEBUG PhysicsWorld         - Physics world initialized: appHeight=1050, physics.ppm=50.0
14:45:25.935 [JavaFX Application Thread] DEBUG Input                - Registered new binding: Pause - Esc
14:45:25.949 [JavaFX Application Thread] DEBUG Input                - Clearing active input actions
14:45:25.981 [JavaFX Application Thread] DEBUG AppStateMachine      - StartupState -> StartupState
14:45:25.984 [JavaFX Application Thread] INFO  GameApplication      - Game configuration took:  0.370 sec
14:45:25.986 [JavaFX Application Thread] DEBUG AssetLoader          - Loading from disk: /assets/textures/fxgl_icon.png
14:45:25.995 [JavaFX Application Thread] DEBUG MainWindow           - Opening main window
14:45:26.140 [JavaFX Application Thread] DEBUG MainWindow           - Window border size: (4.33331298828125, 27.0)
14:45:26.140 [JavaFX Application Thread] DEBUG MainWindow           - Scaled size: 881.0 x 679.0
14:45:26.140 [JavaFX Application Thread] DEBUG MainWindow           - Scaled ratio: (0.6292857142857143, 0.6466666666666666)
14:45:26.140 [JavaFX Application Thread] DEBUG MainWindow           - Scene size: 881.3333129882812 x 679.3333129882812
14:45:26.140 [JavaFX Application Thread] DEBUG MainWindow           - Stage size: 885.3333129882812 x 706.0
14:45:26.140 [JavaFX Application Thread] DEBUG GameApplication      - Running preInit()
14:45:26.142 [JavaFX Application Thread] DEBUG Input                - Registered new binding: Screenshot - P
14:45:26.142 [JavaFX Application Thread] DEBUG Input                - Registered new binding: Dev Options - CTRL+0
14:45:26.143 [JavaFX Application Thread] DEBUG Input                - Registered new binding: System info dump - CTRL+9
14:45:26.144 [JavaFX Application Thread] DEBUG Input                - Registered new binding: Restart - CTRL+R
14:45:26.172 [JavaFX Application Thread] DEBUG GameApplication      - Starting main loop
14:45:26.173 [JavaFX Application Thread] DEBUG StartupState         - STARTUP
14:45:26.174 [JavaFX Application Thread] DEBUG GameApplication      - Starting new game
14:45:26.174 [JavaFX Application Thread] DEBUG Input                - Clearing active input actions
14:45:26.181 [JavaFX Application Thread] DEBUG AppStateMachine      - StartupState -> LoadingState
14:45:26.185 [FXGL Background Thread 1 ] DEBUG InitAppTask          - Clearing previous game
14:45:26.185 [FXGL Background Thread 1 ] DEBUG GameWorld            - Clearing game world
14:45:26.186 [FXGL Background Thread 1 ] DEBUG PhysicsWorld         - Clearing physics world
14:45:26.186 [FXGL Background Thread 1 ] DEBUG GameScene            - Clearing game scene
14:45:26.187 [FXGL Background Thread 1 ] DEBUG InitAppTask          - Initializing Game
14:45:26.206 [FXGL Background Thread 1 ] DEBUG AssetLoader          - Loading from disk: /assets/tmx/platformer_map_1.tmx
14:45:26.226 [FXGL Background Thread 1 ] WARN  TMXParser            - TiledMap generated from 1.1.5. Supported version: 1.1.2. Some features may not be parsed fully.
14:45:26.254 [FXGL Background Thread 1 ] DEBUG GameWorld            - Clearing removable entities
14:45:26.254 [FXGL Background Thread 1 ] DEBUG GameWorld            - Setting level from map
14:45:26.272 [FXGL Background Thread 1 ] DEBUG AssetLoader          - Loading from disk: /assets/textures/map_tiles.png
14:45:26.292 [FXGL Background Thread 1 ] DEBUG AssetLoader          - Loading from cache: /assets/textures/map_tiles.png
14:45:26.293 [FXGL Background Thread 1 ] DEBUG AssetLoader          - Loading from cache: /assets/textures/map_tiles.png
14:45:26.293 [FXGL Background Thread 1 ] DEBUG AssetLoader          - Loading from cache: /assets/textures/map_tiles.png
14:45:26.293 [FXGL Background Thread 1 ] DEBUG AssetLoader          - Loading from cache: /assets/textures/map_tiles.png
14:45:26.293 [FXGL Background Thread 1 ] DEBUG AssetLoader          - Loading from cache: /assets/textures/map_tiles.png
14:45:26.294 [FXGL Background Thread 1 ] DEBUG AssetLoader          - Loading from cache: /assets/textures/map_tiles.png
14:45:26.294 [FXGL Background Thread 1 ] DEBUG AssetLoader          - Loading from cache: /assets/textures/map_tiles.png
14:45:26.294 [FXGL Background Thread 1 ] DEBUG AssetLoader          - Loading from cache: /assets/textures/map_tiles.png
14:45:26.294 [FXGL Background Thread 1 ] DEBUG AssetLoader          - Loading from cache: /assets/textures/map_tiles.png
14:45:26.294 [FXGL Background Thread 1 ] DEBUG AssetLoader          - Loading from cache: /assets/textures/map_tiles.png
14:45:26.295 [FXGL Background Thread 1 ] DEBUG AssetLoader          - Loading from cache: /assets/textures/map_tiles.png
14:45:26.295 [FXGL Background Thread 1 ] DEBUG AssetLoader          - Loading from cache: /assets/textures/map_tiles.png
14:45:26.295 [FXGL Background Thread 1 ] DEBUG AssetLoader          - Loading from cache: /assets/textures/map_tiles.png
14:45:26.295 [FXGL Background Thread 1 ] DEBUG AssetLoader          - Loading from cache: /assets/textures/map_tiles.png
14:45:26.295 [FXGL Background Thread 1 ] DEBUG AssetLoader          - Loading from cache: /assets/textures/map_tiles.png
14:45:26.295 [FXGL Background Thread 1 ] DEBUG AssetLoader          - Loading from cache: /assets/textures/map_tiles.png
14:45:26.295 [FXGL Background Thread 1 ] DEBUG AssetLoader          - Loading from cache: /assets/textures/map_tiles.png
14:45:26.296 [FXGL Background Thread 1 ] DEBUG AssetLoader          - Loading from cache: /assets/textures/map_tiles.png
14:45:26.296 [FXGL Background Thread 1 ] DEBUG AssetLoader          - Loading from cache: /assets/textures/map_tiles.png
14:45:26.296 [FXGL Background Thread 1 ] DEBUG AssetLoader          - Loading from cache: /assets/textures/map_tiles.png
14:45:26.296 [FXGL Background Thread 1 ] DEBUG AssetLoader          - Loading from cache: /assets/textures/map_tiles.png
14:45:26.296 [FXGL Background Thread 1 ] DEBUG AssetLoader          - Loading from cache: /assets/textures/map_tiles.png
14:45:26.296 [FXGL Background Thread 1 ] DEBUG AssetLoader          - Loading from cache: /assets/textures/map_tiles.png
14:45:26.296 [FXGL Background Thread 1 ] DEBUG AssetLoader          - Loading from cache: /assets/textures/map_tiles.png
14:45:26.296 [FXGL Background Thread 1 ] DEBUG AssetLoader          - Loading from cache: /assets/textures/map_tiles.png
14:45:26.296 [FXGL Background Thread 1 ] DEBUG AssetLoader          - Loading from cache: /assets/textures/map_tiles.png
14:45:26.297 [FXGL Background Thread 1 ] DEBUG AssetLoader          - Loading from cache: /assets/textures/map_tiles.png
14:45:26.297 [FXGL Background Thread 1 ] DEBUG AssetLoader          - Loading from cache: /assets/textures/map_tiles.png
14:45:26.297 [FXGL Background Thread 1 ] DEBUG AssetLoader          - Loading from cache: /assets/textures/map_tiles.png
14:45:26.297 [FXGL Background Thread 1 ] DEBUG AssetLoader          - Loading from cache: /assets/textures/map_tiles.png
14:45:26.297 [FXGL Background Thread 1 ] DEBUG AssetLoader          - Loading from cache: /assets/textures/map_tiles.png
14:45:26.297 [FXGL Background Thread 1 ] DEBUG AssetLoader          - Loading from cache: /assets/textures/map_tiles.png
14:45:26.297 [FXGL Background Thread 1 ] DEBUG AssetLoader          - Loading from cache: /assets/textures/map_tiles.png
14:45:26.298 [FXGL Background Thread 1 ] DEBUG AssetLoader          - Loading from cache: /assets/textures/map_tiles.png
14:45:26.298 [FXGL Background Thread 1 ] DEBUG AssetLoader          - Loading from cache: /assets/textures/map_tiles.png
14:45:26.298 [FXGL Background Thread 1 ] DEBUG AssetLoader          - Loading from cache: /assets/textures/map_tiles.png
14:45:26.298 [FXGL Background Thread 1 ] DEBUG AssetLoader          - Loading from cache: /assets/textures/map_tiles.png
14:45:26.298 [FXGL Background Thread 1 ] DEBUG AssetLoader          - Loading from cache: /assets/textures/map_tiles.png
14:45:26.298 [FXGL Background Thread 1 ] DEBUG AssetLoader          - Loading from cache: /assets/textures/map_tiles.png
14:45:26.298 [FXGL Background Thread 1 ] DEBUG AssetLoader          - Loading from cache: /assets/textures/map_tiles.png
14:45:26.298 [FXGL Background Thread 1 ] DEBUG AssetLoader          - Loading from cache: /assets/textures/map_tiles.png
14:45:26.299 [FXGL Background Thread 1 ] DEBUG AssetLoader          - Loading from cache: /assets/textures/map_tiles.png
14:45:26.299 [FXGL Background Thread 1 ] DEBUG AssetLoader          - Loading from cache: /assets/textures/map_tiles.png
14:45:26.299 [FXGL Background Thread 1 ] DEBUG AssetLoader          - Loading from cache: /assets/textures/map_tiles.png
14:45:26.299 [FXGL Background Thread 1 ] DEBUG AssetLoader          - Loading from cache: /assets/textures/map_tiles.png
14:45:26.299 [FXGL Background Thread 1 ] DEBUG AssetLoader          - Loading from cache: /assets/textures/map_tiles.png
14:45:26.299 [FXGL Background Thread 1 ] DEBUG AssetLoader          - Loading from cache: /assets/textures/map_tiles.png
14:45:26.299 [FXGL Background Thread 1 ] DEBUG AssetLoader          - Loading from cache: /assets/textures/map_tiles.png
14:45:26.299 [FXGL Background Thread 1 ] DEBUG AssetLoader          - Loading from cache: /assets/textures/map_tiles.png
14:45:26.300 [FXGL Background Thread 1 ] DEBUG AssetLoader          - Loading from cache: /assets/textures/map_tiles.png
14:45:26.300 [FXGL Background Thread 1 ] DEBUG AssetLoader          - Loading from cache: /assets/textures/map_tiles.png
14:45:26.300 [FXGL Background Thread 1 ] DEBUG AssetLoader          - Loading from cache: /assets/textures/map_tiles.png
14:45:26.300 [FXGL Background Thread 1 ] DEBUG AssetLoader          - Loading from cache: /assets/textures/map_tiles.png
14:45:26.300 [FXGL Background Thread 1 ] DEBUG AssetLoader          - Loading from cache: /assets/textures/map_tiles.png
14:45:26.300 [FXGL Background Thread 1 ] DEBUG AssetLoader          - Loading from cache: /assets/textures/map_tiles.png
14:45:26.300 [FXGL Background Thread 1 ] DEBUG AssetLoader          - Loading from cache: /assets/textures/map_tiles.png
14:45:26.300 [FXGL Background Thread 1 ] DEBUG AssetLoader          - Loading from cache: /assets/textures/map_tiles.png
14:45:26.300 [FXGL Background Thread 1 ] DEBUG AssetLoader          - Loading from cache: /assets/textures/map_tiles.png
14:45:26.300 [FXGL Background Thread 1 ] DEBUG AssetLoader          - Loading from cache: /assets/textures/map_tiles.png
14:45:26.301 [FXGL Background Thread 1 ] DEBUG AssetLoader          - Loading from cache: /assets/textures/map_tiles.png
14:45:26.301 [FXGL Background Thread 1 ] DEBUG AssetLoader          - Loading from cache: /assets/textures/map_tiles.png
14:45:26.301 [FXGL Background Thread 1 ] DEBUG AssetLoader          - Loading from cache: /assets/textures/map_tiles.png
14:45:26.303 [FXGL Background Thread 1 ] DEBUG GameScene            - Creating render group for layer: BACKGROUND(1000)
14:45:26.345 [FXGL Background Thread 1 ] DEBUG GameScene            - Creating render group for layer: DEFAULT(100000)
14:45:26.361 [FXGL Background Thread 1 ] DEBUG AssetLoader          - Loading from disk: /assets/textures/Platformer/stand_sheet.png
14:45:26.373 [FXGL Background Thread 1 ] DEBUG InitAppTask          - Initializing Physics
14:45:26.373 [FXGL Background Thread 1 ] DEBUG InitAppTask          - Initializing UI
14:45:26.373 [FXGL Background Thread 1 ] DEBUG InitAppTask          - Initialization Complete
14:45:26.374 [FXGL Background Thread 1 ] INFO  InitAppTask          - Game initialization took: 0.188 sec
14:45:26.385 [JavaFX Application Thread] DEBUG Input                - Clearing active input actions
14:45:26.391 [JavaFX Application Thread] DEBUG AppStateMachine      - LoadingState -> PlayState
14:45:27.873 [JavaFX Application Thread] DEBUG AssetLoader          - Loading from disk: /assets/ui/dev_menu_bar.fxml
14:45:35.390 [JavaFX Application Thread] DEBUG GameApplication      - Exiting game application
14:45:35.391 [JavaFX Application Thread] DEBUG GameApplication      - Shutting down background threads
14:45:35.391 [JavaFX Application Thread] DEBUG GameApplication      - Exiting FXGL
14:45:35.391 [JavaFX Application Thread] DEBUG FXGL                 - Saving FXGL system data
14:45:35.393 [JavaFX Application Thread] DEBUG DesktopFSService     - Writing to: system\fxgl.bundle
14:45:35.396 [JavaFX Application Thread] DEBUG GameApplication      - Closing logger and exiting JavaFX
