14:46:32.868 [JavaFX Application Thread] DEBUG GameApplication      - Logger initialized
14:46:32.874 [JavaFX Application Thread] DEBUG MainWindow           - Creating a JavaFX scene
14:46:32.874 [JavaFX Application Thread] DEBUG MainWindow           - Target size > screen size
14:46:32.941 [JavaFX Application Thread] DEBUG MainWindow           - Target settings size: 1400.0 x 1050.0
14:46:32.941 [JavaFX Application Thread] DEBUG MainWindow           - Scaled scene size:    881.0 x 679.0
14:46:32.941 [JavaFX Application Thread] DEBUG MainWindow           - Scaled ratio: (0.6292857142857143, 0.6466666666666666)
14:46:32.946 [JavaFX Application Thread] DEBUG GameApplication      - Starting FXGL
14:46:32.956 [JavaFX Application Thread] INFO  FXGL                 - FXGL-0.5.1 on DESKTOP
14:46:32.956 [JavaFX Application Thread] INFO  FXGL                 - Source code and latest versions at: https://github.com/AlmasB/FXGL
14:46:32.956 [JavaFX Application Thread] INFO  FXGL                 -              Join the FXGL chat at: https://gitter.im/AlmasB/FXGL
14:46:32.962 [JavaFX Application Thread] DEBUG FS                   - Loaded DesktopFSService
14:46:32.963 [JavaFX Application Thread] DEBUG FXGL                 - Loading FXGL system data
14:46:32.970 [JavaFX Application Thread] DEBUG DesktopFSService     - Reading from: system\fxgl.bundle
14:46:32.979 [JavaFX Application Thread] DEBUG Bundle               - Logging bundle: FXGL
14:46:32.980 [JavaFX Application Thread] DEBUG Bundle               - FXGL.offline.timer.version.check=2018-05-24T09:09:49.283
14:46:33.002 [JavaFX Application Thread] DEBUG GameApplication      - FXGL started
14:46:33.003 [JavaFX Application Thread] DEBUG GameApplication      - Logging game settings
Title: Platformer
Version: 
Width: 1400
Height: 1050
Fullscreen: false
Intro: false
Menus: false
Profiling: false
Single step:false
App Mode: DEVELOPER
Menu Key: ESCAPE
Stage Style: DECORATED
Scene Factory: class com.almasb.fxgl.scene.SceneFactory
Dialog Factory: class com.almasb.fxgl.ui.FXGLDialogFactory
UI Factory: class com.almasb.fxgl.ui.FXGLUIFactory
Notification Service: class com.almasb.fxgl.gameplay.notification.XboxNotificationView
Exception Handler: class com.almasb.fxgl.app.FXGLExceptionHandler
14:46:33.004 [JavaFX Application Thread] DEBUG GameApplication      - Configuring GameApplication
14:46:33.004 [JavaFX Application Thread] DEBUG GameApplication      - Initializing state machine and application states
14:46:33.015 [JavaFX Application Thread] DEBUG AssetLoader          - Loading from disk: /assets/ui/cursors/fxgl_default.png
14:46:33.032 [JavaFX Application Thread] DEBUG AssetLoader          - Loading from disk: /assets/ui/cursors/fxgl_default.png
14:46:33.051 [JavaFX Application Thread] DEBUG FXGLAssets           - Loading FXGLAssets
14:46:33.074 [JavaFX Application Thread] DEBUG AssetLoader          - Loading from disk: /assets/ui/fonts/VarelaRound-Regular.ttf
14:46:33.193 [JavaFX Application Thread] DEBUG AssetLoader          - Loading from disk: /assets/ui/fonts/lucida_console.ttf
14:46:33.202 [JavaFX Application Thread] DEBUG AssetLoader          - Loading from disk: /assets/ui/css/fxgl_dark.css
14:46:33.225 [JavaFX Application Thread] DEBUG AssetLoader          - Loading from disk: /assets/ui/cursors/fxgl_default.png
14:46:33.252 [JavaFX Application Thread] DEBUG AssetLoader          - Loading from disk: /assets/ui/cursors/fxgl_default.png
14:46:33.266 [JavaFX Application Thread] DEBUG GameScene            - Game scene initialized: 1400x1050
14:46:33.268 [JavaFX Application Thread] DEBUG GameWorld            - Game world initialized
14:46:33.306 [JavaFX Application Thread] DEBUG PhysicsWorld         - Physics world initialized: appHeight=1050, physics.ppm=50.0
14:46:33.320 [JavaFX Application Thread] DEBUG Input                - Registered new binding: Pause - Esc
14:46:33.335 [JavaFX Application Thread] DEBUG Input                - Clearing active input actions
14:46:33.368 [JavaFX Application Thread] DEBUG AppStateMachine      - StartupState -> StartupState
14:46:33.371 [JavaFX Application Thread] INFO  GameApplication      - Game configuration took:  0.367 sec
14:46:33.373 [JavaFX Application Thread] DEBUG AssetLoader          - Loading from disk: /assets/textures/fxgl_icon.png
14:46:33.383 [JavaFX Application Thread] DEBUG MainWindow           - Opening main window
14:46:33.532 [JavaFX Application Thread] DEBUG MainWindow           - Window border size: (4.33331298828125, 27.0)
14:46:33.532 [JavaFX Application Thread] DEBUG MainWindow           - Scaled size: 881.0 x 679.0
14:46:33.533 [JavaFX Application Thread] DEBUG MainWindow           - Scaled ratio: (0.6292857142857143, 0.6466666666666666)
14:46:33.533 [JavaFX Application Thread] DEBUG MainWindow           - Scene size: 881.3333129882812 x 679.3333129882812
14:46:33.533 [JavaFX Application Thread] DEBUG MainWindow           - Stage size: 885.3333129882812 x 706.0
14:46:33.533 [JavaFX Application Thread] DEBUG GameApplication      - Running preInit()
14:46:33.535 [JavaFX Application Thread] DEBUG Input                - Registered new binding: Screenshot - P
14:46:33.536 [JavaFX Application Thread] DEBUG Input                - Registered new binding: Dev Options - CTRL+0
14:46:33.537 [JavaFX Application Thread] DEBUG Input                - Registered new binding: System info dump - CTRL+9
14:46:33.537 [JavaFX Application Thread] DEBUG Input                - Registered new binding: Restart - CTRL+R
14:46:33.565 [JavaFX Application Thread] DEBUG GameApplication      - Starting main loop
14:46:33.566 [JavaFX Application Thread] DEBUG StartupState         - STARTUP
14:46:33.567 [JavaFX Application Thread] DEBUG GameApplication      - Starting new game
14:46:33.567 [JavaFX Application Thread] DEBUG Input                - Clearing active input actions
14:46:33.572 [JavaFX Application Thread] DEBUG AppStateMachine      - StartupState -> LoadingState
14:46:33.576 [FXGL Background Thread 1 ] DEBUG InitAppTask          - Clearing previous game
14:46:33.576 [FXGL Background Thread 1 ] DEBUG GameWorld            - Clearing game world
14:46:33.576 [FXGL Background Thread 1 ] DEBUG PhysicsWorld         - Clearing physics world
14:46:33.577 [FXGL Background Thread 1 ] DEBUG GameScene            - Clearing game scene
14:46:33.578 [FXGL Background Thread 1 ] DEBUG InitAppTask          - Initializing Game
14:46:33.598 [FXGL Background Thread 1 ] DEBUG AssetLoader          - Loading from disk: /assets/tmx/platformer_map_1.tmx
14:46:33.619 [FXGL Background Thread 1 ] WARN  TMXParser            - TiledMap generated from 1.1.5. Supported version: 1.1.2. Some features may not be parsed fully.
14:46:33.646 [FXGL Background Thread 1 ] DEBUG GameWorld            - Clearing removable entities
14:46:33.646 [FXGL Background Thread 1 ] DEBUG GameWorld            - Setting level from map
14:46:33.666 [FXGL Background Thread 1 ] DEBUG AssetLoader          - Loading from disk: /assets/textures/map_tiles.png
14:46:33.684 [FXGL Background Thread 1 ] DEBUG AssetLoader          - Loading from cache: /assets/textures/map_tiles.png
14:46:33.684 [FXGL Background Thread 1 ] DEBUG AssetLoader          - Loading from cache: /assets/textures/map_tiles.png
14:46:33.685 [FXGL Background Thread 1 ] DEBUG AssetLoader          - Loading from cache: /assets/textures/map_tiles.png
14:46:33.685 [FXGL Background Thread 1 ] DEBUG AssetLoader          - Loading from cache: /assets/textures/map_tiles.png
14:46:33.685 [FXGL Background Thread 1 ] DEBUG AssetLoader          - Loading from cache: /assets/textures/map_tiles.png
14:46:33.685 [FXGL Background Thread 1 ] DEBUG AssetLoader          - Loading from cache: /assets/textures/map_tiles.png
14:46:33.685 [FXGL Background Thread 1 ] DEBUG AssetLoader          - Loading from cache: /assets/textures/map_tiles.png
14:46:33.686 [FXGL Background Thread 1 ] DEBUG AssetLoader          - Loading from cache: /assets/textures/map_tiles.png
14:46:33.686 [FXGL Background Thread 1 ] DEBUG AssetLoader          - Loading from cache: /assets/textures/map_tiles.png
14:46:33.686 [FXGL Background Thread 1 ] DEBUG AssetLoader          - Loading from cache: /assets/textures/map_tiles.png
14:46:33.686 [FXGL Background Thread 1 ] DEBUG AssetLoader          - Loading from cache: /assets/textures/map_tiles.png
14:46:33.686 [FXGL Background Thread 1 ] DEBUG AssetLoader          - Loading from cache: /assets/textures/map_tiles.png
14:46:33.686 [FXGL Background Thread 1 ] DEBUG AssetLoader          - Loading from cache: /assets/textures/map_tiles.png
14:46:33.687 [FXGL Background Thread 1 ] DEBUG AssetLoader          - Loading from cache: /assets/textures/map_tiles.png
14:46:33.687 [FXGL Background Thread 1 ] DEBUG AssetLoader          - Loading from cache: /assets/textures/map_tiles.png
14:46:33.687 [FXGL Background Thread 1 ] DEBUG AssetLoader          - Loading from cache: /assets/textures/map_tiles.png
14:46:33.687 [FXGL Background Thread 1 ] DEBUG AssetLoader          - Loading from cache: /assets/textures/map_tiles.png
14:46:33.687 [FXGL Background Thread 1 ] DEBUG AssetLoader          - Loading from cache: /assets/textures/map_tiles.png
14:46:33.687 [FXGL Background Thread 1 ] DEBUG AssetLoader          - Loading from cache: /assets/textures/map_tiles.png
14:46:33.687 [FXGL Background Thread 1 ] DEBUG AssetLoader          - Loading from cache: /assets/textures/map_tiles.png
14:46:33.687 [FXGL Background Thread 1 ] DEBUG AssetLoader          - Loading from cache: /assets/textures/map_tiles.png
14:46:33.688 [FXGL Background Thread 1 ] DEBUG AssetLoader          - Loading from cache: /assets/textures/map_tiles.png
14:46:33.688 [FXGL Background Thread 1 ] DEBUG AssetLoader          - Loading from cache: /assets/textures/map_tiles.png
14:46:33.688 [FXGL Background Thread 1 ] DEBUG AssetLoader          - Loading from cache: /assets/textures/map_tiles.png
14:46:33.688 [FXGL Background Thread 1 ] DEBUG AssetLoader          - Loading from cache: /assets/textures/map_tiles.png
14:46:33.688 [FXGL Background Thread 1 ] DEBUG AssetLoader          - Loading from cache: /assets/textures/map_tiles.png
14:46:33.688 [FXGL Background Thread 1 ] DEBUG AssetLoader          - Loading from cache: /assets/textures/map_tiles.png
14:46:33.688 [FXGL Background Thread 1 ] DEBUG AssetLoader          - Loading from cache: /assets/textures/map_tiles.png
14:46:33.688 [FXGL Background Thread 1 ] DEBUG AssetLoader          - Loading from cache: /assets/textures/map_tiles.png
14:46:33.688 [FXGL Background Thread 1 ] DEBUG AssetLoader          - Loading from cache: /assets/textures/map_tiles.png
14:46:33.689 [FXGL Background Thread 1 ] DEBUG AssetLoader          - Loading from cache: /assets/textures/map_tiles.png
14:46:33.689 [FXGL Background Thread 1 ] DEBUG AssetLoader          - Loading from cache: /assets/textures/map_tiles.png
14:46:33.689 [FXGL Background Thread 1 ] DEBUG AssetLoader          - Loading from cache: /assets/textures/map_tiles.png
14:46:33.689 [FXGL Background Thread 1 ] DEBUG AssetLoader          - Loading from cache: /assets/textures/map_tiles.png
14:46:33.689 [FXGL Background Thread 1 ] DEBUG AssetLoader          - Loading from cache: /assets/textures/map_tiles.png
14:46:33.689 [FXGL Background Thread 1 ] DEBUG AssetLoader          - Loading from cache: /assets/textures/map_tiles.png
14:46:33.689 [FXGL Background Thread 1 ] DEBUG AssetLoader          - Loading from cache: /assets/textures/map_tiles.png
14:46:33.690 [FXGL Background Thread 1 ] DEBUG AssetLoader          - Loading from cache: /assets/textures/map_tiles.png
14:46:33.690 [FXGL Background Thread 1 ] DEBUG AssetLoader          - Loading from cache: /assets/textures/map_tiles.png
14:46:33.690 [FXGL Background Thread 1 ] DEBUG AssetLoader          - Loading from cache: /assets/textures/map_tiles.png
14:46:33.690 [FXGL Background Thread 1 ] DEBUG AssetLoader          - Loading from cache: /assets/textures/map_tiles.png
14:46:33.690 [FXGL Background Thread 1 ] DEBUG AssetLoader          - Loading from cache: /assets/textures/map_tiles.png
14:46:33.691 [FXGL Background Thread 1 ] DEBUG AssetLoader          - Loading from cache: /assets/textures/map_tiles.png
14:46:33.691 [FXGL Background Thread 1 ] DEBUG AssetLoader          - Loading from cache: /assets/textures/map_tiles.png
14:46:33.691 [FXGL Background Thread 1 ] DEBUG AssetLoader          - Loading from cache: /assets/textures/map_tiles.png
14:46:33.691 [FXGL Background Thread 1 ] DEBUG AssetLoader          - Loading from cache: /assets/textures/map_tiles.png
14:46:33.691 [FXGL Background Thread 1 ] DEBUG AssetLoader          - Loading from cache: /assets/textures/map_tiles.png
14:46:33.691 [FXGL Background Thread 1 ] DEBUG AssetLoader          - Loading from cache: /assets/textures/map_tiles.png
14:46:33.691 [FXGL Background Thread 1 ] DEBUG AssetLoader          - Loading from cache: /assets/textures/map_tiles.png
14:46:33.691 [FXGL Background Thread 1 ] DEBUG AssetLoader          - Loading from cache: /assets/textures/map_tiles.png
14:46:33.691 [FXGL Background Thread 1 ] DEBUG AssetLoader          - Loading from cache: /assets/textures/map_tiles.png
14:46:33.692 [FXGL Background Thread 1 ] DEBUG AssetLoader          - Loading from cache: /assets/textures/map_tiles.png
14:46:33.692 [FXGL Background Thread 1 ] DEBUG AssetLoader          - Loading from cache: /assets/textures/map_tiles.png
14:46:33.692 [FXGL Background Thread 1 ] DEBUG AssetLoader          - Loading from cache: /assets/textures/map_tiles.png
14:46:33.692 [FXGL Background Thread 1 ] DEBUG AssetLoader          - Loading from cache: /assets/textures/map_tiles.png
14:46:33.692 [FXGL Background Thread 1 ] DEBUG AssetLoader          - Loading from cache: /assets/textures/map_tiles.png
14:46:33.692 [FXGL Background Thread 1 ] DEBUG AssetLoader          - Loading from cache: /assets/textures/map_tiles.png
14:46:33.692 [FXGL Background Thread 1 ] DEBUG AssetLoader          - Loading from cache: /assets/textures/map_tiles.png
14:46:33.692 [FXGL Background Thread 1 ] DEBUG AssetLoader          - Loading from cache: /assets/textures/map_tiles.png
14:46:33.692 [FXGL Background Thread 1 ] DEBUG AssetLoader          - Loading from cache: /assets/textures/map_tiles.png
14:46:33.692 [FXGL Background Thread 1 ] DEBUG AssetLoader          - Loading from cache: /assets/textures/map_tiles.png
14:46:33.693 [FXGL Background Thread 1 ] DEBUG AssetLoader          - Loading from cache: /assets/textures/map_tiles.png
14:46:33.695 [FXGL Background Thread 1 ] DEBUG GameScene            - Creating render group for layer: BACKGROUND(1000)
14:46:33.739 [FXGL Background Thread 1 ] DEBUG GameScene            - Creating render group for layer: DEFAULT(100000)
14:46:33.757 [FXGL Background Thread 1 ] DEBUG AssetLoader          - Loading from disk: /assets/textures/Platformer/stand_sheet.png
14:46:33.771 [FXGL Background Thread 1 ] DEBUG InitAppTask          - Initializing Physics
14:46:33.772 [FXGL Background Thread 1 ] DEBUG InitAppTask          - Initializing UI
14:46:33.772 [FXGL Background Thread 1 ] DEBUG InitAppTask          - Initialization Complete
14:46:33.772 [FXGL Background Thread 1 ] INFO  InitAppTask          - Game initialization took: 0.196 sec
14:46:33.778 [JavaFX Application Thread] DEBUG Input                - Clearing active input actions
14:46:33.784 [JavaFX Application Thread] DEBUG AppStateMachine      - LoadingState -> PlayState
14:46:34.613 [JavaFX Application Thread] DEBUG AssetLoader          - Loading from disk: /assets/ui/dev_menu_bar.fxml
14:46:38.727 [JavaFX Application Thread] DEBUG GameApplication      - Exiting game application
14:46:38.728 [JavaFX Application Thread] DEBUG GameApplication      - Shutting down background threads
14:46:38.728 [JavaFX Application Thread] DEBUG GameApplication      - Exiting FXGL
14:46:38.728 [JavaFX Application Thread] DEBUG FXGL                 - Saving FXGL system data
14:46:38.730 [JavaFX Application Thread] DEBUG DesktopFSService     - Writing to: system\fxgl.bundle
14:46:38.734 [JavaFX Application Thread] DEBUG GameApplication      - Closing logger and exiting JavaFX
