19:47:33.395 [JavaFX Application Thread] DEBUG GameApplication      - Logger initialized
19:47:33.401 [JavaFX Application Thread] DEBUG MainWindow           - Creating a JavaFX scene
19:47:33.474 [JavaFX Application Thread] DEBUG MainWindow           - Target settings size: 800.0 x 470.0
19:47:33.474 [JavaFX Application Thread] DEBUG MainWindow           - Scaled scene size:    800.0 x 470.0
19:47:33.474 [JavaFX Application Thread] DEBUG MainWindow           - Scaled ratio: (1.0, 1.0)
19:47:33.480 [JavaFX Application Thread] DEBUG GameApplication      - Starting FXGL
19:47:33.491 [JavaFX Application Thread] INFO  FXGL                 - FXGL-0.5.1 on DESKTOP
19:47:33.491 [JavaFX Application Thread] INFO  FXGL                 - Source code and latest versions at: https://github.com/AlmasB/FXGL
19:47:33.491 [JavaFX Application Thread] INFO  FXGL                 -              Join the FXGL chat at: https://gitter.im/AlmasB/FXGL
19:47:33.498 [JavaFX Application Thread] DEBUG FS                   - Loaded DesktopFSService
19:47:33.499 [JavaFX Application Thread] DEBUG FXGL                 - Loading FXGL system data
19:47:33.507 [JavaFX Application Thread] DEBUG DesktopFSService     - Reading from: system\fxgl.bundle
19:47:33.514 [JavaFX Application Thread] DEBUG Bundle               - Logging bundle: FXGL
19:47:33.514 [JavaFX Application Thread] DEBUG Bundle               - FXGL.offline.timer.version.check=2018-05-16T18:22:51.838
19:47:33.536 [JavaFX Application Thread] DEBUG GameApplication      - FXGL started
19:47:33.537 [JavaFX Application Thread] DEBUG GameApplication      - Logging game settings
Title: Frogger
Version: 0.2.0
Width: 800
Height: 470
Fullscreen: false
Intro: false
Menus: false
Profiling: false
Single step:false
App Mode: DEVELOPER
Menu Key: ESCAPE
Stage Style: DECORATED
Scene Factory: class com.almasb.fxgl.scene.SceneFactory
Dialog Factory: class com.almasb.fxgl.ui.FXGLDialogFactory
UI Factory: class com.almasb.fxgl.ui.FXGLUIFactory
Notification Service: class com.almasb.fxgl.gameplay.notification.XboxNotificationView
Exception Handler: class com.almasb.fxgl.app.FXGLExceptionHandler
19:47:33.537 [JavaFX Application Thread] DEBUG GameApplication      - Configuring GameApplication
19:47:33.537 [JavaFX Application Thread] DEBUG GameApplication      - Initializing state machine and application states
19:47:33.549 [JavaFX Application Thread] DEBUG AssetLoader          - Loading from disk: /assets/ui/cursors/fxgl_default.png
19:47:33.566 [JavaFX Application Thread] DEBUG AssetLoader          - Loading from disk: /assets/ui/cursors/fxgl_default.png
19:47:33.586 [JavaFX Application Thread] DEBUG FXGLAssets           - Loading FXGLAssets
19:47:33.608 [JavaFX Application Thread] DEBUG AssetLoader          - Loading from disk: /assets/ui/fonts/VarelaRound-Regular.ttf
19:47:33.737 [JavaFX Application Thread] DEBUG AssetLoader          - Loading from disk: /assets/ui/fonts/lucida_console.ttf
19:47:33.746 [JavaFX Application Thread] DEBUG AssetLoader          - Loading from disk: /assets/ui/css/fxgl_dark.css
19:47:33.768 [JavaFX Application Thread] DEBUG AssetLoader          - Loading from disk: /assets/ui/cursors/fxgl_default.png
19:47:33.791 [JavaFX Application Thread] DEBUG AssetLoader          - Loading from disk: /assets/ui/cursors/fxgl_default.png
19:47:33.804 [JavaFX Application Thread] DEBUG GameScene            - Game scene initialized: 800x470
19:47:33.806 [JavaFX Application Thread] DEBUG GameWorld            - Game world initialized
19:47:33.843 [JavaFX Application Thread] DEBUG PhysicsWorld         - Physics world initialized: appHeight=470, physics.ppm=50.0
19:47:33.858 [JavaFX Application Thread] DEBUG Input                - Registered new binding: Pause - Esc
19:47:33.872 [JavaFX Application Thread] DEBUG Input                - Clearing active input actions
19:47:33.905 [JavaFX Application Thread] DEBUG AppStateMachine      - StartupState -> StartupState
19:47:33.910 [JavaFX Application Thread] INFO  GameApplication      - Game configuration took:  0.372 sec
19:47:33.911 [JavaFX Application Thread] DEBUG AssetLoader          - Loading from disk: /assets/textures/fxgl_icon.png
19:47:33.921 [JavaFX Application Thread] DEBUG MainWindow           - Opening main window
19:47:34.051 [JavaFX Application Thread] DEBUG MainWindow           - Window border size: (4.0, 26.666656494140625)
19:47:34.051 [JavaFX Application Thread] DEBUG MainWindow           - Scaled size: 800.0 x 470.0
19:47:34.051 [JavaFX Application Thread] DEBUG MainWindow           - Scaled ratio: (1.0, 1.0)
19:47:34.051 [JavaFX Application Thread] DEBUG MainWindow           - Scene size: 800.0 x 470.0
19:47:34.051 [JavaFX Application Thread] DEBUG MainWindow           - Stage size: 804.0 x 496.6666564941406
19:47:34.052 [JavaFX Application Thread] DEBUG GameApplication      - Running preInit()
19:47:34.053 [JavaFX Application Thread] DEBUG Input                - Registered new binding: Screenshot - P
19:47:34.053 [JavaFX Application Thread] DEBUG Input                - Registered new binding: Dev Options - CTRL+0
19:47:34.054 [JavaFX Application Thread] DEBUG Input                - Registered new binding: System info dump - CTRL+9
19:47:34.054 [JavaFX Application Thread] DEBUG Input                - Registered new binding: Restart - CTRL+R
19:47:34.054 [JavaFX Application Thread] DEBUG Input                - Registered new binding: up - W
19:47:34.054 [JavaFX Application Thread] DEBUG Input                - Registered new binding: down - S
19:47:34.054 [JavaFX Application Thread] DEBUG Input                - Registered new binding: left - A
19:47:34.055 [JavaFX Application Thread] DEBUG Input                - Registered new binding: right - D
19:47:34.083 [JavaFX Application Thread] DEBUG GameApplication      - Starting main loop
19:47:34.085 [JavaFX Application Thread] DEBUG StartupState         - STARTUP
19:47:34.085 [JavaFX Application Thread] DEBUG GameApplication      - Starting new game
19:47:34.085 [JavaFX Application Thread] DEBUG Input                - Clearing active input actions
19:47:34.091 [JavaFX Application Thread] DEBUG AppStateMachine      - StartupState -> LoadingState
19:47:34.096 [FXGL Background Thread 1 ] DEBUG InitAppTask          - Clearing previous game
19:47:34.096 [FXGL Background Thread 1 ] DEBUG GameWorld            - Clearing game world
19:47:34.096 [FXGL Background Thread 1 ] DEBUG PhysicsWorld         - Clearing physics world
19:47:34.096 [FXGL Background Thread 1 ] DEBUG GameScene            - Clearing game scene
19:47:34.097 [FXGL Background Thread 1 ] DEBUG InitAppTask          - Initializing Game
19:47:34.144 [FXGL Background Thread 1 ] DEBUG AssetLoader          - Loading from disk: /assets/textures/Frogger/frog_idle.png
19:47:34.151 [FXGL Background Thread 1 ] DEBUG GameScene            - Creating render group for layer: DEFAULT(100000)
19:47:34.153 [FXGL Background Thread 1 ] DEBUG AssetLoader          - Loading from disk: /assets/textures/Frogger/full_log.png
19:47:34.160 [FXGL Background Thread 1 ] DEBUG AssetLoader          - Loading from disk: /assets/textures/Frogger/half_log.png
19:47:34.162 [FXGL Background Thread 1 ] DEBUG AssetLoader          - Loading from disk: /assets/textures/Frogger/rotating_log.png
19:47:34.168 [FXGL Background Thread 1 ] DEBUG InitAppTask          - Initializing Physics
19:47:34.169 [FXGL Background Thread 1 ] DEBUG InitAppTask          - Initializing UI
19:47:34.169 [FXGL Background Thread 1 ] DEBUG AssetLoader          - Loading from disk: /assets/textures/Frogger/background.jpg
19:47:34.177 [FXGL Background Thread 1 ] DEBUG InitAppTask          - Initialization Complete
19:47:34.177 [FXGL Background Thread 1 ] INFO  InitAppTask          - Game initialization took: 0.082 sec
19:47:34.180 [JavaFX Application Thread] DEBUG Input                - Clearing active input actions
19:47:34.185 [JavaFX Application Thread] DEBUG AppStateMachine      - LoadingState -> PlayState
19:47:35.073 [JavaFX Application Thread] DEBUG AssetLoader          - Loading from disk: /assets/textures/Frogger/blue_car.png
19:47:35.074 [JavaFX Application Thread] DEBUG GameScene            - Creating render group for layer: TOP(2147483647)
19:47:35.075 [JavaFX Application Thread] DEBUG AssetLoader          - Loading from disk: /assets/textures/Frogger/orange_car.png
19:47:35.985 [JavaFX Application Thread] DEBUG AssetLoader          - Loading from cache: /assets/textures/Frogger/orange_car.png
19:47:35.986 [JavaFX Application Thread] DEBUG AssetLoader          - Loading from disk: /assets/textures/Frogger/purple_car.png
19:47:36.897 [JavaFX Application Thread] DEBUG AssetLoader          - Loading from cache: /assets/textures/Frogger/purple_car.png
19:47:36.898 [JavaFX Application Thread] DEBUG AssetLoader          - Loading from disk: /assets/textures/Frogger/green_car.png
19:47:37.809 [JavaFX Application Thread] DEBUG AssetLoader          - Loading from disk: /assets/textures/Frogger/red_car.png
19:47:37.811 [JavaFX Application Thread] DEBUG AssetLoader          - Loading from cache: /assets/textures/Frogger/green_car.png
19:47:38.737 [JavaFX Application Thread] DEBUG AssetLoader          - Loading from cache: /assets/textures/Frogger/purple_car.png
19:47:38.738 [JavaFX Application Thread] DEBUG AssetLoader          - Loading from cache: /assets/textures/Frogger/orange_car.png
19:47:39.650 [JavaFX Application Thread] DEBUG AssetLoader          - Loading from cache: /assets/textures/Frogger/purple_car.png
19:47:39.651 [JavaFX Application Thread] DEBUG AssetLoader          - Loading from cache: /assets/textures/Frogger/orange_car.png
19:47:39.652 [JavaFX Application Thread] DEBUG AssetLoader          - Loading from cache: /assets/textures/Frogger/half_log.png
19:47:39.652 [JavaFX Application Thread] DEBUG AssetLoader          - Loading from cache: /assets/textures/Frogger/full_log.png
19:47:40.561 [JavaFX Application Thread] DEBUG AssetLoader          - Loading from cache: /assets/textures/Frogger/purple_car.png
19:47:40.561 [JavaFX Application Thread] DEBUG AssetLoader          - Loading from cache: /assets/textures/Frogger/orange_car.png
19:47:41.473 [JavaFX Application Thread] DEBUG AssetLoader          - Loading from cache: /assets/textures/Frogger/blue_car.png
19:47:41.473 [JavaFX Application Thread] DEBUG AssetLoader          - Loading from cache: /assets/textures/Frogger/blue_car.png
19:47:42.254 [JavaFX Application Thread] DEBUG GameApplication      - Exiting game application
19:47:42.254 [JavaFX Application Thread] DEBUG GameApplication      - Shutting down background threads
19:47:42.255 [JavaFX Application Thread] DEBUG GameApplication      - Exiting FXGL
19:47:42.255 [JavaFX Application Thread] DEBUG FXGL                 - Saving FXGL system data
19:47:42.257 [JavaFX Application Thread] DEBUG DesktopFSService     - Writing to: system\fxgl.bundle
19:47:42.260 [JavaFX Application Thread] DEBUG GameApplication      - Closing logger and exiting JavaFX
