10:21:08.877 [JavaFX Application Thread] DEBUG GameApplication      - Logger initialized
10:21:08.884 [JavaFX Application Thread] DEBUG MainWindow           - Creating a JavaFX scene
10:21:08.971 [JavaFX Application Thread] DEBUG MainWindow           - Target settings size: 800.0 x 470.0
10:21:08.972 [JavaFX Application Thread] DEBUG MainWindow           - Scaled scene size:    800.0 x 470.0
10:21:08.972 [JavaFX Application Thread] DEBUG MainWindow           - Scaled ratio: (1.0, 1.0)
10:21:08.978 [JavaFX Application Thread] DEBUG GameApplication      - Starting FXGL
10:21:08.990 [JavaFX Application Thread] INFO  FXGL                 - FXGL-0.5.1 on DESKTOP
10:21:08.990 [JavaFX Application Thread] INFO  FXGL                 - Source code and latest versions at: https://github.com/AlmasB/FXGL
10:21:08.991 [JavaFX Application Thread] INFO  FXGL                 -              Join the FXGL chat at: https://gitter.im/AlmasB/FXGL
10:21:08.997 [JavaFX Application Thread] DEBUG FS                   - Loaded DesktopFSService
10:21:08.998 [JavaFX Application Thread] DEBUG FXGL                 - Loading FXGL system data
10:21:09.007 [JavaFX Application Thread] DEBUG DesktopFSService     - Reading from: system\fxgl.bundle
10:21:09.016 [JavaFX Application Thread] DEBUG Bundle               - Logging bundle: FXGL
10:21:09.017 [JavaFX Application Thread] DEBUG Bundle               - FXGL.offline.timer.version.check=2018-05-16T18:22:51.838
10:21:09.048 [JavaFX Application Thread] DEBUG GameApplication      - FXGL started
10:21:09.049 [JavaFX Application Thread] DEBUG GameApplication      - Logging game settings
Title: Frogger
Version: 0.2.0
Width: 800
Height: 470
Fullscreen: false
Intro: false
Menus: false
Profiling: false
Single step:false
App Mode: DEVELOPER
Menu Key: ESCAPE
Stage Style: DECORATED
Scene Factory: class com.almasb.fxgl.scene.SceneFactory
Dialog Factory: class com.almasb.fxgl.ui.FXGLDialogFactory
UI Factory: class com.almasb.fxgl.ui.FXGLUIFactory
Notification Service: class com.almasb.fxgl.gameplay.notification.XboxNotificationView
Exception Handler: class com.almasb.fxgl.app.FXGLExceptionHandler
10:21:09.050 [JavaFX Application Thread] DEBUG GameApplication      - Configuring GameApplication
10:21:09.050 [JavaFX Application Thread] DEBUG GameApplication      - Initializing state machine and application states
10:21:09.061 [JavaFX Application Thread] DEBUG AssetLoader          - Loading from disk: /assets/ui/cursors/fxgl_default.png
10:21:09.081 [JavaFX Application Thread] DEBUG AssetLoader          - Loading from disk: /assets/ui/cursors/fxgl_default.png
10:21:09.099 [JavaFX Application Thread] DEBUG FXGLAssets           - Loading FXGLAssets
10:21:09.123 [JavaFX Application Thread] DEBUG AssetLoader          - Loading from disk: /assets/ui/fonts/VarelaRound-Regular.ttf
10:21:09.253 [JavaFX Application Thread] DEBUG AssetLoader          - Loading from disk: /assets/ui/fonts/lucida_console.ttf
10:21:09.262 [JavaFX Application Thread] DEBUG AssetLoader          - Loading from disk: /assets/ui/css/fxgl_dark.css
10:21:09.286 [JavaFX Application Thread] DEBUG AssetLoader          - Loading from disk: /assets/ui/cursors/fxgl_default.png
10:21:09.311 [JavaFX Application Thread] DEBUG AssetLoader          - Loading from disk: /assets/ui/cursors/fxgl_default.png
10:21:09.325 [JavaFX Application Thread] DEBUG GameScene            - Game scene initialized: 800x470
10:21:09.328 [JavaFX Application Thread] DEBUG GameWorld            - Game world initialized
10:21:09.364 [JavaFX Application Thread] DEBUG PhysicsWorld         - Physics world initialized: appHeight=470, physics.ppm=50.0
10:21:09.378 [JavaFX Application Thread] DEBUG Input                - Registered new binding: Pause - Esc
10:21:09.392 [JavaFX Application Thread] DEBUG Input                - Clearing active input actions
10:21:09.428 [JavaFX Application Thread] DEBUG AppStateMachine      - StartupState -> StartupState
10:21:09.432 [JavaFX Application Thread] INFO  GameApplication      - Game configuration took:  0.382 sec
10:21:09.434 [JavaFX Application Thread] DEBUG AssetLoader          - Loading from disk: /assets/textures/fxgl_icon.png
10:21:09.448 [JavaFX Application Thread] DEBUG MainWindow           - Opening main window
10:21:09.584 [JavaFX Application Thread] DEBUG MainWindow           - Window border size: (4.0, 26.666656494140625)
10:21:09.584 [JavaFX Application Thread] DEBUG MainWindow           - Scaled size: 800.0 x 470.0
10:21:09.584 [JavaFX Application Thread] DEBUG MainWindow           - Scaled ratio: (1.0, 1.0)
10:21:09.584 [JavaFX Application Thread] DEBUG MainWindow           - Scene size: 800.0 x 470.0
10:21:09.584 [JavaFX Application Thread] DEBUG MainWindow           - Stage size: 804.0 x 496.6666564941406
10:21:09.584 [JavaFX Application Thread] DEBUG GameApplication      - Running preInit()
10:21:09.586 [JavaFX Application Thread] DEBUG Input                - Registered new binding: Screenshot - P
10:21:09.586 [JavaFX Application Thread] DEBUG Input                - Registered new binding: Dev Options - CTRL+0
10:21:09.587 [JavaFX Application Thread] DEBUG Input                - Registered new binding: System info dump - CTRL+9
10:21:09.587 [JavaFX Application Thread] DEBUG Input                - Registered new binding: Restart - CTRL+R
10:21:09.587 [JavaFX Application Thread] DEBUG Input                - Registered new binding: up - W
10:21:09.587 [JavaFX Application Thread] DEBUG Input                - Registered new binding: down - S
10:21:09.587 [JavaFX Application Thread] DEBUG Input                - Registered new binding: left - A
10:21:09.588 [JavaFX Application Thread] DEBUG Input                - Registered new binding: right - D
10:21:09.616 [JavaFX Application Thread] DEBUG GameApplication      - Starting main loop
10:21:09.617 [JavaFX Application Thread] DEBUG StartupState         - STARTUP
10:21:09.618 [JavaFX Application Thread] DEBUG GameApplication      - Starting new game
10:21:09.618 [JavaFX Application Thread] DEBUG Input                - Clearing active input actions
10:21:09.625 [JavaFX Application Thread] DEBUG AppStateMachine      - StartupState -> LoadingState
10:21:09.630 [FXGL Background Thread 1 ] DEBUG InitAppTask          - Clearing previous game
10:21:09.630 [FXGL Background Thread 1 ] DEBUG GameWorld            - Clearing game world
10:21:09.630 [FXGL Background Thread 1 ] DEBUG PhysicsWorld         - Clearing physics world
10:21:09.630 [FXGL Background Thread 1 ] DEBUG GameScene            - Clearing game scene
10:21:09.632 [FXGL Background Thread 1 ] DEBUG InitAppTask          - Initializing Game
10:21:09.674 [FXGL Background Thread 1 ] DEBUG AssetLoader          - Loading from disk: /assets/textures/Frogger/frog_idle.png
10:21:09.685 [FXGL Background Thread 1 ] DEBUG GameScene            - Creating render group for layer: DEFAULT(100000)
10:21:09.687 [FXGL Background Thread 1 ] DEBUG InitAppTask          - Initializing Physics
10:21:09.687 [FXGL Background Thread 1 ] DEBUG InitAppTask          - Initializing UI
10:21:09.687 [FXGL Background Thread 1 ] DEBUG AssetLoader          - Loading from disk: /assets/textures/Frogger/background.jpg
10:21:09.696 [FXGL Background Thread 1 ] DEBUG InitAppTask          - Initialization Complete
10:21:09.697 [FXGL Background Thread 1 ] INFO  InitAppTask          - Game initialization took: 0.066 sec
10:21:09.702 [JavaFX Application Thread] DEBUG Input                - Clearing active input actions
10:21:09.707 [JavaFX Application Thread] DEBUG AppStateMachine      - LoadingState -> PlayState
10:21:10.261 [JavaFX Application Thread] DEBUG Input                - Mocking key release: W
10:21:10.262 [JavaFX Application Thread] DEBUG AssetLoader          - Loading from disk: /assets/textures/Frogger/frog_jump.png
10:21:10.438 [JavaFX Application Thread] DEBUG AssetLoader          - Loading from cache: /assets/textures/Frogger/frog_idle.png
10:21:11.124 [JavaFX Application Thread] DEBUG Input                - Mocking key release: A
10:21:11.125 [JavaFX Application Thread] DEBUG AssetLoader          - Loading from cache: /assets/textures/Frogger/frog_jump.png
10:21:11.302 [JavaFX Application Thread] DEBUG AssetLoader          - Loading from cache: /assets/textures/Frogger/frog_idle.png
10:21:11.632 [JavaFX Application Thread] DEBUG Input                - Mocking key release: A
10:21:11.633 [JavaFX Application Thread] DEBUG AssetLoader          - Loading from cache: /assets/textures/Frogger/frog_jump.png
10:21:11.815 [JavaFX Application Thread] DEBUG AssetLoader          - Loading from cache: /assets/textures/Frogger/frog_idle.png
10:21:11.941 [JavaFX Application Thread] DEBUG Input                - Mocking key release: A
10:21:11.941 [JavaFX Application Thread] DEBUG AssetLoader          - Loading from cache: /assets/textures/Frogger/frog_jump.png
10:21:12.119 [JavaFX Application Thread] DEBUG AssetLoader          - Loading from cache: /assets/textures/Frogger/frog_idle.png
10:21:12.541 [JavaFX Application Thread] DEBUG Input                - Mocking key release: S
10:21:12.541 [JavaFX Application Thread] DEBUG AssetLoader          - Loading from cache: /assets/textures/Frogger/frog_jump.png
10:21:12.726 [JavaFX Application Thread] DEBUG AssetLoader          - Loading from cache: /assets/textures/Frogger/frog_idle.png
10:21:13.064 [JavaFX Application Thread] DEBUG Input                - Mocking key release: S
10:21:13.064 [JavaFX Application Thread] DEBUG AssetLoader          - Loading from cache: /assets/textures/Frogger/frog_jump.png
10:21:13.255 [JavaFX Application Thread] DEBUG AssetLoader          - Loading from cache: /assets/textures/Frogger/frog_idle.png
10:21:13.611 [JavaFX Application Thread] DEBUG Input                - Mocking key release: S
10:21:13.611 [JavaFX Application Thread] DEBUG AssetLoader          - Loading from cache: /assets/textures/Frogger/frog_jump.png
10:21:13.798 [JavaFX Application Thread] DEBUG AssetLoader          - Loading from cache: /assets/textures/Frogger/frog_idle.png
10:21:14.164 [JavaFX Application Thread] DEBUG Input                - Mocking key release: S
10:21:14.165 [JavaFX Application Thread] DEBUG AssetLoader          - Loading from cache: /assets/textures/Frogger/frog_jump.png
10:21:14.342 [JavaFX Application Thread] DEBUG AssetLoader          - Loading from cache: /assets/textures/Frogger/frog_idle.png
10:21:14.663 [JavaFX Application Thread] DEBUG Input                - Mocking key release: S
10:21:14.664 [JavaFX Application Thread] DEBUG AssetLoader          - Loading from cache: /assets/textures/Frogger/frog_jump.png
10:21:14.841 [JavaFX Application Thread] DEBUG Input                - Mocking key release: S
10:21:14.842 [JavaFX Application Thread] DEBUG AssetLoader          - Loading from cache: /assets/textures/Frogger/frog_jump.png
10:21:14.855 [JavaFX Application Thread] DEBUG AssetLoader          - Loading from cache: /assets/textures/Frogger/frog_idle.png
10:21:15.002 [JavaFX Application Thread] DEBUG Input                - Mocking key release: S
10:21:15.002 [JavaFX Application Thread] DEBUG AssetLoader          - Loading from cache: /assets/textures/Frogger/frog_jump.png
10:21:15.017 [JavaFX Application Thread] DEBUG AssetLoader          - Loading from cache: /assets/textures/Frogger/frog_idle.png
10:21:15.170 [JavaFX Application Thread] DEBUG Input                - Mocking key release: S
10:21:15.171 [JavaFX Application Thread] DEBUG AssetLoader          - Loading from cache: /assets/textures/Frogger/frog_jump.png
10:21:15.175 [JavaFX Application Thread] DEBUG AssetLoader          - Loading from cache: /assets/textures/Frogger/frog_idle.png
10:21:15.350 [JavaFX Application Thread] DEBUG AssetLoader          - Loading from cache: /assets/textures/Frogger/frog_idle.png
10:21:15.510 [JavaFX Application Thread] DEBUG Input                - Mocking key release: A
10:21:15.510 [JavaFX Application Thread] DEBUG AssetLoader          - Loading from cache: /assets/textures/Frogger/frog_jump.png
10:21:15.686 [JavaFX Application Thread] DEBUG AssetLoader          - Loading from cache: /assets/textures/Frogger/frog_idle.png
10:21:16.021 [JavaFX Application Thread] DEBUG Input                - Mocking key release: A
10:21:16.021 [JavaFX Application Thread] DEBUG AssetLoader          - Loading from cache: /assets/textures/Frogger/frog_jump.png
10:21:16.198 [JavaFX Application Thread] DEBUG AssetLoader          - Loading from cache: /assets/textures/Frogger/frog_idle.png
10:21:16.602 [JavaFX Application Thread] DEBUG Input                - Mocking key release: A
10:21:16.602 [JavaFX Application Thread] DEBUG AssetLoader          - Loading from cache: /assets/textures/Frogger/frog_jump.png
10:21:16.790 [JavaFX Application Thread] DEBUG AssetLoader          - Loading from cache: /assets/textures/Frogger/frog_idle.png
10:21:17.390 [JavaFX Application Thread] DEBUG Input                - Mocking key release: W
10:21:17.390 [JavaFX Application Thread] DEBUG AssetLoader          - Loading from cache: /assets/textures/Frogger/frog_jump.png
10:21:17.574 [JavaFX Application Thread] DEBUG AssetLoader          - Loading from cache: /assets/textures/Frogger/frog_idle.png
10:21:18.097 [JavaFX Application Thread] DEBUG Input                - Mocking key release: W
10:21:18.097 [JavaFX Application Thread] DEBUG AssetLoader          - Loading from cache: /assets/textures/Frogger/frog_jump.png
10:21:18.278 [JavaFX Application Thread] DEBUG AssetLoader          - Loading from cache: /assets/textures/Frogger/frog_idle.png
10:21:18.823 [JavaFX Application Thread] DEBUG Input                - Mocking key release: W
10:21:18.823 [JavaFX Application Thread] DEBUG AssetLoader          - Loading from cache: /assets/textures/Frogger/frog_jump.png
10:21:18.998 [JavaFX Application Thread] DEBUG AssetLoader          - Loading from cache: /assets/textures/Frogger/frog_idle.png
10:21:19.492 [JavaFX Application Thread] DEBUG Input                - Mocking key release: W
10:21:19.492 [JavaFX Application Thread] DEBUG AssetLoader          - Loading from cache: /assets/textures/Frogger/frog_jump.png
10:21:19.671 [JavaFX Application Thread] DEBUG AssetLoader          - Loading from cache: /assets/textures/Frogger/frog_idle.png
10:21:20.116 [JavaFX Application Thread] DEBUG Input                - Mocking key release: W
10:21:20.116 [JavaFX Application Thread] DEBUG AssetLoader          - Loading from cache: /assets/textures/Frogger/frog_jump.png
10:21:20.294 [JavaFX Application Thread] DEBUG AssetLoader          - Loading from cache: /assets/textures/Frogger/frog_idle.png
10:21:20.784 [JavaFX Application Thread] DEBUG Input                - Mocking key release: W
10:21:20.784 [JavaFX Application Thread] DEBUG AssetLoader          - Loading from cache: /assets/textures/Frogger/frog_jump.png
10:21:20.966 [JavaFX Application Thread] DEBUG AssetLoader          - Loading from cache: /assets/textures/Frogger/frog_idle.png
10:21:23.964 [JavaFX Application Thread] DEBUG GameApplication      - Exiting game application
10:21:23.965 [JavaFX Application Thread] DEBUG GameApplication      - Shutting down background threads
10:21:23.966 [JavaFX Application Thread] DEBUG GameApplication      - Exiting FXGL
10:21:23.966 [JavaFX Application Thread] DEBUG FXGL                 - Saving FXGL system data
10:21:23.968 [JavaFX Application Thread] DEBUG DesktopFSService     - Writing to: system\fxgl.bundle
10:21:23.972 [JavaFX Application Thread] DEBUG GameApplication      - Closing logger and exiting JavaFX
