09:12:27.953 [JavaFX Application Thread] DEBUG GameApplication      - Logger initialized
09:12:27.959 [JavaFX Application Thread] DEBUG MainWindow           - Creating a JavaFX scene
09:12:28.030 [JavaFX Application Thread] DEBUG MainWindow           - Target settings size: 800.0 x 600.0
09:12:28.031 [JavaFX Application Thread] DEBUG MainWindow           - Scaled scene size:    800.0 x 600.0
09:12:28.031 [JavaFX Application Thread] DEBUG MainWindow           - Scaled ratio: (1.0, 1.0)
09:12:28.036 [JavaFX Application Thread] DEBUG GameApplication      - Starting FXGL
09:12:28.045 [JavaFX Application Thread] INFO  FXGL                 - FXGL-0.5.1 on DESKTOP
09:12:28.046 [JavaFX Application Thread] INFO  FXGL                 - Source code and latest versions at: https://github.com/AlmasB/FXGL
09:12:28.046 [JavaFX Application Thread] INFO  FXGL                 -              Join the FXGL chat at: https://gitter.im/AlmasB/FXGL
09:12:28.051 [JavaFX Application Thread] DEBUG FS                   - Loaded DesktopFSService
09:12:28.051 [JavaFX Application Thread] DEBUG FXGL                 - Loading FXGL system data
09:12:28.058 [JavaFX Application Thread] DEBUG DesktopFSService     - Reading from: system\fxgl.bundle
09:12:28.065 [JavaFX Application Thread] DEBUG Bundle               - Logging bundle: FXGL
09:12:28.065 [JavaFX Application Thread] DEBUG Bundle               - FXGL.offline.timer.version.check=2018-05-24T09:09:49.283
09:12:28.088 [JavaFX Application Thread] DEBUG GameApplication      - FXGL started
09:12:28.088 [JavaFX Application Thread] DEBUG GameApplication      - Logging game settings
Title: Physics Demo
Version: 
Width: 800
Height: 600
Fullscreen: false
Intro: false
Menus: false
Profiling: false
Single step:false
App Mode: DEVELOPER
Menu Key: ESCAPE
Stage Style: DECORATED
Scene Factory: class com.almasb.fxgl.scene.SceneFactory
Dialog Factory: class com.almasb.fxgl.ui.FXGLDialogFactory
UI Factory: class com.almasb.fxgl.ui.FXGLUIFactory
Notification Service: class com.almasb.fxgl.gameplay.notification.XboxNotificationView
Exception Handler: class com.almasb.fxgl.app.FXGLExceptionHandler
09:12:28.089 [JavaFX Application Thread] DEBUG GameApplication      - Configuring GameApplication
09:12:28.089 [JavaFX Application Thread] DEBUG GameApplication      - Initializing state machine and application states
09:12:28.101 [JavaFX Application Thread] DEBUG AssetLoader          - Loading from disk: /assets/ui/cursors/fxgl_default.png
09:12:28.118 [JavaFX Application Thread] DEBUG AssetLoader          - Loading from disk: /assets/ui/cursors/fxgl_default.png
09:12:28.135 [JavaFX Application Thread] DEBUG FXGLAssets           - Loading FXGLAssets
09:12:28.158 [JavaFX Application Thread] DEBUG AssetLoader          - Loading from disk: /assets/ui/fonts/VarelaRound-Regular.ttf
09:12:28.287 [JavaFX Application Thread] DEBUG AssetLoader          - Loading from disk: /assets/ui/fonts/lucida_console.ttf
09:12:28.295 [JavaFX Application Thread] DEBUG AssetLoader          - Loading from disk: /assets/ui/css/fxgl_dark.css
09:12:28.319 [JavaFX Application Thread] DEBUG AssetLoader          - Loading from disk: /assets/ui/cursors/fxgl_default.png
09:12:28.344 [JavaFX Application Thread] DEBUG AssetLoader          - Loading from disk: /assets/ui/cursors/fxgl_default.png
09:12:28.358 [JavaFX Application Thread] DEBUG GameScene            - Game scene initialized: 800x600
09:12:28.360 [JavaFX Application Thread] DEBUG GameWorld            - Game world initialized
09:12:28.399 [JavaFX Application Thread] DEBUG PhysicsWorld         - Physics world initialized: appHeight=600, physics.ppm=50.0
09:12:28.413 [JavaFX Application Thread] DEBUG Input                - Registered new binding: Pause - Esc
09:12:28.427 [JavaFX Application Thread] DEBUG Input                - Clearing active input actions
09:12:28.457 [JavaFX Application Thread] DEBUG AppStateMachine      - StartupState -> StartupState
09:12:28.460 [JavaFX Application Thread] INFO  GameApplication      - Game configuration took:  0.371 sec
09:12:28.462 [JavaFX Application Thread] DEBUG AssetLoader          - Loading from disk: /assets/textures/fxgl_icon.png
09:12:28.472 [JavaFX Application Thread] DEBUG MainWindow           - Opening main window
09:12:28.609 [JavaFX Application Thread] DEBUG MainWindow           - Window border size: (4.0, 26.66668701171875)
09:12:28.609 [JavaFX Application Thread] DEBUG MainWindow           - Scaled size: 800.0 x 600.0
09:12:28.609 [JavaFX Application Thread] DEBUG MainWindow           - Scaled ratio: (1.0, 1.0)
09:12:28.609 [JavaFX Application Thread] DEBUG MainWindow           - Scene size: 800.0 x 600.0
09:12:28.609 [JavaFX Application Thread] DEBUG MainWindow           - Stage size: 804.0 x 626.6666870117188
09:12:28.609 [JavaFX Application Thread] DEBUG GameApplication      - Running preInit()
09:12:28.611 [JavaFX Application Thread] DEBUG Input                - Registered new binding: Screenshot - P
09:12:28.611 [JavaFX Application Thread] DEBUG Input                - Registered new binding: Dev Options - CTRL+0
09:12:28.612 [JavaFX Application Thread] DEBUG Input                - Registered new binding: System info dump - CTRL+9
09:12:28.612 [JavaFX Application Thread] DEBUG Input                - Registered new binding: Restart - CTRL+R
09:12:28.640 [JavaFX Application Thread] DEBUG GameApplication      - Starting main loop
09:12:28.641 [JavaFX Application Thread] DEBUG StartupState         - STARTUP
09:12:28.642 [JavaFX Application Thread] DEBUG GameApplication      - Starting new game
09:12:28.642 [JavaFX Application Thread] DEBUG Input                - Clearing active input actions
09:12:28.649 [JavaFX Application Thread] DEBUG AppStateMachine      - StartupState -> LoadingState
09:12:28.654 [FXGL Background Thread 1 ] DEBUG InitAppTask          - Clearing previous game
09:12:28.654 [FXGL Background Thread 1 ] DEBUG GameWorld            - Clearing game world
09:12:28.654 [FXGL Background Thread 1 ] DEBUG PhysicsWorld         - Clearing physics world
09:12:28.654 [FXGL Background Thread 1 ] DEBUG GameScene            - Clearing game scene
09:12:28.655 [FXGL Background Thread 1 ] DEBUG InitAppTask          - Initializing Game
09:12:28.742 [FXGL Background Thread 1 ] DEBUG GameScene            - Creating render group for layer: DEFAULT(100000)
09:12:28.746 [FXGL Background Thread 1 ] DEBUG InitAppTask          - Initializing Physics
09:12:28.746 [FXGL Background Thread 1 ] DEBUG InitAppTask          - Initializing UI
09:12:28.746 [FXGL Background Thread 1 ] DEBUG InitAppTask          - Initialization Complete
09:12:28.747 [FXGL Background Thread 1 ] INFO  InitAppTask          - Game initialization took: 0.093 sec
09:12:28.749 [JavaFX Application Thread] DEBUG Input                - Clearing active input actions
09:12:28.754 [JavaFX Application Thread] DEBUG AppStateMachine      - LoadingState -> PlayState
09:12:36.068 [JavaFX Application Thread] DEBUG GameApplication      - Exiting game application
09:12:36.070 [JavaFX Application Thread] DEBUG GameApplication      - Shutting down background threads
09:12:36.070 [JavaFX Application Thread] DEBUG GameApplication      - Exiting FXGL
09:12:36.070 [JavaFX Application Thread] DEBUG FXGL                 - Saving FXGL system data
09:12:36.072 [JavaFX Application Thread] DEBUG DesktopFSService     - Writing to: system\fxgl.bundle
09:12:36.075 [JavaFX Application Thread] DEBUG GameApplication      - Closing logger and exiting JavaFX
