10:31:25.964 [JavaFX Application Thread] DEBUG GameApplication      - Logger initialized
10:31:25.970 [JavaFX Application Thread] DEBUG MainWindow           - Creating a JavaFX scene
10:31:26.044 [JavaFX Application Thread] DEBUG MainWindow           - Target settings size: 800.0 x 470.0
10:31:26.045 [JavaFX Application Thread] DEBUG MainWindow           - Scaled scene size:    800.0 x 470.0
10:31:26.045 [JavaFX Application Thread] DEBUG MainWindow           - Scaled ratio: (1.0, 1.0)
10:31:26.051 [JavaFX Application Thread] DEBUG GameApplication      - Starting FXGL
10:31:26.062 [JavaFX Application Thread] INFO  FXGL                 - FXGL-0.5.1 on DESKTOP
10:31:26.063 [JavaFX Application Thread] INFO  FXGL                 - Source code and latest versions at: https://github.com/AlmasB/FXGL
10:31:26.063 [JavaFX Application Thread] INFO  FXGL                 -              Join the FXGL chat at: https://gitter.im/AlmasB/FXGL
10:31:26.069 [JavaFX Application Thread] DEBUG FS                   - Loaded DesktopFSService
10:31:26.069 [JavaFX Application Thread] DEBUG FXGL                 - Loading FXGL system data
10:31:26.077 [JavaFX Application Thread] DEBUG DesktopFSService     - Reading from: system\fxgl.bundle
10:31:26.084 [JavaFX Application Thread] DEBUG Bundle               - Logging bundle: FXGL
10:31:26.085 [JavaFX Application Thread] DEBUG Bundle               - FXGL.offline.timer.version.check=2018-05-24T09:09:49.283
10:31:26.109 [JavaFX Application Thread] DEBUG GameApplication      - FXGL started
10:31:26.109 [JavaFX Application Thread] DEBUG GameApplication      - Logging game settings
Title: Frogger
Version: 0.2.0
Width: 800
Height: 470
Fullscreen: false
Intro: false
Menus: false
Profiling: false
Single step:false
App Mode: DEVELOPER
Menu Key: ESCAPE
Stage Style: DECORATED
Scene Factory: class com.almasb.fxgl.scene.SceneFactory
Dialog Factory: class com.almasb.fxgl.ui.FXGLDialogFactory
UI Factory: class com.almasb.fxgl.ui.FXGLUIFactory
Notification Service: class com.almasb.fxgl.gameplay.notification.XboxNotificationView
Exception Handler: class com.almasb.fxgl.app.FXGLExceptionHandler
10:31:26.110 [JavaFX Application Thread] DEBUG GameApplication      - Configuring GameApplication
10:31:26.110 [JavaFX Application Thread] DEBUG GameApplication      - Initializing state machine and application states
10:31:26.123 [JavaFX Application Thread] DEBUG AssetLoader          - Loading from disk: /assets/ui/cursors/fxgl_default.png
10:31:26.140 [JavaFX Application Thread] DEBUG AssetLoader          - Loading from disk: /assets/ui/cursors/fxgl_default.png
10:31:26.157 [JavaFX Application Thread] DEBUG FXGLAssets           - Loading FXGLAssets
10:31:26.181 [JavaFX Application Thread] DEBUG AssetLoader          - Loading from disk: /assets/ui/fonts/VarelaRound-Regular.ttf
10:31:26.297 [JavaFX Application Thread] DEBUG AssetLoader          - Loading from disk: /assets/ui/fonts/lucida_console.ttf
10:31:26.306 [JavaFX Application Thread] DEBUG AssetLoader          - Loading from disk: /assets/ui/css/fxgl_dark.css
10:31:26.329 [JavaFX Application Thread] DEBUG AssetLoader          - Loading from disk: /assets/ui/cursors/fxgl_default.png
10:31:26.353 [JavaFX Application Thread] DEBUG AssetLoader          - Loading from disk: /assets/ui/cursors/fxgl_default.png
10:31:26.366 [JavaFX Application Thread] DEBUG GameScene            - Game scene initialized: 800x470
10:31:26.368 [JavaFX Application Thread] DEBUG GameWorld            - Game world initialized
10:31:26.405 [JavaFX Application Thread] DEBUG PhysicsWorld         - Physics world initialized: appHeight=470, physics.ppm=50.0
10:31:26.419 [JavaFX Application Thread] DEBUG Input                - Registered new binding: Pause - Esc
10:31:26.432 [JavaFX Application Thread] DEBUG Input                - Clearing active input actions
10:31:26.463 [JavaFX Application Thread] DEBUG AppStateMachine      - StartupState -> StartupState
10:31:26.466 [JavaFX Application Thread] INFO  GameApplication      - Game configuration took:  0.356 sec
10:31:26.468 [JavaFX Application Thread] DEBUG AssetLoader          - Loading from disk: /assets/textures/fxgl_icon.png
10:31:26.478 [JavaFX Application Thread] DEBUG MainWindow           - Opening main window
10:31:26.616 [JavaFX Application Thread] DEBUG MainWindow           - Window border size: (4.0, 26.666656494140625)
10:31:26.616 [JavaFX Application Thread] DEBUG MainWindow           - Scaled size: 800.0 x 470.0
10:31:26.616 [JavaFX Application Thread] DEBUG MainWindow           - Scaled ratio: (1.0, 1.0)
10:31:26.616 [JavaFX Application Thread] DEBUG MainWindow           - Scene size: 800.0 x 470.0
10:31:26.616 [JavaFX Application Thread] DEBUG MainWindow           - Stage size: 804.0 x 496.6666564941406
10:31:26.616 [JavaFX Application Thread] DEBUG GameApplication      - Running preInit()
10:31:26.618 [JavaFX Application Thread] DEBUG Input                - Registered new binding: Screenshot - P
10:31:26.618 [JavaFX Application Thread] DEBUG Input                - Registered new binding: Dev Options - CTRL+0
10:31:26.618 [JavaFX Application Thread] DEBUG Input                - Registered new binding: System info dump - CTRL+9
10:31:26.619 [JavaFX Application Thread] DEBUG Input                - Registered new binding: Restart - CTRL+R
10:31:26.619 [JavaFX Application Thread] DEBUG Input                - Registered new binding: up - W
10:31:26.619 [JavaFX Application Thread] DEBUG Input                - Registered new binding: down - S
10:31:26.619 [JavaFX Application Thread] DEBUG Input                - Registered new binding: left - A
10:31:26.619 [JavaFX Application Thread] DEBUG Input                - Registered new binding: right - D
10:31:26.619 [JavaFX Application Thread] DEBUG Input                - Registered new binding: testd - Space
10:31:26.647 [JavaFX Application Thread] DEBUG GameApplication      - Starting main loop
10:31:26.649 [JavaFX Application Thread] DEBUG StartupState         - STARTUP
10:31:26.649 [JavaFX Application Thread] DEBUG GameApplication      - Starting new game
10:31:26.649 [JavaFX Application Thread] DEBUG Input                - Clearing active input actions
10:31:26.656 [JavaFX Application Thread] DEBUG AppStateMachine      - StartupState -> LoadingState
10:31:26.661 [FXGL Background Thread 1 ] DEBUG InitAppTask          - Clearing previous game
10:31:26.661 [FXGL Background Thread 1 ] DEBUG GameWorld            - Clearing game world
10:31:26.661 [FXGL Background Thread 1 ] DEBUG PhysicsWorld         - Clearing physics world
10:31:26.661 [FXGL Background Thread 1 ] DEBUG GameScene            - Clearing game scene
10:31:26.662 [FXGL Background Thread 1 ] DEBUG InitAppTask          - Initializing Game
10:31:26.683 [FXGL Background Thread 1 ] DEBUG AssetLoader          - Loading from disk: /assets/textures/Frogger/splatting_frog.png
10:31:26.715 [FXGL Background Thread 1 ] DEBUG AssetLoader          - Loading from disk: /assets/textures/Frogger/frog_idle.png
10:31:26.722 [FXGL Background Thread 1 ] DEBUG GameScene            - Creating render group for layer: TOP(2147483647)
10:31:26.727 [FXGL Background Thread 1 ] DEBUG AssetLoader          - Loading from disk: /assets/textures/Frogger/half_log.png
10:31:26.731 [FXGL Background Thread 1 ] DEBUG GameScene            - Creating render group for layer: DEFAULT(100000)
10:31:26.732 [FXGL Background Thread 1 ] DEBUG AssetLoader          - Loading from cache: /assets/textures/Frogger/half_log.png
10:31:26.733 [FXGL Background Thread 1 ] DEBUG AssetLoader          - Loading from disk: /assets/textures/Frogger/full_log.png
10:31:26.734 [FXGL Background Thread 1 ] DEBUG AssetLoader          - Loading from disk: /assets/textures/Frogger/rotating_log.png
10:31:26.736 [FXGL Background Thread 1 ] DEBUG InitAppTask          - Initializing Physics
10:31:26.737 [FXGL Background Thread 1 ] DEBUG InitAppTask          - Initializing UI
10:31:26.737 [FXGL Background Thread 1 ] DEBUG AssetLoader          - Loading from disk: /assets/textures/Frogger/background.jpg
10:31:26.756 [FXGL Background Thread 1 ] DEBUG InitAppTask          - Initialization Complete
10:31:26.756 [FXGL Background Thread 1 ] INFO  InitAppTask          - Game initialization took: 0.095 sec
10:31:26.768 [JavaFX Application Thread] DEBUG Input                - Clearing active input actions
10:31:26.773 [JavaFX Application Thread] DEBUG AppStateMachine      - LoadingState -> PlayState
10:31:27.664 [JavaFX Application Thread] DEBUG AssetLoader          - Loading from disk: /assets/textures/Frogger/purple_car.png
10:31:27.666 [JavaFX Application Thread] DEBUG AssetLoader          - Loading from disk: /assets/textures/Frogger/blue_car.png
10:31:28.576 [JavaFX Application Thread] DEBUG AssetLoader          - Loading from cache: /assets/textures/Frogger/purple_car.png
10:31:28.577 [JavaFX Application Thread] DEBUG AssetLoader          - Loading from cache: /assets/textures/Frogger/purple_car.png
10:31:29.587 [JavaFX Application Thread] DEBUG GameApplication      - Exiting game application
10:31:29.588 [JavaFX Application Thread] DEBUG GameApplication      - Shutting down background threads
10:31:29.588 [JavaFX Application Thread] DEBUG GameApplication      - Exiting FXGL
10:31:29.589 [JavaFX Application Thread] DEBUG FXGL                 - Saving FXGL system data
10:31:29.590 [JavaFX Application Thread] DEBUG DesktopFSService     - Writing to: system\fxgl.bundle
10:31:29.594 [JavaFX Application Thread] DEBUG GameApplication      - Closing logger and exiting JavaFX
