14:38:37.596 [JavaFX Application Thread] DEBUG GameApplication      - Logger initialized
14:38:37.602 [JavaFX Application Thread] DEBUG MainWindow           - Creating a JavaFX scene
14:38:37.670 [JavaFX Application Thread] DEBUG MainWindow           - Target settings size: 700.0 x 490.0
14:38:37.671 [JavaFX Application Thread] DEBUG MainWindow           - Scaled scene size:    700.0 x 490.0
14:38:37.671 [JavaFX Application Thread] DEBUG MainWindow           - Scaled ratio: (1.0, 1.0)
14:38:37.676 [JavaFX Application Thread] DEBUG GameApplication      - Starting FXGL
14:38:37.686 [JavaFX Application Thread] INFO  FXGL                 - FXGL-0.5.1 on DESKTOP
14:38:37.686 [JavaFX Application Thread] INFO  FXGL                 - Source code and latest versions at: https://github.com/AlmasB/FXGL
14:38:37.686 [JavaFX Application Thread] INFO  FXGL                 -              Join the FXGL chat at: https://gitter.im/AlmasB/FXGL
14:38:37.691 [JavaFX Application Thread] DEBUG FS                   - Loaded DesktopFSService
14:38:37.692 [JavaFX Application Thread] DEBUG FXGL                 - Loading FXGL system data
14:38:37.699 [JavaFX Application Thread] DEBUG DesktopFSService     - Reading from: system\fxgl.bundle
14:38:37.706 [JavaFX Application Thread] DEBUG Bundle               - Logging bundle: FXGL
14:38:37.707 [JavaFX Application Thread] DEBUG Bundle               - FXGL.offline.timer.version.check=2018-05-24T09:09:49.283
14:38:37.731 [JavaFX Application Thread] DEBUG GameApplication      - FXGL started
14:38:37.731 [JavaFX Application Thread] DEBUG GameApplication      - Logging game settings
Title: Platformer
Version: 
Width: 700
Height: 490
Fullscreen: false
Intro: false
Menus: false
Profiling: false
Single step:false
App Mode: DEVELOPER
Menu Key: ESCAPE
Stage Style: DECORATED
Scene Factory: class com.almasb.fxgl.scene.SceneFactory
Dialog Factory: class com.almasb.fxgl.ui.FXGLDialogFactory
UI Factory: class com.almasb.fxgl.ui.FXGLUIFactory
Notification Service: class com.almasb.fxgl.gameplay.notification.XboxNotificationView
Exception Handler: class com.almasb.fxgl.app.FXGLExceptionHandler
14:38:37.732 [JavaFX Application Thread] DEBUG GameApplication      - Configuring GameApplication
14:38:37.732 [JavaFX Application Thread] DEBUG GameApplication      - Initializing state machine and application states
14:38:37.744 [JavaFX Application Thread] DEBUG AssetLoader          - Loading from disk: /assets/ui/cursors/fxgl_default.png
14:38:37.761 [JavaFX Application Thread] DEBUG AssetLoader          - Loading from disk: /assets/ui/cursors/fxgl_default.png
14:38:37.779 [JavaFX Application Thread] DEBUG FXGLAssets           - Loading FXGLAssets
14:38:37.806 [JavaFX Application Thread] DEBUG AssetLoader          - Loading from disk: /assets/ui/fonts/VarelaRound-Regular.ttf
14:38:37.932 [JavaFX Application Thread] DEBUG AssetLoader          - Loading from disk: /assets/ui/fonts/lucida_console.ttf
14:38:37.940 [JavaFX Application Thread] DEBUG AssetLoader          - Loading from disk: /assets/ui/css/fxgl_dark.css
14:38:37.963 [JavaFX Application Thread] DEBUG AssetLoader          - Loading from disk: /assets/ui/cursors/fxgl_default.png
14:38:37.989 [JavaFX Application Thread] DEBUG AssetLoader          - Loading from disk: /assets/ui/cursors/fxgl_default.png
14:38:38.004 [JavaFX Application Thread] DEBUG GameScene            - Game scene initialized: 700x490
14:38:38.007 [JavaFX Application Thread] DEBUG GameWorld            - Game world initialized
14:38:38.046 [JavaFX Application Thread] DEBUG PhysicsWorld         - Physics world initialized: appHeight=490, physics.ppm=50.0
14:38:38.061 [JavaFX Application Thread] DEBUG Input                - Registered new binding: Pause - Esc
14:38:38.076 [JavaFX Application Thread] DEBUG Input                - Clearing active input actions
14:38:38.108 [JavaFX Application Thread] DEBUG AppStateMachine      - StartupState -> StartupState
14:38:38.111 [JavaFX Application Thread] INFO  GameApplication      - Game configuration took:  0.379 sec
14:38:38.113 [JavaFX Application Thread] DEBUG AssetLoader          - Loading from disk: /assets/textures/fxgl_icon.png
14:38:38.128 [JavaFX Application Thread] DEBUG MainWindow           - Opening main window
14:38:38.263 [JavaFX Application Thread] DEBUG MainWindow           - Window border size: (4.0, 26.66668701171875)
14:38:38.263 [JavaFX Application Thread] DEBUG MainWindow           - Scaled size: 700.0 x 490.0
14:38:38.263 [JavaFX Application Thread] DEBUG MainWindow           - Scaled ratio: (1.0, 1.0)
14:38:38.263 [JavaFX Application Thread] DEBUG MainWindow           - Scene size: 700.0 x 490.0
14:38:38.263 [JavaFX Application Thread] DEBUG MainWindow           - Stage size: 704.0 x 516.6666870117188
14:38:38.263 [JavaFX Application Thread] DEBUG GameApplication      - Running preInit()
14:38:38.265 [JavaFX Application Thread] DEBUG Input                - Registered new binding: Screenshot - P
14:38:38.265 [JavaFX Application Thread] DEBUG Input                - Registered new binding: Dev Options - CTRL+0
14:38:38.266 [JavaFX Application Thread] DEBUG Input                - Registered new binding: System info dump - CTRL+9
14:38:38.266 [JavaFX Application Thread] DEBUG Input                - Registered new binding: Restart - CTRL+R
14:38:38.271 [JavaFX Application Thread] DEBUG AssetLoader          - Loading from disk: /assets/textures/Platformer/run_sheet.png
14:38:38.299 [JavaFX Application Thread] DEBUG AssetLoader          - Loading from disk: /assets/textures/Platformer/stand_sheet.png
14:38:38.305 [JavaFX Application Thread] DEBUG Input                - Registered new binding: run_right - Right
14:38:38.305 [JavaFX Application Thread] DEBUG Input                - Registered new binding: run_left - Left
14:38:38.305 [JavaFX Application Thread] DEBUG Input                - Registered new binding: jump - Up
14:38:38.333 [JavaFX Application Thread] DEBUG GameApplication      - Starting main loop
14:38:38.334 [JavaFX Application Thread] DEBUG StartupState         - STARTUP
14:38:38.334 [JavaFX Application Thread] DEBUG GameApplication      - Starting new game
14:38:38.334 [JavaFX Application Thread] DEBUG Input                - Clearing active input actions
14:38:38.340 [JavaFX Application Thread] DEBUG AppStateMachine      - StartupState -> LoadingState
14:38:38.343 [FXGL Background Thread 1 ] DEBUG InitAppTask          - Clearing previous game
14:38:38.344 [FXGL Background Thread 1 ] DEBUG GameWorld            - Clearing game world
14:38:38.344 [FXGL Background Thread 1 ] DEBUG PhysicsWorld         - Clearing physics world
14:38:38.344 [FXGL Background Thread 1 ] DEBUG GameScene            - Clearing game scene
14:38:38.345 [FXGL Background Thread 1 ] DEBUG InitAppTask          - Initializing Game
14:38:38.362 [FXGL Background Thread 1 ] DEBUG AssetLoader          - Loading from disk: /assets/tmx/platformer_map_1.tmx
14:38:38.382 [FXGL Background Thread 1 ] WARN  TMXParser            - TiledMap generated from 1.1.5. Supported version: 1.1.2. Some features may not be parsed fully.
14:38:38.399 [FXGL Background Thread 1 ] DEBUG GameWorld            - Clearing removable entities
14:38:38.399 [FXGL Background Thread 1 ] DEBUG GameWorld            - Setting level from map
14:38:38.420 [FXGL Background Thread 1 ] DEBUG AssetLoader          - Loading from disk: /assets/textures/map_tiles.png
14:38:38.432 [FXGL Background Thread 1 ] DEBUG AssetLoader          - Loading from cache: /assets/textures/map_tiles.png
14:38:38.432 [FXGL Background Thread 1 ] DEBUG AssetLoader          - Loading from cache: /assets/textures/map_tiles.png
14:38:38.432 [FXGL Background Thread 1 ] DEBUG AssetLoader          - Loading from cache: /assets/textures/map_tiles.png
14:38:38.432 [FXGL Background Thread 1 ] DEBUG AssetLoader          - Loading from cache: /assets/textures/map_tiles.png
14:38:38.433 [FXGL Background Thread 1 ] DEBUG AssetLoader          - Loading from cache: /assets/textures/map_tiles.png
14:38:38.433 [FXGL Background Thread 1 ] DEBUG AssetLoader          - Loading from cache: /assets/textures/map_tiles.png
14:38:38.433 [FXGL Background Thread 1 ] DEBUG AssetLoader          - Loading from cache: /assets/textures/map_tiles.png
14:38:38.433 [FXGL Background Thread 1 ] DEBUG AssetLoader          - Loading from cache: /assets/textures/map_tiles.png
14:38:38.433 [FXGL Background Thread 1 ] DEBUG AssetLoader          - Loading from cache: /assets/textures/map_tiles.png
14:38:38.433 [FXGL Background Thread 1 ] DEBUG AssetLoader          - Loading from cache: /assets/textures/map_tiles.png
14:38:38.433 [FXGL Background Thread 1 ] DEBUG AssetLoader          - Loading from cache: /assets/textures/map_tiles.png
14:38:38.433 [FXGL Background Thread 1 ] DEBUG AssetLoader          - Loading from cache: /assets/textures/map_tiles.png
14:38:38.434 [FXGL Background Thread 1 ] DEBUG AssetLoader          - Loading from cache: /assets/textures/map_tiles.png
14:38:38.434 [FXGL Background Thread 1 ] DEBUG AssetLoader          - Loading from cache: /assets/textures/map_tiles.png
14:38:38.434 [FXGL Background Thread 1 ] DEBUG AssetLoader          - Loading from cache: /assets/textures/map_tiles.png
14:38:38.434 [FXGL Background Thread 1 ] DEBUG AssetLoader          - Loading from cache: /assets/textures/map_tiles.png
14:38:38.434 [FXGL Background Thread 1 ] DEBUG AssetLoader          - Loading from cache: /assets/textures/map_tiles.png
14:38:38.434 [FXGL Background Thread 1 ] DEBUG AssetLoader          - Loading from cache: /assets/textures/map_tiles.png
14:38:38.434 [FXGL Background Thread 1 ] DEBUG AssetLoader          - Loading from cache: /assets/textures/map_tiles.png
14:38:38.434 [FXGL Background Thread 1 ] DEBUG AssetLoader          - Loading from cache: /assets/textures/map_tiles.png
14:38:38.434 [FXGL Background Thread 1 ] DEBUG AssetLoader          - Loading from cache: /assets/textures/map_tiles.png
14:38:38.435 [FXGL Background Thread 1 ] DEBUG AssetLoader          - Loading from cache: /assets/textures/map_tiles.png
14:38:38.435 [FXGL Background Thread 1 ] DEBUG AssetLoader          - Loading from cache: /assets/textures/map_tiles.png
14:38:38.435 [FXGL Background Thread 1 ] DEBUG AssetLoader          - Loading from cache: /assets/textures/map_tiles.png
14:38:38.435 [FXGL Background Thread 1 ] DEBUG AssetLoader          - Loading from cache: /assets/textures/map_tiles.png
14:38:38.435 [FXGL Background Thread 1 ] DEBUG AssetLoader          - Loading from cache: /assets/textures/map_tiles.png
14:38:38.435 [FXGL Background Thread 1 ] DEBUG AssetLoader          - Loading from cache: /assets/textures/map_tiles.png
14:38:38.435 [FXGL Background Thread 1 ] DEBUG AssetLoader          - Loading from cache: /assets/textures/map_tiles.png
14:38:38.435 [FXGL Background Thread 1 ] DEBUG AssetLoader          - Loading from cache: /assets/textures/map_tiles.png
14:38:38.435 [FXGL Background Thread 1 ] DEBUG AssetLoader          - Loading from cache: /assets/textures/map_tiles.png
14:38:38.435 [FXGL Background Thread 1 ] DEBUG AssetLoader          - Loading from cache: /assets/textures/map_tiles.png
14:38:38.436 [FXGL Background Thread 1 ] DEBUG AssetLoader          - Loading from cache: /assets/textures/map_tiles.png
14:38:38.436 [FXGL Background Thread 1 ] DEBUG AssetLoader          - Loading from cache: /assets/textures/map_tiles.png
14:38:38.436 [FXGL Background Thread 1 ] DEBUG AssetLoader          - Loading from cache: /assets/textures/map_tiles.png
14:38:38.436 [FXGL Background Thread 1 ] DEBUG AssetLoader          - Loading from cache: /assets/textures/map_tiles.png
14:38:38.436 [FXGL Background Thread 1 ] DEBUG AssetLoader          - Loading from cache: /assets/textures/map_tiles.png
14:38:38.436 [FXGL Background Thread 1 ] DEBUG AssetLoader          - Loading from cache: /assets/textures/map_tiles.png
14:38:38.436 [FXGL Background Thread 1 ] DEBUG AssetLoader          - Loading from cache: /assets/textures/map_tiles.png
14:38:38.436 [FXGL Background Thread 1 ] DEBUG AssetLoader          - Loading from cache: /assets/textures/map_tiles.png
14:38:38.437 [FXGL Background Thread 1 ] DEBUG AssetLoader          - Loading from cache: /assets/textures/map_tiles.png
14:38:38.437 [FXGL Background Thread 1 ] DEBUG AssetLoader          - Loading from cache: /assets/textures/map_tiles.png
14:38:38.437 [FXGL Background Thread 1 ] DEBUG AssetLoader          - Loading from cache: /assets/textures/map_tiles.png
14:38:38.437 [FXGL Background Thread 1 ] DEBUG AssetLoader          - Loading from cache: /assets/textures/map_tiles.png
14:38:38.437 [FXGL Background Thread 1 ] DEBUG AssetLoader          - Loading from cache: /assets/textures/map_tiles.png
14:38:38.437 [FXGL Background Thread 1 ] DEBUG AssetLoader          - Loading from cache: /assets/textures/map_tiles.png
14:38:38.437 [FXGL Background Thread 1 ] DEBUG AssetLoader          - Loading from cache: /assets/textures/map_tiles.png
14:38:38.437 [FXGL Background Thread 1 ] DEBUG AssetLoader          - Loading from cache: /assets/textures/map_tiles.png
14:38:38.437 [FXGL Background Thread 1 ] DEBUG AssetLoader          - Loading from cache: /assets/textures/map_tiles.png
14:38:38.438 [FXGL Background Thread 1 ] DEBUG AssetLoader          - Loading from cache: /assets/textures/map_tiles.png
14:38:38.438 [FXGL Background Thread 1 ] DEBUG AssetLoader          - Loading from cache: /assets/textures/map_tiles.png
14:38:38.438 [FXGL Background Thread 1 ] DEBUG AssetLoader          - Loading from cache: /assets/textures/map_tiles.png
14:38:38.438 [FXGL Background Thread 1 ] DEBUG AssetLoader          - Loading from cache: /assets/textures/map_tiles.png
14:38:38.438 [FXGL Background Thread 1 ] DEBUG AssetLoader          - Loading from cache: /assets/textures/map_tiles.png
14:38:38.438 [FXGL Background Thread 1 ] DEBUG AssetLoader          - Loading from cache: /assets/textures/map_tiles.png
14:38:38.438 [FXGL Background Thread 1 ] DEBUG AssetLoader          - Loading from cache: /assets/textures/map_tiles.png
14:38:38.438 [FXGL Background Thread 1 ] DEBUG AssetLoader          - Loading from cache: /assets/textures/map_tiles.png
14:38:38.439 [FXGL Background Thread 1 ] DEBUG AssetLoader          - Loading from cache: /assets/textures/map_tiles.png
14:38:38.439 [FXGL Background Thread 1 ] DEBUG AssetLoader          - Loading from cache: /assets/textures/map_tiles.png
14:38:38.439 [FXGL Background Thread 1 ] DEBUG AssetLoader          - Loading from cache: /assets/textures/map_tiles.png
14:38:38.439 [FXGL Background Thread 1 ] DEBUG AssetLoader          - Loading from cache: /assets/textures/map_tiles.png
14:38:38.439 [FXGL Background Thread 1 ] DEBUG AssetLoader          - Loading from cache: /assets/textures/map_tiles.png
14:38:38.439 [FXGL Background Thread 1 ] DEBUG AssetLoader          - Loading from cache: /assets/textures/map_tiles.png
14:38:38.441 [FXGL Background Thread 1 ] DEBUG GameScene            - Creating render group for layer: BACKGROUND(1000)
14:38:38.482 [FXGL Background Thread 1 ] DEBUG GameScene            - Creating render group for layer: DEFAULT(100000)
14:38:38.499 [FXGL Background Thread 1 ] DEBUG AssetLoader          - Loading from cache: /assets/textures/Platformer/stand_sheet.png
14:38:38.499 [FXGL Background Thread 1 ] DEBUG AssetLoader          - Loading from cache: /assets/textures/Platformer/run_sheet.png
14:38:38.499 [FXGL Background Thread 1 ] DEBUG AssetLoader          - Loading from disk: /assets/textures/Platformer/jump-fall.png
14:38:38.503 [FXGL Background Thread 1 ] DEBUG AssetLoader          - Loading from disk: /assets/textures/Platformer/jump-up.png
14:38:38.509 [FXGL Background Thread 1 ] DEBUG InitAppTask          - Initializing Physics
14:38:38.509 [FXGL Background Thread 1 ] DEBUG InitAppTask          - Initializing UI
14:38:38.509 [FXGL Background Thread 1 ] DEBUG InitAppTask          - Initialization Complete
14:38:38.509 [FXGL Background Thread 1 ] INFO  InitAppTask          - Game initialization took: 0.165 sec
14:38:38.511 [JavaFX Application Thread] DEBUG Input                - Clearing active input actions
14:38:38.518 [JavaFX Application Thread] DEBUG AppStateMachine      - LoadingState -> PlayState
14:38:50.062 [JavaFX Application Thread] DEBUG GameApplication      - Exiting game application
14:38:50.063 [JavaFX Application Thread] DEBUG GameApplication      - Shutting down background threads
14:38:50.063 [JavaFX Application Thread] DEBUG GameApplication      - Exiting FXGL
14:38:50.063 [JavaFX Application Thread] DEBUG FXGL                 - Saving FXGL system data
14:38:50.065 [JavaFX Application Thread] DEBUG DesktopFSService     - Writing to: system\fxgl.bundle
14:38:50.069 [JavaFX Application Thread] DEBUG GameApplication      - Closing logger and exiting JavaFX
