14:50:51.146 [JavaFX Application Thread] DEBUG GameApplication      - Logger initialized
14:50:51.153 [JavaFX Application Thread] DEBUG MainWindow           - Creating a JavaFX scene
14:50:51.153 [JavaFX Application Thread] DEBUG MainWindow           - Target size > screen size
14:50:51.222 [JavaFX Application Thread] DEBUG MainWindow           - Target settings size: 1400.0 x 1050.0
14:50:51.222 [JavaFX Application Thread] DEBUG MainWindow           - Scaled scene size:    881.0 x 679.0
14:50:51.222 [JavaFX Application Thread] DEBUG MainWindow           - Scaled ratio: (0.6292857142857143, 0.6466666666666666)
14:50:51.227 [JavaFX Application Thread] DEBUG GameApplication      - Starting FXGL
14:50:51.237 [JavaFX Application Thread] INFO  FXGL                 - FXGL-0.5.1 on DESKTOP
14:50:51.238 [JavaFX Application Thread] INFO  FXGL                 - Source code and latest versions at: https://github.com/AlmasB/FXGL
14:50:51.238 [JavaFX Application Thread] INFO  FXGL                 -              Join the FXGL chat at: https://gitter.im/AlmasB/FXGL
14:50:51.245 [JavaFX Application Thread] DEBUG FS                   - Loaded DesktopFSService
14:50:51.245 [JavaFX Application Thread] DEBUG FXGL                 - Loading FXGL system data
14:50:51.254 [JavaFX Application Thread] DEBUG DesktopFSService     - Reading from: system\fxgl.bundle
14:50:51.262 [JavaFX Application Thread] DEBUG Bundle               - Logging bundle: FXGL
14:50:51.263 [JavaFX Application Thread] DEBUG Bundle               - FXGL.offline.timer.version.check=2018-05-24T09:09:49.283
14:50:51.285 [JavaFX Application Thread] DEBUG GameApplication      - FXGL started
14:50:51.285 [JavaFX Application Thread] DEBUG GameApplication      - Logging game settings
Title: Platformer
Version: 
Width: 1400
Height: 1050
Fullscreen: false
Intro: false
Menus: false
Profiling: false
Single step:false
App Mode: DEVELOPER
Menu Key: ESCAPE
Stage Style: DECORATED
Scene Factory: class com.almasb.fxgl.scene.SceneFactory
Dialog Factory: class com.almasb.fxgl.ui.FXGLDialogFactory
UI Factory: class com.almasb.fxgl.ui.FXGLUIFactory
Notification Service: class com.almasb.fxgl.gameplay.notification.XboxNotificationView
Exception Handler: class com.almasb.fxgl.app.FXGLExceptionHandler
14:50:51.286 [JavaFX Application Thread] DEBUG GameApplication      - Configuring GameApplication
14:50:51.286 [JavaFX Application Thread] DEBUG GameApplication      - Initializing state machine and application states
14:50:51.298 [JavaFX Application Thread] DEBUG AssetLoader          - Loading from disk: /assets/ui/cursors/fxgl_default.png
14:50:51.316 [JavaFX Application Thread] DEBUG AssetLoader          - Loading from disk: /assets/ui/cursors/fxgl_default.png
14:50:51.336 [JavaFX Application Thread] DEBUG FXGLAssets           - Loading FXGLAssets
14:50:51.361 [JavaFX Application Thread] DEBUG AssetLoader          - Loading from disk: /assets/ui/fonts/VarelaRound-Regular.ttf
14:50:51.486 [JavaFX Application Thread] DEBUG AssetLoader          - Loading from disk: /assets/ui/fonts/lucida_console.ttf
14:50:51.495 [JavaFX Application Thread] DEBUG AssetLoader          - Loading from disk: /assets/ui/css/fxgl_dark.css
14:50:51.518 [JavaFX Application Thread] DEBUG AssetLoader          - Loading from disk: /assets/ui/cursors/fxgl_default.png
14:50:51.543 [JavaFX Application Thread] DEBUG AssetLoader          - Loading from disk: /assets/ui/cursors/fxgl_default.png
14:50:51.556 [JavaFX Application Thread] DEBUG GameScene            - Game scene initialized: 1400x1050
14:50:51.559 [JavaFX Application Thread] DEBUG GameWorld            - Game world initialized
14:50:51.597 [JavaFX Application Thread] DEBUG PhysicsWorld         - Physics world initialized: appHeight=1050, physics.ppm=50.0
14:50:51.611 [JavaFX Application Thread] DEBUG Input                - Registered new binding: Pause - Esc
14:50:51.626 [JavaFX Application Thread] DEBUG Input                - Clearing active input actions
14:50:51.657 [JavaFX Application Thread] DEBUG AppStateMachine      - StartupState -> StartupState
14:50:51.660 [JavaFX Application Thread] INFO  GameApplication      - Game configuration took:  0.374 sec
14:50:51.663 [JavaFX Application Thread] DEBUG AssetLoader          - Loading from disk: /assets/textures/fxgl_icon.png
14:50:51.673 [JavaFX Application Thread] DEBUG MainWindow           - Opening main window
14:50:51.819 [JavaFX Application Thread] DEBUG MainWindow           - Window border size: (4.33331298828125, 27.0)
14:50:51.819 [JavaFX Application Thread] DEBUG MainWindow           - Scaled size: 881.0 x 679.0
14:50:51.819 [JavaFX Application Thread] DEBUG MainWindow           - Scaled ratio: (0.6292857142857143, 0.6466666666666666)
14:50:51.819 [JavaFX Application Thread] DEBUG MainWindow           - Scene size: 881.3333129882812 x 679.3333129882812
14:50:51.819 [JavaFX Application Thread] DEBUG MainWindow           - Stage size: 885.3333129882812 x 706.0
14:50:51.819 [JavaFX Application Thread] DEBUG GameApplication      - Running preInit()
14:50:51.821 [JavaFX Application Thread] DEBUG Input                - Registered new binding: Screenshot - P
14:50:51.821 [JavaFX Application Thread] DEBUG Input                - Registered new binding: Dev Options - CTRL+0
14:50:51.822 [JavaFX Application Thread] DEBUG Input                - Registered new binding: System info dump - CTRL+9
14:50:51.822 [JavaFX Application Thread] DEBUG Input                - Registered new binding: Restart - CTRL+R
14:50:51.849 [JavaFX Application Thread] DEBUG GameApplication      - Starting main loop
14:50:51.850 [JavaFX Application Thread] DEBUG StartupState         - STARTUP
14:50:51.851 [JavaFX Application Thread] DEBUG GameApplication      - Starting new game
14:50:51.851 [JavaFX Application Thread] DEBUG Input                - Clearing active input actions
14:50:51.856 [JavaFX Application Thread] DEBUG AppStateMachine      - StartupState -> LoadingState
14:50:51.860 [FXGL Background Thread 1 ] DEBUG InitAppTask          - Clearing previous game
14:50:51.860 [FXGL Background Thread 1 ] DEBUG GameWorld            - Clearing game world
14:50:51.861 [FXGL Background Thread 1 ] DEBUG PhysicsWorld         - Clearing physics world
14:50:51.861 [FXGL Background Thread 1 ] DEBUG GameScene            - Clearing game scene
14:50:51.862 [FXGL Background Thread 1 ] DEBUG InitAppTask          - Initializing Game
14:50:51.880 [FXGL Background Thread 1 ] DEBUG AssetLoader          - Loading from disk: /assets/tmx/platformer_map_1.tmx
14:50:51.901 [FXGL Background Thread 1 ] WARN  TMXParser            - TiledMap generated from 1.1.5. Supported version: 1.1.2. Some features may not be parsed fully.
14:50:51.927 [FXGL Background Thread 1 ] DEBUG GameWorld            - Clearing removable entities
14:50:51.927 [FXGL Background Thread 1 ] DEBUG GameWorld            - Setting level from map
14:50:51.946 [FXGL Background Thread 1 ] DEBUG AssetLoader          - Loading from disk: /assets/textures/map_tiles.png
14:50:51.965 [FXGL Background Thread 1 ] DEBUG AssetLoader          - Loading from cache: /assets/textures/map_tiles.png
14:50:51.966 [FXGL Background Thread 1 ] DEBUG AssetLoader          - Loading from cache: /assets/textures/map_tiles.png
14:50:51.966 [FXGL Background Thread 1 ] DEBUG AssetLoader          - Loading from cache: /assets/textures/map_tiles.png
14:50:51.966 [FXGL Background Thread 1 ] DEBUG AssetLoader          - Loading from cache: /assets/textures/map_tiles.png
14:50:51.966 [FXGL Background Thread 1 ] DEBUG AssetLoader          - Loading from cache: /assets/textures/map_tiles.png
14:50:51.966 [FXGL Background Thread 1 ] DEBUG AssetLoader          - Loading from cache: /assets/textures/map_tiles.png
14:50:51.966 [FXGL Background Thread 1 ] DEBUG AssetLoader          - Loading from cache: /assets/textures/map_tiles.png
14:50:51.966 [FXGL Background Thread 1 ] DEBUG AssetLoader          - Loading from cache: /assets/textures/map_tiles.png
14:50:51.967 [FXGL Background Thread 1 ] DEBUG AssetLoader          - Loading from cache: /assets/textures/map_tiles.png
14:50:51.967 [FXGL Background Thread 1 ] DEBUG AssetLoader          - Loading from cache: /assets/textures/map_tiles.png
14:50:51.967 [FXGL Background Thread 1 ] DEBUG AssetLoader          - Loading from cache: /assets/textures/map_tiles.png
14:50:51.967 [FXGL Background Thread 1 ] DEBUG AssetLoader          - Loading from cache: /assets/textures/map_tiles.png
14:50:51.967 [FXGL Background Thread 1 ] DEBUG AssetLoader          - Loading from cache: /assets/textures/map_tiles.png
14:50:51.967 [FXGL Background Thread 1 ] DEBUG AssetLoader          - Loading from cache: /assets/textures/map_tiles.png
14:50:51.967 [FXGL Background Thread 1 ] DEBUG AssetLoader          - Loading from cache: /assets/textures/map_tiles.png
14:50:51.967 [FXGL Background Thread 1 ] DEBUG AssetLoader          - Loading from cache: /assets/textures/map_tiles.png
14:50:51.967 [FXGL Background Thread 1 ] DEBUG AssetLoader          - Loading from cache: /assets/textures/map_tiles.png
14:50:51.968 [FXGL Background Thread 1 ] DEBUG AssetLoader          - Loading from cache: /assets/textures/map_tiles.png
14:50:51.968 [FXGL Background Thread 1 ] DEBUG AssetLoader          - Loading from cache: /assets/textures/map_tiles.png
14:50:51.968 [FXGL Background Thread 1 ] DEBUG AssetLoader          - Loading from cache: /assets/textures/map_tiles.png
14:50:51.968 [FXGL Background Thread 1 ] DEBUG AssetLoader          - Loading from cache: /assets/textures/map_tiles.png
14:50:51.968 [FXGL Background Thread 1 ] DEBUG AssetLoader          - Loading from cache: /assets/textures/map_tiles.png
14:50:51.968 [FXGL Background Thread 1 ] DEBUG AssetLoader          - Loading from cache: /assets/textures/map_tiles.png
14:50:51.968 [FXGL Background Thread 1 ] DEBUG AssetLoader          - Loading from cache: /assets/textures/map_tiles.png
14:50:51.968 [FXGL Background Thread 1 ] DEBUG AssetLoader          - Loading from cache: /assets/textures/map_tiles.png
14:50:51.969 [FXGL Background Thread 1 ] DEBUG AssetLoader          - Loading from cache: /assets/textures/map_tiles.png
14:50:51.969 [FXGL Background Thread 1 ] DEBUG AssetLoader          - Loading from cache: /assets/textures/map_tiles.png
14:50:51.969 [FXGL Background Thread 1 ] DEBUG AssetLoader          - Loading from cache: /assets/textures/map_tiles.png
14:50:51.969 [FXGL Background Thread 1 ] DEBUG AssetLoader          - Loading from cache: /assets/textures/map_tiles.png
14:50:51.969 [FXGL Background Thread 1 ] DEBUG AssetLoader          - Loading from cache: /assets/textures/map_tiles.png
14:50:51.969 [FXGL Background Thread 1 ] DEBUG AssetLoader          - Loading from cache: /assets/textures/map_tiles.png
14:50:51.969 [FXGL Background Thread 1 ] DEBUG AssetLoader          - Loading from cache: /assets/textures/map_tiles.png
14:50:51.969 [FXGL Background Thread 1 ] DEBUG AssetLoader          - Loading from cache: /assets/textures/map_tiles.png
14:50:51.969 [FXGL Background Thread 1 ] DEBUG AssetLoader          - Loading from cache: /assets/textures/map_tiles.png
14:50:51.970 [FXGL Background Thread 1 ] DEBUG AssetLoader          - Loading from cache: /assets/textures/map_tiles.png
14:50:51.970 [FXGL Background Thread 1 ] DEBUG AssetLoader          - Loading from cache: /assets/textures/map_tiles.png
14:50:51.970 [FXGL Background Thread 1 ] DEBUG AssetLoader          - Loading from cache: /assets/textures/map_tiles.png
14:50:51.970 [FXGL Background Thread 1 ] DEBUG AssetLoader          - Loading from cache: /assets/textures/map_tiles.png
14:50:51.970 [FXGL Background Thread 1 ] DEBUG AssetLoader          - Loading from cache: /assets/textures/map_tiles.png
14:50:51.970 [FXGL Background Thread 1 ] DEBUG AssetLoader          - Loading from cache: /assets/textures/map_tiles.png
14:50:51.970 [FXGL Background Thread 1 ] DEBUG AssetLoader          - Loading from cache: /assets/textures/map_tiles.png
14:50:51.970 [FXGL Background Thread 1 ] DEBUG AssetLoader          - Loading from cache: /assets/textures/map_tiles.png
14:50:51.970 [FXGL Background Thread 1 ] DEBUG AssetLoader          - Loading from cache: /assets/textures/map_tiles.png
14:50:51.971 [FXGL Background Thread 1 ] DEBUG AssetLoader          - Loading from cache: /assets/textures/map_tiles.png
14:50:51.971 [FXGL Background Thread 1 ] DEBUG AssetLoader          - Loading from cache: /assets/textures/map_tiles.png
14:50:51.971 [FXGL Background Thread 1 ] DEBUG AssetLoader          - Loading from cache: /assets/textures/map_tiles.png
14:50:51.971 [FXGL Background Thread 1 ] DEBUG AssetLoader          - Loading from cache: /assets/textures/map_tiles.png
14:50:51.971 [FXGL Background Thread 1 ] DEBUG AssetLoader          - Loading from cache: /assets/textures/map_tiles.png
14:50:51.971 [FXGL Background Thread 1 ] DEBUG AssetLoader          - Loading from cache: /assets/textures/map_tiles.png
14:50:51.971 [FXGL Background Thread 1 ] DEBUG AssetLoader          - Loading from cache: /assets/textures/map_tiles.png
14:50:51.971 [FXGL Background Thread 1 ] DEBUG AssetLoader          - Loading from cache: /assets/textures/map_tiles.png
14:50:51.971 [FXGL Background Thread 1 ] DEBUG AssetLoader          - Loading from cache: /assets/textures/map_tiles.png
14:50:51.971 [FXGL Background Thread 1 ] DEBUG AssetLoader          - Loading from cache: /assets/textures/map_tiles.png
14:50:51.972 [FXGL Background Thread 1 ] DEBUG AssetLoader          - Loading from cache: /assets/textures/map_tiles.png
14:50:51.972 [FXGL Background Thread 1 ] DEBUG AssetLoader          - Loading from cache: /assets/textures/map_tiles.png
14:50:51.972 [FXGL Background Thread 1 ] DEBUG AssetLoader          - Loading from cache: /assets/textures/map_tiles.png
14:50:51.972 [FXGL Background Thread 1 ] DEBUG AssetLoader          - Loading from cache: /assets/textures/map_tiles.png
14:50:51.972 [FXGL Background Thread 1 ] DEBUG AssetLoader          - Loading from cache: /assets/textures/map_tiles.png
14:50:51.972 [FXGL Background Thread 1 ] DEBUG AssetLoader          - Loading from cache: /assets/textures/map_tiles.png
14:50:51.972 [FXGL Background Thread 1 ] DEBUG AssetLoader          - Loading from cache: /assets/textures/map_tiles.png
14:50:51.972 [FXGL Background Thread 1 ] DEBUG AssetLoader          - Loading from cache: /assets/textures/map_tiles.png
14:50:51.972 [FXGL Background Thread 1 ] DEBUG AssetLoader          - Loading from cache: /assets/textures/map_tiles.png
14:50:51.974 [FXGL Background Thread 1 ] DEBUG GameScene            - Creating render group for layer: BACKGROUND(1000)
14:50:52.016 [FXGL Background Thread 1 ] DEBUG GameScene            - Creating render group for layer: DEFAULT(100000)
14:50:52.032 [FXGL Background Thread 1 ] DEBUG AssetLoader          - Loading from disk: /assets/textures/Platformer/stand_sheet.png
14:50:52.044 [FXGL Background Thread 1 ] DEBUG InitAppTask          - Initializing Physics
14:50:52.045 [FXGL Background Thread 1 ] DEBUG InitAppTask          - Initializing UI
14:50:52.045 [FXGL Background Thread 1 ] DEBUG InitAppTask          - Initialization Complete
14:50:52.045 [FXGL Background Thread 1 ] INFO  InitAppTask          - Game initialization took: 0.186 sec
14:50:52.058 [JavaFX Application Thread] DEBUG Input                - Clearing active input actions
14:50:52.063 [JavaFX Application Thread] DEBUG AppStateMachine      - LoadingState -> PlayState
14:51:04.318 [JavaFX Application Thread] DEBUG GameApplication      - Exiting game application
14:51:04.318 [JavaFX Application Thread] DEBUG GameApplication      - Shutting down background threads
14:51:04.319 [JavaFX Application Thread] DEBUG GameApplication      - Exiting FXGL
14:51:04.319 [JavaFX Application Thread] DEBUG FXGL                 - Saving FXGL system data
14:51:04.321 [JavaFX Application Thread] DEBUG DesktopFSService     - Writing to: system\fxgl.bundle
14:51:04.325 [JavaFX Application Thread] DEBUG GameApplication      - Closing logger and exiting JavaFX
