11:00:03.188 [JavaFX Application Thread] DEBUG GameApplication      - Logger initialized
11:00:03.195 [JavaFX Application Thread] DEBUG MainWindow           - Creating a JavaFX scene
11:00:03.296 [JavaFX Application Thread] DEBUG MainWindow           - Target settings size: 700.0 x 490.0
11:00:03.297 [JavaFX Application Thread] DEBUG MainWindow           - Scaled scene size:    700.0 x 490.0
11:00:03.297 [JavaFX Application Thread] DEBUG MainWindow           - Scaled ratio: (1.0, 1.0)
11:00:03.303 [JavaFX Application Thread] DEBUG GameApplication      - Starting FXGL
11:00:03.318 [JavaFX Application Thread] INFO  FXGL                 - FXGL-0.5.1 on DESKTOP
11:00:03.318 [JavaFX Application Thread] INFO  FXGL                 - Source code and latest versions at: https://github.com/AlmasB/FXGL
11:00:03.318 [JavaFX Application Thread] INFO  FXGL                 -              Join the FXGL chat at: https://gitter.im/AlmasB/FXGL
11:00:03.324 [JavaFX Application Thread] DEBUG FS                   - Loaded DesktopFSService
11:00:03.325 [JavaFX Application Thread] DEBUG FXGL                 - Loading FXGL system data
11:00:03.333 [JavaFX Application Thread] DEBUG DesktopFSService     - Reading from: system\fxgl.bundle
11:00:03.340 [JavaFX Application Thread] DEBUG Bundle               - Logging bundle: FXGL
11:00:03.340 [JavaFX Application Thread] DEBUG Bundle               - FXGL.offline.timer.version.check=2018-05-24T09:09:49.283
11:00:03.365 [JavaFX Application Thread] DEBUG GameApplication      - FXGL started
11:00:03.365 [JavaFX Application Thread] DEBUG GameApplication      - Logging game settings
Title: Platformer
Version: 
Width: 700
Height: 490
Fullscreen: false
Intro: false
Menus: false
Profiling: false
Single step:false
App Mode: DEVELOPER
Menu Key: ESCAPE
Stage Style: DECORATED
Scene Factory: class com.almasb.fxgl.scene.SceneFactory
Dialog Factory: class com.almasb.fxgl.ui.FXGLDialogFactory
UI Factory: class com.almasb.fxgl.ui.FXGLUIFactory
Notification Service: class com.almasb.fxgl.gameplay.notification.XboxNotificationView
Exception Handler: class com.almasb.fxgl.app.FXGLExceptionHandler
11:00:03.366 [JavaFX Application Thread] DEBUG GameApplication      - Configuring GameApplication
11:00:03.366 [JavaFX Application Thread] DEBUG GameApplication      - Initializing state machine and application states
11:00:03.381 [JavaFX Application Thread] DEBUG AssetLoader          - Loading from disk: /assets/ui/cursors/fxgl_default.png
11:00:03.400 [JavaFX Application Thread] DEBUG AssetLoader          - Loading from disk: /assets/ui/cursors/fxgl_default.png
11:00:03.417 [JavaFX Application Thread] DEBUG FXGLAssets           - Loading FXGLAssets
11:00:03.442 [JavaFX Application Thread] DEBUG AssetLoader          - Loading from disk: /assets/ui/fonts/VarelaRound-Regular.ttf
11:00:03.572 [JavaFX Application Thread] DEBUG AssetLoader          - Loading from disk: /assets/ui/fonts/lucida_console.ttf
11:00:03.581 [JavaFX Application Thread] DEBUG AssetLoader          - Loading from disk: /assets/ui/css/fxgl_dark.css
11:00:03.604 [JavaFX Application Thread] DEBUG AssetLoader          - Loading from disk: /assets/ui/cursors/fxgl_default.png
11:00:03.630 [JavaFX Application Thread] DEBUG AssetLoader          - Loading from disk: /assets/ui/cursors/fxgl_default.png
11:00:03.644 [JavaFX Application Thread] DEBUG GameScene            - Game scene initialized: 700x490
11:00:03.646 [JavaFX Application Thread] DEBUG GameWorld            - Game world initialized
11:00:03.684 [JavaFX Application Thread] DEBUG PhysicsWorld         - Physics world initialized: appHeight=490, physics.ppm=50.0
11:00:03.698 [JavaFX Application Thread] DEBUG Input                - Registered new binding: Pause - Esc
11:00:03.712 [JavaFX Application Thread] DEBUG Input                - Clearing active input actions
11:00:03.746 [JavaFX Application Thread] DEBUG AppStateMachine      - StartupState -> StartupState
11:00:03.749 [JavaFX Application Thread] INFO  GameApplication      - Game configuration took:  0.383 sec
11:00:03.751 [JavaFX Application Thread] DEBUG AssetLoader          - Loading from disk: /assets/textures/fxgl_icon.png
11:00:03.761 [JavaFX Application Thread] DEBUG MainWindow           - Opening main window
11:00:03.891 [JavaFX Application Thread] DEBUG MainWindow           - Window border size: (4.0, 26.66668701171875)
11:00:03.892 [JavaFX Application Thread] DEBUG MainWindow           - Scaled size: 700.0 x 490.0
11:00:03.892 [JavaFX Application Thread] DEBUG MainWindow           - Scaled ratio: (1.0, 1.0)
11:00:03.892 [JavaFX Application Thread] DEBUG MainWindow           - Scene size: 700.0 x 490.0
11:00:03.892 [JavaFX Application Thread] DEBUG MainWindow           - Stage size: 704.0 x 516.6666870117188
11:00:03.892 [JavaFX Application Thread] DEBUG GameApplication      - Running preInit()
11:00:03.894 [JavaFX Application Thread] DEBUG Input                - Registered new binding: Screenshot - P
11:00:03.894 [JavaFX Application Thread] DEBUG Input                - Registered new binding: Dev Options - CTRL+0
11:00:03.895 [JavaFX Application Thread] DEBUG Input                - Registered new binding: System info dump - CTRL+9
11:00:03.895 [JavaFX Application Thread] DEBUG Input                - Registered new binding: Restart - CTRL+R
11:00:03.899 [JavaFX Application Thread] DEBUG AssetLoader          - Loading from disk: /assets/textures/Platformer/run_sheet.png
11:00:03.937 [JavaFX Application Thread] DEBUG AssetLoader          - Loading from disk: /assets/textures/Platformer/stand_sheet.png
11:00:03.943 [JavaFX Application Thread] DEBUG Input                - Registered new binding: run_right - Right
11:00:03.943 [JavaFX Application Thread] DEBUG Input                - Registered new binding: run_left - Left
11:00:03.943 [JavaFX Application Thread] DEBUG Input                - Registered new binding: jump - Up
11:00:03.974 [JavaFX Application Thread] DEBUG GameApplication      - Starting main loop
11:00:03.975 [JavaFX Application Thread] DEBUG StartupState         - STARTUP
11:00:03.976 [JavaFX Application Thread] DEBUG GameApplication      - Starting new game
11:00:03.976 [JavaFX Application Thread] DEBUG Input                - Clearing active input actions
11:00:03.982 [JavaFX Application Thread] DEBUG AppStateMachine      - StartupState -> LoadingState
11:00:03.987 [FXGL Background Thread 1 ] DEBUG InitAppTask          - Clearing previous game
11:00:03.987 [FXGL Background Thread 1 ] DEBUG GameWorld            - Clearing game world
11:00:03.987 [FXGL Background Thread 1 ] DEBUG PhysicsWorld         - Clearing physics world
11:00:03.988 [FXGL Background Thread 1 ] DEBUG GameScene            - Clearing game scene
11:00:03.989 [FXGL Background Thread 1 ] DEBUG InitAppTask          - Initializing Game
11:00:04.007 [FXGL Background Thread 1 ] DEBUG AssetLoader          - Loading from disk: /assets/tmx/platformer_map_1.tmx
11:00:04.027 [FXGL Background Thread 1 ] WARN  TMXParser            - TiledMap generated from 1.1.5. Supported version: 1.1.2. Some features may not be parsed fully.
11:00:04.049 [FXGL Background Thread 1 ] DEBUG GameWorld            - Clearing removable entities
11:00:04.049 [FXGL Background Thread 1 ] DEBUG GameWorld            - Setting level from map
11:00:04.066 [FXGL Background Thread 1 ] DEBUG AssetLoader          - Loading from disk: /assets/textures/map_tiles.png
11:00:04.080 [FXGL Background Thread 1 ] DEBUG AssetLoader          - Loading from cache: /assets/textures/map_tiles.png
11:00:04.080 [FXGL Background Thread 1 ] DEBUG AssetLoader          - Loading from cache: /assets/textures/map_tiles.png
11:00:04.080 [FXGL Background Thread 1 ] DEBUG AssetLoader          - Loading from cache: /assets/textures/map_tiles.png
11:00:04.080 [FXGL Background Thread 1 ] DEBUG AssetLoader          - Loading from cache: /assets/textures/map_tiles.png
11:00:04.081 [FXGL Background Thread 1 ] DEBUG AssetLoader          - Loading from cache: /assets/textures/map_tiles.png
11:00:04.081 [FXGL Background Thread 1 ] DEBUG AssetLoader          - Loading from cache: /assets/textures/map_tiles.png
11:00:04.081 [FXGL Background Thread 1 ] DEBUG AssetLoader          - Loading from cache: /assets/textures/map_tiles.png
11:00:04.081 [FXGL Background Thread 1 ] DEBUG AssetLoader          - Loading from cache: /assets/textures/map_tiles.png
11:00:04.081 [FXGL Background Thread 1 ] DEBUG AssetLoader          - Loading from cache: /assets/textures/map_tiles.png
11:00:04.081 [FXGL Background Thread 1 ] DEBUG AssetLoader          - Loading from cache: /assets/textures/map_tiles.png
11:00:04.081 [FXGL Background Thread 1 ] DEBUG AssetLoader          - Loading from cache: /assets/textures/map_tiles.png
11:00:04.082 [FXGL Background Thread 1 ] DEBUG AssetLoader          - Loading from cache: /assets/textures/map_tiles.png
11:00:04.082 [FXGL Background Thread 1 ] DEBUG AssetLoader          - Loading from cache: /assets/textures/map_tiles.png
11:00:04.082 [FXGL Background Thread 1 ] DEBUG AssetLoader          - Loading from cache: /assets/textures/map_tiles.png
11:00:04.082 [FXGL Background Thread 1 ] DEBUG AssetLoader          - Loading from cache: /assets/textures/map_tiles.png
11:00:04.082 [FXGL Background Thread 1 ] DEBUG AssetLoader          - Loading from cache: /assets/textures/map_tiles.png
11:00:04.082 [FXGL Background Thread 1 ] DEBUG AssetLoader          - Loading from cache: /assets/textures/map_tiles.png
11:00:04.083 [FXGL Background Thread 1 ] DEBUG AssetLoader          - Loading from cache: /assets/textures/map_tiles.png
11:00:04.083 [FXGL Background Thread 1 ] DEBUG AssetLoader          - Loading from cache: /assets/textures/map_tiles.png
11:00:04.083 [FXGL Background Thread 1 ] DEBUG AssetLoader          - Loading from cache: /assets/textures/map_tiles.png
11:00:04.083 [FXGL Background Thread 1 ] DEBUG AssetLoader          - Loading from cache: /assets/textures/map_tiles.png
11:00:04.083 [FXGL Background Thread 1 ] DEBUG AssetLoader          - Loading from cache: /assets/textures/map_tiles.png
11:00:04.083 [FXGL Background Thread 1 ] DEBUG AssetLoader          - Loading from cache: /assets/textures/map_tiles.png
11:00:04.083 [FXGL Background Thread 1 ] DEBUG AssetLoader          - Loading from cache: /assets/textures/map_tiles.png
11:00:04.083 [FXGL Background Thread 1 ] DEBUG AssetLoader          - Loading from cache: /assets/textures/map_tiles.png
11:00:04.084 [FXGL Background Thread 1 ] DEBUG AssetLoader          - Loading from cache: /assets/textures/map_tiles.png
11:00:04.084 [FXGL Background Thread 1 ] DEBUG AssetLoader          - Loading from cache: /assets/textures/map_tiles.png
11:00:04.084 [FXGL Background Thread 1 ] DEBUG AssetLoader          - Loading from cache: /assets/textures/map_tiles.png
11:00:04.084 [FXGL Background Thread 1 ] DEBUG AssetLoader          - Loading from cache: /assets/textures/map_tiles.png
11:00:04.084 [FXGL Background Thread 1 ] DEBUG AssetLoader          - Loading from cache: /assets/textures/map_tiles.png
11:00:04.084 [FXGL Background Thread 1 ] DEBUG AssetLoader          - Loading from cache: /assets/textures/map_tiles.png
11:00:04.084 [FXGL Background Thread 1 ] DEBUG AssetLoader          - Loading from cache: /assets/textures/map_tiles.png
11:00:04.085 [FXGL Background Thread 1 ] DEBUG AssetLoader          - Loading from cache: /assets/textures/map_tiles.png
11:00:04.085 [FXGL Background Thread 1 ] DEBUG AssetLoader          - Loading from cache: /assets/textures/map_tiles.png
11:00:04.085 [FXGL Background Thread 1 ] DEBUG AssetLoader          - Loading from cache: /assets/textures/map_tiles.png
11:00:04.085 [FXGL Background Thread 1 ] DEBUG AssetLoader          - Loading from cache: /assets/textures/map_tiles.png
11:00:04.085 [FXGL Background Thread 1 ] DEBUG AssetLoader          - Loading from cache: /assets/textures/map_tiles.png
11:00:04.085 [FXGL Background Thread 1 ] DEBUG AssetLoader          - Loading from cache: /assets/textures/map_tiles.png
11:00:04.086 [FXGL Background Thread 1 ] DEBUG AssetLoader          - Loading from cache: /assets/textures/map_tiles.png
11:00:04.086 [FXGL Background Thread 1 ] DEBUG AssetLoader          - Loading from cache: /assets/textures/map_tiles.png
11:00:04.086 [FXGL Background Thread 1 ] DEBUG AssetLoader          - Loading from cache: /assets/textures/map_tiles.png
11:00:04.086 [FXGL Background Thread 1 ] DEBUG AssetLoader          - Loading from cache: /assets/textures/map_tiles.png
11:00:04.087 [FXGL Background Thread 1 ] DEBUG AssetLoader          - Loading from cache: /assets/textures/map_tiles.png
11:00:04.087 [FXGL Background Thread 1 ] DEBUG AssetLoader          - Loading from cache: /assets/textures/map_tiles.png
11:00:04.087 [FXGL Background Thread 1 ] DEBUG AssetLoader          - Loading from cache: /assets/textures/map_tiles.png
11:00:04.087 [FXGL Background Thread 1 ] DEBUG AssetLoader          - Loading from cache: /assets/textures/map_tiles.png
11:00:04.087 [FXGL Background Thread 1 ] DEBUG AssetLoader          - Loading from cache: /assets/textures/map_tiles.png
11:00:04.088 [FXGL Background Thread 1 ] DEBUG AssetLoader          - Loading from cache: /assets/textures/map_tiles.png
11:00:04.088 [FXGL Background Thread 1 ] DEBUG AssetLoader          - Loading from cache: /assets/textures/map_tiles.png
11:00:04.088 [FXGL Background Thread 1 ] DEBUG AssetLoader          - Loading from cache: /assets/textures/map_tiles.png
11:00:04.088 [FXGL Background Thread 1 ] DEBUG AssetLoader          - Loading from cache: /assets/textures/map_tiles.png
11:00:04.088 [FXGL Background Thread 1 ] DEBUG AssetLoader          - Loading from cache: /assets/textures/map_tiles.png
11:00:04.088 [FXGL Background Thread 1 ] DEBUG AssetLoader          - Loading from cache: /assets/textures/map_tiles.png
11:00:04.089 [FXGL Background Thread 1 ] DEBUG AssetLoader          - Loading from cache: /assets/textures/map_tiles.png
11:00:04.089 [FXGL Background Thread 1 ] DEBUG AssetLoader          - Loading from cache: /assets/textures/map_tiles.png
11:00:04.089 [FXGL Background Thread 1 ] DEBUG AssetLoader          - Loading from cache: /assets/textures/map_tiles.png
11:00:04.089 [FXGL Background Thread 1 ] DEBUG AssetLoader          - Loading from cache: /assets/textures/map_tiles.png
11:00:04.089 [FXGL Background Thread 1 ] DEBUG AssetLoader          - Loading from cache: /assets/textures/map_tiles.png
11:00:04.089 [FXGL Background Thread 1 ] DEBUG AssetLoader          - Loading from cache: /assets/textures/map_tiles.png
11:00:04.089 [FXGL Background Thread 1 ] DEBUG AssetLoader          - Loading from cache: /assets/textures/map_tiles.png
11:00:04.089 [FXGL Background Thread 1 ] DEBUG AssetLoader          - Loading from cache: /assets/textures/map_tiles.png
11:00:04.090 [FXGL Background Thread 1 ] DEBUG AssetLoader          - Loading from cache: /assets/textures/map_tiles.png
11:00:04.092 [FXGL Background Thread 1 ] DEBUG GameScene            - Creating render group for layer: BACKGROUND(1000)
11:00:04.135 [FXGL Background Thread 1 ] DEBUG GameScene            - Creating render group for layer: DEFAULT(100000)
11:00:04.152 [FXGL Background Thread 1 ] DEBUG AssetLoader          - Loading from cache: /assets/textures/Platformer/stand_sheet.png
11:00:04.153 [FXGL Background Thread 1 ] DEBUG InitAppTask          - Initializing Physics
11:00:04.153 [FXGL Background Thread 1 ] DEBUG InitAppTask          - Initializing UI
11:00:04.153 [FXGL Background Thread 1 ] DEBUG InitAppTask          - Initialization Complete
11:00:04.153 [FXGL Background Thread 1 ] INFO  InitAppTask          - Game initialization took: 0.166 sec
11:00:04.155 [JavaFX Application Thread] DEBUG Input                - Clearing active input actions
11:00:04.160 [JavaFX Application Thread] DEBUG AppStateMachine      - LoadingState -> PlayState
11:00:14.496 [JavaFX Application Thread] DEBUG GameApplication      - Exiting game application
11:00:14.498 [JavaFX Application Thread] DEBUG GameApplication      - Shutting down background threads
11:00:14.498 [JavaFX Application Thread] DEBUG GameApplication      - Exiting FXGL
11:00:14.498 [JavaFX Application Thread] DEBUG FXGL                 - Saving FXGL system data
11:00:14.500 [JavaFX Application Thread] DEBUG DesktopFSService     - Writing to: system\fxgl.bundle
11:00:14.503 [JavaFX Application Thread] DEBUG GameApplication      - Closing logger and exiting JavaFX
