10:28:17.040 [JavaFX Application Thread] DEBUG GameApplication      - Logger initialized
10:28:17.046 [JavaFX Application Thread] DEBUG MainWindow           - Creating a JavaFX scene
10:28:17.124 [JavaFX Application Thread] DEBUG MainWindow           - Target settings size: 700.0 x 490.0
10:28:17.124 [JavaFX Application Thread] DEBUG MainWindow           - Scaled scene size:    700.0 x 490.0
10:28:17.124 [JavaFX Application Thread] DEBUG MainWindow           - Scaled ratio: (1.0, 1.0)
10:28:17.130 [JavaFX Application Thread] DEBUG GameApplication      - Starting FXGL
10:28:17.144 [JavaFX Application Thread] INFO  FXGL                 - FXGL-0.5.1 on DESKTOP
10:28:17.144 [JavaFX Application Thread] INFO  FXGL                 - Source code and latest versions at: https://github.com/AlmasB/FXGL
10:28:17.144 [JavaFX Application Thread] INFO  FXGL                 -              Join the FXGL chat at: https://gitter.im/AlmasB/FXGL
10:28:17.151 [JavaFX Application Thread] DEBUG FS                   - Loaded DesktopFSService
10:28:17.152 [JavaFX Application Thread] DEBUG FXGL                 - Loading FXGL system data
10:28:17.160 [JavaFX Application Thread] DEBUG DesktopFSService     - Reading from: system\fxgl.bundle
10:28:17.167 [JavaFX Application Thread] DEBUG Bundle               - Logging bundle: FXGL
10:28:17.168 [JavaFX Application Thread] DEBUG Bundle               - FXGL.offline.timer.version.check=2018-05-24T09:09:49.283
10:28:17.191 [JavaFX Application Thread] DEBUG GameApplication      - FXGL started
10:28:17.191 [JavaFX Application Thread] DEBUG GameApplication      - Logging game settings
Title: Platformer
Version: 
Width: 700
Height: 490
Fullscreen: false
Intro: false
Menus: false
Profiling: false
Single step:false
App Mode: DEVELOPER
Menu Key: ESCAPE
Stage Style: DECORATED
Scene Factory: class com.almasb.fxgl.scene.SceneFactory
Dialog Factory: class com.almasb.fxgl.ui.FXGLDialogFactory
UI Factory: class com.almasb.fxgl.ui.FXGLUIFactory
Notification Service: class com.almasb.fxgl.gameplay.notification.XboxNotificationView
Exception Handler: class com.almasb.fxgl.app.FXGLExceptionHandler
10:28:17.192 [JavaFX Application Thread] DEBUG GameApplication      - Configuring GameApplication
10:28:17.192 [JavaFX Application Thread] DEBUG GameApplication      - Initializing state machine and application states
10:28:17.205 [JavaFX Application Thread] DEBUG AssetLoader          - Loading from disk: /assets/ui/cursors/fxgl_default.png
10:28:17.222 [JavaFX Application Thread] DEBUG AssetLoader          - Loading from disk: /assets/ui/cursors/fxgl_default.png
10:28:17.239 [JavaFX Application Thread] DEBUG FXGLAssets           - Loading FXGLAssets
10:28:17.262 [JavaFX Application Thread] DEBUG AssetLoader          - Loading from disk: /assets/ui/fonts/VarelaRound-Regular.ttf
10:28:17.380 [JavaFX Application Thread] DEBUG AssetLoader          - Loading from disk: /assets/ui/fonts/lucida_console.ttf
10:28:17.389 [JavaFX Application Thread] DEBUG AssetLoader          - Loading from disk: /assets/ui/css/fxgl_dark.css
10:28:17.412 [JavaFX Application Thread] DEBUG AssetLoader          - Loading from disk: /assets/ui/cursors/fxgl_default.png
10:28:17.438 [JavaFX Application Thread] DEBUG AssetLoader          - Loading from disk: /assets/ui/cursors/fxgl_default.png
10:28:17.451 [JavaFX Application Thread] DEBUG GameScene            - Game scene initialized: 700x490
10:28:17.453 [JavaFX Application Thread] DEBUG GameWorld            - Game world initialized
10:28:17.491 [JavaFX Application Thread] DEBUG PhysicsWorld         - Physics world initialized: appHeight=490, physics.ppm=50.0
10:28:17.505 [JavaFX Application Thread] DEBUG Input                - Registered new binding: Pause - Esc
10:28:17.519 [JavaFX Application Thread] DEBUG Input                - Clearing active input actions
10:28:17.554 [JavaFX Application Thread] DEBUG AppStateMachine      - StartupState -> StartupState
10:28:17.558 [JavaFX Application Thread] INFO  GameApplication      - Game configuration took:  0.366 sec
10:28:17.560 [JavaFX Application Thread] DEBUG AssetLoader          - Loading from disk: /assets/textures/fxgl_icon.png
10:28:17.570 [JavaFX Application Thread] DEBUG MainWindow           - Opening main window
10:28:17.700 [JavaFX Application Thread] DEBUG MainWindow           - Window border size: (4.0, 26.66668701171875)
10:28:17.701 [JavaFX Application Thread] DEBUG MainWindow           - Scaled size: 700.0 x 490.0
10:28:17.701 [JavaFX Application Thread] DEBUG MainWindow           - Scaled ratio: (1.0, 1.0)
10:28:17.701 [JavaFX Application Thread] DEBUG MainWindow           - Scene size: 700.0 x 490.0
10:28:17.701 [JavaFX Application Thread] DEBUG MainWindow           - Stage size: 704.0 x 516.6666870117188
10:28:17.701 [JavaFX Application Thread] DEBUG GameApplication      - Running preInit()
10:28:17.703 [JavaFX Application Thread] DEBUG Input                - Registered new binding: Screenshot - P
10:28:17.704 [JavaFX Application Thread] DEBUG Input                - Registered new binding: Dev Options - CTRL+0
10:28:17.705 [JavaFX Application Thread] DEBUG Input                - Registered new binding: System info dump - CTRL+9
10:28:17.705 [JavaFX Application Thread] DEBUG Input                - Registered new binding: Restart - CTRL+R
10:28:17.705 [JavaFX Application Thread] DEBUG Input                - Registered new binding: run_right - Right
10:28:17.730 [JavaFX Application Thread] DEBUG GameApplication      - Starting main loop
10:28:17.732 [JavaFX Application Thread] DEBUG StartupState         - STARTUP
10:28:17.732 [JavaFX Application Thread] DEBUG GameApplication      - Starting new game
10:28:17.732 [JavaFX Application Thread] DEBUG Input                - Clearing active input actions
10:28:17.738 [JavaFX Application Thread] DEBUG AppStateMachine      - StartupState -> LoadingState
10:28:17.742 [FXGL Background Thread 1 ] DEBUG InitAppTask          - Clearing previous game
10:28:17.742 [FXGL Background Thread 1 ] DEBUG GameWorld            - Clearing game world
10:28:17.742 [FXGL Background Thread 1 ] DEBUG PhysicsWorld         - Clearing physics world
10:28:17.742 [FXGL Background Thread 1 ] DEBUG GameScene            - Clearing game scene
10:28:17.743 [FXGL Background Thread 1 ] DEBUG InitAppTask          - Initializing Game
10:28:17.759 [FXGL Background Thread 1 ] DEBUG AssetLoader          - Loading from disk: /assets/tmx/platformer_map_1.tmx
10:28:17.777 [FXGL Background Thread 1 ] WARN  TMXParser            - TiledMap generated from 1.1.5. Supported version: 1.1.2. Some features may not be parsed fully.
10:28:17.804 [FXGL Background Thread 1 ] DEBUG GameWorld            - Clearing removable entities
10:28:17.805 [FXGL Background Thread 1 ] DEBUG GameWorld            - Setting level from map
10:28:17.823 [FXGL Background Thread 1 ] DEBUG AssetLoader          - Loading from disk: /assets/textures/map_tiles.png
10:28:17.841 [FXGL Background Thread 1 ] DEBUG AssetLoader          - Loading from cache: /assets/textures/map_tiles.png
10:28:17.842 [FXGL Background Thread 1 ] DEBUG AssetLoader          - Loading from cache: /assets/textures/map_tiles.png
10:28:17.842 [FXGL Background Thread 1 ] DEBUG AssetLoader          - Loading from cache: /assets/textures/map_tiles.png
10:28:17.842 [FXGL Background Thread 1 ] DEBUG AssetLoader          - Loading from cache: /assets/textures/map_tiles.png
10:28:17.842 [FXGL Background Thread 1 ] DEBUG AssetLoader          - Loading from cache: /assets/textures/map_tiles.png
10:28:17.842 [FXGL Background Thread 1 ] DEBUG AssetLoader          - Loading from cache: /assets/textures/map_tiles.png
10:28:17.842 [FXGL Background Thread 1 ] DEBUG AssetLoader          - Loading from cache: /assets/textures/map_tiles.png
10:28:17.843 [FXGL Background Thread 1 ] DEBUG AssetLoader          - Loading from cache: /assets/textures/map_tiles.png
10:28:17.843 [FXGL Background Thread 1 ] DEBUG AssetLoader          - Loading from cache: /assets/textures/map_tiles.png
10:28:17.843 [FXGL Background Thread 1 ] DEBUG AssetLoader          - Loading from cache: /assets/textures/map_tiles.png
10:28:17.843 [FXGL Background Thread 1 ] DEBUG AssetLoader          - Loading from cache: /assets/textures/map_tiles.png
10:28:17.843 [FXGL Background Thread 1 ] DEBUG AssetLoader          - Loading from cache: /assets/textures/map_tiles.png
10:28:17.843 [FXGL Background Thread 1 ] DEBUG AssetLoader          - Loading from cache: /assets/textures/map_tiles.png
10:28:17.843 [FXGL Background Thread 1 ] DEBUG AssetLoader          - Loading from cache: /assets/textures/map_tiles.png
10:28:17.843 [FXGL Background Thread 1 ] DEBUG AssetLoader          - Loading from cache: /assets/textures/map_tiles.png
10:28:17.844 [FXGL Background Thread 1 ] DEBUG AssetLoader          - Loading from cache: /assets/textures/map_tiles.png
10:28:17.844 [FXGL Background Thread 1 ] DEBUG AssetLoader          - Loading from cache: /assets/textures/map_tiles.png
10:28:17.844 [FXGL Background Thread 1 ] DEBUG AssetLoader          - Loading from cache: /assets/textures/map_tiles.png
10:28:17.844 [FXGL Background Thread 1 ] DEBUG AssetLoader          - Loading from cache: /assets/textures/map_tiles.png
10:28:17.844 [FXGL Background Thread 1 ] DEBUG AssetLoader          - Loading from cache: /assets/textures/map_tiles.png
10:28:17.844 [FXGL Background Thread 1 ] DEBUG AssetLoader          - Loading from cache: /assets/textures/map_tiles.png
10:28:17.844 [FXGL Background Thread 1 ] DEBUG AssetLoader          - Loading from cache: /assets/textures/map_tiles.png
10:28:17.844 [FXGL Background Thread 1 ] DEBUG AssetLoader          - Loading from cache: /assets/textures/map_tiles.png
10:28:17.844 [FXGL Background Thread 1 ] DEBUG AssetLoader          - Loading from cache: /assets/textures/map_tiles.png
10:28:17.845 [FXGL Background Thread 1 ] DEBUG AssetLoader          - Loading from cache: /assets/textures/map_tiles.png
10:28:17.845 [FXGL Background Thread 1 ] DEBUG AssetLoader          - Loading from cache: /assets/textures/map_tiles.png
10:28:17.845 [FXGL Background Thread 1 ] DEBUG AssetLoader          - Loading from cache: /assets/textures/map_tiles.png
10:28:17.845 [FXGL Background Thread 1 ] DEBUG AssetLoader          - Loading from cache: /assets/textures/map_tiles.png
10:28:17.845 [FXGL Background Thread 1 ] DEBUG AssetLoader          - Loading from cache: /assets/textures/map_tiles.png
10:28:17.845 [FXGL Background Thread 1 ] DEBUG AssetLoader          - Loading from cache: /assets/textures/map_tiles.png
10:28:17.845 [FXGL Background Thread 1 ] DEBUG AssetLoader          - Loading from cache: /assets/textures/map_tiles.png
10:28:17.845 [FXGL Background Thread 1 ] DEBUG AssetLoader          - Loading from cache: /assets/textures/map_tiles.png
10:28:17.845 [FXGL Background Thread 1 ] DEBUG AssetLoader          - Loading from cache: /assets/textures/map_tiles.png
10:28:17.845 [FXGL Background Thread 1 ] DEBUG AssetLoader          - Loading from cache: /assets/textures/map_tiles.png
10:28:17.846 [FXGL Background Thread 1 ] DEBUG AssetLoader          - Loading from cache: /assets/textures/map_tiles.png
10:28:17.846 [FXGL Background Thread 1 ] DEBUG AssetLoader          - Loading from cache: /assets/textures/map_tiles.png
10:28:17.846 [FXGL Background Thread 1 ] DEBUG AssetLoader          - Loading from cache: /assets/textures/map_tiles.png
10:28:17.846 [FXGL Background Thread 1 ] DEBUG AssetLoader          - Loading from cache: /assets/textures/map_tiles.png
10:28:17.846 [FXGL Background Thread 1 ] DEBUG AssetLoader          - Loading from cache: /assets/textures/map_tiles.png
10:28:17.846 [FXGL Background Thread 1 ] DEBUG AssetLoader          - Loading from cache: /assets/textures/map_tiles.png
10:28:17.846 [FXGL Background Thread 1 ] DEBUG AssetLoader          - Loading from cache: /assets/textures/map_tiles.png
10:28:17.847 [FXGL Background Thread 1 ] DEBUG AssetLoader          - Loading from cache: /assets/textures/map_tiles.png
10:28:17.847 [FXGL Background Thread 1 ] DEBUG AssetLoader          - Loading from cache: /assets/textures/map_tiles.png
10:28:17.847 [FXGL Background Thread 1 ] DEBUG AssetLoader          - Loading from cache: /assets/textures/map_tiles.png
10:28:17.847 [FXGL Background Thread 1 ] DEBUG AssetLoader          - Loading from cache: /assets/textures/map_tiles.png
10:28:17.847 [FXGL Background Thread 1 ] DEBUG AssetLoader          - Loading from cache: /assets/textures/map_tiles.png
10:28:17.847 [FXGL Background Thread 1 ] DEBUG AssetLoader          - Loading from cache: /assets/textures/map_tiles.png
10:28:17.847 [FXGL Background Thread 1 ] DEBUG AssetLoader          - Loading from cache: /assets/textures/map_tiles.png
10:28:17.847 [FXGL Background Thread 1 ] DEBUG AssetLoader          - Loading from cache: /assets/textures/map_tiles.png
10:28:17.847 [FXGL Background Thread 1 ] DEBUG AssetLoader          - Loading from cache: /assets/textures/map_tiles.png
10:28:17.848 [FXGL Background Thread 1 ] DEBUG AssetLoader          - Loading from cache: /assets/textures/map_tiles.png
10:28:17.848 [FXGL Background Thread 1 ] DEBUG AssetLoader          - Loading from cache: /assets/textures/map_tiles.png
10:28:17.848 [FXGL Background Thread 1 ] DEBUG AssetLoader          - Loading from cache: /assets/textures/map_tiles.png
10:28:17.848 [FXGL Background Thread 1 ] DEBUG AssetLoader          - Loading from cache: /assets/textures/map_tiles.png
10:28:17.848 [FXGL Background Thread 1 ] DEBUG AssetLoader          - Loading from cache: /assets/textures/map_tiles.png
10:28:17.848 [FXGL Background Thread 1 ] DEBUG AssetLoader          - Loading from cache: /assets/textures/map_tiles.png
10:28:17.848 [FXGL Background Thread 1 ] DEBUG AssetLoader          - Loading from cache: /assets/textures/map_tiles.png
10:28:17.848 [FXGL Background Thread 1 ] DEBUG AssetLoader          - Loading from cache: /assets/textures/map_tiles.png
10:28:17.848 [FXGL Background Thread 1 ] DEBUG AssetLoader          - Loading from cache: /assets/textures/map_tiles.png
10:28:17.848 [FXGL Background Thread 1 ] DEBUG AssetLoader          - Loading from cache: /assets/textures/map_tiles.png
10:28:17.849 [FXGL Background Thread 1 ] DEBUG AssetLoader          - Loading from cache: /assets/textures/map_tiles.png
10:28:17.849 [FXGL Background Thread 1 ] DEBUG AssetLoader          - Loading from cache: /assets/textures/map_tiles.png
10:28:17.850 [FXGL Background Thread 1 ] DEBUG GameScene            - Creating render group for layer: BACKGROUND(1000)
10:28:17.890 [FXGL Background Thread 1 ] DEBUG GameScene            - Creating render group for layer: DEFAULT(100000)
10:28:17.907 [FXGL Background Thread 1 ] DEBUG AssetLoader          - Loading from disk: /assets/textures/Platformer/stand_sheet.png
10:28:17.920 [FXGL Background Thread 1 ] DEBUG InitAppTask          - Initializing Physics
10:28:17.920 [FXGL Background Thread 1 ] DEBUG InitAppTask          - Initializing UI
10:28:17.920 [FXGL Background Thread 1 ] DEBUG InitAppTask          - Initialization Complete
10:28:17.921 [FXGL Background Thread 1 ] INFO  InitAppTask          - Game initialization took: 0.179 sec
10:28:17.930 [JavaFX Application Thread] DEBUG Input                - Clearing active input actions
10:28:17.936 [JavaFX Application Thread] DEBUG AppStateMachine      - LoadingState -> PlayState
10:28:27.677 [JavaFX Application Thread] DEBUG GameApplication      - Exiting game application
10:28:27.678 [JavaFX Application Thread] DEBUG GameApplication      - Shutting down background threads
10:28:27.678 [JavaFX Application Thread] DEBUG GameApplication      - Exiting FXGL
10:28:27.678 [JavaFX Application Thread] DEBUG FXGL                 - Saving FXGL system data
10:28:27.680 [JavaFX Application Thread] DEBUG DesktopFSService     - Writing to: system\fxgl.bundle
10:28:27.683 [JavaFX Application Thread] DEBUG GameApplication      - Closing logger and exiting JavaFX
