11:08:53.063 [JavaFX Application Thread] DEBUG GameApplication      - Logger initialized
11:08:53.070 [JavaFX Application Thread] DEBUG MainWindow           - Creating a JavaFX scene
11:08:53.147 [JavaFX Application Thread] DEBUG MainWindow           - Target settings size: 800.0 x 470.0
11:08:53.148 [JavaFX Application Thread] DEBUG MainWindow           - Scaled scene size:    800.0 x 470.0
11:08:53.148 [JavaFX Application Thread] DEBUG MainWindow           - Scaled ratio: (1.0, 1.0)
11:08:53.153 [JavaFX Application Thread] DEBUG GameApplication      - Starting FXGL
11:08:53.164 [JavaFX Application Thread] INFO  FXGL                 - FXGL-0.5.1 on DESKTOP
11:08:53.164 [JavaFX Application Thread] INFO  FXGL                 - Source code and latest versions at: https://github.com/AlmasB/FXGL
11:08:53.165 [JavaFX Application Thread] INFO  FXGL                 -              Join the FXGL chat at: https://gitter.im/AlmasB/FXGL
11:08:53.170 [JavaFX Application Thread] DEBUG FS                   - Loaded DesktopFSService
11:08:53.170 [JavaFX Application Thread] DEBUG FXGL                 - Loading FXGL system data
11:08:53.177 [JavaFX Application Thread] DEBUG DesktopFSService     - Reading from: system\fxgl.bundle
11:08:53.185 [JavaFX Application Thread] DEBUG Bundle               - Logging bundle: FXGL
11:08:53.185 [JavaFX Application Thread] DEBUG Bundle               - FXGL.offline.timer.version.check=2018-05-16T18:22:51.838
11:08:53.208 [JavaFX Application Thread] DEBUG GameApplication      - FXGL started
11:08:53.208 [JavaFX Application Thread] DEBUG GameApplication      - Logging game settings
Title: Frogger
Version: 0.2.0
Width: 800
Height: 470
Fullscreen: false
Intro: false
Menus: false
Profiling: false
Single step:false
App Mode: DEVELOPER
Menu Key: ESCAPE
Stage Style: DECORATED
Scene Factory: class com.almasb.fxgl.scene.SceneFactory
Dialog Factory: class com.almasb.fxgl.ui.FXGLDialogFactory
UI Factory: class com.almasb.fxgl.ui.FXGLUIFactory
Notification Service: class com.almasb.fxgl.gameplay.notification.XboxNotificationView
Exception Handler: class com.almasb.fxgl.app.FXGLExceptionHandler
11:08:53.209 [JavaFX Application Thread] DEBUG GameApplication      - Configuring GameApplication
11:08:53.209 [JavaFX Application Thread] DEBUG GameApplication      - Initializing state machine and application states
11:08:53.220 [JavaFX Application Thread] DEBUG AssetLoader          - Loading from disk: /assets/ui/cursors/fxgl_default.png
11:08:53.237 [JavaFX Application Thread] DEBUG AssetLoader          - Loading from disk: /assets/ui/cursors/fxgl_default.png
11:08:53.255 [JavaFX Application Thread] DEBUG FXGLAssets           - Loading FXGLAssets
11:08:53.280 [JavaFX Application Thread] DEBUG AssetLoader          - Loading from disk: /assets/ui/fonts/VarelaRound-Regular.ttf
11:08:53.414 [JavaFX Application Thread] DEBUG AssetLoader          - Loading from disk: /assets/ui/fonts/lucida_console.ttf
11:08:53.423 [JavaFX Application Thread] DEBUG AssetLoader          - Loading from disk: /assets/ui/css/fxgl_dark.css
11:08:53.446 [JavaFX Application Thread] DEBUG AssetLoader          - Loading from disk: /assets/ui/cursors/fxgl_default.png
11:08:53.471 [JavaFX Application Thread] DEBUG AssetLoader          - Loading from disk: /assets/ui/cursors/fxgl_default.png
11:08:53.485 [JavaFX Application Thread] DEBUG GameScene            - Game scene initialized: 800x470
11:08:53.487 [JavaFX Application Thread] DEBUG GameWorld            - Game world initialized
11:08:53.523 [JavaFX Application Thread] DEBUG PhysicsWorld         - Physics world initialized: appHeight=470, physics.ppm=50.0
11:08:53.538 [JavaFX Application Thread] DEBUG Input                - Registered new binding: Pause - Esc
11:08:53.552 [JavaFX Application Thread] DEBUG Input                - Clearing active input actions
11:08:53.583 [JavaFX Application Thread] DEBUG AppStateMachine      - StartupState -> StartupState
11:08:53.587 [JavaFX Application Thread] INFO  GameApplication      - Game configuration took:  0.378 sec
11:08:53.588 [JavaFX Application Thread] DEBUG AssetLoader          - Loading from disk: /assets/textures/fxgl_icon.png
11:08:53.599 [JavaFX Application Thread] DEBUG MainWindow           - Opening main window
11:08:53.726 [JavaFX Application Thread] DEBUG MainWindow           - Window border size: (4.0, 26.666656494140625)
11:08:53.726 [JavaFX Application Thread] DEBUG MainWindow           - Scaled size: 800.0 x 470.0
11:08:53.726 [JavaFX Application Thread] DEBUG MainWindow           - Scaled ratio: (1.0, 1.0)
11:08:53.727 [JavaFX Application Thread] DEBUG MainWindow           - Scene size: 800.0 x 470.0
11:08:53.727 [JavaFX Application Thread] DEBUG MainWindow           - Stage size: 804.0 x 496.6666564941406
11:08:53.727 [JavaFX Application Thread] DEBUG GameApplication      - Running preInit()
11:08:53.728 [JavaFX Application Thread] DEBUG Input                - Registered new binding: Screenshot - P
11:08:53.729 [JavaFX Application Thread] DEBUG Input                - Registered new binding: Dev Options - CTRL+0
11:08:53.729 [JavaFX Application Thread] DEBUG Input                - Registered new binding: System info dump - CTRL+9
11:08:53.730 [JavaFX Application Thread] DEBUG Input                - Registered new binding: Restart - CTRL+R
11:08:53.730 [JavaFX Application Thread] DEBUG Input                - Registered new binding: up - W
11:08:53.730 [JavaFX Application Thread] DEBUG Input                - Registered new binding: down - S
11:08:53.730 [JavaFX Application Thread] DEBUG Input                - Registered new binding: left - A
11:08:53.730 [JavaFX Application Thread] DEBUG Input                - Registered new binding: right - D
11:08:53.730 [JavaFX Application Thread] DEBUG Input                - Registered new binding: test - Space
11:08:53.759 [JavaFX Application Thread] DEBUG GameApplication      - Starting main loop
11:08:53.760 [JavaFX Application Thread] DEBUG StartupState         - STARTUP
11:08:53.761 [JavaFX Application Thread] DEBUG GameApplication      - Starting new game
11:08:53.761 [JavaFX Application Thread] DEBUG Input                - Clearing active input actions
11:08:53.767 [JavaFX Application Thread] DEBUG AppStateMachine      - StartupState -> LoadingState
11:08:53.771 [FXGL Background Thread 1 ] DEBUG InitAppTask          - Clearing previous game
11:08:53.771 [FXGL Background Thread 1 ] DEBUG GameWorld            - Clearing game world
11:08:53.772 [FXGL Background Thread 1 ] DEBUG PhysicsWorld         - Clearing physics world
11:08:53.772 [FXGL Background Thread 1 ] DEBUG GameScene            - Clearing game scene
11:08:53.773 [FXGL Background Thread 1 ] DEBUG InitAppTask          - Initializing Game
11:08:53.818 [FXGL Background Thread 1 ] DEBUG AssetLoader          - Loading from disk: /assets/textures/Frogger/frog_idle.png
11:08:53.827 [FXGL Background Thread 1 ] DEBUG GameScene            - Creating render group for layer: DEFAULT(100000)
11:08:53.828 [FXGL Background Thread 1 ] DEBUG InitAppTask          - Initializing Physics
11:08:53.828 [FXGL Background Thread 1 ] DEBUG InitAppTask          - Initializing UI
11:08:53.828 [FXGL Background Thread 1 ] DEBUG AssetLoader          - Loading from disk: /assets/textures/Frogger/background.jpg
11:08:53.837 [FXGL Background Thread 1 ] DEBUG InitAppTask          - Initialization Complete
11:08:53.837 [FXGL Background Thread 1 ] INFO  InitAppTask          - Game initialization took: 0.066 sec
11:08:53.842 [JavaFX Application Thread] DEBUG Input                - Clearing active input actions
11:08:53.847 [JavaFX Application Thread] DEBUG AppStateMachine      - LoadingState -> PlayState
11:08:54.441 [JavaFX Application Thread] DEBUG Input                - Mocking key release: Space
11:08:54.442 [JavaFX Application Thread] DEBUG AssetLoader          - Loading from disk: /assets/textures/Frogger/sinking_frog.png
11:08:55.680 [JavaFX Application Thread] DEBUG Input                - Mocking key release: Space
11:08:55.680 [JavaFX Application Thread] DEBUG AssetLoader          - Loading from cache: /assets/textures/Frogger/sinking_frog.png
11:08:55.747 [JavaFX Application Thread] FATAL GameApplication      - Uncaught Exception:

Fatal exception occurred: java.lang.NullPointerException : null
E: com.almasb.fxgl.entity.components.ViewComponent.lambda$setAnimatedTexture$0(ViewComponent.java:175)
E: com.almasb.fxgl.texture.AnimatedTexture.onCycleFinished(AnimatedTexture.kt:141)
E: com.almasb.fxgl.texture.AnimatedTexture.onUpdate(AnimatedTexture.kt:123)
E: com.almasb.fxgl.app.State.update(State.java:76)
E: com.almasb.fxgl.app.AppStateMachine.onUpdate(AppStateMachine.java:100)
E: com.almasb.fxgl.app.GameApplication.stepLoop(GameApplication.java:382)
E: com.almasb.fxgl.app.GameApplication$2.handle(GameApplication.java:348)
E: javafx.animation.AnimationTimer$AnimationTimerReceiver.lambda$handle$485(AnimationTimer.java:57)
E: java.security.AccessController.doPrivileged(Native Method)
E: javafx.animation.AnimationTimer$AnimationTimerReceiver.handle(AnimationTimer.java:56)
E: com.sun.scenario.animation.AbstractMasterTimer.timePulseImpl(AbstractMasterTimer.java:357)
E: com.sun.scenario.animation.AbstractMasterTimer$MainLoop.run(AbstractMasterTimer.java:267)
E: com.sun.javafx.tk.quantum.QuantumToolkit.pulse(QuantumToolkit.java:514)
E: com.sun.javafx.tk.quantum.QuantumToolkit.pulse(QuantumToolkit.java:498)
E: com.sun.javafx.tk.quantum.QuantumToolkit.pulseFromQueue(QuantumToolkit.java:491)
E: com.sun.javafx.tk.quantum.QuantumToolkit.lambda$runToolkit$403(QuantumToolkit.java:319)
E: com.sun.glass.ui.InvokeLaterDispatcher$Future.run(InvokeLaterDispatcher.java:95)
E: com.sun.glass.ui.win.WinApplication._runLoop(Native Method)
E: com.sun.glass.ui.win.WinApplication.lambda$null$147(WinApplication.java:177)
E: java.lang.Thread.run(Unknown Source)

11:08:55.748 [JavaFX Application Thread] FATAL GameApplication      - Application will now exit
11:08:55.748 [JavaFX Application Thread] DEBUG GameApplication      - Stopping main loop
11:08:58.643 [JavaFX Application Thread] DEBUG GameApplication      - Exiting game application
11:08:58.644 [JavaFX Application Thread] DEBUG GameApplication      - Shutting down background threads
11:08:58.644 [JavaFX Application Thread] DEBUG GameApplication      - Exiting FXGL
11:08:58.644 [JavaFX Application Thread] DEBUG FXGL                 - Saving FXGL system data
11:08:58.646 [JavaFX Application Thread] DEBUG DesktopFSService     - Writing to: system\fxgl.bundle
11:08:58.650 [JavaFX Application Thread] DEBUG GameApplication      - Closing logger and exiting JavaFX
