10:26:34.486 [JavaFX Application Thread] DEBUG GameApplication      - Logger initialized
10:26:34.492 [JavaFX Application Thread] DEBUG MainWindow           - Creating a JavaFX scene
10:26:34.559 [JavaFX Application Thread] DEBUG MainWindow           - Target settings size: 800.0 x 470.0
10:26:34.560 [JavaFX Application Thread] DEBUG MainWindow           - Scaled scene size:    800.0 x 470.0
10:26:34.560 [JavaFX Application Thread] DEBUG MainWindow           - Scaled ratio: (1.0, 1.0)
10:26:34.564 [JavaFX Application Thread] DEBUG GameApplication      - Starting FXGL
10:26:34.574 [JavaFX Application Thread] INFO  FXGL                 - FXGL-0.5.1 on DESKTOP
10:26:34.574 [JavaFX Application Thread] INFO  FXGL                 - Source code and latest versions at: https://github.com/AlmasB/FXGL
10:26:34.575 [JavaFX Application Thread] INFO  FXGL                 -              Join the FXGL chat at: https://gitter.im/AlmasB/FXGL
10:26:34.580 [JavaFX Application Thread] DEBUG FS                   - Loaded DesktopFSService
10:26:34.580 [JavaFX Application Thread] DEBUG FXGL                 - Loading FXGL system data
10:26:34.587 [JavaFX Application Thread] DEBUG DesktopFSService     - Reading from: system\fxgl.bundle
10:26:34.594 [JavaFX Application Thread] DEBUG Bundle               - Logging bundle: FXGL
10:26:34.595 [JavaFX Application Thread] DEBUG Bundle               - FXGL.offline.timer.version.check=2018-05-24T09:09:49.283
10:26:34.616 [JavaFX Application Thread] DEBUG GameApplication      - FXGL started
10:26:34.617 [JavaFX Application Thread] DEBUG GameApplication      - Logging game settings
Title: Frogger
Version: 0.2.0
Width: 800
Height: 470
Fullscreen: false
Intro: false
Menus: false
Profiling: false
Single step:false
App Mode: DEVELOPER
Menu Key: ESCAPE
Stage Style: DECORATED
Scene Factory: class com.almasb.fxgl.scene.SceneFactory
Dialog Factory: class com.almasb.fxgl.ui.FXGLDialogFactory
UI Factory: class com.almasb.fxgl.ui.FXGLUIFactory
Notification Service: class com.almasb.fxgl.gameplay.notification.XboxNotificationView
Exception Handler: class com.almasb.fxgl.app.FXGLExceptionHandler
10:26:34.617 [JavaFX Application Thread] DEBUG GameApplication      - Configuring GameApplication
10:26:34.618 [JavaFX Application Thread] DEBUG GameApplication      - Initializing state machine and application states
10:26:34.628 [JavaFX Application Thread] DEBUG AssetLoader          - Loading from disk: /assets/ui/cursors/fxgl_default.png
10:26:34.645 [JavaFX Application Thread] DEBUG AssetLoader          - Loading from disk: /assets/ui/cursors/fxgl_default.png
10:26:34.662 [JavaFX Application Thread] DEBUG FXGLAssets           - Loading FXGLAssets
10:26:34.686 [JavaFX Application Thread] DEBUG AssetLoader          - Loading from disk: /assets/ui/fonts/VarelaRound-Regular.ttf
10:26:34.806 [JavaFX Application Thread] DEBUG AssetLoader          - Loading from disk: /assets/ui/fonts/lucida_console.ttf
10:26:34.815 [JavaFX Application Thread] DEBUG AssetLoader          - Loading from disk: /assets/ui/css/fxgl_dark.css
10:26:34.836 [JavaFX Application Thread] DEBUG AssetLoader          - Loading from disk: /assets/ui/cursors/fxgl_default.png
10:26:34.860 [JavaFX Application Thread] DEBUG AssetLoader          - Loading from disk: /assets/ui/cursors/fxgl_default.png
10:26:34.872 [JavaFX Application Thread] DEBUG GameScene            - Game scene initialized: 800x470
10:26:34.875 [JavaFX Application Thread] DEBUG GameWorld            - Game world initialized
10:26:34.912 [JavaFX Application Thread] DEBUG PhysicsWorld         - Physics world initialized: appHeight=470, physics.ppm=50.0
10:26:34.926 [JavaFX Application Thread] DEBUG Input                - Registered new binding: Pause - Esc
10:26:34.940 [JavaFX Application Thread] DEBUG Input                - Clearing active input actions
10:26:34.971 [JavaFX Application Thread] DEBUG AppStateMachine      - StartupState -> StartupState
10:26:34.975 [JavaFX Application Thread] INFO  GameApplication      - Game configuration took:  0.357 sec
10:26:34.977 [JavaFX Application Thread] DEBUG AssetLoader          - Loading from disk: /assets/textures/fxgl_icon.png
10:26:34.986 [JavaFX Application Thread] DEBUG MainWindow           - Opening main window
10:26:35.119 [JavaFX Application Thread] DEBUG MainWindow           - Window border size: (4.0, 26.666656494140625)
10:26:35.119 [JavaFX Application Thread] DEBUG MainWindow           - Scaled size: 800.0 x 470.0
10:26:35.119 [JavaFX Application Thread] DEBUG MainWindow           - Scaled ratio: (1.0, 1.0)
10:26:35.120 [JavaFX Application Thread] DEBUG MainWindow           - Scene size: 800.0 x 470.0
10:26:35.120 [JavaFX Application Thread] DEBUG MainWindow           - Stage size: 804.0 x 496.6666564941406
10:26:35.120 [JavaFX Application Thread] DEBUG GameApplication      - Running preInit()
10:26:35.121 [JavaFX Application Thread] DEBUG Input                - Registered new binding: Screenshot - P
10:26:35.121 [JavaFX Application Thread] DEBUG Input                - Registered new binding: Dev Options - CTRL+0
10:26:35.122 [JavaFX Application Thread] DEBUG Input                - Registered new binding: System info dump - CTRL+9
10:26:35.122 [JavaFX Application Thread] DEBUG Input                - Registered new binding: Restart - CTRL+R
10:26:35.122 [JavaFX Application Thread] DEBUG Input                - Registered new binding: up - W
10:26:35.122 [JavaFX Application Thread] DEBUG Input                - Registered new binding: down - S
10:26:35.123 [JavaFX Application Thread] DEBUG Input                - Registered new binding: left - A
10:26:35.123 [JavaFX Application Thread] DEBUG Input                - Registered new binding: right - D
10:26:35.123 [JavaFX Application Thread] DEBUG Input                - Registered new binding: testd - Space
10:26:35.149 [JavaFX Application Thread] DEBUG GameApplication      - Starting main loop
10:26:35.150 [JavaFX Application Thread] DEBUG StartupState         - STARTUP
10:26:35.151 [JavaFX Application Thread] DEBUG GameApplication      - Starting new game
10:26:35.151 [JavaFX Application Thread] DEBUG Input                - Clearing active input actions
10:26:35.157 [JavaFX Application Thread] DEBUG AppStateMachine      - StartupState -> LoadingState
10:26:35.161 [FXGL Background Thread 1 ] DEBUG InitAppTask          - Clearing previous game
10:26:35.161 [FXGL Background Thread 1 ] DEBUG GameWorld            - Clearing game world
10:26:35.161 [FXGL Background Thread 1 ] DEBUG PhysicsWorld         - Clearing physics world
10:26:35.161 [FXGL Background Thread 1 ] DEBUG GameScene            - Clearing game scene
10:26:35.162 [FXGL Background Thread 1 ] DEBUG InitAppTask          - Initializing Game
10:26:35.180 [FXGL Background Thread 1 ] DEBUG AssetLoader          - Loading from disk: /assets/textures/Frogger/splatting_frog.png
10:26:35.212 [FXGL Background Thread 1 ] DEBUG AssetLoader          - Loading from disk: /assets/textures/Frogger/frog_idle.png
10:26:35.219 [FXGL Background Thread 1 ] DEBUG GameScene            - Creating render group for layer: TOP(2147483647)
10:26:35.222 [FXGL Background Thread 1 ] DEBUG AssetLoader          - Loading from disk: /assets/textures/Frogger/full_log.png
10:26:35.228 [FXGL Background Thread 1 ] DEBUG GameScene            - Creating render group for layer: DEFAULT(100000)
10:26:35.230 [FXGL Background Thread 1 ] DEBUG AssetLoader          - Loading from disk: /assets/textures/Frogger/half_log.png
10:26:35.232 [FXGL Background Thread 1 ] DEBUG AssetLoader          - Loading from cache: /assets/textures/Frogger/half_log.png
10:26:35.233 [FXGL Background Thread 1 ] DEBUG AssetLoader          - Loading from disk: /assets/textures/Frogger/rotating_log.png
10:26:35.235 [FXGL Background Thread 1 ] DEBUG InitAppTask          - Initializing Physics
10:26:35.236 [FXGL Background Thread 1 ] DEBUG InitAppTask          - Initializing UI
10:26:35.236 [FXGL Background Thread 1 ] DEBUG AssetLoader          - Loading from disk: /assets/textures/Frogger/background.jpg
10:26:35.244 [FXGL Background Thread 1 ] DEBUG InitAppTask          - Initialization Complete
10:26:35.244 [FXGL Background Thread 1 ] INFO  InitAppTask          - Game initialization took: 0.084 sec
10:26:35.254 [JavaFX Application Thread] DEBUG Input                - Clearing active input actions
10:26:35.259 [JavaFX Application Thread] DEBUG AppStateMachine      - LoadingState -> PlayState
10:26:35.608 [JavaFX Application Thread] DEBUG Input                - Mocking key release: W
10:26:35.608 [JavaFX Application Thread] DEBUG AssetLoader          - Loading from disk: /assets/textures/Frogger/frog_jump.png
10:26:35.656 [JavaFX Application Thread] DEBUG Input                - Mocking key release: D
10:26:35.656 [JavaFX Application Thread] DEBUG AssetLoader          - Loading from cache: /assets/textures/Frogger/frog_jump.png
10:26:35.791 [JavaFX Application Thread] DEBUG Input                - Mocking key release: W
10:26:35.791 [JavaFX Application Thread] DEBUG AssetLoader          - Loading from cache: /assets/textures/Frogger/frog_jump.png
10:26:35.856 [JavaFX Application Thread] DEBUG Input                - Mocking key release: D
10:26:35.857 [JavaFX Application Thread] DEBUG AssetLoader          - Loading from cache: /assets/textures/Frogger/frog_jump.png
10:26:35.863 [JavaFX Application Thread] DEBUG AssetLoader          - Loading from cache: /assets/textures/Frogger/frog_idle.png
10:26:35.911 [JavaFX Application Thread] DEBUG AssetLoader          - Loading from cache: /assets/textures/Frogger/frog_idle.png
10:26:35.939 [JavaFX Application Thread] DEBUG Input                - Mocking key release: W
10:26:35.940 [JavaFX Application Thread] DEBUG AssetLoader          - Loading from cache: /assets/textures/Frogger/frog_jump.png
10:26:36.005 [JavaFX Application Thread] DEBUG Input                - Mocking key release: D
10:26:36.006 [JavaFX Application Thread] DEBUG AssetLoader          - Loading from cache: /assets/textures/Frogger/frog_jump.png
10:26:36.054 [JavaFX Application Thread] DEBUG AssetLoader          - Loading from cache: /assets/textures/Frogger/frog_idle.png
10:26:36.111 [JavaFX Application Thread] DEBUG Input                - Mocking key release: W
10:26:36.111 [JavaFX Application Thread] DEBUG AssetLoader          - Loading from cache: /assets/textures/Frogger/frog_jump.png
10:26:36.118 [JavaFX Application Thread] DEBUG AssetLoader          - Loading from cache: /assets/textures/Frogger/frog_idle.png
10:26:36.134 [JavaFX Application Thread] DEBUG AssetLoader          - Loading from disk: /assets/textures/Frogger/orange_car.png
10:26:36.136 [JavaFX Application Thread] DEBUG AssetLoader          - Loading from disk: /assets/textures/Frogger/blue_car.png
10:26:36.198 [JavaFX Application Thread] DEBUG AssetLoader          - Loading from cache: /assets/textures/Frogger/frog_idle.png
10:26:36.263 [JavaFX Application Thread] DEBUG AssetLoader          - Loading from cache: /assets/textures/Frogger/frog_idle.png
10:26:36.289 [JavaFX Application Thread] DEBUG Input                - Mocking key release: D
10:26:36.290 [JavaFX Application Thread] DEBUG AssetLoader          - Loading from cache: /assets/textures/Frogger/frog_jump.png
10:26:36.358 [JavaFX Application Thread] DEBUG AssetLoader          - Loading from cache: /assets/textures/Frogger/frog_idle.png
10:26:36.389 [JavaFX Application Thread] DEBUG Input                - Mocking key release: W
10:26:36.390 [JavaFX Application Thread] DEBUG AssetLoader          - Loading from cache: /assets/textures/Frogger/frog_jump.png
10:26:36.497 [JavaFX Application Thread] DEBUG Input                - Mocking key release: D
10:26:36.498 [JavaFX Application Thread] DEBUG AssetLoader          - Loading from cache: /assets/textures/Frogger/frog_jump.png
10:26:36.550 [JavaFX Application Thread] DEBUG AssetLoader          - Loading from cache: /assets/textures/Frogger/frog_idle.png
10:26:36.589 [JavaFX Application Thread] DEBUG Input                - Mocking key release: W
10:26:36.589 [JavaFX Application Thread] DEBUG AssetLoader          - Loading from cache: /assets/textures/Frogger/frog_jump.png
10:26:36.648 [JavaFX Application Thread] DEBUG AssetLoader          - Loading from cache: /assets/textures/Frogger/frog_idle.png
10:26:36.721 [JavaFX Application Thread] DEBUG Input                - Mocking key release: D
10:26:36.722 [JavaFX Application Thread] DEBUG AssetLoader          - Loading from cache: /assets/textures/Frogger/frog_jump.png
10:26:36.743 [JavaFX Application Thread] DEBUG AssetLoader          - Loading from cache: /assets/textures/Frogger/frog_idle.png
10:26:36.790 [JavaFX Application Thread] DEBUG Input                - Mocking key release: W
10:26:36.790 [JavaFX Application Thread] DEBUG AssetLoader          - Loading from cache: /assets/textures/Frogger/frog_jump.png
10:26:36.854 [JavaFX Application Thread] DEBUG AssetLoader          - Loading from cache: /assets/textures/Frogger/frog_idle.png
10:26:36.926 [JavaFX Application Thread] DEBUG Input                - Mocking key release: W
10:26:36.926 [JavaFX Application Thread] DEBUG AssetLoader          - Loading from cache: /assets/textures/Frogger/frog_jump.png
10:26:36.982 [JavaFX Application Thread] DEBUG AssetLoader          - Loading from cache: /assets/textures/Frogger/frog_idle.png
10:26:37.048 [JavaFX Application Thread] DEBUG AssetLoader          - Loading from disk: /assets/textures/Frogger/purple_car.png
10:26:37.050 [JavaFX Application Thread] DEBUG AssetLoader          - Loading from cache: /assets/textures/Frogger/blue_car.png
10:26:37.050 [JavaFX Application Thread] DEBUG AssetLoader          - Loading from cache: /assets/textures/Frogger/frog_idle.png
10:26:37.088 [JavaFX Application Thread] DEBUG Input                - Mocking key release: W
10:26:37.088 [JavaFX Application Thread] DEBUG AssetLoader          - Loading from cache: /assets/textures/Frogger/frog_jump.png
10:26:37.174 [JavaFX Application Thread] DEBUG AssetLoader          - Loading from cache: /assets/textures/Frogger/frog_idle.png
10:26:37.350 [JavaFX Application Thread] DEBUG AssetLoader          - Loading from cache: /assets/textures/Frogger/frog_idle.png
10:26:37.413 [JavaFX Application Thread] DEBUG Input                - Mocking key release: D
10:26:37.414 [JavaFX Application Thread] DEBUG AssetLoader          - Loading from cache: /assets/textures/Frogger/frog_jump.png
10:26:37.589 [JavaFX Application Thread] DEBUG Input                - Mocking key release: D
10:26:37.590 [JavaFX Application Thread] DEBUG AssetLoader          - Loading from cache: /assets/textures/Frogger/frog_jump.png
10:26:37.670 [JavaFX Application Thread] DEBUG AssetLoader          - Loading from cache: /assets/textures/Frogger/frog_idle.png
10:26:37.731 [JavaFX Application Thread] DEBUG Input                - Mocking key release: D
10:26:37.732 [JavaFX Application Thread] DEBUG AssetLoader          - Loading from cache: /assets/textures/Frogger/frog_jump.png
10:26:37.847 [JavaFX Application Thread] DEBUG AssetLoader          - Loading from cache: /assets/textures/Frogger/frog_idle.png
10:26:37.921 [JavaFX Application Thread] DEBUG Input                - Mocking key release: D
10:26:37.921 [JavaFX Application Thread] DEBUG AssetLoader          - Loading from cache: /assets/textures/Frogger/frog_jump.png
10:26:37.958 [JavaFX Application Thread] DEBUG AssetLoader          - Loading from cache: /assets/textures/Frogger/blue_car.png
10:26:37.959 [JavaFX Application Thread] DEBUG AssetLoader          - Loading from cache: /assets/textures/Frogger/purple_car.png
10:26:37.974 [JavaFX Application Thread] DEBUG AssetLoader          - Loading from cache: /assets/textures/Frogger/frog_idle.png
10:26:38.075 [JavaFX Application Thread] DEBUG Input                - Mocking key release: D
10:26:38.075 [JavaFX Application Thread] DEBUG AssetLoader          - Loading from cache: /assets/textures/Frogger/frog_jump.png
10:26:38.183 [JavaFX Application Thread] DEBUG AssetLoader          - Loading from cache: /assets/textures/Frogger/frog_idle.png
10:26:38.224 [JavaFX Application Thread] DEBUG Input                - Mocking key release: D
10:26:38.224 [JavaFX Application Thread] DEBUG AssetLoader          - Loading from cache: /assets/textures/Frogger/frog_jump.png
10:26:38.326 [JavaFX Application Thread] DEBUG AssetLoader          - Loading from cache: /assets/textures/Frogger/frog_idle.png
10:26:38.371 [JavaFX Application Thread] DEBUG Input                - Mocking key release: D
10:26:38.371 [JavaFX Application Thread] DEBUG AssetLoader          - Loading from cache: /assets/textures/Frogger/frog_jump.png
10:26:38.486 [JavaFX Application Thread] DEBUG AssetLoader          - Loading from cache: /assets/textures/Frogger/frog_idle.png
10:26:38.578 [JavaFX Application Thread] DEBUG Input                - Mocking key release: D
10:26:38.579 [JavaFX Application Thread] DEBUG AssetLoader          - Loading from cache: /assets/textures/Frogger/frog_jump.png
10:26:38.630 [JavaFX Application Thread] DEBUG AssetLoader          - Loading from cache: /assets/textures/Frogger/frog_idle.png
10:26:38.754 [JavaFX Application Thread] DEBUG Input                - Mocking key release: D
10:26:38.755 [JavaFX Application Thread] DEBUG AssetLoader          - Loading from cache: /assets/textures/Frogger/frog_jump.png
10:26:38.822 [JavaFX Application Thread] DEBUG AssetLoader          - Loading from cache: /assets/textures/Frogger/frog_idle.png
10:26:38.855 [JavaFX Application Thread] DEBUG Input                - Mocking key release: W
10:26:38.855 [JavaFX Application Thread] DEBUG AssetLoader          - Loading from cache: /assets/textures/Frogger/frog_jump.png
10:26:38.888 [JavaFX Application Thread] DEBUG AssetLoader          - Loading from cache: /assets/textures/Frogger/purple_car.png
10:26:38.890 [JavaFX Application Thread] DEBUG AssetLoader          - Loading from disk: /assets/textures/Frogger/red_car.png
10:26:38.989 [JavaFX Application Thread] DEBUG Input                - Mocking key release: W
10:26:38.990 [JavaFX Application Thread] DEBUG AssetLoader          - Loading from cache: /assets/textures/Frogger/frog_jump.png
10:26:39.014 [JavaFX Application Thread] DEBUG AssetLoader          - Loading from cache: /assets/textures/Frogger/frog_idle.png
10:26:39.110 [JavaFX Application Thread] DEBUG AssetLoader          - Loading from cache: /assets/textures/Frogger/frog_idle.png
10:26:39.221 [JavaFX Application Thread] DEBUG Input                - Mocking key release: W
10:26:39.221 [JavaFX Application Thread] DEBUG AssetLoader          - Loading from cache: /assets/textures/Frogger/frog_jump.png
10:26:39.239 [JavaFX Application Thread] DEBUG AssetLoader          - Loading from cache: /assets/textures/Frogger/frog_idle.png
10:26:39.343 [JavaFX Application Thread] DEBUG Input                - Mocking key release: W
10:26:39.343 [JavaFX Application Thread] DEBUG AssetLoader          - Loading from cache: /assets/textures/Frogger/frog_jump.png
10:26:39.478 [JavaFX Application Thread] DEBUG AssetLoader          - Loading from cache: /assets/textures/Frogger/frog_idle.png
10:26:39.590 [JavaFX Application Thread] DEBUG AssetLoader          - Loading from cache: /assets/textures/Frogger/frog_idle.png
10:26:39.798 [JavaFX Application Thread] DEBUG AssetLoader          - Loading from cache: /assets/textures/Frogger/purple_car.png
10:26:39.799 [JavaFX Application Thread] DEBUG AssetLoader          - Loading from cache: /assets/textures/Frogger/orange_car.png
10:26:39.800 [JavaFX Application Thread] DEBUG AssetLoader          - Loading from cache: /assets/textures/Frogger/full_log.png
10:26:39.801 [JavaFX Application Thread] DEBUG AssetLoader          - Loading from cache: /assets/textures/Frogger/full_log.png
10:26:40.054 [JavaFX Application Thread] DEBUG Input                - Mocking key release: A
10:26:40.054 [JavaFX Application Thread] DEBUG AssetLoader          - Loading from cache: /assets/textures/Frogger/frog_jump.png
10:26:40.195 [JavaFX Application Thread] DEBUG Input                - Mocking key release: W
10:26:40.195 [JavaFX Application Thread] DEBUG AssetLoader          - Loading from cache: /assets/textures/Frogger/frog_jump.png
10:26:40.310 [JavaFX Application Thread] DEBUG AssetLoader          - Loading from cache: /assets/textures/Frogger/frog_idle.png
10:26:40.355 [JavaFX Application Thread] DEBUG Input                - Mocking key release: A
10:26:40.355 [JavaFX Application Thread] DEBUG AssetLoader          - Loading from cache: /assets/textures/Frogger/frog_jump.png
10:26:40.356 [JavaFX Application Thread] DEBUG Input                - Mocking key release: W
10:26:40.356 [JavaFX Application Thread] DEBUG AssetLoader          - Loading from cache: /assets/textures/Frogger/frog_jump.png
10:26:40.439 [JavaFX Application Thread] DEBUG AssetLoader          - Loading from cache: /assets/textures/Frogger/frog_idle.png
10:26:40.509 [JavaFX Application Thread] DEBUG Input                - Mocking key release: A
10:26:40.509 [JavaFX Application Thread] DEBUG AssetLoader          - Loading from cache: /assets/textures/Frogger/frog_jump.png
10:26:40.614 [JavaFX Application Thread] DEBUG AssetLoader          - Loading from cache: /assets/textures/Frogger/frog_idle.png
10:26:40.614 [JavaFX Application Thread] DEBUG AssetLoader          - Loading from cache: /assets/textures/Frogger/frog_idle.png
10:26:40.710 [JavaFX Application Thread] DEBUG AssetLoader          - Loading from disk: /assets/textures/Frogger/green_car.png
10:26:40.712 [JavaFX Application Thread] DEBUG AssetLoader          - Loading from cache: /assets/textures/Frogger/blue_car.png
10:26:40.759 [JavaFX Application Thread] DEBUG AssetLoader          - Loading from cache: /assets/textures/Frogger/frog_idle.png
10:26:41.188 [JavaFX Application Thread] DEBUG Input                - Mocking key release: W
10:26:41.188 [JavaFX Application Thread] DEBUG AssetLoader          - Loading from cache: /assets/textures/Frogger/frog_jump.png
10:26:41.192 [JavaFX Application Thread] DEBUG AssetLoader          - Loading from cache: /assets/textures/Frogger/splatting_frog.png
10:26:41.192 [JavaFX Application Thread] DEBUG AssetLoader          - Loading from cache: /assets/textures/Frogger/frog_idle.png
10:26:41.392 [JavaFX Application Thread] DEBUG Input                - Mocking key release: W
10:26:41.392 [JavaFX Application Thread] DEBUG AssetLoader          - Loading from cache: /assets/textures/Frogger/frog_jump.png
10:26:41.446 [JavaFX Application Thread] DEBUG AssetLoader          - Loading from cache: /assets/textures/Frogger/frog_idle.png
10:26:41.622 [JavaFX Application Thread] DEBUG AssetLoader          - Loading from cache: /assets/textures/Frogger/red_car.png
10:26:41.623 [JavaFX Application Thread] DEBUG AssetLoader          - Loading from cache: /assets/textures/Frogger/blue_car.png
10:26:41.638 [JavaFX Application Thread] DEBUG AssetLoader          - Loading from cache: /assets/textures/Frogger/frog_idle.png
10:26:42.550 [JavaFX Application Thread] DEBUG AssetLoader          - Loading from cache: /assets/textures/Frogger/orange_car.png
10:26:42.551 [JavaFX Application Thread] DEBUG AssetLoader          - Loading from cache: /assets/textures/Frogger/blue_car.png
10:26:43.447 [JavaFX Application Thread] DEBUG AssetLoader          - Loading from cache: /assets/textures/Frogger/blue_car.png
10:26:43.448 [JavaFX Application Thread] DEBUG AssetLoader          - Loading from cache: /assets/textures/Frogger/red_car.png
10:26:44.342 [JavaFX Application Thread] DEBUG AssetLoader          - Loading from cache: /assets/textures/Frogger/orange_car.png
10:26:44.343 [JavaFX Application Thread] DEBUG AssetLoader          - Loading from cache: /assets/textures/Frogger/red_car.png
10:26:44.343 [JavaFX Application Thread] DEBUG AssetLoader          - Loading from cache: /assets/textures/Frogger/full_log.png
10:26:44.344 [JavaFX Application Thread] DEBUG AssetLoader          - Loading from cache: /assets/textures/Frogger/half_log.png
10:26:44.345 [JavaFX Application Thread] DEBUG AssetLoader          - Loading from cache: /assets/textures/Frogger/half_log.png
10:26:45.112 [JavaFX Application Thread] DEBUG GameApplication      - Exiting game application
10:26:45.112 [JavaFX Application Thread] DEBUG GameApplication      - Shutting down background threads
10:26:45.113 [JavaFX Application Thread] DEBUG GameApplication      - Exiting FXGL
10:26:45.113 [JavaFX Application Thread] DEBUG FXGL                 - Saving FXGL system data
10:26:45.114 [JavaFX Application Thread] DEBUG DesktopFSService     - Writing to: system\fxgl.bundle
10:26:45.118 [JavaFX Application Thread] DEBUG GameApplication      - Closing logger and exiting JavaFX
