13:28:08.478 [JavaFX Application Thread] DEBUG GameApplication      - Logger initialized
13:28:08.484 [JavaFX Application Thread] DEBUG MainWindow           - Creating a JavaFX scene
13:28:08.555 [JavaFX Application Thread] DEBUG MainWindow           - Target settings size: 800.0 x 400.0
13:28:08.555 [JavaFX Application Thread] DEBUG MainWindow           - Scaled scene size:    800.0 x 400.0
13:28:08.556 [JavaFX Application Thread] DEBUG MainWindow           - Scaled ratio: (1.0, 1.0)
13:28:08.561 [JavaFX Application Thread] DEBUG GameApplication      - Starting FXGL
13:28:08.571 [JavaFX Application Thread] INFO  FXGL                 - FXGL-0.5.1 on DESKTOP
13:28:08.571 [JavaFX Application Thread] INFO  FXGL                 - Source code and latest versions at: https://github.com/AlmasB/FXGL
13:28:08.571 [JavaFX Application Thread] INFO  FXGL                 -              Join the FXGL chat at: https://gitter.im/AlmasB/FXGL
13:28:08.577 [JavaFX Application Thread] DEBUG FS                   - Loaded DesktopFSService
13:28:08.577 [JavaFX Application Thread] DEBUG FXGL                 - Loading FXGL system data
13:28:08.584 [JavaFX Application Thread] DEBUG DesktopFSService     - Reading from: system\fxgl.bundle
13:28:08.592 [JavaFX Application Thread] DEBUG Bundle               - Logging bundle: FXGL
13:28:08.593 [JavaFX Application Thread] DEBUG Bundle               - FXGL.offline.timer.version.check=2018-05-16T18:22:51.838
13:28:08.615 [JavaFX Application Thread] DEBUG GameApplication      - FXGL started
13:28:08.616 [JavaFX Application Thread] DEBUG GameApplication      - Logging game settings
Title: FlappyBird
Version: 0.2.0
Width: 800
Height: 400
Fullscreen: false
Intro: false
Menus: false
Profiling: false
Single step:false
App Mode: DEVELOPER
Menu Key: ESCAPE
Stage Style: DECORATED
Scene Factory: class com.almasb.fxgl.scene.SceneFactory
Dialog Factory: class com.almasb.fxgl.ui.FXGLDialogFactory
UI Factory: class com.almasb.fxgl.ui.FXGLUIFactory
Notification Service: class com.almasb.fxgl.gameplay.notification.XboxNotificationView
Exception Handler: class com.almasb.fxgl.app.FXGLExceptionHandler
13:28:08.616 [JavaFX Application Thread] DEBUG GameApplication      - Configuring GameApplication
13:28:08.617 [JavaFX Application Thread] DEBUG GameApplication      - Initializing state machine and application states
13:28:08.629 [JavaFX Application Thread] DEBUG AssetLoader          - Loading from disk: /assets/ui/cursors/fxgl_default.png
13:28:08.646 [JavaFX Application Thread] DEBUG AssetLoader          - Loading from disk: /assets/ui/cursors/fxgl_default.png
13:28:08.664 [JavaFX Application Thread] DEBUG FXGLAssets           - Loading FXGLAssets
13:28:08.689 [JavaFX Application Thread] DEBUG AssetLoader          - Loading from disk: /assets/ui/fonts/VarelaRound-Regular.ttf
13:28:08.817 [JavaFX Application Thread] DEBUG AssetLoader          - Loading from disk: /assets/ui/fonts/lucida_console.ttf
13:28:08.826 [JavaFX Application Thread] DEBUG AssetLoader          - Loading from disk: /assets/ui/css/fxgl_dark.css
13:28:08.850 [JavaFX Application Thread] DEBUG AssetLoader          - Loading from disk: /assets/ui/cursors/fxgl_default.png
13:28:08.874 [JavaFX Application Thread] DEBUG AssetLoader          - Loading from disk: /assets/ui/cursors/fxgl_default.png
13:28:08.888 [JavaFX Application Thread] DEBUG GameScene            - Game scene initialized: 800x400
13:28:08.890 [JavaFX Application Thread] DEBUG GameWorld            - Game world initialized
13:28:08.929 [JavaFX Application Thread] DEBUG PhysicsWorld         - Physics world initialized: appHeight=400, physics.ppm=50.0
13:28:08.944 [JavaFX Application Thread] DEBUG Input                - Registered new binding: Pause - Esc
13:28:08.959 [JavaFX Application Thread] DEBUG Input                - Clearing active input actions
13:28:08.993 [JavaFX Application Thread] DEBUG AppStateMachine      - StartupState -> StartupState
13:28:08.997 [JavaFX Application Thread] INFO  GameApplication      - Game configuration took:  0.380 sec
13:28:08.998 [JavaFX Application Thread] DEBUG AssetLoader          - Loading from disk: /assets/textures/fxgl_icon.png
13:28:09.008 [JavaFX Application Thread] DEBUG MainWindow           - Opening main window
13:28:09.142 [JavaFX Application Thread] DEBUG MainWindow           - Window border size: (4.0, 26.666656494140625)
13:28:09.142 [JavaFX Application Thread] DEBUG MainWindow           - Scaled size: 800.0 x 400.0
13:28:09.142 [JavaFX Application Thread] DEBUG MainWindow           - Scaled ratio: (1.0, 1.0)
13:28:09.142 [JavaFX Application Thread] DEBUG MainWindow           - Scene size: 800.0 x 400.0
13:28:09.142 [JavaFX Application Thread] DEBUG MainWindow           - Stage size: 804.0 x 426.6666564941406
13:28:09.142 [JavaFX Application Thread] DEBUG GameApplication      - Running preInit()
13:28:09.144 [JavaFX Application Thread] DEBUG Input                - Registered new binding: Screenshot - P
13:28:09.144 [JavaFX Application Thread] DEBUG Input                - Registered new binding: Dev Options - CTRL+0
13:28:09.144 [JavaFX Application Thread] DEBUG Input                - Registered new binding: System info dump - CTRL+9
13:28:09.145 [JavaFX Application Thread] DEBUG Input                - Registered new binding: Restart - CTRL+R
13:28:09.145 [JavaFX Application Thread] DEBUG Input                - Registered new binding:  - Space
13:28:09.146 [JavaFX Application Thread] FATAL GameApplication      - Uncaught Exception:

Fatal exception occurred: java.lang.IllegalArgumentException : Action with name "" already exists
E: com.almasb.fxgl.input.Input.addBinding(Input.kt:291)
E: com.almasb.fxgl.input.Input.addAction(Input.kt:272)
E: com.almasb.fxgl.input.Input.addAction$default(Input.kt:271)
E: com.almasb.fxgl.input.Input.addAction(Input.kt)
E: FlappyPort.FlappyBird_App.initInput(FlappyBird_App.java:126)
E: com.almasb.fxgl.app.GameApplication.runPreInit(GameApplication.java:310)
E: com.almasb.fxgl.app.GameApplication.start(GameApplication.java:115)
E: com.sun.javafx.application.LauncherImpl.lambda$launchApplication1$161(LauncherImpl.java:863)
E: com.sun.javafx.application.PlatformImpl.lambda$runAndWait$174(PlatformImpl.java:326)
E: com.sun.javafx.application.PlatformImpl.lambda$null$172(PlatformImpl.java:295)
E: java.security.AccessController.doPrivileged(Native Method)
E: com.sun.javafx.application.PlatformImpl.lambda$runLater$173(PlatformImpl.java:294)
E: com.sun.glass.ui.InvokeLaterDispatcher$Future.run(InvokeLaterDispatcher.java:95)
E: com.sun.glass.ui.win.WinApplication._runLoop(Native Method)
E: com.sun.glass.ui.win.WinApplication.lambda$null$147(WinApplication.java:177)
E: java.lang.Thread.run(Unknown Source)

13:28:09.146 [JavaFX Application Thread] FATAL GameApplication      - Application will now exit
