10:51:33.947 [JavaFX Application Thread] DEBUG GameApplication      - Logger initialized
10:51:33.953 [JavaFX Application Thread] DEBUG MainWindow           - Creating a JavaFX scene
10:51:34.032 [JavaFX Application Thread] DEBUG MainWindow           - Target settings size: 700.0 x 490.0
10:51:34.032 [JavaFX Application Thread] DEBUG MainWindow           - Scaled scene size:    700.0 x 490.0
10:51:34.033 [JavaFX Application Thread] DEBUG MainWindow           - Scaled ratio: (1.0, 1.0)
10:51:34.038 [JavaFX Application Thread] DEBUG GameApplication      - Starting FXGL
10:51:34.048 [JavaFX Application Thread] INFO  FXGL                 - FXGL-0.5.1 on DESKTOP
10:51:34.048 [JavaFX Application Thread] INFO  FXGL                 - Source code and latest versions at: https://github.com/AlmasB/FXGL
10:51:34.049 [JavaFX Application Thread] INFO  FXGL                 -              Join the FXGL chat at: https://gitter.im/AlmasB/FXGL
10:51:34.055 [JavaFX Application Thread] DEBUG FS                   - Loaded DesktopFSService
10:51:34.055 [JavaFX Application Thread] DEBUG FXGL                 - Loading FXGL system data
10:51:34.063 [JavaFX Application Thread] DEBUG DesktopFSService     - Reading from: system\fxgl.bundle
10:51:34.071 [JavaFX Application Thread] DEBUG Bundle               - Logging bundle: FXGL
10:51:34.072 [JavaFX Application Thread] DEBUG Bundle               - FXGL.offline.timer.version.check=2018-05-24T09:09:49.283
10:51:34.099 [JavaFX Application Thread] DEBUG GameApplication      - FXGL started
10:51:34.100 [JavaFX Application Thread] DEBUG GameApplication      - Logging game settings
Title: Platformer
Version: 
Width: 700
Height: 490
Fullscreen: false
Intro: false
Menus: false
Profiling: false
Single step:false
App Mode: DEVELOPER
Menu Key: ESCAPE
Stage Style: DECORATED
Scene Factory: class com.almasb.fxgl.scene.SceneFactory
Dialog Factory: class com.almasb.fxgl.ui.FXGLDialogFactory
UI Factory: class com.almasb.fxgl.ui.FXGLUIFactory
Notification Service: class com.almasb.fxgl.gameplay.notification.XboxNotificationView
Exception Handler: class com.almasb.fxgl.app.FXGLExceptionHandler
10:51:34.101 [JavaFX Application Thread] DEBUG GameApplication      - Configuring GameApplication
10:51:34.101 [JavaFX Application Thread] DEBUG GameApplication      - Initializing state machine and application states
10:51:34.114 [JavaFX Application Thread] DEBUG AssetLoader          - Loading from disk: /assets/ui/cursors/fxgl_default.png
10:51:34.134 [JavaFX Application Thread] DEBUG AssetLoader          - Loading from disk: /assets/ui/cursors/fxgl_default.png
10:51:34.152 [JavaFX Application Thread] DEBUG FXGLAssets           - Loading FXGLAssets
10:51:34.175 [JavaFX Application Thread] DEBUG AssetLoader          - Loading from disk: /assets/ui/fonts/VarelaRound-Regular.ttf
10:51:34.298 [JavaFX Application Thread] DEBUG AssetLoader          - Loading from disk: /assets/ui/fonts/lucida_console.ttf
10:51:34.307 [JavaFX Application Thread] DEBUG AssetLoader          - Loading from disk: /assets/ui/css/fxgl_dark.css
10:51:34.330 [JavaFX Application Thread] DEBUG AssetLoader          - Loading from disk: /assets/ui/cursors/fxgl_default.png
10:51:34.356 [JavaFX Application Thread] DEBUG AssetLoader          - Loading from disk: /assets/ui/cursors/fxgl_default.png
10:51:34.369 [JavaFX Application Thread] DEBUG GameScene            - Game scene initialized: 700x490
10:51:34.370 [JavaFX Application Thread] DEBUG GameWorld            - Game world initialized
10:51:34.407 [JavaFX Application Thread] DEBUG PhysicsWorld         - Physics world initialized: appHeight=490, physics.ppm=50.0
10:51:34.422 [JavaFX Application Thread] DEBUG Input                - Registered new binding: Pause - Esc
10:51:34.436 [JavaFX Application Thread] DEBUG Input                - Clearing active input actions
10:51:34.473 [JavaFX Application Thread] DEBUG AppStateMachine      - StartupState -> StartupState
10:51:34.476 [JavaFX Application Thread] INFO  GameApplication      - Game configuration took:  0.375 sec
10:51:34.477 [JavaFX Application Thread] DEBUG AssetLoader          - Loading from disk: /assets/textures/fxgl_icon.png
10:51:34.487 [JavaFX Application Thread] DEBUG MainWindow           - Opening main window
10:51:34.619 [JavaFX Application Thread] DEBUG MainWindow           - Window border size: (4.0, 26.66668701171875)
10:51:34.620 [JavaFX Application Thread] DEBUG MainWindow           - Scaled size: 700.0 x 490.0
10:51:34.620 [JavaFX Application Thread] DEBUG MainWindow           - Scaled ratio: (1.0, 1.0)
10:51:34.620 [JavaFX Application Thread] DEBUG MainWindow           - Scene size: 700.0 x 490.0
10:51:34.620 [JavaFX Application Thread] DEBUG MainWindow           - Stage size: 704.0 x 516.6666870117188
10:51:34.620 [JavaFX Application Thread] DEBUG GameApplication      - Running preInit()
10:51:34.622 [JavaFX Application Thread] DEBUG Input                - Registered new binding: Screenshot - P
10:51:34.623 [JavaFX Application Thread] DEBUG Input                - Registered new binding: Dev Options - CTRL+0
10:51:34.623 [JavaFX Application Thread] DEBUG Input                - Registered new binding: System info dump - CTRL+9
10:51:34.623 [JavaFX Application Thread] DEBUG Input                - Registered new binding: Restart - CTRL+R
10:51:34.627 [JavaFX Application Thread] DEBUG AssetLoader          - Loading from disk: /assets/textures/Platformer/run_sheet.png
10:51:34.657 [JavaFX Application Thread] DEBUG AssetLoader          - Loading from disk: /assets/textures/Platformer/stand_sheet.png
10:51:34.663 [JavaFX Application Thread] DEBUG Input                - Registered new binding: run_right - Right
10:51:34.663 [JavaFX Application Thread] DEBUG Input                - Registered new binding: run_left - Left
10:51:34.663 [JavaFX Application Thread] DEBUG Input                - Registered new binding: jump - Up
10:51:34.693 [JavaFX Application Thread] DEBUG GameApplication      - Starting main loop
10:51:34.695 [JavaFX Application Thread] DEBUG StartupState         - STARTUP
10:51:34.695 [JavaFX Application Thread] DEBUG GameApplication      - Starting new game
10:51:34.695 [JavaFX Application Thread] DEBUG Input                - Clearing active input actions
10:51:34.703 [JavaFX Application Thread] DEBUG AppStateMachine      - StartupState -> LoadingState
10:51:34.708 [FXGL Background Thread 1 ] DEBUG InitAppTask          - Clearing previous game
10:51:34.708 [FXGL Background Thread 1 ] DEBUG GameWorld            - Clearing game world
10:51:34.708 [FXGL Background Thread 1 ] DEBUG PhysicsWorld         - Clearing physics world
10:51:34.709 [FXGL Background Thread 1 ] DEBUG GameScene            - Clearing game scene
10:51:34.710 [FXGL Background Thread 1 ] DEBUG InitAppTask          - Initializing Game
10:51:34.730 [FXGL Background Thread 1 ] DEBUG AssetLoader          - Loading from disk: /assets/tmx/platformer_map_1.tmx
10:51:34.757 [FXGL Background Thread 1 ] WARN  TMXParser            - TiledMap generated from 1.1.5. Supported version: 1.1.2. Some features may not be parsed fully.
10:51:34.781 [FXGL Background Thread 1 ] DEBUG GameWorld            - Clearing removable entities
10:51:34.782 [FXGL Background Thread 1 ] DEBUG GameWorld            - Setting level from map
10:51:34.802 [FXGL Background Thread 1 ] DEBUG AssetLoader          - Loading from disk: /assets/textures/map_tiles.png
10:51:34.818 [FXGL Background Thread 1 ] DEBUG AssetLoader          - Loading from cache: /assets/textures/map_tiles.png
10:51:34.819 [FXGL Background Thread 1 ] DEBUG AssetLoader          - Loading from cache: /assets/textures/map_tiles.png
10:51:34.819 [FXGL Background Thread 1 ] DEBUG AssetLoader          - Loading from cache: /assets/textures/map_tiles.png
10:51:34.819 [FXGL Background Thread 1 ] DEBUG AssetLoader          - Loading from cache: /assets/textures/map_tiles.png
10:51:34.819 [FXGL Background Thread 1 ] DEBUG AssetLoader          - Loading from cache: /assets/textures/map_tiles.png
10:51:34.819 [FXGL Background Thread 1 ] DEBUG AssetLoader          - Loading from cache: /assets/textures/map_tiles.png
10:51:34.819 [FXGL Background Thread 1 ] DEBUG AssetLoader          - Loading from cache: /assets/textures/map_tiles.png
10:51:34.819 [FXGL Background Thread 1 ] DEBUG AssetLoader          - Loading from cache: /assets/textures/map_tiles.png
10:51:34.820 [FXGL Background Thread 1 ] DEBUG AssetLoader          - Loading from cache: /assets/textures/map_tiles.png
10:51:34.820 [FXGL Background Thread 1 ] DEBUG AssetLoader          - Loading from cache: /assets/textures/map_tiles.png
10:51:34.820 [FXGL Background Thread 1 ] DEBUG AssetLoader          - Loading from cache: /assets/textures/map_tiles.png
10:51:34.820 [FXGL Background Thread 1 ] DEBUG AssetLoader          - Loading from cache: /assets/textures/map_tiles.png
10:51:34.820 [FXGL Background Thread 1 ] DEBUG AssetLoader          - Loading from cache: /assets/textures/map_tiles.png
10:51:34.820 [FXGL Background Thread 1 ] DEBUG AssetLoader          - Loading from cache: /assets/textures/map_tiles.png
10:51:34.820 [FXGL Background Thread 1 ] DEBUG AssetLoader          - Loading from cache: /assets/textures/map_tiles.png
10:51:34.820 [FXGL Background Thread 1 ] DEBUG AssetLoader          - Loading from cache: /assets/textures/map_tiles.png
10:51:34.821 [FXGL Background Thread 1 ] DEBUG AssetLoader          - Loading from cache: /assets/textures/map_tiles.png
10:51:34.821 [FXGL Background Thread 1 ] DEBUG AssetLoader          - Loading from cache: /assets/textures/map_tiles.png
10:51:34.821 [FXGL Background Thread 1 ] DEBUG AssetLoader          - Loading from cache: /assets/textures/map_tiles.png
10:51:34.821 [FXGL Background Thread 1 ] DEBUG AssetLoader          - Loading from cache: /assets/textures/map_tiles.png
10:51:34.821 [FXGL Background Thread 1 ] DEBUG AssetLoader          - Loading from cache: /assets/textures/map_tiles.png
10:51:34.821 [FXGL Background Thread 1 ] DEBUG AssetLoader          - Loading from cache: /assets/textures/map_tiles.png
10:51:34.821 [FXGL Background Thread 1 ] DEBUG AssetLoader          - Loading from cache: /assets/textures/map_tiles.png
10:51:34.821 [FXGL Background Thread 1 ] DEBUG AssetLoader          - Loading from cache: /assets/textures/map_tiles.png
10:51:34.822 [FXGL Background Thread 1 ] DEBUG AssetLoader          - Loading from cache: /assets/textures/map_tiles.png
10:51:34.822 [FXGL Background Thread 1 ] DEBUG AssetLoader          - Loading from cache: /assets/textures/map_tiles.png
10:51:34.822 [FXGL Background Thread 1 ] DEBUG AssetLoader          - Loading from cache: /assets/textures/map_tiles.png
10:51:34.822 [FXGL Background Thread 1 ] DEBUG AssetLoader          - Loading from cache: /assets/textures/map_tiles.png
10:51:34.822 [FXGL Background Thread 1 ] DEBUG AssetLoader          - Loading from cache: /assets/textures/map_tiles.png
10:51:34.822 [FXGL Background Thread 1 ] DEBUG AssetLoader          - Loading from cache: /assets/textures/map_tiles.png
10:51:34.822 [FXGL Background Thread 1 ] DEBUG AssetLoader          - Loading from cache: /assets/textures/map_tiles.png
10:51:34.822 [FXGL Background Thread 1 ] DEBUG AssetLoader          - Loading from cache: /assets/textures/map_tiles.png
10:51:34.823 [FXGL Background Thread 1 ] DEBUG AssetLoader          - Loading from cache: /assets/textures/map_tiles.png
10:51:34.823 [FXGL Background Thread 1 ] DEBUG AssetLoader          - Loading from cache: /assets/textures/map_tiles.png
10:51:34.823 [FXGL Background Thread 1 ] DEBUG AssetLoader          - Loading from cache: /assets/textures/map_tiles.png
10:51:34.823 [FXGL Background Thread 1 ] DEBUG AssetLoader          - Loading from cache: /assets/textures/map_tiles.png
10:51:34.823 [FXGL Background Thread 1 ] DEBUG AssetLoader          - Loading from cache: /assets/textures/map_tiles.png
10:51:34.823 [FXGL Background Thread 1 ] DEBUG AssetLoader          - Loading from cache: /assets/textures/map_tiles.png
10:51:34.823 [FXGL Background Thread 1 ] DEBUG AssetLoader          - Loading from cache: /assets/textures/map_tiles.png
10:51:34.823 [FXGL Background Thread 1 ] DEBUG AssetLoader          - Loading from cache: /assets/textures/map_tiles.png
10:51:34.824 [FXGL Background Thread 1 ] DEBUG AssetLoader          - Loading from cache: /assets/textures/map_tiles.png
10:51:34.824 [FXGL Background Thread 1 ] DEBUG AssetLoader          - Loading from cache: /assets/textures/map_tiles.png
10:51:34.824 [FXGL Background Thread 1 ] DEBUG AssetLoader          - Loading from cache: /assets/textures/map_tiles.png
10:51:34.824 [FXGL Background Thread 1 ] DEBUG AssetLoader          - Loading from cache: /assets/textures/map_tiles.png
10:51:34.824 [FXGL Background Thread 1 ] DEBUG AssetLoader          - Loading from cache: /assets/textures/map_tiles.png
10:51:34.824 [FXGL Background Thread 1 ] DEBUG AssetLoader          - Loading from cache: /assets/textures/map_tiles.png
10:51:34.824 [FXGL Background Thread 1 ] DEBUG AssetLoader          - Loading from cache: /assets/textures/map_tiles.png
10:51:34.825 [FXGL Background Thread 1 ] DEBUG AssetLoader          - Loading from cache: /assets/textures/map_tiles.png
10:51:34.825 [FXGL Background Thread 1 ] DEBUG AssetLoader          - Loading from cache: /assets/textures/map_tiles.png
10:51:34.825 [FXGL Background Thread 1 ] DEBUG AssetLoader          - Loading from cache: /assets/textures/map_tiles.png
10:51:34.825 [FXGL Background Thread 1 ] DEBUG AssetLoader          - Loading from cache: /assets/textures/map_tiles.png
10:51:34.825 [FXGL Background Thread 1 ] DEBUG AssetLoader          - Loading from cache: /assets/textures/map_tiles.png
10:51:34.825 [FXGL Background Thread 1 ] DEBUG AssetLoader          - Loading from cache: /assets/textures/map_tiles.png
10:51:34.825 [FXGL Background Thread 1 ] DEBUG AssetLoader          - Loading from cache: /assets/textures/map_tiles.png
10:51:34.825 [FXGL Background Thread 1 ] DEBUG AssetLoader          - Loading from cache: /assets/textures/map_tiles.png
10:51:34.826 [FXGL Background Thread 1 ] DEBUG AssetLoader          - Loading from cache: /assets/textures/map_tiles.png
10:51:34.826 [FXGL Background Thread 1 ] DEBUG AssetLoader          - Loading from cache: /assets/textures/map_tiles.png
10:51:34.826 [FXGL Background Thread 1 ] DEBUG AssetLoader          - Loading from cache: /assets/textures/map_tiles.png
10:51:34.826 [FXGL Background Thread 1 ] DEBUG AssetLoader          - Loading from cache: /assets/textures/map_tiles.png
10:51:34.826 [FXGL Background Thread 1 ] DEBUG AssetLoader          - Loading from cache: /assets/textures/map_tiles.png
10:51:34.826 [FXGL Background Thread 1 ] DEBUG AssetLoader          - Loading from cache: /assets/textures/map_tiles.png
10:51:34.826 [FXGL Background Thread 1 ] DEBUG AssetLoader          - Loading from cache: /assets/textures/map_tiles.png
10:51:34.829 [FXGL Background Thread 1 ] DEBUG GameScene            - Creating render group for layer: BACKGROUND(1000)
10:51:34.872 [FXGL Background Thread 1 ] DEBUG GameScene            - Creating render group for layer: DEFAULT(100000)
10:51:34.888 [FXGL Background Thread 1 ] DEBUG AssetLoader          - Loading from cache: /assets/textures/Platformer/stand_sheet.png
10:51:34.889 [FXGL Background Thread 1 ] DEBUG InitAppTask          - Initializing Physics
10:51:34.889 [FXGL Background Thread 1 ] DEBUG InitAppTask          - Initializing UI
10:51:34.889 [FXGL Background Thread 1 ] DEBUG InitAppTask          - Initialization Complete
10:51:34.890 [FXGL Background Thread 1 ] INFO  InitAppTask          - Game initialization took: 0.182 sec
10:51:34.891 [JavaFX Application Thread] DEBUG Input                - Clearing active input actions
10:51:34.896 [JavaFX Application Thread] DEBUG AppStateMachine      - LoadingState -> PlayState
10:51:41.563 [JavaFX Application Thread] DEBUG GameApplication      - Exiting game application
10:51:41.564 [JavaFX Application Thread] DEBUG GameApplication      - Shutting down background threads
10:51:41.564 [JavaFX Application Thread] DEBUG GameApplication      - Exiting FXGL
10:51:41.564 [JavaFX Application Thread] DEBUG FXGL                 - Saving FXGL system data
10:51:41.566 [JavaFX Application Thread] DEBUG DesktopFSService     - Writing to: system\fxgl.bundle
10:51:41.569 [JavaFX Application Thread] DEBUG GameApplication      - Closing logger and exiting JavaFX
