11:12:58.264 [JavaFX Application Thread] DEBUG GameApplication      - Logger initialized
11:12:58.269 [JavaFX Application Thread] DEBUG MainWindow           - Creating a JavaFX scene
11:12:58.347 [JavaFX Application Thread] DEBUG MainWindow           - Target settings size: 800.0 x 470.0
11:12:58.347 [JavaFX Application Thread] DEBUG MainWindow           - Scaled scene size:    800.0 x 470.0
11:12:58.347 [JavaFX Application Thread] DEBUG MainWindow           - Scaled ratio: (1.0, 1.0)
11:12:58.352 [JavaFX Application Thread] DEBUG GameApplication      - Starting FXGL
11:12:58.362 [JavaFX Application Thread] INFO  FXGL                 - FXGL-0.5.1 on DESKTOP
11:12:58.362 [JavaFX Application Thread] INFO  FXGL                 - Source code and latest versions at: https://github.com/AlmasB/FXGL
11:12:58.362 [JavaFX Application Thread] INFO  FXGL                 -              Join the FXGL chat at: https://gitter.im/AlmasB/FXGL
11:12:58.368 [JavaFX Application Thread] DEBUG FS                   - Loaded DesktopFSService
11:12:58.368 [JavaFX Application Thread] DEBUG FXGL                 - Loading FXGL system data
11:12:58.375 [JavaFX Application Thread] DEBUG DesktopFSService     - Reading from: system\fxgl.bundle
11:12:58.382 [JavaFX Application Thread] DEBUG Bundle               - Logging bundle: FXGL
11:12:58.382 [JavaFX Application Thread] DEBUG Bundle               - FXGL.offline.timer.version.check=2018-05-16T18:22:51.838
11:12:58.405 [JavaFX Application Thread] DEBUG GameApplication      - FXGL started
11:12:58.405 [JavaFX Application Thread] DEBUG GameApplication      - Logging game settings
Title: Frogger
Version: 0.2.0
Width: 800
Height: 470
Fullscreen: false
Intro: false
Menus: false
Profiling: false
Single step:false
App Mode: DEVELOPER
Menu Key: ESCAPE
Stage Style: DECORATED
Scene Factory: class com.almasb.fxgl.scene.SceneFactory
Dialog Factory: class com.almasb.fxgl.ui.FXGLDialogFactory
UI Factory: class com.almasb.fxgl.ui.FXGLUIFactory
Notification Service: class com.almasb.fxgl.gameplay.notification.XboxNotificationView
Exception Handler: class com.almasb.fxgl.app.FXGLExceptionHandler
11:12:58.406 [JavaFX Application Thread] DEBUG GameApplication      - Configuring GameApplication
11:12:58.406 [JavaFX Application Thread] DEBUG GameApplication      - Initializing state machine and application states
11:12:58.417 [JavaFX Application Thread] DEBUG AssetLoader          - Loading from disk: /assets/ui/cursors/fxgl_default.png
11:12:58.433 [JavaFX Application Thread] DEBUG AssetLoader          - Loading from disk: /assets/ui/cursors/fxgl_default.png
11:12:58.450 [JavaFX Application Thread] DEBUG FXGLAssets           - Loading FXGLAssets
11:12:58.475 [JavaFX Application Thread] DEBUG AssetLoader          - Loading from disk: /assets/ui/fonts/VarelaRound-Regular.ttf
11:12:58.618 [JavaFX Application Thread] DEBUG AssetLoader          - Loading from disk: /assets/ui/fonts/lucida_console.ttf
11:12:58.627 [JavaFX Application Thread] DEBUG AssetLoader          - Loading from disk: /assets/ui/css/fxgl_dark.css
11:12:58.651 [JavaFX Application Thread] DEBUG AssetLoader          - Loading from disk: /assets/ui/cursors/fxgl_default.png
11:12:58.677 [JavaFX Application Thread] DEBUG AssetLoader          - Loading from disk: /assets/ui/cursors/fxgl_default.png
11:12:58.694 [JavaFX Application Thread] DEBUG GameScene            - Game scene initialized: 800x470
11:12:58.698 [JavaFX Application Thread] DEBUG GameWorld            - Game world initialized
11:12:58.735 [JavaFX Application Thread] DEBUG PhysicsWorld         - Physics world initialized: appHeight=470, physics.ppm=50.0
11:12:58.749 [JavaFX Application Thread] DEBUG Input                - Registered new binding: Pause - Esc
11:12:58.764 [JavaFX Application Thread] DEBUG Input                - Clearing active input actions
11:12:58.799 [JavaFX Application Thread] DEBUG AppStateMachine      - StartupState -> StartupState
11:12:58.804 [JavaFX Application Thread] INFO  GameApplication      - Game configuration took:  0.398 sec
11:12:58.806 [JavaFX Application Thread] DEBUG AssetLoader          - Loading from disk: /assets/textures/fxgl_icon.png
11:12:58.817 [JavaFX Application Thread] DEBUG MainWindow           - Opening main window
11:12:58.961 [JavaFX Application Thread] DEBUG MainWindow           - Window border size: (4.0, 26.666656494140625)
11:12:58.961 [JavaFX Application Thread] DEBUG MainWindow           - Scaled size: 800.0 x 470.0
11:12:58.961 [JavaFX Application Thread] DEBUG MainWindow           - Scaled ratio: (1.0, 1.0)
11:12:58.962 [JavaFX Application Thread] DEBUG MainWindow           - Scene size: 800.0 x 470.0
11:12:58.962 [JavaFX Application Thread] DEBUG MainWindow           - Stage size: 804.0 x 496.6666564941406
11:12:58.962 [JavaFX Application Thread] DEBUG GameApplication      - Running preInit()
11:12:58.964 [JavaFX Application Thread] DEBUG Input                - Registered new binding: Screenshot - P
11:12:58.964 [JavaFX Application Thread] DEBUG Input                - Registered new binding: Dev Options - CTRL+0
11:12:58.965 [JavaFX Application Thread] DEBUG Input                - Registered new binding: System info dump - CTRL+9
11:12:58.965 [JavaFX Application Thread] DEBUG Input                - Registered new binding: Restart - CTRL+R
11:12:58.965 [JavaFX Application Thread] DEBUG Input                - Registered new binding: up - W
11:12:58.966 [JavaFX Application Thread] DEBUG Input                - Registered new binding: down - S
11:12:58.966 [JavaFX Application Thread] DEBUG Input                - Registered new binding: left - A
11:12:58.966 [JavaFX Application Thread] DEBUG Input                - Registered new binding: right - D
11:12:58.966 [JavaFX Application Thread] DEBUG Input                - Registered new binding: test - Space
11:12:58.993 [JavaFX Application Thread] DEBUG GameApplication      - Starting main loop
11:12:58.994 [JavaFX Application Thread] DEBUG StartupState         - STARTUP
11:12:58.994 [JavaFX Application Thread] DEBUG GameApplication      - Starting new game
11:12:58.995 [JavaFX Application Thread] DEBUG Input                - Clearing active input actions
11:12:59.002 [JavaFX Application Thread] DEBUG AppStateMachine      - StartupState -> LoadingState
11:12:59.007 [FXGL Background Thread 1 ] DEBUG InitAppTask          - Clearing previous game
11:12:59.007 [FXGL Background Thread 1 ] DEBUG GameWorld            - Clearing game world
11:12:59.008 [FXGL Background Thread 1 ] DEBUG PhysicsWorld         - Clearing physics world
11:12:59.008 [FXGL Background Thread 1 ] DEBUG GameScene            - Clearing game scene
11:12:59.009 [FXGL Background Thread 1 ] DEBUG InitAppTask          - Initializing Game
11:12:59.055 [FXGL Background Thread 1 ] DEBUG AssetLoader          - Loading from disk: /assets/textures/Frogger/frog_idle.png
11:12:59.062 [FXGL Background Thread 1 ] DEBUG GameScene            - Creating render group for layer: DEFAULT(100000)
11:12:59.064 [FXGL Background Thread 1 ] DEBUG InitAppTask          - Initializing Physics
11:12:59.065 [FXGL Background Thread 1 ] DEBUG InitAppTask          - Initializing UI
11:12:59.065 [FXGL Background Thread 1 ] DEBUG AssetLoader          - Loading from disk: /assets/textures/Frogger/background.jpg
11:12:59.072 [FXGL Background Thread 1 ] DEBUG InitAppTask          - Initialization Complete
11:12:59.073 [FXGL Background Thread 1 ] INFO  InitAppTask          - Game initialization took: 0.065 sec
11:12:59.085 [JavaFX Application Thread] DEBUG Input                - Clearing active input actions
11:12:59.089 [JavaFX Application Thread] DEBUG AppStateMachine      - LoadingState -> PlayState
11:13:00.620 [JavaFX Application Thread] DEBUG Input                - Mocking key release: W
11:13:00.620 [JavaFX Application Thread] DEBUG AssetLoader          - Loading from disk: /assets/textures/Frogger/frog_jump.png
11:13:00.765 [JavaFX Application Thread] DEBUG Input                - Mocking key release: W
11:13:00.765 [JavaFX Application Thread] DEBUG AssetLoader          - Loading from cache: /assets/textures/Frogger/frog_jump.png
11:13:00.781 [JavaFX Application Thread] DEBUG AssetLoader          - Loading from cache: /assets/textures/Frogger/frog_idle.png
11:13:00.925 [JavaFX Application Thread] DEBUG Input                - Mocking key release: W
11:13:00.925 [JavaFX Application Thread] DEBUG AssetLoader          - Loading from cache: /assets/textures/Frogger/frog_jump.png
11:13:00.926 [JavaFX Application Thread] DEBUG AssetLoader          - Loading from cache: /assets/textures/Frogger/frog_idle.png
11:13:01.008 [JavaFX Application Thread] DEBUG Input                - Mocking key release: D
11:13:01.009 [JavaFX Application Thread] DEBUG AssetLoader          - Loading from cache: /assets/textures/Frogger/frog_jump.png
11:13:01.084 [JavaFX Application Thread] DEBUG AssetLoader          - Loading from cache: /assets/textures/Frogger/frog_idle.png
11:13:01.181 [JavaFX Application Thread] DEBUG AssetLoader          - Loading from cache: /assets/textures/Frogger/frog_idle.png
11:13:01.205 [JavaFX Application Thread] DEBUG Input                - Mocking key release: W
11:13:01.205 [JavaFX Application Thread] DEBUG AssetLoader          - Loading from cache: /assets/textures/Frogger/frog_jump.png
11:13:01.337 [JavaFX Application Thread] DEBUG Input                - Mocking key release: A
11:13:01.337 [JavaFX Application Thread] DEBUG AssetLoader          - Loading from cache: /assets/textures/Frogger/frog_jump.png
11:13:01.372 [JavaFX Application Thread] DEBUG AssetLoader          - Loading from cache: /assets/textures/Frogger/frog_idle.png
11:13:01.500 [JavaFX Application Thread] DEBUG AssetLoader          - Loading from cache: /assets/textures/Frogger/frog_idle.png
11:13:01.609 [JavaFX Application Thread] DEBUG Input                - Mocking key release: W
11:13:01.609 [JavaFX Application Thread] DEBUG AssetLoader          - Loading from cache: /assets/textures/Frogger/frog_jump.png
11:13:01.788 [JavaFX Application Thread] DEBUG AssetLoader          - Loading from cache: /assets/textures/Frogger/frog_idle.png
11:13:01.790 [JavaFX Application Thread] DEBUG Input                - Mocking key release: W
11:13:01.790 [JavaFX Application Thread] DEBUG AssetLoader          - Loading from cache: /assets/textures/Frogger/frog_jump.png
11:13:01.930 [JavaFX Application Thread] DEBUG Input                - Mocking key release: W
11:13:01.931 [JavaFX Application Thread] DEBUG AssetLoader          - Loading from cache: /assets/textures/Frogger/frog_jump.png
11:13:01.949 [JavaFX Application Thread] DEBUG AssetLoader          - Loading from cache: /assets/textures/Frogger/frog_idle.png
11:13:02.093 [JavaFX Application Thread] DEBUG AssetLoader          - Loading from cache: /assets/textures/Frogger/frog_idle.png
11:13:02.150 [JavaFX Application Thread] DEBUG Input                - Mocking key release: W
11:13:02.151 [JavaFX Application Thread] DEBUG AssetLoader          - Loading from cache: /assets/textures/Frogger/frog_jump.png
11:13:02.323 [JavaFX Application Thread] DEBUG Input                - Mocking key release: W
11:13:02.323 [JavaFX Application Thread] DEBUG AssetLoader          - Loading from cache: /assets/textures/Frogger/frog_jump.png
11:13:02.333 [JavaFX Application Thread] DEBUG AssetLoader          - Loading from cache: /assets/textures/Frogger/frog_idle.png
11:13:02.508 [JavaFX Application Thread] DEBUG AssetLoader          - Loading from cache: /assets/textures/Frogger/frog_idle.png
11:13:02.554 [JavaFX Application Thread] DEBUG Input                - Mocking key release: Space
11:13:02.555 [JavaFX Application Thread] DEBUG AssetLoader          - Loading from disk: /assets/textures/Frogger/sinking_frog.png
11:13:02.956 [JavaFX Application Thread] DEBUG AssetLoader          - Loading from cache: /assets/textures/Frogger/frog_idle.png
11:13:03.547 [JavaFX Application Thread] DEBUG Input                - Mocking key release: W
11:13:03.547 [JavaFX Application Thread] DEBUG AssetLoader          - Loading from cache: /assets/textures/Frogger/frog_jump.png
11:13:03.724 [JavaFX Application Thread] DEBUG AssetLoader          - Loading from cache: /assets/textures/Frogger/frog_idle.png
11:13:03.785 [JavaFX Application Thread] DEBUG Input                - Mocking key release: D
11:13:03.786 [JavaFX Application Thread] DEBUG AssetLoader          - Loading from cache: /assets/textures/Frogger/frog_jump.png
11:13:03.965 [JavaFX Application Thread] DEBUG AssetLoader          - Loading from cache: /assets/textures/Frogger/frog_idle.png
11:13:03.985 [JavaFX Application Thread] DEBUG Input                - Mocking key release: W
11:13:03.985 [JavaFX Application Thread] DEBUG AssetLoader          - Loading from cache: /assets/textures/Frogger/frog_jump.png
11:13:04.173 [JavaFX Application Thread] DEBUG AssetLoader          - Loading from cache: /assets/textures/Frogger/frog_idle.png
11:13:04.267 [JavaFX Application Thread] DEBUG Input                - Mocking key release: W
11:13:04.268 [JavaFX Application Thread] DEBUG AssetLoader          - Loading from cache: /assets/textures/Frogger/frog_jump.png
11:13:04.444 [JavaFX Application Thread] DEBUG AssetLoader          - Loading from cache: /assets/textures/Frogger/frog_idle.png
11:13:04.713 [JavaFX Application Thread] DEBUG Input                - Mocking key release: Space
11:13:04.713 [JavaFX Application Thread] DEBUG AssetLoader          - Loading from cache: /assets/textures/Frogger/sinking_frog.png
11:13:05.116 [JavaFX Application Thread] DEBUG AssetLoader          - Loading from cache: /assets/textures/Frogger/frog_idle.png
11:13:05.949 [JavaFX Application Thread] DEBUG Input                - Mocking key release: W
11:13:05.949 [JavaFX Application Thread] DEBUG AssetLoader          - Loading from cache: /assets/textures/Frogger/frog_jump.png
11:13:06.104 [JavaFX Application Thread] DEBUG Input                - Mocking key release: D
11:13:06.104 [JavaFX Application Thread] DEBUG AssetLoader          - Loading from cache: /assets/textures/Frogger/frog_jump.png
11:13:06.125 [JavaFX Application Thread] DEBUG AssetLoader          - Loading from cache: /assets/textures/Frogger/frog_idle.png
11:13:06.261 [JavaFX Application Thread] DEBUG Input                - Mocking key release: W
11:13:06.261 [JavaFX Application Thread] DEBUG AssetLoader          - Loading from cache: /assets/textures/Frogger/frog_jump.png
11:13:06.262 [JavaFX Application Thread] DEBUG Input                - Mocking key release: D
11:13:06.262 [JavaFX Application Thread] DEBUG AssetLoader          - Loading from cache: /assets/textures/Frogger/frog_jump.png
11:13:06.268 [JavaFX Application Thread] DEBUG AssetLoader          - Loading from cache: /assets/textures/Frogger/frog_idle.png
11:13:06.445 [JavaFX Application Thread] DEBUG AssetLoader          - Loading from cache: /assets/textures/Frogger/frog_idle.png
11:13:06.445 [JavaFX Application Thread] DEBUG AssetLoader          - Loading from cache: /assets/textures/Frogger/frog_idle.png
11:13:06.556 [JavaFX Application Thread] DEBUG Input                - Mocking key release: W
11:13:06.556 [JavaFX Application Thread] DEBUG AssetLoader          - Loading from cache: /assets/textures/Frogger/frog_jump.png
11:13:06.701 [JavaFX Application Thread] DEBUG Input                - Mocking key release: W
11:13:06.701 [JavaFX Application Thread] DEBUG AssetLoader          - Loading from cache: /assets/textures/Frogger/frog_jump.png
11:13:06.717 [JavaFX Application Thread] DEBUG AssetLoader          - Loading from cache: /assets/textures/Frogger/frog_idle.png
11:13:06.850 [JavaFX Application Thread] DEBUG Input                - Mocking key release: W
11:13:06.850 [JavaFX Application Thread] DEBUG AssetLoader          - Loading from cache: /assets/textures/Frogger/frog_jump.png
11:13:06.862 [JavaFX Application Thread] DEBUG AssetLoader          - Loading from cache: /assets/textures/Frogger/frog_idle.png
11:13:07.009 [JavaFX Application Thread] DEBUG Input                - Mocking key release: W
11:13:07.009 [JavaFX Application Thread] DEBUG AssetLoader          - Loading from cache: /assets/textures/Frogger/frog_jump.png
11:13:07.020 [JavaFX Application Thread] DEBUG AssetLoader          - Loading from cache: /assets/textures/Frogger/frog_idle.png
11:13:07.156 [JavaFX Application Thread] DEBUG Input                - Mocking key release: W
11:13:07.156 [JavaFX Application Thread] DEBUG AssetLoader          - Loading from cache: /assets/textures/Frogger/frog_jump.png
11:13:07.181 [JavaFX Application Thread] DEBUG AssetLoader          - Loading from cache: /assets/textures/Frogger/frog_idle.png
11:13:07.325 [JavaFX Application Thread] DEBUG AssetLoader          - Loading from cache: /assets/textures/Frogger/frog_idle.png
11:13:07.567 [JavaFX Application Thread] DEBUG Input                - Mocking key release: W
11:13:07.568 [JavaFX Application Thread] DEBUG AssetLoader          - Loading from cache: /assets/textures/Frogger/frog_jump.png
11:13:07.719 [JavaFX Application Thread] DEBUG Input                - Mocking key release: Space
11:13:07.719 [JavaFX Application Thread] DEBUG AssetLoader          - Loading from cache: /assets/textures/Frogger/sinking_frog.png
11:13:07.740 [JavaFX Application Thread] DEBUG AssetLoader          - Loading from cache: /assets/textures/Frogger/frog_idle.png
11:13:08.172 [JavaFX Application Thread] DEBUG AssetLoader          - Loading from cache: /assets/textures/Frogger/frog_idle.png
11:13:08.298 [JavaFX Application Thread] DEBUG Input                - Mocking key release: Space
11:13:08.298 [JavaFX Application Thread] DEBUG AssetLoader          - Loading from cache: /assets/textures/Frogger/sinking_frog.png
11:13:08.701 [JavaFX Application Thread] DEBUG AssetLoader          - Loading from cache: /assets/textures/Frogger/frog_idle.png
11:13:09.215 [JavaFX Application Thread] DEBUG Input                - Mocking key release: Space
11:13:09.216 [JavaFX Application Thread] DEBUG AssetLoader          - Loading from cache: /assets/textures/Frogger/sinking_frog.png
11:13:09.628 [JavaFX Application Thread] DEBUG AssetLoader          - Loading from cache: /assets/textures/Frogger/frog_idle.png
11:13:09.985 [JavaFX Application Thread] DEBUG Input                - Mocking key release: Space
11:13:09.986 [JavaFX Application Thread] DEBUG AssetLoader          - Loading from cache: /assets/textures/Frogger/sinking_frog.png
11:13:10.396 [JavaFX Application Thread] DEBUG AssetLoader          - Loading from cache: /assets/textures/Frogger/frog_idle.png
11:13:11.512 [JavaFX Application Thread] DEBUG Input                - Mocking key release: Space
11:13:11.513 [JavaFX Application Thread] DEBUG AssetLoader          - Loading from cache: /assets/textures/Frogger/sinking_frog.png
11:13:11.916 [JavaFX Application Thread] DEBUG AssetLoader          - Loading from cache: /assets/textures/Frogger/frog_idle.png
11:13:13.479 [JavaFX Application Thread] DEBUG Input                - Mocking key release: Space
11:13:13.479 [JavaFX Application Thread] DEBUG AssetLoader          - Loading from cache: /assets/textures/Frogger/sinking_frog.png
11:13:13.885 [JavaFX Application Thread] DEBUG AssetLoader          - Loading from cache: /assets/textures/Frogger/frog_idle.png
11:13:14.320 [JavaFX Application Thread] DEBUG Input                - Mocking key release: Space
11:13:14.320 [JavaFX Application Thread] DEBUG AssetLoader          - Loading from cache: /assets/textures/Frogger/sinking_frog.png
11:13:14.733 [JavaFX Application Thread] DEBUG AssetLoader          - Loading from cache: /assets/textures/Frogger/frog_idle.png
11:13:15.282 [JavaFX Application Thread] DEBUG GameApplication      - Exiting game application
11:13:15.283 [JavaFX Application Thread] DEBUG GameApplication      - Shutting down background threads
11:13:15.283 [JavaFX Application Thread] DEBUG GameApplication      - Exiting FXGL
11:13:15.283 [JavaFX Application Thread] DEBUG FXGL                 - Saving FXGL system data
11:13:15.286 [JavaFX Application Thread] DEBUG DesktopFSService     - Writing to: system\fxgl.bundle
11:13:15.289 [JavaFX Application Thread] DEBUG GameApplication      - Closing logger and exiting JavaFX
