11:00:26.122 [JavaFX Application Thread] DEBUG GameApplication      - Logger initialized
11:00:26.127 [JavaFX Application Thread] DEBUG MainWindow           - Creating a JavaFX scene
11:00:26.200 [JavaFX Application Thread] DEBUG MainWindow           - Target settings size: 700.0 x 490.0
11:00:26.200 [JavaFX Application Thread] DEBUG MainWindow           - Scaled scene size:    700.0 x 490.0
11:00:26.200 [JavaFX Application Thread] DEBUG MainWindow           - Scaled ratio: (1.0, 1.0)
11:00:26.206 [JavaFX Application Thread] DEBUG GameApplication      - Starting FXGL
11:00:26.216 [JavaFX Application Thread] INFO  FXGL                 - FXGL-0.5.1 on DESKTOP
11:00:26.217 [JavaFX Application Thread] INFO  FXGL                 - Source code and latest versions at: https://github.com/AlmasB/FXGL
11:00:26.217 [JavaFX Application Thread] INFO  FXGL                 -              Join the FXGL chat at: https://gitter.im/AlmasB/FXGL
11:00:26.223 [JavaFX Application Thread] DEBUG FS                   - Loaded DesktopFSService
11:00:26.224 [JavaFX Application Thread] DEBUG FXGL                 - Loading FXGL system data
11:00:26.230 [JavaFX Application Thread] DEBUG DesktopFSService     - Reading from: system\fxgl.bundle
11:00:26.237 [JavaFX Application Thread] DEBUG Bundle               - Logging bundle: FXGL
11:00:26.238 [JavaFX Application Thread] DEBUG Bundle               - FXGL.offline.timer.version.check=2018-05-24T09:09:49.283
11:00:26.264 [JavaFX Application Thread] DEBUG GameApplication      - FXGL started
11:00:26.264 [JavaFX Application Thread] DEBUG GameApplication      - Logging game settings
Title: Platformer
Version: 
Width: 700
Height: 490
Fullscreen: false
Intro: false
Menus: false
Profiling: false
Single step:false
App Mode: DEVELOPER
Menu Key: ESCAPE
Stage Style: DECORATED
Scene Factory: class com.almasb.fxgl.scene.SceneFactory
Dialog Factory: class com.almasb.fxgl.ui.FXGLDialogFactory
UI Factory: class com.almasb.fxgl.ui.FXGLUIFactory
Notification Service: class com.almasb.fxgl.gameplay.notification.XboxNotificationView
Exception Handler: class com.almasb.fxgl.app.FXGLExceptionHandler
11:00:26.265 [JavaFX Application Thread] DEBUG GameApplication      - Configuring GameApplication
11:00:26.265 [JavaFX Application Thread] DEBUG GameApplication      - Initializing state machine and application states
11:00:26.279 [JavaFX Application Thread] DEBUG AssetLoader          - Loading from disk: /assets/ui/cursors/fxgl_default.png
11:00:26.299 [JavaFX Application Thread] DEBUG AssetLoader          - Loading from disk: /assets/ui/cursors/fxgl_default.png
11:00:26.317 [JavaFX Application Thread] DEBUG FXGLAssets           - Loading FXGLAssets
11:00:26.340 [JavaFX Application Thread] DEBUG AssetLoader          - Loading from disk: /assets/ui/fonts/VarelaRound-Regular.ttf
11:00:26.461 [JavaFX Application Thread] DEBUG AssetLoader          - Loading from disk: /assets/ui/fonts/lucida_console.ttf
11:00:26.470 [JavaFX Application Thread] DEBUG AssetLoader          - Loading from disk: /assets/ui/css/fxgl_dark.css
11:00:26.493 [JavaFX Application Thread] DEBUG AssetLoader          - Loading from disk: /assets/ui/cursors/fxgl_default.png
11:00:26.517 [JavaFX Application Thread] DEBUG AssetLoader          - Loading from disk: /assets/ui/cursors/fxgl_default.png
11:00:26.531 [JavaFX Application Thread] DEBUG GameScene            - Game scene initialized: 700x490
11:00:26.533 [JavaFX Application Thread] DEBUG GameWorld            - Game world initialized
11:00:26.570 [JavaFX Application Thread] DEBUG PhysicsWorld         - Physics world initialized: appHeight=490, physics.ppm=50.0
11:00:26.584 [JavaFX Application Thread] DEBUG Input                - Registered new binding: Pause - Esc
11:00:26.598 [JavaFX Application Thread] DEBUG Input                - Clearing active input actions
11:00:26.629 [JavaFX Application Thread] DEBUG AppStateMachine      - StartupState -> StartupState
11:00:26.632 [JavaFX Application Thread] INFO  GameApplication      - Game configuration took:  0.367 sec
11:00:26.633 [JavaFX Application Thread] DEBUG AssetLoader          - Loading from disk: /assets/textures/fxgl_icon.png
11:00:26.645 [JavaFX Application Thread] DEBUG MainWindow           - Opening main window
11:00:26.776 [JavaFX Application Thread] DEBUG MainWindow           - Window border size: (4.0, 26.66668701171875)
11:00:26.776 [JavaFX Application Thread] DEBUG MainWindow           - Scaled size: 700.0 x 490.0
11:00:26.776 [JavaFX Application Thread] DEBUG MainWindow           - Scaled ratio: (1.0, 1.0)
11:00:26.776 [JavaFX Application Thread] DEBUG MainWindow           - Scene size: 700.0 x 490.0
11:00:26.777 [JavaFX Application Thread] DEBUG MainWindow           - Stage size: 704.0 x 516.6666870117188
11:00:26.777 [JavaFX Application Thread] DEBUG GameApplication      - Running preInit()
11:00:26.778 [JavaFX Application Thread] DEBUG Input                - Registered new binding: Screenshot - P
11:00:26.779 [JavaFX Application Thread] DEBUG Input                - Registered new binding: Dev Options - CTRL+0
11:00:26.780 [JavaFX Application Thread] DEBUG Input                - Registered new binding: System info dump - CTRL+9
11:00:26.780 [JavaFX Application Thread] DEBUG Input                - Registered new binding: Restart - CTRL+R
11:00:26.784 [JavaFX Application Thread] DEBUG AssetLoader          - Loading from disk: /assets/textures/Platformer/run_sheet.png
11:00:26.815 [JavaFX Application Thread] DEBUG AssetLoader          - Loading from disk: /assets/textures/Platformer/stand_sheet.png
11:00:26.820 [JavaFX Application Thread] DEBUG Input                - Registered new binding: run_right - Right
11:00:26.820 [JavaFX Application Thread] DEBUG Input                - Registered new binding: run_left - Left
11:00:26.821 [JavaFX Application Thread] DEBUG Input                - Registered new binding: jump - Up
11:00:26.855 [JavaFX Application Thread] DEBUG GameApplication      - Starting main loop
11:00:26.857 [JavaFX Application Thread] DEBUG StartupState         - STARTUP
11:00:26.857 [JavaFX Application Thread] DEBUG GameApplication      - Starting new game
11:00:26.857 [JavaFX Application Thread] DEBUG Input                - Clearing active input actions
11:00:26.864 [JavaFX Application Thread] DEBUG AppStateMachine      - StartupState -> LoadingState
11:00:26.869 [FXGL Background Thread 1 ] DEBUG InitAppTask          - Clearing previous game
11:00:26.869 [FXGL Background Thread 1 ] DEBUG GameWorld            - Clearing game world
11:00:26.869 [FXGL Background Thread 1 ] DEBUG PhysicsWorld         - Clearing physics world
11:00:26.869 [FXGL Background Thread 1 ] DEBUG GameScene            - Clearing game scene
11:00:26.870 [FXGL Background Thread 1 ] DEBUG InitAppTask          - Initializing Game
11:00:26.888 [FXGL Background Thread 1 ] DEBUG AssetLoader          - Loading from disk: /assets/tmx/platformer_map_1.tmx
11:00:26.910 [FXGL Background Thread 1 ] WARN  TMXParser            - TiledMap generated from 1.1.5. Supported version: 1.1.2. Some features may not be parsed fully.
11:00:26.930 [FXGL Background Thread 1 ] DEBUG GameWorld            - Clearing removable entities
11:00:26.931 [FXGL Background Thread 1 ] DEBUG GameWorld            - Setting level from map
11:00:26.949 [FXGL Background Thread 1 ] DEBUG AssetLoader          - Loading from disk: /assets/textures/map_tiles.png
11:00:26.963 [FXGL Background Thread 1 ] DEBUG AssetLoader          - Loading from cache: /assets/textures/map_tiles.png
11:00:26.963 [FXGL Background Thread 1 ] DEBUG AssetLoader          - Loading from cache: /assets/textures/map_tiles.png
11:00:26.963 [FXGL Background Thread 1 ] DEBUG AssetLoader          - Loading from cache: /assets/textures/map_tiles.png
11:00:26.964 [FXGL Background Thread 1 ] DEBUG AssetLoader          - Loading from cache: /assets/textures/map_tiles.png
11:00:26.964 [FXGL Background Thread 1 ] DEBUG AssetLoader          - Loading from cache: /assets/textures/map_tiles.png
11:00:26.964 [FXGL Background Thread 1 ] DEBUG AssetLoader          - Loading from cache: /assets/textures/map_tiles.png
11:00:26.964 [FXGL Background Thread 1 ] DEBUG AssetLoader          - Loading from cache: /assets/textures/map_tiles.png
11:00:26.964 [FXGL Background Thread 1 ] DEBUG AssetLoader          - Loading from cache: /assets/textures/map_tiles.png
11:00:26.964 [FXGL Background Thread 1 ] DEBUG AssetLoader          - Loading from cache: /assets/textures/map_tiles.png
11:00:26.965 [FXGL Background Thread 1 ] DEBUG AssetLoader          - Loading from cache: /assets/textures/map_tiles.png
11:00:26.965 [FXGL Background Thread 1 ] DEBUG AssetLoader          - Loading from cache: /assets/textures/map_tiles.png
11:00:26.965 [FXGL Background Thread 1 ] DEBUG AssetLoader          - Loading from cache: /assets/textures/map_tiles.png
11:00:26.965 [FXGL Background Thread 1 ] DEBUG AssetLoader          - Loading from cache: /assets/textures/map_tiles.png
11:00:26.965 [FXGL Background Thread 1 ] DEBUG AssetLoader          - Loading from cache: /assets/textures/map_tiles.png
11:00:26.965 [FXGL Background Thread 1 ] DEBUG AssetLoader          - Loading from cache: /assets/textures/map_tiles.png
11:00:26.965 [FXGL Background Thread 1 ] DEBUG AssetLoader          - Loading from cache: /assets/textures/map_tiles.png
11:00:26.966 [FXGL Background Thread 1 ] DEBUG AssetLoader          - Loading from cache: /assets/textures/map_tiles.png
11:00:26.966 [FXGL Background Thread 1 ] DEBUG AssetLoader          - Loading from cache: /assets/textures/map_tiles.png
11:00:26.966 [FXGL Background Thread 1 ] DEBUG AssetLoader          - Loading from cache: /assets/textures/map_tiles.png
11:00:26.966 [FXGL Background Thread 1 ] DEBUG AssetLoader          - Loading from cache: /assets/textures/map_tiles.png
11:00:26.966 [FXGL Background Thread 1 ] DEBUG AssetLoader          - Loading from cache: /assets/textures/map_tiles.png
11:00:26.966 [FXGL Background Thread 1 ] DEBUG AssetLoader          - Loading from cache: /assets/textures/map_tiles.png
11:00:26.966 [FXGL Background Thread 1 ] DEBUG AssetLoader          - Loading from cache: /assets/textures/map_tiles.png
11:00:26.966 [FXGL Background Thread 1 ] DEBUG AssetLoader          - Loading from cache: /assets/textures/map_tiles.png
11:00:26.967 [FXGL Background Thread 1 ] DEBUG AssetLoader          - Loading from cache: /assets/textures/map_tiles.png
11:00:26.967 [FXGL Background Thread 1 ] DEBUG AssetLoader          - Loading from cache: /assets/textures/map_tiles.png
11:00:26.967 [FXGL Background Thread 1 ] DEBUG AssetLoader          - Loading from cache: /assets/textures/map_tiles.png
11:00:26.967 [FXGL Background Thread 1 ] DEBUG AssetLoader          - Loading from cache: /assets/textures/map_tiles.png
11:00:26.967 [FXGL Background Thread 1 ] DEBUG AssetLoader          - Loading from cache: /assets/textures/map_tiles.png
11:00:26.967 [FXGL Background Thread 1 ] DEBUG AssetLoader          - Loading from cache: /assets/textures/map_tiles.png
11:00:26.967 [FXGL Background Thread 1 ] DEBUG AssetLoader          - Loading from cache: /assets/textures/map_tiles.png
11:00:26.967 [FXGL Background Thread 1 ] DEBUG AssetLoader          - Loading from cache: /assets/textures/map_tiles.png
11:00:26.968 [FXGL Background Thread 1 ] DEBUG AssetLoader          - Loading from cache: /assets/textures/map_tiles.png
11:00:26.968 [FXGL Background Thread 1 ] DEBUG AssetLoader          - Loading from cache: /assets/textures/map_tiles.png
11:00:26.968 [FXGL Background Thread 1 ] DEBUG AssetLoader          - Loading from cache: /assets/textures/map_tiles.png
11:00:26.968 [FXGL Background Thread 1 ] DEBUG AssetLoader          - Loading from cache: /assets/textures/map_tiles.png
11:00:26.968 [FXGL Background Thread 1 ] DEBUG AssetLoader          - Loading from cache: /assets/textures/map_tiles.png
11:00:26.968 [FXGL Background Thread 1 ] DEBUG AssetLoader          - Loading from cache: /assets/textures/map_tiles.png
11:00:26.968 [FXGL Background Thread 1 ] DEBUG AssetLoader          - Loading from cache: /assets/textures/map_tiles.png
11:00:26.969 [FXGL Background Thread 1 ] DEBUG AssetLoader          - Loading from cache: /assets/textures/map_tiles.png
11:00:26.969 [FXGL Background Thread 1 ] DEBUG AssetLoader          - Loading from cache: /assets/textures/map_tiles.png
11:00:26.969 [FXGL Background Thread 1 ] DEBUG AssetLoader          - Loading from cache: /assets/textures/map_tiles.png
11:00:26.969 [FXGL Background Thread 1 ] DEBUG AssetLoader          - Loading from cache: /assets/textures/map_tiles.png
11:00:26.969 [FXGL Background Thread 1 ] DEBUG AssetLoader          - Loading from cache: /assets/textures/map_tiles.png
11:00:26.969 [FXGL Background Thread 1 ] DEBUG AssetLoader          - Loading from cache: /assets/textures/map_tiles.png
11:00:26.969 [FXGL Background Thread 1 ] DEBUG AssetLoader          - Loading from cache: /assets/textures/map_tiles.png
11:00:26.969 [FXGL Background Thread 1 ] DEBUG AssetLoader          - Loading from cache: /assets/textures/map_tiles.png
11:00:26.969 [FXGL Background Thread 1 ] DEBUG AssetLoader          - Loading from cache: /assets/textures/map_tiles.png
11:00:26.970 [FXGL Background Thread 1 ] DEBUG AssetLoader          - Loading from cache: /assets/textures/map_tiles.png
11:00:26.970 [FXGL Background Thread 1 ] DEBUG AssetLoader          - Loading from cache: /assets/textures/map_tiles.png
11:00:26.970 [FXGL Background Thread 1 ] DEBUG AssetLoader          - Loading from cache: /assets/textures/map_tiles.png
11:00:26.970 [FXGL Background Thread 1 ] DEBUG AssetLoader          - Loading from cache: /assets/textures/map_tiles.png
11:00:26.970 [FXGL Background Thread 1 ] DEBUG AssetLoader          - Loading from cache: /assets/textures/map_tiles.png
11:00:26.970 [FXGL Background Thread 1 ] DEBUG AssetLoader          - Loading from cache: /assets/textures/map_tiles.png
11:00:26.970 [FXGL Background Thread 1 ] DEBUG AssetLoader          - Loading from cache: /assets/textures/map_tiles.png
11:00:26.971 [FXGL Background Thread 1 ] DEBUG AssetLoader          - Loading from cache: /assets/textures/map_tiles.png
11:00:26.971 [FXGL Background Thread 1 ] DEBUG AssetLoader          - Loading from cache: /assets/textures/map_tiles.png
11:00:26.971 [FXGL Background Thread 1 ] DEBUG AssetLoader          - Loading from cache: /assets/textures/map_tiles.png
11:00:26.971 [FXGL Background Thread 1 ] DEBUG AssetLoader          - Loading from cache: /assets/textures/map_tiles.png
11:00:26.971 [FXGL Background Thread 1 ] DEBUG AssetLoader          - Loading from cache: /assets/textures/map_tiles.png
11:00:26.971 [FXGL Background Thread 1 ] DEBUG AssetLoader          - Loading from cache: /assets/textures/map_tiles.png
11:00:26.971 [FXGL Background Thread 1 ] DEBUG AssetLoader          - Loading from cache: /assets/textures/map_tiles.png
11:00:26.974 [FXGL Background Thread 1 ] DEBUG GameScene            - Creating render group for layer: BACKGROUND(1000)
11:00:27.017 [FXGL Background Thread 1 ] DEBUG GameScene            - Creating render group for layer: DEFAULT(100000)
11:00:27.035 [FXGL Background Thread 1 ] DEBUG AssetLoader          - Loading from cache: /assets/textures/Platformer/stand_sheet.png
11:00:27.037 [FXGL Background Thread 1 ] DEBUG InitAppTask          - Initializing Physics
11:00:27.037 [FXGL Background Thread 1 ] DEBUG InitAppTask          - Initializing UI
11:00:27.037 [FXGL Background Thread 1 ] DEBUG InitAppTask          - Initialization Complete
11:00:27.037 [FXGL Background Thread 1 ] INFO  InitAppTask          - Game initialization took: 0.168 sec
11:00:27.050 [JavaFX Application Thread] DEBUG Input                - Clearing active input actions
11:00:27.057 [JavaFX Application Thread] DEBUG AppStateMachine      - LoadingState -> PlayState
11:00:38.021 [JavaFX Application Thread] DEBUG GameApplication      - Exiting game application
11:00:38.022 [JavaFX Application Thread] DEBUG GameApplication      - Shutting down background threads
11:00:38.022 [JavaFX Application Thread] DEBUG GameApplication      - Exiting FXGL
11:00:38.022 [JavaFX Application Thread] DEBUG FXGL                 - Saving FXGL system data
11:00:38.024 [JavaFX Application Thread] DEBUG DesktopFSService     - Writing to: system\fxgl.bundle
11:00:38.027 [JavaFX Application Thread] DEBUG GameApplication      - Closing logger and exiting JavaFX
