12:59:57.171 [JavaFX Application Thread] DEBUG GameApplication      - Logger initialized
12:59:57.179 [JavaFX Application Thread] DEBUG MainWindow           - Creating a JavaFX scene
12:59:57.267 [JavaFX Application Thread] DEBUG MainWindow           - Target settings size: 800.0 x 400.0
12:59:57.268 [JavaFX Application Thread] DEBUG MainWindow           - Scaled scene size:    800.0 x 400.0
12:59:57.268 [JavaFX Application Thread] DEBUG MainWindow           - Scaled ratio: (1.0, 1.0)
12:59:57.272 [JavaFX Application Thread] DEBUG GameApplication      - Starting FXGL
12:59:57.284 [JavaFX Application Thread] INFO  FXGL                 - FXGL-0.5.1 on DESKTOP
12:59:57.285 [JavaFX Application Thread] INFO  FXGL                 - Source code and latest versions at: https://github.com/AlmasB/FXGL
12:59:57.285 [JavaFX Application Thread] INFO  FXGL                 -              Join the FXGL chat at: https://gitter.im/AlmasB/FXGL
12:59:57.293 [JavaFX Application Thread] DEBUG FS                   - Loaded DesktopFSService
12:59:57.294 [JavaFX Application Thread] DEBUG FXGL                 - Loading FXGL system data
12:59:57.303 [JavaFX Application Thread] DEBUG DesktopFSService     - Reading from: system\fxgl.bundle
12:59:57.312 [JavaFX Application Thread] DEBUG Bundle               - Logging bundle: FXGL
12:59:57.313 [JavaFX Application Thread] DEBUG Bundle               - FXGL.offline.timer.version.check=2018-05-16T18:22:51.838
12:59:57.345 [JavaFX Application Thread] DEBUG GameApplication      - FXGL started
12:59:57.345 [JavaFX Application Thread] DEBUG GameApplication      - Logging game settings
Title: FlappyBird
Version: 0.2.0
Width: 800
Height: 400
Fullscreen: false
Intro: false
Menus: false
Profiling: false
Single step:false
App Mode: DEVELOPER
Menu Key: ESCAPE
Stage Style: DECORATED
Scene Factory: class com.almasb.fxgl.scene.SceneFactory
Dialog Factory: class com.almasb.fxgl.ui.FXGLDialogFactory
UI Factory: class com.almasb.fxgl.ui.FXGLUIFactory
Notification Service: class com.almasb.fxgl.gameplay.notification.XboxNotificationView
Exception Handler: class com.almasb.fxgl.app.FXGLExceptionHandler
12:59:57.346 [JavaFX Application Thread] DEBUG GameApplication      - Configuring GameApplication
12:59:57.347 [JavaFX Application Thread] DEBUG GameApplication      - Initializing state machine and application states
12:59:57.359 [JavaFX Application Thread] DEBUG AssetLoader          - Loading from disk: /assets/ui/cursors/fxgl_default.png
12:59:57.380 [JavaFX Application Thread] DEBUG AssetLoader          - Loading from disk: /assets/ui/cursors/fxgl_default.png
12:59:57.399 [JavaFX Application Thread] DEBUG FXGLAssets           - Loading FXGLAssets
12:59:57.425 [JavaFX Application Thread] DEBUG AssetLoader          - Loading from disk: /assets/ui/fonts/VarelaRound-Regular.ttf
12:59:57.555 [JavaFX Application Thread] DEBUG AssetLoader          - Loading from disk: /assets/ui/fonts/lucida_console.ttf
12:59:57.563 [JavaFX Application Thread] DEBUG AssetLoader          - Loading from disk: /assets/ui/css/fxgl_dark.css
12:59:57.587 [JavaFX Application Thread] DEBUG AssetLoader          - Loading from disk: /assets/ui/cursors/fxgl_default.png
12:59:57.618 [JavaFX Application Thread] DEBUG AssetLoader          - Loading from disk: /assets/ui/cursors/fxgl_default.png
12:59:57.634 [JavaFX Application Thread] DEBUG GameScene            - Game scene initialized: 800x400
12:59:57.637 [JavaFX Application Thread] DEBUG GameWorld            - Game world initialized
12:59:57.682 [JavaFX Application Thread] DEBUG PhysicsWorld         - Physics world initialized: appHeight=400, physics.ppm=50.0
12:59:57.700 [JavaFX Application Thread] DEBUG Input                - Registered new binding: Pause - Esc
12:59:57.717 [JavaFX Application Thread] DEBUG Input                - Clearing active input actions
12:59:57.779 [JavaFX Application Thread] DEBUG AppStateMachine      - StartupState -> StartupState
12:59:57.783 [JavaFX Application Thread] INFO  GameApplication      - Game configuration took:  0.436 sec
12:59:57.786 [JavaFX Application Thread] DEBUG AssetLoader          - Loading from disk: /assets/textures/fxgl_icon.png
12:59:57.799 [JavaFX Application Thread] DEBUG MainWindow           - Opening main window
12:59:57.887 [JavaFX Application Thread] DEBUG MainWindow           - Window border size: (14.66668701171875, 37.333343505859375)
12:59:57.887 [JavaFX Application Thread] DEBUG MainWindow           - Scaled size: 800.0 x 400.0
12:59:57.887 [JavaFX Application Thread] DEBUG MainWindow           - Scaled ratio: (1.0, 1.0)
12:59:57.887 [JavaFX Application Thread] DEBUG MainWindow           - Scene size: 800.0 x 400.0
12:59:57.887 [JavaFX Application Thread] DEBUG MainWindow           - Stage size: 814.6666870117188 x 437.3333435058594
12:59:57.887 [JavaFX Application Thread] DEBUG GameApplication      - Running preInit()
12:59:57.889 [JavaFX Application Thread] DEBUG Input                - Registered new binding: Screenshot - P
12:59:57.889 [JavaFX Application Thread] DEBUG Input                - Registered new binding: Dev Options - CTRL+0
12:59:57.890 [JavaFX Application Thread] DEBUG Input                - Registered new binding: System info dump - CTRL+9
12:59:57.890 [JavaFX Application Thread] DEBUG Input                - Registered new binding: Restart - CTRL+R
12:59:57.891 [JavaFX Application Thread] DEBUG Input                - Registered new binding: flap - Space
12:59:57.922 [JavaFX Application Thread] DEBUG GameApplication      - Starting main loop
12:59:57.934 [JavaFX Application Thread] DEBUG StartupState         - STARTUP
12:59:57.935 [JavaFX Application Thread] DEBUG GameApplication      - Starting new game
12:59:57.935 [JavaFX Application Thread] DEBUG Input                - Clearing active input actions
12:59:57.944 [JavaFX Application Thread] DEBUG AppStateMachine      - StartupState -> LoadingState
12:59:57.948 [FXGL Background Thread 1 ] DEBUG InitAppTask          - Clearing previous game
12:59:57.948 [FXGL Background Thread 1 ] DEBUG GameWorld            - Clearing game world
12:59:57.949 [FXGL Background Thread 1 ] DEBUG PhysicsWorld         - Clearing physics world
12:59:57.949 [FXGL Background Thread 1 ] DEBUG GameScene            - Clearing game scene
12:59:57.950 [FXGL Background Thread 1 ] DEBUG InitAppTask          - Initializing Game
12:59:57.972 [FXGL Background Thread 1 ] DEBUG AssetLoader          - Loading from disk: /assets/textures/FlappyPort/flappybird_fly_sheet.png
12:59:58.046 [FXGL Background Thread 1 ] DEBUG GameScene            - Creating render group for layer: DEFAULT(100000)
12:59:58.050 [FXGL Background Thread 1 ] DEBUG AssetLoader          - Loading from disk: /assets/textures/FlappyPort/ground.png
12:59:58.053 [FXGL Background Thread 1 ] DEBUG GameScene            - Creating render group for layer: TOP(2147483647)
12:59:58.053 [FXGL Background Thread 1 ] DEBUG AssetLoader          - Loading from cache: /assets/textures/FlappyPort/ground.png
12:59:58.055 [FXGL Background Thread 1 ] DEBUG InitAppTask          - Initializing Physics
12:59:58.055 [FXGL Background Thread 1 ] DEBUG InitAppTask          - Initializing UI
12:59:58.055 [FXGL Background Thread 1 ] DEBUG AssetLoader          - Loading from disk: /assets/textures/FlappyPort/background.png
12:59:58.071 [FXGL Background Thread 1 ] DEBUG InitAppTask          - Initialization Complete
12:59:58.071 [FXGL Background Thread 1 ] INFO  InitAppTask          - Game initialization took: 0.123 sec
12:59:58.077 [JavaFX Application Thread] DEBUG Input                - Clearing active input actions
12:59:58.082 [JavaFX Application Thread] DEBUG AppStateMachine      - LoadingState -> PlayState
12:59:58.654 [JavaFX Application Thread] DEBUG AssetLoader          - Loading from disk: /assets/textures/FlappyPort/game_over.png
12:59:58.657 [JavaFX Application Thread] DEBUG GameScene            - Creating render group for layer: BACKGROUND(1000)
12:59:59.932 [JavaFX Application Thread] DEBUG GameApplication      - Exiting game application
12:59:59.933 [JavaFX Application Thread] DEBUG GameApplication      - Shutting down background threads
12:59:59.933 [JavaFX Application Thread] DEBUG GameApplication      - Exiting FXGL
12:59:59.933 [JavaFX Application Thread] DEBUG FXGL                 - Saving FXGL system data
12:59:59.935 [JavaFX Application Thread] DEBUG DesktopFSService     - Writing to: system\fxgl.bundle
12:59:59.939 [JavaFX Application Thread] DEBUG GameApplication      - Closing logger and exiting JavaFX
