14:28:14.693 [JavaFX Application Thread] DEBUG GameApplication      - Logger initialized
14:28:14.698 [JavaFX Application Thread] DEBUG MainWindow           - Creating a JavaFX scene
14:28:14.770 [JavaFX Application Thread] DEBUG MainWindow           - Target settings size: 800.0 x 470.0
14:28:14.770 [JavaFX Application Thread] DEBUG MainWindow           - Scaled scene size:    800.0 x 470.0
14:28:14.770 [JavaFX Application Thread] DEBUG MainWindow           - Scaled ratio: (1.0, 1.0)
14:28:14.776 [JavaFX Application Thread] DEBUG GameApplication      - Starting FXGL
14:28:14.787 [JavaFX Application Thread] INFO  FXGL                 - FXGL-0.5.1 on DESKTOP
14:28:14.787 [JavaFX Application Thread] INFO  FXGL                 - Source code and latest versions at: https://github.com/AlmasB/FXGL
14:28:14.787 [JavaFX Application Thread] INFO  FXGL                 -              Join the FXGL chat at: https://gitter.im/AlmasB/FXGL
14:28:14.793 [JavaFX Application Thread] DEBUG FS                   - Loaded DesktopFSService
14:28:14.793 [JavaFX Application Thread] DEBUG FXGL                 - Loading FXGL system data
14:28:14.801 [JavaFX Application Thread] DEBUG DesktopFSService     - Reading from: system\fxgl.bundle
14:28:14.809 [JavaFX Application Thread] DEBUG Bundle               - Logging bundle: FXGL
14:28:14.809 [JavaFX Application Thread] DEBUG Bundle               - FXGL.offline.timer.version.check=2018-05-24T09:09:49.283
14:28:14.837 [JavaFX Application Thread] DEBUG GameApplication      - FXGL started
14:28:14.837 [JavaFX Application Thread] DEBUG GameApplication      - Logging game settings
Title: Frogger
Version: 0.2.0
Width: 800
Height: 470
Fullscreen: false
Intro: false
Menus: false
Profiling: false
Single step:false
App Mode: DEVELOPER
Menu Key: ESCAPE
Stage Style: DECORATED
Scene Factory: class com.almasb.fxgl.scene.SceneFactory
Dialog Factory: class com.almasb.fxgl.ui.FXGLDialogFactory
UI Factory: class com.almasb.fxgl.ui.FXGLUIFactory
Notification Service: class com.almasb.fxgl.gameplay.notification.XboxNotificationView
Exception Handler: class com.almasb.fxgl.app.FXGLExceptionHandler
14:28:14.838 [JavaFX Application Thread] DEBUG GameApplication      - Configuring GameApplication
14:28:14.838 [JavaFX Application Thread] DEBUG GameApplication      - Initializing state machine and application states
14:28:14.850 [JavaFX Application Thread] DEBUG AssetLoader          - Loading from disk: /assets/ui/cursors/fxgl_default.png
14:28:14.866 [JavaFX Application Thread] DEBUG AssetLoader          - Loading from disk: /assets/ui/cursors/fxgl_default.png
14:28:14.883 [JavaFX Application Thread] DEBUG FXGLAssets           - Loading FXGLAssets
14:28:14.907 [JavaFX Application Thread] DEBUG AssetLoader          - Loading from disk: /assets/ui/fonts/VarelaRound-Regular.ttf
14:28:15.039 [JavaFX Application Thread] DEBUG AssetLoader          - Loading from disk: /assets/ui/fonts/lucida_console.ttf
14:28:15.048 [JavaFX Application Thread] DEBUG AssetLoader          - Loading from disk: /assets/ui/css/fxgl_dark.css
14:28:15.071 [JavaFX Application Thread] DEBUG AssetLoader          - Loading from disk: /assets/ui/cursors/fxgl_default.png
14:28:15.096 [JavaFX Application Thread] DEBUG AssetLoader          - Loading from disk: /assets/ui/cursors/fxgl_default.png
14:28:15.109 [JavaFX Application Thread] DEBUG GameScene            - Game scene initialized: 800x470
14:28:15.112 [JavaFX Application Thread] DEBUG GameWorld            - Game world initialized
14:28:15.150 [JavaFX Application Thread] DEBUG PhysicsWorld         - Physics world initialized: appHeight=470, physics.ppm=50.0
14:28:15.165 [JavaFX Application Thread] DEBUG Input                - Registered new binding: Pause - Esc
14:28:15.179 [JavaFX Application Thread] DEBUG Input                - Clearing active input actions
14:28:15.210 [JavaFX Application Thread] DEBUG AppStateMachine      - StartupState -> StartupState
14:28:15.214 [JavaFX Application Thread] INFO  GameApplication      - Game configuration took:  0.376 sec
14:28:15.215 [JavaFX Application Thread] DEBUG AssetLoader          - Loading from disk: /assets/textures/fxgl_icon.png
14:28:15.225 [JavaFX Application Thread] DEBUG MainWindow           - Opening main window
14:28:15.355 [JavaFX Application Thread] DEBUG MainWindow           - Window border size: (4.0, 26.666656494140625)
14:28:15.355 [JavaFX Application Thread] DEBUG MainWindow           - Scaled size: 800.0 x 470.0
14:28:15.355 [JavaFX Application Thread] DEBUG MainWindow           - Scaled ratio: (1.0, 1.0)
14:28:15.355 [JavaFX Application Thread] DEBUG MainWindow           - Scene size: 800.0 x 470.0
14:28:15.355 [JavaFX Application Thread] DEBUG MainWindow           - Stage size: 804.0 x 496.6666564941406
14:28:15.355 [JavaFX Application Thread] DEBUG GameApplication      - Running preInit()
14:28:15.358 [JavaFX Application Thread] DEBUG Input                - Registered new binding: Screenshot - P
14:28:15.358 [JavaFX Application Thread] DEBUG Input                - Registered new binding: Dev Options - CTRL+0
14:28:15.359 [JavaFX Application Thread] DEBUG Input                - Registered new binding: System info dump - CTRL+9
14:28:15.359 [JavaFX Application Thread] DEBUG Input                - Registered new binding: Restart - CTRL+R
14:28:15.359 [JavaFX Application Thread] DEBUG Input                - Registered new binding: up - W
14:28:15.359 [JavaFX Application Thread] DEBUG Input                - Registered new binding: down - S
14:28:15.360 [JavaFX Application Thread] DEBUG Input                - Registered new binding: left - A
14:28:15.360 [JavaFX Application Thread] DEBUG Input                - Registered new binding: right - D
14:28:15.360 [JavaFX Application Thread] DEBUG Input                - Registered new binding: testd - Space
14:28:15.386 [JavaFX Application Thread] DEBUG GameApplication      - Starting main loop
14:28:15.388 [JavaFX Application Thread] DEBUG StartupState         - STARTUP
14:28:15.388 [JavaFX Application Thread] DEBUG GameApplication      - Starting new game
14:28:15.388 [JavaFX Application Thread] DEBUG Input                - Clearing active input actions
14:28:15.396 [JavaFX Application Thread] DEBUG AppStateMachine      - StartupState -> LoadingState
14:28:15.400 [FXGL Background Thread 1 ] DEBUG InitAppTask          - Clearing previous game
14:28:15.400 [FXGL Background Thread 1 ] DEBUG GameWorld            - Clearing game world
14:28:15.400 [FXGL Background Thread 1 ] DEBUG PhysicsWorld         - Clearing physics world
14:28:15.400 [FXGL Background Thread 1 ] DEBUG GameScene            - Clearing game scene
14:28:15.401 [FXGL Background Thread 1 ] DEBUG InitAppTask          - Initializing Game
14:28:15.420 [FXGL Background Thread 1 ] DEBUG AssetLoader          - Loading from disk: /assets/textures/Frogger/splatting_frog.png
14:28:15.449 [FXGL Background Thread 1 ] DEBUG AssetLoader          - Loading from disk: /assets/textures/Frogger/frog_idle.png
14:28:15.458 [FXGL Background Thread 1 ] DEBUG GameScene            - Creating render group for layer: TOP(2147483647)
14:28:15.460 [FXGL Background Thread 1 ] DEBUG AssetLoader          - Loading from disk: /assets/textures/Frogger/full_log.png
14:28:15.464 [FXGL Background Thread 1 ] DEBUG GameScene            - Creating render group for layer: DEFAULT(100000)
14:28:15.466 [FXGL Background Thread 1 ] DEBUG AssetLoader          - Loading from cache: /assets/textures/Frogger/full_log.png
14:28:15.467 [FXGL Background Thread 1 ] DEBUG AssetLoader          - Loading from disk: /assets/textures/Frogger/half_log.png
14:28:15.468 [FXGL Background Thread 1 ] DEBUG AssetLoader          - Loading from disk: /assets/textures/Frogger/rotating_log.png
14:28:15.472 [FXGL Background Thread 1 ] DEBUG InitAppTask          - Initializing Physics
14:28:15.475 [FXGL Background Thread 1 ] DEBUG InitAppTask          - Initializing UI
14:28:15.476 [FXGL Background Thread 1 ] DEBUG AssetLoader          - Loading from disk: /assets/textures/Frogger/background.jpg
14:28:15.484 [FXGL Background Thread 1 ] DEBUG InitAppTask          - Initialization Complete
14:28:15.484 [FXGL Background Thread 1 ] INFO  InitAppTask          - Game initialization took: 0.084 sec
14:28:15.486 [JavaFX Application Thread] DEBUG Input                - Clearing active input actions
14:28:15.493 [JavaFX Application Thread] DEBUG AppStateMachine      - LoadingState -> PlayState
14:28:15.739 [JavaFX Application Thread] DEBUG Input                - Mocking key release: W
14:28:15.740 [JavaFX Application Thread] DEBUG AssetLoader          - Loading from disk: /assets/textures/Frogger/frog_jump.png
14:28:15.869 [JavaFX Application Thread] DEBUG Input                - Mocking key release: D
14:28:15.870 [JavaFX Application Thread] DEBUG AssetLoader          - Loading from cache: /assets/textures/Frogger/frog_jump.png
14:28:15.988 [JavaFX Application Thread] DEBUG AssetLoader          - Loading from cache: /assets/textures/Frogger/frog_idle.png
14:28:16.002 [JavaFX Application Thread] DEBUG Input                - Mocking key release: W
14:28:16.002 [JavaFX Application Thread] DEBUG AssetLoader          - Loading from cache: /assets/textures/Frogger/frog_jump.png
14:28:16.084 [JavaFX Application Thread] DEBUG Input                - Mocking key release: D
14:28:16.085 [JavaFX Application Thread] DEBUG AssetLoader          - Loading from cache: /assets/textures/Frogger/frog_jump.png
14:28:16.133 [JavaFX Application Thread] DEBUG AssetLoader          - Loading from cache: /assets/textures/Frogger/frog_idle.png
14:28:16.190 [JavaFX Application Thread] DEBUG Input                - Mocking key release: W
14:28:16.190 [JavaFX Application Thread] DEBUG AssetLoader          - Loading from cache: /assets/textures/Frogger/frog_jump.png
14:28:16.256 [JavaFX Application Thread] DEBUG Input                - Mocking key release: D
14:28:16.256 [JavaFX Application Thread] DEBUG AssetLoader          - Loading from cache: /assets/textures/Frogger/frog_jump.png
14:28:16.261 [JavaFX Application Thread] DEBUG AssetLoader          - Loading from cache: /assets/textures/Frogger/frog_idle.png
14:28:16.325 [JavaFX Application Thread] DEBUG AssetLoader          - Loading from cache: /assets/textures/Frogger/frog_idle.png
14:28:16.372 [JavaFX Application Thread] DEBUG AssetLoader          - Loading from disk: /assets/textures/Frogger/purple_car.png
14:28:16.374 [JavaFX Application Thread] DEBUG AssetLoader          - Loading from cache: /assets/textures/Frogger/purple_car.png
14:28:16.437 [JavaFX Application Thread] DEBUG AssetLoader          - Loading from cache: /assets/textures/Frogger/frog_idle.png
14:28:16.452 [JavaFX Application Thread] DEBUG Input                - Mocking key release: W
14:28:16.452 [JavaFX Application Thread] DEBUG AssetLoader          - Loading from cache: /assets/textures/Frogger/frog_jump.png
14:28:16.517 [JavaFX Application Thread] DEBUG AssetLoader          - Loading from cache: /assets/textures/Frogger/frog_idle.png
14:28:16.577 [JavaFX Application Thread] DEBUG Input                - Mocking key release: D
14:28:16.577 [JavaFX Application Thread] DEBUG AssetLoader          - Loading from cache: /assets/textures/Frogger/frog_jump.png
14:28:16.709 [JavaFX Application Thread] DEBUG AssetLoader          - Loading from cache: /assets/textures/Frogger/frog_idle.png
14:28:16.741 [JavaFX Application Thread] DEBUG Input                - Mocking key release: W
14:28:16.741 [JavaFX Application Thread] DEBUG AssetLoader          - Loading from cache: /assets/textures/Frogger/frog_jump.png
14:28:16.820 [JavaFX Application Thread] DEBUG AssetLoader          - Loading from cache: /assets/textures/Frogger/frog_idle.png
14:28:16.886 [JavaFX Application Thread] DEBUG Input                - Mocking key release: D
14:28:16.886 [JavaFX Application Thread] DEBUG AssetLoader          - Loading from cache: /assets/textures/Frogger/frog_jump.png
14:28:16.895 [JavaFX Application Thread] DEBUG Input                - Mocking key release: W
14:28:16.896 [JavaFX Application Thread] DEBUG AssetLoader          - Loading from cache: /assets/textures/Frogger/frog_jump.png
14:28:16.997 [JavaFX Application Thread] DEBUG AssetLoader          - Loading from cache: /assets/textures/Frogger/frog_idle.png
14:28:17.052 [JavaFX Application Thread] DEBUG Input                - Mocking key release: D
14:28:17.052 [JavaFX Application Thread] DEBUG AssetLoader          - Loading from cache: /assets/textures/Frogger/frog_jump.png
14:28:17.140 [JavaFX Application Thread] DEBUG AssetLoader          - Loading from cache: /assets/textures/Frogger/frog_idle.png
14:28:17.140 [JavaFX Application Thread] DEBUG AssetLoader          - Loading from cache: /assets/textures/Frogger/frog_idle.png
14:28:17.235 [JavaFX Application Thread] DEBUG Input                - Mocking key release: W
14:28:17.236 [JavaFX Application Thread] DEBUG AssetLoader          - Loading from cache: /assets/textures/Frogger/frog_jump.png
14:28:17.302 [JavaFX Application Thread] DEBUG AssetLoader          - Loading from disk: /assets/textures/Frogger/red_car.png
14:28:17.304 [JavaFX Application Thread] DEBUG AssetLoader          - Loading from disk: /assets/textures/Frogger/orange_car.png
14:28:17.317 [JavaFX Application Thread] DEBUG AssetLoader          - Loading from cache: /assets/textures/Frogger/frog_idle.png
14:28:17.441 [JavaFX Application Thread] DEBUG Input                - Mocking key release: W
14:28:17.441 [JavaFX Application Thread] DEBUG AssetLoader          - Loading from cache: /assets/textures/Frogger/frog_jump.png
14:28:17.492 [JavaFX Application Thread] DEBUG AssetLoader          - Loading from cache: /assets/textures/Frogger/frog_idle.png
14:28:17.636 [JavaFX Application Thread] DEBUG Input                - Mocking key release: W
14:28:17.636 [JavaFX Application Thread] DEBUG AssetLoader          - Loading from cache: /assets/textures/Frogger/frog_jump.png
14:28:17.701 [JavaFX Application Thread] DEBUG AssetLoader          - Loading from cache: /assets/textures/Frogger/frog_idle.png
14:28:17.892 [JavaFX Application Thread] DEBUG AssetLoader          - Loading from cache: /assets/textures/Frogger/frog_idle.png
14:28:18.153 [JavaFX Application Thread] DEBUG Input                - Mocking key release: D
14:28:18.153 [JavaFX Application Thread] DEBUG AssetLoader          - Loading from cache: /assets/textures/Frogger/frog_jump.png
14:28:18.213 [JavaFX Application Thread] DEBUG AssetLoader          - Loading from disk: /assets/textures/Frogger/blue_car.png
14:28:18.216 [JavaFX Application Thread] DEBUG AssetLoader          - Loading from cache: /assets/textures/Frogger/red_car.png
14:28:18.318 [JavaFX Application Thread] DEBUG Input                - Mocking key release: D
14:28:18.318 [JavaFX Application Thread] DEBUG AssetLoader          - Loading from cache: /assets/textures/Frogger/frog_jump.png
14:28:18.405 [JavaFX Application Thread] DEBUG AssetLoader          - Loading from cache: /assets/textures/Frogger/frog_idle.png
14:28:18.468 [JavaFX Application Thread] DEBUG Input                - Mocking key release: D
14:28:18.468 [JavaFX Application Thread] DEBUG AssetLoader          - Loading from cache: /assets/textures/Frogger/frog_jump.png
14:28:18.581 [JavaFX Application Thread] DEBUG AssetLoader          - Loading from cache: /assets/textures/Frogger/frog_idle.png
14:28:18.597 [JavaFX Application Thread] DEBUG Input                - Mocking key release: D
14:28:18.597 [JavaFX Application Thread] DEBUG AssetLoader          - Loading from cache: /assets/textures/Frogger/frog_jump.png
14:28:18.725 [JavaFX Application Thread] DEBUG AssetLoader          - Loading from cache: /assets/textures/Frogger/frog_idle.png
14:28:18.768 [JavaFX Application Thread] DEBUG Input                - Mocking key release: D
14:28:18.768 [JavaFX Application Thread] DEBUG AssetLoader          - Loading from cache: /assets/textures/Frogger/frog_jump.png
14:28:18.837 [JavaFX Application Thread] DEBUG AssetLoader          - Loading from cache: /assets/textures/Frogger/frog_idle.png
14:28:18.916 [JavaFX Application Thread] DEBUG Input                - Mocking key release: D
14:28:18.917 [JavaFX Application Thread] DEBUG AssetLoader          - Loading from cache: /assets/textures/Frogger/frog_jump.png
14:28:19.028 [JavaFX Application Thread] DEBUG AssetLoader          - Loading from cache: /assets/textures/Frogger/frog_idle.png
14:28:19.104 [JavaFX Application Thread] DEBUG Input                - Mocking key release: D
14:28:19.104 [JavaFX Application Thread] DEBUG AssetLoader          - Loading from cache: /assets/textures/Frogger/frog_jump.png
14:28:19.125 [JavaFX Application Thread] DEBUG AssetLoader          - Loading from cache: /assets/textures/Frogger/red_car.png
14:28:19.126 [JavaFX Application Thread] DEBUG AssetLoader          - Loading from cache: /assets/textures/Frogger/blue_car.png
14:28:19.127 [JavaFX Application Thread] DEBUG AssetLoader          - Loading from cache: /assets/textures/Frogger/half_log.png
14:28:19.128 [JavaFX Application Thread] DEBUG AssetLoader          - Loading from cache: /assets/textures/Frogger/half_log.png
14:28:19.157 [JavaFX Application Thread] DEBUG AssetLoader          - Loading from cache: /assets/textures/Frogger/frog_idle.png
14:28:19.235 [JavaFX Application Thread] DEBUG Input                - Mocking key release: W
14:28:19.235 [JavaFX Application Thread] DEBUG AssetLoader          - Loading from cache: /assets/textures/Frogger/frog_jump.png
14:28:19.364 [JavaFX Application Thread] DEBUG AssetLoader          - Loading from cache: /assets/textures/Frogger/frog_idle.png
14:28:19.493 [JavaFX Application Thread] DEBUG AssetLoader          - Loading from cache: /assets/textures/Frogger/frog_idle.png
14:28:20.038 [JavaFX Application Thread] DEBUG AssetLoader          - Loading from cache: /assets/textures/Frogger/purple_car.png
14:28:20.039 [JavaFX Application Thread] DEBUG AssetLoader          - Loading from disk: /assets/textures/Frogger/green_car.png
14:28:20.467 [JavaFX Application Thread] DEBUG Input                - Mocking key release: W
14:28:20.467 [JavaFX Application Thread] DEBUG AssetLoader          - Loading from cache: /assets/textures/Frogger/frog_jump.png
14:28:20.725 [JavaFX Application Thread] DEBUG AssetLoader          - Loading from cache: /assets/textures/Frogger/frog_idle.png
14:28:20.966 [JavaFX Application Thread] DEBUG AssetLoader          - Loading from cache: /assets/textures/Frogger/green_car.png
14:28:20.968 [JavaFX Application Thread] DEBUG AssetLoader          - Loading from cache: /assets/textures/Frogger/blue_car.png
14:28:21.500 [JavaFX Application Thread] DEBUG Input                - Mocking key release: S
14:28:21.500 [JavaFX Application Thread] DEBUG AssetLoader          - Loading from cache: /assets/textures/Frogger/frog_jump.png
14:28:21.765 [JavaFX Application Thread] DEBUG AssetLoader          - Loading from cache: /assets/textures/Frogger/frog_idle.png
14:28:21.813 [JavaFX Application Thread] DEBUG Input                - Mocking key release: D
14:28:21.813 [JavaFX Application Thread] DEBUG AssetLoader          - Loading from cache: /assets/textures/Frogger/frog_jump.png
14:28:21.877 [JavaFX Application Thread] DEBUG AssetLoader          - Loading from cache: /assets/textures/Frogger/red_car.png
14:28:21.878 [JavaFX Application Thread] DEBUG AssetLoader          - Loading from cache: /assets/textures/Frogger/green_car.png
14:28:22.016 [JavaFX Application Thread] DEBUG Input                - Mocking key release: D
14:28:22.017 [JavaFX Application Thread] DEBUG AssetLoader          - Loading from cache: /assets/textures/Frogger/frog_jump.png
14:28:22.053 [JavaFX Application Thread] DEBUG AssetLoader          - Loading from cache: /assets/textures/Frogger/frog_idle.png
14:28:22.177 [JavaFX Application Thread] DEBUG Input                - Mocking key release: D
14:28:22.178 [JavaFX Application Thread] DEBUG AssetLoader          - Loading from cache: /assets/textures/Frogger/frog_jump.png
14:28:22.277 [JavaFX Application Thread] DEBUG AssetLoader          - Loading from cache: /assets/textures/Frogger/frog_idle.png
14:28:22.421 [JavaFX Application Thread] DEBUG AssetLoader          - Loading from cache: /assets/textures/Frogger/frog_idle.png
14:28:22.499 [JavaFX Application Thread] DEBUG Input                - Mocking key release: S
14:28:22.499 [JavaFX Application Thread] DEBUG AssetLoader          - Loading from cache: /assets/textures/Frogger/frog_jump.png
14:28:22.700 [JavaFX Application Thread] DEBUG Input                - Mocking key release: D
14:28:22.700 [JavaFX Application Thread] DEBUG AssetLoader          - Loading from cache: /assets/textures/Frogger/frog_jump.png
14:28:22.756 [JavaFX Application Thread] DEBUG AssetLoader          - Loading from cache: /assets/textures/Frogger/frog_idle.png
14:28:22.788 [JavaFX Application Thread] DEBUG AssetLoader          - Loading from cache: /assets/textures/Frogger/orange_car.png
14:28:22.789 [JavaFX Application Thread] DEBUG AssetLoader          - Loading from cache: /assets/textures/Frogger/green_car.png
14:28:22.901 [JavaFX Application Thread] DEBUG Input                - Mocking key release: D
14:28:22.901 [JavaFX Application Thread] DEBUG AssetLoader          - Loading from cache: /assets/textures/Frogger/frog_jump.png
14:28:22.965 [JavaFX Application Thread] DEBUG AssetLoader          - Loading from cache: /assets/textures/Frogger/frog_idle.png
14:28:23.066 [JavaFX Application Thread] DEBUG Input                - Mocking key release: D
14:28:23.067 [JavaFX Application Thread] DEBUG AssetLoader          - Loading from cache: /assets/textures/Frogger/frog_jump.png
14:28:23.156 [JavaFX Application Thread] DEBUG AssetLoader          - Loading from cache: /assets/textures/Frogger/frog_idle.png
14:28:23.317 [JavaFX Application Thread] DEBUG AssetLoader          - Loading from cache: /assets/textures/Frogger/frog_idle.png
14:28:23.467 [JavaFX Application Thread] DEBUG Input                - Mocking key release: W
14:28:23.467 [JavaFX Application Thread] DEBUG AssetLoader          - Loading from cache: /assets/textures/Frogger/frog_jump.png
14:28:23.686 [JavaFX Application Thread] DEBUG AssetLoader          - Loading from cache: /assets/textures/Frogger/green_car.png
14:28:23.688 [JavaFX Application Thread] DEBUG AssetLoader          - Loading from cache: /assets/textures/Frogger/green_car.png
14:28:23.690 [JavaFX Application Thread] DEBUG AssetLoader          - Loading from cache: /assets/textures/Frogger/half_log.png
14:28:23.692 [JavaFX Application Thread] DEBUG AssetLoader          - Loading from cache: /assets/textures/Frogger/half_log.png
14:28:23.694 [JavaFX Application Thread] DEBUG AssetLoader          - Loading from cache: /assets/textures/Frogger/full_log.png
14:28:23.717 [JavaFX Application Thread] DEBUG AssetLoader          - Loading from cache: /assets/textures/Frogger/frog_idle.png
14:28:23.887 [JavaFX Application Thread] DEBUG Input                - Mocking key release: W
14:28:23.887 [JavaFX Application Thread] DEBUG AssetLoader          - Loading from cache: /assets/textures/Frogger/frog_jump.png
14:28:24.133 [JavaFX Application Thread] DEBUG AssetLoader          - Loading from cache: /assets/textures/Frogger/frog_idle.png
14:28:24.516 [JavaFX Application Thread] DEBUG Input                - Mocking key release: S
14:28:24.516 [JavaFX Application Thread] DEBUG AssetLoader          - Loading from cache: /assets/textures/Frogger/frog_jump.png
14:28:24.597 [JavaFX Application Thread] DEBUG AssetLoader          - Loading from cache: /assets/textures/Frogger/red_car.png
14:28:24.598 [JavaFX Application Thread] DEBUG AssetLoader          - Loading from cache: /assets/textures/Frogger/orange_car.png
14:28:24.687 [JavaFX Application Thread] DEBUG Input                - Mocking key release: S
14:28:24.688 [JavaFX Application Thread] DEBUG AssetLoader          - Loading from cache: /assets/textures/Frogger/frog_jump.png
14:28:24.773 [JavaFX Application Thread] DEBUG AssetLoader          - Loading from cache: /assets/textures/Frogger/frog_idle.png
14:28:24.900 [JavaFX Application Thread] DEBUG Input                - Mocking key release: D
14:28:24.900 [JavaFX Application Thread] DEBUG AssetLoader          - Loading from cache: /assets/textures/Frogger/frog_jump.png
14:28:24.933 [JavaFX Application Thread] DEBUG AssetLoader          - Loading from cache: /assets/textures/Frogger/frog_idle.png
14:28:25.052 [JavaFX Application Thread] DEBUG Input                - Mocking key release: D
14:28:25.053 [JavaFX Application Thread] DEBUG AssetLoader          - Loading from cache: /assets/textures/Frogger/frog_jump.png
14:28:25.157 [JavaFX Application Thread] DEBUG AssetLoader          - Loading from cache: /assets/textures/Frogger/frog_idle.png
14:28:25.215 [JavaFX Application Thread] DEBUG Input                - Mocking key release: D
14:28:25.215 [JavaFX Application Thread] DEBUG AssetLoader          - Loading from cache: /assets/textures/Frogger/frog_jump.png
14:28:25.301 [JavaFX Application Thread] DEBUG AssetLoader          - Loading from cache: /assets/textures/Frogger/frog_idle.png
14:28:25.375 [JavaFX Application Thread] DEBUG Input                - Mocking key release: D
14:28:25.375 [JavaFX Application Thread] DEBUG AssetLoader          - Loading from cache: /assets/textures/Frogger/frog_jump.png
14:28:25.479 [JavaFX Application Thread] DEBUG AssetLoader          - Loading from cache: /assets/textures/Frogger/frog_idle.png
14:28:25.493 [JavaFX Application Thread] DEBUG AssetLoader          - Loading from cache: /assets/textures/Frogger/blue_car.png
14:28:25.494 [JavaFX Application Thread] DEBUG AssetLoader          - Loading from cache: /assets/textures/Frogger/red_car.png
14:28:25.537 [JavaFX Application Thread] DEBUG Input                - Mocking key release: D
14:28:25.537 [JavaFX Application Thread] DEBUG AssetLoader          - Loading from cache: /assets/textures/Frogger/frog_jump.png
14:28:25.621 [JavaFX Application Thread] DEBUG AssetLoader          - Loading from cache: /assets/textures/Frogger/frog_idle.png
14:28:25.714 [JavaFX Application Thread] DEBUG Input                - Mocking key release: D
14:28:25.714 [JavaFX Application Thread] DEBUG AssetLoader          - Loading from cache: /assets/textures/Frogger/frog_jump.png
14:28:25.798 [JavaFX Application Thread] DEBUG AssetLoader          - Loading from cache: /assets/textures/Frogger/frog_idle.png
14:28:25.973 [JavaFX Application Thread] DEBUG AssetLoader          - Loading from cache: /assets/textures/Frogger/frog_idle.png
14:28:26.016 [JavaFX Application Thread] DEBUG Input                - Mocking key release: W
14:28:26.016 [JavaFX Application Thread] DEBUG AssetLoader          - Loading from cache: /assets/textures/Frogger/frog_jump.png
14:28:26.277 [JavaFX Application Thread] DEBUG AssetLoader          - Loading from cache: /assets/textures/Frogger/frog_idle.png
14:28:26.390 [JavaFX Application Thread] DEBUG AssetLoader          - Loading from cache: /assets/textures/Frogger/purple_car.png
14:28:26.391 [JavaFX Application Thread] DEBUG AssetLoader          - Loading from cache: /assets/textures/Frogger/orange_car.png
14:28:26.449 [JavaFX Application Thread] DEBUG Input                - Mocking key release: W
14:28:26.449 [JavaFX Application Thread] DEBUG AssetLoader          - Loading from cache: /assets/textures/Frogger/frog_jump.png
14:28:26.709 [JavaFX Application Thread] DEBUG AssetLoader          - Loading from cache: /assets/textures/Frogger/frog_idle.png
14:28:27.285 [JavaFX Application Thread] DEBUG AssetLoader          - Loading from cache: /assets/textures/Frogger/blue_car.png
14:28:27.285 [JavaFX Application Thread] DEBUG AssetLoader          - Loading from cache: /assets/textures/Frogger/orange_car.png
14:28:27.286 [JavaFX Application Thread] DEBUG AssetLoader          - Loading from cache: /assets/textures/Frogger/full_log.png
14:28:27.286 [JavaFX Application Thread] DEBUG AssetLoader          - Loading from cache: /assets/textures/Frogger/full_log.png
14:28:28.182 [JavaFX Application Thread] DEBUG AssetLoader          - Loading from cache: /assets/textures/Frogger/red_car.png
14:28:28.183 [JavaFX Application Thread] DEBUG AssetLoader          - Loading from cache: /assets/textures/Frogger/red_car.png
14:28:28.517 [JavaFX Application Thread] DEBUG Input                - Mocking key release: S
14:28:28.517 [JavaFX Application Thread] DEBUG AssetLoader          - Loading from cache: /assets/textures/Frogger/frog_jump.png
14:28:28.685 [JavaFX Application Thread] DEBUG Input                - Mocking key release: S
14:28:28.685 [JavaFX Application Thread] DEBUG AssetLoader          - Loading from cache: /assets/textures/Frogger/frog_jump.png
14:28:28.772 [JavaFX Application Thread] DEBUG AssetLoader          - Loading from cache: /assets/textures/Frogger/frog_idle.png
14:28:28.933 [JavaFX Application Thread] DEBUG AssetLoader          - Loading from cache: /assets/textures/Frogger/frog_idle.png
14:28:29.092 [JavaFX Application Thread] DEBUG AssetLoader          - Loading from cache: /assets/textures/Frogger/green_car.png
14:28:29.093 [JavaFX Application Thread] DEBUG AssetLoader          - Loading from cache: /assets/textures/Frogger/red_car.png
14:28:29.216 [JavaFX Application Thread] DEBUG Input                - Mocking key release: D
14:28:29.216 [JavaFX Application Thread] DEBUG AssetLoader          - Loading from cache: /assets/textures/Frogger/frog_jump.png
14:28:29.381 [JavaFX Application Thread] DEBUG Input                - Mocking key release: D
14:28:29.382 [JavaFX Application Thread] DEBUG AssetLoader          - Loading from cache: /assets/textures/Frogger/frog_jump.png
14:28:29.476 [JavaFX Application Thread] DEBUG AssetLoader          - Loading from cache: /assets/textures/Frogger/frog_idle.png
14:28:29.514 [JavaFX Application Thread] DEBUG Input                - Mocking key release: D
14:28:29.515 [JavaFX Application Thread] DEBUG AssetLoader          - Loading from cache: /assets/textures/Frogger/frog_jump.png
14:28:29.637 [JavaFX Application Thread] DEBUG AssetLoader          - Loading from cache: /assets/textures/Frogger/frog_idle.png
14:28:29.668 [JavaFX Application Thread] DEBUG Input                - Mocking key release: D
14:28:29.669 [JavaFX Application Thread] DEBUG AssetLoader          - Loading from cache: /assets/textures/Frogger/frog_jump.png
14:28:29.765 [JavaFX Application Thread] DEBUG AssetLoader          - Loading from cache: /assets/textures/Frogger/frog_idle.png
14:28:29.821 [JavaFX Application Thread] DEBUG Input                - Mocking key release: D
14:28:29.821 [JavaFX Application Thread] DEBUG AssetLoader          - Loading from cache: /assets/textures/Frogger/frog_jump.png
14:28:29.925 [JavaFX Application Thread] DEBUG AssetLoader          - Loading from cache: /assets/textures/Frogger/frog_idle.png
14:28:29.984 [JavaFX Application Thread] DEBUG Input                - Mocking key release: D
14:28:29.984 [JavaFX Application Thread] DEBUG AssetLoader          - Loading from cache: /assets/textures/Frogger/frog_jump.png
14:28:29.989 [JavaFX Application Thread] DEBUG AssetLoader          - Loading from cache: /assets/textures/Frogger/red_car.png
14:28:29.990 [JavaFX Application Thread] DEBUG AssetLoader          - Loading from cache: /assets/textures/Frogger/green_car.png
14:28:30.069 [JavaFX Application Thread] DEBUG AssetLoader          - Loading from cache: /assets/textures/Frogger/frog_idle.png
14:28:30.147 [JavaFX Application Thread] DEBUG Input                - Mocking key release: D
14:28:30.147 [JavaFX Application Thread] DEBUG AssetLoader          - Loading from cache: /assets/textures/Frogger/frog_jump.png
14:28:30.244 [JavaFX Application Thread] DEBUG AssetLoader          - Loading from cache: /assets/textures/Frogger/frog_idle.png
14:28:30.283 [JavaFX Application Thread] DEBUG Input                - Mocking key release: D
14:28:30.284 [JavaFX Application Thread] DEBUG AssetLoader          - Loading from cache: /assets/textures/Frogger/frog_jump.png
14:28:30.405 [JavaFX Application Thread] DEBUG AssetLoader          - Loading from cache: /assets/textures/Frogger/frog_idle.png
14:28:30.447 [JavaFX Application Thread] DEBUG Input                - Mocking key release: D
14:28:30.447 [JavaFX Application Thread] DEBUG AssetLoader          - Loading from cache: /assets/textures/Frogger/frog_jump.png
14:28:30.533 [JavaFX Application Thread] DEBUG AssetLoader          - Loading from cache: /assets/textures/Frogger/frog_idle.png
14:28:30.563 [JavaFX Application Thread] DEBUG Input                - Mocking key release: D
14:28:30.563 [JavaFX Application Thread] DEBUG AssetLoader          - Loading from cache: /assets/textures/Frogger/frog_jump.png
14:28:30.685 [JavaFX Application Thread] DEBUG Input                - Mocking key release: D
14:28:30.685 [JavaFX Application Thread] DEBUG AssetLoader          - Loading from cache: /assets/textures/Frogger/frog_jump.png
14:28:30.709 [JavaFX Application Thread] DEBUG AssetLoader          - Loading from cache: /assets/textures/Frogger/frog_idle.png
14:28:30.821 [JavaFX Application Thread] DEBUG AssetLoader          - Loading from cache: /assets/textures/Frogger/frog_idle.png
14:28:30.885 [JavaFX Application Thread] DEBUG AssetLoader          - Loading from cache: /assets/textures/Frogger/blue_car.png
14:28:30.886 [JavaFX Application Thread] DEBUG AssetLoader          - Loading from cache: /assets/textures/Frogger/red_car.png
14:28:30.932 [JavaFX Application Thread] DEBUG AssetLoader          - Loading from cache: /assets/textures/Frogger/frog_idle.png
14:28:30.962 [JavaFX Application Thread] DEBUG Input                - Mocking key release: W
14:28:30.963 [JavaFX Application Thread] DEBUG AssetLoader          - Loading from cache: /assets/textures/Frogger/frog_jump.png
14:28:31.221 [JavaFX Application Thread] DEBUG AssetLoader          - Loading from cache: /assets/textures/Frogger/frog_idle.png
14:28:31.781 [JavaFX Application Thread] DEBUG AssetLoader          - Loading from cache: /assets/textures/Frogger/orange_car.png
14:28:31.782 [JavaFX Application Thread] DEBUG AssetLoader          - Loading from cache: /assets/textures/Frogger/red_car.png
14:28:31.782 [JavaFX Application Thread] DEBUG AssetLoader          - Loading from cache: /assets/textures/Frogger/half_log.png
14:28:31.783 [JavaFX Application Thread] DEBUG AssetLoader          - Loading from cache: /assets/textures/Frogger/full_log.png
14:28:31.783 [JavaFX Application Thread] DEBUG AssetLoader          - Loading from cache: /assets/textures/Frogger/half_log.png
14:28:31.931 [JavaFX Application Thread] DEBUG Input                - Mocking key release: S
14:28:31.932 [JavaFX Application Thread] DEBUG AssetLoader          - Loading from cache: /assets/textures/Frogger/frog_jump.png
14:28:32.181 [JavaFX Application Thread] DEBUG AssetLoader          - Loading from cache: /assets/textures/Frogger/frog_idle.png
14:28:32.195 [JavaFX Application Thread] DEBUG Input                - Mocking key release: D
14:28:32.195 [JavaFX Application Thread] DEBUG AssetLoader          - Loading from cache: /assets/textures/Frogger/frog_jump.png
14:28:32.452 [JavaFX Application Thread] DEBUG AssetLoader          - Loading from cache: /assets/textures/Frogger/frog_idle.png
14:28:32.709 [JavaFX Application Thread] DEBUG AssetLoader          - Loading from cache: /assets/textures/Frogger/orange_car.png
14:28:32.710 [JavaFX Application Thread] DEBUG AssetLoader          - Loading from cache: /assets/textures/Frogger/green_car.png
14:28:33.620 [JavaFX Application Thread] DEBUG AssetLoader          - Loading from cache: /assets/textures/Frogger/green_car.png
14:28:33.621 [JavaFX Application Thread] DEBUG AssetLoader          - Loading from cache: /assets/textures/Frogger/orange_car.png
14:28:33.861 [JavaFX Application Thread] DEBUG Input                - Mocking key release: W
14:28:33.861 [JavaFX Application Thread] DEBUG AssetLoader          - Loading from cache: /assets/textures/Frogger/frog_jump.png
14:28:34.117 [JavaFX Application Thread] DEBUG AssetLoader          - Loading from cache: /assets/textures/Frogger/frog_idle.png
14:28:34.534 [JavaFX Application Thread] DEBUG AssetLoader          - Loading from cache: /assets/textures/Frogger/purple_car.png
14:28:34.535 [JavaFX Application Thread] DEBUG AssetLoader          - Loading from cache: /assets/textures/Frogger/green_car.png
14:28:34.661 [JavaFX Application Thread] DEBUG Input                - Mocking key release: W
14:28:34.662 [JavaFX Application Thread] DEBUG AssetLoader          - Loading from cache: /assets/textures/Frogger/frog_jump.png
14:28:34.917 [JavaFX Application Thread] DEBUG AssetLoader          - Loading from cache: /assets/textures/Frogger/frog_idle.png
14:28:35.365 [JavaFX Application Thread] DEBUG Input                - Mocking key release: S
14:28:35.365 [JavaFX Application Thread] DEBUG AssetLoader          - Loading from cache: /assets/textures/Frogger/frog_jump.png
14:28:35.444 [JavaFX Application Thread] DEBUG AssetLoader          - Loading from cache: /assets/textures/Frogger/blue_car.png
14:28:35.445 [JavaFX Application Thread] DEBUG AssetLoader          - Loading from cache: /assets/textures/Frogger/orange_car.png
14:28:35.568 [JavaFX Application Thread] DEBUG Input                - Mocking key release: S
14:28:35.569 [JavaFX Application Thread] DEBUG AssetLoader          - Loading from cache: /assets/textures/Frogger/frog_jump.png
14:28:35.621 [JavaFX Application Thread] DEBUG AssetLoader          - Loading from cache: /assets/textures/Frogger/frog_idle.png
14:28:35.812 [JavaFX Application Thread] DEBUG AssetLoader          - Loading from cache: /assets/textures/Frogger/frog_idle.png
14:28:36.016 [JavaFX Application Thread] DEBUG Input                - Mocking key release: D
14:28:36.017 [JavaFX Application Thread] DEBUG AssetLoader          - Loading from cache: /assets/textures/Frogger/frog_jump.png
14:28:36.277 [JavaFX Application Thread] DEBUG AssetLoader          - Loading from cache: /assets/textures/Frogger/frog_idle.png
14:28:36.374 [JavaFX Application Thread] DEBUG AssetLoader          - Loading from cache: /assets/textures/Frogger/blue_car.png
14:28:36.375 [JavaFX Application Thread] DEBUG AssetLoader          - Loading from cache: /assets/textures/Frogger/red_car.png
14:28:37.286 [JavaFX Application Thread] DEBUG AssetLoader          - Loading from cache: /assets/textures/Frogger/green_car.png
14:28:37.286 [JavaFX Application Thread] DEBUG AssetLoader          - Loading from cache: /assets/textures/Frogger/red_car.png
14:28:37.309 [JavaFX Application Thread] DEBUG Input                - Mocking key release: A
14:28:37.309 [JavaFX Application Thread] DEBUG AssetLoader          - Loading from cache: /assets/textures/Frogger/frog_jump.png
14:28:37.573 [JavaFX Application Thread] DEBUG AssetLoader          - Loading from cache: /assets/textures/Frogger/frog_idle.png
14:28:38.197 [JavaFX Application Thread] DEBUG AssetLoader          - Loading from cache: /assets/textures/Frogger/green_car.png
14:28:38.198 [JavaFX Application Thread] DEBUG AssetLoader          - Loading from cache: /assets/textures/Frogger/green_car.png
14:28:38.199 [JavaFX Application Thread] DEBUG AssetLoader          - Loading from cache: /assets/textures/Frogger/half_log.png
14:28:38.200 [JavaFX Application Thread] DEBUG AssetLoader          - Loading from cache: /assets/textures/Frogger/full_log.png
14:28:39.109 [JavaFX Application Thread] DEBUG AssetLoader          - Loading from cache: /assets/textures/Frogger/green_car.png
14:28:39.110 [JavaFX Application Thread] DEBUG AssetLoader          - Loading from cache: /assets/textures/Frogger/red_car.png
14:28:40.037 [JavaFX Application Thread] DEBUG AssetLoader          - Loading from cache: /assets/textures/Frogger/blue_car.png
14:28:40.039 [JavaFX Application Thread] DEBUG AssetLoader          - Loading from cache: /assets/textures/Frogger/orange_car.png
14:28:40.260 [JavaFX Application Thread] DEBUG Input                - Mocking key release: W
14:28:40.260 [JavaFX Application Thread] DEBUG AssetLoader          - Loading from cache: /assets/textures/Frogger/frog_jump.png
14:28:40.517 [JavaFX Application Thread] DEBUG AssetLoader          - Loading from cache: /assets/textures/Frogger/frog_idle.png
14:28:40.950 [JavaFX Application Thread] DEBUG AssetLoader          - Loading from cache: /assets/textures/Frogger/orange_car.png
14:28:40.951 [JavaFX Application Thread] DEBUG AssetLoader          - Loading from cache: /assets/textures/Frogger/orange_car.png
14:28:41.091 [JavaFX Application Thread] DEBUG Input                - Mocking key release: S
14:28:41.091 [JavaFX Application Thread] DEBUG AssetLoader          - Loading from cache: /assets/textures/Frogger/frog_jump.png
14:28:41.349 [JavaFX Application Thread] DEBUG AssetLoader          - Loading from cache: /assets/textures/Frogger/frog_idle.png
14:28:41.458 [JavaFX Application Thread] DEBUG Input                - Mocking key release: D
14:28:41.459 [JavaFX Application Thread] DEBUG AssetLoader          - Loading from cache: /assets/textures/Frogger/frog_jump.png
14:28:41.717 [JavaFX Application Thread] DEBUG AssetLoader          - Loading from cache: /assets/textures/Frogger/frog_idle.png
14:28:41.860 [JavaFX Application Thread] DEBUG AssetLoader          - Loading from cache: /assets/textures/Frogger/orange_car.png
14:28:41.861 [JavaFX Application Thread] DEBUG AssetLoader          - Loading from cache: /assets/textures/Frogger/orange_car.png
14:28:41.862 [JavaFX Application Thread] DEBUG AssetLoader          - Loading from cache: /assets/textures/Frogger/half_log.png
14:28:41.862 [JavaFX Application Thread] DEBUG AssetLoader          - Loading from cache: /assets/textures/Frogger/half_log.png
14:28:41.863 [JavaFX Application Thread] DEBUG AssetLoader          - Loading from cache: /assets/textures/Frogger/full_log.png
14:28:42.790 [JavaFX Application Thread] DEBUG AssetLoader          - Loading from cache: /assets/textures/Frogger/purple_car.png
14:28:42.791 [JavaFX Application Thread] DEBUG AssetLoader          - Loading from cache: /assets/textures/Frogger/blue_car.png
14:28:42.825 [JavaFX Application Thread] DEBUG Input                - Mocking key release: W
14:28:42.826 [JavaFX Application Thread] DEBUG AssetLoader          - Loading from cache: /assets/textures/Frogger/frog_jump.png
14:28:42.962 [JavaFX Application Thread] DEBUG Input                - Mocking key release: W
14:28:42.963 [JavaFX Application Thread] DEBUG AssetLoader          - Loading from cache: /assets/textures/Frogger/frog_jump.png
14:28:43.077 [JavaFX Application Thread] DEBUG AssetLoader          - Loading from cache: /assets/textures/Frogger/frog_idle.png
14:28:43.221 [JavaFX Application Thread] DEBUG AssetLoader          - Loading from cache: /assets/textures/Frogger/frog_idle.png
14:28:43.700 [JavaFX Application Thread] DEBUG AssetLoader          - Loading from cache: /assets/textures/Frogger/orange_car.png
14:28:43.701 [JavaFX Application Thread] DEBUG AssetLoader          - Loading from cache: /assets/textures/Frogger/orange_car.png
14:28:44.340 [JavaFX Application Thread] DEBUG Input                - Mocking key release: W
14:28:44.341 [JavaFX Application Thread] DEBUG AssetLoader          - Loading from cache: /assets/textures/Frogger/frog_jump.png
14:28:44.491 [JavaFX Application Thread] DEBUG Input                - Mocking key release: W
14:28:44.491 [JavaFX Application Thread] DEBUG AssetLoader          - Loading from cache: /assets/textures/Frogger/frog_jump.png
14:28:44.597 [JavaFX Application Thread] DEBUG AssetLoader          - Loading from cache: /assets/textures/Frogger/frog_idle.png
14:28:44.607 [JavaFX Application Thread] DEBUG Input                - Mocking key release: W
14:28:44.607 [JavaFX Application Thread] DEBUG AssetLoader          - Loading from cache: /assets/textures/Frogger/frog_jump.png
14:28:44.613 [JavaFX Application Thread] DEBUG AssetLoader          - Loading from cache: /assets/textures/Frogger/orange_car.png
14:28:44.614 [JavaFX Application Thread] DEBUG AssetLoader          - Loading from cache: /assets/textures/Frogger/red_car.png
14:28:44.691 [JavaFX Application Thread] DEBUG Input                - Mocking key release: W
14:28:44.691 [JavaFX Application Thread] DEBUG AssetLoader          - Loading from cache: /assets/textures/Frogger/frog_jump.png
14:28:44.741 [JavaFX Application Thread] DEBUG AssetLoader          - Loading from cache: /assets/textures/Frogger/frog_idle.png
14:28:44.811 [JavaFX Application Thread] DEBUG Input                - Mocking key release: W
14:28:44.811 [JavaFX Application Thread] DEBUG AssetLoader          - Loading from cache: /assets/textures/Frogger/frog_jump.png
14:28:44.869 [JavaFX Application Thread] DEBUG AssetLoader          - Loading from cache: /assets/textures/Frogger/frog_idle.png
14:28:44.949 [JavaFX Application Thread] DEBUG AssetLoader          - Loading from cache: /assets/textures/Frogger/frog_idle.png
14:28:45.012 [JavaFX Application Thread] DEBUG Input                - Mocking key release: W
14:28:45.012 [JavaFX Application Thread] DEBUG AssetLoader          - Loading from cache: /assets/textures/Frogger/frog_jump.png
14:28:45.061 [JavaFX Application Thread] DEBUG AssetLoader          - Loading from cache: /assets/textures/Frogger/frog_idle.png
14:28:45.269 [JavaFX Application Thread] DEBUG AssetLoader          - Loading from cache: /assets/textures/Frogger/frog_idle.png
14:28:45.372 [JavaFX Application Thread] DEBUG Input                - Mocking key release: W
14:28:45.372 [JavaFX Application Thread] DEBUG AssetLoader          - Loading from cache: /assets/textures/Frogger/frog_jump.png
14:28:45.524 [JavaFX Application Thread] DEBUG AssetLoader          - Loading from cache: /assets/textures/Frogger/red_car.png
14:28:45.526 [JavaFX Application Thread] DEBUG AssetLoader          - Loading from cache: /assets/textures/Frogger/blue_car.png
14:28:45.625 [JavaFX Application Thread] DEBUG Input                - Mocking key release: W
14:28:45.625 [JavaFX Application Thread] DEBUG AssetLoader          - Loading from cache: /assets/textures/Frogger/frog_jump.png
14:28:45.637 [JavaFX Application Thread] DEBUG AssetLoader          - Loading from cache: /assets/textures/Frogger/frog_idle.png
14:28:45.825 [JavaFX Application Thread] DEBUG Input                - Mocking key release: W
14:28:45.826 [JavaFX Application Thread] DEBUG AssetLoader          - Loading from cache: /assets/textures/Frogger/frog_jump.png
14:28:45.877 [JavaFX Application Thread] DEBUG AssetLoader          - Loading from cache: /assets/textures/Frogger/frog_idle.png
14:28:46.005 [JavaFX Application Thread] DEBUG Input                - Mocking key release: W
14:28:46.006 [JavaFX Application Thread] DEBUG AssetLoader          - Loading from cache: /assets/textures/Frogger/frog_jump.png
14:28:46.085 [JavaFX Application Thread] DEBUG AssetLoader          - Loading from cache: /assets/textures/Frogger/frog_idle.png
14:28:46.166 [JavaFX Application Thread] DEBUG Input                - Mocking key release: W
14:28:46.167 [JavaFX Application Thread] DEBUG AssetLoader          - Loading from cache: /assets/textures/Frogger/frog_jump.png
14:28:46.260 [JavaFX Application Thread] DEBUG AssetLoader          - Loading from cache: /assets/textures/Frogger/frog_idle.png
14:28:46.324 [JavaFX Application Thread] DEBUG Input                - Mocking key release: W
14:28:46.324 [JavaFX Application Thread] DEBUG AssetLoader          - Loading from cache: /assets/textures/Frogger/frog_jump.png
14:28:46.421 [JavaFX Application Thread] DEBUG AssetLoader          - Loading from cache: /assets/textures/Frogger/frog_idle.png
14:28:46.453 [JavaFX Application Thread] DEBUG AssetLoader          - Loading from cache: /assets/textures/Frogger/purple_car.png
14:28:46.454 [JavaFX Application Thread] DEBUG AssetLoader          - Loading from cache: /assets/textures/Frogger/purple_car.png
14:28:46.454 [JavaFX Application Thread] DEBUG AssetLoader          - Loading from cache: /assets/textures/Frogger/full_log.png
14:28:46.455 [JavaFX Application Thread] DEBUG AssetLoader          - Loading from cache: /assets/textures/Frogger/half_log.png
14:28:46.469 [JavaFX Application Thread] DEBUG Input                - Mocking key release: W
14:28:46.469 [JavaFX Application Thread] DEBUG AssetLoader          - Loading from cache: /assets/textures/Frogger/frog_jump.png
14:28:46.581 [JavaFX Application Thread] DEBUG AssetLoader          - Loading from cache: /assets/textures/Frogger/frog_idle.png
14:28:46.628 [JavaFX Application Thread] DEBUG Input                - Mocking key release: W
14:28:46.628 [JavaFX Application Thread] DEBUG AssetLoader          - Loading from cache: /assets/textures/Frogger/frog_jump.png
14:28:46.708 [JavaFX Application Thread] DEBUG AssetLoader          - Loading from cache: /assets/textures/Frogger/frog_idle.png
14:28:46.885 [JavaFX Application Thread] DEBUG AssetLoader          - Loading from cache: /assets/textures/Frogger/frog_idle.png
14:28:47.365 [JavaFX Application Thread] DEBUG AssetLoader          - Loading from cache: /assets/textures/Frogger/orange_car.png
14:28:47.366 [JavaFX Application Thread] DEBUG AssetLoader          - Loading from cache: /assets/textures/Frogger/orange_car.png
14:28:48.051 [JavaFX Application Thread] DEBUG GameApplication      - Exiting game application
14:28:48.052 [JavaFX Application Thread] DEBUG GameApplication      - Shutting down background threads
14:28:48.052 [JavaFX Application Thread] DEBUG GameApplication      - Exiting FXGL
14:28:48.052 [JavaFX Application Thread] DEBUG FXGL                 - Saving FXGL system data
14:28:48.054 [JavaFX Application Thread] DEBUG DesktopFSService     - Writing to: system\fxgl.bundle
14:28:48.058 [JavaFX Application Thread] DEBUG GameApplication      - Closing logger and exiting JavaFX
