09:13:03.356 [JavaFX Application Thread] DEBUG GameApplication      - Logger initialized
09:13:03.362 [JavaFX Application Thread] DEBUG MainWindow           - Creating a JavaFX scene
09:13:03.432 [JavaFX Application Thread] DEBUG MainWindow           - Target settings size: 800.0 x 600.0
09:13:03.432 [JavaFX Application Thread] DEBUG MainWindow           - Scaled scene size:    800.0 x 600.0
09:13:03.432 [JavaFX Application Thread] DEBUG MainWindow           - Scaled ratio: (1.0, 1.0)
09:13:03.437 [JavaFX Application Thread] DEBUG GameApplication      - Starting FXGL
09:13:03.447 [JavaFX Application Thread] INFO  FXGL                 - FXGL-0.5.1 on DESKTOP
09:13:03.447 [JavaFX Application Thread] INFO  FXGL                 - Source code and latest versions at: https://github.com/AlmasB/FXGL
09:13:03.447 [JavaFX Application Thread] INFO  FXGL                 -              Join the FXGL chat at: https://gitter.im/AlmasB/FXGL
09:13:03.452 [JavaFX Application Thread] DEBUG FS                   - Loaded DesktopFSService
09:13:03.453 [JavaFX Application Thread] DEBUG FXGL                 - Loading FXGL system data
09:13:03.460 [JavaFX Application Thread] DEBUG DesktopFSService     - Reading from: system\fxgl.bundle
09:13:03.467 [JavaFX Application Thread] DEBUG Bundle               - Logging bundle: FXGL
09:13:03.468 [JavaFX Application Thread] DEBUG Bundle               - FXGL.offline.timer.version.check=2018-05-24T09:09:49.283
09:13:03.490 [JavaFX Application Thread] DEBUG GameApplication      - FXGL started
09:13:03.490 [JavaFX Application Thread] DEBUG GameApplication      - Logging game settings
Title: Physics Demo
Version: 
Width: 800
Height: 600
Fullscreen: false
Intro: false
Menus: false
Profiling: false
Single step:false
App Mode: DEVELOPER
Menu Key: ESCAPE
Stage Style: DECORATED
Scene Factory: class com.almasb.fxgl.scene.SceneFactory
Dialog Factory: class com.almasb.fxgl.ui.FXGLDialogFactory
UI Factory: class com.almasb.fxgl.ui.FXGLUIFactory
Notification Service: class com.almasb.fxgl.gameplay.notification.XboxNotificationView
Exception Handler: class com.almasb.fxgl.app.FXGLExceptionHandler
09:13:03.491 [JavaFX Application Thread] DEBUG GameApplication      - Configuring GameApplication
09:13:03.491 [JavaFX Application Thread] DEBUG GameApplication      - Initializing state machine and application states
09:13:03.502 [JavaFX Application Thread] DEBUG AssetLoader          - Loading from disk: /assets/ui/cursors/fxgl_default.png
09:13:03.519 [JavaFX Application Thread] DEBUG AssetLoader          - Loading from disk: /assets/ui/cursors/fxgl_default.png
09:13:03.538 [JavaFX Application Thread] DEBUG FXGLAssets           - Loading FXGLAssets
09:13:03.562 [JavaFX Application Thread] DEBUG AssetLoader          - Loading from disk: /assets/ui/fonts/VarelaRound-Regular.ttf
09:13:03.689 [JavaFX Application Thread] DEBUG AssetLoader          - Loading from disk: /assets/ui/fonts/lucida_console.ttf
09:13:03.699 [JavaFX Application Thread] DEBUG AssetLoader          - Loading from disk: /assets/ui/css/fxgl_dark.css
09:13:03.723 [JavaFX Application Thread] DEBUG AssetLoader          - Loading from disk: /assets/ui/cursors/fxgl_default.png
09:13:03.748 [JavaFX Application Thread] DEBUG AssetLoader          - Loading from disk: /assets/ui/cursors/fxgl_default.png
09:13:03.762 [JavaFX Application Thread] DEBUG GameScene            - Game scene initialized: 800x600
09:13:03.765 [JavaFX Application Thread] DEBUG GameWorld            - Game world initialized
09:13:03.802 [JavaFX Application Thread] DEBUG PhysicsWorld         - Physics world initialized: appHeight=600, physics.ppm=50.0
09:13:03.817 [JavaFX Application Thread] DEBUG Input                - Registered new binding: Pause - Esc
09:13:03.831 [JavaFX Application Thread] DEBUG Input                - Clearing active input actions
09:13:03.863 [JavaFX Application Thread] DEBUG AppStateMachine      - StartupState -> StartupState
09:13:03.866 [JavaFX Application Thread] INFO  GameApplication      - Game configuration took:  0.375 sec
09:13:03.868 [JavaFX Application Thread] DEBUG AssetLoader          - Loading from disk: /assets/textures/fxgl_icon.png
09:13:03.878 [JavaFX Application Thread] DEBUG MainWindow           - Opening main window
09:13:04.014 [JavaFX Application Thread] DEBUG MainWindow           - Window border size: (4.0, 26.66668701171875)
09:13:04.015 [JavaFX Application Thread] DEBUG MainWindow           - Scaled size: 800.0 x 600.0
09:13:04.015 [JavaFX Application Thread] DEBUG MainWindow           - Scaled ratio: (1.0, 1.0)
09:13:04.015 [JavaFX Application Thread] DEBUG MainWindow           - Scene size: 800.0 x 600.0
09:13:04.015 [JavaFX Application Thread] DEBUG MainWindow           - Stage size: 804.0 x 626.6666870117188
09:13:04.015 [JavaFX Application Thread] DEBUG GameApplication      - Running preInit()
09:13:04.017 [JavaFX Application Thread] DEBUG Input                - Registered new binding: Screenshot - P
09:13:04.018 [JavaFX Application Thread] DEBUG Input                - Registered new binding: Dev Options - CTRL+0
09:13:04.019 [JavaFX Application Thread] DEBUG Input                - Registered new binding: System info dump - CTRL+9
09:13:04.019 [JavaFX Application Thread] DEBUG Input                - Registered new binding: Restart - CTRL+R
09:13:04.050 [JavaFX Application Thread] DEBUG GameApplication      - Starting main loop
09:13:04.052 [JavaFX Application Thread] DEBUG StartupState         - STARTUP
09:13:04.052 [JavaFX Application Thread] DEBUG GameApplication      - Starting new game
09:13:04.052 [JavaFX Application Thread] DEBUG Input                - Clearing active input actions
09:13:04.058 [JavaFX Application Thread] DEBUG AppStateMachine      - StartupState -> LoadingState
09:13:04.062 [FXGL Background Thread 1 ] DEBUG InitAppTask          - Clearing previous game
09:13:04.062 [FXGL Background Thread 1 ] DEBUG GameWorld            - Clearing game world
09:13:04.063 [FXGL Background Thread 1 ] DEBUG PhysicsWorld         - Clearing physics world
09:13:04.063 [FXGL Background Thread 1 ] DEBUG GameScene            - Clearing game scene
09:13:04.064 [FXGL Background Thread 1 ] DEBUG InitAppTask          - Initializing Game
09:13:04.156 [FXGL Background Thread 1 ] DEBUG GameScene            - Creating render group for layer: DEFAULT(100000)
09:13:04.160 [FXGL Background Thread 1 ] DEBUG InitAppTask          - Initializing Physics
09:13:04.160 [FXGL Background Thread 1 ] DEBUG InitAppTask          - Initializing UI
09:13:04.161 [FXGL Background Thread 1 ] DEBUG InitAppTask          - Initialization Complete
09:13:04.161 [FXGL Background Thread 1 ] INFO  InitAppTask          - Game initialization took: 0.099 sec
09:13:04.168 [JavaFX Application Thread] DEBUG Input                - Clearing active input actions
09:13:04.172 [JavaFX Application Thread] DEBUG AppStateMachine      - LoadingState -> PlayState
09:13:22.731 [JavaFX Application Thread] DEBUG GameApplication      - Exiting game application
09:13:22.731 [JavaFX Application Thread] DEBUG GameApplication      - Shutting down background threads
09:13:22.732 [JavaFX Application Thread] DEBUG GameApplication      - Exiting FXGL
09:13:22.732 [JavaFX Application Thread] DEBUG FXGL                 - Saving FXGL system data
09:13:22.734 [JavaFX Application Thread] DEBUG DesktopFSService     - Writing to: system\fxgl.bundle
09:13:22.738 [JavaFX Application Thread] DEBUG GameApplication      - Closing logger and exiting JavaFX
