18:43:40.545 [JavaFX Application Thread] DEBUG GameApplication      - Logger initialized
18:43:40.550 [JavaFX Application Thread] DEBUG MainWindow           - Creating a JavaFX scene
18:43:40.626 [JavaFX Application Thread] DEBUG MainWindow           - Target settings size: 800.0 x 470.0
18:43:40.626 [JavaFX Application Thread] DEBUG MainWindow           - Scaled scene size:    800.0 x 470.0
18:43:40.627 [JavaFX Application Thread] DEBUG MainWindow           - Scaled ratio: (1.0, 1.0)
18:43:40.633 [JavaFX Application Thread] DEBUG GameApplication      - Starting FXGL
18:43:40.644 [JavaFX Application Thread] INFO  FXGL                 - FXGL-0.5.1 on DESKTOP
18:43:40.645 [JavaFX Application Thread] INFO  FXGL                 - Source code and latest versions at: https://github.com/AlmasB/FXGL
18:43:40.645 [JavaFX Application Thread] INFO  FXGL                 -              Join the FXGL chat at: https://gitter.im/AlmasB/FXGL
18:43:40.654 [JavaFX Application Thread] DEBUG FS                   - Loaded DesktopFSService
18:43:40.655 [JavaFX Application Thread] DEBUG FXGL                 - Loading FXGL system data
18:43:40.668 [JavaFX Application Thread] DEBUG DesktopFSService     - Reading from: system\fxgl.bundle
18:43:40.682 [JavaFX Application Thread] DEBUG Bundle               - Logging bundle: FXGL
18:43:40.684 [JavaFX Application Thread] DEBUG Bundle               - FXGL.offline.timer.version.check=2018-05-16T18:22:51.838
18:43:40.717 [JavaFX Application Thread] DEBUG GameApplication      - FXGL started
18:43:40.718 [JavaFX Application Thread] DEBUG GameApplication      - Logging game settings
Title: Frogger
Version: 0.2.0
Width: 800
Height: 470
Fullscreen: false
Intro: false
Menus: false
Profiling: false
Single step:false
App Mode: DEVELOPER
Menu Key: ESCAPE
Stage Style: DECORATED
Scene Factory: class com.almasb.fxgl.scene.SceneFactory
Dialog Factory: class com.almasb.fxgl.ui.FXGLDialogFactory
UI Factory: class com.almasb.fxgl.ui.FXGLUIFactory
Notification Service: class com.almasb.fxgl.gameplay.notification.XboxNotificationView
Exception Handler: class com.almasb.fxgl.app.FXGLExceptionHandler
18:43:40.718 [JavaFX Application Thread] DEBUG GameApplication      - Configuring GameApplication
18:43:40.719 [JavaFX Application Thread] DEBUG GameApplication      - Initializing state machine and application states
18:43:40.729 [JavaFX Application Thread] DEBUG AssetLoader          - Loading from disk: /assets/ui/cursors/fxgl_default.png
18:43:40.747 [JavaFX Application Thread] DEBUG AssetLoader          - Loading from disk: /assets/ui/cursors/fxgl_default.png
18:43:40.763 [JavaFX Application Thread] DEBUG FXGLAssets           - Loading FXGLAssets
18:43:40.787 [JavaFX Application Thread] DEBUG AssetLoader          - Loading from disk: /assets/ui/fonts/VarelaRound-Regular.ttf
18:43:40.915 [JavaFX Application Thread] DEBUG AssetLoader          - Loading from disk: /assets/ui/fonts/lucida_console.ttf
18:43:40.924 [JavaFX Application Thread] DEBUG AssetLoader          - Loading from disk: /assets/ui/css/fxgl_dark.css
18:43:40.947 [JavaFX Application Thread] DEBUG AssetLoader          - Loading from disk: /assets/ui/cursors/fxgl_default.png
18:43:40.973 [JavaFX Application Thread] DEBUG AssetLoader          - Loading from disk: /assets/ui/cursors/fxgl_default.png
18:43:40.987 [JavaFX Application Thread] DEBUG GameScene            - Game scene initialized: 800x470
18:43:40.989 [JavaFX Application Thread] DEBUG GameWorld            - Game world initialized
18:43:41.027 [JavaFX Application Thread] DEBUG PhysicsWorld         - Physics world initialized: appHeight=470, physics.ppm=50.0
18:43:41.041 [JavaFX Application Thread] DEBUG Input                - Registered new binding: Pause - Esc
18:43:41.054 [JavaFX Application Thread] DEBUG Input                - Clearing active input actions
18:43:41.089 [JavaFX Application Thread] DEBUG AppStateMachine      - StartupState -> StartupState
18:43:41.094 [JavaFX Application Thread] INFO  GameApplication      - Game configuration took:  0.375 sec
18:43:41.095 [JavaFX Application Thread] DEBUG AssetLoader          - Loading from disk: /assets/textures/fxgl_icon.png
18:43:41.106 [JavaFX Application Thread] DEBUG MainWindow           - Opening main window
18:43:41.232 [JavaFX Application Thread] DEBUG MainWindow           - Window border size: (4.0, 26.666656494140625)
18:43:41.232 [JavaFX Application Thread] DEBUG MainWindow           - Scaled size: 800.0 x 470.0
18:43:41.233 [JavaFX Application Thread] DEBUG MainWindow           - Scaled ratio: (1.0, 1.0)
18:43:41.233 [JavaFX Application Thread] DEBUG MainWindow           - Scene size: 800.0 x 470.0
18:43:41.233 [JavaFX Application Thread] DEBUG MainWindow           - Stage size: 804.0 x 496.6666564941406
18:43:41.233 [JavaFX Application Thread] DEBUG GameApplication      - Running preInit()
18:43:41.235 [JavaFX Application Thread] DEBUG Input                - Registered new binding: Screenshot - P
18:43:41.235 [JavaFX Application Thread] DEBUG Input                - Registered new binding: Dev Options - CTRL+0
18:43:41.236 [JavaFX Application Thread] DEBUG Input                - Registered new binding: System info dump - CTRL+9
18:43:41.236 [JavaFX Application Thread] DEBUG Input                - Registered new binding: Restart - CTRL+R
18:43:41.236 [JavaFX Application Thread] DEBUG Input                - Registered new binding: up - W
18:43:41.236 [JavaFX Application Thread] DEBUG Input                - Registered new binding: down - S
18:43:41.236 [JavaFX Application Thread] DEBUG Input                - Registered new binding: left - A
18:43:41.237 [JavaFX Application Thread] DEBUG Input                - Registered new binding: right - D
18:43:41.266 [JavaFX Application Thread] DEBUG GameApplication      - Starting main loop
18:43:41.267 [JavaFX Application Thread] DEBUG StartupState         - STARTUP
18:43:41.268 [JavaFX Application Thread] DEBUG GameApplication      - Starting new game
18:43:41.268 [JavaFX Application Thread] DEBUG Input                - Clearing active input actions
18:43:41.274 [JavaFX Application Thread] DEBUG AppStateMachine      - StartupState -> LoadingState
18:43:41.279 [FXGL Background Thread 1 ] DEBUG InitAppTask          - Clearing previous game
18:43:41.279 [FXGL Background Thread 1 ] DEBUG GameWorld            - Clearing game world
18:43:41.279 [FXGL Background Thread 1 ] DEBUG PhysicsWorld         - Clearing physics world
18:43:41.279 [FXGL Background Thread 1 ] DEBUG GameScene            - Clearing game scene
18:43:41.281 [FXGL Background Thread 1 ] DEBUG InitAppTask          - Initializing Game
18:43:41.328 [FXGL Background Thread 1 ] DEBUG AssetLoader          - Loading from disk: /assets/textures/Frogger/frog_idle.png
18:43:41.341 [FXGL Background Thread 1 ] DEBUG GameScene            - Creating render group for layer: DEFAULT(100000)
18:43:41.344 [FXGL Background Thread 1 ] DEBUG AssetLoader          - Loading from disk: /assets/textures/Frogger/half_log.png
18:43:41.351 [FXGL Background Thread 1 ] DEBUG AssetLoader          - Loading from cache: /assets/textures/Frogger/half_log.png
18:43:41.353 [FXGL Background Thread 1 ] DEBUG InitAppTask          - Initializing Physics
18:43:41.354 [FXGL Background Thread 1 ] DEBUG InitAppTask          - Initializing UI
18:43:41.354 [FXGL Background Thread 1 ] DEBUG AssetLoader          - Loading from disk: /assets/textures/Frogger/background.jpg
18:43:41.361 [FXGL Background Thread 1 ] DEBUG InitAppTask          - Initialization Complete
18:43:41.361 [FXGL Background Thread 1 ] INFO  InitAppTask          - Game initialization took: 0.082 sec
18:43:41.364 [JavaFX Application Thread] DEBUG Input                - Clearing active input actions
18:43:41.370 [JavaFX Application Thread] DEBUG AppStateMachine      - LoadingState -> PlayState
18:43:42.058 [JavaFX Application Thread] DEBUG AssetLoader          - Loading from disk: /assets/textures/Frogger/red_car.png
18:43:42.060 [JavaFX Application Thread] DEBUG AssetLoader          - Loading from disk: /assets/textures/Frogger/blue_car.png
18:43:42.778 [JavaFX Application Thread] DEBUG AssetLoader          - Loading from cache: /assets/textures/Frogger/blue_car.png
18:43:42.779 [JavaFX Application Thread] DEBUG AssetLoader          - Loading from disk: /assets/textures/Frogger/purple_car.png
18:43:43.483 [JavaFX Application Thread] DEBUG AssetLoader          - Loading from cache: /assets/textures/Frogger/red_car.png
18:43:43.484 [JavaFX Application Thread] DEBUG AssetLoader          - Loading from disk: /assets/textures/Frogger/green_car.png
18:43:44.203 [JavaFX Application Thread] DEBUG AssetLoader          - Loading from cache: /assets/textures/Frogger/blue_car.png
18:43:44.204 [JavaFX Application Thread] DEBUG AssetLoader          - Loading from disk: /assets/textures/Frogger/orange_car.png
18:43:44.922 [JavaFX Application Thread] DEBUG AssetLoader          - Loading from cache: /assets/textures/Frogger/red_car.png
18:43:44.923 [JavaFX Application Thread] DEBUG AssetLoader          - Loading from cache: /assets/textures/Frogger/purple_car.png
18:43:45.642 [JavaFX Application Thread] DEBUG AssetLoader          - Loading from cache: /assets/textures/Frogger/red_car.png
18:43:45.643 [JavaFX Application Thread] DEBUG AssetLoader          - Loading from cache: /assets/textures/Frogger/orange_car.png
18:43:46.363 [JavaFX Application Thread] DEBUG AssetLoader          - Loading from cache: /assets/textures/Frogger/red_car.png
18:43:46.364 [JavaFX Application Thread] DEBUG AssetLoader          - Loading from cache: /assets/textures/Frogger/orange_car.png
18:43:46.365 [JavaFX Application Thread] DEBUG AssetLoader          - Loading from cache: /assets/textures/Frogger/half_log.png
18:43:46.366 [JavaFX Application Thread] DEBUG AssetLoader          - Loading from cache: /assets/textures/Frogger/half_log.png
18:43:47.066 [JavaFX Application Thread] DEBUG AssetLoader          - Loading from cache: /assets/textures/Frogger/blue_car.png
18:43:47.067 [JavaFX Application Thread] DEBUG AssetLoader          - Loading from cache: /assets/textures/Frogger/orange_car.png
18:43:47.786 [JavaFX Application Thread] DEBUG AssetLoader          - Loading from cache: /assets/textures/Frogger/orange_car.png
18:43:47.787 [JavaFX Application Thread] DEBUG AssetLoader          - Loading from cache: /assets/textures/Frogger/orange_car.png
18:43:48.507 [JavaFX Application Thread] DEBUG AssetLoader          - Loading from cache: /assets/textures/Frogger/red_car.png
18:43:48.508 [JavaFX Application Thread] DEBUG AssetLoader          - Loading from cache: /assets/textures/Frogger/purple_car.png
18:43:49.226 [JavaFX Application Thread] DEBUG AssetLoader          - Loading from cache: /assets/textures/Frogger/green_car.png
18:43:49.227 [JavaFX Application Thread] DEBUG AssetLoader          - Loading from cache: /assets/textures/Frogger/red_car.png
18:43:49.914 [JavaFX Application Thread] DEBUG AssetLoader          - Loading from cache: /assets/textures/Frogger/red_car.png
18:43:49.915 [JavaFX Application Thread] DEBUG AssetLoader          - Loading from cache: /assets/textures/Frogger/red_car.png
18:43:49.916 [JavaFX Application Thread] DEBUG AssetLoader          - Loading from cache: /assets/textures/Frogger/half_log.png
18:43:49.917 [JavaFX Application Thread] DEBUG AssetLoader          - Loading from cache: /assets/textures/Frogger/half_log.png
18:43:50.618 [JavaFX Application Thread] DEBUG AssetLoader          - Loading from cache: /assets/textures/Frogger/blue_car.png
18:43:50.620 [JavaFX Application Thread] DEBUG AssetLoader          - Loading from cache: /assets/textures/Frogger/red_car.png
18:43:51.324 [JavaFX Application Thread] DEBUG AssetLoader          - Loading from cache: /assets/textures/Frogger/orange_car.png
18:43:51.326 [JavaFX Application Thread] DEBUG AssetLoader          - Loading from cache: /assets/textures/Frogger/blue_car.png
18:43:52.028 [JavaFX Application Thread] DEBUG AssetLoader          - Loading from cache: /assets/textures/Frogger/purple_car.png
18:43:52.031 [JavaFX Application Thread] DEBUG AssetLoader          - Loading from cache: /assets/textures/Frogger/purple_car.png
18:43:52.715 [JavaFX Application Thread] DEBUG AssetLoader          - Loading from cache: /assets/textures/Frogger/blue_car.png
18:43:52.716 [JavaFX Application Thread] DEBUG AssetLoader          - Loading from cache: /assets/textures/Frogger/red_car.png
18:43:53.418 [JavaFX Application Thread] DEBUG AssetLoader          - Loading from cache: /assets/textures/Frogger/green_car.png
18:43:53.419 [JavaFX Application Thread] DEBUG AssetLoader          - Loading from cache: /assets/textures/Frogger/orange_car.png
18:43:53.420 [JavaFX Application Thread] DEBUG AssetLoader          - Loading from disk: /assets/textures/Frogger/full_log.png
18:43:53.421 [JavaFX Application Thread] DEBUG AssetLoader          - Loading from cache: /assets/textures/Frogger/half_log.png
18:43:54.123 [JavaFX Application Thread] DEBUG AssetLoader          - Loading from cache: /assets/textures/Frogger/green_car.png
18:43:54.126 [JavaFX Application Thread] DEBUG AssetLoader          - Loading from cache: /assets/textures/Frogger/orange_car.png
18:43:54.811 [JavaFX Application Thread] DEBUG AssetLoader          - Loading from cache: /assets/textures/Frogger/orange_car.png
18:43:54.813 [JavaFX Application Thread] DEBUG AssetLoader          - Loading from cache: /assets/textures/Frogger/purple_car.png
18:43:55.515 [JavaFX Application Thread] DEBUG AssetLoader          - Loading from cache: /assets/textures/Frogger/green_car.png
18:43:55.516 [JavaFX Application Thread] DEBUG AssetLoader          - Loading from cache: /assets/textures/Frogger/orange_car.png
18:43:56.218 [JavaFX Application Thread] DEBUG AssetLoader          - Loading from cache: /assets/textures/Frogger/red_car.png
18:43:56.219 [JavaFX Application Thread] DEBUG AssetLoader          - Loading from cache: /assets/textures/Frogger/red_car.png
18:43:56.924 [JavaFX Application Thread] DEBUG AssetLoader          - Loading from cache: /assets/textures/Frogger/green_car.png
18:43:56.925 [JavaFX Application Thread] DEBUG AssetLoader          - Loading from cache: /assets/textures/Frogger/green_car.png
18:43:56.927 [JavaFX Application Thread] DEBUG AssetLoader          - Loading from cache: /assets/textures/Frogger/half_log.png
18:43:56.929 [JavaFX Application Thread] DEBUG AssetLoader          - Loading from cache: /assets/textures/Frogger/full_log.png
18:43:57.611 [JavaFX Application Thread] DEBUG AssetLoader          - Loading from cache: /assets/textures/Frogger/blue_car.png
18:43:57.612 [JavaFX Application Thread] DEBUG AssetLoader          - Loading from cache: /assets/textures/Frogger/blue_car.png
18:43:58.331 [JavaFX Application Thread] DEBUG AssetLoader          - Loading from cache: /assets/textures/Frogger/purple_car.png
18:43:58.332 [JavaFX Application Thread] DEBUG AssetLoader          - Loading from cache: /assets/textures/Frogger/blue_car.png
18:43:59.051 [JavaFX Application Thread] DEBUG AssetLoader          - Loading from cache: /assets/textures/Frogger/green_car.png
18:43:59.053 [JavaFX Application Thread] DEBUG AssetLoader          - Loading from cache: /assets/textures/Frogger/purple_car.png
18:43:59.770 [JavaFX Application Thread] DEBUG AssetLoader          - Loading from cache: /assets/textures/Frogger/orange_car.png
18:43:59.771 [JavaFX Application Thread] DEBUG AssetLoader          - Loading from cache: /assets/textures/Frogger/purple_car.png
18:44:00.474 [JavaFX Application Thread] DEBUG AssetLoader          - Loading from cache: /assets/textures/Frogger/red_car.png
18:44:00.476 [JavaFX Application Thread] DEBUG AssetLoader          - Loading from cache: /assets/textures/Frogger/green_car.png
18:44:01.194 [JavaFX Application Thread] DEBUG AssetLoader          - Loading from cache: /assets/textures/Frogger/red_car.png
18:44:01.195 [JavaFX Application Thread] DEBUG AssetLoader          - Loading from cache: /assets/textures/Frogger/blue_car.png
18:44:01.914 [JavaFX Application Thread] DEBUG AssetLoader          - Loading from cache: /assets/textures/Frogger/blue_car.png
18:44:01.916 [JavaFX Application Thread] DEBUG AssetLoader          - Loading from cache: /assets/textures/Frogger/orange_car.png
18:44:01.917 [JavaFX Application Thread] DEBUG AssetLoader          - Loading from cache: /assets/textures/Frogger/full_log.png
18:44:01.918 [JavaFX Application Thread] DEBUG AssetLoader          - Loading from cache: /assets/textures/Frogger/half_log.png
18:44:02.634 [JavaFX Application Thread] DEBUG AssetLoader          - Loading from cache: /assets/textures/Frogger/purple_car.png
18:44:02.635 [JavaFX Application Thread] DEBUG AssetLoader          - Loading from cache: /assets/textures/Frogger/green_car.png
18:44:03.354 [JavaFX Application Thread] DEBUG AssetLoader          - Loading from cache: /assets/textures/Frogger/blue_car.png
18:44:03.355 [JavaFX Application Thread] DEBUG AssetLoader          - Loading from cache: /assets/textures/Frogger/red_car.png
18:44:04.058 [JavaFX Application Thread] DEBUG AssetLoader          - Loading from cache: /assets/textures/Frogger/orange_car.png
18:44:04.060 [JavaFX Application Thread] DEBUG AssetLoader          - Loading from cache: /assets/textures/Frogger/red_car.png
18:44:04.779 [JavaFX Application Thread] DEBUG AssetLoader          - Loading from cache: /assets/textures/Frogger/orange_car.png
18:44:04.780 [JavaFX Application Thread] DEBUG AssetLoader          - Loading from cache: /assets/textures/Frogger/red_car.png
18:44:05.499 [JavaFX Application Thread] DEBUG AssetLoader          - Loading from cache: /assets/textures/Frogger/orange_car.png
18:44:05.500 [JavaFX Application Thread] DEBUG AssetLoader          - Loading from cache: /assets/textures/Frogger/red_car.png
18:44:05.501 [JavaFX Application Thread] DEBUG AssetLoader          - Loading from cache: /assets/textures/Frogger/half_log.png
18:44:05.502 [JavaFX Application Thread] DEBUG AssetLoader          - Loading from cache: /assets/textures/Frogger/half_log.png
18:44:06.220 [JavaFX Application Thread] DEBUG AssetLoader          - Loading from cache: /assets/textures/Frogger/orange_car.png
18:44:06.221 [JavaFX Application Thread] DEBUG AssetLoader          - Loading from cache: /assets/textures/Frogger/purple_car.png
18:44:06.922 [JavaFX Application Thread] DEBUG AssetLoader          - Loading from cache: /assets/textures/Frogger/purple_car.png
18:44:06.923 [JavaFX Application Thread] DEBUG AssetLoader          - Loading from cache: /assets/textures/Frogger/orange_car.png
18:44:07.643 [JavaFX Application Thread] DEBUG AssetLoader          - Loading from cache: /assets/textures/Frogger/orange_car.png
18:44:07.644 [JavaFX Application Thread] DEBUG AssetLoader          - Loading from cache: /assets/textures/Frogger/blue_car.png
18:44:08.362 [JavaFX Application Thread] DEBUG AssetLoader          - Loading from cache: /assets/textures/Frogger/green_car.png
18:44:08.363 [JavaFX Application Thread] DEBUG AssetLoader          - Loading from cache: /assets/textures/Frogger/blue_car.png
18:44:08.363 [JavaFX Application Thread] DEBUG AssetLoader          - Loading from cache: /assets/textures/Frogger/half_log.png
18:44:08.364 [JavaFX Application Thread] DEBUG AssetLoader          - Loading from cache: /assets/textures/Frogger/half_log.png
18:44:09.082 [JavaFX Application Thread] DEBUG AssetLoader          - Loading from cache: /assets/textures/Frogger/green_car.png
18:44:09.084 [JavaFX Application Thread] DEBUG AssetLoader          - Loading from cache: /assets/textures/Frogger/purple_car.png
18:44:09.786 [JavaFX Application Thread] DEBUG AssetLoader          - Loading from cache: /assets/textures/Frogger/red_car.png
18:44:09.788 [JavaFX Application Thread] DEBUG AssetLoader          - Loading from cache: /assets/textures/Frogger/blue_car.png
18:44:10.506 [JavaFX Application Thread] DEBUG AssetLoader          - Loading from cache: /assets/textures/Frogger/orange_car.png
18:44:10.507 [JavaFX Application Thread] DEBUG AssetLoader          - Loading from cache: /assets/textures/Frogger/red_car.png
18:44:11.226 [JavaFX Application Thread] DEBUG AssetLoader          - Loading from cache: /assets/textures/Frogger/orange_car.png
18:44:11.227 [JavaFX Application Thread] DEBUG AssetLoader          - Loading from cache: /assets/textures/Frogger/blue_car.png
18:44:11.946 [JavaFX Application Thread] DEBUG AssetLoader          - Loading from cache: /assets/textures/Frogger/red_car.png
18:44:11.947 [JavaFX Application Thread] DEBUG AssetLoader          - Loading from cache: /assets/textures/Frogger/orange_car.png
18:44:12.666 [JavaFX Application Thread] DEBUG AssetLoader          - Loading from cache: /assets/textures/Frogger/purple_car.png
18:44:12.668 [JavaFX Application Thread] DEBUG AssetLoader          - Loading from cache: /assets/textures/Frogger/green_car.png
18:44:13.371 [JavaFX Application Thread] DEBUG AssetLoader          - Loading from cache: /assets/textures/Frogger/green_car.png
18:44:13.371 [JavaFX Application Thread] DEBUG AssetLoader          - Loading from cache: /assets/textures/Frogger/green_car.png
18:44:13.371 [JavaFX Application Thread] DEBUG AssetLoader          - Loading from cache: /assets/textures/Frogger/half_log.png
18:44:13.371 [JavaFX Application Thread] DEBUG AssetLoader          - Loading from cache: /assets/textures/Frogger/half_log.png
18:44:13.621 [JavaFX Application Thread] DEBUG GameApplication      - Exiting game application
18:44:13.621 [JavaFX Application Thread] DEBUG GameApplication      - Shutting down background threads
18:44:13.621 [JavaFX Application Thread] DEBUG GameApplication      - Exiting FXGL
18:44:13.622 [JavaFX Application Thread] DEBUG FXGL                 - Saving FXGL system data
18:44:13.623 [JavaFX Application Thread] DEBUG DesktopFSService     - Writing to: system\fxgl.bundle
18:44:13.628 [JavaFX Application Thread] DEBUG GameApplication      - Closing logger and exiting JavaFX
