10:47:56.244 [JavaFX Application Thread] DEBUG GameApplication      - Logger initialized
10:47:56.249 [JavaFX Application Thread] DEBUG MainWindow           - Creating a JavaFX scene
10:47:56.328 [JavaFX Application Thread] DEBUG MainWindow           - Target settings size: 700.0 x 490.0
10:47:56.329 [JavaFX Application Thread] DEBUG MainWindow           - Scaled scene size:    700.0 x 490.0
10:47:56.329 [JavaFX Application Thread] DEBUG MainWindow           - Scaled ratio: (1.0, 1.0)
10:47:56.335 [JavaFX Application Thread] DEBUG GameApplication      - Starting FXGL
10:47:56.345 [JavaFX Application Thread] INFO  FXGL                 - FXGL-0.5.1 on DESKTOP
10:47:56.345 [JavaFX Application Thread] INFO  FXGL                 - Source code and latest versions at: https://github.com/AlmasB/FXGL
10:47:56.346 [JavaFX Application Thread] INFO  FXGL                 -              Join the FXGL chat at: https://gitter.im/AlmasB/FXGL
10:47:56.351 [JavaFX Application Thread] DEBUG FS                   - Loaded DesktopFSService
10:47:56.351 [JavaFX Application Thread] DEBUG FXGL                 - Loading FXGL system data
10:47:56.358 [JavaFX Application Thread] DEBUG DesktopFSService     - Reading from: system\fxgl.bundle
10:47:56.365 [JavaFX Application Thread] DEBUG Bundle               - Logging bundle: FXGL
10:47:56.366 [JavaFX Application Thread] DEBUG Bundle               - FXGL.offline.timer.version.check=2018-05-24T09:09:49.283
10:47:56.389 [JavaFX Application Thread] DEBUG GameApplication      - FXGL started
10:47:56.389 [JavaFX Application Thread] DEBUG GameApplication      - Logging game settings
Title: Platformer
Version: 
Width: 700
Height: 490
Fullscreen: false
Intro: false
Menus: false
Profiling: false
Single step:false
App Mode: DEVELOPER
Menu Key: ESCAPE
Stage Style: DECORATED
Scene Factory: class com.almasb.fxgl.scene.SceneFactory
Dialog Factory: class com.almasb.fxgl.ui.FXGLDialogFactory
UI Factory: class com.almasb.fxgl.ui.FXGLUIFactory
Notification Service: class com.almasb.fxgl.gameplay.notification.XboxNotificationView
Exception Handler: class com.almasb.fxgl.app.FXGLExceptionHandler
10:47:56.390 [JavaFX Application Thread] DEBUG GameApplication      - Configuring GameApplication
10:47:56.390 [JavaFX Application Thread] DEBUG GameApplication      - Initializing state machine and application states
10:47:56.401 [JavaFX Application Thread] DEBUG AssetLoader          - Loading from disk: /assets/ui/cursors/fxgl_default.png
10:47:56.419 [JavaFX Application Thread] DEBUG AssetLoader          - Loading from disk: /assets/ui/cursors/fxgl_default.png
10:47:56.435 [JavaFX Application Thread] DEBUG FXGLAssets           - Loading FXGLAssets
10:47:56.459 [JavaFX Application Thread] DEBUG AssetLoader          - Loading from disk: /assets/ui/fonts/VarelaRound-Regular.ttf
10:47:56.577 [JavaFX Application Thread] DEBUG AssetLoader          - Loading from disk: /assets/ui/fonts/lucida_console.ttf
10:47:56.586 [JavaFX Application Thread] DEBUG AssetLoader          - Loading from disk: /assets/ui/css/fxgl_dark.css
10:47:56.608 [JavaFX Application Thread] DEBUG AssetLoader          - Loading from disk: /assets/ui/cursors/fxgl_default.png
10:47:56.632 [JavaFX Application Thread] DEBUG AssetLoader          - Loading from disk: /assets/ui/cursors/fxgl_default.png
10:47:56.646 [JavaFX Application Thread] DEBUG GameScene            - Game scene initialized: 700x490
10:47:56.648 [JavaFX Application Thread] DEBUG GameWorld            - Game world initialized
10:47:56.685 [JavaFX Application Thread] DEBUG PhysicsWorld         - Physics world initialized: appHeight=490, physics.ppm=50.0
10:47:56.700 [JavaFX Application Thread] DEBUG Input                - Registered new binding: Pause - Esc
10:47:56.713 [JavaFX Application Thread] DEBUG Input                - Clearing active input actions
10:47:56.745 [JavaFX Application Thread] DEBUG AppStateMachine      - StartupState -> StartupState
10:47:56.748 [JavaFX Application Thread] INFO  GameApplication      - Game configuration took:  0.358 sec
10:47:56.750 [JavaFX Application Thread] DEBUG AssetLoader          - Loading from disk: /assets/textures/fxgl_icon.png
10:47:56.765 [JavaFX Application Thread] DEBUG MainWindow           - Opening main window
10:47:56.895 [JavaFX Application Thread] DEBUG MainWindow           - Window border size: (4.0, 26.66668701171875)
10:47:56.895 [JavaFX Application Thread] DEBUG MainWindow           - Scaled size: 700.0 x 490.0
10:47:56.895 [JavaFX Application Thread] DEBUG MainWindow           - Scaled ratio: (1.0, 1.0)
10:47:56.895 [JavaFX Application Thread] DEBUG MainWindow           - Scene size: 700.0 x 490.0
10:47:56.896 [JavaFX Application Thread] DEBUG MainWindow           - Stage size: 704.0 x 516.6666870117188
10:47:56.896 [JavaFX Application Thread] DEBUG GameApplication      - Running preInit()
10:47:56.897 [JavaFX Application Thread] DEBUG Input                - Registered new binding: Screenshot - P
10:47:56.898 [JavaFX Application Thread] DEBUG Input                - Registered new binding: Dev Options - CTRL+0
10:47:56.898 [JavaFX Application Thread] DEBUG Input                - Registered new binding: System info dump - CTRL+9
10:47:56.898 [JavaFX Application Thread] DEBUG Input                - Registered new binding: Restart - CTRL+R
10:47:56.902 [JavaFX Application Thread] DEBUG AssetLoader          - Loading from disk: /assets/textures/Platformer/run_sheet.png
10:47:56.931 [JavaFX Application Thread] DEBUG AssetLoader          - Loading from disk: /assets/textures/Platformer/stand_sheet.png
10:47:56.937 [JavaFX Application Thread] DEBUG Input                - Registered new binding: run_right - Right
10:47:56.937 [JavaFX Application Thread] DEBUG Input                - Registered new binding: run_left - Left
10:47:56.938 [JavaFX Application Thread] DEBUG Input                - Registered new binding: jump - Up
10:47:56.971 [JavaFX Application Thread] DEBUG GameApplication      - Starting main loop
10:47:56.973 [JavaFX Application Thread] DEBUG StartupState         - STARTUP
10:47:56.973 [JavaFX Application Thread] DEBUG GameApplication      - Starting new game
10:47:56.973 [JavaFX Application Thread] DEBUG Input                - Clearing active input actions
10:47:56.980 [JavaFX Application Thread] DEBUG AppStateMachine      - StartupState -> LoadingState
10:47:56.985 [FXGL Background Thread 1 ] DEBUG InitAppTask          - Clearing previous game
10:47:56.985 [FXGL Background Thread 1 ] DEBUG GameWorld            - Clearing game world
10:47:56.985 [FXGL Background Thread 1 ] DEBUG PhysicsWorld         - Clearing physics world
10:47:56.985 [FXGL Background Thread 1 ] DEBUG GameScene            - Clearing game scene
10:47:56.986 [FXGL Background Thread 1 ] DEBUG InitAppTask          - Initializing Game
10:47:57.003 [FXGL Background Thread 1 ] DEBUG AssetLoader          - Loading from disk: /assets/tmx/platformer_map_1.tmx
10:47:57.023 [FXGL Background Thread 1 ] WARN  TMXParser            - TiledMap generated from 1.1.5. Supported version: 1.1.2. Some features may not be parsed fully.
10:47:57.044 [FXGL Background Thread 1 ] DEBUG GameWorld            - Clearing removable entities
10:47:57.044 [FXGL Background Thread 1 ] DEBUG GameWorld            - Setting level from map
10:47:57.064 [FXGL Background Thread 1 ] DEBUG AssetLoader          - Loading from disk: /assets/textures/map_tiles.png
10:47:57.078 [FXGL Background Thread 1 ] DEBUG AssetLoader          - Loading from cache: /assets/textures/map_tiles.png
10:47:57.078 [FXGL Background Thread 1 ] DEBUG AssetLoader          - Loading from cache: /assets/textures/map_tiles.png
10:47:57.078 [FXGL Background Thread 1 ] DEBUG AssetLoader          - Loading from cache: /assets/textures/map_tiles.png
10:47:57.078 [FXGL Background Thread 1 ] DEBUG AssetLoader          - Loading from cache: /assets/textures/map_tiles.png
10:47:57.078 [FXGL Background Thread 1 ] DEBUG AssetLoader          - Loading from cache: /assets/textures/map_tiles.png
10:47:57.078 [FXGL Background Thread 1 ] DEBUG AssetLoader          - Loading from cache: /assets/textures/map_tiles.png
10:47:57.079 [FXGL Background Thread 1 ] DEBUG AssetLoader          - Loading from cache: /assets/textures/map_tiles.png
10:47:57.079 [FXGL Background Thread 1 ] DEBUG AssetLoader          - Loading from cache: /assets/textures/map_tiles.png
10:47:57.079 [FXGL Background Thread 1 ] DEBUG AssetLoader          - Loading from cache: /assets/textures/map_tiles.png
10:47:57.079 [FXGL Background Thread 1 ] DEBUG AssetLoader          - Loading from cache: /assets/textures/map_tiles.png
10:47:57.079 [FXGL Background Thread 1 ] DEBUG AssetLoader          - Loading from cache: /assets/textures/map_tiles.png
10:47:57.079 [FXGL Background Thread 1 ] DEBUG AssetLoader          - Loading from cache: /assets/textures/map_tiles.png
10:47:57.079 [FXGL Background Thread 1 ] DEBUG AssetLoader          - Loading from cache: /assets/textures/map_tiles.png
10:47:57.079 [FXGL Background Thread 1 ] DEBUG AssetLoader          - Loading from cache: /assets/textures/map_tiles.png
10:47:57.080 [FXGL Background Thread 1 ] DEBUG AssetLoader          - Loading from cache: /assets/textures/map_tiles.png
10:47:57.080 [FXGL Background Thread 1 ] DEBUG AssetLoader          - Loading from cache: /assets/textures/map_tiles.png
10:47:57.080 [FXGL Background Thread 1 ] DEBUG AssetLoader          - Loading from cache: /assets/textures/map_tiles.png
10:47:57.080 [FXGL Background Thread 1 ] DEBUG AssetLoader          - Loading from cache: /assets/textures/map_tiles.png
10:47:57.080 [FXGL Background Thread 1 ] DEBUG AssetLoader          - Loading from cache: /assets/textures/map_tiles.png
10:47:57.080 [FXGL Background Thread 1 ] DEBUG AssetLoader          - Loading from cache: /assets/textures/map_tiles.png
10:47:57.080 [FXGL Background Thread 1 ] DEBUG AssetLoader          - Loading from cache: /assets/textures/map_tiles.png
10:47:57.080 [FXGL Background Thread 1 ] DEBUG AssetLoader          - Loading from cache: /assets/textures/map_tiles.png
10:47:57.081 [FXGL Background Thread 1 ] DEBUG AssetLoader          - Loading from cache: /assets/textures/map_tiles.png
10:47:57.081 [FXGL Background Thread 1 ] DEBUG AssetLoader          - Loading from cache: /assets/textures/map_tiles.png
10:47:57.081 [FXGL Background Thread 1 ] DEBUG AssetLoader          - Loading from cache: /assets/textures/map_tiles.png
10:47:57.081 [FXGL Background Thread 1 ] DEBUG AssetLoader          - Loading from cache: /assets/textures/map_tiles.png
10:47:57.081 [FXGL Background Thread 1 ] DEBUG AssetLoader          - Loading from cache: /assets/textures/map_tiles.png
10:47:57.081 [FXGL Background Thread 1 ] DEBUG AssetLoader          - Loading from cache: /assets/textures/map_tiles.png
10:47:57.081 [FXGL Background Thread 1 ] DEBUG AssetLoader          - Loading from cache: /assets/textures/map_tiles.png
10:47:57.081 [FXGL Background Thread 1 ] DEBUG AssetLoader          - Loading from cache: /assets/textures/map_tiles.png
10:47:57.082 [FXGL Background Thread 1 ] DEBUG AssetLoader          - Loading from cache: /assets/textures/map_tiles.png
10:47:57.082 [FXGL Background Thread 1 ] DEBUG AssetLoader          - Loading from cache: /assets/textures/map_tiles.png
10:47:57.082 [FXGL Background Thread 1 ] DEBUG AssetLoader          - Loading from cache: /assets/textures/map_tiles.png
10:47:57.082 [FXGL Background Thread 1 ] DEBUG AssetLoader          - Loading from cache: /assets/textures/map_tiles.png
10:47:57.082 [FXGL Background Thread 1 ] DEBUG AssetLoader          - Loading from cache: /assets/textures/map_tiles.png
10:47:57.082 [FXGL Background Thread 1 ] DEBUG AssetLoader          - Loading from cache: /assets/textures/map_tiles.png
10:47:57.082 [FXGL Background Thread 1 ] DEBUG AssetLoader          - Loading from cache: /assets/textures/map_tiles.png
10:47:57.083 [FXGL Background Thread 1 ] DEBUG AssetLoader          - Loading from cache: /assets/textures/map_tiles.png
10:47:57.083 [FXGL Background Thread 1 ] DEBUG AssetLoader          - Loading from cache: /assets/textures/map_tiles.png
10:47:57.083 [FXGL Background Thread 1 ] DEBUG AssetLoader          - Loading from cache: /assets/textures/map_tiles.png
10:47:57.083 [FXGL Background Thread 1 ] DEBUG AssetLoader          - Loading from cache: /assets/textures/map_tiles.png
10:47:57.083 [FXGL Background Thread 1 ] DEBUG AssetLoader          - Loading from cache: /assets/textures/map_tiles.png
10:47:57.083 [FXGL Background Thread 1 ] DEBUG AssetLoader          - Loading from cache: /assets/textures/map_tiles.png
10:47:57.084 [FXGL Background Thread 1 ] DEBUG AssetLoader          - Loading from cache: /assets/textures/map_tiles.png
10:47:57.084 [FXGL Background Thread 1 ] DEBUG AssetLoader          - Loading from cache: /assets/textures/map_tiles.png
10:47:57.084 [FXGL Background Thread 1 ] DEBUG AssetLoader          - Loading from cache: /assets/textures/map_tiles.png
10:47:57.084 [FXGL Background Thread 1 ] DEBUG AssetLoader          - Loading from cache: /assets/textures/map_tiles.png
10:47:57.085 [FXGL Background Thread 1 ] DEBUG AssetLoader          - Loading from cache: /assets/textures/map_tiles.png
10:47:57.085 [FXGL Background Thread 1 ] DEBUG AssetLoader          - Loading from cache: /assets/textures/map_tiles.png
10:47:57.085 [FXGL Background Thread 1 ] DEBUG AssetLoader          - Loading from cache: /assets/textures/map_tiles.png
10:47:57.085 [FXGL Background Thread 1 ] DEBUG AssetLoader          - Loading from cache: /assets/textures/map_tiles.png
10:47:57.085 [FXGL Background Thread 1 ] DEBUG AssetLoader          - Loading from cache: /assets/textures/map_tiles.png
10:47:57.085 [FXGL Background Thread 1 ] DEBUG AssetLoader          - Loading from cache: /assets/textures/map_tiles.png
10:47:57.085 [FXGL Background Thread 1 ] DEBUG AssetLoader          - Loading from cache: /assets/textures/map_tiles.png
10:47:57.086 [FXGL Background Thread 1 ] DEBUG AssetLoader          - Loading from cache: /assets/textures/map_tiles.png
10:47:57.086 [FXGL Background Thread 1 ] DEBUG AssetLoader          - Loading from cache: /assets/textures/map_tiles.png
10:47:57.086 [FXGL Background Thread 1 ] DEBUG AssetLoader          - Loading from cache: /assets/textures/map_tiles.png
10:47:57.086 [FXGL Background Thread 1 ] DEBUG AssetLoader          - Loading from cache: /assets/textures/map_tiles.png
10:47:57.086 [FXGL Background Thread 1 ] DEBUG AssetLoader          - Loading from cache: /assets/textures/map_tiles.png
10:47:57.086 [FXGL Background Thread 1 ] DEBUG AssetLoader          - Loading from cache: /assets/textures/map_tiles.png
10:47:57.087 [FXGL Background Thread 1 ] DEBUG AssetLoader          - Loading from cache: /assets/textures/map_tiles.png
10:47:57.087 [FXGL Background Thread 1 ] DEBUG AssetLoader          - Loading from cache: /assets/textures/map_tiles.png
10:47:57.089 [FXGL Background Thread 1 ] DEBUG GameScene            - Creating render group for layer: BACKGROUND(1000)
10:47:57.131 [FXGL Background Thread 1 ] DEBUG GameScene            - Creating render group for layer: DEFAULT(100000)
10:47:57.148 [FXGL Background Thread 1 ] DEBUG AssetLoader          - Loading from cache: /assets/textures/Platformer/stand_sheet.png
10:47:57.149 [FXGL Background Thread 1 ] DEBUG InitAppTask          - Initializing Physics
10:47:57.149 [FXGL Background Thread 1 ] DEBUG InitAppTask          - Initializing UI
10:47:57.150 [FXGL Background Thread 1 ] DEBUG InitAppTask          - Initialization Complete
10:47:57.150 [FXGL Background Thread 1 ] INFO  InitAppTask          - Game initialization took: 0.164 sec
10:47:57.165 [JavaFX Application Thread] DEBUG Input                - Clearing active input actions
10:47:57.170 [JavaFX Application Thread] DEBUG AppStateMachine      - LoadingState -> PlayState
10:48:05.975 [JavaFX Application Thread] DEBUG GameApplication      - Exiting game application
10:48:05.975 [JavaFX Application Thread] DEBUG GameApplication      - Shutting down background threads
10:48:05.976 [JavaFX Application Thread] DEBUG GameApplication      - Exiting FXGL
10:48:05.976 [JavaFX Application Thread] DEBUG FXGL                 - Saving FXGL system data
10:48:05.977 [JavaFX Application Thread] DEBUG DesktopFSService     - Writing to: system\fxgl.bundle
10:48:05.981 [JavaFX Application Thread] DEBUG GameApplication      - Closing logger and exiting JavaFX
