09:20:40.220 [JavaFX Application Thread] DEBUG GameApplication      - Logger initialized
09:20:40.226 [JavaFX Application Thread] DEBUG MainWindow           - Creating a JavaFX scene
09:20:40.301 [JavaFX Application Thread] DEBUG MainWindow           - Target settings size: 800.0 x 600.0
09:20:40.302 [JavaFX Application Thread] DEBUG MainWindow           - Scaled scene size:    800.0 x 600.0
09:20:40.302 [JavaFX Application Thread] DEBUG MainWindow           - Scaled ratio: (1.0, 1.0)
09:20:40.307 [JavaFX Application Thread] DEBUG GameApplication      - Starting FXGL
09:20:40.317 [JavaFX Application Thread] INFO  FXGL                 - FXGL-0.5.1 on DESKTOP
09:20:40.317 [JavaFX Application Thread] INFO  FXGL                 - Source code and latest versions at: https://github.com/AlmasB/FXGL
09:20:40.317 [JavaFX Application Thread] INFO  FXGL                 -              Join the FXGL chat at: https://gitter.im/AlmasB/FXGL
09:20:40.322 [JavaFX Application Thread] DEBUG FS                   - Loaded DesktopFSService
09:20:40.323 [JavaFX Application Thread] DEBUG FXGL                 - Loading FXGL system data
09:20:40.330 [JavaFX Application Thread] DEBUG DesktopFSService     - Reading from: system\fxgl.bundle
09:20:40.337 [JavaFX Application Thread] DEBUG Bundle               - Logging bundle: FXGL
09:20:40.337 [JavaFX Application Thread] DEBUG Bundle               - FXGL.offline.timer.version.check=2018-05-24T09:09:49.283
09:20:40.359 [JavaFX Application Thread] DEBUG GameApplication      - FXGL started
09:20:40.359 [JavaFX Application Thread] DEBUG GameApplication      - Logging game settings
Title: Physics Demo
Version: 
Width: 800
Height: 600
Fullscreen: false
Intro: false
Menus: false
Profiling: false
Single step:false
App Mode: DEVELOPER
Menu Key: ESCAPE
Stage Style: DECORATED
Scene Factory: class com.almasb.fxgl.scene.SceneFactory
Dialog Factory: class com.almasb.fxgl.ui.FXGLDialogFactory
UI Factory: class com.almasb.fxgl.ui.FXGLUIFactory
Notification Service: class com.almasb.fxgl.gameplay.notification.XboxNotificationView
Exception Handler: class com.almasb.fxgl.app.FXGLExceptionHandler
09:20:40.360 [JavaFX Application Thread] DEBUG GameApplication      - Configuring GameApplication
09:20:40.360 [JavaFX Application Thread] DEBUG GameApplication      - Initializing state machine and application states
09:20:40.372 [JavaFX Application Thread] DEBUG AssetLoader          - Loading from disk: /assets/ui/cursors/fxgl_default.png
09:20:40.389 [JavaFX Application Thread] DEBUG AssetLoader          - Loading from disk: /assets/ui/cursors/fxgl_default.png
09:20:40.406 [JavaFX Application Thread] DEBUG FXGLAssets           - Loading FXGLAssets
09:20:40.431 [JavaFX Application Thread] DEBUG AssetLoader          - Loading from disk: /assets/ui/fonts/VarelaRound-Regular.ttf
09:20:40.561 [JavaFX Application Thread] DEBUG AssetLoader          - Loading from disk: /assets/ui/fonts/lucida_console.ttf
09:20:40.570 [JavaFX Application Thread] DEBUG AssetLoader          - Loading from disk: /assets/ui/css/fxgl_dark.css
09:20:40.595 [JavaFX Application Thread] DEBUG AssetLoader          - Loading from disk: /assets/ui/cursors/fxgl_default.png
09:20:40.620 [JavaFX Application Thread] DEBUG AssetLoader          - Loading from disk: /assets/ui/cursors/fxgl_default.png
09:20:40.634 [JavaFX Application Thread] DEBUG GameScene            - Game scene initialized: 800x600
09:20:40.637 [JavaFX Application Thread] DEBUG GameWorld            - Game world initialized
09:20:40.674 [JavaFX Application Thread] DEBUG PhysicsWorld         - Physics world initialized: appHeight=600, physics.ppm=50.0
09:20:40.689 [JavaFX Application Thread] DEBUG Input                - Registered new binding: Pause - Esc
09:20:40.703 [JavaFX Application Thread] DEBUG Input                - Clearing active input actions
09:20:40.736 [JavaFX Application Thread] DEBUG AppStateMachine      - StartupState -> StartupState
09:20:40.739 [JavaFX Application Thread] INFO  GameApplication      - Game configuration took:  0.379 sec
09:20:40.741 [JavaFX Application Thread] DEBUG AssetLoader          - Loading from disk: /assets/textures/fxgl_icon.png
09:20:40.750 [JavaFX Application Thread] DEBUG MainWindow           - Opening main window
09:20:40.889 [JavaFX Application Thread] DEBUG MainWindow           - Window border size: (4.0, 26.66668701171875)
09:20:40.889 [JavaFX Application Thread] DEBUG MainWindow           - Scaled size: 800.0 x 600.0
09:20:40.889 [JavaFX Application Thread] DEBUG MainWindow           - Scaled ratio: (1.0, 1.0)
09:20:40.889 [JavaFX Application Thread] DEBUG MainWindow           - Scene size: 800.0 x 600.0
09:20:40.890 [JavaFX Application Thread] DEBUG MainWindow           - Stage size: 804.0 x 626.6666870117188
09:20:40.890 [JavaFX Application Thread] DEBUG GameApplication      - Running preInit()
09:20:40.891 [JavaFX Application Thread] DEBUG Input                - Registered new binding: Screenshot - P
09:20:40.891 [JavaFX Application Thread] DEBUG Input                - Registered new binding: Dev Options - CTRL+0
09:20:40.892 [JavaFX Application Thread] DEBUG Input                - Registered new binding: System info dump - CTRL+9
09:20:40.892 [JavaFX Application Thread] DEBUG Input                - Registered new binding: Restart - CTRL+R
09:20:40.919 [JavaFX Application Thread] DEBUG GameApplication      - Starting main loop
09:20:40.920 [JavaFX Application Thread] DEBUG StartupState         - STARTUP
09:20:40.920 [JavaFX Application Thread] DEBUG GameApplication      - Starting new game
09:20:40.920 [JavaFX Application Thread] DEBUG Input                - Clearing active input actions
09:20:40.927 [JavaFX Application Thread] DEBUG AppStateMachine      - StartupState -> LoadingState
09:20:40.931 [FXGL Background Thread 1 ] DEBUG InitAppTask          - Clearing previous game
09:20:40.931 [FXGL Background Thread 1 ] DEBUG GameWorld            - Clearing game world
09:20:40.931 [FXGL Background Thread 1 ] DEBUG PhysicsWorld         - Clearing physics world
09:20:40.931 [FXGL Background Thread 1 ] DEBUG GameScene            - Clearing game scene
09:20:40.932 [FXGL Background Thread 1 ] DEBUG InitAppTask          - Initializing Game
09:20:41.022 [FXGL Background Thread 1 ] DEBUG GameScene            - Creating render group for layer: DEFAULT(100000)
09:20:41.028 [FXGL Background Thread 1 ] DEBUG InitAppTask          - Initializing Physics
09:20:41.028 [FXGL Background Thread 1 ] DEBUG InitAppTask          - Initializing UI
09:20:41.028 [FXGL Background Thread 1 ] DEBUG InitAppTask          - Initialization Complete
09:20:41.029 [FXGL Background Thread 1 ] INFO  InitAppTask          - Game initialization took: 0.097 sec
09:20:41.034 [JavaFX Application Thread] DEBUG Input                - Clearing active input actions
09:20:41.038 [JavaFX Application Thread] DEBUG AppStateMachine      - LoadingState -> PlayState
09:20:44.449 [JavaFX Application Thread] DEBUG GameApplication      - Exiting game application
09:20:44.450 [JavaFX Application Thread] DEBUG GameApplication      - Shutting down background threads
09:20:44.450 [JavaFX Application Thread] DEBUG GameApplication      - Exiting FXGL
09:20:44.450 [JavaFX Application Thread] DEBUG FXGL                 - Saving FXGL system data
09:20:44.452 [JavaFX Application Thread] DEBUG DesktopFSService     - Writing to: system\fxgl.bundle
09:20:44.456 [JavaFX Application Thread] DEBUG GameApplication      - Closing logger and exiting JavaFX
