14:40:10.975 [JavaFX Application Thread] DEBUG GameApplication      - Logger initialized
14:40:10.980 [JavaFX Application Thread] DEBUG MainWindow           - Creating a JavaFX scene
14:40:11.051 [JavaFX Application Thread] DEBUG MainWindow           - Target settings size: 700.0 x 490.0
14:40:11.051 [JavaFX Application Thread] DEBUG MainWindow           - Scaled scene size:    700.0 x 490.0
14:40:11.051 [JavaFX Application Thread] DEBUG MainWindow           - Scaled ratio: (1.0, 1.0)
14:40:11.057 [JavaFX Application Thread] DEBUG GameApplication      - Starting FXGL
14:40:11.067 [JavaFX Application Thread] INFO  FXGL                 - FXGL-0.5.1 on DESKTOP
14:40:11.068 [JavaFX Application Thread] INFO  FXGL                 - Source code and latest versions at: https://github.com/AlmasB/FXGL
14:40:11.068 [JavaFX Application Thread] INFO  FXGL                 -              Join the FXGL chat at: https://gitter.im/AlmasB/FXGL
14:40:11.073 [JavaFX Application Thread] DEBUG FS                   - Loaded DesktopFSService
14:40:11.073 [JavaFX Application Thread] DEBUG FXGL                 - Loading FXGL system data
14:40:11.080 [JavaFX Application Thread] DEBUG DesktopFSService     - Reading from: system\fxgl.bundle
14:40:11.088 [JavaFX Application Thread] DEBUG Bundle               - Logging bundle: FXGL
14:40:11.088 [JavaFX Application Thread] DEBUG Bundle               - FXGL.offline.timer.version.check=2018-05-24T09:09:49.283
14:40:11.114 [JavaFX Application Thread] DEBUG GameApplication      - FXGL started
14:40:11.114 [JavaFX Application Thread] DEBUG GameApplication      - Logging game settings
Title: Platformer
Version: 
Width: 700
Height: 490
Fullscreen: false
Intro: false
Menus: false
Profiling: false
Single step:false
App Mode: DEVELOPER
Menu Key: ESCAPE
Stage Style: DECORATED
Scene Factory: class com.almasb.fxgl.scene.SceneFactory
Dialog Factory: class com.almasb.fxgl.ui.FXGLDialogFactory
UI Factory: class com.almasb.fxgl.ui.FXGLUIFactory
Notification Service: class com.almasb.fxgl.gameplay.notification.XboxNotificationView
Exception Handler: class com.almasb.fxgl.app.FXGLExceptionHandler
14:40:11.115 [JavaFX Application Thread] DEBUG GameApplication      - Configuring GameApplication
14:40:11.115 [JavaFX Application Thread] DEBUG GameApplication      - Initializing state machine and application states
14:40:11.130 [JavaFX Application Thread] DEBUG AssetLoader          - Loading from disk: /assets/ui/cursors/fxgl_default.png
14:40:11.148 [JavaFX Application Thread] DEBUG AssetLoader          - Loading from disk: /assets/ui/cursors/fxgl_default.png
14:40:11.168 [JavaFX Application Thread] DEBUG FXGLAssets           - Loading FXGLAssets
14:40:11.192 [JavaFX Application Thread] DEBUG AssetLoader          - Loading from disk: /assets/ui/fonts/VarelaRound-Regular.ttf
14:40:11.316 [JavaFX Application Thread] DEBUG AssetLoader          - Loading from disk: /assets/ui/fonts/lucida_console.ttf
14:40:11.326 [JavaFX Application Thread] DEBUG AssetLoader          - Loading from disk: /assets/ui/css/fxgl_dark.css
14:40:11.349 [JavaFX Application Thread] DEBUG AssetLoader          - Loading from disk: /assets/ui/cursors/fxgl_default.png
14:40:11.374 [JavaFX Application Thread] DEBUG AssetLoader          - Loading from disk: /assets/ui/cursors/fxgl_default.png
14:40:11.386 [JavaFX Application Thread] DEBUG GameScene            - Game scene initialized: 700x490
14:40:11.389 [JavaFX Application Thread] DEBUG GameWorld            - Game world initialized
14:40:11.427 [JavaFX Application Thread] DEBUG PhysicsWorld         - Physics world initialized: appHeight=490, physics.ppm=50.0
14:40:11.441 [JavaFX Application Thread] DEBUG Input                - Registered new binding: Pause - Esc
14:40:11.455 [JavaFX Application Thread] DEBUG Input                - Clearing active input actions
14:40:11.487 [JavaFX Application Thread] DEBUG AppStateMachine      - StartupState -> StartupState
14:40:11.489 [JavaFX Application Thread] INFO  GameApplication      - Game configuration took:  0.374 sec
14:40:11.491 [JavaFX Application Thread] DEBUG AssetLoader          - Loading from disk: /assets/textures/fxgl_icon.png
14:40:11.500 [JavaFX Application Thread] DEBUG MainWindow           - Opening main window
14:40:11.639 [JavaFX Application Thread] DEBUG MainWindow           - Window border size: (4.0, 26.66668701171875)
14:40:11.639 [JavaFX Application Thread] DEBUG MainWindow           - Scaled size: 700.0 x 490.0
14:40:11.639 [JavaFX Application Thread] DEBUG MainWindow           - Scaled ratio: (1.0, 1.0)
14:40:11.639 [JavaFX Application Thread] DEBUG MainWindow           - Scene size: 700.0 x 490.0
14:40:11.639 [JavaFX Application Thread] DEBUG MainWindow           - Stage size: 704.0 x 516.6666870117188
14:40:11.639 [JavaFX Application Thread] DEBUG GameApplication      - Running preInit()
14:40:11.641 [JavaFX Application Thread] DEBUG Input                - Registered new binding: Screenshot - P
14:40:11.641 [JavaFX Application Thread] DEBUG Input                - Registered new binding: Dev Options - CTRL+0
14:40:11.641 [JavaFX Application Thread] DEBUG Input                - Registered new binding: System info dump - CTRL+9
14:40:11.642 [JavaFX Application Thread] DEBUG Input                - Registered new binding: Restart - CTRL+R
14:40:11.645 [JavaFX Application Thread] DEBUG AssetLoader          - Loading from disk: /assets/textures/Platformer/run_sheet.png
14:40:11.675 [JavaFX Application Thread] DEBUG AssetLoader          - Loading from disk: /assets/textures/Platformer/stand_sheet.png
14:40:11.681 [JavaFX Application Thread] DEBUG Input                - Registered new binding: run_right - Right
14:40:11.681 [JavaFX Application Thread] DEBUG Input                - Registered new binding: run_left - Left
14:40:11.681 [JavaFX Application Thread] DEBUG Input                - Registered new binding: jump - Up
14:40:11.712 [JavaFX Application Thread] DEBUG GameApplication      - Starting main loop
14:40:11.714 [JavaFX Application Thread] DEBUG StartupState         - STARTUP
14:40:11.714 [JavaFX Application Thread] DEBUG GameApplication      - Starting new game
14:40:11.714 [JavaFX Application Thread] DEBUG Input                - Clearing active input actions
14:40:11.718 [JavaFX Application Thread] DEBUG AppStateMachine      - StartupState -> LoadingState
14:40:11.723 [FXGL Background Thread 1 ] DEBUG InitAppTask          - Clearing previous game
14:40:11.723 [FXGL Background Thread 1 ] DEBUG GameWorld            - Clearing game world
14:40:11.724 [FXGL Background Thread 1 ] DEBUG PhysicsWorld         - Clearing physics world
14:40:11.724 [FXGL Background Thread 1 ] DEBUG GameScene            - Clearing game scene
14:40:11.725 [FXGL Background Thread 1 ] DEBUG InitAppTask          - Initializing Game
14:40:11.741 [FXGL Background Thread 1 ] DEBUG AssetLoader          - Loading from disk: /assets/tmx/platformer_map_1.tmx
14:40:11.761 [FXGL Background Thread 1 ] WARN  TMXParser            - TiledMap generated from 1.1.5. Supported version: 1.1.2. Some features may not be parsed fully.
14:40:11.781 [FXGL Background Thread 1 ] DEBUG GameWorld            - Clearing removable entities
14:40:11.781 [FXGL Background Thread 1 ] DEBUG GameWorld            - Setting level from map
14:40:11.803 [FXGL Background Thread 1 ] DEBUG AssetLoader          - Loading from disk: /assets/textures/map_tiles.png
14:40:11.817 [FXGL Background Thread 1 ] DEBUG AssetLoader          - Loading from cache: /assets/textures/map_tiles.png
14:40:11.818 [FXGL Background Thread 1 ] DEBUG AssetLoader          - Loading from cache: /assets/textures/map_tiles.png
14:40:11.818 [FXGL Background Thread 1 ] DEBUG AssetLoader          - Loading from cache: /assets/textures/map_tiles.png
14:40:11.818 [FXGL Background Thread 1 ] DEBUG AssetLoader          - Loading from cache: /assets/textures/map_tiles.png
14:40:11.818 [FXGL Background Thread 1 ] DEBUG AssetLoader          - Loading from cache: /assets/textures/map_tiles.png
14:40:11.818 [FXGL Background Thread 1 ] DEBUG AssetLoader          - Loading from cache: /assets/textures/map_tiles.png
14:40:11.818 [FXGL Background Thread 1 ] DEBUG AssetLoader          - Loading from cache: /assets/textures/map_tiles.png
14:40:11.818 [FXGL Background Thread 1 ] DEBUG AssetLoader          - Loading from cache: /assets/textures/map_tiles.png
14:40:11.819 [FXGL Background Thread 1 ] DEBUG AssetLoader          - Loading from cache: /assets/textures/map_tiles.png
14:40:11.819 [FXGL Background Thread 1 ] DEBUG AssetLoader          - Loading from cache: /assets/textures/map_tiles.png
14:40:11.819 [FXGL Background Thread 1 ] DEBUG AssetLoader          - Loading from cache: /assets/textures/map_tiles.png
14:40:11.819 [FXGL Background Thread 1 ] DEBUG AssetLoader          - Loading from cache: /assets/textures/map_tiles.png
14:40:11.819 [FXGL Background Thread 1 ] DEBUG AssetLoader          - Loading from cache: /assets/textures/map_tiles.png
14:40:11.819 [FXGL Background Thread 1 ] DEBUG AssetLoader          - Loading from cache: /assets/textures/map_tiles.png
14:40:11.819 [FXGL Background Thread 1 ] DEBUG AssetLoader          - Loading from cache: /assets/textures/map_tiles.png
14:40:11.820 [FXGL Background Thread 1 ] DEBUG AssetLoader          - Loading from cache: /assets/textures/map_tiles.png
14:40:11.820 [FXGL Background Thread 1 ] DEBUG AssetLoader          - Loading from cache: /assets/textures/map_tiles.png
14:40:11.820 [FXGL Background Thread 1 ] DEBUG AssetLoader          - Loading from cache: /assets/textures/map_tiles.png
14:40:11.820 [FXGL Background Thread 1 ] DEBUG AssetLoader          - Loading from cache: /assets/textures/map_tiles.png
14:40:11.821 [FXGL Background Thread 1 ] DEBUG AssetLoader          - Loading from cache: /assets/textures/map_tiles.png
14:40:11.821 [FXGL Background Thread 1 ] DEBUG AssetLoader          - Loading from cache: /assets/textures/map_tiles.png
14:40:11.821 [FXGL Background Thread 1 ] DEBUG AssetLoader          - Loading from cache: /assets/textures/map_tiles.png
14:40:11.821 [FXGL Background Thread 1 ] DEBUG AssetLoader          - Loading from cache: /assets/textures/map_tiles.png
14:40:11.821 [FXGL Background Thread 1 ] DEBUG AssetLoader          - Loading from cache: /assets/textures/map_tiles.png
14:40:11.821 [FXGL Background Thread 1 ] DEBUG AssetLoader          - Loading from cache: /assets/textures/map_tiles.png
14:40:11.822 [FXGL Background Thread 1 ] DEBUG AssetLoader          - Loading from cache: /assets/textures/map_tiles.png
14:40:11.822 [FXGL Background Thread 1 ] DEBUG AssetLoader          - Loading from cache: /assets/textures/map_tiles.png
14:40:11.822 [FXGL Background Thread 1 ] DEBUG AssetLoader          - Loading from cache: /assets/textures/map_tiles.png
14:40:11.822 [FXGL Background Thread 1 ] DEBUG AssetLoader          - Loading from cache: /assets/textures/map_tiles.png
14:40:11.822 [FXGL Background Thread 1 ] DEBUG AssetLoader          - Loading from cache: /assets/textures/map_tiles.png
14:40:11.822 [FXGL Background Thread 1 ] DEBUG AssetLoader          - Loading from cache: /assets/textures/map_tiles.png
14:40:11.822 [FXGL Background Thread 1 ] DEBUG AssetLoader          - Loading from cache: /assets/textures/map_tiles.png
14:40:11.822 [FXGL Background Thread 1 ] DEBUG AssetLoader          - Loading from cache: /assets/textures/map_tiles.png
14:40:11.822 [FXGL Background Thread 1 ] DEBUG AssetLoader          - Loading from cache: /assets/textures/map_tiles.png
14:40:11.822 [FXGL Background Thread 1 ] DEBUG AssetLoader          - Loading from cache: /assets/textures/map_tiles.png
14:40:11.823 [FXGL Background Thread 1 ] DEBUG AssetLoader          - Loading from cache: /assets/textures/map_tiles.png
14:40:11.823 [FXGL Background Thread 1 ] DEBUG AssetLoader          - Loading from cache: /assets/textures/map_tiles.png
14:40:11.823 [FXGL Background Thread 1 ] DEBUG AssetLoader          - Loading from cache: /assets/textures/map_tiles.png
14:40:11.823 [FXGL Background Thread 1 ] DEBUG AssetLoader          - Loading from cache: /assets/textures/map_tiles.png
14:40:11.823 [FXGL Background Thread 1 ] DEBUG AssetLoader          - Loading from cache: /assets/textures/map_tiles.png
14:40:11.823 [FXGL Background Thread 1 ] DEBUG AssetLoader          - Loading from cache: /assets/textures/map_tiles.png
14:40:11.823 [FXGL Background Thread 1 ] DEBUG AssetLoader          - Loading from cache: /assets/textures/map_tiles.png
14:40:11.824 [FXGL Background Thread 1 ] DEBUG AssetLoader          - Loading from cache: /assets/textures/map_tiles.png
14:40:11.824 [FXGL Background Thread 1 ] DEBUG AssetLoader          - Loading from cache: /assets/textures/map_tiles.png
14:40:11.824 [FXGL Background Thread 1 ] DEBUG AssetLoader          - Loading from cache: /assets/textures/map_tiles.png
14:40:11.824 [FXGL Background Thread 1 ] DEBUG AssetLoader          - Loading from cache: /assets/textures/map_tiles.png
14:40:11.824 [FXGL Background Thread 1 ] DEBUG AssetLoader          - Loading from cache: /assets/textures/map_tiles.png
14:40:11.824 [FXGL Background Thread 1 ] DEBUG AssetLoader          - Loading from cache: /assets/textures/map_tiles.png
14:40:11.824 [FXGL Background Thread 1 ] DEBUG AssetLoader          - Loading from cache: /assets/textures/map_tiles.png
14:40:11.824 [FXGL Background Thread 1 ] DEBUG AssetLoader          - Loading from cache: /assets/textures/map_tiles.png
14:40:11.824 [FXGL Background Thread 1 ] DEBUG AssetLoader          - Loading from cache: /assets/textures/map_tiles.png
14:40:11.825 [FXGL Background Thread 1 ] DEBUG AssetLoader          - Loading from cache: /assets/textures/map_tiles.png
14:40:11.825 [FXGL Background Thread 1 ] DEBUG AssetLoader          - Loading from cache: /assets/textures/map_tiles.png
14:40:11.825 [FXGL Background Thread 1 ] DEBUG AssetLoader          - Loading from cache: /assets/textures/map_tiles.png
14:40:11.825 [FXGL Background Thread 1 ] DEBUG AssetLoader          - Loading from cache: /assets/textures/map_tiles.png
14:40:11.825 [FXGL Background Thread 1 ] DEBUG AssetLoader          - Loading from cache: /assets/textures/map_tiles.png
14:40:11.825 [FXGL Background Thread 1 ] DEBUG AssetLoader          - Loading from cache: /assets/textures/map_tiles.png
14:40:11.825 [FXGL Background Thread 1 ] DEBUG AssetLoader          - Loading from cache: /assets/textures/map_tiles.png
14:40:11.825 [FXGL Background Thread 1 ] DEBUG AssetLoader          - Loading from cache: /assets/textures/map_tiles.png
14:40:11.826 [FXGL Background Thread 1 ] DEBUG AssetLoader          - Loading from cache: /assets/textures/map_tiles.png
14:40:11.826 [FXGL Background Thread 1 ] DEBUG AssetLoader          - Loading from cache: /assets/textures/map_tiles.png
14:40:11.826 [FXGL Background Thread 1 ] DEBUG AssetLoader          - Loading from cache: /assets/textures/map_tiles.png
14:40:11.828 [FXGL Background Thread 1 ] DEBUG GameScene            - Creating render group for layer: BACKGROUND(1000)
14:40:11.873 [FXGL Background Thread 1 ] DEBUG GameScene            - Creating render group for layer: DEFAULT(100000)
14:40:11.889 [FXGL Background Thread 1 ] DEBUG AssetLoader          - Loading from cache: /assets/textures/Platformer/stand_sheet.png
14:40:11.889 [FXGL Background Thread 1 ] DEBUG AssetLoader          - Loading from cache: /assets/textures/Platformer/run_sheet.png
14:40:11.890 [FXGL Background Thread 1 ] DEBUG AssetLoader          - Loading from disk: /assets/textures/Platformer/jump-fall.png
14:40:11.893 [FXGL Background Thread 1 ] DEBUG AssetLoader          - Loading from disk: /assets/textures/Platformer/jump-up.png
14:40:11.899 [FXGL Background Thread 1 ] DEBUG InitAppTask          - Initializing Physics
14:40:11.899 [FXGL Background Thread 1 ] DEBUG InitAppTask          - Initializing UI
14:40:11.899 [FXGL Background Thread 1 ] DEBUG InitAppTask          - Initialization Complete
14:40:11.900 [FXGL Background Thread 1 ] INFO  InitAppTask          - Game initialization took: 0.176 sec
14:40:11.904 [JavaFX Application Thread] DEBUG Input                - Clearing active input actions
14:40:11.910 [JavaFX Application Thread] DEBUG AppStateMachine      - LoadingState -> PlayState
14:40:13.280 [JavaFX Application Thread] DEBUG AssetLoader          - Loading from cache: /assets/textures/Platformer/run_sheet.png
14:40:13.296 [JavaFX Application Thread] DEBUG AssetLoader          - Loading from cache: /assets/textures/Platformer/run_sheet.png
14:40:13.312 [JavaFX Application Thread] DEBUG AssetLoader          - Loading from cache: /assets/textures/Platformer/run_sheet.png
14:40:13.328 [JavaFX Application Thread] DEBUG AssetLoader          - Loading from cache: /assets/textures/Platformer/run_sheet.png
14:40:13.344 [JavaFX Application Thread] DEBUG AssetLoader          - Loading from cache: /assets/textures/Platformer/run_sheet.png
14:40:13.360 [JavaFX Application Thread] DEBUG AssetLoader          - Loading from cache: /assets/textures/Platformer/run_sheet.png
14:40:13.376 [JavaFX Application Thread] DEBUG AssetLoader          - Loading from cache: /assets/textures/Platformer/run_sheet.png
14:40:13.392 [JavaFX Application Thread] DEBUG AssetLoader          - Loading from cache: /assets/textures/Platformer/run_sheet.png
14:40:13.408 [JavaFX Application Thread] DEBUG AssetLoader          - Loading from cache: /assets/textures/Platformer/run_sheet.png
14:40:13.424 [JavaFX Application Thread] DEBUG AssetLoader          - Loading from cache: /assets/textures/Platformer/run_sheet.png
14:40:13.440 [JavaFX Application Thread] DEBUG AssetLoader          - Loading from cache: /assets/textures/Platformer/run_sheet.png
14:40:13.456 [JavaFX Application Thread] DEBUG AssetLoader          - Loading from cache: /assets/textures/Platformer/run_sheet.png
14:40:13.472 [JavaFX Application Thread] DEBUG AssetLoader          - Loading from cache: /assets/textures/Platformer/run_sheet.png
14:40:13.489 [JavaFX Application Thread] DEBUG AssetLoader          - Loading from cache: /assets/textures/Platformer/run_sheet.png
14:40:13.505 [JavaFX Application Thread] DEBUG AssetLoader          - Loading from cache: /assets/textures/Platformer/run_sheet.png
14:40:13.521 [JavaFX Application Thread] DEBUG AssetLoader          - Loading from cache: /assets/textures/Platformer/run_sheet.png
14:40:13.553 [JavaFX Application Thread] DEBUG AssetLoader          - Loading from cache: /assets/textures/Platformer/run_sheet.png
14:40:13.569 [JavaFX Application Thread] DEBUG AssetLoader          - Loading from cache: /assets/textures/Platformer/run_sheet.png
14:40:13.585 [JavaFX Application Thread] DEBUG AssetLoader          - Loading from cache: /assets/textures/Platformer/run_sheet.png
14:40:13.600 [JavaFX Application Thread] DEBUG AssetLoader          - Loading from cache: /assets/textures/Platformer/run_sheet.png
14:40:13.616 [JavaFX Application Thread] DEBUG AssetLoader          - Loading from cache: /assets/textures/Platformer/run_sheet.png
14:40:13.632 [JavaFX Application Thread] DEBUG AssetLoader          - Loading from cache: /assets/textures/Platformer/run_sheet.png
14:40:13.648 [JavaFX Application Thread] DEBUG AssetLoader          - Loading from cache: /assets/textures/Platformer/run_sheet.png
14:40:13.664 [JavaFX Application Thread] DEBUG AssetLoader          - Loading from cache: /assets/textures/Platformer/run_sheet.png
14:40:13.680 [JavaFX Application Thread] DEBUG AssetLoader          - Loading from cache: /assets/textures/Platformer/run_sheet.png
14:40:13.696 [JavaFX Application Thread] DEBUG AssetLoader          - Loading from cache: /assets/textures/Platformer/run_sheet.png
14:40:13.712 [JavaFX Application Thread] DEBUG AssetLoader          - Loading from cache: /assets/textures/Platformer/run_sheet.png
14:40:13.728 [JavaFX Application Thread] DEBUG AssetLoader          - Loading from cache: /assets/textures/Platformer/run_sheet.png
14:40:13.744 [JavaFX Application Thread] DEBUG AssetLoader          - Loading from cache: /assets/textures/Platformer/run_sheet.png
14:40:13.760 [JavaFX Application Thread] DEBUG AssetLoader          - Loading from cache: /assets/textures/Platformer/run_sheet.png
14:40:13.776 [JavaFX Application Thread] DEBUG AssetLoader          - Loading from cache: /assets/textures/Platformer/run_sheet.png
14:40:13.792 [JavaFX Application Thread] DEBUG AssetLoader          - Loading from cache: /assets/textures/Platformer/run_sheet.png
14:40:13.808 [JavaFX Application Thread] DEBUG AssetLoader          - Loading from cache: /assets/textures/Platformer/run_sheet.png
14:40:13.824 [JavaFX Application Thread] DEBUG AssetLoader          - Loading from cache: /assets/textures/Platformer/run_sheet.png
14:40:13.840 [JavaFX Application Thread] DEBUG AssetLoader          - Loading from cache: /assets/textures/Platformer/run_sheet.png
14:40:13.857 [JavaFX Application Thread] DEBUG AssetLoader          - Loading from cache: /assets/textures/Platformer/run_sheet.png
14:40:13.873 [JavaFX Application Thread] DEBUG AssetLoader          - Loading from cache: /assets/textures/Platformer/run_sheet.png
14:40:13.889 [JavaFX Application Thread] DEBUG AssetLoader          - Loading from cache: /assets/textures/Platformer/run_sheet.png
14:40:13.905 [JavaFX Application Thread] DEBUG AssetLoader          - Loading from cache: /assets/textures/Platformer/run_sheet.png
14:40:13.921 [JavaFX Application Thread] DEBUG AssetLoader          - Loading from cache: /assets/textures/Platformer/run_sheet.png
14:40:13.953 [JavaFX Application Thread] DEBUG AssetLoader          - Loading from cache: /assets/textures/Platformer/run_sheet.png
14:40:13.969 [JavaFX Application Thread] DEBUG AssetLoader          - Loading from cache: /assets/textures/Platformer/run_sheet.png
14:40:13.984 [JavaFX Application Thread] DEBUG AssetLoader          - Loading from cache: /assets/textures/Platformer/run_sheet.png
14:40:14.000 [JavaFX Application Thread] DEBUG AssetLoader          - Loading from cache: /assets/textures/Platformer/run_sheet.png
14:40:14.016 [JavaFX Application Thread] DEBUG AssetLoader          - Loading from cache: /assets/textures/Platformer/run_sheet.png
14:40:14.032 [JavaFX Application Thread] DEBUG AssetLoader          - Loading from cache: /assets/textures/Platformer/run_sheet.png
14:40:14.048 [JavaFX Application Thread] DEBUG AssetLoader          - Loading from cache: /assets/textures/Platformer/run_sheet.png
14:40:14.064 [JavaFX Application Thread] DEBUG AssetLoader          - Loading from cache: /assets/textures/Platformer/run_sheet.png
14:40:14.080 [JavaFX Application Thread] DEBUG AssetLoader          - Loading from cache: /assets/textures/Platformer/run_sheet.png
14:40:14.096 [JavaFX Application Thread] DEBUG AssetLoader          - Loading from cache: /assets/textures/Platformer/run_sheet.png
14:40:14.112 [JavaFX Application Thread] DEBUG AssetLoader          - Loading from cache: /assets/textures/Platformer/run_sheet.png
14:40:14.128 [JavaFX Application Thread] DEBUG AssetLoader          - Loading from cache: /assets/textures/Platformer/run_sheet.png
14:40:14.144 [JavaFX Application Thread] DEBUG AssetLoader          - Loading from cache: /assets/textures/Platformer/run_sheet.png
14:40:14.160 [JavaFX Application Thread] DEBUG AssetLoader          - Loading from cache: /assets/textures/Platformer/run_sheet.png
14:40:14.176 [JavaFX Application Thread] DEBUG AssetLoader          - Loading from cache: /assets/textures/Platformer/run_sheet.png
14:40:14.192 [JavaFX Application Thread] DEBUG AssetLoader          - Loading from cache: /assets/textures/Platformer/run_sheet.png
14:40:14.208 [JavaFX Application Thread] DEBUG AssetLoader          - Loading from cache: /assets/textures/Platformer/run_sheet.png
14:40:14.224 [JavaFX Application Thread] DEBUG AssetLoader          - Loading from cache: /assets/textures/Platformer/run_sheet.png
14:40:14.241 [JavaFX Application Thread] DEBUG AssetLoader          - Loading from cache: /assets/textures/Platformer/run_sheet.png
14:40:14.257 [JavaFX Application Thread] DEBUG AssetLoader          - Loading from cache: /assets/textures/Platformer/run_sheet.png
14:40:14.273 [JavaFX Application Thread] DEBUG AssetLoader          - Loading from cache: /assets/textures/Platformer/run_sheet.png
14:40:14.289 [JavaFX Application Thread] DEBUG AssetLoader          - Loading from cache: /assets/textures/Platformer/run_sheet.png
14:40:14.305 [JavaFX Application Thread] DEBUG AssetLoader          - Loading from cache: /assets/textures/Platformer/run_sheet.png
14:40:14.321 [JavaFX Application Thread] DEBUG AssetLoader          - Loading from cache: /assets/textures/Platformer/run_sheet.png
14:40:14.352 [JavaFX Application Thread] DEBUG AssetLoader          - Loading from cache: /assets/textures/Platformer/run_sheet.png
14:40:14.368 [JavaFX Application Thread] DEBUG AssetLoader          - Loading from cache: /assets/textures/Platformer/run_sheet.png
14:40:14.384 [JavaFX Application Thread] DEBUG AssetLoader          - Loading from cache: /assets/textures/Platformer/run_sheet.png
14:40:14.400 [JavaFX Application Thread] DEBUG AssetLoader          - Loading from cache: /assets/textures/Platformer/run_sheet.png
14:40:14.416 [JavaFX Application Thread] DEBUG AssetLoader          - Loading from cache: /assets/textures/Platformer/run_sheet.png
14:40:14.432 [JavaFX Application Thread] DEBUG AssetLoader          - Loading from cache: /assets/textures/Platformer/run_sheet.png
14:40:14.448 [JavaFX Application Thread] DEBUG AssetLoader          - Loading from cache: /assets/textures/Platformer/run_sheet.png
14:40:14.464 [JavaFX Application Thread] DEBUG AssetLoader          - Loading from cache: /assets/textures/Platformer/run_sheet.png
14:40:14.480 [JavaFX Application Thread] DEBUG AssetLoader          - Loading from cache: /assets/textures/Platformer/run_sheet.png
14:40:14.496 [JavaFX Application Thread] DEBUG AssetLoader          - Loading from cache: /assets/textures/Platformer/run_sheet.png
14:40:14.512 [JavaFX Application Thread] DEBUG AssetLoader          - Loading from cache: /assets/textures/Platformer/run_sheet.png
14:40:14.528 [JavaFX Application Thread] DEBUG AssetLoader          - Loading from cache: /assets/textures/Platformer/run_sheet.png
14:40:14.544 [JavaFX Application Thread] DEBUG AssetLoader          - Loading from cache: /assets/textures/Platformer/run_sheet.png
14:40:14.560 [JavaFX Application Thread] DEBUG AssetLoader          - Loading from cache: /assets/textures/Platformer/run_sheet.png
14:40:14.576 [JavaFX Application Thread] DEBUG AssetLoader          - Loading from cache: /assets/textures/Platformer/run_sheet.png
14:40:14.592 [JavaFX Application Thread] DEBUG AssetLoader          - Loading from cache: /assets/textures/Platformer/run_sheet.png
14:40:14.609 [JavaFX Application Thread] DEBUG AssetLoader          - Loading from cache: /assets/textures/Platformer/run_sheet.png
14:40:14.625 [JavaFX Application Thread] DEBUG AssetLoader          - Loading from cache: /assets/textures/Platformer/run_sheet.png
14:40:14.641 [JavaFX Application Thread] DEBUG AssetLoader          - Loading from cache: /assets/textures/Platformer/run_sheet.png
14:40:14.657 [JavaFX Application Thread] DEBUG AssetLoader          - Loading from cache: /assets/textures/Platformer/run_sheet.png
14:40:14.673 [JavaFX Application Thread] DEBUG AssetLoader          - Loading from cache: /assets/textures/Platformer/run_sheet.png
14:40:14.689 [JavaFX Application Thread] DEBUG AssetLoader          - Loading from cache: /assets/textures/Platformer/run_sheet.png
14:40:14.816 [JavaFX Application Thread] DEBUG AssetLoader          - Loading from cache: /assets/textures/Platformer/run_sheet.png
14:40:14.832 [JavaFX Application Thread] DEBUG AssetLoader          - Loading from cache: /assets/textures/Platformer/run_sheet.png
14:40:14.848 [JavaFX Application Thread] DEBUG AssetLoader          - Loading from cache: /assets/textures/Platformer/run_sheet.png
14:40:14.864 [JavaFX Application Thread] DEBUG AssetLoader          - Loading from cache: /assets/textures/Platformer/run_sheet.png
14:40:14.880 [JavaFX Application Thread] DEBUG AssetLoader          - Loading from cache: /assets/textures/Platformer/run_sheet.png
14:40:14.896 [JavaFX Application Thread] DEBUG AssetLoader          - Loading from cache: /assets/textures/Platformer/run_sheet.png
14:40:14.912 [JavaFX Application Thread] DEBUG AssetLoader          - Loading from cache: /assets/textures/Platformer/run_sheet.png
14:40:14.928 [JavaFX Application Thread] DEBUG AssetLoader          - Loading from cache: /assets/textures/Platformer/run_sheet.png
14:40:14.944 [JavaFX Application Thread] DEBUG AssetLoader          - Loading from cache: /assets/textures/Platformer/run_sheet.png
14:40:14.960 [JavaFX Application Thread] DEBUG AssetLoader          - Loading from cache: /assets/textures/Platformer/run_sheet.png
14:40:14.976 [JavaFX Application Thread] DEBUG AssetLoader          - Loading from cache: /assets/textures/Platformer/run_sheet.png
14:40:14.993 [JavaFX Application Thread] DEBUG AssetLoader          - Loading from cache: /assets/textures/Platformer/run_sheet.png
14:40:15.009 [JavaFX Application Thread] DEBUG AssetLoader          - Loading from cache: /assets/textures/Platformer/run_sheet.png
14:40:15.025 [JavaFX Application Thread] DEBUG AssetLoader          - Loading from cache: /assets/textures/Platformer/run_sheet.png
14:40:15.041 [JavaFX Application Thread] DEBUG AssetLoader          - Loading from cache: /assets/textures/Platformer/run_sheet.png
14:40:15.057 [JavaFX Application Thread] DEBUG AssetLoader          - Loading from cache: /assets/textures/Platformer/run_sheet.png
14:40:15.073 [JavaFX Application Thread] DEBUG AssetLoader          - Loading from cache: /assets/textures/Platformer/run_sheet.png
14:40:15.089 [JavaFX Application Thread] DEBUG AssetLoader          - Loading from cache: /assets/textures/Platformer/run_sheet.png
14:40:15.104 [JavaFX Application Thread] DEBUG AssetLoader          - Loading from cache: /assets/textures/Platformer/run_sheet.png
14:40:15.121 [JavaFX Application Thread] DEBUG AssetLoader          - Loading from cache: /assets/textures/Platformer/run_sheet.png
14:40:15.136 [JavaFX Application Thread] DEBUG AssetLoader          - Loading from cache: /assets/textures/Platformer/run_sheet.png
14:40:15.168 [JavaFX Application Thread] DEBUG AssetLoader          - Loading from cache: /assets/textures/Platformer/run_sheet.png
14:40:15.184 [JavaFX Application Thread] DEBUG AssetLoader          - Loading from cache: /assets/textures/Platformer/run_sheet.png
14:40:15.200 [JavaFX Application Thread] DEBUG AssetLoader          - Loading from cache: /assets/textures/Platformer/run_sheet.png
14:40:15.216 [JavaFX Application Thread] DEBUG AssetLoader          - Loading from cache: /assets/textures/Platformer/run_sheet.png
14:40:15.232 [JavaFX Application Thread] DEBUG AssetLoader          - Loading from cache: /assets/textures/Platformer/run_sheet.png
14:40:15.248 [JavaFX Application Thread] DEBUG AssetLoader          - Loading from cache: /assets/textures/Platformer/run_sheet.png
14:40:15.264 [JavaFX Application Thread] DEBUG AssetLoader          - Loading from cache: /assets/textures/Platformer/run_sheet.png
14:40:15.280 [JavaFX Application Thread] DEBUG AssetLoader          - Loading from cache: /assets/textures/Platformer/run_sheet.png
14:40:15.296 [JavaFX Application Thread] DEBUG AssetLoader          - Loading from cache: /assets/textures/Platformer/run_sheet.png
14:40:15.312 [JavaFX Application Thread] DEBUG AssetLoader          - Loading from cache: /assets/textures/Platformer/run_sheet.png
14:40:15.328 [JavaFX Application Thread] DEBUG AssetLoader          - Loading from cache: /assets/textures/Platformer/run_sheet.png
14:40:15.344 [JavaFX Application Thread] DEBUG AssetLoader          - Loading from cache: /assets/textures/Platformer/run_sheet.png
14:40:15.361 [JavaFX Application Thread] DEBUG AssetLoader          - Loading from cache: /assets/textures/Platformer/run_sheet.png
14:40:15.377 [JavaFX Application Thread] DEBUG AssetLoader          - Loading from cache: /assets/textures/Platformer/run_sheet.png
14:40:15.393 [JavaFX Application Thread] DEBUG AssetLoader          - Loading from cache: /assets/textures/Platformer/run_sheet.png
14:40:15.409 [JavaFX Application Thread] DEBUG AssetLoader          - Loading from cache: /assets/textures/Platformer/run_sheet.png
14:40:15.936 [JavaFX Application Thread] DEBUG AssetLoader          - Loading from cache: /assets/textures/Platformer/run_sheet.png
14:40:15.968 [JavaFX Application Thread] DEBUG AssetLoader          - Loading from cache: /assets/textures/Platformer/run_sheet.png
14:40:15.984 [JavaFX Application Thread] DEBUG AssetLoader          - Loading from cache: /assets/textures/Platformer/run_sheet.png
14:40:16.000 [JavaFX Application Thread] DEBUG AssetLoader          - Loading from cache: /assets/textures/Platformer/run_sheet.png
14:40:16.016 [JavaFX Application Thread] DEBUG AssetLoader          - Loading from cache: /assets/textures/Platformer/run_sheet.png
14:40:16.032 [JavaFX Application Thread] DEBUG AssetLoader          - Loading from cache: /assets/textures/Platformer/run_sheet.png
14:40:16.048 [JavaFX Application Thread] DEBUG AssetLoader          - Loading from cache: /assets/textures/Platformer/run_sheet.png
14:40:16.064 [JavaFX Application Thread] DEBUG AssetLoader          - Loading from cache: /assets/textures/Platformer/run_sheet.png
14:40:16.080 [JavaFX Application Thread] DEBUG AssetLoader          - Loading from cache: /assets/textures/Platformer/run_sheet.png
14:40:16.096 [JavaFX Application Thread] DEBUG AssetLoader          - Loading from cache: /assets/textures/Platformer/run_sheet.png
14:40:16.113 [JavaFX Application Thread] DEBUG AssetLoader          - Loading from cache: /assets/textures/Platformer/run_sheet.png
14:40:16.129 [JavaFX Application Thread] DEBUG AssetLoader          - Loading from cache: /assets/textures/Platformer/run_sheet.png
14:40:16.145 [JavaFX Application Thread] DEBUG AssetLoader          - Loading from cache: /assets/textures/Platformer/run_sheet.png
14:40:16.161 [JavaFX Application Thread] DEBUG AssetLoader          - Loading from cache: /assets/textures/Platformer/run_sheet.png
14:40:16.177 [JavaFX Application Thread] DEBUG AssetLoader          - Loading from cache: /assets/textures/Platformer/run_sheet.png
14:40:16.193 [JavaFX Application Thread] DEBUG AssetLoader          - Loading from cache: /assets/textures/Platformer/run_sheet.png
14:40:16.209 [JavaFX Application Thread] DEBUG AssetLoader          - Loading from cache: /assets/textures/Platformer/run_sheet.png
14:40:16.224 [JavaFX Application Thread] DEBUG AssetLoader          - Loading from cache: /assets/textures/Platformer/run_sheet.png
14:40:16.240 [JavaFX Application Thread] DEBUG AssetLoader          - Loading from cache: /assets/textures/Platformer/run_sheet.png
14:40:16.256 [JavaFX Application Thread] DEBUG AssetLoader          - Loading from cache: /assets/textures/Platformer/run_sheet.png
14:40:16.272 [JavaFX Application Thread] DEBUG AssetLoader          - Loading from cache: /assets/textures/Platformer/run_sheet.png
14:40:16.288 [JavaFX Application Thread] DEBUG AssetLoader          - Loading from cache: /assets/textures/Platformer/run_sheet.png
14:40:16.304 [JavaFX Application Thread] DEBUG AssetLoader          - Loading from cache: /assets/textures/Platformer/run_sheet.png
14:40:16.320 [JavaFX Application Thread] DEBUG AssetLoader          - Loading from cache: /assets/textures/Platformer/run_sheet.png
14:40:16.336 [JavaFX Application Thread] DEBUG AssetLoader          - Loading from cache: /assets/textures/Platformer/run_sheet.png
14:40:16.368 [JavaFX Application Thread] DEBUG AssetLoader          - Loading from cache: /assets/textures/Platformer/run_sheet.png
14:40:16.384 [JavaFX Application Thread] DEBUG AssetLoader          - Loading from cache: /assets/textures/Platformer/run_sheet.png
14:40:16.400 [JavaFX Application Thread] DEBUG AssetLoader          - Loading from cache: /assets/textures/Platformer/run_sheet.png
14:40:16.416 [JavaFX Application Thread] DEBUG AssetLoader          - Loading from cache: /assets/textures/Platformer/run_sheet.png
14:40:16.432 [JavaFX Application Thread] DEBUG AssetLoader          - Loading from cache: /assets/textures/Platformer/run_sheet.png
14:40:16.448 [JavaFX Application Thread] DEBUG AssetLoader          - Loading from cache: /assets/textures/Platformer/run_sheet.png
14:40:16.464 [JavaFX Application Thread] DEBUG AssetLoader          - Loading from cache: /assets/textures/Platformer/run_sheet.png
14:40:16.481 [JavaFX Application Thread] DEBUG AssetLoader          - Loading from cache: /assets/textures/Platformer/run_sheet.png
14:40:16.497 [JavaFX Application Thread] DEBUG AssetLoader          - Loading from cache: /assets/textures/Platformer/run_sheet.png
14:40:16.513 [JavaFX Application Thread] DEBUG AssetLoader          - Loading from cache: /assets/textures/Platformer/run_sheet.png
14:40:16.529 [JavaFX Application Thread] DEBUG AssetLoader          - Loading from cache: /assets/textures/Platformer/run_sheet.png
14:40:16.545 [JavaFX Application Thread] DEBUG AssetLoader          - Loading from cache: /assets/textures/Platformer/run_sheet.png
14:40:16.561 [JavaFX Application Thread] DEBUG AssetLoader          - Loading from cache: /assets/textures/Platformer/run_sheet.png
14:40:16.577 [JavaFX Application Thread] DEBUG AssetLoader          - Loading from cache: /assets/textures/Platformer/run_sheet.png
14:40:17.649 [JavaFX Application Thread] DEBUG AssetLoader          - Loading from cache: /assets/textures/Platformer/run_sheet.png
14:40:17.665 [JavaFX Application Thread] DEBUG AssetLoader          - Loading from cache: /assets/textures/Platformer/run_sheet.png
14:40:17.681 [JavaFX Application Thread] DEBUG AssetLoader          - Loading from cache: /assets/textures/Platformer/run_sheet.png
14:40:17.697 [JavaFX Application Thread] DEBUG AssetLoader          - Loading from cache: /assets/textures/Platformer/run_sheet.png
14:40:17.713 [JavaFX Application Thread] DEBUG AssetLoader          - Loading from cache: /assets/textures/Platformer/run_sheet.png
14:40:17.728 [JavaFX Application Thread] DEBUG AssetLoader          - Loading from cache: /assets/textures/Platformer/run_sheet.png
14:40:17.744 [JavaFX Application Thread] DEBUG AssetLoader          - Loading from cache: /assets/textures/Platformer/run_sheet.png
14:40:17.760 [JavaFX Application Thread] DEBUG AssetLoader          - Loading from cache: /assets/textures/Platformer/run_sheet.png
14:40:17.776 [JavaFX Application Thread] DEBUG AssetLoader          - Loading from cache: /assets/textures/Platformer/run_sheet.png
14:40:17.792 [JavaFX Application Thread] DEBUG AssetLoader          - Loading from cache: /assets/textures/Platformer/run_sheet.png
14:40:17.808 [JavaFX Application Thread] DEBUG AssetLoader          - Loading from cache: /assets/textures/Platformer/run_sheet.png
14:40:17.824 [JavaFX Application Thread] DEBUG AssetLoader          - Loading from cache: /assets/textures/Platformer/run_sheet.png
14:40:17.840 [JavaFX Application Thread] DEBUG AssetLoader          - Loading from cache: /assets/textures/Platformer/run_sheet.png
14:40:17.856 [JavaFX Application Thread] DEBUG AssetLoader          - Loading from cache: /assets/textures/Platformer/run_sheet.png
14:40:17.872 [JavaFX Application Thread] DEBUG AssetLoader          - Loading from cache: /assets/textures/Platformer/run_sheet.png
14:40:17.888 [JavaFX Application Thread] DEBUG AssetLoader          - Loading from cache: /assets/textures/Platformer/run_sheet.png
14:40:17.904 [JavaFX Application Thread] DEBUG AssetLoader          - Loading from cache: /assets/textures/Platformer/run_sheet.png
14:40:17.920 [JavaFX Application Thread] DEBUG AssetLoader          - Loading from cache: /assets/textures/Platformer/run_sheet.png
14:40:17.936 [JavaFX Application Thread] DEBUG AssetLoader          - Loading from cache: /assets/textures/Platformer/run_sheet.png
14:40:17.953 [JavaFX Application Thread] DEBUG AssetLoader          - Loading from cache: /assets/textures/Platformer/run_sheet.png
14:40:17.969 [JavaFX Application Thread] DEBUG AssetLoader          - Loading from cache: /assets/textures/Platformer/run_sheet.png
14:40:18.001 [JavaFX Application Thread] DEBUG AssetLoader          - Loading from cache: /assets/textures/Platformer/run_sheet.png
14:40:18.017 [JavaFX Application Thread] DEBUG AssetLoader          - Loading from cache: /assets/textures/Platformer/run_sheet.png
14:40:18.033 [JavaFX Application Thread] DEBUG AssetLoader          - Loading from cache: /assets/textures/Platformer/run_sheet.png
14:40:18.049 [JavaFX Application Thread] DEBUG AssetLoader          - Loading from cache: /assets/textures/Platformer/run_sheet.png
14:40:19.760 [JavaFX Application Thread] DEBUG AssetLoader          - Loading from cache: /assets/textures/Platformer/run_sheet.png
14:40:19.792 [JavaFX Application Thread] DEBUG AssetLoader          - Loading from cache: /assets/textures/Platformer/run_sheet.png
14:40:19.808 [JavaFX Application Thread] DEBUG AssetLoader          - Loading from cache: /assets/textures/Platformer/run_sheet.png
14:40:19.824 [JavaFX Application Thread] DEBUG AssetLoader          - Loading from cache: /assets/textures/Platformer/run_sheet.png
14:40:19.841 [JavaFX Application Thread] DEBUG AssetLoader          - Loading from cache: /assets/textures/Platformer/run_sheet.png
14:40:19.857 [JavaFX Application Thread] DEBUG AssetLoader          - Loading from cache: /assets/textures/Platformer/run_sheet.png
14:40:19.873 [JavaFX Application Thread] DEBUG AssetLoader          - Loading from cache: /assets/textures/Platformer/run_sheet.png
14:40:19.889 [JavaFX Application Thread] DEBUG AssetLoader          - Loading from cache: /assets/textures/Platformer/run_sheet.png
14:40:19.905 [JavaFX Application Thread] DEBUG AssetLoader          - Loading from cache: /assets/textures/Platformer/run_sheet.png
14:40:19.921 [JavaFX Application Thread] DEBUG AssetLoader          - Loading from cache: /assets/textures/Platformer/run_sheet.png
14:40:19.937 [JavaFX Application Thread] DEBUG AssetLoader          - Loading from cache: /assets/textures/Platformer/run_sheet.png
14:40:19.953 [JavaFX Application Thread] DEBUG AssetLoader          - Loading from cache: /assets/textures/Platformer/run_sheet.png
14:40:19.968 [JavaFX Application Thread] DEBUG AssetLoader          - Loading from cache: /assets/textures/Platformer/run_sheet.png
14:40:19.984 [JavaFX Application Thread] DEBUG AssetLoader          - Loading from cache: /assets/textures/Platformer/run_sheet.png
14:40:20.928 [JavaFX Application Thread] DEBUG AssetLoader          - Loading from cache: /assets/textures/Platformer/run_sheet.png
14:40:20.944 [JavaFX Application Thread] DEBUG AssetLoader          - Loading from cache: /assets/textures/Platformer/run_sheet.png
14:40:20.962 [JavaFX Application Thread] DEBUG AssetLoader          - Loading from cache: /assets/textures/Platformer/run_sheet.png
14:40:20.977 [JavaFX Application Thread] DEBUG AssetLoader          - Loading from cache: /assets/textures/Platformer/run_sheet.png
14:40:20.993 [JavaFX Application Thread] DEBUG AssetLoader          - Loading from cache: /assets/textures/Platformer/run_sheet.png
14:40:21.009 [JavaFX Application Thread] DEBUG AssetLoader          - Loading from cache: /assets/textures/Platformer/run_sheet.png
14:40:21.025 [JavaFX Application Thread] DEBUG AssetLoader          - Loading from cache: /assets/textures/Platformer/run_sheet.png
14:40:21.041 [JavaFX Application Thread] DEBUG AssetLoader          - Loading from cache: /assets/textures/Platformer/run_sheet.png
14:40:21.057 [JavaFX Application Thread] DEBUG AssetLoader          - Loading from cache: /assets/textures/Platformer/run_sheet.png
14:40:21.073 [JavaFX Application Thread] DEBUG AssetLoader          - Loading from cache: /assets/textures/Platformer/run_sheet.png
14:40:21.088 [JavaFX Application Thread] DEBUG AssetLoader          - Loading from cache: /assets/textures/Platformer/run_sheet.png
14:40:21.104 [JavaFX Application Thread] DEBUG AssetLoader          - Loading from cache: /assets/textures/Platformer/run_sheet.png
14:40:21.120 [JavaFX Application Thread] DEBUG AssetLoader          - Loading from cache: /assets/textures/Platformer/run_sheet.png
14:40:21.136 [JavaFX Application Thread] DEBUG AssetLoader          - Loading from cache: /assets/textures/Platformer/run_sheet.png
14:40:21.152 [JavaFX Application Thread] DEBUG AssetLoader          - Loading from cache: /assets/textures/Platformer/run_sheet.png
14:40:21.168 [JavaFX Application Thread] DEBUG AssetLoader          - Loading from cache: /assets/textures/Platformer/run_sheet.png
14:40:21.184 [JavaFX Application Thread] DEBUG AssetLoader          - Loading from cache: /assets/textures/Platformer/run_sheet.png
14:40:21.201 [JavaFX Application Thread] DEBUG AssetLoader          - Loading from cache: /assets/textures/Platformer/run_sheet.png
14:40:21.232 [JavaFX Application Thread] DEBUG AssetLoader          - Loading from cache: /assets/textures/Platformer/run_sheet.png
14:40:21.248 [JavaFX Application Thread] DEBUG AssetLoader          - Loading from cache: /assets/textures/Platformer/run_sheet.png
14:40:21.264 [JavaFX Application Thread] DEBUG AssetLoader          - Loading from cache: /assets/textures/Platformer/run_sheet.png
14:40:21.280 [JavaFX Application Thread] DEBUG AssetLoader          - Loading from cache: /assets/textures/Platformer/run_sheet.png
14:40:21.296 [JavaFX Application Thread] DEBUG AssetLoader          - Loading from cache: /assets/textures/Platformer/run_sheet.png
14:40:21.312 [JavaFX Application Thread] DEBUG AssetLoader          - Loading from cache: /assets/textures/Platformer/run_sheet.png
14:40:21.328 [JavaFX Application Thread] DEBUG AssetLoader          - Loading from cache: /assets/textures/Platformer/run_sheet.png
14:40:21.345 [JavaFX Application Thread] DEBUG AssetLoader          - Loading from cache: /assets/textures/Platformer/run_sheet.png
14:40:21.361 [JavaFX Application Thread] DEBUG AssetLoader          - Loading from cache: /assets/textures/Platformer/run_sheet.png
14:40:21.377 [JavaFX Application Thread] DEBUG AssetLoader          - Loading from cache: /assets/textures/Platformer/run_sheet.png
14:40:21.393 [JavaFX Application Thread] DEBUG AssetLoader          - Loading from cache: /assets/textures/Platformer/run_sheet.png
14:40:21.409 [JavaFX Application Thread] DEBUG AssetLoader          - Loading from cache: /assets/textures/Platformer/run_sheet.png
14:40:21.425 [JavaFX Application Thread] DEBUG AssetLoader          - Loading from cache: /assets/textures/Platformer/run_sheet.png
14:40:21.441 [JavaFX Application Thread] DEBUG AssetLoader          - Loading from cache: /assets/textures/Platformer/run_sheet.png
14:40:21.456 [JavaFX Application Thread] DEBUG AssetLoader          - Loading from cache: /assets/textures/Platformer/run_sheet.png
14:40:21.472 [JavaFX Application Thread] DEBUG AssetLoader          - Loading from cache: /assets/textures/Platformer/run_sheet.png
14:40:21.488 [JavaFX Application Thread] DEBUG AssetLoader          - Loading from cache: /assets/textures/Platformer/run_sheet.png
14:40:21.504 [JavaFX Application Thread] DEBUG AssetLoader          - Loading from cache: /assets/textures/Platformer/run_sheet.png
14:40:21.520 [JavaFX Application Thread] DEBUG AssetLoader          - Loading from cache: /assets/textures/Platformer/run_sheet.png
14:40:21.536 [JavaFX Application Thread] DEBUG AssetLoader          - Loading from cache: /assets/textures/Platformer/run_sheet.png
14:40:21.552 [JavaFX Application Thread] DEBUG AssetLoader          - Loading from cache: /assets/textures/Platformer/run_sheet.png
14:40:21.568 [JavaFX Application Thread] DEBUG AssetLoader          - Loading from cache: /assets/textures/Platformer/run_sheet.png
14:40:21.584 [JavaFX Application Thread] DEBUG AssetLoader          - Loading from cache: /assets/textures/Platformer/run_sheet.png
14:40:21.600 [JavaFX Application Thread] DEBUG AssetLoader          - Loading from cache: /assets/textures/Platformer/run_sheet.png
14:40:21.632 [JavaFX Application Thread] DEBUG AssetLoader          - Loading from cache: /assets/textures/Platformer/run_sheet.png
14:40:21.649 [JavaFX Application Thread] DEBUG AssetLoader          - Loading from cache: /assets/textures/Platformer/run_sheet.png
14:40:21.664 [JavaFX Application Thread] DEBUG AssetLoader          - Loading from cache: /assets/textures/Platformer/run_sheet.png
14:40:21.680 [JavaFX Application Thread] DEBUG AssetLoader          - Loading from cache: /assets/textures/Platformer/run_sheet.png
14:40:21.696 [JavaFX Application Thread] DEBUG AssetLoader          - Loading from cache: /assets/textures/Platformer/run_sheet.png
14:40:21.713 [JavaFX Application Thread] DEBUG AssetLoader          - Loading from cache: /assets/textures/Platformer/run_sheet.png
14:40:21.729 [JavaFX Application Thread] DEBUG AssetLoader          - Loading from cache: /assets/textures/Platformer/run_sheet.png
14:40:21.745 [JavaFX Application Thread] DEBUG AssetLoader          - Loading from cache: /assets/textures/Platformer/run_sheet.png
14:40:21.761 [JavaFX Application Thread] DEBUG AssetLoader          - Loading from cache: /assets/textures/Platformer/run_sheet.png
14:40:21.777 [JavaFX Application Thread] DEBUG AssetLoader          - Loading from cache: /assets/textures/Platformer/run_sheet.png
14:40:21.793 [JavaFX Application Thread] DEBUG AssetLoader          - Loading from cache: /assets/textures/Platformer/run_sheet.png
14:40:21.809 [JavaFX Application Thread] DEBUG AssetLoader          - Loading from cache: /assets/textures/Platformer/run_sheet.png
14:40:21.825 [JavaFX Application Thread] DEBUG AssetLoader          - Loading from cache: /assets/textures/Platformer/run_sheet.png
14:40:21.840 [JavaFX Application Thread] DEBUG AssetLoader          - Loading from cache: /assets/textures/Platformer/run_sheet.png
14:40:21.856 [JavaFX Application Thread] DEBUG AssetLoader          - Loading from cache: /assets/textures/Platformer/run_sheet.png
14:40:21.872 [JavaFX Application Thread] DEBUG AssetLoader          - Loading from cache: /assets/textures/Platformer/run_sheet.png
14:40:21.888 [JavaFX Application Thread] DEBUG AssetLoader          - Loading from cache: /assets/textures/Platformer/run_sheet.png
14:40:21.904 [JavaFX Application Thread] DEBUG AssetLoader          - Loading from cache: /assets/textures/Platformer/run_sheet.png
14:40:21.920 [JavaFX Application Thread] DEBUG AssetLoader          - Loading from cache: /assets/textures/Platformer/run_sheet.png
14:40:21.936 [JavaFX Application Thread] DEBUG AssetLoader          - Loading from cache: /assets/textures/Platformer/run_sheet.png
14:40:21.952 [JavaFX Application Thread] DEBUG AssetLoader          - Loading from cache: /assets/textures/Platformer/run_sheet.png
14:40:21.968 [JavaFX Application Thread] DEBUG AssetLoader          - Loading from cache: /assets/textures/Platformer/run_sheet.png
14:40:21.984 [JavaFX Application Thread] DEBUG AssetLoader          - Loading from cache: /assets/textures/Platformer/run_sheet.png
14:40:22.000 [JavaFX Application Thread] DEBUG AssetLoader          - Loading from cache: /assets/textures/Platformer/run_sheet.png
14:40:22.032 [JavaFX Application Thread] DEBUG AssetLoader          - Loading from cache: /assets/textures/Platformer/run_sheet.png
14:40:22.048 [JavaFX Application Thread] DEBUG AssetLoader          - Loading from cache: /assets/textures/Platformer/run_sheet.png
14:40:22.064 [JavaFX Application Thread] DEBUG AssetLoader          - Loading from cache: /assets/textures/Platformer/run_sheet.png
14:40:22.081 [JavaFX Application Thread] DEBUG AssetLoader          - Loading from cache: /assets/textures/Platformer/run_sheet.png
14:40:22.097 [JavaFX Application Thread] DEBUG AssetLoader          - Loading from cache: /assets/textures/Platformer/run_sheet.png
14:40:22.113 [JavaFX Application Thread] DEBUG AssetLoader          - Loading from cache: /assets/textures/Platformer/run_sheet.png
14:40:22.129 [JavaFX Application Thread] DEBUG AssetLoader          - Loading from cache: /assets/textures/Platformer/run_sheet.png
14:40:22.145 [JavaFX Application Thread] DEBUG AssetLoader          - Loading from cache: /assets/textures/Platformer/run_sheet.png
14:40:22.161 [JavaFX Application Thread] DEBUG AssetLoader          - Loading from cache: /assets/textures/Platformer/run_sheet.png
14:40:22.177 [JavaFX Application Thread] DEBUG AssetLoader          - Loading from cache: /assets/textures/Platformer/run_sheet.png
14:40:22.193 [JavaFX Application Thread] DEBUG AssetLoader          - Loading from cache: /assets/textures/Platformer/run_sheet.png
14:40:22.208 [JavaFX Application Thread] DEBUG AssetLoader          - Loading from cache: /assets/textures/Platformer/run_sheet.png
14:40:22.224 [JavaFX Application Thread] DEBUG AssetLoader          - Loading from cache: /assets/textures/Platformer/run_sheet.png
14:40:22.240 [JavaFX Application Thread] DEBUG AssetLoader          - Loading from cache: /assets/textures/Platformer/run_sheet.png
14:40:22.256 [JavaFX Application Thread] DEBUG AssetLoader          - Loading from cache: /assets/textures/Platformer/run_sheet.png
14:40:22.272 [JavaFX Application Thread] DEBUG AssetLoader          - Loading from cache: /assets/textures/Platformer/run_sheet.png
14:40:22.288 [JavaFX Application Thread] DEBUG AssetLoader          - Loading from cache: /assets/textures/Platformer/run_sheet.png
14:40:22.304 [JavaFX Application Thread] DEBUG AssetLoader          - Loading from cache: /assets/textures/Platformer/run_sheet.png
14:40:22.320 [JavaFX Application Thread] DEBUG AssetLoader          - Loading from cache: /assets/textures/Platformer/run_sheet.png
14:40:22.336 [JavaFX Application Thread] DEBUG AssetLoader          - Loading from cache: /assets/textures/Platformer/run_sheet.png
14:40:22.352 [JavaFX Application Thread] DEBUG AssetLoader          - Loading from cache: /assets/textures/Platformer/run_sheet.png
14:40:22.368 [JavaFX Application Thread] DEBUG AssetLoader          - Loading from cache: /assets/textures/Platformer/run_sheet.png
14:40:22.384 [JavaFX Application Thread] DEBUG AssetLoader          - Loading from cache: /assets/textures/Platformer/run_sheet.png
14:40:22.400 [JavaFX Application Thread] DEBUG AssetLoader          - Loading from cache: /assets/textures/Platformer/run_sheet.png
14:40:22.432 [JavaFX Application Thread] DEBUG AssetLoader          - Loading from cache: /assets/textures/Platformer/run_sheet.png
14:40:22.449 [JavaFX Application Thread] DEBUG AssetLoader          - Loading from cache: /assets/textures/Platformer/run_sheet.png
14:40:22.465 [JavaFX Application Thread] DEBUG AssetLoader          - Loading from cache: /assets/textures/Platformer/run_sheet.png
14:40:22.481 [JavaFX Application Thread] DEBUG AssetLoader          - Loading from cache: /assets/textures/Platformer/run_sheet.png
14:40:22.497 [JavaFX Application Thread] DEBUG AssetLoader          - Loading from cache: /assets/textures/Platformer/run_sheet.png
14:40:22.513 [JavaFX Application Thread] DEBUG AssetLoader          - Loading from cache: /assets/textures/Platformer/run_sheet.png
14:40:22.529 [JavaFX Application Thread] DEBUG AssetLoader          - Loading from cache: /assets/textures/Platformer/run_sheet.png
14:40:22.545 [JavaFX Application Thread] DEBUG AssetLoader          - Loading from cache: /assets/textures/Platformer/run_sheet.png
14:40:22.561 [JavaFX Application Thread] DEBUG AssetLoader          - Loading from cache: /assets/textures/Platformer/run_sheet.png
14:40:22.576 [JavaFX Application Thread] DEBUG AssetLoader          - Loading from cache: /assets/textures/Platformer/run_sheet.png
14:40:22.592 [JavaFX Application Thread] DEBUG AssetLoader          - Loading from cache: /assets/textures/Platformer/run_sheet.png
14:40:22.608 [JavaFX Application Thread] DEBUG AssetLoader          - Loading from cache: /assets/textures/Platformer/run_sheet.png
14:40:22.624 [JavaFX Application Thread] DEBUG AssetLoader          - Loading from cache: /assets/textures/Platformer/run_sheet.png
14:40:22.640 [JavaFX Application Thread] DEBUG AssetLoader          - Loading from cache: /assets/textures/Platformer/run_sheet.png
14:40:22.656 [JavaFX Application Thread] DEBUG AssetLoader          - Loading from cache: /assets/textures/Platformer/run_sheet.png
14:40:22.672 [JavaFX Application Thread] DEBUG AssetLoader          - Loading from cache: /assets/textures/Platformer/run_sheet.png
14:40:22.688 [JavaFX Application Thread] DEBUG AssetLoader          - Loading from cache: /assets/textures/Platformer/run_sheet.png
14:40:22.704 [JavaFX Application Thread] DEBUG AssetLoader          - Loading from cache: /assets/textures/Platformer/run_sheet.png
14:40:22.720 [JavaFX Application Thread] DEBUG AssetLoader          - Loading from cache: /assets/textures/Platformer/run_sheet.png
14:40:22.736 [JavaFX Application Thread] DEBUG AssetLoader          - Loading from cache: /assets/textures/Platformer/run_sheet.png
14:40:22.752 [JavaFX Application Thread] DEBUG AssetLoader          - Loading from cache: /assets/textures/Platformer/run_sheet.png
14:40:22.768 [JavaFX Application Thread] DEBUG AssetLoader          - Loading from cache: /assets/textures/Platformer/run_sheet.png
14:40:22.784 [JavaFX Application Thread] DEBUG AssetLoader          - Loading from cache: /assets/textures/Platformer/run_sheet.png
14:40:22.800 [JavaFX Application Thread] DEBUG AssetLoader          - Loading from cache: /assets/textures/Platformer/run_sheet.png
14:40:22.833 [JavaFX Application Thread] DEBUG AssetLoader          - Loading from cache: /assets/textures/Platformer/run_sheet.png
14:40:22.849 [JavaFX Application Thread] DEBUG AssetLoader          - Loading from cache: /assets/textures/Platformer/run_sheet.png
14:40:22.865 [JavaFX Application Thread] DEBUG AssetLoader          - Loading from cache: /assets/textures/Platformer/run_sheet.png
14:40:22.881 [JavaFX Application Thread] DEBUG AssetLoader          - Loading from cache: /assets/textures/Platformer/run_sheet.png
14:40:22.897 [JavaFX Application Thread] DEBUG AssetLoader          - Loading from cache: /assets/textures/Platformer/run_sheet.png
14:40:22.913 [JavaFX Application Thread] DEBUG AssetLoader          - Loading from cache: /assets/textures/Platformer/run_sheet.png
14:40:22.929 [JavaFX Application Thread] DEBUG AssetLoader          - Loading from cache: /assets/textures/Platformer/run_sheet.png
14:40:22.945 [JavaFX Application Thread] DEBUG AssetLoader          - Loading from cache: /assets/textures/Platformer/run_sheet.png
14:40:22.960 [JavaFX Application Thread] DEBUG AssetLoader          - Loading from cache: /assets/textures/Platformer/run_sheet.png
14:40:22.976 [JavaFX Application Thread] DEBUG AssetLoader          - Loading from cache: /assets/textures/Platformer/run_sheet.png
14:40:22.992 [JavaFX Application Thread] DEBUG AssetLoader          - Loading from cache: /assets/textures/Platformer/run_sheet.png
14:40:23.008 [JavaFX Application Thread] DEBUG AssetLoader          - Loading from cache: /assets/textures/Platformer/run_sheet.png
14:40:23.024 [JavaFX Application Thread] DEBUG AssetLoader          - Loading from cache: /assets/textures/Platformer/run_sheet.png
14:40:23.040 [JavaFX Application Thread] DEBUG AssetLoader          - Loading from cache: /assets/textures/Platformer/run_sheet.png
14:40:24.579 [JavaFX Application Thread] DEBUG GameApplication      - Exiting game application
14:40:24.579 [JavaFX Application Thread] DEBUG GameApplication      - Shutting down background threads
14:40:24.580 [JavaFX Application Thread] DEBUG GameApplication      - Exiting FXGL
14:40:24.580 [JavaFX Application Thread] DEBUG FXGL                 - Saving FXGL system data
14:40:24.582 [JavaFX Application Thread] DEBUG DesktopFSService     - Writing to: system\fxgl.bundle
14:40:24.585 [JavaFX Application Thread] DEBUG GameApplication      - Closing logger and exiting JavaFX
