19:47:17.513 [JavaFX Application Thread] DEBUG GameApplication      - Logger initialized
19:47:17.518 [JavaFX Application Thread] DEBUG MainWindow           - Creating a JavaFX scene
19:47:17.592 [JavaFX Application Thread] DEBUG MainWindow           - Target settings size: 800.0 x 470.0
19:47:17.592 [JavaFX Application Thread] DEBUG MainWindow           - Scaled scene size:    800.0 x 470.0
19:47:17.592 [JavaFX Application Thread] DEBUG MainWindow           - Scaled ratio: (1.0, 1.0)
19:47:17.598 [JavaFX Application Thread] DEBUG GameApplication      - Starting FXGL
19:47:17.611 [JavaFX Application Thread] INFO  FXGL                 - FXGL-0.5.1 on DESKTOP
19:47:17.611 [JavaFX Application Thread] INFO  FXGL                 - Source code and latest versions at: https://github.com/AlmasB/FXGL
19:47:17.611 [JavaFX Application Thread] INFO  FXGL                 -              Join the FXGL chat at: https://gitter.im/AlmasB/FXGL
19:47:17.617 [JavaFX Application Thread] DEBUG FS                   - Loaded DesktopFSService
19:47:17.618 [JavaFX Application Thread] DEBUG FXGL                 - Loading FXGL system data
19:47:17.625 [JavaFX Application Thread] DEBUG DesktopFSService     - Reading from: system\fxgl.bundle
19:47:17.632 [JavaFX Application Thread] DEBUG Bundle               - Logging bundle: FXGL
19:47:17.633 [JavaFX Application Thread] DEBUG Bundle               - FXGL.offline.timer.version.check=2018-05-16T18:22:51.838
19:47:17.658 [JavaFX Application Thread] DEBUG GameApplication      - FXGL started
19:47:17.658 [JavaFX Application Thread] DEBUG GameApplication      - Logging game settings
Title: Frogger
Version: 0.2.0
Width: 800
Height: 470
Fullscreen: false
Intro: false
Menus: false
Profiling: false
Single step:false
App Mode: DEVELOPER
Menu Key: ESCAPE
Stage Style: DECORATED
Scene Factory: class com.almasb.fxgl.scene.SceneFactory
Dialog Factory: class com.almasb.fxgl.ui.FXGLDialogFactory
UI Factory: class com.almasb.fxgl.ui.FXGLUIFactory
Notification Service: class com.almasb.fxgl.gameplay.notification.XboxNotificationView
Exception Handler: class com.almasb.fxgl.app.FXGLExceptionHandler
19:47:17.659 [JavaFX Application Thread] DEBUG GameApplication      - Configuring GameApplication
19:47:17.659 [JavaFX Application Thread] DEBUG GameApplication      - Initializing state machine and application states
19:47:17.671 [JavaFX Application Thread] DEBUG AssetLoader          - Loading from disk: /assets/ui/cursors/fxgl_default.png
19:47:17.687 [JavaFX Application Thread] DEBUG AssetLoader          - Loading from disk: /assets/ui/cursors/fxgl_default.png
19:47:17.704 [JavaFX Application Thread] DEBUG FXGLAssets           - Loading FXGLAssets
19:47:17.728 [JavaFX Application Thread] DEBUG AssetLoader          - Loading from disk: /assets/ui/fonts/VarelaRound-Regular.ttf
19:47:17.864 [JavaFX Application Thread] DEBUG AssetLoader          - Loading from disk: /assets/ui/fonts/lucida_console.ttf
19:47:17.874 [JavaFX Application Thread] DEBUG AssetLoader          - Loading from disk: /assets/ui/css/fxgl_dark.css
19:47:17.901 [JavaFX Application Thread] DEBUG AssetLoader          - Loading from disk: /assets/ui/cursors/fxgl_default.png
19:47:17.933 [JavaFX Application Thread] DEBUG AssetLoader          - Loading from disk: /assets/ui/cursors/fxgl_default.png
19:47:17.949 [JavaFX Application Thread] DEBUG GameScene            - Game scene initialized: 800x470
19:47:17.952 [JavaFX Application Thread] DEBUG GameWorld            - Game world initialized
19:47:17.994 [JavaFX Application Thread] DEBUG PhysicsWorld         - Physics world initialized: appHeight=470, physics.ppm=50.0
19:47:18.010 [JavaFX Application Thread] DEBUG Input                - Registered new binding: Pause - Esc
19:47:18.025 [JavaFX Application Thread] DEBUG Input                - Clearing active input actions
19:47:18.060 [JavaFX Application Thread] DEBUG AppStateMachine      - StartupState -> StartupState
19:47:18.067 [JavaFX Application Thread] INFO  GameApplication      - Game configuration took:  0.408 sec
19:47:18.069 [JavaFX Application Thread] DEBUG AssetLoader          - Loading from disk: /assets/textures/fxgl_icon.png
19:47:18.078 [JavaFX Application Thread] DEBUG MainWindow           - Opening main window
19:47:18.217 [JavaFX Application Thread] DEBUG MainWindow           - Window border size: (4.0, 26.666656494140625)
19:47:18.217 [JavaFX Application Thread] DEBUG MainWindow           - Scaled size: 800.0 x 470.0
19:47:18.217 [JavaFX Application Thread] DEBUG MainWindow           - Scaled ratio: (1.0, 1.0)
19:47:18.218 [JavaFX Application Thread] DEBUG MainWindow           - Scene size: 800.0 x 470.0
19:47:18.218 [JavaFX Application Thread] DEBUG MainWindow           - Stage size: 804.0 x 496.6666564941406
19:47:18.218 [JavaFX Application Thread] DEBUG GameApplication      - Running preInit()
19:47:18.220 [JavaFX Application Thread] DEBUG Input                - Registered new binding: Screenshot - P
19:47:18.220 [JavaFX Application Thread] DEBUG Input                - Registered new binding: Dev Options - CTRL+0
19:47:18.221 [JavaFX Application Thread] DEBUG Input                - Registered new binding: System info dump - CTRL+9
19:47:18.221 [JavaFX Application Thread] DEBUG Input                - Registered new binding: Restart - CTRL+R
19:47:18.221 [JavaFX Application Thread] DEBUG Input                - Registered new binding: up - W
19:47:18.221 [JavaFX Application Thread] DEBUG Input                - Registered new binding: down - S
19:47:18.222 [JavaFX Application Thread] DEBUG Input                - Registered new binding: left - A
19:47:18.222 [JavaFX Application Thread] DEBUG Input                - Registered new binding: right - D
19:47:18.249 [JavaFX Application Thread] DEBUG GameApplication      - Starting main loop
19:47:18.250 [JavaFX Application Thread] DEBUG StartupState         - STARTUP
19:47:18.251 [JavaFX Application Thread] DEBUG GameApplication      - Starting new game
19:47:18.251 [JavaFX Application Thread] DEBUG Input                - Clearing active input actions
19:47:18.256 [JavaFX Application Thread] DEBUG AppStateMachine      - StartupState -> LoadingState
19:47:18.261 [FXGL Background Thread 1 ] DEBUG InitAppTask          - Clearing previous game
19:47:18.261 [FXGL Background Thread 1 ] DEBUG GameWorld            - Clearing game world
19:47:18.261 [FXGL Background Thread 1 ] DEBUG PhysicsWorld         - Clearing physics world
19:47:18.261 [FXGL Background Thread 1 ] DEBUG GameScene            - Clearing game scene
19:47:18.262 [FXGL Background Thread 1 ] DEBUG InitAppTask          - Initializing Game
19:47:18.307 [FXGL Background Thread 1 ] DEBUG AssetLoader          - Loading from disk: /assets/textures/Frogger/frog_idle.png
19:47:18.318 [FXGL Background Thread 1 ] DEBUG GameScene            - Creating render group for layer: DEFAULT(100000)
19:47:18.320 [FXGL Background Thread 1 ] DEBUG AssetLoader          - Loading from disk: /assets/textures/Frogger/full_log.png
19:47:18.326 [FXGL Background Thread 1 ] DEBUG AssetLoader          - Loading from cache: /assets/textures/Frogger/full_log.png
19:47:18.329 [FXGL Background Thread 1 ] DEBUG AssetLoader          - Loading from disk: /assets/textures/Frogger/rotating_log.png
19:47:18.338 [FXGL Background Thread 1 ] DEBUG InitAppTask          - Initializing Physics
19:47:18.338 [FXGL Background Thread 1 ] DEBUG InitAppTask          - Initializing UI
19:47:18.338 [FXGL Background Thread 1 ] DEBUG AssetLoader          - Loading from disk: /assets/textures/Frogger/background.jpg
19:47:18.345 [FXGL Background Thread 1 ] DEBUG InitAppTask          - Initialization Complete
19:47:18.345 [FXGL Background Thread 1 ] INFO  InitAppTask          - Game initialization took: 0.084 sec
19:47:18.347 [JavaFX Application Thread] DEBUG Input                - Clearing active input actions
19:47:18.354 [JavaFX Application Thread] DEBUG AppStateMachine      - LoadingState -> PlayState
19:47:19.235 [JavaFX Application Thread] DEBUG AssetLoader          - Loading from disk: /assets/textures/Frogger/red_car.png
19:47:19.236 [JavaFX Application Thread] DEBUG GameScene            - Creating render group for layer: TOP(2147483647)
19:47:19.237 [JavaFX Application Thread] DEBUG AssetLoader          - Loading from cache: /assets/textures/Frogger/red_car.png
19:47:20.148 [JavaFX Application Thread] DEBUG AssetLoader          - Loading from disk: /assets/textures/Frogger/orange_car.png
19:47:20.150 [JavaFX Application Thread] DEBUG AssetLoader          - Loading from cache: /assets/textures/Frogger/orange_car.png
19:47:21.075 [JavaFX Application Thread] DEBUG AssetLoader          - Loading from cache: /assets/textures/Frogger/red_car.png
19:47:21.075 [JavaFX Application Thread] DEBUG AssetLoader          - Loading from cache: /assets/textures/Frogger/orange_car.png
19:47:21.987 [JavaFX Application Thread] DEBUG AssetLoader          - Loading from disk: /assets/textures/Frogger/blue_car.png
19:47:21.989 [JavaFX Application Thread] DEBUG AssetLoader          - Loading from cache: /assets/textures/Frogger/blue_car.png
19:47:22.899 [JavaFX Application Thread] DEBUG AssetLoader          - Loading from cache: /assets/textures/Frogger/orange_car.png
19:47:22.900 [JavaFX Application Thread] DEBUG AssetLoader          - Loading from disk: /assets/textures/Frogger/purple_car.png
19:47:23.634 [JavaFX Application Thread] DEBUG GameApplication      - Exiting game application
19:47:23.634 [JavaFX Application Thread] DEBUG GameApplication      - Shutting down background threads
19:47:23.634 [JavaFX Application Thread] DEBUG GameApplication      - Exiting FXGL
19:47:23.635 [JavaFX Application Thread] DEBUG FXGL                 - Saving FXGL system data
19:47:23.637 [JavaFX Application Thread] DEBUG DesktopFSService     - Writing to: system\fxgl.bundle
19:47:23.641 [JavaFX Application Thread] DEBUG GameApplication      - Closing logger and exiting JavaFX
