14:30:12.827 [JavaFX Application Thread] DEBUG GameApplication      - Logger initialized
14:30:12.833 [JavaFX Application Thread] DEBUG MainWindow           - Creating a JavaFX scene
14:30:12.915 [JavaFX Application Thread] DEBUG MainWindow           - Target settings size: 800.0 x 470.0
14:30:12.915 [JavaFX Application Thread] DEBUG MainWindow           - Scaled scene size:    800.0 x 470.0
14:30:12.915 [JavaFX Application Thread] DEBUG MainWindow           - Scaled ratio: (1.0, 1.0)
14:30:12.921 [JavaFX Application Thread] DEBUG GameApplication      - Starting FXGL
14:30:12.932 [JavaFX Application Thread] INFO  FXGL                 - FXGL-0.5.1 on DESKTOP
14:30:12.932 [JavaFX Application Thread] INFO  FXGL                 - Source code and latest versions at: https://github.com/AlmasB/FXGL
14:30:12.932 [JavaFX Application Thread] INFO  FXGL                 -              Join the FXGL chat at: https://gitter.im/AlmasB/FXGL
14:30:12.938 [JavaFX Application Thread] DEBUG FS                   - Loaded DesktopFSService
14:30:12.938 [JavaFX Application Thread] DEBUG FXGL                 - Loading FXGL system data
14:30:12.946 [JavaFX Application Thread] DEBUG DesktopFSService     - Reading from: system\fxgl.bundle
14:30:12.954 [JavaFX Application Thread] DEBUG Bundle               - Logging bundle: FXGL
14:30:12.954 [JavaFX Application Thread] DEBUG Bundle               - FXGL.offline.timer.version.check=2018-05-24T09:09:49.283
14:30:12.979 [JavaFX Application Thread] DEBUG GameApplication      - FXGL started
14:30:12.979 [JavaFX Application Thread] DEBUG GameApplication      - Logging game settings
Title: Frogger
Version: 0.2.0
Width: 800
Height: 470
Fullscreen: false
Intro: false
Menus: false
Profiling: false
Single step:false
App Mode: DEVELOPER
Menu Key: ESCAPE
Stage Style: DECORATED
Scene Factory: class com.almasb.fxgl.scene.SceneFactory
Dialog Factory: class com.almasb.fxgl.ui.FXGLDialogFactory
UI Factory: class com.almasb.fxgl.ui.FXGLUIFactory
Notification Service: class com.almasb.fxgl.gameplay.notification.XboxNotificationView
Exception Handler: class com.almasb.fxgl.app.FXGLExceptionHandler
14:30:12.980 [JavaFX Application Thread] DEBUG GameApplication      - Configuring GameApplication
14:30:12.980 [JavaFX Application Thread] DEBUG GameApplication      - Initializing state machine and application states
14:30:12.989 [JavaFX Application Thread] DEBUG AssetLoader          - Loading from disk: /assets/ui/cursors/fxgl_default.png
14:30:13.007 [JavaFX Application Thread] DEBUG AssetLoader          - Loading from disk: /assets/ui/cursors/fxgl_default.png
14:30:13.025 [JavaFX Application Thread] DEBUG FXGLAssets           - Loading FXGLAssets
14:30:13.053 [JavaFX Application Thread] DEBUG AssetLoader          - Loading from disk: /assets/ui/fonts/VarelaRound-Regular.ttf
14:30:13.193 [JavaFX Application Thread] DEBUG AssetLoader          - Loading from disk: /assets/ui/fonts/lucida_console.ttf
14:30:13.202 [JavaFX Application Thread] DEBUG AssetLoader          - Loading from disk: /assets/ui/css/fxgl_dark.css
14:30:13.227 [JavaFX Application Thread] DEBUG AssetLoader          - Loading from disk: /assets/ui/cursors/fxgl_default.png
14:30:13.261 [JavaFX Application Thread] DEBUG AssetLoader          - Loading from disk: /assets/ui/cursors/fxgl_default.png
14:30:13.277 [JavaFX Application Thread] DEBUG GameScene            - Game scene initialized: 800x470
14:30:13.280 [JavaFX Application Thread] DEBUG GameWorld            - Game world initialized
14:30:13.338 [JavaFX Application Thread] DEBUG PhysicsWorld         - Physics world initialized: appHeight=470, physics.ppm=50.0
14:30:13.357 [JavaFX Application Thread] DEBUG Input                - Registered new binding: Pause - Esc
14:30:13.385 [JavaFX Application Thread] DEBUG Input                - Clearing active input actions
14:30:13.434 [JavaFX Application Thread] DEBUG AppStateMachine      - StartupState -> StartupState
14:30:13.438 [JavaFX Application Thread] INFO  GameApplication      - Game configuration took:  0.459 sec
14:30:13.441 [JavaFX Application Thread] DEBUG AssetLoader          - Loading from disk: /assets/textures/fxgl_icon.png
14:30:13.454 [JavaFX Application Thread] DEBUG MainWindow           - Opening main window
14:30:13.635 [JavaFX Application Thread] DEBUG MainWindow           - Window border size: (4.0, 26.666656494140625)
14:30:13.635 [JavaFX Application Thread] DEBUG MainWindow           - Scaled size: 800.0 x 470.0
14:30:13.636 [JavaFX Application Thread] DEBUG MainWindow           - Scaled ratio: (1.0, 1.0)
14:30:13.636 [JavaFX Application Thread] DEBUG MainWindow           - Scene size: 800.0 x 470.0
14:30:13.636 [JavaFX Application Thread] DEBUG MainWindow           - Stage size: 804.0 x 496.6666564941406
14:30:13.636 [JavaFX Application Thread] DEBUG GameApplication      - Running preInit()
14:30:13.639 [JavaFX Application Thread] DEBUG Input                - Registered new binding: Screenshot - P
14:30:13.640 [JavaFX Application Thread] DEBUG Input                - Registered new binding: Dev Options - CTRL+0
14:30:13.640 [JavaFX Application Thread] DEBUG Input                - Registered new binding: System info dump - CTRL+9
14:30:13.641 [JavaFX Application Thread] DEBUG Input                - Registered new binding: Restart - CTRL+R
14:30:13.641 [JavaFX Application Thread] DEBUG Input                - Registered new binding: up - W
14:30:13.641 [JavaFX Application Thread] DEBUG Input                - Registered new binding: down - S
14:30:13.641 [JavaFX Application Thread] DEBUG Input                - Registered new binding: left - A
14:30:13.641 [JavaFX Application Thread] DEBUG Input                - Registered new binding: right - D
14:30:13.642 [JavaFX Application Thread] DEBUG Input                - Registered new binding: testd - Space
14:30:13.672 [JavaFX Application Thread] DEBUG GameApplication      - Starting main loop
14:30:13.674 [JavaFX Application Thread] DEBUG StartupState         - STARTUP
14:30:13.674 [JavaFX Application Thread] DEBUG GameApplication      - Starting new game
14:30:13.674 [JavaFX Application Thread] DEBUG Input                - Clearing active input actions
14:30:13.682 [JavaFX Application Thread] DEBUG AppStateMachine      - StartupState -> LoadingState
14:30:13.688 [FXGL Background Thread 1 ] DEBUG InitAppTask          - Clearing previous game
14:30:13.688 [FXGL Background Thread 1 ] DEBUG GameWorld            - Clearing game world
14:30:13.688 [FXGL Background Thread 1 ] DEBUG PhysicsWorld         - Clearing physics world
14:30:13.689 [FXGL Background Thread 1 ] DEBUG GameScene            - Clearing game scene
14:30:13.690 [FXGL Background Thread 1 ] DEBUG InitAppTask          - Initializing Game
14:30:13.709 [FXGL Background Thread 1 ] DEBUG AssetLoader          - Loading from disk: /assets/textures/Frogger/splatting_frog.png
14:30:13.748 [FXGL Background Thread 1 ] DEBUG AssetLoader          - Loading from disk: /assets/textures/Frogger/frog_idle.png
14:30:13.757 [FXGL Background Thread 1 ] DEBUG GameScene            - Creating render group for layer: TOP(2147483647)
14:30:13.760 [FXGL Background Thread 1 ] DEBUG AssetLoader          - Loading from disk: /assets/textures/Frogger/half_log.png
14:30:13.764 [FXGL Background Thread 1 ] DEBUG GameScene            - Creating render group for layer: DEFAULT(100000)
14:30:13.766 [FXGL Background Thread 1 ] DEBUG AssetLoader          - Loading from disk: /assets/textures/Frogger/full_log.png
14:30:13.769 [FXGL Background Thread 1 ] DEBUG AssetLoader          - Loading from cache: /assets/textures/Frogger/half_log.png
14:30:13.770 [FXGL Background Thread 1 ] DEBUG AssetLoader          - Loading from disk: /assets/textures/Frogger/rotating_log.png
14:30:13.773 [FXGL Background Thread 1 ] DEBUG InitAppTask          - Initializing Physics
14:30:13.774 [FXGL Background Thread 1 ] DEBUG InitAppTask          - Initializing UI
14:30:13.774 [FXGL Background Thread 1 ] DEBUG AssetLoader          - Loading from disk: /assets/textures/Frogger/background.jpg
14:30:13.781 [FXGL Background Thread 1 ] DEBUG InitAppTask          - Initialization Complete
14:30:13.781 [FXGL Background Thread 1 ] INFO  InitAppTask          - Game initialization took: 0.093 sec
14:30:13.788 [JavaFX Application Thread] DEBUG Input                - Clearing active input actions
14:30:13.793 [JavaFX Application Thread] DEBUG AppStateMachine      - LoadingState -> PlayState
14:30:14.669 [JavaFX Application Thread] DEBUG AssetLoader          - Loading from disk: /assets/textures/Frogger/blue_car.png
14:30:14.671 [JavaFX Application Thread] DEBUG AssetLoader          - Loading from disk: /assets/textures/Frogger/red_car.png
14:30:14.900 [JavaFX Application Thread] DEBUG Input                - Mocking key release: A
14:30:14.901 [JavaFX Application Thread] DEBUG AssetLoader          - Loading from disk: /assets/textures/Frogger/frog_jump.png
14:30:15.149 [JavaFX Application Thread] DEBUG AssetLoader          - Loading from cache: /assets/textures/Frogger/frog_idle.png
14:30:15.597 [JavaFX Application Thread] DEBUG AssetLoader          - Loading from disk: /assets/textures/Frogger/purple_car.png
14:30:15.599 [JavaFX Application Thread] DEBUG AssetLoader          - Loading from cache: /assets/textures/Frogger/blue_car.png
14:30:16.486 [JavaFX Application Thread] DEBUG Input                - Mocking key release: W
14:30:16.486 [JavaFX Application Thread] DEBUG AssetLoader          - Loading from cache: /assets/textures/Frogger/frog_jump.png
14:30:16.510 [JavaFX Application Thread] DEBUG AssetLoader          - Loading from cache: /assets/textures/Frogger/blue_car.png
14:30:16.512 [JavaFX Application Thread] DEBUG AssetLoader          - Loading from disk: /assets/textures/Frogger/orange_car.png
14:30:16.632 [JavaFX Application Thread] DEBUG Input                - Mocking key release: D
14:30:16.632 [JavaFX Application Thread] DEBUG AssetLoader          - Loading from cache: /assets/textures/Frogger/frog_jump.png
14:30:16.731 [JavaFX Application Thread] DEBUG Input                - Mocking key release: W
14:30:16.731 [JavaFX Application Thread] DEBUG AssetLoader          - Loading from cache: /assets/textures/Frogger/frog_jump.png
14:30:16.732 [JavaFX Application Thread] DEBUG AssetLoader          - Loading from cache: /assets/textures/Frogger/frog_idle.png
14:30:16.733 [JavaFX Application Thread] DEBUG AssetLoader          - Loading from cache: /assets/textures/Frogger/splatting_frog.png
14:30:16.794 [JavaFX Application Thread] DEBUG Input                - Mocking key release: D
14:30:16.903 [JavaFX Application Thread] DEBUG Input                - Mocking key release: W
14:30:17.261 [JavaFX Application Thread] DEBUG AssetLoader          - Loading from cache: /assets/textures/Frogger/splatting_frog.png
14:30:17.262 [JavaFX Application Thread] DEBUG AssetLoader          - Loading from cache: /assets/textures/Frogger/frog_idle.png
14:30:17.422 [JavaFX Application Thread] DEBUG AssetLoader          - Loading from cache: /assets/textures/Frogger/purple_car.png
14:30:17.423 [JavaFX Application Thread] DEBUG AssetLoader          - Loading from cache: /assets/textures/Frogger/orange_car.png
14:30:17.634 [JavaFX Application Thread] DEBUG Input                - Mocking key release: W
14:30:17.634 [JavaFX Application Thread] DEBUG AssetLoader          - Loading from cache: /assets/textures/Frogger/frog_jump.png
14:30:17.764 [JavaFX Application Thread] DEBUG Input                - Mocking key release: D
14:30:17.764 [JavaFX Application Thread] DEBUG AssetLoader          - Loading from cache: /assets/textures/Frogger/frog_jump.png
14:30:17.884 [JavaFX Application Thread] DEBUG AssetLoader          - Loading from cache: /assets/textures/Frogger/frog_idle.png
14:30:18.029 [JavaFX Application Thread] DEBUG AssetLoader          - Loading from cache: /assets/textures/Frogger/frog_idle.png
14:30:18.280 [JavaFX Application Thread] DEBUG Input                - Mocking key release: D
14:30:18.280 [JavaFX Application Thread] DEBUG AssetLoader          - Loading from cache: /assets/textures/Frogger/frog_jump.png
14:30:18.333 [JavaFX Application Thread] DEBUG AssetLoader          - Loading from cache: /assets/textures/Frogger/blue_car.png
14:30:18.334 [JavaFX Application Thread] DEBUG AssetLoader          - Loading from cache: /assets/textures/Frogger/red_car.png
14:30:18.407 [JavaFX Application Thread] DEBUG Input                - Mocking key release: W
14:30:18.407 [JavaFX Application Thread] DEBUG AssetLoader          - Loading from cache: /assets/textures/Frogger/frog_jump.png
14:30:18.498 [JavaFX Application Thread] DEBUG Input                - Mocking key release: D
14:30:18.499 [JavaFX Application Thread] DEBUG AssetLoader          - Loading from cache: /assets/textures/Frogger/frog_jump.png
14:30:18.541 [JavaFX Application Thread] DEBUG AssetLoader          - Loading from cache: /assets/textures/Frogger/frog_idle.png
14:30:18.597 [JavaFX Application Thread] DEBUG Input                - Mocking key release: W
14:30:18.598 [JavaFX Application Thread] DEBUG AssetLoader          - Loading from cache: /assets/textures/Frogger/frog_jump.png
14:30:18.652 [JavaFX Application Thread] DEBUG AssetLoader          - Loading from cache: /assets/textures/Frogger/frog_idle.png
14:30:18.652 [JavaFX Application Thread] DEBUG AssetLoader          - Loading from cache: /assets/textures/Frogger/splatting_frog.png
14:30:18.664 [JavaFX Application Thread] DEBUG Input                - Mocking key release: D
14:30:18.781 [JavaFX Application Thread] DEBUG Input                - Mocking key release: W
14:30:18.835 [JavaFX Application Thread] DEBUG Input                - Mocking key release: D
14:30:19.165 [JavaFX Application Thread] DEBUG AssetLoader          - Loading from cache: /assets/textures/Frogger/splatting_frog.png
14:30:19.166 [JavaFX Application Thread] DEBUG AssetLoader          - Loading from cache: /assets/textures/Frogger/frog_idle.png
14:30:19.262 [JavaFX Application Thread] DEBUG AssetLoader          - Loading from disk: /assets/textures/Frogger/green_car.png
14:30:19.266 [JavaFX Application Thread] DEBUG AssetLoader          - Loading from cache: /assets/textures/Frogger/green_car.png
14:30:19.268 [JavaFX Application Thread] DEBUG AssetLoader          - Loading from cache: /assets/textures/Frogger/half_log.png
14:30:19.269 [JavaFX Application Thread] DEBUG AssetLoader          - Loading from cache: /assets/textures/Frogger/half_log.png
14:30:19.734 [JavaFX Application Thread] DEBUG Input                - Mocking key release: W
14:30:19.734 [JavaFX Application Thread] DEBUG AssetLoader          - Loading from cache: /assets/textures/Frogger/frog_jump.png
14:30:19.847 [JavaFX Application Thread] DEBUG Input                - Mocking key release: D
14:30:19.848 [JavaFX Application Thread] DEBUG AssetLoader          - Loading from cache: /assets/textures/Frogger/frog_jump.png
14:30:19.963 [JavaFX Application Thread] DEBUG Input                - Mocking key release: W
14:30:19.964 [JavaFX Application Thread] DEBUG AssetLoader          - Loading from cache: /assets/textures/Frogger/frog_jump.png
14:30:19.981 [JavaFX Application Thread] DEBUG AssetLoader          - Loading from cache: /assets/textures/Frogger/frog_idle.png
14:30:20.030 [JavaFX Application Thread] DEBUG Input                - Mocking key release: D
14:30:20.030 [JavaFX Application Thread] DEBUG AssetLoader          - Loading from cache: /assets/textures/Frogger/frog_jump.png
14:30:20.108 [JavaFX Application Thread] DEBUG AssetLoader          - Loading from cache: /assets/textures/Frogger/frog_idle.png
14:30:20.120 [JavaFX Application Thread] DEBUG Input                - Mocking key release: W
14:30:20.120 [JavaFX Application Thread] DEBUG AssetLoader          - Loading from cache: /assets/textures/Frogger/frog_jump.png
14:30:20.173 [JavaFX Application Thread] DEBUG AssetLoader          - Loading from cache: /assets/textures/Frogger/orange_car.png
14:30:20.174 [JavaFX Application Thread] DEBUG AssetLoader          - Loading from cache: /assets/textures/Frogger/blue_car.png
14:30:20.212 [JavaFX Application Thread] DEBUG Input                - Mocking key release: D
14:30:20.213 [JavaFX Application Thread] DEBUG AssetLoader          - Loading from cache: /assets/textures/Frogger/frog_jump.png
14:30:20.221 [JavaFX Application Thread] DEBUG AssetLoader          - Loading from cache: /assets/textures/Frogger/frog_idle.png
14:30:20.269 [JavaFX Application Thread] DEBUG Input                - Mocking key release: W
14:30:20.269 [JavaFX Application Thread] DEBUG AssetLoader          - Loading from cache: /assets/textures/Frogger/frog_jump.png
14:30:20.285 [JavaFX Application Thread] DEBUG AssetLoader          - Loading from cache: /assets/textures/Frogger/frog_idle.png
14:30:20.363 [JavaFX Application Thread] DEBUG Input                - Mocking key release: D
14:30:20.363 [JavaFX Application Thread] DEBUG AssetLoader          - Loading from cache: /assets/textures/Frogger/frog_jump.png
14:30:20.365 [JavaFX Application Thread] DEBUG AssetLoader          - Loading from cache: /assets/textures/Frogger/frog_idle.png
14:30:20.449 [JavaFX Application Thread] DEBUG Input                - Mocking key release: W
14:30:20.449 [JavaFX Application Thread] DEBUG AssetLoader          - Loading from cache: /assets/textures/Frogger/frog_jump.png
14:30:20.477 [JavaFX Application Thread] DEBUG AssetLoader          - Loading from cache: /assets/textures/Frogger/frog_idle.png
14:30:20.524 [JavaFX Application Thread] DEBUG AssetLoader          - Loading from cache: /assets/textures/Frogger/frog_idle.png
14:30:20.621 [JavaFX Application Thread] DEBUG AssetLoader          - Loading from cache: /assets/textures/Frogger/frog_idle.png
14:30:20.701 [JavaFX Application Thread] DEBUG AssetLoader          - Loading from cache: /assets/textures/Frogger/frog_idle.png
14:30:20.955 [JavaFX Application Thread] DEBUG Input                - Mocking key release: W
14:30:20.955 [JavaFX Application Thread] DEBUG AssetLoader          - Loading from cache: /assets/textures/Frogger/frog_jump.png
14:30:21.085 [JavaFX Application Thread] DEBUG AssetLoader          - Loading from cache: /assets/textures/Frogger/green_car.png
14:30:21.086 [JavaFX Application Thread] DEBUG AssetLoader          - Loading from cache: /assets/textures/Frogger/blue_car.png
14:30:21.112 [JavaFX Application Thread] DEBUG Input                - Mocking key release: W
14:30:21.113 [JavaFX Application Thread] DEBUG AssetLoader          - Loading from cache: /assets/textures/Frogger/frog_jump.png
14:30:21.197 [JavaFX Application Thread] DEBUG AssetLoader          - Loading from cache: /assets/textures/Frogger/frog_idle.png
14:30:21.251 [JavaFX Application Thread] DEBUG Input                - Mocking key release: W
14:30:21.252 [JavaFX Application Thread] DEBUG AssetLoader          - Loading from cache: /assets/textures/Frogger/frog_jump.png
14:30:21.373 [JavaFX Application Thread] DEBUG AssetLoader          - Loading from cache: /assets/textures/Frogger/frog_idle.png
14:30:21.501 [JavaFX Application Thread] DEBUG AssetLoader          - Loading from cache: /assets/textures/Frogger/frog_idle.png
14:30:21.629 [JavaFX Application Thread] DEBUG Input                - Mocking key release: W
14:30:21.629 [JavaFX Application Thread] DEBUG AssetLoader          - Loading from cache: /assets/textures/Frogger/frog_jump.png
14:30:21.885 [JavaFX Application Thread] DEBUG AssetLoader          - Loading from cache: /assets/textures/Frogger/frog_idle.png
14:30:21.981 [JavaFX Application Thread] DEBUG AssetLoader          - Loading from cache: /assets/textures/Frogger/red_car.png
14:30:21.983 [JavaFX Application Thread] DEBUG AssetLoader          - Loading from cache: /assets/textures/Frogger/orange_car.png
14:30:22.893 [JavaFX Application Thread] DEBUG AssetLoader          - Loading from cache: /assets/textures/Frogger/red_car.png
14:30:22.894 [JavaFX Application Thread] DEBUG AssetLoader          - Loading from cache: /assets/textures/Frogger/blue_car.png
14:30:22.895 [JavaFX Application Thread] DEBUG AssetLoader          - Loading from cache: /assets/textures/Frogger/full_log.png
14:30:22.896 [JavaFX Application Thread] DEBUG AssetLoader          - Loading from cache: /assets/textures/Frogger/half_log.png
14:30:22.896 [JavaFX Application Thread] DEBUG AssetLoader          - Loading from cache: /assets/textures/Frogger/half_log.png
14:30:23.451 [JavaFX Application Thread] DEBUG Input                - Mocking key release: W
14:30:23.451 [JavaFX Application Thread] DEBUG AssetLoader          - Loading from cache: /assets/textures/Frogger/frog_jump.png
14:30:23.709 [JavaFX Application Thread] DEBUG AssetLoader          - Loading from cache: /assets/textures/Frogger/frog_idle.png
14:30:23.790 [JavaFX Application Thread] DEBUG AssetLoader          - Loading from cache: /assets/textures/Frogger/red_car.png
14:30:23.792 [JavaFX Application Thread] DEBUG AssetLoader          - Loading from cache: /assets/textures/Frogger/purple_car.png
14:30:24.188 [JavaFX Application Thread] DEBUG Input                - Mocking key release: S
14:30:24.189 [JavaFX Application Thread] DEBUG AssetLoader          - Loading from cache: /assets/textures/Frogger/frog_jump.png
14:30:24.429 [JavaFX Application Thread] DEBUG AssetLoader          - Loading from cache: /assets/textures/Frogger/frog_idle.png
14:30:24.535 [JavaFX Application Thread] DEBUG Input                - Mocking key release: D
14:30:24.535 [JavaFX Application Thread] DEBUG AssetLoader          - Loading from cache: /assets/textures/Frogger/frog_jump.png
14:30:24.686 [JavaFX Application Thread] DEBUG AssetLoader          - Loading from cache: /assets/textures/Frogger/blue_car.png
14:30:24.687 [JavaFX Application Thread] DEBUG AssetLoader          - Loading from cache: /assets/textures/Frogger/green_car.png
14:30:24.710 [JavaFX Application Thread] DEBUG Input                - Mocking key release: D
14:30:24.710 [JavaFX Application Thread] DEBUG AssetLoader          - Loading from cache: /assets/textures/Frogger/frog_jump.png
14:30:24.781 [JavaFX Application Thread] DEBUG AssetLoader          - Loading from cache: /assets/textures/Frogger/frog_idle.png
14:30:24.864 [JavaFX Application Thread] DEBUG Input                - Mocking key release: D
14:30:24.865 [JavaFX Application Thread] DEBUG AssetLoader          - Loading from cache: /assets/textures/Frogger/frog_jump.png
14:30:24.972 [JavaFX Application Thread] DEBUG AssetLoader          - Loading from cache: /assets/textures/Frogger/frog_idle.png
14:30:25.010 [JavaFX Application Thread] DEBUG Input                - Mocking key release: D
14:30:25.011 [JavaFX Application Thread] DEBUG AssetLoader          - Loading from cache: /assets/textures/Frogger/frog_jump.png
14:30:25.117 [JavaFX Application Thread] DEBUG AssetLoader          - Loading from cache: /assets/textures/Frogger/frog_idle.png
14:30:25.196 [JavaFX Application Thread] DEBUG Input                - Mocking key release: D
14:30:25.196 [JavaFX Application Thread] DEBUG AssetLoader          - Loading from cache: /assets/textures/Frogger/frog_jump.png
14:30:25.277 [JavaFX Application Thread] DEBUG AssetLoader          - Loading from cache: /assets/textures/Frogger/frog_idle.png
14:30:25.347 [JavaFX Application Thread] DEBUG Input                - Mocking key release: D
14:30:25.347 [JavaFX Application Thread] DEBUG AssetLoader          - Loading from cache: /assets/textures/Frogger/frog_jump.png
14:30:25.453 [JavaFX Application Thread] DEBUG AssetLoader          - Loading from cache: /assets/textures/Frogger/frog_idle.png
14:30:25.510 [JavaFX Application Thread] DEBUG Input                - Mocking key release: D
14:30:25.510 [JavaFX Application Thread] DEBUG AssetLoader          - Loading from cache: /assets/textures/Frogger/frog_jump.png
14:30:25.581 [JavaFX Application Thread] DEBUG AssetLoader          - Loading from cache: /assets/textures/Frogger/blue_car.png
14:30:25.583 [JavaFX Application Thread] DEBUG AssetLoader          - Loading from cache: /assets/textures/Frogger/red_car.png
14:30:25.597 [JavaFX Application Thread] DEBUG AssetLoader          - Loading from cache: /assets/textures/Frogger/frog_idle.png
14:30:25.655 [JavaFX Application Thread] DEBUG Input                - Mocking key release: D
14:30:25.655 [JavaFX Application Thread] DEBUG AssetLoader          - Loading from cache: /assets/textures/Frogger/frog_jump.png
14:30:25.773 [JavaFX Application Thread] DEBUG AssetLoader          - Loading from cache: /assets/textures/Frogger/frog_idle.png
14:30:25.901 [JavaFX Application Thread] DEBUG AssetLoader          - Loading from cache: /assets/textures/Frogger/frog_idle.png
14:30:26.028 [JavaFX Application Thread] DEBUG Input                - Mocking key release: D
14:30:26.029 [JavaFX Application Thread] DEBUG AssetLoader          - Loading from cache: /assets/textures/Frogger/frog_jump.png
14:30:26.285 [JavaFX Application Thread] DEBUG AssetLoader          - Loading from cache: /assets/textures/Frogger/frog_idle.png
14:30:26.311 [JavaFX Application Thread] DEBUG Input                - Mocking key release: D
14:30:26.311 [JavaFX Application Thread] DEBUG AssetLoader          - Loading from cache: /assets/textures/Frogger/frog_jump.png
14:30:26.493 [JavaFX Application Thread] DEBUG AssetLoader          - Loading from cache: /assets/textures/Frogger/orange_car.png
14:30:26.495 [JavaFX Application Thread] DEBUG AssetLoader          - Loading from cache: /assets/textures/Frogger/purple_car.png
14:30:26.573 [JavaFX Application Thread] DEBUG AssetLoader          - Loading from cache: /assets/textures/Frogger/frog_idle.png
14:30:26.577 [JavaFX Application Thread] DEBUG Input                - Mocking key release: D
14:30:26.577 [JavaFX Application Thread] DEBUG AssetLoader          - Loading from cache: /assets/textures/Frogger/frog_jump.png
14:30:26.828 [JavaFX Application Thread] DEBUG AssetLoader          - Loading from cache: /assets/textures/Frogger/frog_idle.png
14:30:26.843 [JavaFX Application Thread] DEBUG Input                - Mocking key release: D
14:30:26.843 [JavaFX Application Thread] DEBUG AssetLoader          - Loading from cache: /assets/textures/Frogger/frog_jump.png
14:30:27.061 [JavaFX Application Thread] DEBUG Input                - Mocking key release: D
14:30:27.061 [JavaFX Application Thread] DEBUG AssetLoader          - Loading from cache: /assets/textures/Frogger/frog_jump.png
14:30:27.101 [JavaFX Application Thread] DEBUG AssetLoader          - Loading from cache: /assets/textures/Frogger/frog_idle.png
14:30:27.260 [JavaFX Application Thread] DEBUG Input                - Mocking key release: D
14:30:27.260 [JavaFX Application Thread] DEBUG AssetLoader          - Loading from cache: /assets/textures/Frogger/frog_jump.png
14:30:27.325 [JavaFX Application Thread] DEBUG AssetLoader          - Loading from cache: /assets/textures/Frogger/frog_idle.png
14:30:27.390 [JavaFX Application Thread] DEBUG AssetLoader          - Loading from cache: /assets/textures/Frogger/green_car.png
14:30:27.391 [JavaFX Application Thread] DEBUG AssetLoader          - Loading from cache: /assets/textures/Frogger/orange_car.png
14:30:27.391 [JavaFX Application Thread] DEBUG AssetLoader          - Loading from cache: /assets/textures/Frogger/full_log.png
14:30:27.392 [JavaFX Application Thread] DEBUG AssetLoader          - Loading from cache: /assets/textures/Frogger/half_log.png
14:30:27.411 [JavaFX Application Thread] DEBUG Input                - Mocking key release: D
14:30:27.411 [JavaFX Application Thread] DEBUG AssetLoader          - Loading from cache: /assets/textures/Frogger/frog_jump.png
14:30:27.517 [JavaFX Application Thread] DEBUG AssetLoader          - Loading from cache: /assets/textures/Frogger/frog_idle.png
14:30:27.661 [JavaFX Application Thread] DEBUG AssetLoader          - Loading from cache: /assets/textures/Frogger/frog_idle.png
14:30:28.287 [JavaFX Application Thread] DEBUG AssetLoader          - Loading from cache: /assets/textures/Frogger/purple_car.png
14:30:28.290 [JavaFX Application Thread] DEBUG AssetLoader          - Loading from cache: /assets/textures/Frogger/purple_car.png
14:30:29.181 [JavaFX Application Thread] DEBUG AssetLoader          - Loading from cache: /assets/textures/Frogger/orange_car.png
14:30:29.183 [JavaFX Application Thread] DEBUG AssetLoader          - Loading from cache: /assets/textures/Frogger/blue_car.png
14:30:29.945 [JavaFX Application Thread] DEBUG Input                - Mocking key release: W
14:30:29.945 [JavaFX Application Thread] DEBUG AssetLoader          - Loading from cache: /assets/textures/Frogger/frog_jump.png
14:30:30.077 [JavaFX Application Thread] DEBUG AssetLoader          - Loading from cache: /assets/textures/Frogger/purple_car.png
14:30:30.079 [JavaFX Application Thread] DEBUG AssetLoader          - Loading from cache: /assets/textures/Frogger/red_car.png
14:30:30.205 [JavaFX Application Thread] DEBUG AssetLoader          - Loading from cache: /assets/textures/Frogger/frog_idle.png
14:30:31.005 [JavaFX Application Thread] DEBUG AssetLoader          - Loading from cache: /assets/textures/Frogger/red_car.png
14:30:31.006 [JavaFX Application Thread] DEBUG AssetLoader          - Loading from cache: /assets/textures/Frogger/purple_car.png
14:30:31.008 [JavaFX Application Thread] DEBUG AssetLoader          - Loading from cache: /assets/textures/Frogger/half_log.png
14:30:31.010 [JavaFX Application Thread] DEBUG AssetLoader          - Loading from cache: /assets/textures/Frogger/full_log.png
14:30:31.012 [JavaFX Application Thread] DEBUG AssetLoader          - Loading from cache: /assets/textures/Frogger/full_log.png
14:30:31.918 [JavaFX Application Thread] DEBUG AssetLoader          - Loading from cache: /assets/textures/Frogger/green_car.png
14:30:31.919 [JavaFX Application Thread] DEBUG AssetLoader          - Loading from cache: /assets/textures/Frogger/blue_car.png
14:30:32.829 [JavaFX Application Thread] DEBUG AssetLoader          - Loading from cache: /assets/textures/Frogger/blue_car.png
14:30:32.830 [JavaFX Application Thread] DEBUG AssetLoader          - Loading from cache: /assets/textures/Frogger/green_car.png
14:30:32.923 [JavaFX Application Thread] DEBUG Input                - Mocking key release: S
14:30:32.924 [JavaFX Application Thread] DEBUG AssetLoader          - Loading from cache: /assets/textures/Frogger/frog_jump.png
14:30:33.124 [JavaFX Application Thread] DEBUG Input                - Mocking key release: S
14:30:33.124 [JavaFX Application Thread] DEBUG AssetLoader          - Loading from cache: /assets/textures/Frogger/frog_jump.png
14:30:33.181 [JavaFX Application Thread] DEBUG AssetLoader          - Loading from cache: /assets/textures/Frogger/frog_idle.png
14:30:33.389 [JavaFX Application Thread] DEBUG AssetLoader          - Loading from cache: /assets/textures/Frogger/frog_idle.png
14:30:33.509 [JavaFX Application Thread] DEBUG Input                - Mocking key release: W
14:30:33.509 [JavaFX Application Thread] DEBUG AssetLoader          - Loading from cache: /assets/textures/Frogger/frog_jump.png
14:30:33.742 [JavaFX Application Thread] DEBUG AssetLoader          - Loading from cache: /assets/textures/Frogger/orange_car.png
14:30:33.744 [JavaFX Application Thread] DEBUG AssetLoader          - Loading from cache: /assets/textures/Frogger/purple_car.png
14:30:33.757 [JavaFX Application Thread] DEBUG AssetLoader          - Loading from cache: /assets/textures/Frogger/frog_idle.png
14:30:33.773 [JavaFX Application Thread] DEBUG Input                - Mocking key release: D
14:30:33.773 [JavaFX Application Thread] DEBUG AssetLoader          - Loading from cache: /assets/textures/Frogger/frog_jump.png
14:30:33.924 [JavaFX Application Thread] DEBUG Input                - Mocking key release: D
14:30:33.925 [JavaFX Application Thread] DEBUG AssetLoader          - Loading from cache: /assets/textures/Frogger/frog_jump.png
14:30:34.028 [JavaFX Application Thread] DEBUG AssetLoader          - Loading from cache: /assets/textures/Frogger/frog_idle.png
14:30:34.076 [JavaFX Application Thread] DEBUG Input                - Mocking key release: D
14:30:34.076 [JavaFX Application Thread] DEBUG AssetLoader          - Loading from cache: /assets/textures/Frogger/frog_jump.png
14:30:34.189 [JavaFX Application Thread] DEBUG AssetLoader          - Loading from cache: /assets/textures/Frogger/frog_idle.png
14:30:34.332 [JavaFX Application Thread] DEBUG AssetLoader          - Loading from cache: /assets/textures/Frogger/frog_idle.png
14:30:34.411 [JavaFX Application Thread] DEBUG Input                - Mocking key release: D
14:30:34.412 [JavaFX Application Thread] DEBUG AssetLoader          - Loading from cache: /assets/textures/Frogger/frog_jump.png
14:30:34.669 [JavaFX Application Thread] DEBUG AssetLoader          - Loading from cache: /assets/textures/Frogger/purple_car.png
14:30:34.670 [JavaFX Application Thread] DEBUG AssetLoader          - Loading from cache: /assets/textures/Frogger/green_car.png
14:30:34.672 [JavaFX Application Thread] DEBUG AssetLoader          - Loading from cache: /assets/textures/Frogger/full_log.png
14:30:34.673 [JavaFX Application Thread] DEBUG AssetLoader          - Loading from cache: /assets/textures/Frogger/full_log.png
14:30:34.675 [JavaFX Application Thread] DEBUG AssetLoader          - Loading from cache: /assets/textures/Frogger/frog_idle.png
14:30:34.739 [JavaFX Application Thread] DEBUG Input                - Mocking key release: D
14:30:34.739 [JavaFX Application Thread] DEBUG AssetLoader          - Loading from cache: /assets/textures/Frogger/frog_jump.png
14:30:34.891 [JavaFX Application Thread] DEBUG Input                - Mocking key release: D
14:30:34.891 [JavaFX Application Thread] DEBUG AssetLoader          - Loading from cache: /assets/textures/Frogger/frog_jump.png
14:30:35.005 [JavaFX Application Thread] DEBUG AssetLoader          - Loading from cache: /assets/textures/Frogger/frog_idle.png
14:30:35.036 [JavaFX Application Thread] DEBUG Input                - Mocking key release: D
14:30:35.036 [JavaFX Application Thread] DEBUG AssetLoader          - Loading from cache: /assets/textures/Frogger/frog_jump.png
14:30:35.149 [JavaFX Application Thread] DEBUG AssetLoader          - Loading from cache: /assets/textures/Frogger/frog_idle.png
14:30:35.179 [JavaFX Application Thread] DEBUG Input                - Mocking key release: D
14:30:35.179 [JavaFX Application Thread] DEBUG AssetLoader          - Loading from cache: /assets/textures/Frogger/frog_jump.png
14:30:35.277 [JavaFX Application Thread] DEBUG AssetLoader          - Loading from cache: /assets/textures/Frogger/frog_idle.png
14:30:35.324 [JavaFX Application Thread] DEBUG Input                - Mocking key release: D
14:30:35.324 [JavaFX Application Thread] DEBUG AssetLoader          - Loading from cache: /assets/textures/Frogger/frog_jump.png
14:30:35.436 [JavaFX Application Thread] DEBUG AssetLoader          - Loading from cache: /assets/textures/Frogger/frog_idle.png
14:30:35.582 [JavaFX Application Thread] DEBUG AssetLoader          - Loading from cache: /assets/textures/Frogger/blue_car.png
14:30:35.583 [JavaFX Application Thread] DEBUG AssetLoader          - Loading from cache: /assets/textures/Frogger/blue_car.png
14:30:35.584 [JavaFX Application Thread] DEBUG AssetLoader          - Loading from cache: /assets/textures/Frogger/frog_idle.png
14:30:35.891 [JavaFX Application Thread] DEBUG Input                - Mocking key release: W
14:30:35.891 [JavaFX Application Thread] DEBUG AssetLoader          - Loading from cache: /assets/textures/Frogger/frog_jump.png
14:30:36.106 [JavaFX Application Thread] DEBUG Input                - Mocking key release: W
14:30:36.106 [JavaFX Application Thread] DEBUG AssetLoader          - Loading from cache: /assets/textures/Frogger/frog_jump.png
14:30:36.141 [JavaFX Application Thread] DEBUG AssetLoader          - Loading from cache: /assets/textures/Frogger/frog_idle.png
14:30:36.365 [JavaFX Application Thread] DEBUG AssetLoader          - Loading from cache: /assets/textures/Frogger/frog_idle.png
14:30:36.493 [JavaFX Application Thread] DEBUG AssetLoader          - Loading from cache: /assets/textures/Frogger/red_car.png
14:30:36.494 [JavaFX Application Thread] DEBUG AssetLoader          - Loading from cache: /assets/textures/Frogger/red_car.png
14:30:37.056 [JavaFX Application Thread] DEBUG Input                - Mocking key release: D
14:30:37.056 [JavaFX Application Thread] DEBUG AssetLoader          - Loading from cache: /assets/textures/Frogger/frog_jump.png
14:30:37.308 [JavaFX Application Thread] DEBUG AssetLoader          - Loading from cache: /assets/textures/Frogger/frog_idle.png
14:30:37.422 [JavaFX Application Thread] DEBUG AssetLoader          - Loading from cache: /assets/textures/Frogger/blue_car.png
14:30:37.423 [JavaFX Application Thread] DEBUG AssetLoader          - Loading from cache: /assets/textures/Frogger/purple_car.png
14:30:38.056 [JavaFX Application Thread] DEBUG Input                - Mocking key release: S
14:30:38.056 [JavaFX Application Thread] DEBUG AssetLoader          - Loading from cache: /assets/textures/Frogger/frog_jump.png
14:30:38.229 [JavaFX Application Thread] DEBUG Input                - Mocking key release: S
14:30:38.230 [JavaFX Application Thread] DEBUG AssetLoader          - Loading from cache: /assets/textures/Frogger/frog_jump.png
14:30:38.317 [JavaFX Application Thread] DEBUG AssetLoader          - Loading from cache: /assets/textures/Frogger/frog_idle.png
14:30:38.334 [JavaFX Application Thread] DEBUG AssetLoader          - Loading from cache: /assets/textures/Frogger/purple_car.png
14:30:38.335 [JavaFX Application Thread] DEBUG AssetLoader          - Loading from cache: /assets/textures/Frogger/blue_car.png
14:30:38.364 [JavaFX Application Thread] DEBUG Input                - Mocking key release: S
14:30:38.364 [JavaFX Application Thread] DEBUG AssetLoader          - Loading from cache: /assets/textures/Frogger/frog_jump.png
14:30:38.476 [JavaFX Application Thread] DEBUG AssetLoader          - Loading from cache: /assets/textures/Frogger/frog_idle.png
14:30:38.605 [JavaFX Application Thread] DEBUG AssetLoader          - Loading from cache: /assets/textures/Frogger/frog_idle.png
14:30:38.714 [JavaFX Application Thread] DEBUG Input                - Mocking key release: D
14:30:38.714 [JavaFX Application Thread] DEBUG AssetLoader          - Loading from cache: /assets/textures/Frogger/frog_jump.png
14:30:38.904 [JavaFX Application Thread] DEBUG Input                - Mocking key release: D
14:30:38.905 [JavaFX Application Thread] DEBUG AssetLoader          - Loading from cache: /assets/textures/Frogger/frog_jump.png
14:30:38.957 [JavaFX Application Thread] DEBUG AssetLoader          - Loading from cache: /assets/textures/Frogger/frog_idle.png
14:30:39.076 [JavaFX Application Thread] DEBUG Input                - Mocking key release: D
14:30:39.076 [JavaFX Application Thread] DEBUG AssetLoader          - Loading from cache: /assets/textures/Frogger/frog_jump.png
14:30:39.165 [JavaFX Application Thread] DEBUG AssetLoader          - Loading from cache: /assets/textures/Frogger/frog_idle.png
14:30:39.245 [JavaFX Application Thread] DEBUG AssetLoader          - Loading from cache: /assets/textures/Frogger/red_car.png
14:30:39.247 [JavaFX Application Thread] DEBUG AssetLoader          - Loading from cache: /assets/textures/Frogger/blue_car.png
14:30:39.248 [JavaFX Application Thread] DEBUG AssetLoader          - Loading from cache: /assets/textures/Frogger/half_log.png
14:30:39.249 [JavaFX Application Thread] DEBUG AssetLoader          - Loading from cache: /assets/textures/Frogger/half_log.png
14:30:39.325 [JavaFX Application Thread] DEBUG AssetLoader          - Loading from cache: /assets/textures/Frogger/frog_idle.png
14:30:39.440 [JavaFX Application Thread] DEBUG Input                - Mocking key release: W
14:30:39.440 [JavaFX Application Thread] DEBUG AssetLoader          - Loading from cache: /assets/textures/Frogger/frog_jump.png
14:30:39.693 [JavaFX Application Thread] DEBUG AssetLoader          - Loading from cache: /assets/textures/Frogger/frog_idle.png
14:30:39.710 [JavaFX Application Thread] DEBUG Input                - Mocking key release: D
14:30:39.710 [JavaFX Application Thread] DEBUG AssetLoader          - Loading from cache: /assets/textures/Frogger/frog_jump.png
14:30:39.901 [JavaFX Application Thread] DEBUG Input                - Mocking key release: D
14:30:39.901 [JavaFX Application Thread] DEBUG AssetLoader          - Loading from cache: /assets/textures/Frogger/frog_jump.png
14:30:39.964 [JavaFX Application Thread] DEBUG AssetLoader          - Loading from cache: /assets/textures/Frogger/frog_idle.png
14:30:40.070 [JavaFX Application Thread] DEBUG Input                - Mocking key release: D
14:30:40.071 [JavaFX Application Thread] DEBUG AssetLoader          - Loading from cache: /assets/textures/Frogger/frog_jump.png
14:30:40.141 [JavaFX Application Thread] DEBUG AssetLoader          - Loading from cache: /assets/textures/Frogger/frog_idle.png
14:30:40.157 [JavaFX Application Thread] DEBUG AssetLoader          - Loading from cache: /assets/textures/Frogger/purple_car.png
14:30:40.158 [JavaFX Application Thread] DEBUG AssetLoader          - Loading from cache: /assets/textures/Frogger/blue_car.png
14:30:40.227 [JavaFX Application Thread] DEBUG Input                - Mocking key release: D
14:30:40.227 [JavaFX Application Thread] DEBUG AssetLoader          - Loading from cache: /assets/textures/Frogger/frog_jump.png
14:30:40.332 [JavaFX Application Thread] DEBUG AssetLoader          - Loading from cache: /assets/textures/Frogger/frog_idle.png
14:30:40.388 [JavaFX Application Thread] DEBUG Input                - Mocking key release: D
14:30:40.388 [JavaFX Application Thread] DEBUG AssetLoader          - Loading from cache: /assets/textures/Frogger/frog_jump.png
14:30:40.477 [JavaFX Application Thread] DEBUG AssetLoader          - Loading from cache: /assets/textures/Frogger/frog_idle.png
14:30:40.652 [JavaFX Application Thread] DEBUG AssetLoader          - Loading from cache: /assets/textures/Frogger/frog_idle.png
14:30:40.668 [JavaFX Application Thread] DEBUG Input                - Mocking key release: D
14:30:40.668 [JavaFX Application Thread] DEBUG AssetLoader          - Loading from cache: /assets/textures/Frogger/frog_jump.png
14:30:40.853 [JavaFX Application Thread] DEBUG Input                - Mocking key release: D
14:30:40.853 [JavaFX Application Thread] DEBUG AssetLoader          - Loading from cache: /assets/textures/Frogger/frog_jump.png
14:30:40.909 [JavaFX Application Thread] DEBUG AssetLoader          - Loading from cache: /assets/textures/Frogger/frog_idle.png
14:30:41.020 [JavaFX Application Thread] DEBUG Input                - Mocking key release: D
14:30:41.020 [JavaFX Application Thread] DEBUG AssetLoader          - Loading from cache: /assets/textures/Frogger/frog_jump.png
14:30:41.084 [JavaFX Application Thread] DEBUG AssetLoader          - Loading from cache: /assets/textures/Frogger/red_car.png
14:30:41.085 [JavaFX Application Thread] DEBUG AssetLoader          - Loading from cache: /assets/textures/Frogger/orange_car.png
14:30:41.117 [JavaFX Application Thread] DEBUG AssetLoader          - Loading from cache: /assets/textures/Frogger/frog_idle.png
14:30:41.158 [JavaFX Application Thread] DEBUG Input                - Mocking key release: D
14:30:41.159 [JavaFX Application Thread] DEBUG AssetLoader          - Loading from cache: /assets/textures/Frogger/frog_jump.png
14:30:41.277 [JavaFX Application Thread] DEBUG AssetLoader          - Loading from cache: /assets/textures/Frogger/frog_idle.png
14:30:41.292 [JavaFX Application Thread] DEBUG Input                - Mocking key release: D
14:30:41.293 [JavaFX Application Thread] DEBUG AssetLoader          - Loading from cache: /assets/textures/Frogger/frog_jump.png
14:30:41.404 [JavaFX Application Thread] DEBUG AssetLoader          - Loading from cache: /assets/textures/Frogger/frog_idle.png
14:30:41.448 [JavaFX Application Thread] DEBUG Input                - Mocking key release: D
14:30:41.449 [JavaFX Application Thread] DEBUG AssetLoader          - Loading from cache: /assets/textures/Frogger/frog_jump.png
14:30:41.549 [JavaFX Application Thread] DEBUG AssetLoader          - Loading from cache: /assets/textures/Frogger/frog_idle.png
14:30:41.605 [JavaFX Application Thread] DEBUG Input                - Mocking key release: D
14:30:41.605 [JavaFX Application Thread] DEBUG AssetLoader          - Loading from cache: /assets/textures/Frogger/frog_jump.png
14:30:41.693 [JavaFX Application Thread] DEBUG AssetLoader          - Loading from cache: /assets/textures/Frogger/frog_idle.png
14:30:41.756 [JavaFX Application Thread] DEBUG Input                - Mocking key release: D
14:30:41.757 [JavaFX Application Thread] DEBUG AssetLoader          - Loading from cache: /assets/textures/Frogger/frog_jump.png
14:30:41.869 [JavaFX Application Thread] DEBUG AssetLoader          - Loading from cache: /assets/textures/Frogger/frog_idle.png
14:30:41.923 [JavaFX Application Thread] DEBUG Input                - Mocking key release: D
14:30:41.924 [JavaFX Application Thread] DEBUG AssetLoader          - Loading from cache: /assets/textures/Frogger/frog_jump.png
14:30:41.997 [JavaFX Application Thread] DEBUG AssetLoader          - Loading from cache: /assets/textures/Frogger/purple_car.png
14:30:41.998 [JavaFX Application Thread] DEBUG AssetLoader          - Loading from cache: /assets/textures/Frogger/purple_car.png
14:30:42.013 [JavaFX Application Thread] DEBUG AssetLoader          - Loading from cache: /assets/textures/Frogger/frog_idle.png
14:30:42.036 [JavaFX Application Thread] DEBUG Input                - Mocking key release: D
14:30:42.037 [JavaFX Application Thread] DEBUG AssetLoader          - Loading from cache: /assets/textures/Frogger/frog_jump.png
14:30:42.172 [JavaFX Application Thread] DEBUG AssetLoader          - Loading from cache: /assets/textures/Frogger/frog_idle.png
14:30:42.301 [JavaFX Application Thread] DEBUG AssetLoader          - Loading from cache: /assets/textures/Frogger/frog_idle.png
14:30:42.357 [JavaFX Application Thread] DEBUG Input                - Mocking key release: W
14:30:42.357 [JavaFX Application Thread] DEBUG AssetLoader          - Loading from cache: /assets/textures/Frogger/frog_jump.png
14:30:42.604 [JavaFX Application Thread] DEBUG AssetLoader          - Loading from cache: /assets/textures/Frogger/frog_idle.png
14:30:42.909 [JavaFX Application Thread] DEBUG AssetLoader          - Loading from cache: /assets/textures/Frogger/red_car.png
14:30:42.910 [JavaFX Application Thread] DEBUG AssetLoader          - Loading from cache: /assets/textures/Frogger/red_car.png
14:30:43.677 [JavaFX Application Thread] DEBUG Input                - Mocking key release: W
14:30:43.677 [JavaFX Application Thread] DEBUG AssetLoader          - Loading from cache: /assets/textures/Frogger/frog_jump.png
14:30:43.822 [JavaFX Application Thread] DEBUG AssetLoader          - Loading from cache: /assets/textures/Frogger/green_car.png
14:30:43.822 [JavaFX Application Thread] DEBUG AssetLoader          - Loading from cache: /assets/textures/Frogger/blue_car.png
14:30:43.823 [JavaFX Application Thread] DEBUG AssetLoader          - Loading from cache: /assets/textures/Frogger/full_log.png
14:30:43.824 [JavaFX Application Thread] DEBUG AssetLoader          - Loading from cache: /assets/textures/Frogger/full_log.png
14:30:43.824 [JavaFX Application Thread] DEBUG AssetLoader          - Loading from cache: /assets/textures/Frogger/full_log.png
14:30:43.933 [JavaFX Application Thread] DEBUG AssetLoader          - Loading from cache: /assets/textures/Frogger/frog_idle.png
14:30:44.749 [JavaFX Application Thread] DEBUG AssetLoader          - Loading from cache: /assets/textures/Frogger/purple_car.png
14:30:44.751 [JavaFX Application Thread] DEBUG AssetLoader          - Loading from cache: /assets/textures/Frogger/purple_car.png
14:30:45.661 [JavaFX Application Thread] DEBUG AssetLoader          - Loading from cache: /assets/textures/Frogger/purple_car.png
14:30:45.662 [JavaFX Application Thread] DEBUG AssetLoader          - Loading from cache: /assets/textures/Frogger/purple_car.png
14:30:45.685 [JavaFX Application Thread] DEBUG Input                - Mocking key release: W
14:30:45.685 [JavaFX Application Thread] DEBUG AssetLoader          - Loading from cache: /assets/textures/Frogger/frog_jump.png
14:30:45.948 [JavaFX Application Thread] DEBUG AssetLoader          - Loading from cache: /assets/textures/Frogger/frog_idle.png
14:30:46.368 [JavaFX Application Thread] DEBUG Input                - Mocking key release: A
14:30:46.368 [JavaFX Application Thread] DEBUG AssetLoader          - Loading from cache: /assets/textures/Frogger/frog_jump.png
14:30:46.573 [JavaFX Application Thread] DEBUG AssetLoader          - Loading from cache: /assets/textures/Frogger/blue_car.png
14:30:46.574 [JavaFX Application Thread] DEBUG AssetLoader          - Loading from cache: /assets/textures/Frogger/red_car.png
14:30:46.621 [JavaFX Application Thread] DEBUG AssetLoader          - Loading from cache: /assets/textures/Frogger/frog_idle.png
14:30:47.486 [JavaFX Application Thread] DEBUG AssetLoader          - Loading from cache: /assets/textures/Frogger/purple_car.png
14:30:47.488 [JavaFX Application Thread] DEBUG AssetLoader          - Loading from cache: /assets/textures/Frogger/blue_car.png
14:30:47.489 [JavaFX Application Thread] DEBUG AssetLoader          - Loading from cache: /assets/textures/Frogger/half_log.png
14:30:47.490 [JavaFX Application Thread] DEBUG AssetLoader          - Loading from cache: /assets/textures/Frogger/full_log.png
14:30:47.604 [JavaFX Application Thread] DEBUG Input                - Mocking key release: S
14:30:47.605 [JavaFX Application Thread] DEBUG AssetLoader          - Loading from cache: /assets/textures/Frogger/frog_jump.png
14:30:47.853 [JavaFX Application Thread] DEBUG AssetLoader          - Loading from cache: /assets/textures/Frogger/frog_idle.png
14:30:48.328 [JavaFX Application Thread] DEBUG Input                - Mocking key release: W
14:30:48.329 [JavaFX Application Thread] DEBUG AssetLoader          - Loading from cache: /assets/textures/Frogger/frog_jump.png
14:30:48.413 [JavaFX Application Thread] DEBUG AssetLoader          - Loading from cache: /assets/textures/Frogger/blue_car.png
14:30:48.414 [JavaFX Application Thread] DEBUG AssetLoader          - Loading from cache: /assets/textures/Frogger/green_car.png
14:30:48.572 [JavaFX Application Thread] DEBUG AssetLoader          - Loading from cache: /assets/textures/Frogger/frog_idle.png
14:30:49.324 [JavaFX Application Thread] DEBUG AssetLoader          - Loading from cache: /assets/textures/Frogger/orange_car.png
14:30:49.324 [JavaFX Application Thread] DEBUG AssetLoader          - Loading from cache: /assets/textures/Frogger/orange_car.png
14:30:49.717 [JavaFX Application Thread] DEBUG Input                - Mocking key release: S
14:30:49.717 [JavaFX Application Thread] DEBUG AssetLoader          - Loading from cache: /assets/textures/Frogger/frog_jump.png
14:30:49.981 [JavaFX Application Thread] DEBUG AssetLoader          - Loading from cache: /assets/textures/Frogger/frog_idle.png
14:30:50.238 [JavaFX Application Thread] DEBUG AssetLoader          - Loading from cache: /assets/textures/Frogger/green_car.png
14:30:50.239 [JavaFX Application Thread] DEBUG AssetLoader          - Loading from cache: /assets/textures/Frogger/purple_car.png
14:30:50.333 [JavaFX Application Thread] DEBUG Input                - Mocking key release: S
14:30:50.333 [JavaFX Application Thread] DEBUG AssetLoader          - Loading from cache: /assets/textures/Frogger/frog_jump.png
14:30:50.589 [JavaFX Application Thread] DEBUG AssetLoader          - Loading from cache: /assets/textures/Frogger/frog_idle.png
14:30:51.083 [JavaFX Application Thread] DEBUG Input                - Mocking key release: W
14:30:51.083 [JavaFX Application Thread] DEBUG AssetLoader          - Loading from cache: /assets/textures/Frogger/frog_jump.png
14:30:51.164 [JavaFX Application Thread] DEBUG AssetLoader          - Loading from cache: /assets/textures/Frogger/green_car.png
14:30:51.165 [JavaFX Application Thread] DEBUG AssetLoader          - Loading from cache: /assets/textures/Frogger/red_car.png
14:30:51.341 [JavaFX Application Thread] DEBUG AssetLoader          - Loading from cache: /assets/textures/Frogger/frog_idle.png
14:30:51.802 [JavaFX Application Thread] DEBUG Input                - Mocking key release: S
14:30:51.802 [JavaFX Application Thread] DEBUG AssetLoader          - Loading from cache: /assets/textures/Frogger/frog_jump.png
14:30:51.949 [JavaFX Application Thread] DEBUG Input                - Mocking key release: S
14:30:51.949 [JavaFX Application Thread] DEBUG AssetLoader          - Loading from cache: /assets/textures/Frogger/frog_jump.png
14:30:52.061 [JavaFX Application Thread] DEBUG AssetLoader          - Loading from cache: /assets/textures/Frogger/frog_idle.png
14:30:52.077 [JavaFX Application Thread] DEBUG AssetLoader          - Loading from cache: /assets/textures/Frogger/red_car.png
14:30:52.078 [JavaFX Application Thread] DEBUG AssetLoader          - Loading from cache: /assets/textures/Frogger/blue_car.png
14:30:52.205 [JavaFX Application Thread] DEBUG AssetLoader          - Loading from cache: /assets/textures/Frogger/frog_idle.png
14:30:52.664 [JavaFX Application Thread] DEBUG Input                - Mocking key release: S
14:30:52.664 [JavaFX Application Thread] DEBUG AssetLoader          - Loading from cache: /assets/textures/Frogger/frog_jump.png
14:30:52.925 [JavaFX Application Thread] DEBUG AssetLoader          - Loading from cache: /assets/textures/Frogger/frog_idle.png
14:30:52.989 [JavaFX Application Thread] DEBUG AssetLoader          - Loading from cache: /assets/textures/Frogger/red_car.png
14:30:52.989 [JavaFX Application Thread] DEBUG AssetLoader          - Loading from cache: /assets/textures/Frogger/blue_car.png
14:30:52.990 [JavaFX Application Thread] DEBUG AssetLoader          - Loading from cache: /assets/textures/Frogger/half_log.png
14:30:52.991 [JavaFX Application Thread] DEBUG AssetLoader          - Loading from cache: /assets/textures/Frogger/full_log.png
14:30:52.992 [JavaFX Application Thread] DEBUG AssetLoader          - Loading from cache: /assets/textures/Frogger/full_log.png
14:30:53.165 [JavaFX Application Thread] DEBUG Input                - Mocking key release: W
14:30:53.165 [JavaFX Application Thread] DEBUG AssetLoader          - Loading from cache: /assets/textures/Frogger/frog_jump.png
14:30:53.420 [JavaFX Application Thread] DEBUG AssetLoader          - Loading from cache: /assets/textures/Frogger/frog_idle.png
14:30:53.901 [JavaFX Application Thread] DEBUG AssetLoader          - Loading from cache: /assets/textures/Frogger/orange_car.png
14:30:53.902 [JavaFX Application Thread] DEBUG AssetLoader          - Loading from cache: /assets/textures/Frogger/orange_car.png
14:30:54.075 [JavaFX Application Thread] DEBUG Input                - Mocking key release: D
14:30:54.075 [JavaFX Application Thread] DEBUG AssetLoader          - Loading from cache: /assets/textures/Frogger/frog_jump.png
14:30:54.317 [JavaFX Application Thread] DEBUG AssetLoader          - Loading from cache: /assets/textures/Frogger/frog_idle.png
14:30:54.548 [JavaFX Application Thread] DEBUG Input                - Mocking key release: D
14:30:54.548 [JavaFX Application Thread] DEBUG AssetLoader          - Loading from cache: /assets/textures/Frogger/frog_jump.png
14:30:54.813 [JavaFX Application Thread] DEBUG AssetLoader          - Loading from cache: /assets/textures/Frogger/frog_idle.png
14:30:54.829 [JavaFX Application Thread] DEBUG AssetLoader          - Loading from cache: /assets/textures/Frogger/purple_car.png
14:30:54.829 [JavaFX Application Thread] DEBUG AssetLoader          - Loading from cache: /assets/textures/Frogger/green_car.png
14:30:54.863 [JavaFX Application Thread] DEBUG Input                - Mocking key release: D
14:30:54.863 [JavaFX Application Thread] DEBUG AssetLoader          - Loading from cache: /assets/textures/Frogger/frog_jump.png
14:30:55.064 [JavaFX Application Thread] DEBUG Input                - Mocking key release: D
14:30:55.064 [JavaFX Application Thread] DEBUG AssetLoader          - Loading from cache: /assets/textures/Frogger/frog_jump.png
14:30:55.117 [JavaFX Application Thread] DEBUG AssetLoader          - Loading from cache: /assets/textures/Frogger/frog_idle.png
14:30:55.197 [JavaFX Application Thread] DEBUG Input                - Mocking key release: D
14:30:55.197 [JavaFX Application Thread] DEBUG AssetLoader          - Loading from cache: /assets/textures/Frogger/frog_jump.png
14:30:55.297 [JavaFX Application Thread] DEBUG Input                - Mocking key release: D
14:30:55.298 [JavaFX Application Thread] DEBUG AssetLoader          - Loading from cache: /assets/textures/Frogger/frog_jump.png
14:30:55.325 [JavaFX Application Thread] DEBUG AssetLoader          - Loading from cache: /assets/textures/Frogger/frog_idle.png
14:30:55.414 [JavaFX Application Thread] DEBUG Input                - Mocking key release: D
14:30:55.414 [JavaFX Application Thread] DEBUG AssetLoader          - Loading from cache: /assets/textures/Frogger/frog_jump.png
14:30:55.453 [JavaFX Application Thread] DEBUG AssetLoader          - Loading from cache: /assets/textures/Frogger/frog_idle.png
14:30:55.530 [JavaFX Application Thread] DEBUG Input                - Mocking key release: D
14:30:55.530 [JavaFX Application Thread] DEBUG AssetLoader          - Loading from cache: /assets/textures/Frogger/frog_jump.png
14:30:55.549 [JavaFX Application Thread] DEBUG AssetLoader          - Loading from cache: /assets/textures/Frogger/frog_idle.png
14:30:55.676 [JavaFX Application Thread] DEBUG AssetLoader          - Loading from cache: /assets/textures/Frogger/frog_idle.png
14:30:55.698 [JavaFX Application Thread] DEBUG Input                - Mocking key release: D
14:30:55.698 [JavaFX Application Thread] DEBUG AssetLoader          - Loading from cache: /assets/textures/Frogger/frog_jump.png
14:30:55.742 [JavaFX Application Thread] DEBUG AssetLoader          - Loading from cache: /assets/textures/Frogger/purple_car.png
14:30:55.743 [JavaFX Application Thread] DEBUG AssetLoader          - Loading from cache: /assets/textures/Frogger/blue_car.png
14:30:55.789 [JavaFX Application Thread] DEBUG AssetLoader          - Loading from cache: /assets/textures/Frogger/frog_idle.png
14:30:55.880 [JavaFX Application Thread] DEBUG Input                - Mocking key release: D
14:30:55.880 [JavaFX Application Thread] DEBUG AssetLoader          - Loading from cache: /assets/textures/Frogger/frog_jump.png
14:30:55.949 [JavaFX Application Thread] DEBUG AssetLoader          - Loading from cache: /assets/textures/Frogger/frog_idle.png
14:30:56.026 [JavaFX Application Thread] DEBUG Input                - Mocking key release: D
14:30:56.026 [JavaFX Application Thread] DEBUG AssetLoader          - Loading from cache: /assets/textures/Frogger/frog_jump.png
14:30:56.133 [JavaFX Application Thread] DEBUG Input                - Mocking key release: D
14:30:56.133 [JavaFX Application Thread] DEBUG AssetLoader          - Loading from cache: /assets/textures/Frogger/frog_jump.png
14:30:56.141 [JavaFX Application Thread] DEBUG AssetLoader          - Loading from cache: /assets/textures/Frogger/frog_idle.png
14:30:56.269 [JavaFX Application Thread] DEBUG AssetLoader          - Loading from cache: /assets/textures/Frogger/frog_idle.png
14:30:56.380 [JavaFX Application Thread] DEBUG Input                - Mocking key release: W
14:30:56.380 [JavaFX Application Thread] DEBUG AssetLoader          - Loading from cache: /assets/textures/Frogger/frog_jump.png
14:30:56.380 [JavaFX Application Thread] DEBUG AssetLoader          - Loading from cache: /assets/textures/Frogger/frog_idle.png
14:30:56.513 [JavaFX Application Thread] DEBUG Input                - Mocking key release: W
14:30:56.513 [JavaFX Application Thread] DEBUG AssetLoader          - Loading from cache: /assets/textures/Frogger/frog_jump.png
14:30:56.621 [JavaFX Application Thread] DEBUG Input                - Mocking key release: W
14:30:56.621 [JavaFX Application Thread] DEBUG AssetLoader          - Loading from cache: /assets/textures/Frogger/frog_jump.png
14:30:56.637 [JavaFX Application Thread] DEBUG AssetLoader          - Loading from cache: /assets/textures/Frogger/frog_idle.png
14:30:56.653 [JavaFX Application Thread] DEBUG AssetLoader          - Loading from cache: /assets/textures/Frogger/green_car.png
14:30:56.653 [JavaFX Application Thread] DEBUG AssetLoader          - Loading from cache: /assets/textures/Frogger/green_car.png
14:30:56.654 [JavaFX Application Thread] DEBUG AssetLoader          - Loading from cache: /assets/textures/Frogger/half_log.png
14:30:56.654 [JavaFX Application Thread] DEBUG AssetLoader          - Loading from cache: /assets/textures/Frogger/full_log.png
14:30:56.764 [JavaFX Application Thread] DEBUG AssetLoader          - Loading from cache: /assets/textures/Frogger/frog_idle.png
14:30:56.877 [JavaFX Application Thread] DEBUG AssetLoader          - Loading from cache: /assets/textures/Frogger/frog_idle.png
14:30:57.497 [JavaFX Application Thread] DEBUG Input                - Mocking key release: A
14:30:57.497 [JavaFX Application Thread] DEBUG AssetLoader          - Loading from cache: /assets/textures/Frogger/frog_jump.png
14:30:57.565 [JavaFX Application Thread] DEBUG AssetLoader          - Loading from cache: /assets/textures/Frogger/blue_car.png
14:30:57.566 [JavaFX Application Thread] DEBUG AssetLoader          - Loading from cache: /assets/textures/Frogger/purple_car.png
14:30:57.757 [JavaFX Application Thread] DEBUG AssetLoader          - Loading from cache: /assets/textures/Frogger/frog_idle.png
14:30:58.013 [JavaFX Application Thread] DEBUG Input                - Mocking key release: S
14:30:58.013 [JavaFX Application Thread] DEBUG AssetLoader          - Loading from cache: /assets/textures/Frogger/frog_jump.png
14:30:58.234 [JavaFX Application Thread] DEBUG Input                - Mocking key release: S
14:30:58.234 [JavaFX Application Thread] DEBUG AssetLoader          - Loading from cache: /assets/textures/Frogger/frog_jump.png
14:30:58.268 [JavaFX Application Thread] DEBUG AssetLoader          - Loading from cache: /assets/textures/Frogger/frog_idle.png
14:30:58.493 [JavaFX Application Thread] DEBUG AssetLoader          - Loading from cache: /assets/textures/Frogger/orange_car.png
14:30:58.494 [JavaFX Application Thread] DEBUG AssetLoader          - Loading from cache: /assets/textures/Frogger/blue_car.png
14:30:58.494 [JavaFX Application Thread] DEBUG AssetLoader          - Loading from cache: /assets/textures/Frogger/frog_idle.png
14:30:58.646 [JavaFX Application Thread] DEBUG Input                - Mocking key release: W
14:30:58.646 [JavaFX Application Thread] DEBUG AssetLoader          - Loading from cache: /assets/textures/Frogger/frog_jump.png
14:30:58.812 [JavaFX Application Thread] DEBUG Input                - Mocking key release: W
14:30:58.812 [JavaFX Application Thread] DEBUG AssetLoader          - Loading from cache: /assets/textures/Frogger/frog_jump.png
14:30:58.909 [JavaFX Application Thread] DEBUG AssetLoader          - Loading from cache: /assets/textures/Frogger/frog_idle.png
14:30:58.995 [JavaFX Application Thread] DEBUG Input                - Mocking key release: W
14:30:58.995 [JavaFX Application Thread] DEBUG AssetLoader          - Loading from cache: /assets/textures/Frogger/frog_jump.png
14:30:59.068 [JavaFX Application Thread] DEBUG AssetLoader          - Loading from cache: /assets/textures/Frogger/frog_idle.png
14:30:59.261 [JavaFX Application Thread] DEBUG AssetLoader          - Loading from cache: /assets/textures/Frogger/frog_idle.png
14:30:59.404 [JavaFX Application Thread] DEBUG AssetLoader          - Loading from cache: /assets/textures/Frogger/green_car.png
14:30:59.405 [JavaFX Application Thread] DEBUG AssetLoader          - Loading from cache: /assets/textures/Frogger/purple_car.png
14:31:00.317 [JavaFX Application Thread] DEBUG AssetLoader          - Loading from cache: /assets/textures/Frogger/blue_car.png
14:31:00.317 [JavaFX Application Thread] DEBUG AssetLoader          - Loading from cache: /assets/textures/Frogger/green_car.png
14:31:00.317 [JavaFX Application Thread] DEBUG AssetLoader          - Loading from cache: /assets/textures/Frogger/full_log.png
14:31:00.318 [JavaFX Application Thread] DEBUG AssetLoader          - Loading from cache: /assets/textures/Frogger/half_log.png
14:31:00.318 [JavaFX Application Thread] DEBUG AssetLoader          - Loading from cache: /assets/textures/Frogger/full_log.png
14:31:01.228 [JavaFX Application Thread] DEBUG AssetLoader          - Loading from cache: /assets/textures/Frogger/green_car.png
14:31:01.229 [JavaFX Application Thread] DEBUG AssetLoader          - Loading from cache: /assets/textures/Frogger/orange_car.png
14:31:01.265 [JavaFX Application Thread] DEBUG Input                - Mocking key release: W
14:31:01.265 [JavaFX Application Thread] DEBUG AssetLoader          - Loading from cache: /assets/textures/Frogger/frog_jump.png
14:31:01.517 [JavaFX Application Thread] DEBUG AssetLoader          - Loading from cache: /assets/textures/Frogger/frog_idle.png
14:31:01.694 [JavaFX Application Thread] DEBUG Input                - Mocking key release: A
14:31:01.694 [JavaFX Application Thread] DEBUG AssetLoader          - Loading from cache: /assets/textures/Frogger/frog_jump.png
14:31:01.949 [JavaFX Application Thread] DEBUG AssetLoader          - Loading from cache: /assets/textures/Frogger/frog_idle.png
14:31:02.163 [JavaFX Application Thread] DEBUG AssetLoader          - Loading from cache: /assets/textures/Frogger/purple_car.png
14:31:02.164 [JavaFX Application Thread] DEBUG AssetLoader          - Loading from cache: /assets/textures/Frogger/blue_car.png
14:31:02.903 [JavaFX Application Thread] DEBUG GameApplication      - Exiting game application
14:31:02.904 [JavaFX Application Thread] DEBUG GameApplication      - Shutting down background threads
14:31:02.904 [JavaFX Application Thread] DEBUG GameApplication      - Exiting FXGL
14:31:02.904 [JavaFX Application Thread] DEBUG FXGL                 - Saving FXGL system data
14:31:02.906 [JavaFX Application Thread] DEBUG DesktopFSService     - Writing to: system\fxgl.bundle
14:31:02.910 [JavaFX Application Thread] DEBUG GameApplication      - Closing logger and exiting JavaFX
