15:27:44.988 [JavaFX Application Thread] DEBUG GameApplication      - Logger initialized
15:27:44.994 [JavaFX Application Thread] DEBUG MainWindow           - Creating a JavaFX scene
15:27:45.065 [JavaFX Application Thread] DEBUG MainWindow           - Target settings size: 800.0 x 400.0
15:27:45.066 [JavaFX Application Thread] DEBUG MainWindow           - Scaled scene size:    800.0 x 400.0
15:27:45.066 [JavaFX Application Thread] DEBUG MainWindow           - Scaled ratio: (1.0, 1.0)
15:27:45.072 [JavaFX Application Thread] DEBUG GameApplication      - Starting FXGL
15:27:45.084 [JavaFX Application Thread] INFO  FXGL                 - FXGL-0.5.1 on DESKTOP
15:27:45.085 [JavaFX Application Thread] INFO  FXGL                 - Source code and latest versions at: https://github.com/AlmasB/FXGL
15:27:45.085 [JavaFX Application Thread] INFO  FXGL                 -              Join the FXGL chat at: https://gitter.im/AlmasB/FXGL
15:27:45.090 [JavaFX Application Thread] DEBUG FS                   - Loaded DesktopFSService
15:27:45.091 [JavaFX Application Thread] DEBUG FXGL                 - Loading FXGL system data
15:27:45.098 [JavaFX Application Thread] DEBUG DesktopFSService     - Reading from: system\fxgl.bundle
15:27:45.106 [JavaFX Application Thread] DEBUG Bundle               - Logging bundle: FXGL
15:27:45.106 [JavaFX Application Thread] DEBUG Bundle               - FXGL.offline.timer.version.check=2018-05-16T18:22:51.838
15:27:45.132 [JavaFX Application Thread] DEBUG GameApplication      - FXGL started
15:27:45.132 [JavaFX Application Thread] DEBUG GameApplication      - Logging game settings
Title: FlappyBird
Version: 0.2.0
Width: 800
Height: 400
Fullscreen: false
Intro: false
Menus: false
Profiling: false
Single step:false
App Mode: DEVELOPER
Menu Key: ESCAPE
Stage Style: DECORATED
Scene Factory: class com.almasb.fxgl.scene.SceneFactory
Dialog Factory: class com.almasb.fxgl.ui.FXGLDialogFactory
UI Factory: class com.almasb.fxgl.ui.FXGLUIFactory
Notification Service: class com.almasb.fxgl.gameplay.notification.XboxNotificationView
Exception Handler: class com.almasb.fxgl.app.FXGLExceptionHandler
15:27:45.133 [JavaFX Application Thread] DEBUG GameApplication      - Configuring GameApplication
15:27:45.133 [JavaFX Application Thread] DEBUG GameApplication      - Initializing state machine and application states
15:27:45.146 [JavaFX Application Thread] DEBUG AssetLoader          - Loading from disk: /assets/ui/cursors/fxgl_default.png
15:27:45.165 [JavaFX Application Thread] DEBUG AssetLoader          - Loading from disk: /assets/ui/cursors/fxgl_default.png
15:27:45.185 [JavaFX Application Thread] DEBUG FXGLAssets           - Loading FXGLAssets
15:27:45.210 [JavaFX Application Thread] DEBUG AssetLoader          - Loading from disk: /assets/ui/fonts/VarelaRound-Regular.ttf
15:27:45.340 [JavaFX Application Thread] DEBUG AssetLoader          - Loading from disk: /assets/ui/fonts/lucida_console.ttf
15:27:45.348 [JavaFX Application Thread] DEBUG AssetLoader          - Loading from disk: /assets/ui/css/fxgl_dark.css
15:27:45.372 [JavaFX Application Thread] DEBUG AssetLoader          - Loading from disk: /assets/ui/cursors/fxgl_default.png
15:27:45.399 [JavaFX Application Thread] DEBUG AssetLoader          - Loading from disk: /assets/ui/cursors/fxgl_default.png
15:27:45.412 [JavaFX Application Thread] DEBUG GameScene            - Game scene initialized: 800x400
15:27:45.415 [JavaFX Application Thread] DEBUG GameWorld            - Game world initialized
15:27:45.456 [JavaFX Application Thread] DEBUG PhysicsWorld         - Physics world initialized: appHeight=400, physics.ppm=50.0
15:27:45.471 [JavaFX Application Thread] DEBUG Input                - Registered new binding: Pause - Esc
15:27:45.485 [JavaFX Application Thread] DEBUG Input                - Clearing active input actions
15:27:45.520 [JavaFX Application Thread] DEBUG AppStateMachine      - StartupState -> StartupState
15:27:45.523 [JavaFX Application Thread] INFO  GameApplication      - Game configuration took:  0.389 sec
15:27:45.524 [JavaFX Application Thread] DEBUG AssetLoader          - Loading from disk: /assets/textures/fxgl_icon.png
15:27:45.539 [JavaFX Application Thread] DEBUG MainWindow           - Opening main window
15:27:45.618 [JavaFX Application Thread] DEBUG MainWindow           - Window border size: (14.66668701171875, 37.333343505859375)
15:27:45.619 [JavaFX Application Thread] DEBUG MainWindow           - Scaled size: 800.0 x 400.0
15:27:45.619 [JavaFX Application Thread] DEBUG MainWindow           - Scaled ratio: (1.0, 1.0)
15:27:45.620 [JavaFX Application Thread] DEBUG MainWindow           - Scene size: 800.0 x 400.0
15:27:45.620 [JavaFX Application Thread] DEBUG MainWindow           - Stage size: 814.6666870117188 x 437.3333435058594
15:27:45.620 [JavaFX Application Thread] DEBUG GameApplication      - Running preInit()
15:27:45.622 [JavaFX Application Thread] DEBUG Input                - Registered new binding: Screenshot - P
15:27:45.623 [JavaFX Application Thread] DEBUG Input                - Registered new binding: Dev Options - CTRL+0
15:27:45.623 [JavaFX Application Thread] DEBUG Input                - Registered new binding: System info dump - CTRL+9
15:27:45.624 [JavaFX Application Thread] DEBUG Input                - Registered new binding: Restart - CTRL+R
15:27:45.624 [JavaFX Application Thread] DEBUG Input                - Registered new binding: flap - Space
15:27:45.650 [JavaFX Application Thread] DEBUG GameApplication      - Starting main loop
15:27:45.657 [JavaFX Application Thread] DEBUG StartupState         - STARTUP
15:27:45.657 [JavaFX Application Thread] DEBUG GameApplication      - Starting new game
15:27:45.657 [JavaFX Application Thread] DEBUG Input                - Clearing active input actions
15:27:45.663 [JavaFX Application Thread] DEBUG AppStateMachine      - StartupState -> LoadingState
15:27:45.669 [FXGL Background Thread 1 ] DEBUG InitAppTask          - Clearing previous game
15:27:45.669 [FXGL Background Thread 1 ] DEBUG GameWorld            - Clearing game world
15:27:45.669 [FXGL Background Thread 1 ] DEBUG PhysicsWorld         - Clearing physics world
15:27:45.669 [FXGL Background Thread 1 ] DEBUG GameScene            - Clearing game scene
15:27:45.670 [FXGL Background Thread 1 ] DEBUG InitAppTask          - Initializing Game
15:27:45.692 [FXGL Background Thread 1 ] DEBUG AssetLoader          - Loading from disk: /assets/textures/FlappyPort/flappybird_fly_sheet.png
15:27:45.766 [FXGL Background Thread 1 ] DEBUG GameScene            - Creating render group for layer: DEFAULT(100000)
15:27:45.771 [FXGL Background Thread 1 ] DEBUG InitAppTask          - Initializing Physics
15:27:45.772 [FXGL Background Thread 1 ] DEBUG InitAppTask          - Initializing UI
15:27:45.772 [FXGL Background Thread 1 ] DEBUG AssetLoader          - Loading from disk: /assets/textures/FlappyPort/background.png
15:27:45.775 [FXGL Background Thread 1 ] DEBUG InitAppTask          - Initialization Complete
15:27:45.775 [FXGL Background Thread 1 ] INFO  InitAppTask          - Game initialization took: 0.106 sec
15:27:45.782 [JavaFX Application Thread] DEBUG Input                - Clearing active input actions
15:27:45.789 [JavaFX Application Thread] DEBUG AppStateMachine      - LoadingState -> PlayState
15:27:46.104 [JavaFX Application Thread] DEBUG Input                - Mocking key release: Space
15:27:46.601 [JavaFX Application Thread] DEBUG Input                - Mocking key release: Space
15:27:46.636 [JavaFX Application Thread] DEBUG Input                - Mocking key release: Space
15:27:46.668 [JavaFX Application Thread] DEBUG Input                - Mocking key release: Space
15:27:46.701 [JavaFX Application Thread] DEBUG Input                - Mocking key release: Space
15:27:46.734 [JavaFX Application Thread] DEBUG Input                - Mocking key release: Space
15:27:46.767 [JavaFX Application Thread] DEBUG Input                - Mocking key release: Space
15:27:46.800 [JavaFX Application Thread] DEBUG Input                - Mocking key release: Space
15:27:46.833 [JavaFX Application Thread] DEBUG Input                - Mocking key release: Space
15:27:46.868 [JavaFX Application Thread] DEBUG Input                - Mocking key release: Space
15:27:46.900 [JavaFX Application Thread] DEBUG Input                - Mocking key release: Space
15:27:46.933 [JavaFX Application Thread] DEBUG Input                - Mocking key release: Space
15:27:46.967 [JavaFX Application Thread] DEBUG Input                - Mocking key release: Space
15:27:46.996 [JavaFX Application Thread] DEBUG Input                - Mocking key release: Space
15:27:47.030 [JavaFX Application Thread] DEBUG Input                - Mocking key release: Space
15:27:47.068 [JavaFX Application Thread] DEBUG Input                - Mocking key release: Space
15:27:47.106 [JavaFX Application Thread] DEBUG Input                - Mocking key release: Space
15:27:47.133 [JavaFX Application Thread] DEBUG Input                - Mocking key release: Space
15:27:47.166 [JavaFX Application Thread] DEBUG Input                - Mocking key release: Space
15:27:47.200 [JavaFX Application Thread] DEBUG Input                - Mocking key release: Space
15:27:47.233 [JavaFX Application Thread] DEBUG Input                - Mocking key release: Space
15:27:47.267 [JavaFX Application Thread] DEBUG Input                - Mocking key release: Space
15:27:47.300 [JavaFX Application Thread] DEBUG Input                - Mocking key release: Space
15:27:47.330 [JavaFX Application Thread] DEBUG Input                - Mocking key release: Space
15:27:47.367 [JavaFX Application Thread] DEBUG Input                - Mocking key release: Space
15:27:48.483 [JavaFX Application Thread] DEBUG Input                - Mocking key release: Space
15:27:48.972 [JavaFX Application Thread] DEBUG Input                - Mocking key release: Space
15:27:49.188 [JavaFX Application Thread] DEBUG Input                - Mocking key release: Space
15:27:49.349 [JavaFX Application Thread] DEBUG Input                - Mocking key release: Space
15:27:49.517 [JavaFX Application Thread] DEBUG Input                - Mocking key release: Space
15:27:49.649 [JavaFX Application Thread] DEBUG Input                - Mocking key release: Space
15:27:49.782 [JavaFX Application Thread] DEBUG Input                - Mocking key release: Space
15:27:49.951 [JavaFX Application Thread] DEBUG Input                - Mocking key release: Space
15:27:50.765 [JavaFX Application Thread] DEBUG Input                - Mocking key release: Space
15:27:51.248 [JavaFX Application Thread] DEBUG Input                - Mocking key release: Space
15:27:51.718 [JavaFX Application Thread] DEBUG Input                - Mocking key release: Space
15:27:52.182 [JavaFX Application Thread] DEBUG Input                - Mocking key release: Space
15:27:52.771 [JavaFX Application Thread] DEBUG Input                - Mocking key release: Space
15:27:53.429 [JavaFX Application Thread] DEBUG Input                - Mocking key release: Space
15:27:53.947 [JavaFX Application Thread] DEBUG Input                - Mocking key release: Space
15:27:54.163 [JavaFX Application Thread] DEBUG GameApplication      - Exiting game application
15:27:54.165 [JavaFX Application Thread] DEBUG GameApplication      - Shutting down background threads
15:27:54.165 [JavaFX Application Thread] DEBUG GameApplication      - Exiting FXGL
15:27:54.165 [JavaFX Application Thread] DEBUG FXGL                 - Saving FXGL system data
15:27:54.167 [JavaFX Application Thread] DEBUG DesktopFSService     - Writing to: system\fxgl.bundle
15:27:54.171 [JavaFX Application Thread] DEBUG GameApplication      - Closing logger and exiting JavaFX
