10:46:53.267 [JavaFX Application Thread] DEBUG GameApplication      - Logger initialized
10:46:53.273 [JavaFX Application Thread] DEBUG MainWindow           - Creating a JavaFX scene
10:46:53.345 [JavaFX Application Thread] DEBUG MainWindow           - Target settings size: 700.0 x 490.0
10:46:53.345 [JavaFX Application Thread] DEBUG MainWindow           - Scaled scene size:    700.0 x 490.0
10:46:53.346 [JavaFX Application Thread] DEBUG MainWindow           - Scaled ratio: (1.0, 1.0)
10:46:53.351 [JavaFX Application Thread] DEBUG GameApplication      - Starting FXGL
10:46:53.361 [JavaFX Application Thread] INFO  FXGL                 - FXGL-0.5.1 on DESKTOP
10:46:53.361 [JavaFX Application Thread] INFO  FXGL                 - Source code and latest versions at: https://github.com/AlmasB/FXGL
10:46:53.362 [JavaFX Application Thread] INFO  FXGL                 -              Join the FXGL chat at: https://gitter.im/AlmasB/FXGL
10:46:53.367 [JavaFX Application Thread] DEBUG FS                   - Loaded DesktopFSService
10:46:53.367 [JavaFX Application Thread] DEBUG FXGL                 - Loading FXGL system data
10:46:53.374 [JavaFX Application Thread] DEBUG DesktopFSService     - Reading from: system\fxgl.bundle
10:46:53.381 [JavaFX Application Thread] DEBUG Bundle               - Logging bundle: FXGL
10:46:53.382 [JavaFX Application Thread] DEBUG Bundle               - FXGL.offline.timer.version.check=2018-05-24T09:09:49.283
10:46:53.405 [JavaFX Application Thread] DEBUG GameApplication      - FXGL started
10:46:53.405 [JavaFX Application Thread] DEBUG GameApplication      - Logging game settings
Title: Platformer
Version: 
Width: 700
Height: 490
Fullscreen: false
Intro: false
Menus: false
Profiling: false
Single step:false
App Mode: DEVELOPER
Menu Key: ESCAPE
Stage Style: DECORATED
Scene Factory: class com.almasb.fxgl.scene.SceneFactory
Dialog Factory: class com.almasb.fxgl.ui.FXGLDialogFactory
UI Factory: class com.almasb.fxgl.ui.FXGLUIFactory
Notification Service: class com.almasb.fxgl.gameplay.notification.XboxNotificationView
Exception Handler: class com.almasb.fxgl.app.FXGLExceptionHandler
10:46:53.406 [JavaFX Application Thread] DEBUG GameApplication      - Configuring GameApplication
10:46:53.406 [JavaFX Application Thread] DEBUG GameApplication      - Initializing state machine and application states
10:46:53.417 [JavaFX Application Thread] DEBUG AssetLoader          - Loading from disk: /assets/ui/cursors/fxgl_default.png
10:46:53.435 [JavaFX Application Thread] DEBUG AssetLoader          - Loading from disk: /assets/ui/cursors/fxgl_default.png
10:46:53.452 [JavaFX Application Thread] DEBUG FXGLAssets           - Loading FXGLAssets
10:46:53.475 [JavaFX Application Thread] DEBUG AssetLoader          - Loading from disk: /assets/ui/fonts/VarelaRound-Regular.ttf
10:46:53.600 [JavaFX Application Thread] DEBUG AssetLoader          - Loading from disk: /assets/ui/fonts/lucida_console.ttf
10:46:53.609 [JavaFX Application Thread] DEBUG AssetLoader          - Loading from disk: /assets/ui/css/fxgl_dark.css
10:46:53.630 [JavaFX Application Thread] DEBUG AssetLoader          - Loading from disk: /assets/ui/cursors/fxgl_default.png
10:46:53.656 [JavaFX Application Thread] DEBUG AssetLoader          - Loading from disk: /assets/ui/cursors/fxgl_default.png
10:46:53.670 [JavaFX Application Thread] DEBUG GameScene            - Game scene initialized: 700x490
10:46:53.672 [JavaFX Application Thread] DEBUG GameWorld            - Game world initialized
10:46:53.709 [JavaFX Application Thread] DEBUG PhysicsWorld         - Physics world initialized: appHeight=490, physics.ppm=50.0
10:46:53.723 [JavaFX Application Thread] DEBUG Input                - Registered new binding: Pause - Esc
10:46:53.737 [JavaFX Application Thread] DEBUG Input                - Clearing active input actions
10:46:53.768 [JavaFX Application Thread] DEBUG AppStateMachine      - StartupState -> StartupState
10:46:53.771 [JavaFX Application Thread] INFO  GameApplication      - Game configuration took:  0.365 sec
10:46:53.773 [JavaFX Application Thread] DEBUG AssetLoader          - Loading from disk: /assets/textures/fxgl_icon.png
10:46:53.787 [JavaFX Application Thread] DEBUG MainWindow           - Opening main window
10:46:53.925 [JavaFX Application Thread] DEBUG MainWindow           - Window border size: (4.0, 26.66668701171875)
10:46:53.925 [JavaFX Application Thread] DEBUG MainWindow           - Scaled size: 700.0 x 490.0
10:46:53.925 [JavaFX Application Thread] DEBUG MainWindow           - Scaled ratio: (1.0, 1.0)
10:46:53.925 [JavaFX Application Thread] DEBUG MainWindow           - Scene size: 700.0 x 490.0
10:46:53.926 [JavaFX Application Thread] DEBUG MainWindow           - Stage size: 704.0 x 516.6666870117188
10:46:53.926 [JavaFX Application Thread] DEBUG GameApplication      - Running preInit()
10:46:53.927 [JavaFX Application Thread] DEBUG Input                - Registered new binding: Screenshot - P
10:46:53.927 [JavaFX Application Thread] DEBUG Input                - Registered new binding: Dev Options - CTRL+0
10:46:53.928 [JavaFX Application Thread] DEBUG Input                - Registered new binding: System info dump - CTRL+9
10:46:53.929 [JavaFX Application Thread] DEBUG Input                - Registered new binding: Restart - CTRL+R
10:46:53.933 [JavaFX Application Thread] DEBUG AssetLoader          - Loading from disk: /assets/textures/Platformer/run_sheet.png
10:46:53.964 [JavaFX Application Thread] DEBUG AssetLoader          - Loading from disk: /assets/textures/Platformer/stand_sheet.png
10:46:53.969 [JavaFX Application Thread] DEBUG Input                - Registered new binding: run_right - Right
10:46:53.969 [JavaFX Application Thread] DEBUG Input                - Registered new binding: run_left - Left
10:46:53.970 [JavaFX Application Thread] DEBUG Input                - Registered new binding: jump - Up
10:46:53.998 [JavaFX Application Thread] DEBUG GameApplication      - Starting main loop
10:46:54.000 [JavaFX Application Thread] DEBUG StartupState         - STARTUP
10:46:54.000 [JavaFX Application Thread] DEBUG GameApplication      - Starting new game
10:46:54.000 [JavaFX Application Thread] DEBUG Input                - Clearing active input actions
10:46:54.007 [JavaFX Application Thread] DEBUG AppStateMachine      - StartupState -> LoadingState
10:46:54.012 [FXGL Background Thread 1 ] DEBUG InitAppTask          - Clearing previous game
10:46:54.012 [FXGL Background Thread 1 ] DEBUG GameWorld            - Clearing game world
10:46:54.012 [FXGL Background Thread 1 ] DEBUG PhysicsWorld         - Clearing physics world
10:46:54.012 [FXGL Background Thread 1 ] DEBUG GameScene            - Clearing game scene
10:46:54.014 [FXGL Background Thread 1 ] DEBUG InitAppTask          - Initializing Game
10:46:54.038 [JavaFX Application Thread] FATAL GameApplication      - Uncaught Exception:

Fatal exception occurred: java.lang.IllegalStateException : No EntityFactory was added! Call gameWorld.addEntityFactory()
E: com.almasb.fxgl.entity.GameWorld.create(GameWorld.kt:433)
E: com.almasb.fxgl.entity.GameWorld.spawn(GameWorld.kt:418)
E: com.almasb.fxgl.entity.GameWorld.spawn(GameWorld.kt:406)
E: Platformer.Platformer_App.initGame(Platformer_App.java:66)
E: com.almasb.fxgl.app.GameApplication.internalInitGame(GameApplication.java:439)
E: com.almasb.fxgl.app.LoadingState$InitAppTask.initGame(AppStates.kt:168)
E: com.almasb.fxgl.app.LoadingState$InitAppTask.call(AppStates.kt:138)
E: com.almasb.fxgl.app.LoadingState$InitAppTask.call(AppStates.kt:127)
E: javafx.concurrent.Task$TaskCallable.call(Task.java:1423)
E: java.util.concurrent.FutureTask.run(Unknown Source)
E: java.util.concurrent.Executors$RunnableAdapter.call(Unknown Source)
E: java.util.concurrent.FutureTask.run(Unknown Source)
E: java.util.concurrent.ThreadPoolExecutor.runWorker(Unknown Source)
E: java.util.concurrent.ThreadPoolExecutor$Worker.run(Unknown Source)
E: java.lang.Thread.run(Unknown Source)

10:46:54.038 [JavaFX Application Thread] FATAL GameApplication      - Application will now exit
10:46:54.038 [JavaFX Application Thread] DEBUG GameApplication      - Stopping main loop
10:46:58.638 [JavaFX Application Thread] DEBUG GameApplication      - Exiting game application
10:46:58.639 [JavaFX Application Thread] DEBUG GameApplication      - Shutting down background threads
10:46:58.639 [JavaFX Application Thread] DEBUG GameApplication      - Exiting FXGL
10:46:58.639 [JavaFX Application Thread] DEBUG FXGL                 - Saving FXGL system data
10:46:58.641 [JavaFX Application Thread] DEBUG DesktopFSService     - Writing to: system\fxgl.bundle
10:46:58.646 [JavaFX Application Thread] DEBUG GameApplication      - Closing logger and exiting JavaFX
