09:59:14.870 [JavaFX Application Thread] DEBUG GameApplication      - Logger initialized
09:59:14.876 [JavaFX Application Thread] DEBUG MainWindow           - Creating a JavaFX scene
09:59:14.942 [JavaFX Application Thread] DEBUG MainWindow           - Target settings size: 800.0 x 470.0
09:59:14.942 [JavaFX Application Thread] DEBUG MainWindow           - Scaled scene size:    800.0 x 470.0
09:59:14.943 [JavaFX Application Thread] DEBUG MainWindow           - Scaled ratio: (1.0, 1.0)
09:59:14.947 [JavaFX Application Thread] DEBUG GameApplication      - Starting FXGL
09:59:14.957 [JavaFX Application Thread] INFO  FXGL                 - FXGL-0.5.1 on DESKTOP
09:59:14.957 [JavaFX Application Thread] INFO  FXGL                 - Source code and latest versions at: https://github.com/AlmasB/FXGL
09:59:14.957 [JavaFX Application Thread] INFO  FXGL                 -              Join the FXGL chat at: https://gitter.im/AlmasB/FXGL
09:59:14.963 [JavaFX Application Thread] DEBUG FS                   - Loaded DesktopFSService
09:59:14.963 [JavaFX Application Thread] DEBUG FXGL                 - Loading FXGL system data
09:59:14.970 [JavaFX Application Thread] DEBUG DesktopFSService     - Reading from: system\fxgl.bundle
09:59:14.976 [JavaFX Application Thread] DEBUG Bundle               - Logging bundle: FXGL
09:59:14.977 [JavaFX Application Thread] DEBUG Bundle               - FXGL.offline.timer.version.check=2018-05-24T09:09:49.283
09:59:14.998 [JavaFX Application Thread] DEBUG GameApplication      - FXGL started
09:59:14.998 [JavaFX Application Thread] DEBUG GameApplication      - Logging game settings
Title: Frogger
Version: 0.2.0
Width: 800
Height: 470
Fullscreen: false
Intro: false
Menus: false
Profiling: false
Single step:false
App Mode: DEVELOPER
Menu Key: ESCAPE
Stage Style: DECORATED
Scene Factory: class com.almasb.fxgl.scene.SceneFactory
Dialog Factory: class com.almasb.fxgl.ui.FXGLDialogFactory
UI Factory: class com.almasb.fxgl.ui.FXGLUIFactory
Notification Service: class com.almasb.fxgl.gameplay.notification.XboxNotificationView
Exception Handler: class com.almasb.fxgl.app.FXGLExceptionHandler
09:59:14.999 [JavaFX Application Thread] DEBUG GameApplication      - Configuring GameApplication
09:59:14.999 [JavaFX Application Thread] DEBUG GameApplication      - Initializing state machine and application states
09:59:15.009 [JavaFX Application Thread] DEBUG AssetLoader          - Loading from disk: /assets/ui/cursors/fxgl_default.png
09:59:15.026 [JavaFX Application Thread] DEBUG AssetLoader          - Loading from disk: /assets/ui/cursors/fxgl_default.png
09:59:15.043 [JavaFX Application Thread] DEBUG FXGLAssets           - Loading FXGLAssets
09:59:15.066 [JavaFX Application Thread] DEBUG AssetLoader          - Loading from disk: /assets/ui/fonts/VarelaRound-Regular.ttf
09:59:15.184 [JavaFX Application Thread] DEBUG AssetLoader          - Loading from disk: /assets/ui/fonts/lucida_console.ttf
09:59:15.193 [JavaFX Application Thread] DEBUG AssetLoader          - Loading from disk: /assets/ui/css/fxgl_dark.css
09:59:15.216 [JavaFX Application Thread] DEBUG AssetLoader          - Loading from disk: /assets/ui/cursors/fxgl_default.png
09:59:15.241 [JavaFX Application Thread] DEBUG AssetLoader          - Loading from disk: /assets/ui/cursors/fxgl_default.png
09:59:15.254 [JavaFX Application Thread] DEBUG GameScene            - Game scene initialized: 800x470
09:59:15.256 [JavaFX Application Thread] DEBUG GameWorld            - Game world initialized
09:59:15.293 [JavaFX Application Thread] DEBUG PhysicsWorld         - Physics world initialized: appHeight=470, physics.ppm=50.0
09:59:15.306 [JavaFX Application Thread] DEBUG Input                - Registered new binding: Pause - Esc
09:59:15.321 [JavaFX Application Thread] DEBUG Input                - Clearing active input actions
09:59:15.350 [JavaFX Application Thread] DEBUG AppStateMachine      - StartupState -> StartupState
09:59:15.354 [JavaFX Application Thread] INFO  GameApplication      - Game configuration took:  0.355 sec
09:59:15.356 [JavaFX Application Thread] DEBUG AssetLoader          - Loading from disk: /assets/textures/fxgl_icon.png
09:59:15.365 [JavaFX Application Thread] DEBUG MainWindow           - Opening main window
09:59:15.496 [JavaFX Application Thread] DEBUG MainWindow           - Window border size: (4.0, 26.666656494140625)
09:59:15.496 [JavaFX Application Thread] DEBUG MainWindow           - Scaled size: 800.0 x 470.0
09:59:15.497 [JavaFX Application Thread] DEBUG MainWindow           - Scaled ratio: (1.0, 1.0)
09:59:15.497 [JavaFX Application Thread] DEBUG MainWindow           - Scene size: 800.0 x 470.0
09:59:15.497 [JavaFX Application Thread] DEBUG MainWindow           - Stage size: 804.0 x 496.6666564941406
09:59:15.497 [JavaFX Application Thread] DEBUG GameApplication      - Running preInit()
09:59:15.498 [JavaFX Application Thread] DEBUG Input                - Registered new binding: Screenshot - P
09:59:15.499 [JavaFX Application Thread] DEBUG Input                - Registered new binding: Dev Options - CTRL+0
09:59:15.499 [JavaFX Application Thread] DEBUG Input                - Registered new binding: System info dump - CTRL+9
09:59:15.499 [JavaFX Application Thread] DEBUG Input                - Registered new binding: Restart - CTRL+R
09:59:15.500 [JavaFX Application Thread] DEBUG Input                - Registered new binding: up - W
09:59:15.500 [JavaFX Application Thread] DEBUG Input                - Registered new binding: down - S
09:59:15.500 [JavaFX Application Thread] DEBUG Input                - Registered new binding: left - A
09:59:15.500 [JavaFX Application Thread] DEBUG Input                - Registered new binding: right - D
09:59:15.500 [JavaFX Application Thread] DEBUG Input                - Registered new binding: testd - Space
09:59:15.526 [JavaFX Application Thread] DEBUG GameApplication      - Starting main loop
09:59:15.529 [JavaFX Application Thread] DEBUG StartupState         - STARTUP
09:59:15.529 [JavaFX Application Thread] DEBUG GameApplication      - Starting new game
09:59:15.529 [JavaFX Application Thread] DEBUG Input                - Clearing active input actions
09:59:15.536 [JavaFX Application Thread] DEBUG AppStateMachine      - StartupState -> LoadingState
09:59:15.540 [FXGL Background Thread 1 ] DEBUG InitAppTask          - Clearing previous game
09:59:15.540 [FXGL Background Thread 1 ] DEBUG GameWorld            - Clearing game world
09:59:15.540 [FXGL Background Thread 1 ] DEBUG PhysicsWorld         - Clearing physics world
09:59:15.541 [FXGL Background Thread 1 ] DEBUG GameScene            - Clearing game scene
09:59:15.541 [FXGL Background Thread 1 ] DEBUG InitAppTask          - Initializing Game
09:59:15.560 [FXGL Background Thread 1 ] DEBUG AssetLoader          - Loading from disk: /assets/textures/Frogger/splatting_frog.png
09:59:15.593 [FXGL Background Thread 1 ] DEBUG AssetLoader          - Loading from disk: /assets/textures/Frogger/frog_idle.png
09:59:15.599 [FXGL Background Thread 1 ] DEBUG GameScene            - Creating render group for layer: TOP(2147483647)
09:59:15.603 [FXGL Background Thread 1 ] DEBUG AssetLoader          - Loading from disk: /assets/textures/Frogger/half_log.png
09:59:15.609 [FXGL Background Thread 1 ] DEBUG GameScene            - Creating render group for layer: DEFAULT(100000)
09:59:15.610 [FXGL Background Thread 1 ] DEBUG AssetLoader          - Loading from disk: /assets/textures/Frogger/full_log.png
09:59:15.612 [FXGL Background Thread 1 ] DEBUG AssetLoader          - Loading from cache: /assets/textures/Frogger/half_log.png
09:59:15.613 [FXGL Background Thread 1 ] DEBUG AssetLoader          - Loading from disk: /assets/textures/Frogger/rotating_log.png
09:59:15.615 [FXGL Background Thread 1 ] DEBUG InitAppTask          - Initializing Physics
09:59:15.615 [FXGL Background Thread 1 ] DEBUG InitAppTask          - Initializing UI
09:59:15.615 [FXGL Background Thread 1 ] DEBUG AssetLoader          - Loading from disk: /assets/textures/Frogger/background.jpg
09:59:15.623 [FXGL Background Thread 1 ] DEBUG InitAppTask          - Initialization Complete
09:59:15.624 [FXGL Background Thread 1 ] INFO  InitAppTask          - Game initialization took: 0.083 sec
09:59:15.634 [JavaFX Application Thread] DEBUG Input                - Clearing active input actions
09:59:15.640 [JavaFX Application Thread] DEBUG AppStateMachine      - LoadingState -> PlayState
09:59:15.987 [JavaFX Application Thread] DEBUG Input                - Mocking key release: W
09:59:15.988 [JavaFX Application Thread] DEBUG AssetLoader          - Loading from disk: /assets/textures/Frogger/frog_jump.png
09:59:16.083 [JavaFX Application Thread] DEBUG Input                - Mocking key release: D
09:59:16.084 [JavaFX Application Thread] DEBUG AssetLoader          - Loading from cache: /assets/textures/Frogger/frog_jump.png
09:59:16.175 [JavaFX Application Thread] DEBUG Input                - Mocking key release: W
09:59:16.176 [JavaFX Application Thread] DEBUG AssetLoader          - Loading from cache: /assets/textures/Frogger/frog_jump.png
09:59:16.244 [JavaFX Application Thread] DEBUG AssetLoader          - Loading from cache: /assets/textures/Frogger/frog_idle.png
09:59:16.271 [JavaFX Application Thread] DEBUG Input                - Mocking key release: D
09:59:16.271 [JavaFX Application Thread] DEBUG AssetLoader          - Loading from cache: /assets/textures/Frogger/frog_jump.png
09:59:16.340 [JavaFX Application Thread] DEBUG AssetLoader          - Loading from cache: /assets/textures/Frogger/frog_idle.png
09:59:16.370 [JavaFX Application Thread] DEBUG Input                - Mocking key release: W
09:59:16.371 [JavaFX Application Thread] DEBUG AssetLoader          - Loading from cache: /assets/textures/Frogger/frog_jump.png
09:59:16.420 [JavaFX Application Thread] DEBUG AssetLoader          - Loading from cache: /assets/textures/Frogger/frog_idle.png
09:59:16.436 [JavaFX Application Thread] DEBUG Input                - Mocking key release: D
09:59:16.436 [JavaFX Application Thread] DEBUG AssetLoader          - Loading from cache: /assets/textures/Frogger/frog_jump.png
09:59:16.531 [JavaFX Application Thread] DEBUG AssetLoader          - Loading from disk: /assets/textures/Frogger/green_car.png
09:59:16.533 [JavaFX Application Thread] DEBUG AssetLoader          - Loading from disk: /assets/textures/Frogger/orange_car.png
09:59:16.535 [JavaFX Application Thread] DEBUG AssetLoader          - Loading from cache: /assets/textures/Frogger/frog_idle.png
09:59:16.568 [JavaFX Application Thread] DEBUG Input                - Mocking key release: W
09:59:16.568 [JavaFX Application Thread] DEBUG AssetLoader          - Loading from cache: /assets/textures/Frogger/frog_jump.png
09:59:16.627 [JavaFX Application Thread] DEBUG AssetLoader          - Loading from cache: /assets/textures/Frogger/frog_idle.png
09:59:16.657 [JavaFX Application Thread] DEBUG Input                - Mocking key release: D
09:59:16.657 [JavaFX Application Thread] DEBUG AssetLoader          - Loading from cache: /assets/textures/Frogger/frog_jump.png
09:59:16.692 [JavaFX Application Thread] DEBUG AssetLoader          - Loading from cache: /assets/textures/Frogger/frog_idle.png
09:59:16.720 [JavaFX Application Thread] DEBUG Input                - Mocking key release: W
09:59:16.721 [JavaFX Application Thread] DEBUG AssetLoader          - Loading from cache: /assets/textures/Frogger/frog_jump.png
09:59:16.819 [JavaFX Application Thread] DEBUG AssetLoader          - Loading from cache: /assets/textures/Frogger/frog_idle.png
09:59:16.885 [JavaFX Application Thread] DEBUG Input                - Mocking key release: W
09:59:16.886 [JavaFX Application Thread] DEBUG AssetLoader          - Loading from cache: /assets/textures/Frogger/frog_jump.png
09:59:16.915 [JavaFX Application Thread] DEBUG AssetLoader          - Loading from cache: /assets/textures/Frogger/frog_idle.png
09:59:16.979 [JavaFX Application Thread] DEBUG AssetLoader          - Loading from cache: /assets/textures/Frogger/frog_idle.png
09:59:16.994 [JavaFX Application Thread] DEBUG Input                - Mocking key release: D
09:59:16.994 [JavaFX Application Thread] DEBUG AssetLoader          - Loading from cache: /assets/textures/Frogger/frog_jump.png
09:59:17.084 [JavaFX Application Thread] DEBUG Input                - Mocking key release: W
09:59:17.084 [JavaFX Application Thread] DEBUG AssetLoader          - Loading from cache: /assets/textures/Frogger/frog_jump.png
09:59:17.140 [JavaFX Application Thread] DEBUG AssetLoader          - Loading from cache: /assets/textures/Frogger/frog_idle.png
09:59:17.235 [JavaFX Application Thread] DEBUG AssetLoader          - Loading from cache: /assets/textures/Frogger/frog_idle.png
09:59:17.347 [JavaFX Application Thread] DEBUG AssetLoader          - Loading from cache: /assets/textures/Frogger/frog_idle.png
09:59:17.444 [JavaFX Application Thread] DEBUG AssetLoader          - Loading from disk: /assets/textures/Frogger/blue_car.png
09:59:17.446 [JavaFX Application Thread] DEBUG AssetLoader          - Loading from disk: /assets/textures/Frogger/purple_car.png
09:59:17.500 [JavaFX Application Thread] DEBUG Input                - Mocking key release: W
09:59:17.500 [JavaFX Application Thread] DEBUG AssetLoader          - Loading from cache: /assets/textures/Frogger/frog_jump.png
09:59:17.683 [JavaFX Application Thread] DEBUG Input                - Mocking key release: W
09:59:17.684 [JavaFX Application Thread] DEBUG AssetLoader          - Loading from cache: /assets/textures/Frogger/frog_jump.png
09:59:17.700 [JavaFX Application Thread] DEBUG AssetLoader          - Loading from disk: /assets/textures/Frogger/sinking_frog.png
09:59:17.715 [JavaFX Application Thread] DEBUG AssetLoader          - Loading from cache: /assets/textures/Frogger/sinking_frog.png
09:59:17.731 [JavaFX Application Thread] DEBUG AssetLoader          - Loading from cache: /assets/textures/Frogger/sinking_frog.png
09:59:17.747 [JavaFX Application Thread] DEBUG AssetLoader          - Loading from cache: /assets/textures/Frogger/sinking_frog.png
09:59:17.764 [JavaFX Application Thread] DEBUG AssetLoader          - Loading from cache: /assets/textures/Frogger/frog_idle.png
09:59:17.765 [JavaFX Application Thread] DEBUG AssetLoader          - Loading from cache: /assets/textures/Frogger/sinking_frog.png
09:59:17.780 [JavaFX Application Thread] DEBUG AssetLoader          - Loading from cache: /assets/textures/Frogger/sinking_frog.png
09:59:17.796 [JavaFX Application Thread] DEBUG AssetLoader          - Loading from cache: /assets/textures/Frogger/sinking_frog.png
09:59:17.812 [JavaFX Application Thread] DEBUG AssetLoader          - Loading from cache: /assets/textures/Frogger/sinking_frog.png
09:59:17.828 [JavaFX Application Thread] DEBUG AssetLoader          - Loading from cache: /assets/textures/Frogger/sinking_frog.png
09:59:17.844 [JavaFX Application Thread] DEBUG AssetLoader          - Loading from cache: /assets/textures/Frogger/sinking_frog.png
09:59:17.860 [JavaFX Application Thread] DEBUG AssetLoader          - Loading from cache: /assets/textures/Frogger/sinking_frog.png
09:59:17.876 [JavaFX Application Thread] DEBUG AssetLoader          - Loading from cache: /assets/textures/Frogger/sinking_frog.png
09:59:17.892 [JavaFX Application Thread] DEBUG AssetLoader          - Loading from cache: /assets/textures/Frogger/sinking_frog.png
09:59:17.908 [JavaFX Application Thread] DEBUG AssetLoader          - Loading from cache: /assets/textures/Frogger/sinking_frog.png
09:59:17.924 [JavaFX Application Thread] DEBUG AssetLoader          - Loading from cache: /assets/textures/Frogger/sinking_frog.png
09:59:17.939 [JavaFX Application Thread] DEBUG AssetLoader          - Loading from cache: /assets/textures/Frogger/frog_idle.png
09:59:17.939 [JavaFX Application Thread] DEBUG AssetLoader          - Loading from cache: /assets/textures/Frogger/sinking_frog.png
09:59:17.955 [JavaFX Application Thread] DEBUG AssetLoader          - Loading from cache: /assets/textures/Frogger/sinking_frog.png
09:59:17.971 [JavaFX Application Thread] DEBUG AssetLoader          - Loading from cache: /assets/textures/Frogger/sinking_frog.png
09:59:17.987 [JavaFX Application Thread] DEBUG AssetLoader          - Loading from cache: /assets/textures/Frogger/sinking_frog.png
09:59:18.003 [JavaFX Application Thread] DEBUG AssetLoader          - Loading from cache: /assets/textures/Frogger/sinking_frog.png
09:59:18.019 [JavaFX Application Thread] DEBUG AssetLoader          - Loading from cache: /assets/textures/Frogger/sinking_frog.png
09:59:18.035 [JavaFX Application Thread] DEBUG AssetLoader          - Loading from cache: /assets/textures/Frogger/sinking_frog.png
09:59:18.051 [JavaFX Application Thread] DEBUG AssetLoader          - Loading from cache: /assets/textures/Frogger/sinking_frog.png
09:59:18.067 [JavaFX Application Thread] DEBUG AssetLoader          - Loading from cache: /assets/textures/Frogger/sinking_frog.png
09:59:18.099 [JavaFX Application Thread] DEBUG AssetLoader          - Loading from cache: /assets/textures/Frogger/sinking_frog.png
09:59:18.115 [JavaFX Application Thread] DEBUG AssetLoader          - Loading from cache: /assets/textures/Frogger/sinking_frog.png
09:59:18.131 [JavaFX Application Thread] DEBUG AssetLoader          - Loading from cache: /assets/textures/Frogger/sinking_frog.png
09:59:18.148 [JavaFX Application Thread] DEBUG AssetLoader          - Loading from cache: /assets/textures/Frogger/sinking_frog.png
09:59:18.164 [JavaFX Application Thread] DEBUG AssetLoader          - Loading from cache: /assets/textures/Frogger/sinking_frog.png
09:59:18.180 [JavaFX Application Thread] DEBUG AssetLoader          - Loading from cache: /assets/textures/Frogger/sinking_frog.png
09:59:18.196 [JavaFX Application Thread] DEBUG AssetLoader          - Loading from cache: /assets/textures/Frogger/sinking_frog.png
09:59:18.212 [JavaFX Application Thread] DEBUG AssetLoader          - Loading from cache: /assets/textures/Frogger/splatting_frog.png
09:59:18.213 [JavaFX Application Thread] DEBUG AssetLoader          - Loading from cache: /assets/textures/Frogger/frog_idle.png
09:59:18.228 [JavaFX Application Thread] DEBUG AssetLoader          - Loading from cache: /assets/textures/Frogger/splatting_frog.png
09:59:18.228 [JavaFX Application Thread] DEBUG AssetLoader          - Loading from cache: /assets/textures/Frogger/frog_idle.png
09:59:18.244 [JavaFX Application Thread] DEBUG AssetLoader          - Loading from cache: /assets/textures/Frogger/splatting_frog.png
09:59:18.244 [JavaFX Application Thread] DEBUG AssetLoader          - Loading from cache: /assets/textures/Frogger/frog_idle.png
09:59:18.260 [JavaFX Application Thread] DEBUG AssetLoader          - Loading from cache: /assets/textures/Frogger/splatting_frog.png
09:59:18.261 [JavaFX Application Thread] DEBUG AssetLoader          - Loading from cache: /assets/textures/Frogger/frog_idle.png
09:59:18.262 [JavaFX Application Thread] FATAL GameApplication      - Uncaught Exception:

Fatal exception occurred: java.lang.NullPointerException : null
E: com.almasb.fxgl.entity.components.ViewComponent.lambda$setAnimatedTexture$0(ViewComponent.java:175)
E: com.almasb.fxgl.texture.AnimatedTexture.onCycleFinished(AnimatedTexture.kt:141)
E: com.almasb.fxgl.texture.AnimatedTexture.onUpdate(AnimatedTexture.kt:123)
E: com.almasb.fxgl.app.State.update(State.java:76)
E: com.almasb.fxgl.app.AppStateMachine.onUpdate(AppStateMachine.java:100)
E: com.almasb.fxgl.app.GameApplication.stepLoop(GameApplication.java:382)
E: com.almasb.fxgl.app.GameApplication$2.handle(GameApplication.java:348)
E: javafx.animation.AnimationTimer$AnimationTimerReceiver.lambda$handle$485(AnimationTimer.java:57)
E: java.security.AccessController.doPrivileged(Native Method)
E: javafx.animation.AnimationTimer$AnimationTimerReceiver.handle(AnimationTimer.java:56)
E: com.sun.scenario.animation.AbstractMasterTimer.timePulseImpl(AbstractMasterTimer.java:357)
E: com.sun.scenario.animation.AbstractMasterTimer$MainLoop.run(AbstractMasterTimer.java:267)
E: com.sun.javafx.tk.quantum.QuantumToolkit.pulse(QuantumToolkit.java:514)
E: com.sun.javafx.tk.quantum.QuantumToolkit.pulse(QuantumToolkit.java:498)
E: com.sun.javafx.tk.quantum.QuantumToolkit.pulseFromQueue(QuantumToolkit.java:491)
E: com.sun.javafx.tk.quantum.QuantumToolkit.lambda$runToolkit$403(QuantumToolkit.java:319)
E: com.sun.glass.ui.InvokeLaterDispatcher$Future.run(InvokeLaterDispatcher.java:95)
E: com.sun.glass.ui.win.WinApplication._runLoop(Native Method)
E: com.sun.glass.ui.win.WinApplication.lambda$null$147(WinApplication.java:177)
E: java.lang.Thread.run(Unknown Source)

09:59:18.262 [JavaFX Application Thread] FATAL GameApplication      - Application will now exit
09:59:18.262 [JavaFX Application Thread] DEBUG GameApplication      - Stopping main loop
09:59:20.079 [JavaFX Application Thread] DEBUG GameApplication      - Exiting game application
09:59:20.080 [JavaFX Application Thread] DEBUG GameApplication      - Shutting down background threads
09:59:20.080 [JavaFX Application Thread] DEBUG GameApplication      - Exiting FXGL
09:59:20.080 [JavaFX Application Thread] DEBUG FXGL                 - Saving FXGL system data
09:59:20.082 [JavaFX Application Thread] DEBUG DesktopFSService     - Writing to: system\fxgl.bundle
09:59:20.085 [JavaFX Application Thread] DEBUG GameApplication      - Closing logger and exiting JavaFX
