10:13:38.826 [JavaFX Application Thread] DEBUG GameApplication      - Logger initialized
10:13:38.832 [JavaFX Application Thread] DEBUG MainWindow           - Creating a JavaFX scene
10:13:38.902 [JavaFX Application Thread] DEBUG MainWindow           - Target settings size: 800.0 x 470.0
10:13:38.902 [JavaFX Application Thread] DEBUG MainWindow           - Scaled scene size:    800.0 x 470.0
10:13:38.902 [JavaFX Application Thread] DEBUG MainWindow           - Scaled ratio: (1.0, 1.0)
10:13:38.907 [JavaFX Application Thread] DEBUG GameApplication      - Starting FXGL
10:13:38.917 [JavaFX Application Thread] INFO  FXGL                 - FXGL-0.5.1 on DESKTOP
10:13:38.917 [JavaFX Application Thread] INFO  FXGL                 - Source code and latest versions at: https://github.com/AlmasB/FXGL
10:13:38.917 [JavaFX Application Thread] INFO  FXGL                 -              Join the FXGL chat at: https://gitter.im/AlmasB/FXGL
10:13:38.923 [JavaFX Application Thread] DEBUG FS                   - Loaded DesktopFSService
10:13:38.923 [JavaFX Application Thread] DEBUG FXGL                 - Loading FXGL system data
10:13:38.929 [JavaFX Application Thread] DEBUG DesktopFSService     - Reading from: system\fxgl.bundle
10:13:38.936 [JavaFX Application Thread] DEBUG Bundle               - Logging bundle: FXGL
10:13:38.937 [JavaFX Application Thread] DEBUG Bundle               - FXGL.offline.timer.version.check=2018-05-16T18:22:51.838
10:13:38.959 [JavaFX Application Thread] DEBUG GameApplication      - FXGL started
10:13:38.959 [JavaFX Application Thread] DEBUG GameApplication      - Logging game settings
Title: Frogger
Version: 0.2.0
Width: 800
Height: 470
Fullscreen: false
Intro: false
Menus: false
Profiling: false
Single step:false
App Mode: DEVELOPER
Menu Key: ESCAPE
Stage Style: DECORATED
Scene Factory: class com.almasb.fxgl.scene.SceneFactory
Dialog Factory: class com.almasb.fxgl.ui.FXGLDialogFactory
UI Factory: class com.almasb.fxgl.ui.FXGLUIFactory
Notification Service: class com.almasb.fxgl.gameplay.notification.XboxNotificationView
Exception Handler: class com.almasb.fxgl.app.FXGLExceptionHandler
10:13:38.960 [JavaFX Application Thread] DEBUG GameApplication      - Configuring GameApplication
10:13:38.960 [JavaFX Application Thread] DEBUG GameApplication      - Initializing state machine and application states
10:13:38.972 [JavaFX Application Thread] DEBUG AssetLoader          - Loading from disk: /assets/ui/cursors/fxgl_default.png
10:13:38.993 [JavaFX Application Thread] DEBUG AssetLoader          - Loading from disk: /assets/ui/cursors/fxgl_default.png
10:13:39.010 [JavaFX Application Thread] DEBUG FXGLAssets           - Loading FXGLAssets
10:13:39.034 [JavaFX Application Thread] DEBUG AssetLoader          - Loading from disk: /assets/ui/fonts/VarelaRound-Regular.ttf
10:13:39.165 [JavaFX Application Thread] DEBUG AssetLoader          - Loading from disk: /assets/ui/fonts/lucida_console.ttf
10:13:39.173 [JavaFX Application Thread] DEBUG AssetLoader          - Loading from disk: /assets/ui/css/fxgl_dark.css
10:13:39.196 [JavaFX Application Thread] DEBUG AssetLoader          - Loading from disk: /assets/ui/cursors/fxgl_default.png
10:13:39.221 [JavaFX Application Thread] DEBUG AssetLoader          - Loading from disk: /assets/ui/cursors/fxgl_default.png
10:13:39.234 [JavaFX Application Thread] DEBUG GameScene            - Game scene initialized: 800x470
10:13:39.237 [JavaFX Application Thread] DEBUG GameWorld            - Game world initialized
10:13:39.273 [JavaFX Application Thread] DEBUG PhysicsWorld         - Physics world initialized: appHeight=470, physics.ppm=50.0
10:13:39.288 [JavaFX Application Thread] DEBUG Input                - Registered new binding: Pause - Esc
10:13:39.301 [JavaFX Application Thread] DEBUG Input                - Clearing active input actions
10:13:39.336 [JavaFX Application Thread] DEBUG AppStateMachine      - StartupState -> StartupState
10:13:39.340 [JavaFX Application Thread] INFO  GameApplication      - Game configuration took:  0.380 sec
10:13:39.341 [JavaFX Application Thread] DEBUG AssetLoader          - Loading from disk: /assets/textures/fxgl_icon.png
10:13:39.351 [JavaFX Application Thread] DEBUG MainWindow           - Opening main window
10:13:39.485 [JavaFX Application Thread] DEBUG MainWindow           - Window border size: (4.0, 26.666656494140625)
10:13:39.485 [JavaFX Application Thread] DEBUG MainWindow           - Scaled size: 800.0 x 470.0
10:13:39.485 [JavaFX Application Thread] DEBUG MainWindow           - Scaled ratio: (1.0, 1.0)
10:13:39.485 [JavaFX Application Thread] DEBUG MainWindow           - Scene size: 800.0 x 470.0
10:13:39.485 [JavaFX Application Thread] DEBUG MainWindow           - Stage size: 804.0 x 496.6666564941406
10:13:39.486 [JavaFX Application Thread] DEBUG GameApplication      - Running preInit()
10:13:39.488 [JavaFX Application Thread] DEBUG Input                - Registered new binding: Screenshot - P
10:13:39.488 [JavaFX Application Thread] DEBUG Input                - Registered new binding: Dev Options - CTRL+0
10:13:39.489 [JavaFX Application Thread] DEBUG Input                - Registered new binding: System info dump - CTRL+9
10:13:39.489 [JavaFX Application Thread] DEBUG Input                - Registered new binding: Restart - CTRL+R
10:13:39.489 [JavaFX Application Thread] DEBUG Input                - Registered new binding: up - W
10:13:39.490 [JavaFX Application Thread] DEBUG Input                - Registered new binding: down - S
10:13:39.490 [JavaFX Application Thread] DEBUG Input                - Registered new binding: left - A
10:13:39.490 [JavaFX Application Thread] DEBUG Input                - Registered new binding: right - D
10:13:39.519 [JavaFX Application Thread] DEBUG GameApplication      - Starting main loop
10:13:39.521 [JavaFX Application Thread] DEBUG StartupState         - STARTUP
10:13:39.521 [JavaFX Application Thread] DEBUG GameApplication      - Starting new game
10:13:39.521 [JavaFX Application Thread] DEBUG Input                - Clearing active input actions
10:13:39.526 [JavaFX Application Thread] DEBUG AppStateMachine      - StartupState -> LoadingState
10:13:39.531 [FXGL Background Thread 1 ] DEBUG InitAppTask          - Clearing previous game
10:13:39.531 [FXGL Background Thread 1 ] DEBUG GameWorld            - Clearing game world
10:13:39.532 [FXGL Background Thread 1 ] DEBUG PhysicsWorld         - Clearing physics world
10:13:39.532 [FXGL Background Thread 1 ] DEBUG GameScene            - Clearing game scene
10:13:39.534 [FXGL Background Thread 1 ] DEBUG InitAppTask          - Initializing Game
10:13:39.585 [FXGL Background Thread 1 ] DEBUG AssetLoader          - Loading from disk: /assets/textures/Frogger/frog_idle.png
10:13:39.595 [FXGL Background Thread 1 ] DEBUG GameScene            - Creating render group for layer: DEFAULT(100000)
10:13:39.597 [FXGL Background Thread 1 ] DEBUG InitAppTask          - Initializing Physics
10:13:39.598 [FXGL Background Thread 1 ] DEBUG InitAppTask          - Initializing UI
10:13:39.598 [FXGL Background Thread 1 ] DEBUG AssetLoader          - Loading from disk: /assets/textures/Frogger/background.jpg
10:13:39.609 [FXGL Background Thread 1 ] DEBUG InitAppTask          - Initialization Complete
10:13:39.609 [FXGL Background Thread 1 ] INFO  InitAppTask          - Game initialization took: 0.077 sec
10:13:39.615 [JavaFX Application Thread] DEBUG Input                - Clearing active input actions
10:13:39.621 [JavaFX Application Thread] DEBUG AppStateMachine      - LoadingState -> PlayState
10:13:42.175 [JavaFX Application Thread] DEBUG AssetLoader          - Loading from disk: /assets/ui/dev_menu_bar.fxml
10:13:56.104 [JavaFX Application Thread] DEBUG GameApplication      - Exiting game application
10:13:56.105 [JavaFX Application Thread] DEBUG GameApplication      - Shutting down background threads
10:13:56.105 [JavaFX Application Thread] DEBUG GameApplication      - Exiting FXGL
10:13:56.106 [JavaFX Application Thread] DEBUG FXGL                 - Saving FXGL system data
10:13:56.107 [JavaFX Application Thread] DEBUG DesktopFSService     - Writing to: system\fxgl.bundle
10:13:56.111 [JavaFX Application Thread] DEBUG GameApplication      - Closing logger and exiting JavaFX
