09:16:24.027 [JavaFX Application Thread] DEBUG GameApplication      - Logger initialized
09:16:24.033 [JavaFX Application Thread] DEBUG MainWindow           - Creating a JavaFX scene
09:16:24.101 [JavaFX Application Thread] DEBUG MainWindow           - Target settings size: 800.0 x 600.0
09:16:24.101 [JavaFX Application Thread] DEBUG MainWindow           - Scaled scene size:    800.0 x 600.0
09:16:24.101 [JavaFX Application Thread] DEBUG MainWindow           - Scaled ratio: (1.0, 1.0)
09:16:24.106 [JavaFX Application Thread] DEBUG GameApplication      - Starting FXGL
09:16:24.116 [JavaFX Application Thread] INFO  FXGL                 - FXGL-0.5.1 on DESKTOP
09:16:24.116 [JavaFX Application Thread] INFO  FXGL                 - Source code and latest versions at: https://github.com/AlmasB/FXGL
09:16:24.116 [JavaFX Application Thread] INFO  FXGL                 -              Join the FXGL chat at: https://gitter.im/AlmasB/FXGL
09:16:24.122 [JavaFX Application Thread] DEBUG FS                   - Loaded DesktopFSService
09:16:24.122 [JavaFX Application Thread] DEBUG FXGL                 - Loading FXGL system data
09:16:24.129 [JavaFX Application Thread] DEBUG DesktopFSService     - Reading from: system\fxgl.bundle
09:16:24.135 [JavaFX Application Thread] DEBUG Bundle               - Logging bundle: FXGL
09:16:24.136 [JavaFX Application Thread] DEBUG Bundle               - FXGL.offline.timer.version.check=2018-05-24T09:09:49.283
09:16:24.159 [JavaFX Application Thread] DEBUG GameApplication      - FXGL started
09:16:24.159 [JavaFX Application Thread] DEBUG GameApplication      - Logging game settings
Title: Physics Demo
Version: 
Width: 800
Height: 600
Fullscreen: false
Intro: false
Menus: false
Profiling: false
Single step:false
App Mode: DEVELOPER
Menu Key: ESCAPE
Stage Style: DECORATED
Scene Factory: class com.almasb.fxgl.scene.SceneFactory
Dialog Factory: class com.almasb.fxgl.ui.FXGLDialogFactory
UI Factory: class com.almasb.fxgl.ui.FXGLUIFactory
Notification Service: class com.almasb.fxgl.gameplay.notification.XboxNotificationView
Exception Handler: class com.almasb.fxgl.app.FXGLExceptionHandler
09:16:24.160 [JavaFX Application Thread] DEBUG GameApplication      - Configuring GameApplication
09:16:24.160 [JavaFX Application Thread] DEBUG GameApplication      - Initializing state machine and application states
09:16:24.171 [JavaFX Application Thread] DEBUG AssetLoader          - Loading from disk: /assets/ui/cursors/fxgl_default.png
09:16:24.188 [JavaFX Application Thread] DEBUG AssetLoader          - Loading from disk: /assets/ui/cursors/fxgl_default.png
09:16:24.205 [JavaFX Application Thread] DEBUG FXGLAssets           - Loading FXGLAssets
09:16:24.229 [JavaFX Application Thread] DEBUG AssetLoader          - Loading from disk: /assets/ui/fonts/VarelaRound-Regular.ttf
09:16:24.359 [JavaFX Application Thread] DEBUG AssetLoader          - Loading from disk: /assets/ui/fonts/lucida_console.ttf
09:16:24.368 [JavaFX Application Thread] DEBUG AssetLoader          - Loading from disk: /assets/ui/css/fxgl_dark.css
09:16:24.391 [JavaFX Application Thread] DEBUG AssetLoader          - Loading from disk: /assets/ui/cursors/fxgl_default.png
09:16:24.416 [JavaFX Application Thread] DEBUG AssetLoader          - Loading from disk: /assets/ui/cursors/fxgl_default.png
09:16:24.430 [JavaFX Application Thread] DEBUG GameScene            - Game scene initialized: 800x600
09:16:24.433 [JavaFX Application Thread] DEBUG GameWorld            - Game world initialized
09:16:24.470 [JavaFX Application Thread] DEBUG PhysicsWorld         - Physics world initialized: appHeight=600, physics.ppm=50.0
09:16:24.483 [JavaFX Application Thread] DEBUG Input                - Registered new binding: Pause - Esc
09:16:24.497 [JavaFX Application Thread] DEBUG Input                - Clearing active input actions
09:16:24.527 [JavaFX Application Thread] DEBUG AppStateMachine      - StartupState -> StartupState
09:16:24.531 [JavaFX Application Thread] INFO  GameApplication      - Game configuration took:  0.371 sec
09:16:24.533 [JavaFX Application Thread] DEBUG AssetLoader          - Loading from disk: /assets/textures/fxgl_icon.png
09:16:24.543 [JavaFX Application Thread] DEBUG MainWindow           - Opening main window
09:16:24.680 [JavaFX Application Thread] DEBUG MainWindow           - Window border size: (4.0, 26.66668701171875)
09:16:24.680 [JavaFX Application Thread] DEBUG MainWindow           - Scaled size: 800.0 x 600.0
09:16:24.680 [JavaFX Application Thread] DEBUG MainWindow           - Scaled ratio: (1.0, 1.0)
09:16:24.680 [JavaFX Application Thread] DEBUG MainWindow           - Scene size: 800.0 x 600.0
09:16:24.681 [JavaFX Application Thread] DEBUG MainWindow           - Stage size: 804.0 x 626.6666870117188
09:16:24.681 [JavaFX Application Thread] DEBUG GameApplication      - Running preInit()
09:16:24.682 [JavaFX Application Thread] DEBUG Input                - Registered new binding: Screenshot - P
09:16:24.682 [JavaFX Application Thread] DEBUG Input                - Registered new binding: Dev Options - CTRL+0
09:16:24.683 [JavaFX Application Thread] DEBUG Input                - Registered new binding: System info dump - CTRL+9
09:16:24.683 [JavaFX Application Thread] DEBUG Input                - Registered new binding: Restart - CTRL+R
09:16:24.712 [JavaFX Application Thread] DEBUG GameApplication      - Starting main loop
09:16:24.714 [JavaFX Application Thread] DEBUG StartupState         - STARTUP
09:16:24.714 [JavaFX Application Thread] DEBUG GameApplication      - Starting new game
09:16:24.714 [JavaFX Application Thread] DEBUG Input                - Clearing active input actions
09:16:24.722 [JavaFX Application Thread] DEBUG AppStateMachine      - StartupState -> LoadingState
09:16:24.728 [FXGL Background Thread 1 ] DEBUG InitAppTask          - Clearing previous game
09:16:24.728 [FXGL Background Thread 1 ] DEBUG GameWorld            - Clearing game world
09:16:24.728 [FXGL Background Thread 1 ] DEBUG PhysicsWorld         - Clearing physics world
09:16:24.728 [FXGL Background Thread 1 ] DEBUG GameScene            - Clearing game scene
09:16:24.730 [FXGL Background Thread 1 ] DEBUG InitAppTask          - Initializing Game
09:16:24.821 [FXGL Background Thread 1 ] DEBUG GameScene            - Creating render group for layer: DEFAULT(100000)
09:16:24.826 [FXGL Background Thread 1 ] DEBUG InitAppTask          - Initializing Physics
09:16:24.826 [FXGL Background Thread 1 ] DEBUG InitAppTask          - Initializing UI
09:16:24.826 [FXGL Background Thread 1 ] DEBUG InitAppTask          - Initialization Complete
09:16:24.827 [FXGL Background Thread 1 ] INFO  InitAppTask          - Game initialization took: 0.099 sec
09:16:24.834 [JavaFX Application Thread] DEBUG Input                - Clearing active input actions
09:16:24.838 [JavaFX Application Thread] DEBUG AppStateMachine      - LoadingState -> PlayState
09:16:28.174 [JavaFX Application Thread] DEBUG GameApplication      - Exiting game application
09:16:28.175 [JavaFX Application Thread] DEBUG GameApplication      - Shutting down background threads
09:16:28.175 [JavaFX Application Thread] DEBUG GameApplication      - Exiting FXGL
09:16:28.175 [JavaFX Application Thread] DEBUG FXGL                 - Saving FXGL system data
09:16:28.177 [JavaFX Application Thread] DEBUG DesktopFSService     - Writing to: system\fxgl.bundle
09:16:28.180 [JavaFX Application Thread] DEBUG GameApplication      - Closing logger and exiting JavaFX
