10:00:18.136 [JavaFX Application Thread] DEBUG GameApplication      - Logger initialized
10:00:18.142 [JavaFX Application Thread] DEBUG MainWindow           - Creating a JavaFX scene
10:00:18.214 [JavaFX Application Thread] DEBUG MainWindow           - Target settings size: 800.0 x 470.0
10:00:18.214 [JavaFX Application Thread] DEBUG MainWindow           - Scaled scene size:    800.0 x 470.0
10:00:18.214 [JavaFX Application Thread] DEBUG MainWindow           - Scaled ratio: (1.0, 1.0)
10:00:18.219 [JavaFX Application Thread] DEBUG GameApplication      - Starting FXGL
10:00:18.228 [JavaFX Application Thread] INFO  FXGL                 - FXGL-0.5.1 on DESKTOP
10:00:18.229 [JavaFX Application Thread] INFO  FXGL                 - Source code and latest versions at: https://github.com/AlmasB/FXGL
10:00:18.229 [JavaFX Application Thread] INFO  FXGL                 -              Join the FXGL chat at: https://gitter.im/AlmasB/FXGL
10:00:18.234 [JavaFX Application Thread] DEBUG FS                   - Loaded DesktopFSService
10:00:18.235 [JavaFX Application Thread] DEBUG FXGL                 - Loading FXGL system data
10:00:18.242 [JavaFX Application Thread] DEBUG DesktopFSService     - Reading from: system\fxgl.bundle
10:00:18.250 [JavaFX Application Thread] DEBUG Bundle               - Logging bundle: FXGL
10:00:18.250 [JavaFX Application Thread] DEBUG Bundle               - FXGL.offline.timer.version.check=2018-05-24T09:09:49.283
10:00:18.272 [JavaFX Application Thread] DEBUG GameApplication      - FXGL started
10:00:18.273 [JavaFX Application Thread] DEBUG GameApplication      - Logging game settings
Title: Frogger
Version: 0.2.0
Width: 800
Height: 470
Fullscreen: false
Intro: false
Menus: false
Profiling: false
Single step:false
App Mode: DEVELOPER
Menu Key: ESCAPE
Stage Style: DECORATED
Scene Factory: class com.almasb.fxgl.scene.SceneFactory
Dialog Factory: class com.almasb.fxgl.ui.FXGLDialogFactory
UI Factory: class com.almasb.fxgl.ui.FXGLUIFactory
Notification Service: class com.almasb.fxgl.gameplay.notification.XboxNotificationView
Exception Handler: class com.almasb.fxgl.app.FXGLExceptionHandler
10:00:18.273 [JavaFX Application Thread] DEBUG GameApplication      - Configuring GameApplication
10:00:18.273 [JavaFX Application Thread] DEBUG GameApplication      - Initializing state machine and application states
10:00:18.284 [JavaFX Application Thread] DEBUG AssetLoader          - Loading from disk: /assets/ui/cursors/fxgl_default.png
10:00:18.302 [JavaFX Application Thread] DEBUG AssetLoader          - Loading from disk: /assets/ui/cursors/fxgl_default.png
10:00:18.319 [JavaFX Application Thread] DEBUG FXGLAssets           - Loading FXGLAssets
10:00:18.343 [JavaFX Application Thread] DEBUG AssetLoader          - Loading from disk: /assets/ui/fonts/VarelaRound-Regular.ttf
10:00:18.457 [JavaFX Application Thread] DEBUG AssetLoader          - Loading from disk: /assets/ui/fonts/lucida_console.ttf
10:00:18.466 [JavaFX Application Thread] DEBUG AssetLoader          - Loading from disk: /assets/ui/css/fxgl_dark.css
10:00:18.489 [JavaFX Application Thread] DEBUG AssetLoader          - Loading from disk: /assets/ui/cursors/fxgl_default.png
10:00:18.514 [JavaFX Application Thread] DEBUG AssetLoader          - Loading from disk: /assets/ui/cursors/fxgl_default.png
10:00:18.527 [JavaFX Application Thread] DEBUG GameScene            - Game scene initialized: 800x470
10:00:18.529 [JavaFX Application Thread] DEBUG GameWorld            - Game world initialized
10:00:18.567 [JavaFX Application Thread] DEBUG PhysicsWorld         - Physics world initialized: appHeight=470, physics.ppm=50.0
10:00:18.581 [JavaFX Application Thread] DEBUG Input                - Registered new binding: Pause - Esc
10:00:18.595 [JavaFX Application Thread] DEBUG Input                - Clearing active input actions
10:00:18.625 [JavaFX Application Thread] DEBUG AppStateMachine      - StartupState -> StartupState
10:00:18.628 [JavaFX Application Thread] INFO  GameApplication      - Game configuration took:  0.355 sec
10:00:18.630 [JavaFX Application Thread] DEBUG AssetLoader          - Loading from disk: /assets/textures/fxgl_icon.png
10:00:18.640 [JavaFX Application Thread] DEBUG MainWindow           - Opening main window
10:00:18.776 [JavaFX Application Thread] DEBUG MainWindow           - Window border size: (4.0, 26.666656494140625)
10:00:18.776 [JavaFX Application Thread] DEBUG MainWindow           - Scaled size: 800.0 x 470.0
10:00:18.776 [JavaFX Application Thread] DEBUG MainWindow           - Scaled ratio: (1.0, 1.0)
10:00:18.777 [JavaFX Application Thread] DEBUG MainWindow           - Scene size: 800.0 x 470.0
10:00:18.777 [JavaFX Application Thread] DEBUG MainWindow           - Stage size: 804.0 x 496.6666564941406
10:00:18.777 [JavaFX Application Thread] DEBUG GameApplication      - Running preInit()
10:00:18.778 [JavaFX Application Thread] DEBUG Input                - Registered new binding: Screenshot - P
10:00:18.779 [JavaFX Application Thread] DEBUG Input                - Registered new binding: Dev Options - CTRL+0
10:00:18.779 [JavaFX Application Thread] DEBUG Input                - Registered new binding: System info dump - CTRL+9
10:00:18.779 [JavaFX Application Thread] DEBUG Input                - Registered new binding: Restart - CTRL+R
10:00:18.779 [JavaFX Application Thread] DEBUG Input                - Registered new binding: up - W
10:00:18.779 [JavaFX Application Thread] DEBUG Input                - Registered new binding: down - S
10:00:18.780 [JavaFX Application Thread] DEBUG Input                - Registered new binding: left - A
10:00:18.780 [JavaFX Application Thread] DEBUG Input                - Registered new binding: right - D
10:00:18.780 [JavaFX Application Thread] DEBUG Input                - Registered new binding: testd - Space
10:00:18.807 [JavaFX Application Thread] DEBUG GameApplication      - Starting main loop
10:00:18.809 [JavaFX Application Thread] DEBUG StartupState         - STARTUP
10:00:18.809 [JavaFX Application Thread] DEBUG GameApplication      - Starting new game
10:00:18.809 [JavaFX Application Thread] DEBUG Input                - Clearing active input actions
10:00:18.815 [JavaFX Application Thread] DEBUG AppStateMachine      - StartupState -> LoadingState
10:00:18.819 [FXGL Background Thread 1 ] DEBUG InitAppTask          - Clearing previous game
10:00:18.819 [FXGL Background Thread 1 ] DEBUG GameWorld            - Clearing game world
10:00:18.819 [FXGL Background Thread 1 ] DEBUG PhysicsWorld         - Clearing physics world
10:00:18.819 [FXGL Background Thread 1 ] DEBUG GameScene            - Clearing game scene
10:00:18.820 [FXGL Background Thread 1 ] DEBUG InitAppTask          - Initializing Game
10:00:18.842 [FXGL Background Thread 1 ] DEBUG AssetLoader          - Loading from disk: /assets/textures/Frogger/splatting_frog.png
10:00:18.878 [FXGL Background Thread 1 ] DEBUG AssetLoader          - Loading from disk: /assets/textures/Frogger/frog_idle.png
10:00:18.890 [FXGL Background Thread 1 ] DEBUG GameScene            - Creating render group for layer: TOP(2147483647)
10:00:18.893 [FXGL Background Thread 1 ] DEBUG AssetLoader          - Loading from disk: /assets/textures/Frogger/half_log.png
10:00:18.897 [FXGL Background Thread 1 ] DEBUG GameScene            - Creating render group for layer: DEFAULT(100000)
10:00:18.898 [FXGL Background Thread 1 ] DEBUG AssetLoader          - Loading from cache: /assets/textures/Frogger/half_log.png
10:00:18.899 [FXGL Background Thread 1 ] DEBUG AssetLoader          - Loading from cache: /assets/textures/Frogger/half_log.png
10:00:18.900 [FXGL Background Thread 1 ] DEBUG AssetLoader          - Loading from disk: /assets/textures/Frogger/rotating_log.png
10:00:18.902 [FXGL Background Thread 1 ] DEBUG InitAppTask          - Initializing Physics
10:00:18.903 [FXGL Background Thread 1 ] DEBUG InitAppTask          - Initializing UI
10:00:18.903 [FXGL Background Thread 1 ] DEBUG AssetLoader          - Loading from disk: /assets/textures/Frogger/background.jpg
10:00:18.911 [FXGL Background Thread 1 ] DEBUG InitAppTask          - Initialization Complete
10:00:18.911 [FXGL Background Thread 1 ] INFO  InitAppTask          - Game initialization took: 0.093 sec
10:00:18.914 [JavaFX Application Thread] DEBUG Input                - Clearing active input actions
10:00:18.919 [JavaFX Application Thread] DEBUG AppStateMachine      - LoadingState -> PlayState
10:00:19.266 [JavaFX Application Thread] DEBUG AssetLoader          - Loading from disk: /assets/textures/Frogger/sinking_frog.png
10:00:19.763 [JavaFX Application Thread] DEBUG AssetLoader          - Loading from cache: /assets/textures/Frogger/splatting_frog.png
10:00:19.763 [JavaFX Application Thread] DEBUG AssetLoader          - Loading from cache: /assets/textures/Frogger/frog_idle.png
10:00:19.794 [JavaFX Application Thread] DEBUG AssetLoader          - Loading from disk: /assets/textures/Frogger/red_car.png
10:00:19.796 [JavaFX Application Thread] DEBUG AssetLoader          - Loading from disk: /assets/textures/Frogger/green_car.png
10:00:20.708 [JavaFX Application Thread] DEBUG AssetLoader          - Loading from disk: /assets/textures/Frogger/blue_car.png
10:00:20.709 [JavaFX Application Thread] DEBUG AssetLoader          - Loading from cache: /assets/textures/Frogger/blue_car.png
10:00:21.634 [JavaFX Application Thread] DEBUG AssetLoader          - Loading from cache: /assets/textures/Frogger/blue_car.png
10:00:21.636 [JavaFX Application Thread] DEBUG AssetLoader          - Loading from disk: /assets/textures/Frogger/orange_car.png
10:00:21.837 [JavaFX Application Thread] DEBUG GameApplication      - Exiting game application
10:00:21.838 [JavaFX Application Thread] DEBUG GameApplication      - Shutting down background threads
10:00:21.838 [JavaFX Application Thread] DEBUG GameApplication      - Exiting FXGL
10:00:21.838 [JavaFX Application Thread] DEBUG FXGL                 - Saving FXGL system data
10:00:21.840 [JavaFX Application Thread] DEBUG DesktopFSService     - Writing to: system\fxgl.bundle
10:00:21.844 [JavaFX Application Thread] DEBUG GameApplication      - Closing logger and exiting JavaFX
