18:58:01.536 [JavaFX Application Thread] DEBUG GameApplication      - Logger initialized
18:58:01.542 [JavaFX Application Thread] DEBUG MainWindow           - Creating a JavaFX scene
18:58:01.622 [JavaFX Application Thread] DEBUG MainWindow           - Target settings size: 800.0 x 470.0
18:58:01.622 [JavaFX Application Thread] DEBUG MainWindow           - Scaled scene size:    800.0 x 470.0
18:58:01.622 [JavaFX Application Thread] DEBUG MainWindow           - Scaled ratio: (1.0, 1.0)
18:58:01.627 [JavaFX Application Thread] DEBUG GameApplication      - Starting FXGL
18:58:01.637 [JavaFX Application Thread] INFO  FXGL                 - FXGL-0.5.1 on DESKTOP
18:58:01.637 [JavaFX Application Thread] INFO  FXGL                 - Source code and latest versions at: https://github.com/AlmasB/FXGL
18:58:01.637 [JavaFX Application Thread] INFO  FXGL                 -              Join the FXGL chat at: https://gitter.im/AlmasB/FXGL
18:58:01.643 [JavaFX Application Thread] DEBUG FS                   - Loaded DesktopFSService
18:58:01.644 [JavaFX Application Thread] DEBUG FXGL                 - Loading FXGL system data
18:58:01.651 [JavaFX Application Thread] DEBUG DesktopFSService     - Reading from: system\fxgl.bundle
18:58:01.658 [JavaFX Application Thread] DEBUG Bundle               - Logging bundle: FXGL
18:58:01.658 [JavaFX Application Thread] DEBUG Bundle               - FXGL.offline.timer.version.check=2018-05-16T18:22:51.838
18:58:01.681 [JavaFX Application Thread] DEBUG GameApplication      - FXGL started
18:58:01.681 [JavaFX Application Thread] DEBUG GameApplication      - Logging game settings
Title: Frogger
Version: 0.2.0
Width: 800
Height: 470
Fullscreen: false
Intro: false
Menus: false
Profiling: false
Single step:false
App Mode: DEVELOPER
Menu Key: ESCAPE
Stage Style: DECORATED
Scene Factory: class com.almasb.fxgl.scene.SceneFactory
Dialog Factory: class com.almasb.fxgl.ui.FXGLDialogFactory
UI Factory: class com.almasb.fxgl.ui.FXGLUIFactory
Notification Service: class com.almasb.fxgl.gameplay.notification.XboxNotificationView
Exception Handler: class com.almasb.fxgl.app.FXGLExceptionHandler
18:58:01.682 [JavaFX Application Thread] DEBUG GameApplication      - Configuring GameApplication
18:58:01.682 [JavaFX Application Thread] DEBUG GameApplication      - Initializing state machine and application states
18:58:01.692 [JavaFX Application Thread] DEBUG AssetLoader          - Loading from disk: /assets/ui/cursors/fxgl_default.png
18:58:01.708 [JavaFX Application Thread] DEBUG AssetLoader          - Loading from disk: /assets/ui/cursors/fxgl_default.png
18:58:01.725 [JavaFX Application Thread] DEBUG FXGLAssets           - Loading FXGLAssets
18:58:01.749 [JavaFX Application Thread] DEBUG AssetLoader          - Loading from disk: /assets/ui/fonts/VarelaRound-Regular.ttf
18:58:01.877 [JavaFX Application Thread] DEBUG AssetLoader          - Loading from disk: /assets/ui/fonts/lucida_console.ttf
18:58:01.885 [JavaFX Application Thread] DEBUG AssetLoader          - Loading from disk: /assets/ui/css/fxgl_dark.css
18:58:01.909 [JavaFX Application Thread] DEBUG AssetLoader          - Loading from disk: /assets/ui/cursors/fxgl_default.png
18:58:01.934 [JavaFX Application Thread] DEBUG AssetLoader          - Loading from disk: /assets/ui/cursors/fxgl_default.png
18:58:01.947 [JavaFX Application Thread] DEBUG GameScene            - Game scene initialized: 800x470
18:58:01.950 [JavaFX Application Thread] DEBUG GameWorld            - Game world initialized
18:58:01.986 [JavaFX Application Thread] DEBUG PhysicsWorld         - Physics world initialized: appHeight=470, physics.ppm=50.0
18:58:02.001 [JavaFX Application Thread] DEBUG Input                - Registered new binding: Pause - Esc
18:58:02.015 [JavaFX Application Thread] DEBUG Input                - Clearing active input actions
18:58:02.048 [JavaFX Application Thread] DEBUG AppStateMachine      - StartupState -> StartupState
18:58:02.053 [JavaFX Application Thread] INFO  GameApplication      - Game configuration took:  0.371 sec
18:58:02.055 [JavaFX Application Thread] DEBUG AssetLoader          - Loading from disk: /assets/textures/fxgl_icon.png
18:58:02.065 [JavaFX Application Thread] DEBUG MainWindow           - Opening main window
18:58:02.194 [JavaFX Application Thread] DEBUG MainWindow           - Window border size: (4.0, 26.666656494140625)
18:58:02.194 [JavaFX Application Thread] DEBUG MainWindow           - Scaled size: 800.0 x 470.0
18:58:02.194 [JavaFX Application Thread] DEBUG MainWindow           - Scaled ratio: (1.0, 1.0)
18:58:02.195 [JavaFX Application Thread] DEBUG MainWindow           - Scene size: 800.0 x 470.0
18:58:02.195 [JavaFX Application Thread] DEBUG MainWindow           - Stage size: 804.0 x 496.6666564941406
18:58:02.195 [JavaFX Application Thread] DEBUG GameApplication      - Running preInit()
18:58:02.196 [JavaFX Application Thread] DEBUG Input                - Registered new binding: Screenshot - P
18:58:02.197 [JavaFX Application Thread] DEBUG Input                - Registered new binding: Dev Options - CTRL+0
18:58:02.197 [JavaFX Application Thread] DEBUG Input                - Registered new binding: System info dump - CTRL+9
18:58:02.198 [JavaFX Application Thread] DEBUG Input                - Registered new binding: Restart - CTRL+R
18:58:02.198 [JavaFX Application Thread] DEBUG Input                - Registered new binding: up - W
18:58:02.198 [JavaFX Application Thread] DEBUG Input                - Registered new binding: down - S
18:58:02.198 [JavaFX Application Thread] DEBUG Input                - Registered new binding: left - A
18:58:02.198 [JavaFX Application Thread] DEBUG Input                - Registered new binding: right - D
18:58:02.228 [JavaFX Application Thread] DEBUG GameApplication      - Starting main loop
18:58:02.229 [JavaFX Application Thread] DEBUG StartupState         - STARTUP
18:58:02.229 [JavaFX Application Thread] DEBUG GameApplication      - Starting new game
18:58:02.229 [JavaFX Application Thread] DEBUG Input                - Clearing active input actions
18:58:02.235 [JavaFX Application Thread] DEBUG AppStateMachine      - StartupState -> LoadingState
18:58:02.241 [FXGL Background Thread 1 ] DEBUG InitAppTask          - Clearing previous game
18:58:02.241 [FXGL Background Thread 1 ] DEBUG GameWorld            - Clearing game world
18:58:02.241 [FXGL Background Thread 1 ] DEBUG PhysicsWorld         - Clearing physics world
18:58:02.241 [FXGL Background Thread 1 ] DEBUG GameScene            - Clearing game scene
18:58:02.243 [FXGL Background Thread 1 ] DEBUG InitAppTask          - Initializing Game
18:58:02.288 [FXGL Background Thread 1 ] DEBUG AssetLoader          - Loading from disk: /assets/textures/Frogger/frog_idle.png
18:58:02.297 [FXGL Background Thread 1 ] DEBUG GameScene            - Creating render group for layer: DEFAULT(100000)
18:58:02.299 [FXGL Background Thread 1 ] DEBUG AssetLoader          - Loading from disk: /assets/textures/Frogger/half_log.png
18:58:02.306 [FXGL Background Thread 1 ] DEBUG AssetLoader          - Loading from cache: /assets/textures/Frogger/half_log.png
18:58:02.308 [FXGL Background Thread 1 ] DEBUG InitAppTask          - Initializing Physics
18:58:02.309 [FXGL Background Thread 1 ] DEBUG InitAppTask          - Initializing UI
18:58:02.309 [FXGL Background Thread 1 ] DEBUG AssetLoader          - Loading from disk: /assets/textures/Frogger/background.jpg
18:58:02.317 [FXGL Background Thread 1 ] DEBUG InitAppTask          - Initialization Complete
18:58:02.317 [FXGL Background Thread 1 ] INFO  InitAppTask          - Game initialization took: 0.076 sec
18:58:02.324 [JavaFX Application Thread] DEBUG Input                - Clearing active input actions
18:58:02.330 [JavaFX Application Thread] DEBUG AppStateMachine      - LoadingState -> PlayState
18:58:03.019 [JavaFX Application Thread] DEBUG AssetLoader          - Loading from disk: /assets/textures/Frogger/blue_car.png
18:58:03.021 [JavaFX Application Thread] DEBUG AssetLoader          - Loading from disk: /assets/textures/Frogger/purple_car.png
18:58:03.739 [JavaFX Application Thread] DEBUG AssetLoader          - Loading from cache: /assets/textures/Frogger/purple_car.png
18:58:03.740 [JavaFX Application Thread] DEBUG AssetLoader          - Loading from disk: /assets/textures/Frogger/green_car.png
18:58:04.443 [JavaFX Application Thread] DEBUG AssetLoader          - Loading from cache: /assets/textures/Frogger/green_car.png
18:58:04.444 [JavaFX Application Thread] DEBUG AssetLoader          - Loading from disk: /assets/textures/Frogger/red_car.png
18:58:05.164 [JavaFX Application Thread] DEBUG AssetLoader          - Loading from cache: /assets/textures/Frogger/red_car.png
18:58:05.166 [JavaFX Application Thread] DEBUG AssetLoader          - Loading from cache: /assets/textures/Frogger/purple_car.png
18:58:05.168 [JavaFX Application Thread] DEBUG AssetLoader          - Loading from disk: /assets/textures/Frogger/full_log.png
18:58:05.172 [JavaFX Application Thread] DEBUG AssetLoader          - Loading from cache: /assets/textures/Frogger/half_log.png
18:58:05.881 [JavaFX Application Thread] DEBUG AssetLoader          - Loading from cache: /assets/textures/Frogger/blue_car.png
18:58:05.883 [JavaFX Application Thread] DEBUG AssetLoader          - Loading from disk: /assets/textures/Frogger/orange_car.png
18:58:06.601 [JavaFX Application Thread] DEBUG AssetLoader          - Loading from cache: /assets/textures/Frogger/red_car.png
18:58:06.602 [JavaFX Application Thread] DEBUG AssetLoader          - Loading from cache: /assets/textures/Frogger/red_car.png
18:58:07.305 [JavaFX Application Thread] DEBUG AssetLoader          - Loading from cache: /assets/textures/Frogger/green_car.png
18:58:07.307 [JavaFX Application Thread] DEBUG AssetLoader          - Loading from cache: /assets/textures/Frogger/green_car.png
18:58:08.026 [JavaFX Application Thread] DEBUG AssetLoader          - Loading from cache: /assets/textures/Frogger/blue_car.png
18:58:08.026 [JavaFX Application Thread] DEBUG AssetLoader          - Loading from cache: /assets/textures/Frogger/green_car.png
18:58:08.746 [JavaFX Application Thread] DEBUG AssetLoader          - Loading from cache: /assets/textures/Frogger/orange_car.png
18:58:08.747 [JavaFX Application Thread] DEBUG AssetLoader          - Loading from cache: /assets/textures/Frogger/orange_car.png
18:58:08.748 [JavaFX Application Thread] DEBUG AssetLoader          - Loading from cache: /assets/textures/Frogger/full_log.png
18:58:08.749 [JavaFX Application Thread] DEBUG AssetLoader          - Loading from cache: /assets/textures/Frogger/full_log.png
18:58:09.467 [JavaFX Application Thread] DEBUG AssetLoader          - Loading from cache: /assets/textures/Frogger/green_car.png
18:58:09.468 [JavaFX Application Thread] DEBUG AssetLoader          - Loading from cache: /assets/textures/Frogger/blue_car.png
18:58:10.186 [JavaFX Application Thread] DEBUG AssetLoader          - Loading from cache: /assets/textures/Frogger/blue_car.png
18:58:10.188 [JavaFX Application Thread] DEBUG AssetLoader          - Loading from cache: /assets/textures/Frogger/blue_car.png
18:58:10.874 [JavaFX Application Thread] DEBUG AssetLoader          - Loading from cache: /assets/textures/Frogger/orange_car.png
18:58:10.875 [JavaFX Application Thread] DEBUG AssetLoader          - Loading from cache: /assets/textures/Frogger/red_car.png
18:58:11.579 [JavaFX Application Thread] DEBUG AssetLoader          - Loading from cache: /assets/textures/Frogger/green_car.png
18:58:11.581 [JavaFX Application Thread] DEBUG AssetLoader          - Loading from cache: /assets/textures/Frogger/green_car.png
18:58:12.282 [JavaFX Application Thread] DEBUG AssetLoader          - Loading from cache: /assets/textures/Frogger/orange_car.png
18:58:12.284 [JavaFX Application Thread] DEBUG AssetLoader          - Loading from cache: /assets/textures/Frogger/green_car.png
18:58:12.286 [JavaFX Application Thread] DEBUG AssetLoader          - Loading from cache: /assets/textures/Frogger/half_log.png
18:58:12.287 [JavaFX Application Thread] DEBUG AssetLoader          - Loading from cache: /assets/textures/Frogger/half_log.png
18:58:12.970 [JavaFX Application Thread] DEBUG AssetLoader          - Loading from cache: /assets/textures/Frogger/blue_car.png
18:58:12.971 [JavaFX Application Thread] DEBUG AssetLoader          - Loading from cache: /assets/textures/Frogger/green_car.png
18:58:13.674 [JavaFX Application Thread] DEBUG AssetLoader          - Loading from cache: /assets/textures/Frogger/orange_car.png
18:58:13.675 [JavaFX Application Thread] DEBUG AssetLoader          - Loading from cache: /assets/textures/Frogger/blue_car.png
18:58:14.378 [JavaFX Application Thread] DEBUG AssetLoader          - Loading from cache: /assets/textures/Frogger/blue_car.png
18:58:14.378 [JavaFX Application Thread] DEBUG AssetLoader          - Loading from cache: /assets/textures/Frogger/blue_car.png
18:58:15.082 [JavaFX Application Thread] DEBUG AssetLoader          - Loading from cache: /assets/textures/Frogger/purple_car.png
18:58:15.084 [JavaFX Application Thread] DEBUG AssetLoader          - Loading from cache: /assets/textures/Frogger/blue_car.png
18:58:15.771 [JavaFX Application Thread] DEBUG AssetLoader          - Loading from cache: /assets/textures/Frogger/blue_car.png
18:58:15.773 [JavaFX Application Thread] DEBUG AssetLoader          - Loading from cache: /assets/textures/Frogger/purple_car.png
18:58:16.475 [JavaFX Application Thread] DEBUG AssetLoader          - Loading from cache: /assets/textures/Frogger/green_car.png
18:58:16.477 [JavaFX Application Thread] DEBUG AssetLoader          - Loading from cache: /assets/textures/Frogger/orange_car.png
18:58:17.179 [JavaFX Application Thread] DEBUG AssetLoader          - Loading from cache: /assets/textures/Frogger/orange_car.png
18:58:17.181 [JavaFX Application Thread] DEBUG AssetLoader          - Loading from cache: /assets/textures/Frogger/red_car.png
18:58:17.883 [JavaFX Application Thread] DEBUG AssetLoader          - Loading from cache: /assets/textures/Frogger/red_car.png
18:58:17.885 [JavaFX Application Thread] DEBUG AssetLoader          - Loading from cache: /assets/textures/Frogger/red_car.png
18:58:17.887 [JavaFX Application Thread] DEBUG AssetLoader          - Loading from cache: /assets/textures/Frogger/half_log.png
18:58:17.888 [JavaFX Application Thread] DEBUG AssetLoader          - Loading from cache: /assets/textures/Frogger/half_log.png
18:58:18.569 [JavaFX Application Thread] DEBUG AssetLoader          - Loading from cache: /assets/textures/Frogger/blue_car.png
18:58:18.570 [JavaFX Application Thread] DEBUG AssetLoader          - Loading from cache: /assets/textures/Frogger/green_car.png
18:58:18.897 [JavaFX Application Thread] DEBUG GameApplication      - Exiting game application
18:58:18.898 [JavaFX Application Thread] DEBUG GameApplication      - Shutting down background threads
18:58:18.898 [JavaFX Application Thread] DEBUG GameApplication      - Exiting FXGL
18:58:18.899 [JavaFX Application Thread] DEBUG FXGL                 - Saving FXGL system data
18:58:18.901 [JavaFX Application Thread] DEBUG DesktopFSService     - Writing to: system\fxgl.bundle
18:58:18.905 [JavaFX Application Thread] DEBUG GameApplication      - Closing logger and exiting JavaFX
