13:02:46.026 [JavaFX Application Thread] DEBUG GameApplication      - Logger initialized
13:02:46.032 [JavaFX Application Thread] DEBUG MainWindow           - Creating a JavaFX scene
13:02:46.103 [JavaFX Application Thread] DEBUG MainWindow           - Target settings size: 800.0 x 400.0
13:02:46.104 [JavaFX Application Thread] DEBUG MainWindow           - Scaled scene size:    800.0 x 400.0
13:02:46.104 [JavaFX Application Thread] DEBUG MainWindow           - Scaled ratio: (1.0, 1.0)
13:02:46.108 [JavaFX Application Thread] DEBUG GameApplication      - Starting FXGL
13:02:46.118 [JavaFX Application Thread] INFO  FXGL                 - FXGL-0.5.1 on DESKTOP
13:02:46.118 [JavaFX Application Thread] INFO  FXGL                 - Source code and latest versions at: https://github.com/AlmasB/FXGL
13:02:46.119 [JavaFX Application Thread] INFO  FXGL                 -              Join the FXGL chat at: https://gitter.im/AlmasB/FXGL
13:02:46.124 [JavaFX Application Thread] DEBUG FS                   - Loaded DesktopFSService
13:02:46.124 [JavaFX Application Thread] DEBUG FXGL                 - Loading FXGL system data
13:02:46.131 [JavaFX Application Thread] DEBUG DesktopFSService     - Reading from: system\fxgl.bundle
13:02:46.138 [JavaFX Application Thread] DEBUG Bundle               - Logging bundle: FXGL
13:02:46.139 [JavaFX Application Thread] DEBUG Bundle               - FXGL.offline.timer.version.check=2018-05-16T18:22:51.838
13:02:46.161 [JavaFX Application Thread] DEBUG GameApplication      - FXGL started
13:02:46.161 [JavaFX Application Thread] DEBUG GameApplication      - Logging game settings
Title: FlappyBird
Version: 0.2.0
Width: 800
Height: 400
Fullscreen: false
Intro: false
Menus: false
Profiling: false
Single step:false
App Mode: DEVELOPER
Menu Key: ESCAPE
Stage Style: DECORATED
Scene Factory: class com.almasb.fxgl.scene.SceneFactory
Dialog Factory: class com.almasb.fxgl.ui.FXGLDialogFactory
UI Factory: class com.almasb.fxgl.ui.FXGLUIFactory
Notification Service: class com.almasb.fxgl.gameplay.notification.XboxNotificationView
Exception Handler: class com.almasb.fxgl.app.FXGLExceptionHandler
13:02:46.162 [JavaFX Application Thread] DEBUG GameApplication      - Configuring GameApplication
13:02:46.162 [JavaFX Application Thread] DEBUG GameApplication      - Initializing state machine and application states
13:02:46.173 [JavaFX Application Thread] DEBUG AssetLoader          - Loading from disk: /assets/ui/cursors/fxgl_default.png
13:02:46.191 [JavaFX Application Thread] DEBUG AssetLoader          - Loading from disk: /assets/ui/cursors/fxgl_default.png
13:02:46.208 [JavaFX Application Thread] DEBUG FXGLAssets           - Loading FXGLAssets
13:02:46.234 [JavaFX Application Thread] DEBUG AssetLoader          - Loading from disk: /assets/ui/fonts/VarelaRound-Regular.ttf
13:02:46.362 [JavaFX Application Thread] DEBUG AssetLoader          - Loading from disk: /assets/ui/fonts/lucida_console.ttf
13:02:46.370 [JavaFX Application Thread] DEBUG AssetLoader          - Loading from disk: /assets/ui/css/fxgl_dark.css
13:02:46.394 [JavaFX Application Thread] DEBUG AssetLoader          - Loading from disk: /assets/ui/cursors/fxgl_default.png
13:02:46.418 [JavaFX Application Thread] DEBUG AssetLoader          - Loading from disk: /assets/ui/cursors/fxgl_default.png
13:02:46.431 [JavaFX Application Thread] DEBUG GameScene            - Game scene initialized: 800x400
13:02:46.434 [JavaFX Application Thread] DEBUG GameWorld            - Game world initialized
13:02:46.472 [JavaFX Application Thread] DEBUG PhysicsWorld         - Physics world initialized: appHeight=400, physics.ppm=50.0
13:02:46.486 [JavaFX Application Thread] DEBUG Input                - Registered new binding: Pause - Esc
13:02:46.503 [JavaFX Application Thread] DEBUG Input                - Clearing active input actions
13:02:46.535 [JavaFX Application Thread] DEBUG AppStateMachine      - StartupState -> StartupState
13:02:46.538 [JavaFX Application Thread] INFO  GameApplication      - Game configuration took:  0.376 sec
13:02:46.540 [JavaFX Application Thread] DEBUG AssetLoader          - Loading from disk: /assets/textures/fxgl_icon.png
13:02:46.554 [JavaFX Application Thread] DEBUG MainWindow           - Opening main window
13:02:46.627 [JavaFX Application Thread] DEBUG MainWindow           - Window border size: (14.66668701171875, 37.333343505859375)
13:02:46.627 [JavaFX Application Thread] DEBUG MainWindow           - Scaled size: 800.0 x 400.0
13:02:46.627 [JavaFX Application Thread] DEBUG MainWindow           - Scaled ratio: (1.0, 1.0)
13:02:46.627 [JavaFX Application Thread] DEBUG MainWindow           - Scene size: 800.0 x 400.0
13:02:46.628 [JavaFX Application Thread] DEBUG MainWindow           - Stage size: 814.6666870117188 x 437.3333435058594
13:02:46.628 [JavaFX Application Thread] DEBUG GameApplication      - Running preInit()
13:02:46.629 [JavaFX Application Thread] DEBUG Input                - Registered new binding: Screenshot - P
13:02:46.630 [JavaFX Application Thread] DEBUG Input                - Registered new binding: Dev Options - CTRL+0
13:02:46.630 [JavaFX Application Thread] DEBUG Input                - Registered new binding: System info dump - CTRL+9
13:02:46.630 [JavaFX Application Thread] DEBUG Input                - Registered new binding: Restart - CTRL+R
13:02:46.630 [JavaFX Application Thread] DEBUG Input                - Registered new binding: flap - Space
13:02:46.658 [JavaFX Application Thread] DEBUG GameApplication      - Starting main loop
13:02:46.666 [JavaFX Application Thread] DEBUG StartupState         - STARTUP
13:02:46.666 [JavaFX Application Thread] DEBUG GameApplication      - Starting new game
13:02:46.667 [JavaFX Application Thread] DEBUG Input                - Clearing active input actions
13:02:46.674 [JavaFX Application Thread] DEBUG AppStateMachine      - StartupState -> LoadingState
13:02:46.678 [FXGL Background Thread 1 ] DEBUG InitAppTask          - Clearing previous game
13:02:46.678 [FXGL Background Thread 1 ] DEBUG GameWorld            - Clearing game world
13:02:46.678 [FXGL Background Thread 1 ] DEBUG PhysicsWorld         - Clearing physics world
13:02:46.678 [FXGL Background Thread 1 ] DEBUG GameScene            - Clearing game scene
13:02:46.680 [FXGL Background Thread 1 ] DEBUG InitAppTask          - Initializing Game
13:02:46.699 [FXGL Background Thread 1 ] DEBUG AssetLoader          - Loading from disk: /assets/textures/FlappyPort/flappybird_fly_sheet.png
13:02:46.767 [FXGL Background Thread 1 ] DEBUG GameScene            - Creating render group for layer: DEFAULT(100000)
13:02:46.771 [FXGL Background Thread 1 ] DEBUG AssetLoader          - Loading from disk: /assets/textures/FlappyPort/ground.png
13:02:46.776 [FXGL Background Thread 1 ] DEBUG GameScene            - Creating render group for layer: TOP(2147483647)
13:02:46.777 [FXGL Background Thread 1 ] DEBUG AssetLoader          - Loading from cache: /assets/textures/FlappyPort/ground.png
13:02:46.778 [FXGL Background Thread 1 ] DEBUG InitAppTask          - Initializing Physics
13:02:46.779 [FXGL Background Thread 1 ] DEBUG InitAppTask          - Initializing UI
13:02:46.779 [FXGL Background Thread 1 ] DEBUG AssetLoader          - Loading from disk: /assets/textures/FlappyPort/background.png
13:02:46.796 [FXGL Background Thread 1 ] DEBUG InitAppTask          - Initialization Complete
13:02:46.796 [FXGL Background Thread 1 ] INFO  InitAppTask          - Game initialization took: 0.118 sec
13:02:46.800 [JavaFX Application Thread] DEBUG Input                - Clearing active input actions
13:02:46.806 [JavaFX Application Thread] DEBUG AppStateMachine      - LoadingState -> PlayState
13:02:47.309 [JavaFX Application Thread] DEBUG Input                - Mocking key release: Space
13:02:47.582 [JavaFX Application Thread] DEBUG Input                - Mocking key release: Space
13:02:47.737 [JavaFX Application Thread] DEBUG Input                - Mocking key release: Space
13:02:47.793 [JavaFX Application Thread] DEBUG AssetLoader          - Loading from disk: /assets/textures/FlappyPort/top_pipe.png
13:02:47.795 [JavaFX Application Thread] DEBUG AssetLoader          - Loading from disk: /assets/textures/FlappyPort/bottom_pipe.png
13:02:47.797 [JavaFX Application Thread] DEBUG AssetLoader          - Loading from cache: /assets/textures/FlappyPort/ground.png
13:02:47.901 [JavaFX Application Thread] DEBUG Input                - Mocking key release: Space
13:02:48.608 [JavaFX Application Thread] DEBUG AssetLoader          - Loading from cache: /assets/textures/FlappyPort/top_pipe.png
13:02:48.609 [JavaFX Application Thread] DEBUG AssetLoader          - Loading from cache: /assets/textures/FlappyPort/bottom_pipe.png
13:02:48.610 [JavaFX Application Thread] DEBUG AssetLoader          - Loading from cache: /assets/textures/FlappyPort/ground.png
13:02:48.640 [JavaFX Application Thread] DEBUG AssetLoader          - Loading from disk: /assets/textures/FlappyPort/game_over.png
13:02:48.642 [JavaFX Application Thread] DEBUG GameScene            - Creating render group for layer: BACKGROUND(1000)
13:03:02.761 [JavaFX Application Thread] DEBUG GameApplication      - Exiting game application
13:03:02.761 [JavaFX Application Thread] DEBUG GameApplication      - Shutting down background threads
13:03:02.762 [JavaFX Application Thread] DEBUG GameApplication      - Exiting FXGL
13:03:02.762 [JavaFX Application Thread] DEBUG FXGL                 - Saving FXGL system data
13:03:02.764 [JavaFX Application Thread] DEBUG DesktopFSService     - Writing to: system\fxgl.bundle
13:03:02.768 [JavaFX Application Thread] DEBUG GameApplication      - Closing logger and exiting JavaFX
