11:50:10.630 [JavaFX Application Thread] DEBUG GameApplication      - Logger initialized
11:50:10.636 [JavaFX Application Thread] DEBUG MainWindow           - Creating a JavaFX scene
11:50:10.705 [JavaFX Application Thread] DEBUG MainWindow           - Target settings size: 700.0 x 490.0
11:50:10.705 [JavaFX Application Thread] DEBUG MainWindow           - Scaled scene size:    700.0 x 490.0
11:50:10.705 [JavaFX Application Thread] DEBUG MainWindow           - Scaled ratio: (1.0, 1.0)
11:50:10.710 [JavaFX Application Thread] DEBUG GameApplication      - Starting FXGL
11:50:10.721 [JavaFX Application Thread] INFO  FXGL                 - FXGL-0.5.1 on DESKTOP
11:50:10.721 [JavaFX Application Thread] INFO  FXGL                 - Source code and latest versions at: https://github.com/AlmasB/FXGL
11:50:10.721 [JavaFX Application Thread] INFO  FXGL                 -              Join the FXGL chat at: https://gitter.im/AlmasB/FXGL
11:50:10.727 [JavaFX Application Thread] DEBUG FS                   - Loaded DesktopFSService
11:50:10.727 [JavaFX Application Thread] DEBUG FXGL                 - Loading FXGL system data
11:50:10.735 [JavaFX Application Thread] DEBUG DesktopFSService     - Reading from: system\fxgl.bundle
11:50:10.743 [JavaFX Application Thread] DEBUG Bundle               - Logging bundle: FXGL
11:50:10.744 [JavaFX Application Thread] DEBUG Bundle               - FXGL.offline.timer.version.check=2018-05-24T09:09:49.283
11:50:10.767 [JavaFX Application Thread] DEBUG GameApplication      - FXGL started
11:50:10.767 [JavaFX Application Thread] DEBUG GameApplication      - Logging game settings
Title: Platformer
Version: 
Width: 700
Height: 490
Fullscreen: false
Intro: false
Menus: false
Profiling: false
Single step:false
App Mode: DEVELOPER
Menu Key: ESCAPE
Stage Style: DECORATED
Scene Factory: class com.almasb.fxgl.scene.SceneFactory
Dialog Factory: class com.almasb.fxgl.ui.FXGLDialogFactory
UI Factory: class com.almasb.fxgl.ui.FXGLUIFactory
Notification Service: class com.almasb.fxgl.gameplay.notification.XboxNotificationView
Exception Handler: class com.almasb.fxgl.app.FXGLExceptionHandler
11:50:10.768 [JavaFX Application Thread] DEBUG GameApplication      - Configuring GameApplication
11:50:10.768 [JavaFX Application Thread] DEBUG GameApplication      - Initializing state machine and application states
11:50:10.779 [JavaFX Application Thread] DEBUG AssetLoader          - Loading from disk: /assets/ui/cursors/fxgl_default.png
11:50:10.797 [JavaFX Application Thread] DEBUG AssetLoader          - Loading from disk: /assets/ui/cursors/fxgl_default.png
11:50:10.814 [JavaFX Application Thread] DEBUG FXGLAssets           - Loading FXGLAssets
11:50:10.839 [JavaFX Application Thread] DEBUG AssetLoader          - Loading from disk: /assets/ui/fonts/VarelaRound-Regular.ttf
11:50:10.961 [JavaFX Application Thread] DEBUG AssetLoader          - Loading from disk: /assets/ui/fonts/lucida_console.ttf
11:50:10.970 [JavaFX Application Thread] DEBUG AssetLoader          - Loading from disk: /assets/ui/css/fxgl_dark.css
11:50:10.992 [JavaFX Application Thread] DEBUG AssetLoader          - Loading from disk: /assets/ui/cursors/fxgl_default.png
11:50:11.017 [JavaFX Application Thread] DEBUG AssetLoader          - Loading from disk: /assets/ui/cursors/fxgl_default.png
11:50:11.029 [JavaFX Application Thread] DEBUG GameScene            - Game scene initialized: 700x490
11:50:11.031 [JavaFX Application Thread] DEBUG GameWorld            - Game world initialized
11:50:11.068 [JavaFX Application Thread] DEBUG PhysicsWorld         - Physics world initialized: appHeight=490, physics.ppm=50.0
11:50:11.083 [JavaFX Application Thread] DEBUG Input                - Registered new binding: Pause - Esc
11:50:11.097 [JavaFX Application Thread] DEBUG Input                - Clearing active input actions
11:50:11.130 [JavaFX Application Thread] DEBUG AppStateMachine      - StartupState -> StartupState
11:50:11.133 [JavaFX Application Thread] INFO  GameApplication      - Game configuration took:  0.365 sec
11:50:11.134 [JavaFX Application Thread] DEBUG AssetLoader          - Loading from disk: /assets/textures/fxgl_icon.png
11:50:11.145 [JavaFX Application Thread] DEBUG MainWindow           - Opening main window
11:50:11.273 [JavaFX Application Thread] DEBUG MainWindow           - Window border size: (4.0, 26.66668701171875)
11:50:11.273 [JavaFX Application Thread] DEBUG MainWindow           - Scaled size: 700.0 x 490.0
11:50:11.273 [JavaFX Application Thread] DEBUG MainWindow           - Scaled ratio: (1.0, 1.0)
11:50:11.273 [JavaFX Application Thread] DEBUG MainWindow           - Scene size: 700.0 x 490.0
11:50:11.273 [JavaFX Application Thread] DEBUG MainWindow           - Stage size: 704.0 x 516.6666870117188
11:50:11.274 [JavaFX Application Thread] DEBUG GameApplication      - Running preInit()
11:50:11.275 [JavaFX Application Thread] DEBUG Input                - Registered new binding: Screenshot - P
11:50:11.275 [JavaFX Application Thread] DEBUG Input                - Registered new binding: Dev Options - CTRL+0
11:50:11.276 [JavaFX Application Thread] DEBUG Input                - Registered new binding: System info dump - CTRL+9
11:50:11.276 [JavaFX Application Thread] DEBUG Input                - Registered new binding: Restart - CTRL+R
11:50:11.279 [JavaFX Application Thread] DEBUG AssetLoader          - Loading from disk: /assets/textures/Platformer/run_sheet.png
11:50:11.309 [JavaFX Application Thread] DEBUG AssetLoader          - Loading from disk: /assets/textures/Platformer/stand_sheet.png
11:50:11.315 [JavaFX Application Thread] DEBUG Input                - Registered new binding: run_right - Right
11:50:11.315 [JavaFX Application Thread] DEBUG Input                - Registered new binding: run_left - Left
11:50:11.315 [JavaFX Application Thread] DEBUG Input                - Registered new binding: jump - Up
11:50:11.343 [JavaFX Application Thread] DEBUG GameApplication      - Starting main loop
11:50:11.344 [JavaFX Application Thread] DEBUG StartupState         - STARTUP
11:50:11.344 [JavaFX Application Thread] DEBUG GameApplication      - Starting new game
11:50:11.344 [JavaFX Application Thread] DEBUG Input                - Clearing active input actions
11:50:11.350 [JavaFX Application Thread] DEBUG AppStateMachine      - StartupState -> LoadingState
11:50:11.355 [FXGL Background Thread 1 ] DEBUG InitAppTask          - Clearing previous game
11:50:11.355 [FXGL Background Thread 1 ] DEBUG GameWorld            - Clearing game world
11:50:11.355 [FXGL Background Thread 1 ] DEBUG PhysicsWorld         - Clearing physics world
11:50:11.356 [FXGL Background Thread 1 ] DEBUG GameScene            - Clearing game scene
11:50:11.356 [FXGL Background Thread 1 ] DEBUG InitAppTask          - Initializing Game
11:50:11.373 [FXGL Background Thread 1 ] DEBUG AssetLoader          - Loading from disk: /assets/tmx/platformer_map_1.tmx
11:50:11.391 [FXGL Background Thread 1 ] WARN  TMXParser            - TiledMap generated from 1.1.5. Supported version: 1.1.2. Some features may not be parsed fully.
11:50:11.412 [FXGL Background Thread 1 ] DEBUG GameWorld            - Clearing removable entities
11:50:11.412 [FXGL Background Thread 1 ] DEBUG GameWorld            - Setting level from map
11:50:11.433 [FXGL Background Thread 1 ] DEBUG AssetLoader          - Loading from disk: /assets/textures/map_tiles.png
11:50:11.446 [FXGL Background Thread 1 ] DEBUG AssetLoader          - Loading from cache: /assets/textures/map_tiles.png
11:50:11.446 [FXGL Background Thread 1 ] DEBUG AssetLoader          - Loading from cache: /assets/textures/map_tiles.png
11:50:11.447 [FXGL Background Thread 1 ] DEBUG AssetLoader          - Loading from cache: /assets/textures/map_tiles.png
11:50:11.447 [FXGL Background Thread 1 ] DEBUG AssetLoader          - Loading from cache: /assets/textures/map_tiles.png
11:50:11.447 [FXGL Background Thread 1 ] DEBUG AssetLoader          - Loading from cache: /assets/textures/map_tiles.png
11:50:11.447 [FXGL Background Thread 1 ] DEBUG AssetLoader          - Loading from cache: /assets/textures/map_tiles.png
11:50:11.447 [FXGL Background Thread 1 ] DEBUG AssetLoader          - Loading from cache: /assets/textures/map_tiles.png
11:50:11.447 [FXGL Background Thread 1 ] DEBUG AssetLoader          - Loading from cache: /assets/textures/map_tiles.png
11:50:11.447 [FXGL Background Thread 1 ] DEBUG AssetLoader          - Loading from cache: /assets/textures/map_tiles.png
11:50:11.447 [FXGL Background Thread 1 ] DEBUG AssetLoader          - Loading from cache: /assets/textures/map_tiles.png
11:50:11.448 [FXGL Background Thread 1 ] DEBUG AssetLoader          - Loading from cache: /assets/textures/map_tiles.png
11:50:11.448 [FXGL Background Thread 1 ] DEBUG AssetLoader          - Loading from cache: /assets/textures/map_tiles.png
11:50:11.448 [FXGL Background Thread 1 ] DEBUG AssetLoader          - Loading from cache: /assets/textures/map_tiles.png
11:50:11.448 [FXGL Background Thread 1 ] DEBUG AssetLoader          - Loading from cache: /assets/textures/map_tiles.png
11:50:11.448 [FXGL Background Thread 1 ] DEBUG AssetLoader          - Loading from cache: /assets/textures/map_tiles.png
11:50:11.448 [FXGL Background Thread 1 ] DEBUG AssetLoader          - Loading from cache: /assets/textures/map_tiles.png
11:50:11.448 [FXGL Background Thread 1 ] DEBUG AssetLoader          - Loading from cache: /assets/textures/map_tiles.png
11:50:11.448 [FXGL Background Thread 1 ] DEBUG AssetLoader          - Loading from cache: /assets/textures/map_tiles.png
11:50:11.448 [FXGL Background Thread 1 ] DEBUG AssetLoader          - Loading from cache: /assets/textures/map_tiles.png
11:50:11.449 [FXGL Background Thread 1 ] DEBUG AssetLoader          - Loading from cache: /assets/textures/map_tiles.png
11:50:11.449 [FXGL Background Thread 1 ] DEBUG AssetLoader          - Loading from cache: /assets/textures/map_tiles.png
11:50:11.449 [FXGL Background Thread 1 ] DEBUG AssetLoader          - Loading from cache: /assets/textures/map_tiles.png
11:50:11.449 [FXGL Background Thread 1 ] DEBUG AssetLoader          - Loading from cache: /assets/textures/map_tiles.png
11:50:11.449 [FXGL Background Thread 1 ] DEBUG AssetLoader          - Loading from cache: /assets/textures/map_tiles.png
11:50:11.449 [FXGL Background Thread 1 ] DEBUG AssetLoader          - Loading from cache: /assets/textures/map_tiles.png
11:50:11.449 [FXGL Background Thread 1 ] DEBUG AssetLoader          - Loading from cache: /assets/textures/map_tiles.png
11:50:11.449 [FXGL Background Thread 1 ] DEBUG AssetLoader          - Loading from cache: /assets/textures/map_tiles.png
11:50:11.449 [FXGL Background Thread 1 ] DEBUG AssetLoader          - Loading from cache: /assets/textures/map_tiles.png
11:50:11.450 [FXGL Background Thread 1 ] DEBUG AssetLoader          - Loading from cache: /assets/textures/map_tiles.png
11:50:11.450 [FXGL Background Thread 1 ] DEBUG AssetLoader          - Loading from cache: /assets/textures/map_tiles.png
11:50:11.450 [FXGL Background Thread 1 ] DEBUG AssetLoader          - Loading from cache: /assets/textures/map_tiles.png
11:50:11.450 [FXGL Background Thread 1 ] DEBUG AssetLoader          - Loading from cache: /assets/textures/map_tiles.png
11:50:11.450 [FXGL Background Thread 1 ] DEBUG AssetLoader          - Loading from cache: /assets/textures/map_tiles.png
11:50:11.450 [FXGL Background Thread 1 ] DEBUG AssetLoader          - Loading from cache: /assets/textures/map_tiles.png
11:50:11.450 [FXGL Background Thread 1 ] DEBUG AssetLoader          - Loading from cache: /assets/textures/map_tiles.png
11:50:11.450 [FXGL Background Thread 1 ] DEBUG AssetLoader          - Loading from cache: /assets/textures/map_tiles.png
11:50:11.450 [FXGL Background Thread 1 ] DEBUG AssetLoader          - Loading from cache: /assets/textures/map_tiles.png
11:50:11.451 [FXGL Background Thread 1 ] DEBUG AssetLoader          - Loading from cache: /assets/textures/map_tiles.png
11:50:11.451 [FXGL Background Thread 1 ] DEBUG AssetLoader          - Loading from cache: /assets/textures/map_tiles.png
11:50:11.451 [FXGL Background Thread 1 ] DEBUG AssetLoader          - Loading from cache: /assets/textures/map_tiles.png
11:50:11.451 [FXGL Background Thread 1 ] DEBUG AssetLoader          - Loading from cache: /assets/textures/map_tiles.png
11:50:11.451 [FXGL Background Thread 1 ] DEBUG AssetLoader          - Loading from cache: /assets/textures/map_tiles.png
11:50:11.451 [FXGL Background Thread 1 ] DEBUG AssetLoader          - Loading from cache: /assets/textures/map_tiles.png
11:50:11.451 [FXGL Background Thread 1 ] DEBUG AssetLoader          - Loading from cache: /assets/textures/map_tiles.png
11:50:11.451 [FXGL Background Thread 1 ] DEBUG AssetLoader          - Loading from cache: /assets/textures/map_tiles.png
11:50:11.452 [FXGL Background Thread 1 ] DEBUG AssetLoader          - Loading from cache: /assets/textures/map_tiles.png
11:50:11.452 [FXGL Background Thread 1 ] DEBUG AssetLoader          - Loading from cache: /assets/textures/map_tiles.png
11:50:11.452 [FXGL Background Thread 1 ] DEBUG AssetLoader          - Loading from cache: /assets/textures/map_tiles.png
11:50:11.452 [FXGL Background Thread 1 ] DEBUG AssetLoader          - Loading from cache: /assets/textures/map_tiles.png
11:50:11.452 [FXGL Background Thread 1 ] DEBUG AssetLoader          - Loading from cache: /assets/textures/map_tiles.png
11:50:11.452 [FXGL Background Thread 1 ] DEBUG AssetLoader          - Loading from cache: /assets/textures/map_tiles.png
11:50:11.452 [FXGL Background Thread 1 ] DEBUG AssetLoader          - Loading from cache: /assets/textures/map_tiles.png
11:50:11.452 [FXGL Background Thread 1 ] DEBUG AssetLoader          - Loading from cache: /assets/textures/map_tiles.png
11:50:11.452 [FXGL Background Thread 1 ] DEBUG AssetLoader          - Loading from cache: /assets/textures/map_tiles.png
11:50:11.452 [FXGL Background Thread 1 ] DEBUG AssetLoader          - Loading from cache: /assets/textures/map_tiles.png
11:50:11.453 [FXGL Background Thread 1 ] DEBUG AssetLoader          - Loading from cache: /assets/textures/map_tiles.png
11:50:11.453 [FXGL Background Thread 1 ] DEBUG AssetLoader          - Loading from cache: /assets/textures/map_tiles.png
11:50:11.453 [FXGL Background Thread 1 ] DEBUG AssetLoader          - Loading from cache: /assets/textures/map_tiles.png
11:50:11.453 [FXGL Background Thread 1 ] DEBUG AssetLoader          - Loading from cache: /assets/textures/map_tiles.png
11:50:11.453 [FXGL Background Thread 1 ] DEBUG AssetLoader          - Loading from cache: /assets/textures/map_tiles.png
11:50:11.454 [FXGL Background Thread 1 ] DEBUG AssetLoader          - Loading from cache: /assets/textures/map_tiles.png
11:50:11.454 [FXGL Background Thread 1 ] DEBUG AssetLoader          - Loading from cache: /assets/textures/map_tiles.png
11:50:11.456 [FXGL Background Thread 1 ] DEBUG GameScene            - Creating render group for layer: BACKGROUND(1000)
11:50:11.497 [FXGL Background Thread 1 ] DEBUG GameScene            - Creating render group for layer: DEFAULT(100000)
11:50:11.515 [FXGL Background Thread 1 ] DEBUG AssetLoader          - Loading from cache: /assets/textures/Platformer/stand_sheet.png
11:50:11.515 [FXGL Background Thread 1 ] DEBUG AssetLoader          - Loading from disk: /assets/textures/Platformer/jump-fall.png
11:50:11.519 [FXGL Background Thread 1 ] DEBUG AssetLoader          - Loading from disk: /assets/textures/Platformer/jump-up.png
11:50:11.524 [FXGL Background Thread 1 ] DEBUG InitAppTask          - Initializing Physics
11:50:11.524 [FXGL Background Thread 1 ] DEBUG InitAppTask          - Initializing UI
11:50:11.525 [FXGL Background Thread 1 ] DEBUG InitAppTask          - Initialization Complete
11:50:11.525 [FXGL Background Thread 1 ] INFO  InitAppTask          - Game initialization took: 0.170 sec
11:50:11.531 [JavaFX Application Thread] DEBUG Input                - Clearing active input actions
11:50:11.537 [JavaFX Application Thread] DEBUG AppStateMachine      - LoadingState -> PlayState
11:50:26.212 [JavaFX Application Thread] DEBUG GameApplication      - Exiting game application
11:50:26.213 [JavaFX Application Thread] DEBUG GameApplication      - Shutting down background threads
11:50:26.213 [JavaFX Application Thread] DEBUG GameApplication      - Exiting FXGL
11:50:26.213 [JavaFX Application Thread] DEBUG FXGL                 - Saving FXGL system data
11:50:26.215 [JavaFX Application Thread] DEBUG DesktopFSService     - Writing to: system\fxgl.bundle
11:50:26.219 [JavaFX Application Thread] DEBUG GameApplication      - Closing logger and exiting JavaFX
