11:09:01.871 [JavaFX Application Thread] DEBUG GameApplication      - Logger initialized
11:09:01.877 [JavaFX Application Thread] DEBUG MainWindow           - Creating a JavaFX scene
11:09:01.954 [JavaFX Application Thread] DEBUG MainWindow           - Target settings size: 800.0 x 470.0
11:09:01.955 [JavaFX Application Thread] DEBUG MainWindow           - Scaled scene size:    800.0 x 470.0
11:09:01.955 [JavaFX Application Thread] DEBUG MainWindow           - Scaled ratio: (1.0, 1.0)
11:09:01.960 [JavaFX Application Thread] DEBUG GameApplication      - Starting FXGL
11:09:01.969 [JavaFX Application Thread] INFO  FXGL                 - FXGL-0.5.1 on DESKTOP
11:09:01.970 [JavaFX Application Thread] INFO  FXGL                 - Source code and latest versions at: https://github.com/AlmasB/FXGL
11:09:01.970 [JavaFX Application Thread] INFO  FXGL                 -              Join the FXGL chat at: https://gitter.im/AlmasB/FXGL
11:09:01.975 [JavaFX Application Thread] DEBUG FS                   - Loaded DesktopFSService
11:09:01.976 [JavaFX Application Thread] DEBUG FXGL                 - Loading FXGL system data
11:09:01.982 [JavaFX Application Thread] DEBUG DesktopFSService     - Reading from: system\fxgl.bundle
11:09:01.990 [JavaFX Application Thread] DEBUG Bundle               - Logging bundle: FXGL
11:09:01.990 [JavaFX Application Thread] DEBUG Bundle               - FXGL.offline.timer.version.check=2018-05-16T18:22:51.838
11:09:02.012 [JavaFX Application Thread] DEBUG GameApplication      - FXGL started
11:09:02.012 [JavaFX Application Thread] DEBUG GameApplication      - Logging game settings
Title: Frogger
Version: 0.2.0
Width: 800
Height: 470
Fullscreen: false
Intro: false
Menus: false
Profiling: false
Single step:false
App Mode: DEVELOPER
Menu Key: ESCAPE
Stage Style: DECORATED
Scene Factory: class com.almasb.fxgl.scene.SceneFactory
Dialog Factory: class com.almasb.fxgl.ui.FXGLDialogFactory
UI Factory: class com.almasb.fxgl.ui.FXGLUIFactory
Notification Service: class com.almasb.fxgl.gameplay.notification.XboxNotificationView
Exception Handler: class com.almasb.fxgl.app.FXGLExceptionHandler
11:09:02.013 [JavaFX Application Thread] DEBUG GameApplication      - Configuring GameApplication
11:09:02.013 [JavaFX Application Thread] DEBUG GameApplication      - Initializing state machine and application states
11:09:02.023 [JavaFX Application Thread] DEBUG AssetLoader          - Loading from disk: /assets/ui/cursors/fxgl_default.png
11:09:02.041 [JavaFX Application Thread] DEBUG AssetLoader          - Loading from disk: /assets/ui/cursors/fxgl_default.png
11:09:02.059 [JavaFX Application Thread] DEBUG FXGLAssets           - Loading FXGLAssets
11:09:02.082 [JavaFX Application Thread] DEBUG AssetLoader          - Loading from disk: /assets/ui/fonts/VarelaRound-Regular.ttf
11:09:02.210 [JavaFX Application Thread] DEBUG AssetLoader          - Loading from disk: /assets/ui/fonts/lucida_console.ttf
11:09:02.219 [JavaFX Application Thread] DEBUG AssetLoader          - Loading from disk: /assets/ui/css/fxgl_dark.css
11:09:02.243 [JavaFX Application Thread] DEBUG AssetLoader          - Loading from disk: /assets/ui/cursors/fxgl_default.png
11:09:02.266 [JavaFX Application Thread] DEBUG AssetLoader          - Loading from disk: /assets/ui/cursors/fxgl_default.png
11:09:02.279 [JavaFX Application Thread] DEBUG GameScene            - Game scene initialized: 800x470
11:09:02.282 [JavaFX Application Thread] DEBUG GameWorld            - Game world initialized
11:09:02.319 [JavaFX Application Thread] DEBUG PhysicsWorld         - Physics world initialized: appHeight=470, physics.ppm=50.0
11:09:02.334 [JavaFX Application Thread] DEBUG Input                - Registered new binding: Pause - Esc
11:09:02.347 [JavaFX Application Thread] DEBUG Input                - Clearing active input actions
11:09:02.378 [JavaFX Application Thread] DEBUG AppStateMachine      - StartupState -> StartupState
11:09:02.382 [JavaFX Application Thread] INFO  GameApplication      - Game configuration took:  0.369 sec
11:09:02.384 [JavaFX Application Thread] DEBUG AssetLoader          - Loading from disk: /assets/textures/fxgl_icon.png
11:09:02.393 [JavaFX Application Thread] DEBUG MainWindow           - Opening main window
11:09:02.522 [JavaFX Application Thread] DEBUG MainWindow           - Window border size: (4.0, 26.666656494140625)
11:09:02.523 [JavaFX Application Thread] DEBUG MainWindow           - Scaled size: 800.0 x 470.0
11:09:02.523 [JavaFX Application Thread] DEBUG MainWindow           - Scaled ratio: (1.0, 1.0)
11:09:02.523 [JavaFX Application Thread] DEBUG MainWindow           - Scene size: 800.0 x 470.0
11:09:02.523 [JavaFX Application Thread] DEBUG MainWindow           - Stage size: 804.0 x 496.6666564941406
11:09:02.523 [JavaFX Application Thread] DEBUG GameApplication      - Running preInit()
11:09:02.525 [JavaFX Application Thread] DEBUG Input                - Registered new binding: Screenshot - P
11:09:02.525 [JavaFX Application Thread] DEBUG Input                - Registered new binding: Dev Options - CTRL+0
11:09:02.525 [JavaFX Application Thread] DEBUG Input                - Registered new binding: System info dump - CTRL+9
11:09:02.526 [JavaFX Application Thread] DEBUG Input                - Registered new binding: Restart - CTRL+R
11:09:02.526 [JavaFX Application Thread] DEBUG Input                - Registered new binding: up - W
11:09:02.526 [JavaFX Application Thread] DEBUG Input                - Registered new binding: down - S
11:09:02.526 [JavaFX Application Thread] DEBUG Input                - Registered new binding: left - A
11:09:02.526 [JavaFX Application Thread] DEBUG Input                - Registered new binding: right - D
11:09:02.526 [JavaFX Application Thread] DEBUG Input                - Registered new binding: test - Space
11:09:02.555 [JavaFX Application Thread] DEBUG GameApplication      - Starting main loop
11:09:02.556 [JavaFX Application Thread] DEBUG StartupState         - STARTUP
11:09:02.557 [JavaFX Application Thread] DEBUG GameApplication      - Starting new game
11:09:02.557 [JavaFX Application Thread] DEBUG Input                - Clearing active input actions
11:09:02.562 [JavaFX Application Thread] DEBUG AppStateMachine      - StartupState -> LoadingState
11:09:02.566 [FXGL Background Thread 1 ] DEBUG InitAppTask          - Clearing previous game
11:09:02.567 [FXGL Background Thread 1 ] DEBUG GameWorld            - Clearing game world
11:09:02.567 [FXGL Background Thread 1 ] DEBUG PhysicsWorld         - Clearing physics world
11:09:02.567 [FXGL Background Thread 1 ] DEBUG GameScene            - Clearing game scene
11:09:02.568 [FXGL Background Thread 1 ] DEBUG InitAppTask          - Initializing Game
11:09:02.611 [FXGL Background Thread 1 ] DEBUG AssetLoader          - Loading from disk: /assets/textures/Frogger/frog_idle.png
11:09:02.617 [FXGL Background Thread 1 ] DEBUG GameScene            - Creating render group for layer: DEFAULT(100000)
11:09:02.620 [FXGL Background Thread 1 ] DEBUG InitAppTask          - Initializing Physics
11:09:02.620 [FXGL Background Thread 1 ] DEBUG InitAppTask          - Initializing UI
11:09:02.621 [FXGL Background Thread 1 ] DEBUG AssetLoader          - Loading from disk: /assets/textures/Frogger/background.jpg
11:09:02.630 [FXGL Background Thread 1 ] DEBUG InitAppTask          - Initialization Complete
11:09:02.630 [FXGL Background Thread 1 ] INFO  InitAppTask          - Game initialization took: 0.064 sec
11:09:02.633 [JavaFX Application Thread] DEBUG Input                - Clearing active input actions
11:09:02.640 [JavaFX Application Thread] DEBUG AppStateMachine      - LoadingState -> PlayState
11:09:03.106 [JavaFX Application Thread] DEBUG Input                - Mocking key release: Space
11:09:03.107 [JavaFX Application Thread] DEBUG AssetLoader          - Loading from disk: /assets/textures/Frogger/sinking_frog.png
11:09:04.737 [JavaFX Application Thread] DEBUG GameApplication      - Exiting game application
11:09:04.738 [JavaFX Application Thread] DEBUG GameApplication      - Shutting down background threads
11:09:04.738 [JavaFX Application Thread] DEBUG GameApplication      - Exiting FXGL
11:09:04.739 [JavaFX Application Thread] DEBUG FXGL                 - Saving FXGL system data
11:09:04.745 [JavaFX Application Thread] DEBUG DesktopFSService     - Writing to: system\fxgl.bundle
11:09:04.748 [JavaFX Application Thread] DEBUG GameApplication      - Closing logger and exiting JavaFX
