12:18:44.618 [JavaFX Application Thread] DEBUG GameApplication      - Logger initialized
12:18:44.624 [JavaFX Application Thread] DEBUG MainWindow           - Creating a JavaFX scene
12:18:44.698 [JavaFX Application Thread] DEBUG MainWindow           - Target settings size: 800.0 x 600.0
12:18:44.698 [JavaFX Application Thread] DEBUG MainWindow           - Scaled scene size:    800.0 x 600.0
12:18:44.698 [JavaFX Application Thread] DEBUG MainWindow           - Scaled ratio: (1.0, 1.0)
12:18:44.703 [JavaFX Application Thread] DEBUG GameApplication      - Starting FXGL
12:18:44.712 [JavaFX Application Thread] INFO  FXGL                 - FXGL-0.5.1 on DESKTOP
12:18:44.713 [JavaFX Application Thread] INFO  FXGL                 - Source code and latest versions at: https://github.com/AlmasB/FXGL
12:18:44.713 [JavaFX Application Thread] INFO  FXGL                 -              Join the FXGL chat at: https://gitter.im/AlmasB/FXGL
12:18:44.718 [JavaFX Application Thread] DEBUG FS                   - Loaded DesktopFSService
12:18:44.719 [JavaFX Application Thread] DEBUG FXGL                 - Loading FXGL system data
12:18:44.725 [JavaFX Application Thread] DEBUG DesktopFSService     - Reading from: system\fxgl.bundle
12:18:44.732 [JavaFX Application Thread] DEBUG Bundle               - Logging bundle: FXGL
12:18:44.733 [JavaFX Application Thread] DEBUG Bundle               - FXGL.offline.timer.version.check=2018-05-24T09:09:49.283
12:18:44.754 [JavaFX Application Thread] DEBUG GameApplication      - FXGL started
12:18:44.754 [JavaFX Application Thread] DEBUG GameApplication      - Logging game settings
Title: Platformer
Version: 
Width: 800
Height: 600
Fullscreen: false
Intro: false
Menus: false
Profiling: false
Single step:false
App Mode: DEVELOPER
Menu Key: ESCAPE
Stage Style: DECORATED
Scene Factory: class com.almasb.fxgl.scene.SceneFactory
Dialog Factory: class com.almasb.fxgl.ui.FXGLDialogFactory
UI Factory: class com.almasb.fxgl.ui.FXGLUIFactory
Notification Service: class com.almasb.fxgl.gameplay.notification.XboxNotificationView
Exception Handler: class com.almasb.fxgl.app.FXGLExceptionHandler
12:18:44.755 [JavaFX Application Thread] DEBUG GameApplication      - Configuring GameApplication
12:18:44.755 [JavaFX Application Thread] DEBUG GameApplication      - Initializing state machine and application states
12:18:44.766 [JavaFX Application Thread] DEBUG AssetLoader          - Loading from disk: /assets/ui/cursors/fxgl_default.png
12:18:44.783 [JavaFX Application Thread] DEBUG AssetLoader          - Loading from disk: /assets/ui/cursors/fxgl_default.png
12:18:44.800 [JavaFX Application Thread] DEBUG FXGLAssets           - Loading FXGLAssets
12:18:44.824 [JavaFX Application Thread] DEBUG AssetLoader          - Loading from disk: /assets/ui/fonts/VarelaRound-Regular.ttf
12:18:44.946 [JavaFX Application Thread] DEBUG AssetLoader          - Loading from disk: /assets/ui/fonts/lucida_console.ttf
12:18:44.955 [JavaFX Application Thread] DEBUG AssetLoader          - Loading from disk: /assets/ui/css/fxgl_dark.css
12:18:44.979 [JavaFX Application Thread] DEBUG AssetLoader          - Loading from disk: /assets/ui/cursors/fxgl_default.png
12:18:45.005 [JavaFX Application Thread] DEBUG AssetLoader          - Loading from disk: /assets/ui/cursors/fxgl_default.png
12:18:45.018 [JavaFX Application Thread] DEBUG GameScene            - Game scene initialized: 800x600
12:18:45.021 [JavaFX Application Thread] DEBUG GameWorld            - Game world initialized
12:18:45.058 [JavaFX Application Thread] DEBUG PhysicsWorld         - Physics world initialized: appHeight=600, physics.ppm=50.0
12:18:45.073 [JavaFX Application Thread] DEBUG Input                - Registered new binding: Pause - Esc
12:18:45.088 [JavaFX Application Thread] DEBUG Input                - Clearing active input actions
12:18:45.117 [JavaFX Application Thread] DEBUG AppStateMachine      - StartupState -> StartupState
12:18:45.120 [JavaFX Application Thread] INFO  GameApplication      - Game configuration took:  0.365 sec
12:18:45.122 [JavaFX Application Thread] DEBUG AssetLoader          - Loading from disk: /assets/textures/fxgl_icon.png
12:18:45.132 [JavaFX Application Thread] DEBUG MainWindow           - Opening main window
12:18:45.263 [JavaFX Application Thread] DEBUG MainWindow           - Window border size: (4.0, 26.66668701171875)
12:18:45.263 [JavaFX Application Thread] DEBUG MainWindow           - Scaled size: 800.0 x 600.0
12:18:45.263 [JavaFX Application Thread] DEBUG MainWindow           - Scaled ratio: (1.0, 1.0)
12:18:45.263 [JavaFX Application Thread] DEBUG MainWindow           - Scene size: 800.0 x 600.0
12:18:45.263 [JavaFX Application Thread] DEBUG MainWindow           - Stage size: 804.0 x 626.6666870117188
12:18:45.263 [JavaFX Application Thread] DEBUG GameApplication      - Running preInit()
12:18:45.265 [JavaFX Application Thread] DEBUG Input                - Registered new binding: Screenshot - P
12:18:45.265 [JavaFX Application Thread] DEBUG Input                - Registered new binding: Dev Options - CTRL+0
12:18:45.266 [JavaFX Application Thread] DEBUG Input                - Registered new binding: System info dump - CTRL+9
12:18:45.266 [JavaFX Application Thread] DEBUG Input                - Registered new binding: Restart - CTRL+R
12:18:45.292 [JavaFX Application Thread] DEBUG GameApplication      - Starting main loop
12:18:45.294 [JavaFX Application Thread] DEBUG StartupState         - STARTUP
12:18:45.294 [JavaFX Application Thread] DEBUG GameApplication      - Starting new game
12:18:45.294 [JavaFX Application Thread] DEBUG Input                - Clearing active input actions
12:18:45.301 [JavaFX Application Thread] DEBUG AppStateMachine      - StartupState -> LoadingState
12:18:45.305 [FXGL Background Thread 1 ] DEBUG InitAppTask          - Clearing previous game
12:18:45.306 [FXGL Background Thread 1 ] DEBUG GameWorld            - Clearing game world
12:18:45.306 [FXGL Background Thread 1 ] DEBUG PhysicsWorld         - Clearing physics world
12:18:45.306 [FXGL Background Thread 1 ] DEBUG GameScene            - Clearing game scene
12:18:45.307 [FXGL Background Thread 1 ] DEBUG InitAppTask          - Initializing Game
12:18:45.324 [FXGL Background Thread 1 ] DEBUG AssetLoader          - Loading from disk: /assets/tmx/platformer_map_1.tmx
12:18:45.346 [FXGL Background Thread 1 ] WARN  TMXParser            - TiledMap generated from 1.1.5. Supported version: 1.1.2. Some features may not be parsed fully.
12:18:45.376 [FXGL Background Thread 1 ] DEBUG GameWorld            - Clearing removable entities
12:18:45.376 [FXGL Background Thread 1 ] DEBUG GameWorld            - Setting level from map
12:18:45.395 [FXGL Background Thread 1 ] DEBUG AssetLoader          - Loading from disk: /assets/textures/map_tiles.png
12:18:45.415 [FXGL Background Thread 1 ] DEBUG AssetLoader          - Loading from cache: /assets/textures/map_tiles.png
12:18:45.416 [FXGL Background Thread 1 ] DEBUG AssetLoader          - Loading from cache: /assets/textures/map_tiles.png
12:18:45.416 [FXGL Background Thread 1 ] DEBUG AssetLoader          - Loading from cache: /assets/textures/map_tiles.png
12:18:45.417 [FXGL Background Thread 1 ] DEBUG AssetLoader          - Loading from cache: /assets/textures/map_tiles.png
12:18:45.417 [FXGL Background Thread 1 ] DEBUG AssetLoader          - Loading from cache: /assets/textures/map_tiles.png
12:18:45.417 [FXGL Background Thread 1 ] DEBUG AssetLoader          - Loading from cache: /assets/textures/map_tiles.png
12:18:45.417 [FXGL Background Thread 1 ] DEBUG AssetLoader          - Loading from cache: /assets/textures/map_tiles.png
12:18:45.417 [FXGL Background Thread 1 ] DEBUG AssetLoader          - Loading from cache: /assets/textures/map_tiles.png
12:18:45.417 [FXGL Background Thread 1 ] DEBUG AssetLoader          - Loading from cache: /assets/textures/map_tiles.png
12:18:45.418 [FXGL Background Thread 1 ] DEBUG AssetLoader          - Loading from cache: /assets/textures/map_tiles.png
12:18:45.418 [FXGL Background Thread 1 ] DEBUG AssetLoader          - Loading from cache: /assets/textures/map_tiles.png
12:18:45.418 [FXGL Background Thread 1 ] DEBUG AssetLoader          - Loading from cache: /assets/textures/map_tiles.png
12:18:45.418 [FXGL Background Thread 1 ] DEBUG AssetLoader          - Loading from cache: /assets/textures/map_tiles.png
12:18:45.418 [FXGL Background Thread 1 ] DEBUG AssetLoader          - Loading from cache: /assets/textures/map_tiles.png
12:18:45.418 [FXGL Background Thread 1 ] DEBUG AssetLoader          - Loading from cache: /assets/textures/map_tiles.png
12:18:45.418 [FXGL Background Thread 1 ] DEBUG AssetLoader          - Loading from cache: /assets/textures/map_tiles.png
12:18:45.418 [FXGL Background Thread 1 ] DEBUG AssetLoader          - Loading from cache: /assets/textures/map_tiles.png
12:18:45.419 [FXGL Background Thread 1 ] DEBUG AssetLoader          - Loading from cache: /assets/textures/map_tiles.png
12:18:45.419 [FXGL Background Thread 1 ] DEBUG AssetLoader          - Loading from cache: /assets/textures/map_tiles.png
12:18:45.419 [FXGL Background Thread 1 ] DEBUG AssetLoader          - Loading from cache: /assets/textures/map_tiles.png
12:18:45.419 [FXGL Background Thread 1 ] DEBUG AssetLoader          - Loading from cache: /assets/textures/map_tiles.png
12:18:45.419 [FXGL Background Thread 1 ] DEBUG AssetLoader          - Loading from cache: /assets/textures/map_tiles.png
12:18:45.419 [FXGL Background Thread 1 ] DEBUG AssetLoader          - Loading from cache: /assets/textures/map_tiles.png
12:18:45.419 [FXGL Background Thread 1 ] DEBUG AssetLoader          - Loading from cache: /assets/textures/map_tiles.png
12:18:45.419 [FXGL Background Thread 1 ] DEBUG AssetLoader          - Loading from cache: /assets/textures/map_tiles.png
12:18:45.419 [FXGL Background Thread 1 ] DEBUG AssetLoader          - Loading from cache: /assets/textures/map_tiles.png
12:18:45.420 [FXGL Background Thread 1 ] DEBUG AssetLoader          - Loading from cache: /assets/textures/map_tiles.png
12:18:45.420 [FXGL Background Thread 1 ] DEBUG AssetLoader          - Loading from cache: /assets/textures/map_tiles.png
12:18:45.420 [FXGL Background Thread 1 ] DEBUG AssetLoader          - Loading from cache: /assets/textures/map_tiles.png
12:18:45.420 [FXGL Background Thread 1 ] DEBUG AssetLoader          - Loading from cache: /assets/textures/map_tiles.png
12:18:45.420 [FXGL Background Thread 1 ] DEBUG AssetLoader          - Loading from cache: /assets/textures/map_tiles.png
12:18:45.420 [FXGL Background Thread 1 ] DEBUG AssetLoader          - Loading from cache: /assets/textures/map_tiles.png
12:18:45.420 [FXGL Background Thread 1 ] DEBUG AssetLoader          - Loading from cache: /assets/textures/map_tiles.png
12:18:45.420 [FXGL Background Thread 1 ] DEBUG AssetLoader          - Loading from cache: /assets/textures/map_tiles.png
12:18:45.421 [FXGL Background Thread 1 ] DEBUG AssetLoader          - Loading from cache: /assets/textures/map_tiles.png
12:18:45.421 [FXGL Background Thread 1 ] DEBUG AssetLoader          - Loading from cache: /assets/textures/map_tiles.png
12:18:45.421 [FXGL Background Thread 1 ] DEBUG AssetLoader          - Loading from cache: /assets/textures/map_tiles.png
12:18:45.421 [FXGL Background Thread 1 ] DEBUG AssetLoader          - Loading from cache: /assets/textures/map_tiles.png
12:18:45.421 [FXGL Background Thread 1 ] DEBUG AssetLoader          - Loading from cache: /assets/textures/map_tiles.png
12:18:45.421 [FXGL Background Thread 1 ] DEBUG AssetLoader          - Loading from cache: /assets/textures/map_tiles.png
12:18:45.421 [FXGL Background Thread 1 ] DEBUG AssetLoader          - Loading from cache: /assets/textures/map_tiles.png
12:18:45.421 [FXGL Background Thread 1 ] DEBUG AssetLoader          - Loading from cache: /assets/textures/map_tiles.png
12:18:45.422 [FXGL Background Thread 1 ] DEBUG AssetLoader          - Loading from cache: /assets/textures/map_tiles.png
12:18:45.422 [FXGL Background Thread 1 ] DEBUG AssetLoader          - Loading from cache: /assets/textures/map_tiles.png
12:18:45.422 [FXGL Background Thread 1 ] DEBUG AssetLoader          - Loading from cache: /assets/textures/map_tiles.png
12:18:45.422 [FXGL Background Thread 1 ] DEBUG AssetLoader          - Loading from cache: /assets/textures/map_tiles.png
12:18:45.422 [FXGL Background Thread 1 ] DEBUG AssetLoader          - Loading from cache: /assets/textures/map_tiles.png
12:18:45.422 [FXGL Background Thread 1 ] DEBUG AssetLoader          - Loading from cache: /assets/textures/map_tiles.png
12:18:45.422 [FXGL Background Thread 1 ] DEBUG AssetLoader          - Loading from cache: /assets/textures/map_tiles.png
12:18:45.422 [FXGL Background Thread 1 ] DEBUG AssetLoader          - Loading from cache: /assets/textures/map_tiles.png
12:18:45.422 [FXGL Background Thread 1 ] DEBUG AssetLoader          - Loading from cache: /assets/textures/map_tiles.png
12:18:45.423 [FXGL Background Thread 1 ] DEBUG AssetLoader          - Loading from cache: /assets/textures/map_tiles.png
12:18:45.423 [FXGL Background Thread 1 ] DEBUG AssetLoader          - Loading from cache: /assets/textures/map_tiles.png
12:18:45.423 [FXGL Background Thread 1 ] DEBUG AssetLoader          - Loading from cache: /assets/textures/map_tiles.png
12:18:45.423 [FXGL Background Thread 1 ] DEBUG AssetLoader          - Loading from cache: /assets/textures/map_tiles.png
12:18:45.423 [FXGL Background Thread 1 ] DEBUG AssetLoader          - Loading from cache: /assets/textures/map_tiles.png
12:18:45.423 [FXGL Background Thread 1 ] DEBUG AssetLoader          - Loading from cache: /assets/textures/map_tiles.png
12:18:45.423 [FXGL Background Thread 1 ] DEBUG AssetLoader          - Loading from cache: /assets/textures/map_tiles.png
12:18:45.423 [FXGL Background Thread 1 ] DEBUG AssetLoader          - Loading from cache: /assets/textures/map_tiles.png
12:18:45.424 [FXGL Background Thread 1 ] DEBUG AssetLoader          - Loading from cache: /assets/textures/map_tiles.png
12:18:45.424 [FXGL Background Thread 1 ] DEBUG AssetLoader          - Loading from cache: /assets/textures/map_tiles.png
12:18:45.424 [FXGL Background Thread 1 ] DEBUG AssetLoader          - Loading from cache: /assets/textures/map_tiles.png
12:18:45.426 [FXGL Background Thread 1 ] DEBUG GameScene            - Creating render group for layer: BACKGROUND(1000)
12:18:45.467 [FXGL Background Thread 1 ] DEBUG GameScene            - Creating render group for layer: DEFAULT(100000)
12:18:45.468 [JavaFX Application Thread] FATAL GameApplication      - Uncaught Exception:

Fatal exception occurred: java.lang.IllegalArgumentException : No EntityFactory has a method annotated @Spawns()
E: com.almasb.fxgl.entity.GameWorld.create(GameWorld.kt:436)
E: com.almasb.fxgl.entity.GameWorld.spawn(GameWorld.kt:418)
E: com.almasb.fxgl.entity.GameWorld.setLevelFromMap(GameWorld.kt:288)
E: com.almasb.fxgl.entity.GameWorld.setLevelFromMap(GameWorld.kt:263)
E: Platformer.Platformer_App.initGame(Platformer_App.java:17)
E: com.almasb.fxgl.app.GameApplication.internalInitGame(GameApplication.java:439)
E: com.almasb.fxgl.app.LoadingState$InitAppTask.initGame(AppStates.kt:168)
E: com.almasb.fxgl.app.LoadingState$InitAppTask.call(AppStates.kt:138)
E: com.almasb.fxgl.app.LoadingState$InitAppTask.call(AppStates.kt:127)
E: javafx.concurrent.Task$TaskCallable.call(Task.java:1423)
E: java.util.concurrent.FutureTask.run(Unknown Source)
E: java.util.concurrent.Executors$RunnableAdapter.call(Unknown Source)
E: java.util.concurrent.FutureTask.run(Unknown Source)
E: java.util.concurrent.ThreadPoolExecutor.runWorker(Unknown Source)
E: java.util.concurrent.ThreadPoolExecutor$Worker.run(Unknown Source)
E: java.lang.Thread.run(Unknown Source)

12:18:45.468 [JavaFX Application Thread] FATAL GameApplication      - Application will now exit
12:18:45.468 [JavaFX Application Thread] DEBUG GameApplication      - Stopping main loop
12:18:49.179 [JavaFX Application Thread] DEBUG GameApplication      - Exiting game application
12:18:49.181 [JavaFX Application Thread] DEBUG GameApplication      - Shutting down background threads
12:18:49.181 [JavaFX Application Thread] DEBUG GameApplication      - Exiting FXGL
12:18:49.181 [JavaFX Application Thread] DEBUG FXGL                 - Saving FXGL system data
12:18:49.184 [JavaFX Application Thread] DEBUG DesktopFSService     - Writing to: system\fxgl.bundle
12:18:49.187 [JavaFX Application Thread] DEBUG GameApplication      - Closing logger and exiting JavaFX
