15:01:17.805 [JavaFX Application Thread] DEBUG GameApplication      - Logger initialized
15:01:17.810 [JavaFX Application Thread] DEBUG MainWindow           - Creating a JavaFX scene
15:01:17.879 [JavaFX Application Thread] DEBUG MainWindow           - Target settings size: 700.0 x 490.0
15:01:17.879 [JavaFX Application Thread] DEBUG MainWindow           - Scaled scene size:    700.0 x 490.0
15:01:17.879 [JavaFX Application Thread] DEBUG MainWindow           - Scaled ratio: (1.0, 1.0)
15:01:17.884 [JavaFX Application Thread] DEBUG GameApplication      - Starting FXGL
15:01:17.894 [JavaFX Application Thread] INFO  FXGL                 - FXGL-0.5.1 on DESKTOP
15:01:17.894 [JavaFX Application Thread] INFO  FXGL                 - Source code and latest versions at: https://github.com/AlmasB/FXGL
15:01:17.894 [JavaFX Application Thread] INFO  FXGL                 -              Join the FXGL chat at: https://gitter.im/AlmasB/FXGL
15:01:17.901 [JavaFX Application Thread] DEBUG FS                   - Loaded DesktopFSService
15:01:17.902 [JavaFX Application Thread] DEBUG FXGL                 - Loading FXGL system data
15:01:17.910 [JavaFX Application Thread] DEBUG DesktopFSService     - Reading from: system\fxgl.bundle
15:01:17.920 [JavaFX Application Thread] DEBUG Bundle               - Logging bundle: FXGL
15:01:17.920 [JavaFX Application Thread] DEBUG Bundle               - FXGL.offline.timer.version.check=2018-05-24T09:09:49.283
15:01:17.945 [JavaFX Application Thread] DEBUG GameApplication      - FXGL started
15:01:17.945 [JavaFX Application Thread] DEBUG GameApplication      - Logging game settings
Title: Platformer
Version: 
Width: 700
Height: 490
Fullscreen: false
Intro: false
Menus: false
Profiling: false
Single step:false
App Mode: DEVELOPER
Menu Key: ESCAPE
Stage Style: DECORATED
Scene Factory: class com.almasb.fxgl.scene.SceneFactory
Dialog Factory: class com.almasb.fxgl.ui.FXGLDialogFactory
UI Factory: class com.almasb.fxgl.ui.FXGLUIFactory
Notification Service: class com.almasb.fxgl.gameplay.notification.XboxNotificationView
Exception Handler: class com.almasb.fxgl.app.FXGLExceptionHandler
15:01:17.946 [JavaFX Application Thread] DEBUG GameApplication      - Configuring GameApplication
15:01:17.946 [JavaFX Application Thread] DEBUG GameApplication      - Initializing state machine and application states
15:01:17.958 [JavaFX Application Thread] DEBUG AssetLoader          - Loading from disk: /assets/ui/cursors/fxgl_default.png
15:01:17.978 [JavaFX Application Thread] DEBUG AssetLoader          - Loading from disk: /assets/ui/cursors/fxgl_default.png
15:01:17.999 [JavaFX Application Thread] DEBUG FXGLAssets           - Loading FXGLAssets
15:01:18.027 [JavaFX Application Thread] DEBUG AssetLoader          - Loading from disk: /assets/ui/fonts/VarelaRound-Regular.ttf
15:01:18.157 [JavaFX Application Thread] DEBUG AssetLoader          - Loading from disk: /assets/ui/fonts/lucida_console.ttf
15:01:18.172 [JavaFX Application Thread] DEBUG AssetLoader          - Loading from disk: /assets/ui/css/fxgl_dark.css
15:01:18.196 [JavaFX Application Thread] DEBUG AssetLoader          - Loading from disk: /assets/ui/cursors/fxgl_default.png
15:01:18.223 [JavaFX Application Thread] DEBUG AssetLoader          - Loading from disk: /assets/ui/cursors/fxgl_default.png
15:01:18.236 [JavaFX Application Thread] DEBUG GameScene            - Game scene initialized: 700x490
15:01:18.238 [JavaFX Application Thread] DEBUG GameWorld            - Game world initialized
15:01:18.276 [JavaFX Application Thread] DEBUG PhysicsWorld         - Physics world initialized: appHeight=490, physics.ppm=50.0
15:01:18.291 [JavaFX Application Thread] DEBUG Input                - Registered new binding: Pause - Esc
15:01:18.305 [JavaFX Application Thread] DEBUG Input                - Clearing active input actions
15:01:18.337 [JavaFX Application Thread] DEBUG AppStateMachine      - StartupState -> StartupState
15:01:18.340 [JavaFX Application Thread] INFO  GameApplication      - Game configuration took:  0.394 sec
15:01:18.342 [JavaFX Application Thread] DEBUG AssetLoader          - Loading from disk: /assets/textures/fxgl_icon.png
15:01:18.352 [JavaFX Application Thread] DEBUG MainWindow           - Opening main window
15:01:18.483 [JavaFX Application Thread] DEBUG MainWindow           - Window border size: (4.0, 26.66668701171875)
15:01:18.483 [JavaFX Application Thread] DEBUG MainWindow           - Scaled size: 700.0 x 490.0
15:01:18.483 [JavaFX Application Thread] DEBUG MainWindow           - Scaled ratio: (1.0, 1.0)
15:01:18.483 [JavaFX Application Thread] DEBUG MainWindow           - Scene size: 700.0 x 490.0
15:01:18.484 [JavaFX Application Thread] DEBUG MainWindow           - Stage size: 704.0 x 516.6666870117188
15:01:18.484 [JavaFX Application Thread] DEBUG GameApplication      - Running preInit()
15:01:18.485 [JavaFX Application Thread] DEBUG Input                - Registered new binding: Screenshot - P
15:01:18.486 [JavaFX Application Thread] DEBUG Input                - Registered new binding: Dev Options - CTRL+0
15:01:18.486 [JavaFX Application Thread] DEBUG Input                - Registered new binding: System info dump - CTRL+9
15:01:18.486 [JavaFX Application Thread] DEBUG Input                - Registered new binding: Restart - CTRL+R
15:01:18.490 [JavaFX Application Thread] DEBUG AssetLoader          - Loading from disk: /assets/textures/Platformer/run_sheet.png
15:01:18.522 [JavaFX Application Thread] DEBUG AssetLoader          - Loading from disk: /assets/textures/Platformer/stand_sheet.png
15:01:18.529 [JavaFX Application Thread] DEBUG Input                - Registered new binding: run_right - Right
15:01:18.529 [JavaFX Application Thread] DEBUG Input                - Registered new binding: run_left - Left
15:01:18.529 [JavaFX Application Thread] DEBUG Input                - Registered new binding: jump - Up
15:01:18.559 [JavaFX Application Thread] DEBUG GameApplication      - Starting main loop
15:01:18.560 [JavaFX Application Thread] DEBUG StartupState         - STARTUP
15:01:18.560 [JavaFX Application Thread] DEBUG GameApplication      - Starting new game
15:01:18.560 [JavaFX Application Thread] DEBUG Input                - Clearing active input actions
15:01:18.566 [JavaFX Application Thread] DEBUG AppStateMachine      - StartupState -> LoadingState
15:01:18.570 [FXGL Background Thread 1 ] DEBUG InitAppTask          - Clearing previous game
15:01:18.570 [FXGL Background Thread 1 ] DEBUG GameWorld            - Clearing game world
15:01:18.570 [FXGL Background Thread 1 ] DEBUG PhysicsWorld         - Clearing physics world
15:01:18.570 [FXGL Background Thread 1 ] DEBUG GameScene            - Clearing game scene
15:01:18.571 [FXGL Background Thread 1 ] DEBUG InitAppTask          - Initializing Game
15:01:18.588 [FXGL Background Thread 1 ] DEBUG AssetLoader          - Loading from disk: /assets/tmx/platformer_map_1.tmx
15:01:18.609 [FXGL Background Thread 1 ] WARN  TMXParser            - TiledMap generated from 1.1.5. Supported version: 1.1.2. Some features may not be parsed fully.
15:01:18.627 [FXGL Background Thread 1 ] DEBUG GameWorld            - Clearing removable entities
15:01:18.627 [FXGL Background Thread 1 ] DEBUG GameWorld            - Setting level from map
15:01:18.645 [FXGL Background Thread 1 ] DEBUG AssetLoader          - Loading from disk: /assets/textures/map_tiles.png
15:01:18.657 [FXGL Background Thread 1 ] DEBUG AssetLoader          - Loading from cache: /assets/textures/map_tiles.png
15:01:18.657 [FXGL Background Thread 1 ] DEBUG AssetLoader          - Loading from cache: /assets/textures/map_tiles.png
15:01:18.657 [FXGL Background Thread 1 ] DEBUG AssetLoader          - Loading from cache: /assets/textures/map_tiles.png
15:01:18.658 [FXGL Background Thread 1 ] DEBUG AssetLoader          - Loading from cache: /assets/textures/map_tiles.png
15:01:18.658 [FXGL Background Thread 1 ] DEBUG AssetLoader          - Loading from cache: /assets/textures/map_tiles.png
15:01:18.658 [FXGL Background Thread 1 ] DEBUG AssetLoader          - Loading from cache: /assets/textures/map_tiles.png
15:01:18.658 [FXGL Background Thread 1 ] DEBUG AssetLoader          - Loading from cache: /assets/textures/map_tiles.png
15:01:18.658 [FXGL Background Thread 1 ] DEBUG AssetLoader          - Loading from cache: /assets/textures/map_tiles.png
15:01:18.658 [FXGL Background Thread 1 ] DEBUG AssetLoader          - Loading from cache: /assets/textures/map_tiles.png
15:01:18.658 [FXGL Background Thread 1 ] DEBUG AssetLoader          - Loading from cache: /assets/textures/map_tiles.png
15:01:18.658 [FXGL Background Thread 1 ] DEBUG AssetLoader          - Loading from cache: /assets/textures/map_tiles.png
15:01:18.659 [FXGL Background Thread 1 ] DEBUG AssetLoader          - Loading from cache: /assets/textures/map_tiles.png
15:01:18.659 [FXGL Background Thread 1 ] DEBUG AssetLoader          - Loading from cache: /assets/textures/map_tiles.png
15:01:18.659 [FXGL Background Thread 1 ] DEBUG AssetLoader          - Loading from cache: /assets/textures/map_tiles.png
15:01:18.659 [FXGL Background Thread 1 ] DEBUG AssetLoader          - Loading from cache: /assets/textures/map_tiles.png
15:01:18.659 [FXGL Background Thread 1 ] DEBUG AssetLoader          - Loading from cache: /assets/textures/map_tiles.png
15:01:18.659 [FXGL Background Thread 1 ] DEBUG AssetLoader          - Loading from cache: /assets/textures/map_tiles.png
15:01:18.659 [FXGL Background Thread 1 ] DEBUG AssetLoader          - Loading from cache: /assets/textures/map_tiles.png
15:01:18.659 [FXGL Background Thread 1 ] DEBUG AssetLoader          - Loading from cache: /assets/textures/map_tiles.png
15:01:18.659 [FXGL Background Thread 1 ] DEBUG AssetLoader          - Loading from cache: /assets/textures/map_tiles.png
15:01:18.659 [FXGL Background Thread 1 ] DEBUG AssetLoader          - Loading from cache: /assets/textures/map_tiles.png
15:01:18.660 [FXGL Background Thread 1 ] DEBUG AssetLoader          - Loading from cache: /assets/textures/map_tiles.png
15:01:18.660 [FXGL Background Thread 1 ] DEBUG AssetLoader          - Loading from cache: /assets/textures/map_tiles.png
15:01:18.660 [FXGL Background Thread 1 ] DEBUG AssetLoader          - Loading from cache: /assets/textures/map_tiles.png
15:01:18.660 [FXGL Background Thread 1 ] DEBUG AssetLoader          - Loading from cache: /assets/textures/map_tiles.png
15:01:18.660 [FXGL Background Thread 1 ] DEBUG AssetLoader          - Loading from cache: /assets/textures/map_tiles.png
15:01:18.660 [FXGL Background Thread 1 ] DEBUG AssetLoader          - Loading from cache: /assets/textures/map_tiles.png
15:01:18.660 [FXGL Background Thread 1 ] DEBUG AssetLoader          - Loading from cache: /assets/textures/map_tiles.png
15:01:18.660 [FXGL Background Thread 1 ] DEBUG AssetLoader          - Loading from cache: /assets/textures/map_tiles.png
15:01:18.660 [FXGL Background Thread 1 ] DEBUG AssetLoader          - Loading from cache: /assets/textures/map_tiles.png
15:01:18.661 [FXGL Background Thread 1 ] DEBUG AssetLoader          - Loading from cache: /assets/textures/map_tiles.png
15:01:18.661 [FXGL Background Thread 1 ] DEBUG AssetLoader          - Loading from cache: /assets/textures/map_tiles.png
15:01:18.661 [FXGL Background Thread 1 ] DEBUG AssetLoader          - Loading from cache: /assets/textures/map_tiles.png
15:01:18.661 [FXGL Background Thread 1 ] DEBUG AssetLoader          - Loading from cache: /assets/textures/map_tiles.png
15:01:18.661 [FXGL Background Thread 1 ] DEBUG AssetLoader          - Loading from cache: /assets/textures/map_tiles.png
15:01:18.661 [FXGL Background Thread 1 ] DEBUG AssetLoader          - Loading from cache: /assets/textures/map_tiles.png
15:01:18.661 [FXGL Background Thread 1 ] DEBUG AssetLoader          - Loading from cache: /assets/textures/map_tiles.png
15:01:18.662 [FXGL Background Thread 1 ] DEBUG AssetLoader          - Loading from cache: /assets/textures/map_tiles.png
15:01:18.662 [FXGL Background Thread 1 ] DEBUG AssetLoader          - Loading from cache: /assets/textures/map_tiles.png
15:01:18.662 [FXGL Background Thread 1 ] DEBUG AssetLoader          - Loading from cache: /assets/textures/map_tiles.png
15:01:18.662 [FXGL Background Thread 1 ] DEBUG AssetLoader          - Loading from cache: /assets/textures/map_tiles.png
15:01:18.663 [FXGL Background Thread 1 ] DEBUG AssetLoader          - Loading from cache: /assets/textures/map_tiles.png
15:01:18.663 [FXGL Background Thread 1 ] DEBUG AssetLoader          - Loading from cache: /assets/textures/map_tiles.png
15:01:18.663 [FXGL Background Thread 1 ] DEBUG AssetLoader          - Loading from cache: /assets/textures/map_tiles.png
15:01:18.663 [FXGL Background Thread 1 ] DEBUG AssetLoader          - Loading from cache: /assets/textures/map_tiles.png
15:01:18.663 [FXGL Background Thread 1 ] DEBUG AssetLoader          - Loading from cache: /assets/textures/map_tiles.png
15:01:18.663 [FXGL Background Thread 1 ] DEBUG AssetLoader          - Loading from cache: /assets/textures/map_tiles.png
15:01:18.663 [FXGL Background Thread 1 ] DEBUG AssetLoader          - Loading from cache: /assets/textures/map_tiles.png
15:01:18.664 [FXGL Background Thread 1 ] DEBUG AssetLoader          - Loading from cache: /assets/textures/map_tiles.png
15:01:18.664 [FXGL Background Thread 1 ] DEBUG AssetLoader          - Loading from cache: /assets/textures/map_tiles.png
15:01:18.664 [FXGL Background Thread 1 ] DEBUG AssetLoader          - Loading from cache: /assets/textures/map_tiles.png
15:01:18.664 [FXGL Background Thread 1 ] DEBUG AssetLoader          - Loading from cache: /assets/textures/map_tiles.png
15:01:18.664 [FXGL Background Thread 1 ] DEBUG AssetLoader          - Loading from cache: /assets/textures/map_tiles.png
15:01:18.664 [FXGL Background Thread 1 ] DEBUG AssetLoader          - Loading from cache: /assets/textures/map_tiles.png
15:01:18.664 [FXGL Background Thread 1 ] DEBUG AssetLoader          - Loading from cache: /assets/textures/map_tiles.png
15:01:18.665 [FXGL Background Thread 1 ] DEBUG AssetLoader          - Loading from cache: /assets/textures/map_tiles.png
15:01:18.665 [FXGL Background Thread 1 ] DEBUG AssetLoader          - Loading from cache: /assets/textures/map_tiles.png
15:01:18.665 [FXGL Background Thread 1 ] DEBUG AssetLoader          - Loading from cache: /assets/textures/map_tiles.png
15:01:18.665 [FXGL Background Thread 1 ] DEBUG AssetLoader          - Loading from cache: /assets/textures/map_tiles.png
15:01:18.665 [FXGL Background Thread 1 ] DEBUG AssetLoader          - Loading from cache: /assets/textures/map_tiles.png
15:01:18.665 [FXGL Background Thread 1 ] DEBUG AssetLoader          - Loading from cache: /assets/textures/map_tiles.png
15:01:18.665 [FXGL Background Thread 1 ] DEBUG AssetLoader          - Loading from cache: /assets/textures/map_tiles.png
15:01:18.667 [FXGL Background Thread 1 ] DEBUG GameScene            - Creating render group for layer: BACKGROUND(1000)
15:01:18.708 [FXGL Background Thread 1 ] DEBUG GameScene            - Creating render group for layer: DEFAULT(100000)
15:01:18.725 [FXGL Background Thread 1 ] DEBUG AssetLoader          - Loading from cache: /assets/textures/Platformer/stand_sheet.png
15:01:18.725 [FXGL Background Thread 1 ] DEBUG AssetLoader          - Loading from cache: /assets/textures/Platformer/run_sheet.png
15:01:18.726 [FXGL Background Thread 1 ] DEBUG AssetLoader          - Loading from disk: /assets/textures/Platformer/jump-fall.png
15:01:18.730 [FXGL Background Thread 1 ] DEBUG AssetLoader          - Loading from disk: /assets/textures/Platformer/jump-up.png
15:01:18.736 [FXGL Background Thread 1 ] DEBUG InitAppTask          - Initializing Physics
15:01:18.736 [FXGL Background Thread 1 ] DEBUG InitAppTask          - Initializing UI
15:01:18.736 [FXGL Background Thread 1 ] DEBUG InitAppTask          - Initialization Complete
15:01:18.737 [FXGL Background Thread 1 ] INFO  InitAppTask          - Game initialization took: 0.166 sec
15:01:18.749 [JavaFX Application Thread] DEBUG Input                - Clearing active input actions
15:01:18.755 [JavaFX Application Thread] DEBUG AppStateMachine      - LoadingState -> PlayState
15:02:17.035 [JavaFX Application Thread] DEBUG GameApplication      - Exiting game application
15:02:17.036 [JavaFX Application Thread] DEBUG GameApplication      - Shutting down background threads
15:02:17.036 [JavaFX Application Thread] DEBUG GameApplication      - Exiting FXGL
15:02:17.037 [JavaFX Application Thread] DEBUG FXGL                 - Saving FXGL system data
15:02:17.040 [JavaFX Application Thread] DEBUG DesktopFSService     - Writing to: system\fxgl.bundle
15:02:17.043 [JavaFX Application Thread] DEBUG GameApplication      - Closing logger and exiting JavaFX
