09:59:06.743 [JavaFX Application Thread] DEBUG GameApplication      - Logger initialized
09:59:06.749 [JavaFX Application Thread] DEBUG MainWindow           - Creating a JavaFX scene
09:59:06.817 [JavaFX Application Thread] DEBUG MainWindow           - Target settings size: 800.0 x 470.0
09:59:06.817 [JavaFX Application Thread] DEBUG MainWindow           - Scaled scene size:    800.0 x 470.0
09:59:06.817 [JavaFX Application Thread] DEBUG MainWindow           - Scaled ratio: (1.0, 1.0)
09:59:06.821 [JavaFX Application Thread] DEBUG GameApplication      - Starting FXGL
09:59:06.831 [JavaFX Application Thread] INFO  FXGL                 - FXGL-0.5.1 on DESKTOP
09:59:06.832 [JavaFX Application Thread] INFO  FXGL                 - Source code and latest versions at: https://github.com/AlmasB/FXGL
09:59:06.832 [JavaFX Application Thread] INFO  FXGL                 -              Join the FXGL chat at: https://gitter.im/AlmasB/FXGL
09:59:06.838 [JavaFX Application Thread] DEBUG FS                   - Loaded DesktopFSService
09:59:06.838 [JavaFX Application Thread] DEBUG FXGL                 - Loading FXGL system data
09:59:06.845 [JavaFX Application Thread] DEBUG DesktopFSService     - Reading from: system\fxgl.bundle
09:59:06.852 [JavaFX Application Thread] DEBUG Bundle               - Logging bundle: FXGL
09:59:06.852 [JavaFX Application Thread] DEBUG Bundle               - FXGL.offline.timer.version.check=2018-05-24T09:09:49.283
09:59:06.874 [JavaFX Application Thread] DEBUG GameApplication      - FXGL started
09:59:06.874 [JavaFX Application Thread] DEBUG GameApplication      - Logging game settings
Title: Frogger
Version: 0.2.0
Width: 800
Height: 470
Fullscreen: false
Intro: false
Menus: false
Profiling: false
Single step:false
App Mode: DEVELOPER
Menu Key: ESCAPE
Stage Style: DECORATED
Scene Factory: class com.almasb.fxgl.scene.SceneFactory
Dialog Factory: class com.almasb.fxgl.ui.FXGLDialogFactory
UI Factory: class com.almasb.fxgl.ui.FXGLUIFactory
Notification Service: class com.almasb.fxgl.gameplay.notification.XboxNotificationView
Exception Handler: class com.almasb.fxgl.app.FXGLExceptionHandler
09:59:06.875 [JavaFX Application Thread] DEBUG GameApplication      - Configuring GameApplication
09:59:06.875 [JavaFX Application Thread] DEBUG GameApplication      - Initializing state machine and application states
09:59:06.886 [JavaFX Application Thread] DEBUG AssetLoader          - Loading from disk: /assets/ui/cursors/fxgl_default.png
09:59:06.902 [JavaFX Application Thread] DEBUG AssetLoader          - Loading from disk: /assets/ui/cursors/fxgl_default.png
09:59:06.920 [JavaFX Application Thread] DEBUG FXGLAssets           - Loading FXGLAssets
09:59:06.944 [JavaFX Application Thread] DEBUG AssetLoader          - Loading from disk: /assets/ui/fonts/VarelaRound-Regular.ttf
09:59:07.061 [JavaFX Application Thread] DEBUG AssetLoader          - Loading from disk: /assets/ui/fonts/lucida_console.ttf
09:59:07.069 [JavaFX Application Thread] DEBUG AssetLoader          - Loading from disk: /assets/ui/css/fxgl_dark.css
09:59:07.091 [JavaFX Application Thread] DEBUG AssetLoader          - Loading from disk: /assets/ui/cursors/fxgl_default.png
09:59:07.115 [JavaFX Application Thread] DEBUG AssetLoader          - Loading from disk: /assets/ui/cursors/fxgl_default.png
09:59:07.128 [JavaFX Application Thread] DEBUG GameScene            - Game scene initialized: 800x470
09:59:07.130 [JavaFX Application Thread] DEBUG GameWorld            - Game world initialized
09:59:07.167 [JavaFX Application Thread] DEBUG PhysicsWorld         - Physics world initialized: appHeight=470, physics.ppm=50.0
09:59:07.181 [JavaFX Application Thread] DEBUG Input                - Registered new binding: Pause - Esc
09:59:07.195 [JavaFX Application Thread] DEBUG Input                - Clearing active input actions
09:59:07.227 [JavaFX Application Thread] DEBUG AppStateMachine      - StartupState -> StartupState
09:59:07.231 [JavaFX Application Thread] INFO  GameApplication      - Game configuration took:  0.355 sec
09:59:07.232 [JavaFX Application Thread] DEBUG AssetLoader          - Loading from disk: /assets/textures/fxgl_icon.png
09:59:07.242 [JavaFX Application Thread] DEBUG MainWindow           - Opening main window
09:59:07.371 [JavaFX Application Thread] DEBUG MainWindow           - Window border size: (4.0, 26.666656494140625)
09:59:07.371 [JavaFX Application Thread] DEBUG MainWindow           - Scaled size: 800.0 x 470.0
09:59:07.371 [JavaFX Application Thread] DEBUG MainWindow           - Scaled ratio: (1.0, 1.0)
09:59:07.371 [JavaFX Application Thread] DEBUG MainWindow           - Scene size: 800.0 x 470.0
09:59:07.371 [JavaFX Application Thread] DEBUG MainWindow           - Stage size: 804.0 x 496.6666564941406
09:59:07.371 [JavaFX Application Thread] DEBUG GameApplication      - Running preInit()
09:59:07.373 [JavaFX Application Thread] DEBUG Input                - Registered new binding: Screenshot - P
09:59:07.374 [JavaFX Application Thread] DEBUG Input                - Registered new binding: Dev Options - CTRL+0
09:59:07.374 [JavaFX Application Thread] DEBUG Input                - Registered new binding: System info dump - CTRL+9
09:59:07.374 [JavaFX Application Thread] DEBUG Input                - Registered new binding: Restart - CTRL+R
09:59:07.374 [JavaFX Application Thread] DEBUG Input                - Registered new binding: up - W
09:59:07.375 [JavaFX Application Thread] DEBUG Input                - Registered new binding: down - S
09:59:07.375 [JavaFX Application Thread] DEBUG Input                - Registered new binding: left - A
09:59:07.375 [JavaFX Application Thread] DEBUG Input                - Registered new binding: right - D
09:59:07.375 [JavaFX Application Thread] DEBUG Input                - Registered new binding: testd - Space
09:59:07.401 [JavaFX Application Thread] DEBUG GameApplication      - Starting main loop
09:59:07.403 [JavaFX Application Thread] DEBUG StartupState         - STARTUP
09:59:07.403 [JavaFX Application Thread] DEBUG GameApplication      - Starting new game
09:59:07.403 [JavaFX Application Thread] DEBUG Input                - Clearing active input actions
09:59:07.410 [JavaFX Application Thread] DEBUG AppStateMachine      - StartupState -> LoadingState
09:59:07.414 [FXGL Background Thread 1 ] DEBUG InitAppTask          - Clearing previous game
09:59:07.414 [FXGL Background Thread 1 ] DEBUG GameWorld            - Clearing game world
09:59:07.414 [FXGL Background Thread 1 ] DEBUG PhysicsWorld         - Clearing physics world
09:59:07.414 [FXGL Background Thread 1 ] DEBUG GameScene            - Clearing game scene
09:59:07.416 [FXGL Background Thread 1 ] DEBUG InitAppTask          - Initializing Game
09:59:07.433 [FXGL Background Thread 1 ] DEBUG AssetLoader          - Loading from disk: /assets/textures/Frogger/splatting_frog.png
09:59:07.464 [FXGL Background Thread 1 ] DEBUG AssetLoader          - Loading from disk: /assets/textures/Frogger/frog_idle.png
09:59:07.472 [FXGL Background Thread 1 ] DEBUG GameScene            - Creating render group for layer: TOP(2147483647)
09:59:07.476 [FXGL Background Thread 1 ] DEBUG AssetLoader          - Loading from disk: /assets/textures/Frogger/half_log.png
09:59:07.481 [FXGL Background Thread 1 ] DEBUG GameScene            - Creating render group for layer: DEFAULT(100000)
09:59:07.482 [FXGL Background Thread 1 ] DEBUG AssetLoader          - Loading from cache: /assets/textures/Frogger/half_log.png
09:59:07.483 [FXGL Background Thread 1 ] DEBUG AssetLoader          - Loading from cache: /assets/textures/Frogger/half_log.png
09:59:07.485 [FXGL Background Thread 1 ] DEBUG AssetLoader          - Loading from disk: /assets/textures/Frogger/rotating_log.png
09:59:07.487 [FXGL Background Thread 1 ] DEBUG InitAppTask          - Initializing Physics
09:59:07.488 [FXGL Background Thread 1 ] DEBUG InitAppTask          - Initializing UI
09:59:07.489 [FXGL Background Thread 1 ] DEBUG AssetLoader          - Loading from disk: /assets/textures/Frogger/background.jpg
09:59:07.495 [FXGL Background Thread 1 ] DEBUG InitAppTask          - Initialization Complete
09:59:07.496 [FXGL Background Thread 1 ] INFO  InitAppTask          - Game initialization took: 0.083 sec
09:59:07.498 [JavaFX Application Thread] DEBUG Input                - Clearing active input actions
09:59:07.504 [JavaFX Application Thread] DEBUG AppStateMachine      - LoadingState -> PlayState
09:59:07.790 [JavaFX Application Thread] DEBUG Input                - Mocking key release: W
09:59:07.791 [JavaFX Application Thread] DEBUG AssetLoader          - Loading from disk: /assets/textures/Frogger/frog_jump.png
09:59:08.039 [JavaFX Application Thread] DEBUG AssetLoader          - Loading from cache: /assets/textures/Frogger/frog_idle.png
09:59:08.376 [JavaFX Application Thread] DEBUG AssetLoader          - Loading from disk: /assets/textures/Frogger/green_car.png
09:59:08.377 [JavaFX Application Thread] DEBUG AssetLoader          - Loading from disk: /assets/textures/Frogger/blue_car.png
09:59:08.741 [JavaFX Application Thread] DEBUG Input                - Mocking key release: W
09:59:08.742 [JavaFX Application Thread] DEBUG AssetLoader          - Loading from cache: /assets/textures/Frogger/frog_jump.png
09:59:08.888 [JavaFX Application Thread] DEBUG Input                - Mocking key release: D
09:59:08.889 [JavaFX Application Thread] DEBUG AssetLoader          - Loading from cache: /assets/textures/Frogger/frog_jump.png
09:59:08.999 [JavaFX Application Thread] DEBUG AssetLoader          - Loading from cache: /assets/textures/Frogger/frog_idle.png
09:59:09.037 [JavaFX Application Thread] DEBUG Input                - Mocking key release: W
09:59:09.038 [JavaFX Application Thread] DEBUG AssetLoader          - Loading from cache: /assets/textures/Frogger/frog_jump.png
09:59:09.143 [JavaFX Application Thread] DEBUG AssetLoader          - Loading from cache: /assets/textures/Frogger/frog_idle.png
09:59:09.154 [JavaFX Application Thread] DEBUG Input                - Mocking key release: D
09:59:09.155 [JavaFX Application Thread] DEBUG AssetLoader          - Loading from cache: /assets/textures/Frogger/frog_jump.png
09:59:09.289 [JavaFX Application Thread] DEBUG AssetLoader          - Loading from disk: /assets/textures/Frogger/purple_car.png
09:59:09.291 [JavaFX Application Thread] DEBUG AssetLoader          - Loading from disk: /assets/textures/Frogger/orange_car.png
09:59:09.292 [JavaFX Application Thread] DEBUG AssetLoader          - Loading from cache: /assets/textures/Frogger/frog_idle.png
09:59:09.360 [JavaFX Application Thread] DEBUG Input                - Mocking key release: W
09:59:09.361 [JavaFX Application Thread] DEBUG AssetLoader          - Loading from cache: /assets/textures/Frogger/frog_jump.png
09:59:09.415 [JavaFX Application Thread] DEBUG AssetLoader          - Loading from cache: /assets/textures/Frogger/frog_idle.png
09:59:09.509 [JavaFX Application Thread] DEBUG Input                - Mocking key release: W
09:59:09.509 [JavaFX Application Thread] DEBUG AssetLoader          - Loading from cache: /assets/textures/Frogger/frog_jump.png
09:59:09.557 [JavaFX Application Thread] DEBUG Input                - Mocking key release: D
09:59:09.557 [JavaFX Application Thread] DEBUG AssetLoader          - Loading from cache: /assets/textures/Frogger/frog_jump.png
09:59:09.608 [JavaFX Application Thread] DEBUG AssetLoader          - Loading from cache: /assets/textures/Frogger/frog_idle.png
09:59:09.671 [JavaFX Application Thread] DEBUG Input                - Mocking key release: W
09:59:09.672 [JavaFX Application Thread] DEBUG AssetLoader          - Loading from cache: /assets/textures/Frogger/frog_jump.png
09:59:09.767 [JavaFX Application Thread] DEBUG AssetLoader          - Loading from cache: /assets/textures/Frogger/frog_idle.png
09:59:09.815 [JavaFX Application Thread] DEBUG AssetLoader          - Loading from cache: /assets/textures/Frogger/frog_idle.png
09:59:09.927 [JavaFX Application Thread] DEBUG AssetLoader          - Loading from cache: /assets/textures/Frogger/frog_idle.png
09:59:10.176 [JavaFX Application Thread] DEBUG Input                - Mocking key release: W
09:59:10.176 [JavaFX Application Thread] DEBUG AssetLoader          - Loading from cache: /assets/textures/Frogger/frog_jump.png
09:59:10.215 [JavaFX Application Thread] DEBUG AssetLoader          - Loading from cache: /assets/textures/Frogger/purple_car.png
09:59:10.216 [JavaFX Application Thread] DEBUG AssetLoader          - Loading from disk: /assets/textures/Frogger/red_car.png
09:59:10.424 [JavaFX Application Thread] DEBUG AssetLoader          - Loading from cache: /assets/textures/Frogger/frog_idle.png
09:59:10.456 [JavaFX Application Thread] DEBUG AssetLoader          - Loading from cache: /assets/textures/Frogger/splatting_frog.png
09:59:10.471 [JavaFX Application Thread] DEBUG AssetLoader          - Loading from cache: /assets/textures/Frogger/splatting_frog.png
09:59:10.472 [JavaFX Application Thread] FATAL GameApplication      - Uncaught Exception:

Fatal exception occurred: java.lang.NullPointerException : null
E: Frogger.Frogger_App.splatAnimation(Frogger_App.java:171)
E: Frogger.Frogger_App$2.onCollision(Frogger_App.java:62)
E: com.almasb.fxgl.physics.CollisionPair.collision(CollisionPair.java:48)
E: com.almasb.fxgl.physics.PhysicsWorld.notifyCollisions(PhysicsWorld.java:454)
E: com.almasb.fxgl.physics.PhysicsWorld.onUpdate(PhysicsWorld.java:234)
E: com.almasb.fxgl.app.PlayState.onUpdate(AppStates.kt:237)
E: com.almasb.fxgl.app.State.update(State.java:73)
E: com.almasb.fxgl.app.AppStateMachine.onUpdate(AppStateMachine.java:100)
E: com.almasb.fxgl.app.GameApplication.stepLoop(GameApplication.java:382)
E: com.almasb.fxgl.app.GameApplication$2.handle(GameApplication.java:348)
E: javafx.animation.AnimationTimer$AnimationTimerReceiver.lambda$handle$485(AnimationTimer.java:57)
E: java.security.AccessController.doPrivileged(Native Method)
E: javafx.animation.AnimationTimer$AnimationTimerReceiver.handle(AnimationTimer.java:56)
E: com.sun.scenario.animation.AbstractMasterTimer.timePulseImpl(AbstractMasterTimer.java:357)
E: com.sun.scenario.animation.AbstractMasterTimer$MainLoop.run(AbstractMasterTimer.java:267)
E: com.sun.javafx.tk.quantum.QuantumToolkit.pulse(QuantumToolkit.java:514)
E: com.sun.javafx.tk.quantum.QuantumToolkit.pulse(QuantumToolkit.java:498)
E: com.sun.javafx.tk.quantum.QuantumToolkit.pulseFromQueue(QuantumToolkit.java:491)
E: com.sun.javafx.tk.quantum.QuantumToolkit.lambda$runToolkit$403(QuantumToolkit.java:319)
E: com.sun.glass.ui.InvokeLaterDispatcher$Future.run(InvokeLaterDispatcher.java:95)
E: com.sun.glass.ui.win.WinApplication._runLoop(Native Method)
E: com.sun.glass.ui.win.WinApplication.lambda$null$147(WinApplication.java:177)
E: java.lang.Thread.run(Unknown Source)

09:59:10.472 [JavaFX Application Thread] FATAL GameApplication      - Application will now exit
09:59:10.473 [JavaFX Application Thread] DEBUG GameApplication      - Stopping main loop
09:59:12.699 [JavaFX Application Thread] DEBUG GameApplication      - Exiting game application
09:59:12.700 [JavaFX Application Thread] DEBUG GameApplication      - Shutting down background threads
09:59:12.700 [JavaFX Application Thread] DEBUG GameApplication      - Exiting FXGL
09:59:12.700 [JavaFX Application Thread] DEBUG FXGL                 - Saving FXGL system data
09:59:12.703 [JavaFX Application Thread] DEBUG DesktopFSService     - Writing to: system\fxgl.bundle
09:59:12.707 [JavaFX Application Thread] DEBUG GameApplication      - Closing logger and exiting JavaFX
