15:21:42.039 [JavaFX Application Thread] DEBUG GameApplication      - Logger initialized
15:21:42.045 [JavaFX Application Thread] DEBUG MainWindow           - Creating a JavaFX scene
15:21:42.113 [JavaFX Application Thread] DEBUG MainWindow           - Target settings size: 800.0 x 400.0
15:21:42.113 [JavaFX Application Thread] DEBUG MainWindow           - Scaled scene size:    800.0 x 400.0
15:21:42.114 [JavaFX Application Thread] DEBUG MainWindow           - Scaled ratio: (1.0, 1.0)
15:21:42.119 [JavaFX Application Thread] DEBUG GameApplication      - Starting FXGL
15:21:42.128 [JavaFX Application Thread] INFO  FXGL                 - FXGL-0.5.1 on DESKTOP
15:21:42.128 [JavaFX Application Thread] INFO  FXGL                 - Source code and latest versions at: https://github.com/AlmasB/FXGL
15:21:42.129 [JavaFX Application Thread] INFO  FXGL                 -              Join the FXGL chat at: https://gitter.im/AlmasB/FXGL
15:21:42.134 [JavaFX Application Thread] DEBUG FS                   - Loaded DesktopFSService
15:21:42.134 [JavaFX Application Thread] DEBUG FXGL                 - Loading FXGL system data
15:21:42.141 [JavaFX Application Thread] DEBUG DesktopFSService     - Reading from: system\fxgl.bundle
15:21:42.147 [JavaFX Application Thread] DEBUG Bundle               - Logging bundle: FXGL
15:21:42.148 [JavaFX Application Thread] DEBUG Bundle               - FXGL.offline.timer.version.check=2018-05-16T18:22:51.838
15:21:42.170 [JavaFX Application Thread] DEBUG GameApplication      - FXGL started
15:21:42.170 [JavaFX Application Thread] DEBUG GameApplication      - Logging game settings
Title: FlappyBird
Version: 0.2.0
Width: 800
Height: 400
Fullscreen: false
Intro: false
Menus: false
Profiling: false
Single step:false
App Mode: DEVELOPER
Menu Key: ESCAPE
Stage Style: DECORATED
Scene Factory: class com.almasb.fxgl.scene.SceneFactory
Dialog Factory: class com.almasb.fxgl.ui.FXGLDialogFactory
UI Factory: class com.almasb.fxgl.ui.FXGLUIFactory
Notification Service: class com.almasb.fxgl.gameplay.notification.XboxNotificationView
Exception Handler: class com.almasb.fxgl.app.FXGLExceptionHandler
15:21:42.171 [JavaFX Application Thread] DEBUG GameApplication      - Configuring GameApplication
15:21:42.171 [JavaFX Application Thread] DEBUG GameApplication      - Initializing state machine and application states
15:21:42.182 [JavaFX Application Thread] DEBUG AssetLoader          - Loading from disk: /assets/ui/cursors/fxgl_default.png
15:21:42.200 [JavaFX Application Thread] DEBUG AssetLoader          - Loading from disk: /assets/ui/cursors/fxgl_default.png
15:21:42.216 [JavaFX Application Thread] DEBUG FXGLAssets           - Loading FXGLAssets
15:21:42.239 [JavaFX Application Thread] DEBUG AssetLoader          - Loading from disk: /assets/ui/fonts/VarelaRound-Regular.ttf
15:21:42.357 [JavaFX Application Thread] DEBUG AssetLoader          - Loading from disk: /assets/ui/fonts/lucida_console.ttf
15:21:42.366 [JavaFX Application Thread] DEBUG AssetLoader          - Loading from disk: /assets/ui/css/fxgl_dark.css
15:21:42.392 [JavaFX Application Thread] DEBUG AssetLoader          - Loading from disk: /assets/ui/cursors/fxgl_default.png
15:21:42.418 [JavaFX Application Thread] DEBUG AssetLoader          - Loading from disk: /assets/ui/cursors/fxgl_default.png
15:21:42.432 [JavaFX Application Thread] DEBUG GameScene            - Game scene initialized: 800x400
15:21:42.435 [JavaFX Application Thread] DEBUG GameWorld            - Game world initialized
15:21:42.472 [JavaFX Application Thread] DEBUG PhysicsWorld         - Physics world initialized: appHeight=400, physics.ppm=50.0
15:21:42.486 [JavaFX Application Thread] DEBUG Input                - Registered new binding: Pause - Esc
15:21:42.501 [JavaFX Application Thread] DEBUG Input                - Clearing active input actions
15:21:42.532 [JavaFX Application Thread] DEBUG AppStateMachine      - StartupState -> StartupState
15:21:42.535 [JavaFX Application Thread] INFO  GameApplication      - Game configuration took:  0.364 sec
15:21:42.537 [JavaFX Application Thread] DEBUG AssetLoader          - Loading from disk: /assets/textures/fxgl_icon.png
15:21:42.547 [JavaFX Application Thread] DEBUG MainWindow           - Opening main window
15:21:42.614 [JavaFX Application Thread] DEBUG MainWindow           - Window border size: (14.66668701171875, 37.333343505859375)
15:21:42.615 [JavaFX Application Thread] DEBUG MainWindow           - Scaled size: 800.0 x 400.0
15:21:42.615 [JavaFX Application Thread] DEBUG MainWindow           - Scaled ratio: (1.0, 1.0)
15:21:42.615 [JavaFX Application Thread] DEBUG MainWindow           - Scene size: 800.0 x 400.0
15:21:42.615 [JavaFX Application Thread] DEBUG MainWindow           - Stage size: 814.6666870117188 x 437.3333435058594
15:21:42.615 [JavaFX Application Thread] DEBUG GameApplication      - Running preInit()
15:21:42.618 [JavaFX Application Thread] DEBUG Input                - Registered new binding: Screenshot - P
15:21:42.619 [JavaFX Application Thread] DEBUG Input                - Registered new binding: Dev Options - CTRL+0
15:21:42.619 [JavaFX Application Thread] DEBUG Input                - Registered new binding: System info dump - CTRL+9
15:21:42.620 [JavaFX Application Thread] DEBUG Input                - Registered new binding: Restart - CTRL+R
15:21:42.620 [JavaFX Application Thread] DEBUG Input                - Registered new binding: flap - Space
15:21:42.648 [JavaFX Application Thread] DEBUG GameApplication      - Starting main loop
15:21:42.655 [JavaFX Application Thread] DEBUG StartupState         - STARTUP
15:21:42.655 [JavaFX Application Thread] DEBUG GameApplication      - Starting new game
15:21:42.655 [JavaFX Application Thread] DEBUG Input                - Clearing active input actions
15:21:42.662 [JavaFX Application Thread] DEBUG AppStateMachine      - StartupState -> LoadingState
15:21:42.667 [FXGL Background Thread 1 ] DEBUG InitAppTask          - Clearing previous game
15:21:42.668 [FXGL Background Thread 1 ] DEBUG GameWorld            - Clearing game world
15:21:42.668 [FXGL Background Thread 1 ] DEBUG PhysicsWorld         - Clearing physics world
15:21:42.668 [FXGL Background Thread 1 ] DEBUG GameScene            - Clearing game scene
15:21:42.669 [FXGL Background Thread 1 ] DEBUG InitAppTask          - Initializing Game
15:21:42.691 [FXGL Background Thread 1 ] DEBUG AssetLoader          - Loading from disk: /assets/textures/FlappyPort/flappybird_fly_sheet.png
15:21:42.759 [FXGL Background Thread 1 ] DEBUG GameScene            - Creating render group for layer: DEFAULT(100000)
15:21:42.763 [FXGL Background Thread 1 ] DEBUG InitAppTask          - Initializing Physics
15:21:42.763 [FXGL Background Thread 1 ] DEBUG InitAppTask          - Initializing UI
15:21:42.763 [FXGL Background Thread 1 ] DEBUG AssetLoader          - Loading from disk: /assets/textures/FlappyPort/background.png
15:21:42.769 [FXGL Background Thread 1 ] DEBUG InitAppTask          - Initialization Complete
15:21:42.770 [FXGL Background Thread 1 ] INFO  InitAppTask          - Game initialization took: 0.103 sec
15:21:42.775 [JavaFX Application Thread] DEBUG Input                - Clearing active input actions
15:21:42.779 [JavaFX Application Thread] DEBUG AppStateMachine      - LoadingState -> PlayState
15:21:43.240 [JavaFX Application Thread] DEBUG Input                - Mocking key release: Space
15:21:43.452 [JavaFX Application Thread] DEBUG Input                - Mocking key release: Space
15:21:43.682 [JavaFX Application Thread] DEBUG Input                - Mocking key release: Space
15:21:43.861 [JavaFX Application Thread] DEBUG Input                - Mocking key release: Space
15:21:44.015 [JavaFX Application Thread] DEBUG Input                - Mocking key release: Space
15:21:44.103 [JavaFX Application Thread] DEBUG Input                - Mocking key release: Space
15:21:44.257 [JavaFX Application Thread] DEBUG Input                - Mocking key release: Space
15:21:44.466 [JavaFX Application Thread] DEBUG Input                - Mocking key release: Space
15:21:45.972 [JavaFX Application Thread] DEBUG Input                - Mocking key release: Space
15:21:46.480 [JavaFX Application Thread] DEBUG Input                - Mocking key release: Space
15:21:46.514 [JavaFX Application Thread] DEBUG Input                - Mocking key release: Space
15:21:46.547 [JavaFX Application Thread] DEBUG Input                - Mocking key release: Space
15:21:46.580 [JavaFX Application Thread] DEBUG Input                - Mocking key release: Space
15:21:46.614 [JavaFX Application Thread] DEBUG Input                - Mocking key release: Space
15:21:46.647 [JavaFX Application Thread] DEBUG Input                - Mocking key release: Space
15:21:46.670 [JavaFX Application Thread] DEBUG Input                - Mocking key release: Space
15:21:46.703 [JavaFX Application Thread] DEBUG Input                - Mocking key release: Space
15:21:46.737 [JavaFX Application Thread] DEBUG Input                - Mocking key release: Space
15:21:46.769 [JavaFX Application Thread] DEBUG Input                - Mocking key release: Space
15:21:46.802 [JavaFX Application Thread] DEBUG Input                - Mocking key release: Space
15:21:46.835 [JavaFX Application Thread] DEBUG Input                - Mocking key release: Space
15:21:46.869 [JavaFX Application Thread] DEBUG Input                - Mocking key release: Space
15:21:46.900 [JavaFX Application Thread] DEBUG Input                - Mocking key release: Space
15:21:46.933 [JavaFX Application Thread] DEBUG Input                - Mocking key release: Space
15:21:46.967 [JavaFX Application Thread] DEBUG Input                - Mocking key release: Space
15:21:47.013 [JavaFX Application Thread] DEBUG Input                - Mocking key release: Space
15:21:47.047 [JavaFX Application Thread] DEBUG Input                - Mocking key release: Space
15:21:47.066 [JavaFX Application Thread] DEBUG Input                - Mocking key release: Space
15:21:47.099 [JavaFX Application Thread] DEBUG Input                - Mocking key release: Space
15:21:47.133 [JavaFX Application Thread] DEBUG Input                - Mocking key release: Space
15:21:47.166 [JavaFX Application Thread] DEBUG Input                - Mocking key release: Space
15:21:47.197 [JavaFX Application Thread] DEBUG Input                - Mocking key release: Space
15:21:47.231 [JavaFX Application Thread] DEBUG Input                - Mocking key release: Space
15:21:47.265 [JavaFX Application Thread] DEBUG Input                - Mocking key release: Space
15:21:48.498 [JavaFX Application Thread] DEBUG Input                - Mocking key release: Space
15:21:48.998 [JavaFX Application Thread] DEBUG Input                - Mocking key release: Space
15:21:49.031 [JavaFX Application Thread] DEBUG Input                - Mocking key release: Space
15:21:49.064 [JavaFX Application Thread] DEBUG Input                - Mocking key release: Space
15:21:49.096 [JavaFX Application Thread] DEBUG Input                - Mocking key release: Space
15:21:49.129 [JavaFX Application Thread] DEBUG Input                - Mocking key release: Space
15:21:49.162 [JavaFX Application Thread] DEBUG Input                - Mocking key release: Space
15:21:49.196 [JavaFX Application Thread] DEBUG Input                - Mocking key release: Space
15:21:49.229 [JavaFX Application Thread] DEBUG Input                - Mocking key release: Space
15:21:49.263 [JavaFX Application Thread] DEBUG Input                - Mocking key release: Space
15:21:49.296 [JavaFX Application Thread] DEBUG Input                - Mocking key release: Space
15:21:49.330 [JavaFX Application Thread] DEBUG Input                - Mocking key release: Space
15:21:49.363 [JavaFX Application Thread] DEBUG Input                - Mocking key release: Space
15:21:49.396 [JavaFX Application Thread] DEBUG Input                - Mocking key release: Space
15:21:49.429 [JavaFX Application Thread] DEBUG Input                - Mocking key release: Space
15:21:49.462 [JavaFX Application Thread] DEBUG Input                - Mocking key release: Space
15:21:49.496 [JavaFX Application Thread] DEBUG Input                - Mocking key release: Space
15:21:49.524 [JavaFX Application Thread] DEBUG Input                - Mocking key release: Space
15:21:49.558 [JavaFX Application Thread] DEBUG Input                - Mocking key release: Space
15:21:49.590 [JavaFX Application Thread] DEBUG Input                - Mocking key release: Space
15:21:49.630 [JavaFX Application Thread] DEBUG Input                - Mocking key release: Space
15:21:49.663 [JavaFX Application Thread] DEBUG Input                - Mocking key release: Space
15:21:49.696 [JavaFX Application Thread] DEBUG Input                - Mocking key release: Space
15:21:49.730 [JavaFX Application Thread] DEBUG Input                - Mocking key release: Space
15:21:49.763 [JavaFX Application Thread] DEBUG Input                - Mocking key release: Space
15:21:49.796 [JavaFX Application Thread] DEBUG Input                - Mocking key release: Space
15:21:49.829 [JavaFX Application Thread] DEBUG Input                - Mocking key release: Space
15:21:49.862 [JavaFX Application Thread] DEBUG Input                - Mocking key release: Space
15:21:49.896 [JavaFX Application Thread] DEBUG Input                - Mocking key release: Space
15:21:49.921 [JavaFX Application Thread] DEBUG Input                - Mocking key release: Space
15:21:49.954 [JavaFX Application Thread] DEBUG Input                - Mocking key release: Space
15:21:49.987 [JavaFX Application Thread] DEBUG Input                - Mocking key release: Space
15:21:50.020 [JavaFX Application Thread] DEBUG Input                - Mocking key release: Space
15:21:50.829 [JavaFX Application Thread] DEBUG Input                - Mocking key release: Space
15:21:51.537 [JavaFX Application Thread] DEBUG Input                - Mocking key release: Space
15:21:52.134 [JavaFX Application Thread] DEBUG Input                - Mocking key release: Space
13:25:07.598 [JavaFX Application Thread] DEBUG GameApplication      - Exiting game application
13:25:07.599 [JavaFX Application Thread] DEBUG GameApplication      - Shutting down background threads
13:25:07.599 [JavaFX Application Thread] DEBUG GameApplication      - Exiting FXGL
13:25:07.599 [JavaFX Application Thread] DEBUG FXGL                 - Saving FXGL system data
13:25:07.601 [JavaFX Application Thread] DEBUG DesktopFSService     - Writing to: system\fxgl.bundle
13:25:07.605 [JavaFX Application Thread] DEBUG GameApplication      - Closing logger and exiting JavaFX
