13:33:20.112 [JavaFX Application Thread] DEBUG GameApplication      - Logger initialized
13:33:20.118 [JavaFX Application Thread] DEBUG MainWindow           - Creating a JavaFX scene
13:33:20.186 [JavaFX Application Thread] DEBUG MainWindow           - Target settings size: 700.0 x 490.0
13:33:20.186 [JavaFX Application Thread] DEBUG MainWindow           - Scaled scene size:    700.0 x 490.0
13:33:20.186 [JavaFX Application Thread] DEBUG MainWindow           - Scaled ratio: (1.0, 1.0)
13:33:20.191 [JavaFX Application Thread] DEBUG GameApplication      - Starting FXGL
13:33:20.201 [JavaFX Application Thread] INFO  FXGL                 - FXGL-0.5.1 on DESKTOP
13:33:20.201 [JavaFX Application Thread] INFO  FXGL                 - Source code and latest versions at: https://github.com/AlmasB/FXGL
13:33:20.202 [JavaFX Application Thread] INFO  FXGL                 -              Join the FXGL chat at: https://gitter.im/AlmasB/FXGL
13:33:20.207 [JavaFX Application Thread] DEBUG FS                   - Loaded DesktopFSService
13:33:20.208 [JavaFX Application Thread] DEBUG FXGL                 - Loading FXGL system data
13:33:20.215 [JavaFX Application Thread] DEBUG DesktopFSService     - Reading from: system\fxgl.bundle
13:33:20.222 [JavaFX Application Thread] DEBUG Bundle               - Logging bundle: FXGL
13:33:20.223 [JavaFX Application Thread] DEBUG Bundle               - FXGL.offline.timer.version.check=2018-05-24T09:09:49.283
13:33:20.245 [JavaFX Application Thread] DEBUG GameApplication      - FXGL started
13:33:20.245 [JavaFX Application Thread] DEBUG GameApplication      - Logging game settings
Title: Platformer
Version: 
Width: 700
Height: 490
Fullscreen: false
Intro: false
Menus: false
Profiling: false
Single step:false
App Mode: DEVELOPER
Menu Key: ESCAPE
Stage Style: DECORATED
Scene Factory: class com.almasb.fxgl.scene.SceneFactory
Dialog Factory: class com.almasb.fxgl.ui.FXGLDialogFactory
UI Factory: class com.almasb.fxgl.ui.FXGLUIFactory
Notification Service: class com.almasb.fxgl.gameplay.notification.XboxNotificationView
Exception Handler: class com.almasb.fxgl.app.FXGLExceptionHandler
13:33:20.246 [JavaFX Application Thread] DEBUG GameApplication      - Configuring GameApplication
13:33:20.246 [JavaFX Application Thread] DEBUG GameApplication      - Initializing state machine and application states
13:33:20.257 [JavaFX Application Thread] DEBUG AssetLoader          - Loading from disk: /assets/ui/cursors/fxgl_default.png
13:33:20.274 [JavaFX Application Thread] DEBUG AssetLoader          - Loading from disk: /assets/ui/cursors/fxgl_default.png
13:33:20.290 [JavaFX Application Thread] DEBUG FXGLAssets           - Loading FXGLAssets
13:33:20.313 [JavaFX Application Thread] DEBUG AssetLoader          - Loading from disk: /assets/ui/fonts/VarelaRound-Regular.ttf
13:33:20.437 [JavaFX Application Thread] DEBUG AssetLoader          - Loading from disk: /assets/ui/fonts/lucida_console.ttf
13:33:20.446 [JavaFX Application Thread] DEBUG AssetLoader          - Loading from disk: /assets/ui/css/fxgl_dark.css
13:33:20.470 [JavaFX Application Thread] DEBUG AssetLoader          - Loading from disk: /assets/ui/cursors/fxgl_default.png
13:33:20.495 [JavaFX Application Thread] DEBUG AssetLoader          - Loading from disk: /assets/ui/cursors/fxgl_default.png
13:33:20.508 [JavaFX Application Thread] DEBUG GameScene            - Game scene initialized: 700x490
13:33:20.510 [JavaFX Application Thread] DEBUG GameWorld            - Game world initialized
13:33:20.549 [JavaFX Application Thread] DEBUG PhysicsWorld         - Physics world initialized: appHeight=490, physics.ppm=50.0
13:33:20.564 [JavaFX Application Thread] DEBUG Input                - Registered new binding: Pause - Esc
13:33:20.578 [JavaFX Application Thread] DEBUG Input                - Clearing active input actions
13:33:20.608 [JavaFX Application Thread] DEBUG AppStateMachine      - StartupState -> StartupState
13:33:20.611 [JavaFX Application Thread] INFO  GameApplication      - Game configuration took:  0.365 sec
13:33:20.613 [JavaFX Application Thread] DEBUG AssetLoader          - Loading from disk: /assets/textures/fxgl_icon.png
13:33:20.623 [JavaFX Application Thread] DEBUG MainWindow           - Opening main window
13:33:20.753 [JavaFX Application Thread] DEBUG MainWindow           - Window border size: (4.0, 26.66668701171875)
13:33:20.753 [JavaFX Application Thread] DEBUG MainWindow           - Scaled size: 700.0 x 490.0
13:33:20.753 [JavaFX Application Thread] DEBUG MainWindow           - Scaled ratio: (1.0, 1.0)
13:33:20.754 [JavaFX Application Thread] DEBUG MainWindow           - Scene size: 700.0 x 490.0
13:33:20.754 [JavaFX Application Thread] DEBUG MainWindow           - Stage size: 704.0 x 516.6666870117188
13:33:20.754 [JavaFX Application Thread] DEBUG GameApplication      - Running preInit()
13:33:20.755 [JavaFX Application Thread] DEBUG Input                - Registered new binding: Screenshot - P
13:33:20.756 [JavaFX Application Thread] DEBUG Input                - Registered new binding: Dev Options - CTRL+0
13:33:20.757 [JavaFX Application Thread] DEBUG Input                - Registered new binding: System info dump - CTRL+9
13:33:20.757 [JavaFX Application Thread] DEBUG Input                - Registered new binding: Restart - CTRL+R
13:33:20.761 [JavaFX Application Thread] DEBUG AssetLoader          - Loading from disk: /assets/textures/Platformer/run_sheet.png
13:33:20.789 [JavaFX Application Thread] DEBUG AssetLoader          - Loading from disk: /assets/textures/Platformer/stand_sheet.png
13:33:20.796 [JavaFX Application Thread] DEBUG Input                - Registered new binding: run_right - Right
13:33:20.796 [JavaFX Application Thread] DEBUG Input                - Registered new binding: run_left - Left
13:33:20.796 [JavaFX Application Thread] DEBUG Input                - Registered new binding: jump - Up
13:33:20.829 [JavaFX Application Thread] DEBUG GameApplication      - Starting main loop
13:33:20.831 [JavaFX Application Thread] DEBUG StartupState         - STARTUP
13:33:20.831 [JavaFX Application Thread] DEBUG GameApplication      - Starting new game
13:33:20.831 [JavaFX Application Thread] DEBUG Input                - Clearing active input actions
13:33:20.837 [JavaFX Application Thread] DEBUG AppStateMachine      - StartupState -> LoadingState
13:33:20.841 [FXGL Background Thread 1 ] DEBUG InitAppTask          - Clearing previous game
13:33:20.841 [FXGL Background Thread 1 ] DEBUG GameWorld            - Clearing game world
13:33:20.841 [FXGL Background Thread 1 ] DEBUG PhysicsWorld         - Clearing physics world
13:33:20.841 [FXGL Background Thread 1 ] DEBUG GameScene            - Clearing game scene
13:33:20.842 [FXGL Background Thread 1 ] DEBUG InitAppTask          - Initializing Game
13:33:20.858 [FXGL Background Thread 1 ] DEBUG AssetLoader          - Loading from disk: /assets/tmx/platformer_map_1.tmx
13:33:20.876 [FXGL Background Thread 1 ] WARN  TMXParser            - TiledMap generated from 1.1.5. Supported version: 1.1.2. Some features may not be parsed fully.
13:33:20.894 [FXGL Background Thread 1 ] DEBUG GameWorld            - Clearing removable entities
13:33:20.894 [FXGL Background Thread 1 ] DEBUG GameWorld            - Setting level from map
13:33:20.914 [FXGL Background Thread 1 ] DEBUG AssetLoader          - Loading from disk: /assets/textures/map_tiles.png
13:33:20.926 [FXGL Background Thread 1 ] DEBUG AssetLoader          - Loading from cache: /assets/textures/map_tiles.png
13:33:20.927 [FXGL Background Thread 1 ] DEBUG AssetLoader          - Loading from cache: /assets/textures/map_tiles.png
13:33:20.927 [FXGL Background Thread 1 ] DEBUG AssetLoader          - Loading from cache: /assets/textures/map_tiles.png
13:33:20.927 [FXGL Background Thread 1 ] DEBUG AssetLoader          - Loading from cache: /assets/textures/map_tiles.png
13:33:20.927 [FXGL Background Thread 1 ] DEBUG AssetLoader          - Loading from cache: /assets/textures/map_tiles.png
13:33:20.927 [FXGL Background Thread 1 ] DEBUG AssetLoader          - Loading from cache: /assets/textures/map_tiles.png
13:33:20.927 [FXGL Background Thread 1 ] DEBUG AssetLoader          - Loading from cache: /assets/textures/map_tiles.png
13:33:20.927 [FXGL Background Thread 1 ] DEBUG AssetLoader          - Loading from cache: /assets/textures/map_tiles.png
13:33:20.927 [FXGL Background Thread 1 ] DEBUG AssetLoader          - Loading from cache: /assets/textures/map_tiles.png
13:33:20.927 [FXGL Background Thread 1 ] DEBUG AssetLoader          - Loading from cache: /assets/textures/map_tiles.png
13:33:20.928 [FXGL Background Thread 1 ] DEBUG AssetLoader          - Loading from cache: /assets/textures/map_tiles.png
13:33:20.928 [FXGL Background Thread 1 ] DEBUG AssetLoader          - Loading from cache: /assets/textures/map_tiles.png
13:33:20.928 [FXGL Background Thread 1 ] DEBUG AssetLoader          - Loading from cache: /assets/textures/map_tiles.png
13:33:20.928 [FXGL Background Thread 1 ] DEBUG AssetLoader          - Loading from cache: /assets/textures/map_tiles.png
13:33:20.928 [FXGL Background Thread 1 ] DEBUG AssetLoader          - Loading from cache: /assets/textures/map_tiles.png
13:33:20.928 [FXGL Background Thread 1 ] DEBUG AssetLoader          - Loading from cache: /assets/textures/map_tiles.png
13:33:20.928 [FXGL Background Thread 1 ] DEBUG AssetLoader          - Loading from cache: /assets/textures/map_tiles.png
13:33:20.928 [FXGL Background Thread 1 ] DEBUG AssetLoader          - Loading from cache: /assets/textures/map_tiles.png
13:33:20.928 [FXGL Background Thread 1 ] DEBUG AssetLoader          - Loading from cache: /assets/textures/map_tiles.png
13:33:20.929 [FXGL Background Thread 1 ] DEBUG AssetLoader          - Loading from cache: /assets/textures/map_tiles.png
13:33:20.929 [FXGL Background Thread 1 ] DEBUG AssetLoader          - Loading from cache: /assets/textures/map_tiles.png
13:33:20.929 [FXGL Background Thread 1 ] DEBUG AssetLoader          - Loading from cache: /assets/textures/map_tiles.png
13:33:20.929 [FXGL Background Thread 1 ] DEBUG AssetLoader          - Loading from cache: /assets/textures/map_tiles.png
13:33:20.929 [FXGL Background Thread 1 ] DEBUG AssetLoader          - Loading from cache: /assets/textures/map_tiles.png
13:33:20.929 [FXGL Background Thread 1 ] DEBUG AssetLoader          - Loading from cache: /assets/textures/map_tiles.png
13:33:20.929 [FXGL Background Thread 1 ] DEBUG AssetLoader          - Loading from cache: /assets/textures/map_tiles.png
13:33:20.929 [FXGL Background Thread 1 ] DEBUG AssetLoader          - Loading from cache: /assets/textures/map_tiles.png
13:33:20.929 [FXGL Background Thread 1 ] DEBUG AssetLoader          - Loading from cache: /assets/textures/map_tiles.png
13:33:20.930 [FXGL Background Thread 1 ] DEBUG AssetLoader          - Loading from cache: /assets/textures/map_tiles.png
13:33:20.930 [FXGL Background Thread 1 ] DEBUG AssetLoader          - Loading from cache: /assets/textures/map_tiles.png
13:33:20.930 [FXGL Background Thread 1 ] DEBUG AssetLoader          - Loading from cache: /assets/textures/map_tiles.png
13:33:20.930 [FXGL Background Thread 1 ] DEBUG AssetLoader          - Loading from cache: /assets/textures/map_tiles.png
13:33:20.930 [FXGL Background Thread 1 ] DEBUG AssetLoader          - Loading from cache: /assets/textures/map_tiles.png
13:33:20.930 [FXGL Background Thread 1 ] DEBUG AssetLoader          - Loading from cache: /assets/textures/map_tiles.png
13:33:20.930 [FXGL Background Thread 1 ] DEBUG AssetLoader          - Loading from cache: /assets/textures/map_tiles.png
13:33:20.930 [FXGL Background Thread 1 ] DEBUG AssetLoader          - Loading from cache: /assets/textures/map_tiles.png
13:33:20.930 [FXGL Background Thread 1 ] DEBUG AssetLoader          - Loading from cache: /assets/textures/map_tiles.png
13:33:20.931 [FXGL Background Thread 1 ] DEBUG AssetLoader          - Loading from cache: /assets/textures/map_tiles.png
13:33:20.931 [FXGL Background Thread 1 ] DEBUG AssetLoader          - Loading from cache: /assets/textures/map_tiles.png
13:33:20.931 [FXGL Background Thread 1 ] DEBUG AssetLoader          - Loading from cache: /assets/textures/map_tiles.png
13:33:20.931 [FXGL Background Thread 1 ] DEBUG AssetLoader          - Loading from cache: /assets/textures/map_tiles.png
13:33:20.931 [FXGL Background Thread 1 ] DEBUG AssetLoader          - Loading from cache: /assets/textures/map_tiles.png
13:33:20.931 [FXGL Background Thread 1 ] DEBUG AssetLoader          - Loading from cache: /assets/textures/map_tiles.png
13:33:20.932 [FXGL Background Thread 1 ] DEBUG AssetLoader          - Loading from cache: /assets/textures/map_tiles.png
13:33:20.932 [FXGL Background Thread 1 ] DEBUG AssetLoader          - Loading from cache: /assets/textures/map_tiles.png
13:33:20.932 [FXGL Background Thread 1 ] DEBUG AssetLoader          - Loading from cache: /assets/textures/map_tiles.png
13:33:20.932 [FXGL Background Thread 1 ] DEBUG AssetLoader          - Loading from cache: /assets/textures/map_tiles.png
13:33:20.932 [FXGL Background Thread 1 ] DEBUG AssetLoader          - Loading from cache: /assets/textures/map_tiles.png
13:33:20.932 [FXGL Background Thread 1 ] DEBUG AssetLoader          - Loading from cache: /assets/textures/map_tiles.png
13:33:20.932 [FXGL Background Thread 1 ] DEBUG AssetLoader          - Loading from cache: /assets/textures/map_tiles.png
13:33:20.933 [FXGL Background Thread 1 ] DEBUG AssetLoader          - Loading from cache: /assets/textures/map_tiles.png
13:33:20.933 [FXGL Background Thread 1 ] DEBUG AssetLoader          - Loading from cache: /assets/textures/map_tiles.png
13:33:20.933 [FXGL Background Thread 1 ] DEBUG AssetLoader          - Loading from cache: /assets/textures/map_tiles.png
13:33:20.933 [FXGL Background Thread 1 ] DEBUG AssetLoader          - Loading from cache: /assets/textures/map_tiles.png
13:33:20.933 [FXGL Background Thread 1 ] DEBUG AssetLoader          - Loading from cache: /assets/textures/map_tiles.png
13:33:20.933 [FXGL Background Thread 1 ] DEBUG AssetLoader          - Loading from cache: /assets/textures/map_tiles.png
13:33:20.933 [FXGL Background Thread 1 ] DEBUG AssetLoader          - Loading from cache: /assets/textures/map_tiles.png
13:33:20.933 [FXGL Background Thread 1 ] DEBUG AssetLoader          - Loading from cache: /assets/textures/map_tiles.png
13:33:20.933 [FXGL Background Thread 1 ] DEBUG AssetLoader          - Loading from cache: /assets/textures/map_tiles.png
13:33:20.934 [FXGL Background Thread 1 ] DEBUG AssetLoader          - Loading from cache: /assets/textures/map_tiles.png
13:33:20.934 [FXGL Background Thread 1 ] DEBUG AssetLoader          - Loading from cache: /assets/textures/map_tiles.png
13:33:20.934 [FXGL Background Thread 1 ] DEBUG AssetLoader          - Loading from cache: /assets/textures/map_tiles.png
13:33:20.935 [FXGL Background Thread 1 ] DEBUG GameScene            - Creating render group for layer: BACKGROUND(1000)
13:33:20.978 [FXGL Background Thread 1 ] DEBUG GameScene            - Creating render group for layer: DEFAULT(100000)
13:33:20.995 [FXGL Background Thread 1 ] DEBUG AssetLoader          - Loading from cache: /assets/textures/Platformer/stand_sheet.png
13:33:20.995 [FXGL Background Thread 1 ] DEBUG AssetLoader          - Loading from disk: /assets/textures/Platformer/jump-fall.png
13:33:20.999 [FXGL Background Thread 1 ] DEBUG AssetLoader          - Loading from disk: /assets/textures/Platformer/jump-up.png
13:33:21.003 [FXGL Background Thread 1 ] DEBUG InitAppTask          - Initializing Physics
13:33:21.003 [FXGL Background Thread 1 ] DEBUG InitAppTask          - Initializing UI
13:33:21.004 [FXGL Background Thread 1 ] DEBUG InitAppTask          - Initialization Complete
13:33:21.004 [FXGL Background Thread 1 ] INFO  InitAppTask          - Game initialization took: 0.162 sec
13:33:21.010 [JavaFX Application Thread] DEBUG Input                - Clearing active input actions
13:33:21.016 [JavaFX Application Thread] DEBUG AppStateMachine      - LoadingState -> PlayState
13:33:33.127 [JavaFX Application Thread] DEBUG GameApplication      - Exiting game application
13:33:33.128 [JavaFX Application Thread] DEBUG GameApplication      - Shutting down background threads
13:33:33.128 [JavaFX Application Thread] DEBUG GameApplication      - Exiting FXGL
13:33:33.128 [JavaFX Application Thread] DEBUG FXGL                 - Saving FXGL system data
13:33:33.131 [JavaFX Application Thread] DEBUG DesktopFSService     - Writing to: system\fxgl.bundle
13:33:33.134 [JavaFX Application Thread] DEBUG GameApplication      - Closing logger and exiting JavaFX
