09:21:12.841 [JavaFX Application Thread] DEBUG GameApplication      - Logger initialized
09:21:12.846 [JavaFX Application Thread] DEBUG MainWindow           - Creating a JavaFX scene
09:21:12.914 [JavaFX Application Thread] DEBUG MainWindow           - Target settings size: 800.0 x 600.0
09:21:12.914 [JavaFX Application Thread] DEBUG MainWindow           - Scaled scene size:    800.0 x 600.0
09:21:12.915 [JavaFX Application Thread] DEBUG MainWindow           - Scaled ratio: (1.0, 1.0)
09:21:12.919 [JavaFX Application Thread] DEBUG GameApplication      - Starting FXGL
09:21:12.929 [JavaFX Application Thread] INFO  FXGL                 - FXGL-0.5.1 on DESKTOP
09:21:12.930 [JavaFX Application Thread] INFO  FXGL                 - Source code and latest versions at: https://github.com/AlmasB/FXGL
09:21:12.930 [JavaFX Application Thread] INFO  FXGL                 -              Join the FXGL chat at: https://gitter.im/AlmasB/FXGL
09:21:12.935 [JavaFX Application Thread] DEBUG FS                   - Loaded DesktopFSService
09:21:12.936 [JavaFX Application Thread] DEBUG FXGL                 - Loading FXGL system data
09:21:12.942 [JavaFX Application Thread] DEBUG DesktopFSService     - Reading from: system\fxgl.bundle
09:21:12.949 [JavaFX Application Thread] DEBUG Bundle               - Logging bundle: FXGL
09:21:12.949 [JavaFX Application Thread] DEBUG Bundle               - FXGL.offline.timer.version.check=2018-05-24T09:09:49.283
09:21:12.971 [JavaFX Application Thread] DEBUG GameApplication      - FXGL started
09:21:12.972 [JavaFX Application Thread] DEBUG GameApplication      - Logging game settings
Title: Physics Demo
Version: 
Width: 800
Height: 600
Fullscreen: false
Intro: false
Menus: false
Profiling: false
Single step:false
App Mode: DEVELOPER
Menu Key: ESCAPE
Stage Style: DECORATED
Scene Factory: class com.almasb.fxgl.scene.SceneFactory
Dialog Factory: class com.almasb.fxgl.ui.FXGLDialogFactory
UI Factory: class com.almasb.fxgl.ui.FXGLUIFactory
Notification Service: class com.almasb.fxgl.gameplay.notification.XboxNotificationView
Exception Handler: class com.almasb.fxgl.app.FXGLExceptionHandler
09:21:12.973 [JavaFX Application Thread] DEBUG GameApplication      - Configuring GameApplication
09:21:12.973 [JavaFX Application Thread] DEBUG GameApplication      - Initializing state machine and application states
09:21:12.984 [JavaFX Application Thread] DEBUG AssetLoader          - Loading from disk: /assets/ui/cursors/fxgl_default.png
09:21:13.002 [JavaFX Application Thread] DEBUG AssetLoader          - Loading from disk: /assets/ui/cursors/fxgl_default.png
09:21:13.019 [JavaFX Application Thread] DEBUG FXGLAssets           - Loading FXGLAssets
09:21:13.045 [JavaFX Application Thread] DEBUG AssetLoader          - Loading from disk: /assets/ui/fonts/VarelaRound-Regular.ttf
09:21:13.177 [JavaFX Application Thread] DEBUG AssetLoader          - Loading from disk: /assets/ui/fonts/lucida_console.ttf
09:21:13.186 [JavaFX Application Thread] DEBUG AssetLoader          - Loading from disk: /assets/ui/css/fxgl_dark.css
09:21:13.211 [JavaFX Application Thread] DEBUG AssetLoader          - Loading from disk: /assets/ui/cursors/fxgl_default.png
09:21:13.238 [JavaFX Application Thread] DEBUG AssetLoader          - Loading from disk: /assets/ui/cursors/fxgl_default.png
09:21:13.251 [JavaFX Application Thread] DEBUG GameScene            - Game scene initialized: 800x600
09:21:13.254 [JavaFX Application Thread] DEBUG GameWorld            - Game world initialized
09:21:13.291 [JavaFX Application Thread] DEBUG PhysicsWorld         - Physics world initialized: appHeight=600, physics.ppm=50.0
09:21:13.305 [JavaFX Application Thread] DEBUG Input                - Registered new binding: Pause - Esc
09:21:13.319 [JavaFX Application Thread] DEBUG Input                - Clearing active input actions
09:21:13.352 [JavaFX Application Thread] DEBUG AppStateMachine      - StartupState -> StartupState
09:21:13.355 [JavaFX Application Thread] INFO  GameApplication      - Game configuration took:  0.383 sec
09:21:13.357 [JavaFX Application Thread] DEBUG AssetLoader          - Loading from disk: /assets/textures/fxgl_icon.png
09:21:13.367 [JavaFX Application Thread] DEBUG MainWindow           - Opening main window
09:21:13.495 [JavaFX Application Thread] DEBUG MainWindow           - Window border size: (4.0, 26.66668701171875)
09:21:13.495 [JavaFX Application Thread] DEBUG MainWindow           - Scaled size: 800.0 x 600.0
09:21:13.495 [JavaFX Application Thread] DEBUG MainWindow           - Scaled ratio: (1.0, 1.0)
09:21:13.496 [JavaFX Application Thread] DEBUG MainWindow           - Scene size: 800.0 x 600.0
09:21:13.496 [JavaFX Application Thread] DEBUG MainWindow           - Stage size: 804.0 x 626.6666870117188
09:21:13.496 [JavaFX Application Thread] DEBUG GameApplication      - Running preInit()
09:21:13.497 [JavaFX Application Thread] DEBUG Input                - Registered new binding: Screenshot - P
09:21:13.498 [JavaFX Application Thread] DEBUG Input                - Registered new binding: Dev Options - CTRL+0
09:21:13.498 [JavaFX Application Thread] DEBUG Input                - Registered new binding: System info dump - CTRL+9
09:21:13.499 [JavaFX Application Thread] DEBUG Input                - Registered new binding: Restart - CTRL+R
09:21:13.529 [JavaFX Application Thread] DEBUG GameApplication      - Starting main loop
09:21:13.530 [JavaFX Application Thread] DEBUG StartupState         - STARTUP
09:21:13.530 [JavaFX Application Thread] DEBUG GameApplication      - Starting new game
09:21:13.530 [JavaFX Application Thread] DEBUG Input                - Clearing active input actions
09:21:13.536 [JavaFX Application Thread] DEBUG AppStateMachine      - StartupState -> LoadingState
09:21:13.541 [FXGL Background Thread 1 ] DEBUG InitAppTask          - Clearing previous game
09:21:13.541 [FXGL Background Thread 1 ] DEBUG GameWorld            - Clearing game world
09:21:13.541 [FXGL Background Thread 1 ] DEBUG PhysicsWorld         - Clearing physics world
09:21:13.541 [FXGL Background Thread 1 ] DEBUG GameScene            - Clearing game scene
09:21:13.543 [FXGL Background Thread 1 ] DEBUG InitAppTask          - Initializing Game
09:21:13.637 [FXGL Background Thread 1 ] DEBUG GameScene            - Creating render group for layer: DEFAULT(100000)
09:21:13.641 [FXGL Background Thread 1 ] DEBUG InitAppTask          - Initializing Physics
09:21:13.641 [FXGL Background Thread 1 ] DEBUG InitAppTask          - Initializing UI
09:21:13.641 [FXGL Background Thread 1 ] DEBUG InitAppTask          - Initialization Complete
09:21:13.641 [FXGL Background Thread 1 ] INFO  InitAppTask          - Game initialization took: 0.100 sec
09:21:13.652 [JavaFX Application Thread] DEBUG Input                - Clearing active input actions
09:21:13.657 [JavaFX Application Thread] DEBUG AppStateMachine      - LoadingState -> PlayState
09:21:39.540 [JavaFX Application Thread] DEBUG GameApplication      - Exiting game application
09:21:39.541 [JavaFX Application Thread] DEBUG GameApplication      - Shutting down background threads
09:21:39.541 [JavaFX Application Thread] DEBUG GameApplication      - Exiting FXGL
09:21:39.541 [JavaFX Application Thread] DEBUG FXGL                 - Saving FXGL system data
09:21:39.543 [JavaFX Application Thread] DEBUG DesktopFSService     - Writing to: system\fxgl.bundle
09:21:39.546 [JavaFX Application Thread] DEBUG GameApplication      - Closing logger and exiting JavaFX
