15:29:51.112 [JavaFX Application Thread] DEBUG GameApplication      - Logger initialized
15:29:51.118 [JavaFX Application Thread] DEBUG MainWindow           - Creating a JavaFX scene
15:29:51.187 [JavaFX Application Thread] DEBUG MainWindow           - Target settings size: 800.0 x 470.0
15:29:51.187 [JavaFX Application Thread] DEBUG MainWindow           - Scaled scene size:    800.0 x 470.0
15:29:51.187 [JavaFX Application Thread] DEBUG MainWindow           - Scaled ratio: (1.0, 1.0)
15:29:51.192 [JavaFX Application Thread] DEBUG GameApplication      - Starting FXGL
15:29:51.202 [JavaFX Application Thread] INFO  FXGL                 - FXGL-0.5.1 on DESKTOP
15:29:51.202 [JavaFX Application Thread] INFO  FXGL                 - Source code and latest versions at: https://github.com/AlmasB/FXGL
15:29:51.203 [JavaFX Application Thread] INFO  FXGL                 -              Join the FXGL chat at: https://gitter.im/AlmasB/FXGL
15:29:51.208 [JavaFX Application Thread] DEBUG FS                   - Loaded DesktopFSService
15:29:51.208 [JavaFX Application Thread] DEBUG FXGL                 - Loading FXGL system data
15:29:51.215 [JavaFX Application Thread] DEBUG DesktopFSService     - Reading from: system\fxgl.bundle
15:29:51.223 [JavaFX Application Thread] DEBUG Bundle               - Logging bundle: FXGL
15:29:51.224 [JavaFX Application Thread] DEBUG Bundle               - FXGL.offline.timer.version.check=2018-05-24T09:09:49.283
15:29:51.247 [JavaFX Application Thread] DEBUG GameApplication      - FXGL started
15:29:51.248 [JavaFX Application Thread] DEBUG GameApplication      - Logging game settings
Title: Frogger
Version: 0.2.0
Width: 800
Height: 470
Fullscreen: false
Intro: false
Menus: false
Profiling: false
Single step:false
App Mode: DEVELOPER
Menu Key: ESCAPE
Stage Style: DECORATED
Scene Factory: class com.almasb.fxgl.scene.SceneFactory
Dialog Factory: class com.almasb.fxgl.ui.FXGLDialogFactory
UI Factory: class com.almasb.fxgl.ui.FXGLUIFactory
Notification Service: class com.almasb.fxgl.gameplay.notification.XboxNotificationView
Exception Handler: class com.almasb.fxgl.app.FXGLExceptionHandler
15:29:51.248 [JavaFX Application Thread] DEBUG GameApplication      - Configuring GameApplication
15:29:51.248 [JavaFX Application Thread] DEBUG GameApplication      - Initializing state machine and application states
15:29:51.260 [JavaFX Application Thread] DEBUG AssetLoader          - Loading from disk: /assets/ui/cursors/fxgl_default.png
15:29:51.277 [JavaFX Application Thread] DEBUG AssetLoader          - Loading from disk: /assets/ui/cursors/fxgl_default.png
15:29:51.295 [JavaFX Application Thread] DEBUG FXGLAssets           - Loading FXGLAssets
15:29:51.321 [JavaFX Application Thread] DEBUG AssetLoader          - Loading from disk: /assets/ui/fonts/VarelaRound-Regular.ttf
15:29:51.452 [JavaFX Application Thread] DEBUG AssetLoader          - Loading from disk: /assets/ui/fonts/lucida_console.ttf
15:29:51.461 [JavaFX Application Thread] DEBUG AssetLoader          - Loading from disk: /assets/ui/css/fxgl_dark.css
15:29:51.485 [JavaFX Application Thread] DEBUG AssetLoader          - Loading from disk: /assets/ui/cursors/fxgl_default.png
15:29:51.509 [JavaFX Application Thread] DEBUG AssetLoader          - Loading from disk: /assets/ui/cursors/fxgl_default.png
15:29:51.523 [JavaFX Application Thread] DEBUG GameScene            - Game scene initialized: 800x470
15:29:51.525 [JavaFX Application Thread] DEBUG GameWorld            - Game world initialized
15:29:51.563 [JavaFX Application Thread] DEBUG PhysicsWorld         - Physics world initialized: appHeight=470, physics.ppm=50.0
15:29:51.578 [JavaFX Application Thread] DEBUG Input                - Registered new binding: Pause - Esc
15:29:51.594 [JavaFX Application Thread] DEBUG Input                - Clearing active input actions
15:29:51.629 [JavaFX Application Thread] DEBUG AppStateMachine      - StartupState -> StartupState
15:29:51.633 [JavaFX Application Thread] INFO  GameApplication      - Game configuration took:  0.385 sec
15:29:51.636 [JavaFX Application Thread] DEBUG AssetLoader          - Loading from disk: /assets/textures/fxgl_icon.png
15:29:51.647 [JavaFX Application Thread] DEBUG MainWindow           - Opening main window
15:29:51.779 [JavaFX Application Thread] DEBUG MainWindow           - Window border size: (4.0, 26.666656494140625)
15:29:51.779 [JavaFX Application Thread] DEBUG MainWindow           - Scaled size: 800.0 x 470.0
15:29:51.780 [JavaFX Application Thread] DEBUG MainWindow           - Scaled ratio: (1.0, 1.0)
15:29:51.780 [JavaFX Application Thread] DEBUG MainWindow           - Scene size: 800.0 x 470.0
15:29:51.780 [JavaFX Application Thread] DEBUG MainWindow           - Stage size: 804.0 x 496.6666564941406
15:29:51.780 [JavaFX Application Thread] DEBUG GameApplication      - Running preInit()
15:29:51.781 [JavaFX Application Thread] DEBUG Input                - Registered new binding: Screenshot - P
15:29:51.782 [JavaFX Application Thread] DEBUG Input                - Registered new binding: Dev Options - CTRL+0
15:29:51.782 [JavaFX Application Thread] DEBUG Input                - Registered new binding: System info dump - CTRL+9
15:29:51.783 [JavaFX Application Thread] DEBUG Input                - Registered new binding: Restart - CTRL+R
15:29:51.783 [JavaFX Application Thread] DEBUG Input                - Registered new binding: up - W
15:29:51.783 [JavaFX Application Thread] DEBUG Input                - Registered new binding: down - S
15:29:51.783 [JavaFX Application Thread] DEBUG Input                - Registered new binding: left - A
15:29:51.783 [JavaFX Application Thread] DEBUG Input                - Registered new binding: right - D
15:29:51.783 [JavaFX Application Thread] DEBUG Input                - Registered new binding: testd - Space
15:29:51.814 [JavaFX Application Thread] DEBUG GameApplication      - Starting main loop
15:29:51.815 [JavaFX Application Thread] DEBUG StartupState         - STARTUP
15:29:51.816 [JavaFX Application Thread] DEBUG GameApplication      - Starting new game
15:29:51.816 [JavaFX Application Thread] DEBUG Input                - Clearing active input actions
15:29:51.821 [JavaFX Application Thread] DEBUG AppStateMachine      - StartupState -> LoadingState
15:29:51.827 [FXGL Background Thread 1 ] DEBUG InitAppTask          - Clearing previous game
15:29:51.827 [FXGL Background Thread 1 ] DEBUG GameWorld            - Clearing game world
15:29:51.827 [FXGL Background Thread 1 ] DEBUG PhysicsWorld         - Clearing physics world
15:29:51.828 [FXGL Background Thread 1 ] DEBUG GameScene            - Clearing game scene
15:29:51.829 [FXGL Background Thread 1 ] DEBUG InitAppTask          - Initializing Game
15:29:51.851 [FXGL Background Thread 1 ] DEBUG AssetLoader          - Loading from disk: /assets/textures/Frogger/splatting_frog.png
15:29:51.885 [FXGL Background Thread 1 ] DEBUG AssetLoader          - Loading from disk: /assets/textures/Frogger/frog_idle.png
15:29:51.894 [FXGL Background Thread 1 ] DEBUG GameScene            - Creating render group for layer: TOP(2147483647)
15:29:51.899 [FXGL Background Thread 1 ] DEBUG AssetLoader          - Loading from disk: /assets/textures/Frogger/half_log.png
15:29:51.904 [FXGL Background Thread 1 ] DEBUG GameScene            - Creating render group for layer: DEFAULT(100000)
15:29:51.907 [FXGL Background Thread 1 ] DEBUG AssetLoader          - Loading from disk: /assets/textures/Frogger/full_log.png
15:29:51.909 [FXGL Background Thread 1 ] DEBUG AssetLoader          - Loading from cache: /assets/textures/Frogger/half_log.png
15:29:51.910 [FXGL Background Thread 1 ] DEBUG AssetLoader          - Loading from disk: /assets/textures/Frogger/rotating_log.png
15:29:51.913 [FXGL Background Thread 1 ] DEBUG InitAppTask          - Initializing Physics
15:29:51.914 [FXGL Background Thread 1 ] DEBUG InitAppTask          - Initializing UI
15:29:51.914 [FXGL Background Thread 1 ] DEBUG AssetLoader          - Loading from disk: /assets/textures/Frogger/background.jpg
15:29:51.922 [FXGL Background Thread 1 ] DEBUG InitAppTask          - Initialization Complete
15:29:51.922 [FXGL Background Thread 1 ] INFO  InitAppTask          - Game initialization took: 0.096 sec
15:29:51.926 [JavaFX Application Thread] DEBUG Input                - Clearing active input actions
15:29:51.931 [JavaFX Application Thread] DEBUG AppStateMachine      - LoadingState -> PlayState
15:29:52.429 [JavaFX Application Thread] DEBUG Input                - Mocking key release: W
15:29:52.430 [JavaFX Application Thread] DEBUG AssetLoader          - Loading from disk: /assets/textures/Frogger/frog_jump.png
15:29:52.672 [JavaFX Application Thread] DEBUG AssetLoader          - Loading from cache: /assets/textures/Frogger/frog_idle.png
15:29:52.816 [JavaFX Application Thread] DEBUG AssetLoader          - Loading from disk: /assets/textures/Frogger/red_car.png
15:29:52.818 [JavaFX Application Thread] DEBUG AssetLoader          - Loading from disk: /assets/textures/Frogger/blue_car.png
15:29:52.913 [JavaFX Application Thread] DEBUG Input                - Mocking key release: W
15:29:52.913 [JavaFX Application Thread] DEBUG AssetLoader          - Loading from cache: /assets/textures/Frogger/frog_jump.png
15:29:53.008 [JavaFX Application Thread] DEBUG AssetLoader          - Loading from cache: /assets/textures/Frogger/splatting_frog.png
15:29:53.536 [JavaFX Application Thread] DEBUG AssetLoader          - Loading from cache: /assets/textures/Frogger/splatting_frog.png
15:29:53.536 [JavaFX Application Thread] DEBUG AssetLoader          - Loading from cache: /assets/textures/Frogger/frog_idle.png
15:29:53.729 [JavaFX Application Thread] DEBUG AssetLoader          - Loading from disk: /assets/textures/Frogger/green_car.png
15:29:53.730 [JavaFX Application Thread] DEBUG AssetLoader          - Loading from cache: /assets/textures/Frogger/blue_car.png
15:29:54.317 [JavaFX Application Thread] DEBUG Input                - Mocking key release: W
15:29:54.318 [JavaFX Application Thread] DEBUG AssetLoader          - Loading from cache: /assets/textures/Frogger/frog_jump.png
15:29:54.488 [JavaFX Application Thread] DEBUG Input                - Mocking key release: W
15:29:54.489 [JavaFX Application Thread] DEBUG AssetLoader          - Loading from cache: /assets/textures/Frogger/frog_jump.png
15:29:54.560 [JavaFX Application Thread] DEBUG AssetLoader          - Loading from cache: /assets/textures/Frogger/frog_idle.png
15:29:54.640 [JavaFX Application Thread] DEBUG AssetLoader          - Loading from disk: /assets/textures/Frogger/purple_car.png
15:29:54.642 [JavaFX Application Thread] DEBUG AssetLoader          - Loading from cache: /assets/textures/Frogger/purple_car.png
15:29:54.671 [JavaFX Application Thread] DEBUG Input                - Mocking key release: W
15:29:54.671 [JavaFX Application Thread] DEBUG AssetLoader          - Loading from cache: /assets/textures/Frogger/frog_jump.png
15:29:54.753 [JavaFX Application Thread] DEBUG AssetLoader          - Loading from cache: /assets/textures/Frogger/frog_idle.png
15:29:54.817 [JavaFX Application Thread] DEBUG AssetLoader          - Loading from cache: /assets/textures/Frogger/splatting_frog.png
15:29:55.328 [JavaFX Application Thread] DEBUG AssetLoader          - Loading from cache: /assets/textures/Frogger/splatting_frog.png
15:29:55.329 [JavaFX Application Thread] DEBUG AssetLoader          - Loading from cache: /assets/textures/Frogger/frog_idle.png
15:29:55.569 [JavaFX Application Thread] DEBUG AssetLoader          - Loading from cache: /assets/textures/Frogger/blue_car.png
15:29:55.571 [JavaFX Application Thread] DEBUG AssetLoader          - Loading from cache: /assets/textures/Frogger/green_car.png
15:29:56.007 [JavaFX Application Thread] DEBUG Input                - Mocking key release: W
15:29:56.007 [JavaFX Application Thread] DEBUG AssetLoader          - Loading from cache: /assets/textures/Frogger/frog_jump.png
15:29:56.153 [JavaFX Application Thread] DEBUG Input                - Mocking key release: W
15:29:56.154 [JavaFX Application Thread] DEBUG AssetLoader          - Loading from cache: /assets/textures/Frogger/frog_jump.png
15:29:56.257 [JavaFX Application Thread] DEBUG AssetLoader          - Loading from cache: /assets/textures/Frogger/frog_idle.png
15:29:56.338 [JavaFX Application Thread] DEBUG Input                - Mocking key release: W
15:29:56.338 [JavaFX Application Thread] DEBUG AssetLoader          - Loading from cache: /assets/textures/Frogger/frog_jump.png
15:29:56.416 [JavaFX Application Thread] DEBUG AssetLoader          - Loading from cache: /assets/textures/Frogger/frog_idle.png
15:29:56.480 [JavaFX Application Thread] DEBUG AssetLoader          - Loading from cache: /assets/textures/Frogger/red_car.png
15:29:56.481 [JavaFX Application Thread] DEBUG AssetLoader          - Loading from cache: /assets/textures/Frogger/green_car.png
15:29:56.482 [JavaFX Application Thread] DEBUG AssetLoader          - Loading from cache: /assets/textures/Frogger/half_log.png
15:29:56.482 [JavaFX Application Thread] DEBUG AssetLoader          - Loading from cache: /assets/textures/Frogger/full_log.png
15:29:56.486 [JavaFX Application Thread] DEBUG Input                - Mocking key release: W
15:29:56.487 [JavaFX Application Thread] DEBUG AssetLoader          - Loading from cache: /assets/textures/Frogger/frog_jump.png
15:29:56.593 [JavaFX Application Thread] DEBUG AssetLoader          - Loading from cache: /assets/textures/Frogger/frog_idle.png
15:29:56.752 [JavaFX Application Thread] DEBUG AssetLoader          - Loading from cache: /assets/textures/Frogger/frog_idle.png
15:29:57.393 [JavaFX Application Thread] DEBUG AssetLoader          - Loading from cache: /assets/textures/Frogger/red_car.png
15:29:57.394 [JavaFX Application Thread] DEBUG AssetLoader          - Loading from cache: /assets/textures/Frogger/blue_car.png
15:29:58.070 [JavaFX Application Thread] DEBUG Input                - Mocking key release: W
15:29:58.070 [JavaFX Application Thread] DEBUG AssetLoader          - Loading from cache: /assets/textures/Frogger/frog_jump.png
15:29:58.304 [JavaFX Application Thread] DEBUG AssetLoader          - Loading from cache: /assets/textures/Frogger/green_car.png
15:29:58.305 [JavaFX Application Thread] DEBUG AssetLoader          - Loading from cache: /assets/textures/Frogger/red_car.png
15:29:58.320 [JavaFX Application Thread] DEBUG AssetLoader          - Loading from cache: /assets/textures/Frogger/frog_idle.png
15:29:58.821 [JavaFX Application Thread] DEBUG Input                - Mocking key release: W
15:29:58.821 [JavaFX Application Thread] DEBUG AssetLoader          - Loading from cache: /assets/textures/Frogger/frog_jump.png
15:29:59.072 [JavaFX Application Thread] DEBUG AssetLoader          - Loading from cache: /assets/textures/Frogger/frog_idle.png
15:29:59.233 [JavaFX Application Thread] DEBUG AssetLoader          - Loading from cache: /assets/textures/Frogger/blue_car.png
15:29:59.234 [JavaFX Application Thread] DEBUG AssetLoader          - Loading from disk: /assets/textures/Frogger/orange_car.png
15:29:59.424 [JavaFX Application Thread] DEBUG AssetLoader          - Loading from cache: /assets/textures/Frogger/splatting_frog.png
15:29:59.936 [JavaFX Application Thread] DEBUG AssetLoader          - Loading from cache: /assets/textures/Frogger/splatting_frog.png
15:29:59.937 [JavaFX Application Thread] DEBUG AssetLoader          - Loading from cache: /assets/textures/Frogger/frog_idle.png
15:30:00.128 [JavaFX Application Thread] DEBUG AssetLoader          - Loading from cache: /assets/textures/Frogger/purple_car.png
15:30:00.129 [JavaFX Application Thread] DEBUG AssetLoader          - Loading from cache: /assets/textures/Frogger/purple_car.png
15:30:00.130 [JavaFX Application Thread] DEBUG AssetLoader          - Loading from cache: /assets/textures/Frogger/half_log.png
15:30:00.131 [JavaFX Application Thread] DEBUG AssetLoader          - Loading from cache: /assets/textures/Frogger/full_log.png
15:30:00.736 [JavaFX Application Thread] DEBUG Input                - Mocking key release: W
15:30:00.736 [JavaFX Application Thread] DEBUG AssetLoader          - Loading from cache: /assets/textures/Frogger/frog_jump.png
15:30:00.992 [JavaFX Application Thread] DEBUG AssetLoader          - Loading from cache: /assets/textures/Frogger/frog_idle.png
15:30:01.024 [JavaFX Application Thread] DEBUG AssetLoader          - Loading from cache: /assets/textures/Frogger/orange_car.png
15:30:01.025 [JavaFX Application Thread] DEBUG AssetLoader          - Loading from cache: /assets/textures/Frogger/orange_car.png
15:30:01.054 [JavaFX Application Thread] DEBUG Input                - Mocking key release: W
15:30:01.054 [JavaFX Application Thread] DEBUG AssetLoader          - Loading from cache: /assets/textures/Frogger/frog_jump.png
15:30:01.169 [JavaFX Application Thread] DEBUG AssetLoader          - Loading from cache: /assets/textures/Frogger/splatting_frog.png
15:30:01.696 [JavaFX Application Thread] DEBUG AssetLoader          - Loading from cache: /assets/textures/Frogger/splatting_frog.png
15:30:01.696 [JavaFX Application Thread] DEBUG AssetLoader          - Loading from cache: /assets/textures/Frogger/frog_idle.png
15:30:01.921 [JavaFX Application Thread] DEBUG AssetLoader          - Loading from cache: /assets/textures/Frogger/blue_car.png
15:30:01.922 [JavaFX Application Thread] DEBUG AssetLoader          - Loading from cache: /assets/textures/Frogger/orange_car.png
15:30:02.832 [JavaFX Application Thread] DEBUG AssetLoader          - Loading from cache: /assets/textures/Frogger/red_car.png
15:30:02.833 [JavaFX Application Thread] DEBUG AssetLoader          - Loading from cache: /assets/textures/Frogger/purple_car.png
15:30:03.051 [JavaFX Application Thread] DEBUG Input                - Mocking key release: W
15:30:03.051 [JavaFX Application Thread] DEBUG AssetLoader          - Loading from cache: /assets/textures/Frogger/frog_jump.png
15:30:03.312 [JavaFX Application Thread] DEBUG AssetLoader          - Loading from cache: /assets/textures/Frogger/frog_idle.png
15:30:03.566 [JavaFX Application Thread] DEBUG Input                - Mocking key release: W
15:30:03.567 [JavaFX Application Thread] DEBUG AssetLoader          - Loading from cache: /assets/textures/Frogger/frog_jump.png
15:30:03.729 [JavaFX Application Thread] DEBUG AssetLoader          - Loading from cache: /assets/textures/Frogger/green_car.png
15:30:03.730 [JavaFX Application Thread] DEBUG AssetLoader          - Loading from cache: /assets/textures/Frogger/green_car.png
15:30:03.730 [JavaFX Application Thread] DEBUG AssetLoader          - Loading from cache: /assets/textures/Frogger/full_log.png
15:30:03.731 [JavaFX Application Thread] DEBUG AssetLoader          - Loading from cache: /assets/textures/Frogger/half_log.png
15:30:03.732 [JavaFX Application Thread] DEBUG AssetLoader          - Loading from cache: /assets/textures/Frogger/half_log.png
15:30:03.825 [JavaFX Application Thread] DEBUG AssetLoader          - Loading from cache: /assets/textures/Frogger/frog_idle.png
15:30:03.872 [JavaFX Application Thread] DEBUG AssetLoader          - Loading from cache: /assets/textures/Frogger/splatting_frog.png
15:30:04.384 [JavaFX Application Thread] DEBUG AssetLoader          - Loading from cache: /assets/textures/Frogger/splatting_frog.png
15:30:04.385 [JavaFX Application Thread] DEBUG AssetLoader          - Loading from cache: /assets/textures/Frogger/frog_idle.png
15:30:04.624 [JavaFX Application Thread] DEBUG AssetLoader          - Loading from cache: /assets/textures/Frogger/orange_car.png
15:30:04.625 [JavaFX Application Thread] DEBUG AssetLoader          - Loading from cache: /assets/textures/Frogger/blue_car.png
15:30:05.520 [JavaFX Application Thread] DEBUG AssetLoader          - Loading from cache: /assets/textures/Frogger/blue_car.png
15:30:05.521 [JavaFX Application Thread] DEBUG AssetLoader          - Loading from cache: /assets/textures/Frogger/red_car.png
15:30:06.418 [JavaFX Application Thread] DEBUG AssetLoader          - Loading from cache: /assets/textures/Frogger/orange_car.png
15:30:06.419 [JavaFX Application Thread] DEBUG AssetLoader          - Loading from cache: /assets/textures/Frogger/green_car.png
15:30:07.328 [JavaFX Application Thread] DEBUG AssetLoader          - Loading from cache: /assets/textures/Frogger/blue_car.png
15:30:07.329 [JavaFX Application Thread] DEBUG AssetLoader          - Loading from cache: /assets/textures/Frogger/green_car.png
15:30:08.225 [JavaFX Application Thread] DEBUG AssetLoader          - Loading from cache: /assets/textures/Frogger/purple_car.png
15:30:08.226 [JavaFX Application Thread] DEBUG AssetLoader          - Loading from cache: /assets/textures/Frogger/orange_car.png
15:30:09.136 [JavaFX Application Thread] DEBUG AssetLoader          - Loading from cache: /assets/textures/Frogger/red_car.png
15:30:09.137 [JavaFX Application Thread] DEBUG AssetLoader          - Loading from cache: /assets/textures/Frogger/red_car.png
15:30:09.138 [JavaFX Application Thread] DEBUG AssetLoader          - Loading from cache: /assets/textures/Frogger/half_log.png
15:30:09.138 [JavaFX Application Thread] DEBUG AssetLoader          - Loading from cache: /assets/textures/Frogger/full_log.png
15:30:09.971 [JavaFX Application Thread] DEBUG GameApplication      - Exiting game application
15:30:09.971 [JavaFX Application Thread] DEBUG GameApplication      - Shutting down background threads
15:30:09.972 [JavaFX Application Thread] DEBUG GameApplication      - Exiting FXGL
15:30:09.972 [JavaFX Application Thread] DEBUG FXGL                 - Saving FXGL system data
15:30:09.974 [JavaFX Application Thread] DEBUG DesktopFSService     - Writing to: system\fxgl.bundle
15:30:09.978 [JavaFX Application Thread] DEBUG GameApplication      - Closing logger and exiting JavaFX
