18:50:11.965 [JavaFX Application Thread] DEBUG GameApplication      - Logger initialized
18:50:11.970 [JavaFX Application Thread] DEBUG MainWindow           - Creating a JavaFX scene
18:50:12.043 [JavaFX Application Thread] DEBUG MainWindow           - Target settings size: 800.0 x 470.0
18:50:12.043 [JavaFX Application Thread] DEBUG MainWindow           - Scaled scene size:    800.0 x 470.0
18:50:12.043 [JavaFX Application Thread] DEBUG MainWindow           - Scaled ratio: (1.0, 1.0)
18:50:12.048 [JavaFX Application Thread] DEBUG GameApplication      - Starting FXGL
18:50:12.059 [JavaFX Application Thread] INFO  FXGL                 - FXGL-0.5.1 on DESKTOP
18:50:12.059 [JavaFX Application Thread] INFO  FXGL                 - Source code and latest versions at: https://github.com/AlmasB/FXGL
18:50:12.059 [JavaFX Application Thread] INFO  FXGL                 -              Join the FXGL chat at: https://gitter.im/AlmasB/FXGL
18:50:12.064 [JavaFX Application Thread] DEBUG FS                   - Loaded DesktopFSService
18:50:12.065 [JavaFX Application Thread] DEBUG FXGL                 - Loading FXGL system data
18:50:12.071 [JavaFX Application Thread] DEBUG DesktopFSService     - Reading from: system\fxgl.bundle
18:50:12.078 [JavaFX Application Thread] DEBUG Bundle               - Logging bundle: FXGL
18:50:12.078 [JavaFX Application Thread] DEBUG Bundle               - FXGL.offline.timer.version.check=2018-05-16T18:22:51.838
18:50:12.102 [JavaFX Application Thread] DEBUG GameApplication      - FXGL started
18:50:12.103 [JavaFX Application Thread] DEBUG GameApplication      - Logging game settings
Title: Frogger
Version: 0.2.0
Width: 800
Height: 470
Fullscreen: false
Intro: false
Menus: false
Profiling: false
Single step:false
App Mode: DEVELOPER
Menu Key: ESCAPE
Stage Style: DECORATED
Scene Factory: class com.almasb.fxgl.scene.SceneFactory
Dialog Factory: class com.almasb.fxgl.ui.FXGLDialogFactory
UI Factory: class com.almasb.fxgl.ui.FXGLUIFactory
Notification Service: class com.almasb.fxgl.gameplay.notification.XboxNotificationView
Exception Handler: class com.almasb.fxgl.app.FXGLExceptionHandler
18:50:12.103 [JavaFX Application Thread] DEBUG GameApplication      - Configuring GameApplication
18:50:12.104 [JavaFX Application Thread] DEBUG GameApplication      - Initializing state machine and application states
18:50:12.118 [JavaFX Application Thread] DEBUG AssetLoader          - Loading from disk: /assets/ui/cursors/fxgl_default.png
18:50:12.137 [JavaFX Application Thread] DEBUG AssetLoader          - Loading from disk: /assets/ui/cursors/fxgl_default.png
18:50:12.154 [JavaFX Application Thread] DEBUG FXGLAssets           - Loading FXGLAssets
18:50:12.178 [JavaFX Application Thread] DEBUG AssetLoader          - Loading from disk: /assets/ui/fonts/VarelaRound-Regular.ttf
18:50:12.313 [JavaFX Application Thread] DEBUG AssetLoader          - Loading from disk: /assets/ui/fonts/lucida_console.ttf
18:50:12.322 [JavaFX Application Thread] DEBUG AssetLoader          - Loading from disk: /assets/ui/css/fxgl_dark.css
18:50:12.345 [JavaFX Application Thread] DEBUG AssetLoader          - Loading from disk: /assets/ui/cursors/fxgl_default.png
18:50:12.371 [JavaFX Application Thread] DEBUG AssetLoader          - Loading from disk: /assets/ui/cursors/fxgl_default.png
18:50:12.384 [JavaFX Application Thread] DEBUG GameScene            - Game scene initialized: 800x470
18:50:12.386 [JavaFX Application Thread] DEBUG GameWorld            - Game world initialized
18:50:12.423 [JavaFX Application Thread] DEBUG PhysicsWorld         - Physics world initialized: appHeight=470, physics.ppm=50.0
18:50:12.437 [JavaFX Application Thread] DEBUG Input                - Registered new binding: Pause - Esc
18:50:12.451 [JavaFX Application Thread] DEBUG Input                - Clearing active input actions
18:50:12.482 [JavaFX Application Thread] DEBUG AppStateMachine      - StartupState -> StartupState
18:50:12.487 [JavaFX Application Thread] INFO  GameApplication      - Game configuration took:  0.384 sec
18:50:12.489 [JavaFX Application Thread] DEBUG AssetLoader          - Loading from disk: /assets/textures/fxgl_icon.png
18:50:12.500 [JavaFX Application Thread] DEBUG MainWindow           - Opening main window
18:50:12.632 [JavaFX Application Thread] DEBUG MainWindow           - Window border size: (4.0, 26.666656494140625)
18:50:12.632 [JavaFX Application Thread] DEBUG MainWindow           - Scaled size: 800.0 x 470.0
18:50:12.633 [JavaFX Application Thread] DEBUG MainWindow           - Scaled ratio: (1.0, 1.0)
18:50:12.633 [JavaFX Application Thread] DEBUG MainWindow           - Scene size: 800.0 x 470.0
18:50:12.633 [JavaFX Application Thread] DEBUG MainWindow           - Stage size: 804.0 x 496.6666564941406
18:50:12.633 [JavaFX Application Thread] DEBUG GameApplication      - Running preInit()
18:50:12.634 [JavaFX Application Thread] DEBUG Input                - Registered new binding: Screenshot - P
18:50:12.635 [JavaFX Application Thread] DEBUG Input                - Registered new binding: Dev Options - CTRL+0
18:50:12.635 [JavaFX Application Thread] DEBUG Input                - Registered new binding: System info dump - CTRL+9
18:50:12.635 [JavaFX Application Thread] DEBUG Input                - Registered new binding: Restart - CTRL+R
18:50:12.635 [JavaFX Application Thread] DEBUG Input                - Registered new binding: up - W
18:50:12.636 [JavaFX Application Thread] DEBUG Input                - Registered new binding: down - S
18:50:12.636 [JavaFX Application Thread] DEBUG Input                - Registered new binding: left - A
18:50:12.636 [JavaFX Application Thread] DEBUG Input                - Registered new binding: right - D
18:50:12.665 [JavaFX Application Thread] DEBUG GameApplication      - Starting main loop
18:50:12.666 [JavaFX Application Thread] DEBUG StartupState         - STARTUP
18:50:12.667 [JavaFX Application Thread] DEBUG GameApplication      - Starting new game
18:50:12.667 [JavaFX Application Thread] DEBUG Input                - Clearing active input actions
18:50:12.674 [JavaFX Application Thread] DEBUG AppStateMachine      - StartupState -> LoadingState
18:50:12.678 [FXGL Background Thread 1 ] DEBUG InitAppTask          - Clearing previous game
18:50:12.678 [FXGL Background Thread 1 ] DEBUG GameWorld            - Clearing game world
18:50:12.678 [FXGL Background Thread 1 ] DEBUG PhysicsWorld         - Clearing physics world
18:50:12.678 [FXGL Background Thread 1 ] DEBUG GameScene            - Clearing game scene
18:50:12.680 [FXGL Background Thread 1 ] DEBUG InitAppTask          - Initializing Game
18:50:12.727 [FXGL Background Thread 1 ] DEBUG AssetLoader          - Loading from disk: /assets/textures/Frogger/frog_idle.png
18:50:12.739 [FXGL Background Thread 1 ] DEBUG GameScene            - Creating render group for layer: DEFAULT(100000)
18:50:12.741 [FXGL Background Thread 1 ] DEBUG AssetLoader          - Loading from disk: /assets/textures/Frogger/half_log.png
18:50:12.746 [FXGL Background Thread 1 ] DEBUG AssetLoader          - Loading from disk: /assets/textures/Frogger/full_log.png
18:50:12.750 [FXGL Background Thread 1 ] DEBUG InitAppTask          - Initializing Physics
18:50:12.751 [FXGL Background Thread 1 ] DEBUG InitAppTask          - Initializing UI
18:50:12.751 [FXGL Background Thread 1 ] DEBUG AssetLoader          - Loading from disk: /assets/textures/Frogger/background.jpg
18:50:12.759 [FXGL Background Thread 1 ] DEBUG InitAppTask          - Initialization Complete
18:50:12.760 [FXGL Background Thread 1 ] INFO  InitAppTask          - Game initialization took: 0.081 sec
18:50:12.771 [JavaFX Application Thread] DEBUG Input                - Clearing active input actions
18:50:12.776 [JavaFX Application Thread] DEBUG AppStateMachine      - LoadingState -> PlayState
18:50:12.803 [JavaFX Application Thread] FATAL GameApplication      - Uncaught Exception:

Fatal exception occurred: java.lang.NullPointerException : null
E: com.almasb.fxgl.extra.entity.components.OffscreenCleanComponent.onUpdate(OffscreenCleanComponent.java:28)
E: com.almasb.fxgl.entity.Entity.update(Entity.java:154)
E: com.almasb.fxgl.entity.GameWorld.onUpdate(GameWorld.kt:158)
E: com.almasb.fxgl.app.PlayState.onUpdate(AppStates.kt:236)
E: com.almasb.fxgl.app.State.update(State.java:73)
E: com.almasb.fxgl.app.AppStateMachine.onUpdate(AppStateMachine.java:100)
E: com.almasb.fxgl.app.GameApplication.stepLoop(GameApplication.java:382)
E: com.almasb.fxgl.app.GameApplication$2.handle(GameApplication.java:348)
E: javafx.animation.AnimationTimer$AnimationTimerReceiver.lambda$handle$485(AnimationTimer.java:57)
E: java.security.AccessController.doPrivileged(Native Method)
E: javafx.animation.AnimationTimer$AnimationTimerReceiver.handle(AnimationTimer.java:56)
E: com.sun.scenario.animation.AbstractMasterTimer.timePulseImpl(AbstractMasterTimer.java:357)
E: com.sun.scenario.animation.AbstractMasterTimer$MainLoop.run(AbstractMasterTimer.java:267)
E: com.sun.javafx.tk.quantum.QuantumToolkit.pulse(QuantumToolkit.java:514)
E: com.sun.javafx.tk.quantum.QuantumToolkit.pulse(QuantumToolkit.java:498)
E: com.sun.javafx.tk.quantum.QuantumToolkit.pulseFromQueue(QuantumToolkit.java:491)
E: com.sun.javafx.tk.quantum.QuantumToolkit.lambda$runToolkit$403(QuantumToolkit.java:319)
E: com.sun.glass.ui.InvokeLaterDispatcher$Future.run(InvokeLaterDispatcher.java:95)
E: com.sun.glass.ui.win.WinApplication._runLoop(Native Method)
E: com.sun.glass.ui.win.WinApplication.lambda$null$147(WinApplication.java:177)
E: java.lang.Thread.run(Unknown Source)

18:50:12.804 [JavaFX Application Thread] FATAL GameApplication      - Application will now exit
18:50:12.804 [JavaFX Application Thread] DEBUG GameApplication      - Stopping main loop
18:50:19.789 [JavaFX Application Thread] DEBUG GameApplication      - Exiting game application
18:50:19.790 [JavaFX Application Thread] DEBUG GameApplication      - Shutting down background threads
18:50:19.790 [JavaFX Application Thread] DEBUG GameApplication      - Exiting FXGL
18:50:19.790 [JavaFX Application Thread] DEBUG FXGL                 - Saving FXGL system data
18:50:19.792 [JavaFX Application Thread] DEBUG DesktopFSService     - Writing to: system\fxgl.bundle
18:50:19.796 [JavaFX Application Thread] DEBUG GameApplication      - Closing logger and exiting JavaFX
