10:32:17.225 [JavaFX Application Thread] DEBUG GameApplication      - Logger initialized
10:32:17.231 [JavaFX Application Thread] DEBUG MainWindow           - Creating a JavaFX scene
10:32:17.304 [JavaFX Application Thread] DEBUG MainWindow           - Target settings size: 800.0 x 470.0
10:32:17.305 [JavaFX Application Thread] DEBUG MainWindow           - Scaled scene size:    800.0 x 470.0
10:32:17.305 [JavaFX Application Thread] DEBUG MainWindow           - Scaled ratio: (1.0, 1.0)
10:32:17.309 [JavaFX Application Thread] DEBUG GameApplication      - Starting FXGL
10:32:17.319 [JavaFX Application Thread] INFO  FXGL                 - FXGL-0.5.1 on DESKTOP
10:32:17.319 [JavaFX Application Thread] INFO  FXGL                 - Source code and latest versions at: https://github.com/AlmasB/FXGL
10:32:17.319 [JavaFX Application Thread] INFO  FXGL                 -              Join the FXGL chat at: https://gitter.im/AlmasB/FXGL
10:32:17.325 [JavaFX Application Thread] DEBUG FS                   - Loaded DesktopFSService
10:32:17.325 [JavaFX Application Thread] DEBUG FXGL                 - Loading FXGL system data
10:32:17.333 [JavaFX Application Thread] DEBUG DesktopFSService     - Reading from: system\fxgl.bundle
10:32:17.339 [JavaFX Application Thread] DEBUG Bundle               - Logging bundle: FXGL
10:32:17.340 [JavaFX Application Thread] DEBUG Bundle               - FXGL.offline.timer.version.check=2018-05-24T09:09:49.283
10:32:17.362 [JavaFX Application Thread] DEBUG GameApplication      - FXGL started
10:32:17.363 [JavaFX Application Thread] DEBUG GameApplication      - Logging game settings
Title: Frogger
Version: 0.2.0
Width: 800
Height: 470
Fullscreen: false
Intro: false
Menus: false
Profiling: false
Single step:false
App Mode: DEVELOPER
Menu Key: ESCAPE
Stage Style: DECORATED
Scene Factory: class com.almasb.fxgl.scene.SceneFactory
Dialog Factory: class com.almasb.fxgl.ui.FXGLDialogFactory
UI Factory: class com.almasb.fxgl.ui.FXGLUIFactory
Notification Service: class com.almasb.fxgl.gameplay.notification.XboxNotificationView
Exception Handler: class com.almasb.fxgl.app.FXGLExceptionHandler
10:32:17.363 [JavaFX Application Thread] DEBUG GameApplication      - Configuring GameApplication
10:32:17.363 [JavaFX Application Thread] DEBUG GameApplication      - Initializing state machine and application states
10:32:17.375 [JavaFX Application Thread] DEBUG AssetLoader          - Loading from disk: /assets/ui/cursors/fxgl_default.png
10:32:17.392 [JavaFX Application Thread] DEBUG AssetLoader          - Loading from disk: /assets/ui/cursors/fxgl_default.png
10:32:17.409 [JavaFX Application Thread] DEBUG FXGLAssets           - Loading FXGLAssets
10:32:17.433 [JavaFX Application Thread] DEBUG AssetLoader          - Loading from disk: /assets/ui/fonts/VarelaRound-Regular.ttf
10:32:17.555 [JavaFX Application Thread] DEBUG AssetLoader          - Loading from disk: /assets/ui/fonts/lucida_console.ttf
10:32:17.564 [JavaFX Application Thread] DEBUG AssetLoader          - Loading from disk: /assets/ui/css/fxgl_dark.css
10:32:17.587 [JavaFX Application Thread] DEBUG AssetLoader          - Loading from disk: /assets/ui/cursors/fxgl_default.png
10:32:17.612 [JavaFX Application Thread] DEBUG AssetLoader          - Loading from disk: /assets/ui/cursors/fxgl_default.png
10:32:17.625 [JavaFX Application Thread] DEBUG GameScene            - Game scene initialized: 800x470
10:32:17.627 [JavaFX Application Thread] DEBUG GameWorld            - Game world initialized
10:32:17.664 [JavaFX Application Thread] DEBUG PhysicsWorld         - Physics world initialized: appHeight=470, physics.ppm=50.0
10:32:17.678 [JavaFX Application Thread] DEBUG Input                - Registered new binding: Pause - Esc
10:32:17.693 [JavaFX Application Thread] DEBUG Input                - Clearing active input actions
10:32:17.724 [JavaFX Application Thread] DEBUG AppStateMachine      - StartupState -> StartupState
10:32:17.729 [JavaFX Application Thread] INFO  GameApplication      - Game configuration took:  0.366 sec
10:32:17.731 [JavaFX Application Thread] DEBUG AssetLoader          - Loading from disk: /assets/textures/fxgl_icon.png
10:32:17.741 [JavaFX Application Thread] DEBUG MainWindow           - Opening main window
10:32:17.875 [JavaFX Application Thread] DEBUG MainWindow           - Window border size: (4.0, 26.666656494140625)
10:32:17.875 [JavaFX Application Thread] DEBUG MainWindow           - Scaled size: 800.0 x 470.0
10:32:17.876 [JavaFX Application Thread] DEBUG MainWindow           - Scaled ratio: (1.0, 1.0)
10:32:17.876 [JavaFX Application Thread] DEBUG MainWindow           - Scene size: 800.0 x 470.0
10:32:17.876 [JavaFX Application Thread] DEBUG MainWindow           - Stage size: 804.0 x 496.6666564941406
10:32:17.876 [JavaFX Application Thread] DEBUG GameApplication      - Running preInit()
10:32:17.877 [JavaFX Application Thread] DEBUG Input                - Registered new binding: Screenshot - P
10:32:17.878 [JavaFX Application Thread] DEBUG Input                - Registered new binding: Dev Options - CTRL+0
10:32:17.878 [JavaFX Application Thread] DEBUG Input                - Registered new binding: System info dump - CTRL+9
10:32:17.878 [JavaFX Application Thread] DEBUG Input                - Registered new binding: Restart - CTRL+R
10:32:17.879 [JavaFX Application Thread] DEBUG Input                - Registered new binding: up - W
10:32:17.879 [JavaFX Application Thread] DEBUG Input                - Registered new binding: down - S
10:32:17.879 [JavaFX Application Thread] DEBUG Input                - Registered new binding: left - A
10:32:17.879 [JavaFX Application Thread] DEBUG Input                - Registered new binding: right - D
10:32:17.879 [JavaFX Application Thread] DEBUG Input                - Registered new binding: testd - Space
10:32:17.906 [JavaFX Application Thread] DEBUG GameApplication      - Starting main loop
10:32:17.908 [JavaFX Application Thread] DEBUG StartupState         - STARTUP
10:32:17.908 [JavaFX Application Thread] DEBUG GameApplication      - Starting new game
10:32:17.908 [JavaFX Application Thread] DEBUG Input                - Clearing active input actions
10:32:17.914 [JavaFX Application Thread] DEBUG AppStateMachine      - StartupState -> LoadingState
10:32:17.919 [FXGL Background Thread 1 ] DEBUG InitAppTask          - Clearing previous game
10:32:17.919 [FXGL Background Thread 1 ] DEBUG GameWorld            - Clearing game world
10:32:17.919 [FXGL Background Thread 1 ] DEBUG PhysicsWorld         - Clearing physics world
10:32:17.919 [FXGL Background Thread 1 ] DEBUG GameScene            - Clearing game scene
10:32:17.920 [FXGL Background Thread 1 ] DEBUG InitAppTask          - Initializing Game
10:32:17.939 [FXGL Background Thread 1 ] DEBUG AssetLoader          - Loading from disk: /assets/textures/Frogger/splatting_frog.png
10:32:17.971 [FXGL Background Thread 1 ] DEBUG AssetLoader          - Loading from disk: /assets/textures/Frogger/frog_idle.png
10:32:17.977 [FXGL Background Thread 1 ] DEBUG GameScene            - Creating render group for layer: TOP(2147483647)
10:32:17.980 [FXGL Background Thread 1 ] DEBUG AssetLoader          - Loading from disk: /assets/textures/Frogger/half_log.png
10:32:17.986 [FXGL Background Thread 1 ] DEBUG GameScene            - Creating render group for layer: DEFAULT(100000)
10:32:17.987 [FXGL Background Thread 1 ] DEBUG AssetLoader          - Loading from cache: /assets/textures/Frogger/half_log.png
10:32:17.988 [FXGL Background Thread 1 ] DEBUG AssetLoader          - Loading from cache: /assets/textures/Frogger/half_log.png
10:32:17.990 [FXGL Background Thread 1 ] DEBUG AssetLoader          - Loading from disk: /assets/textures/Frogger/rotating_log.png
10:32:17.994 [FXGL Background Thread 1 ] DEBUG InitAppTask          - Initializing Physics
10:32:17.994 [FXGL Background Thread 1 ] DEBUG InitAppTask          - Initializing UI
10:32:17.995 [FXGL Background Thread 1 ] DEBUG AssetLoader          - Loading from disk: /assets/textures/Frogger/background.jpg
10:32:18.014 [FXGL Background Thread 1 ] DEBUG InitAppTask          - Initialization Complete
10:32:18.014 [FXGL Background Thread 1 ] INFO  InitAppTask          - Game initialization took: 0.096 sec
10:32:18.017 [JavaFX Application Thread] DEBUG Input                - Clearing active input actions
10:32:18.023 [JavaFX Application Thread] DEBUG AppStateMachine      - LoadingState -> PlayState
10:32:18.914 [JavaFX Application Thread] DEBUG AssetLoader          - Loading from disk: /assets/textures/Frogger/purple_car.png
10:32:18.916 [JavaFX Application Thread] DEBUG AssetLoader          - Loading from disk: /assets/textures/Frogger/blue_car.png
10:32:19.826 [JavaFX Application Thread] DEBUG AssetLoader          - Loading from disk: /assets/textures/Frogger/red_car.png
10:32:19.828 [JavaFX Application Thread] DEBUG AssetLoader          - Loading from disk: /assets/textures/Frogger/green_car.png
10:32:20.737 [JavaFX Application Thread] DEBUG AssetLoader          - Loading from cache: /assets/textures/Frogger/red_car.png
10:32:20.738 [JavaFX Application Thread] DEBUG AssetLoader          - Loading from cache: /assets/textures/Frogger/purple_car.png
10:32:21.651 [JavaFX Application Thread] DEBUG AssetLoader          - Loading from disk: /assets/textures/Frogger/orange_car.png
10:32:21.652 [JavaFX Application Thread] DEBUG AssetLoader          - Loading from cache: /assets/textures/Frogger/blue_car.png
10:32:22.577 [JavaFX Application Thread] DEBUG AssetLoader          - Loading from cache: /assets/textures/Frogger/red_car.png
10:32:22.578 [JavaFX Application Thread] DEBUG AssetLoader          - Loading from cache: /assets/textures/Frogger/red_car.png
10:32:23.490 [JavaFX Application Thread] DEBUG AssetLoader          - Loading from cache: /assets/textures/Frogger/red_car.png
10:32:23.491 [JavaFX Application Thread] DEBUG AssetLoader          - Loading from cache: /assets/textures/Frogger/green_car.png
10:32:23.922 [JavaFX Application Thread] DEBUG GameApplication      - Exiting game application
10:32:23.923 [JavaFX Application Thread] DEBUG GameApplication      - Shutting down background threads
10:32:23.923 [JavaFX Application Thread] DEBUG GameApplication      - Exiting FXGL
10:32:23.923 [JavaFX Application Thread] DEBUG FXGL                 - Saving FXGL system data
10:32:23.925 [JavaFX Application Thread] DEBUG DesktopFSService     - Writing to: system\fxgl.bundle
10:32:23.929 [JavaFX Application Thread] DEBUG GameApplication      - Closing logger and exiting JavaFX
