14:42:37.478 [JavaFX Application Thread] DEBUG GameApplication      - Logger initialized
14:42:37.484 [JavaFX Application Thread] DEBUG MainWindow           - Creating a JavaFX scene
14:42:37.552 [JavaFX Application Thread] DEBUG MainWindow           - Target settings size: 800.0 x 470.0
14:42:37.553 [JavaFX Application Thread] DEBUG MainWindow           - Scaled scene size:    800.0 x 470.0
14:42:37.553 [JavaFX Application Thread] DEBUG MainWindow           - Scaled ratio: (1.0, 1.0)
14:42:37.557 [JavaFX Application Thread] DEBUG GameApplication      - Starting FXGL
14:42:37.567 [JavaFX Application Thread] INFO  FXGL                 - FXGL-0.5.1 on DESKTOP
14:42:37.568 [JavaFX Application Thread] INFO  FXGL                 - Source code and latest versions at: https://github.com/AlmasB/FXGL
14:42:37.568 [JavaFX Application Thread] INFO  FXGL                 -              Join the FXGL chat at: https://gitter.im/AlmasB/FXGL
14:42:37.573 [JavaFX Application Thread] DEBUG FS                   - Loaded DesktopFSService
14:42:37.573 [JavaFX Application Thread] DEBUG FXGL                 - Loading FXGL system data
14:42:37.580 [JavaFX Application Thread] DEBUG DesktopFSService     - Reading from: system\fxgl.bundle
14:42:37.587 [JavaFX Application Thread] DEBUG Bundle               - Logging bundle: FXGL
14:42:37.588 [JavaFX Application Thread] DEBUG Bundle               - FXGL.offline.timer.version.check=2018-05-24T09:09:49.283
14:42:37.612 [JavaFX Application Thread] DEBUG GameApplication      - FXGL started
14:42:37.612 [JavaFX Application Thread] DEBUG GameApplication      - Logging game settings
Title: Frogger
Version: 0.2.0
Width: 800
Height: 470
Fullscreen: false
Intro: false
Menus: false
Profiling: false
Single step:false
App Mode: DEVELOPER
Menu Key: ESCAPE
Stage Style: DECORATED
Scene Factory: class com.almasb.fxgl.scene.SceneFactory
Dialog Factory: class com.almasb.fxgl.ui.FXGLDialogFactory
UI Factory: class com.almasb.fxgl.ui.FXGLUIFactory
Notification Service: class com.almasb.fxgl.gameplay.notification.XboxNotificationView
Exception Handler: class com.almasb.fxgl.app.FXGLExceptionHandler
14:42:37.613 [JavaFX Application Thread] DEBUG GameApplication      - Configuring GameApplication
14:42:37.613 [JavaFX Application Thread] DEBUG GameApplication      - Initializing state machine and application states
14:42:37.624 [JavaFX Application Thread] DEBUG AssetLoader          - Loading from disk: /assets/ui/cursors/fxgl_default.png
14:42:37.641 [JavaFX Application Thread] DEBUG AssetLoader          - Loading from disk: /assets/ui/cursors/fxgl_default.png
14:42:37.658 [JavaFX Application Thread] DEBUG FXGLAssets           - Loading FXGLAssets
14:42:37.682 [JavaFX Application Thread] DEBUG AssetLoader          - Loading from disk: /assets/ui/fonts/VarelaRound-Regular.ttf
14:42:37.809 [JavaFX Application Thread] DEBUG AssetLoader          - Loading from disk: /assets/ui/fonts/lucida_console.ttf
14:42:37.818 [JavaFX Application Thread] DEBUG AssetLoader          - Loading from disk: /assets/ui/css/fxgl_dark.css
14:42:37.840 [JavaFX Application Thread] DEBUG AssetLoader          - Loading from disk: /assets/ui/cursors/fxgl_default.png
14:42:37.864 [JavaFX Application Thread] DEBUG AssetLoader          - Loading from disk: /assets/ui/cursors/fxgl_default.png
14:42:37.877 [JavaFX Application Thread] DEBUG GameScene            - Game scene initialized: 800x470
14:42:37.880 [JavaFX Application Thread] DEBUG GameWorld            - Game world initialized
14:42:37.917 [JavaFX Application Thread] DEBUG PhysicsWorld         - Physics world initialized: appHeight=470, physics.ppm=50.0
14:42:37.932 [JavaFX Application Thread] DEBUG Input                - Registered new binding: Pause - Esc
14:42:37.946 [JavaFX Application Thread] DEBUG Input                - Clearing active input actions
14:42:37.977 [JavaFX Application Thread] DEBUG AppStateMachine      - StartupState -> StartupState
14:42:37.981 [JavaFX Application Thread] INFO  GameApplication      - Game configuration took:  0.368 sec
14:42:37.983 [JavaFX Application Thread] DEBUG AssetLoader          - Loading from disk: /assets/textures/fxgl_icon.png
14:42:37.993 [JavaFX Application Thread] DEBUG MainWindow           - Opening main window
14:42:38.120 [JavaFX Application Thread] DEBUG MainWindow           - Window border size: (4.0, 26.666656494140625)
14:42:38.120 [JavaFX Application Thread] DEBUG MainWindow           - Scaled size: 800.0 x 470.0
14:42:38.120 [JavaFX Application Thread] DEBUG MainWindow           - Scaled ratio: (1.0, 1.0)
14:42:38.120 [JavaFX Application Thread] DEBUG MainWindow           - Scene size: 800.0 x 470.0
14:42:38.120 [JavaFX Application Thread] DEBUG MainWindow           - Stage size: 804.0 x 496.6666564941406
14:42:38.120 [JavaFX Application Thread] DEBUG GameApplication      - Running preInit()
14:42:38.122 [JavaFX Application Thread] DEBUG Input                - Registered new binding: Screenshot - P
14:42:38.122 [JavaFX Application Thread] DEBUG Input                - Registered new binding: Dev Options - CTRL+0
14:42:38.122 [JavaFX Application Thread] DEBUG Input                - Registered new binding: System info dump - CTRL+9
14:42:38.123 [JavaFX Application Thread] DEBUG Input                - Registered new binding: Restart - CTRL+R
14:42:38.123 [JavaFX Application Thread] DEBUG Input                - Registered new binding: up - W
14:42:38.123 [JavaFX Application Thread] DEBUG Input                - Registered new binding: down - S
14:42:38.123 [JavaFX Application Thread] DEBUG Input                - Registered new binding: left - A
14:42:38.123 [JavaFX Application Thread] DEBUG Input                - Registered new binding: right - D
14:42:38.123 [JavaFX Application Thread] DEBUG Input                - Registered new binding: testd - Space
14:42:38.150 [JavaFX Application Thread] DEBUG GameApplication      - Starting main loop
14:42:38.151 [JavaFX Application Thread] DEBUG StartupState         - STARTUP
14:42:38.151 [JavaFX Application Thread] DEBUG GameApplication      - Starting new game
14:42:38.151 [JavaFX Application Thread] DEBUG Input                - Clearing active input actions
14:42:38.157 [JavaFX Application Thread] DEBUG AppStateMachine      - StartupState -> LoadingState
14:42:38.162 [FXGL Background Thread 1 ] DEBUG InitAppTask          - Clearing previous game
14:42:38.162 [FXGL Background Thread 1 ] DEBUG GameWorld            - Clearing game world
14:42:38.162 [FXGL Background Thread 1 ] DEBUG PhysicsWorld         - Clearing physics world
14:42:38.162 [FXGL Background Thread 1 ] DEBUG GameScene            - Clearing game scene
14:42:38.164 [FXGL Background Thread 1 ] DEBUG InitAppTask          - Initializing Game
14:42:38.181 [FXGL Background Thread 1 ] DEBUG AssetLoader          - Loading from disk: /assets/textures/Frogger/splatting_frog.png
14:42:38.215 [FXGL Background Thread 1 ] DEBUG AssetLoader          - Loading from disk: /assets/textures/Frogger/frog_idle.png
14:42:38.222 [FXGL Background Thread 1 ] DEBUG GameScene            - Creating render group for layer: TOP(2147483647)
14:42:38.226 [FXGL Background Thread 1 ] DEBUG AssetLoader          - Loading from disk: /assets/textures/Frogger/half_log.png
14:42:38.232 [FXGL Background Thread 1 ] DEBUG GameScene            - Creating render group for layer: DEFAULT(100000)
14:42:38.233 [FXGL Background Thread 1 ] DEBUG AssetLoader          - Loading from cache: /assets/textures/Frogger/half_log.png
14:42:38.234 [FXGL Background Thread 1 ] DEBUG AssetLoader          - Loading from disk: /assets/textures/Frogger/full_log.png
14:42:38.235 [FXGL Background Thread 1 ] DEBUG AssetLoader          - Loading from disk: /assets/textures/Frogger/rotating_log.png
14:42:38.237 [FXGL Background Thread 1 ] DEBUG InitAppTask          - Initializing Physics
14:42:38.238 [FXGL Background Thread 1 ] DEBUG InitAppTask          - Initializing UI
14:42:38.238 [FXGL Background Thread 1 ] DEBUG AssetLoader          - Loading from disk: /assets/textures/Frogger/background.jpg
14:42:38.247 [FXGL Background Thread 1 ] DEBUG InitAppTask          - Initialization Complete
14:42:38.247 [FXGL Background Thread 1 ] INFO  InitAppTask          - Game initialization took: 0.085 sec
14:42:38.257 [JavaFX Application Thread] DEBUG Input                - Clearing active input actions
14:42:38.263 [JavaFX Application Thread] DEBUG AppStateMachine      - LoadingState -> PlayState
14:42:38.928 [JavaFX Application Thread] DEBUG Input                - Mocking key release: W
14:42:38.929 [JavaFX Application Thread] DEBUG AssetLoader          - Loading from disk: /assets/textures/Frogger/frog_jump.png
14:42:39.096 [JavaFX Application Thread] DEBUG Input                - Mocking key release: D
14:42:39.096 [JavaFX Application Thread] DEBUG AssetLoader          - Loading from cache: /assets/textures/Frogger/frog_jump.png
14:42:39.137 [JavaFX Application Thread] DEBUG AssetLoader          - Loading from disk: /assets/textures/Frogger/purple_car.png
14:42:39.138 [JavaFX Application Thread] DEBUG AssetLoader          - Loading from cache: /assets/textures/Frogger/purple_car.png
14:42:39.184 [JavaFX Application Thread] DEBUG AssetLoader          - Loading from cache: /assets/textures/Frogger/frog_idle.png
14:42:39.260 [JavaFX Application Thread] DEBUG Input                - Mocking key release: W
14:42:39.260 [JavaFX Application Thread] DEBUG AssetLoader          - Loading from cache: /assets/textures/Frogger/frog_jump.png
14:42:39.345 [JavaFX Application Thread] DEBUG AssetLoader          - Loading from cache: /assets/textures/Frogger/frog_idle.png
14:42:39.346 [JavaFX Application Thread] DEBUG AssetLoader          - Loading from cache: /assets/textures/Frogger/splatting_frog.png
14:42:39.379 [JavaFX Application Thread] DEBUG Input                - Mocking key release: D
14:42:39.508 [JavaFX Application Thread] DEBUG Input                - Mocking key release: W
14:42:39.627 [JavaFX Application Thread] DEBUG Input                - Mocking key release: D
14:42:39.873 [JavaFX Application Thread] DEBUG AssetLoader          - Loading from cache: /assets/textures/Frogger/splatting_frog.png
14:42:39.874 [JavaFX Application Thread] DEBUG AssetLoader          - Loading from cache: /assets/textures/Frogger/frog_idle.png
14:42:40.050 [JavaFX Application Thread] DEBUG AssetLoader          - Loading from disk: /assets/textures/Frogger/blue_car.png
14:42:40.052 [JavaFX Application Thread] DEBUG AssetLoader          - Loading from cache: /assets/textures/Frogger/purple_car.png
14:42:40.710 [JavaFX Application Thread] DEBUG Input                - Mocking key release: D
14:42:40.710 [JavaFX Application Thread] DEBUG AssetLoader          - Loading from cache: /assets/textures/Frogger/frog_jump.png
14:42:40.893 [JavaFX Application Thread] DEBUG Input                - Mocking key release: W
14:42:40.893 [JavaFX Application Thread] DEBUG AssetLoader          - Loading from cache: /assets/textures/Frogger/frog_jump.png
14:42:40.962 [JavaFX Application Thread] DEBUG AssetLoader          - Loading from cache: /assets/textures/Frogger/blue_car.png
14:42:40.964 [JavaFX Application Thread] DEBUG AssetLoader          - Loading from cache: /assets/textures/Frogger/purple_car.png
14:42:40.965 [JavaFX Application Thread] DEBUG AssetLoader          - Loading from cache: /assets/textures/Frogger/frog_idle.png
14:42:41.017 [JavaFX Application Thread] DEBUG Input                - Mocking key release: D
14:42:41.018 [JavaFX Application Thread] DEBUG AssetLoader          - Loading from cache: /assets/textures/Frogger/frog_jump.png
14:42:41.080 [JavaFX Application Thread] DEBUG Input                - Mocking key release: W
14:42:41.080 [JavaFX Application Thread] DEBUG AssetLoader          - Loading from cache: /assets/textures/Frogger/frog_jump.png
14:42:41.153 [JavaFX Application Thread] DEBUG AssetLoader          - Loading from cache: /assets/textures/Frogger/frog_idle.png
14:42:41.176 [JavaFX Application Thread] DEBUG Input                - Mocking key release: D
14:42:41.176 [JavaFX Application Thread] DEBUG AssetLoader          - Loading from cache: /assets/textures/Frogger/frog_jump.png
14:42:41.265 [JavaFX Application Thread] DEBUG AssetLoader          - Loading from cache: /assets/textures/Frogger/frog_idle.png
14:42:41.280 [JavaFX Application Thread] DEBUG Input                - Mocking key release: W
14:42:41.280 [JavaFX Application Thread] DEBUG AssetLoader          - Loading from cache: /assets/textures/Frogger/frog_jump.png
14:42:41.281 [JavaFX Application Thread] DEBUG AssetLoader          - Loading from cache: /assets/textures/Frogger/splatting_frog.png
14:42:41.365 [JavaFX Application Thread] DEBUG Input                - Mocking key release: D
14:42:41.808 [JavaFX Application Thread] DEBUG AssetLoader          - Loading from cache: /assets/textures/Frogger/splatting_frog.png
14:42:41.808 [JavaFX Application Thread] DEBUG AssetLoader          - Loading from cache: /assets/textures/Frogger/frog_idle.png
14:42:41.890 [JavaFX Application Thread] DEBUG AssetLoader          - Loading from disk: /assets/textures/Frogger/orange_car.png
14:42:41.893 [JavaFX Application Thread] DEBUG AssetLoader          - Loading from cache: /assets/textures/Frogger/blue_car.png
14:42:42.195 [JavaFX Application Thread] DEBUG Input                - Mocking key release: W
14:42:42.195 [JavaFX Application Thread] DEBUG AssetLoader          - Loading from cache: /assets/textures/Frogger/frog_jump.png
14:42:42.303 [JavaFX Application Thread] DEBUG Input                - Mocking key release: D
14:42:42.303 [JavaFX Application Thread] DEBUG AssetLoader          - Loading from cache: /assets/textures/Frogger/frog_jump.png
14:42:42.443 [JavaFX Application Thread] DEBUG Input                - Mocking key release: W
14:42:42.443 [JavaFX Application Thread] DEBUG AssetLoader          - Loading from cache: /assets/textures/Frogger/frog_jump.png
14:42:42.449 [JavaFX Application Thread] DEBUG AssetLoader          - Loading from cache: /assets/textures/Frogger/frog_idle.png
14:42:42.525 [JavaFX Application Thread] DEBUG Input                - Mocking key release: D
14:42:42.525 [JavaFX Application Thread] DEBUG AssetLoader          - Loading from cache: /assets/textures/Frogger/frog_jump.png
14:42:42.544 [JavaFX Application Thread] DEBUG AssetLoader          - Loading from cache: /assets/textures/Frogger/frog_idle.png
14:42:42.631 [JavaFX Application Thread] DEBUG Input                - Mocking key release: W
14:42:42.631 [JavaFX Application Thread] DEBUG AssetLoader          - Loading from cache: /assets/textures/Frogger/frog_jump.png
14:42:42.675 [JavaFX Application Thread] DEBUG Input                - Mocking key release: D
14:42:42.675 [JavaFX Application Thread] DEBUG AssetLoader          - Loading from cache: /assets/textures/Frogger/frog_jump.png
14:42:42.705 [JavaFX Application Thread] DEBUG AssetLoader          - Loading from cache: /assets/textures/Frogger/frog_idle.png
14:42:42.785 [JavaFX Application Thread] DEBUG AssetLoader          - Loading from cache: /assets/textures/Frogger/frog_idle.png
14:42:42.802 [JavaFX Application Thread] DEBUG AssetLoader          - Loading from disk: /assets/textures/Frogger/red_car.png
14:42:42.807 [JavaFX Application Thread] DEBUG AssetLoader          - Loading from disk: /assets/textures/Frogger/green_car.png
14:42:42.812 [JavaFX Application Thread] DEBUG Input                - Mocking key release: W
14:42:42.812 [JavaFX Application Thread] DEBUG AssetLoader          - Loading from cache: /assets/textures/Frogger/frog_jump.png
14:42:42.880 [JavaFX Application Thread] DEBUG AssetLoader          - Loading from cache: /assets/textures/Frogger/frog_idle.png
14:42:42.892 [JavaFX Application Thread] DEBUG Input                - Mocking key release: D
14:42:42.892 [JavaFX Application Thread] DEBUG AssetLoader          - Loading from cache: /assets/textures/Frogger/frog_jump.png
14:42:42.928 [JavaFX Application Thread] DEBUG AssetLoader          - Loading from cache: /assets/textures/Frogger/frog_idle.png
14:42:43.073 [JavaFX Application Thread] DEBUG AssetLoader          - Loading from cache: /assets/textures/Frogger/frog_idle.png
14:42:43.153 [JavaFX Application Thread] DEBUG AssetLoader          - Loading from cache: /assets/textures/Frogger/frog_idle.png
14:42:43.511 [JavaFX Application Thread] DEBUG Input                - Mocking key release: W
14:42:43.511 [JavaFX Application Thread] DEBUG AssetLoader          - Loading from cache: /assets/textures/Frogger/frog_jump.png
14:42:43.674 [JavaFX Application Thread] DEBUG Input                - Mocking key release: W
14:42:43.675 [JavaFX Application Thread] DEBUG AssetLoader          - Loading from cache: /assets/textures/Frogger/frog_jump.png
14:42:43.713 [JavaFX Application Thread] DEBUG AssetLoader          - Loading from cache: /assets/textures/Frogger/red_car.png
14:42:43.714 [JavaFX Application Thread] DEBUG AssetLoader          - Loading from cache: /assets/textures/Frogger/red_car.png
14:42:43.715 [JavaFX Application Thread] DEBUG AssetLoader          - Loading from cache: /assets/textures/Frogger/half_log.png
14:42:43.716 [JavaFX Application Thread] DEBUG AssetLoader          - Loading from cache: /assets/textures/Frogger/full_log.png
14:42:43.761 [JavaFX Application Thread] DEBUG AssetLoader          - Loading from cache: /assets/textures/Frogger/frog_idle.png
14:42:43.808 [JavaFX Application Thread] DEBUG Input                - Mocking key release: W
14:42:43.809 [JavaFX Application Thread] DEBUG AssetLoader          - Loading from cache: /assets/textures/Frogger/frog_jump.png
14:42:43.937 [JavaFX Application Thread] DEBUG AssetLoader          - Loading from cache: /assets/textures/Frogger/frog_idle.png
14:42:43.975 [JavaFX Application Thread] DEBUG Input                - Mocking key release: W
14:42:43.975 [JavaFX Application Thread] DEBUG AssetLoader          - Loading from cache: /assets/textures/Frogger/frog_jump.png
14:42:44.064 [JavaFX Application Thread] DEBUG AssetLoader          - Loading from cache: /assets/textures/Frogger/frog_idle.png
14:42:44.208 [JavaFX Application Thread] DEBUG Input                - Mocking key release: W
14:42:44.208 [JavaFX Application Thread] DEBUG AssetLoader          - Loading from cache: /assets/textures/Frogger/frog_jump.png
14:42:44.241 [JavaFX Application Thread] DEBUG AssetLoader          - Loading from cache: /assets/textures/Frogger/frog_idle.png
14:42:44.465 [JavaFX Application Thread] DEBUG AssetLoader          - Loading from cache: /assets/textures/Frogger/frog_idle.png
14:42:44.625 [JavaFX Application Thread] DEBUG AssetLoader          - Loading from cache: /assets/textures/Frogger/purple_car.png
14:42:44.627 [JavaFX Application Thread] DEBUG AssetLoader          - Loading from cache: /assets/textures/Frogger/red_car.png
14:42:45.552 [JavaFX Application Thread] DEBUG AssetLoader          - Loading from cache: /assets/textures/Frogger/purple_car.png
14:42:45.553 [JavaFX Application Thread] DEBUG AssetLoader          - Loading from cache: /assets/textures/Frogger/red_car.png
14:42:46.450 [JavaFX Application Thread] DEBUG AssetLoader          - Loading from cache: /assets/textures/Frogger/purple_car.png
14:42:46.451 [JavaFX Application Thread] DEBUG AssetLoader          - Loading from cache: /assets/textures/Frogger/red_car.png
14:42:47.346 [JavaFX Application Thread] DEBUG AssetLoader          - Loading from cache: /assets/textures/Frogger/orange_car.png
14:42:47.348 [JavaFX Application Thread] DEBUG AssetLoader          - Loading from cache: /assets/textures/Frogger/purple_car.png
14:42:47.741 [JavaFX Application Thread] DEBUG Input                - Mocking key release: D
14:42:47.741 [JavaFX Application Thread] DEBUG AssetLoader          - Loading from cache: /assets/textures/Frogger/frog_jump.png
14:42:48.001 [JavaFX Application Thread] DEBUG AssetLoader          - Loading from cache: /assets/textures/Frogger/frog_idle.png
14:42:48.242 [JavaFX Application Thread] DEBUG AssetLoader          - Loading from cache: /assets/textures/Frogger/green_car.png
14:42:48.244 [JavaFX Application Thread] DEBUG AssetLoader          - Loading from cache: /assets/textures/Frogger/blue_car.png
14:42:48.304 [JavaFX Application Thread] DEBUG Input                - Mocking key release: D
14:42:48.304 [JavaFX Application Thread] DEBUG AssetLoader          - Loading from cache: /assets/textures/Frogger/frog_jump.png
14:42:48.544 [JavaFX Application Thread] DEBUG AssetLoader          - Loading from cache: /assets/textures/Frogger/frog_idle.png
14:42:49.154 [JavaFX Application Thread] DEBUG AssetLoader          - Loading from cache: /assets/textures/Frogger/orange_car.png
14:42:49.155 [JavaFX Application Thread] DEBUG AssetLoader          - Loading from cache: /assets/textures/Frogger/blue_car.png
14:42:49.157 [JavaFX Application Thread] DEBUG AssetLoader          - Loading from cache: /assets/textures/Frogger/half_log.png
14:42:49.159 [JavaFX Application Thread] DEBUG AssetLoader          - Loading from cache: /assets/textures/Frogger/half_log.png
14:42:49.161 [JavaFX Application Thread] DEBUG AssetLoader          - Loading from cache: /assets/textures/Frogger/half_log.png
14:42:49.964 [JavaFX Application Thread] DEBUG Input                - Mocking key release: D
14:42:49.964 [JavaFX Application Thread] DEBUG AssetLoader          - Loading from cache: /assets/textures/Frogger/frog_jump.png
14:42:50.049 [JavaFX Application Thread] DEBUG AssetLoader          - Loading from cache: /assets/textures/Frogger/green_car.png
14:42:50.051 [JavaFX Application Thread] DEBUG AssetLoader          - Loading from cache: /assets/textures/Frogger/red_car.png
14:42:50.209 [JavaFX Application Thread] DEBUG AssetLoader          - Loading from cache: /assets/textures/Frogger/frog_idle.png
14:42:50.472 [JavaFX Application Thread] DEBUG Input                - Mocking key release: D
14:42:50.472 [JavaFX Application Thread] DEBUG AssetLoader          - Loading from cache: /assets/textures/Frogger/frog_jump.png
14:42:50.737 [JavaFX Application Thread] DEBUG AssetLoader          - Loading from cache: /assets/textures/Frogger/frog_idle.png
14:42:50.945 [JavaFX Application Thread] DEBUG AssetLoader          - Loading from cache: /assets/textures/Frogger/orange_car.png
14:42:50.946 [JavaFX Application Thread] DEBUG AssetLoader          - Loading from cache: /assets/textures/Frogger/red_car.png
14:42:50.988 [JavaFX Application Thread] DEBUG Input                - Mocking key release: D
14:42:50.989 [JavaFX Application Thread] DEBUG AssetLoader          - Loading from cache: /assets/textures/Frogger/frog_jump.png
14:42:51.151 [JavaFX Application Thread] DEBUG Input                - Mocking key release: D
14:42:51.151 [JavaFX Application Thread] DEBUG AssetLoader          - Loading from cache: /assets/textures/Frogger/frog_jump.png
14:42:51.249 [JavaFX Application Thread] DEBUG AssetLoader          - Loading from cache: /assets/textures/Frogger/frog_idle.png
14:42:51.338 [JavaFX Application Thread] DEBUG Input                - Mocking key release: D
14:42:51.339 [JavaFX Application Thread] DEBUG AssetLoader          - Loading from cache: /assets/textures/Frogger/frog_jump.png
14:42:51.393 [JavaFX Application Thread] DEBUG AssetLoader          - Loading from cache: /assets/textures/Frogger/frog_idle.png
14:42:51.476 [JavaFX Application Thread] DEBUG Input                - Mocking key release: D
14:42:51.477 [JavaFX Application Thread] DEBUG AssetLoader          - Loading from cache: /assets/textures/Frogger/frog_jump.png
14:42:51.601 [JavaFX Application Thread] DEBUG AssetLoader          - Loading from cache: /assets/textures/Frogger/frog_idle.png
14:42:51.729 [JavaFX Application Thread] DEBUG AssetLoader          - Loading from cache: /assets/textures/Frogger/frog_idle.png
14:42:51.841 [JavaFX Application Thread] DEBUG AssetLoader          - Loading from cache: /assets/textures/Frogger/red_car.png
14:42:51.841 [JavaFX Application Thread] DEBUG AssetLoader          - Loading from cache: /assets/textures/Frogger/orange_car.png
14:42:51.904 [JavaFX Application Thread] DEBUG Input                - Mocking key release: W
14:42:51.905 [JavaFX Application Thread] DEBUG AssetLoader          - Loading from cache: /assets/textures/Frogger/frog_jump.png
14:42:52.161 [JavaFX Application Thread] DEBUG AssetLoader          - Loading from cache: /assets/textures/Frogger/frog_idle.png
14:42:52.739 [JavaFX Application Thread] DEBUG Input                - Mocking key release: W
14:42:52.739 [JavaFX Application Thread] DEBUG AssetLoader          - Loading from cache: /assets/textures/Frogger/frog_jump.png
14:42:52.754 [JavaFX Application Thread] DEBUG AssetLoader          - Loading from cache: /assets/textures/Frogger/orange_car.png
14:42:52.755 [JavaFX Application Thread] DEBUG AssetLoader          - Loading from cache: /assets/textures/Frogger/purple_car.png
14:42:52.904 [JavaFX Application Thread] DEBUG Input                - Mocking key release: W
14:42:52.905 [JavaFX Application Thread] DEBUG AssetLoader          - Loading from cache: /assets/textures/Frogger/frog_jump.png
14:42:52.993 [JavaFX Application Thread] DEBUG AssetLoader          - Loading from cache: /assets/textures/Frogger/frog_idle.png
14:42:53.169 [JavaFX Application Thread] DEBUG AssetLoader          - Loading from cache: /assets/textures/Frogger/frog_idle.png
14:42:53.650 [JavaFX Application Thread] DEBUG AssetLoader          - Loading from cache: /assets/textures/Frogger/orange_car.png
14:42:53.650 [JavaFX Application Thread] DEBUG AssetLoader          - Loading from cache: /assets/textures/Frogger/blue_car.png
14:42:53.651 [JavaFX Application Thread] DEBUG AssetLoader          - Loading from cache: /assets/textures/Frogger/half_log.png
14:42:53.651 [JavaFX Application Thread] DEBUG AssetLoader          - Loading from cache: /assets/textures/Frogger/half_log.png
14:42:54.544 [JavaFX Application Thread] DEBUG AssetLoader          - Loading from cache: /assets/textures/Frogger/red_car.png
14:42:54.545 [JavaFX Application Thread] DEBUG AssetLoader          - Loading from cache: /assets/textures/Frogger/blue_car.png
14:42:55.457 [JavaFX Application Thread] DEBUG AssetLoader          - Loading from cache: /assets/textures/Frogger/blue_car.png
14:42:55.458 [JavaFX Application Thread] DEBUG AssetLoader          - Loading from cache: /assets/textures/Frogger/purple_car.png
14:42:55.754 [JavaFX Application Thread] DEBUG Input                - Mocking key release: S
14:42:55.754 [JavaFX Application Thread] DEBUG AssetLoader          - Loading from cache: /assets/textures/Frogger/frog_jump.png
14:42:55.920 [JavaFX Application Thread] DEBUG Input                - Mocking key release: S
14:42:55.920 [JavaFX Application Thread] DEBUG AssetLoader          - Loading from cache: /assets/textures/Frogger/frog_jump.png
14:42:56.016 [JavaFX Application Thread] DEBUG AssetLoader          - Loading from cache: /assets/textures/Frogger/frog_idle.png
14:42:56.177 [JavaFX Application Thread] DEBUG AssetLoader          - Loading from cache: /assets/textures/Frogger/frog_idle.png
14:42:56.384 [JavaFX Application Thread] DEBUG AssetLoader          - Loading from cache: /assets/textures/Frogger/blue_car.png
14:42:56.385 [JavaFX Application Thread] DEBUG AssetLoader          - Loading from cache: /assets/textures/Frogger/orange_car.png
14:42:56.591 [JavaFX Application Thread] DEBUG Input                - Mocking key release: W
14:42:56.591 [JavaFX Application Thread] DEBUG AssetLoader          - Loading from cache: /assets/textures/Frogger/frog_jump.png
14:42:56.849 [JavaFX Application Thread] DEBUG AssetLoader          - Loading from cache: /assets/textures/Frogger/frog_idle.png
14:42:57.298 [JavaFX Application Thread] DEBUG AssetLoader          - Loading from cache: /assets/textures/Frogger/red_car.png
14:42:57.299 [JavaFX Application Thread] DEBUG AssetLoader          - Loading from cache: /assets/textures/Frogger/blue_car.png
14:42:57.503 [JavaFX Application Thread] DEBUG Input                - Mocking key release: S
14:42:57.504 [JavaFX Application Thread] DEBUG AssetLoader          - Loading from cache: /assets/textures/Frogger/frog_jump.png
14:42:57.761 [JavaFX Application Thread] DEBUG AssetLoader          - Loading from cache: /assets/textures/Frogger/frog_idle.png
14:42:58.171 [JavaFX Application Thread] DEBUG Input                - Mocking key release: W
14:42:58.171 [JavaFX Application Thread] DEBUG AssetLoader          - Loading from cache: /assets/textures/Frogger/frog_jump.png
14:42:58.208 [JavaFX Application Thread] DEBUG AssetLoader          - Loading from cache: /assets/textures/Frogger/orange_car.png
14:42:58.210 [JavaFX Application Thread] DEBUG AssetLoader          - Loading from cache: /assets/textures/Frogger/orange_car.png
14:42:58.433 [JavaFX Application Thread] DEBUG AssetLoader          - Loading from cache: /assets/textures/Frogger/frog_idle.png
14:42:58.889 [JavaFX Application Thread] DEBUG Input                - Mocking key release: S
14:42:58.890 [JavaFX Application Thread] DEBUG AssetLoader          - Loading from cache: /assets/textures/Frogger/frog_jump.png
14:42:59.035 [JavaFX Application Thread] DEBUG Input                - Mocking key release: S
14:42:59.036 [JavaFX Application Thread] DEBUG AssetLoader          - Loading from cache: /assets/textures/Frogger/frog_jump.png
14:42:59.121 [JavaFX Application Thread] DEBUG AssetLoader          - Loading from cache: /assets/textures/Frogger/orange_car.png
14:42:59.122 [JavaFX Application Thread] DEBUG AssetLoader          - Loading from cache: /assets/textures/Frogger/green_car.png
14:42:59.123 [JavaFX Application Thread] DEBUG AssetLoader          - Loading from cache: /assets/textures/Frogger/full_log.png
14:42:59.123 [JavaFX Application Thread] DEBUG AssetLoader          - Loading from cache: /assets/textures/Frogger/full_log.png
14:42:59.124 [JavaFX Application Thread] DEBUG AssetLoader          - Loading from cache: /assets/textures/Frogger/half_log.png
14:42:59.137 [JavaFX Application Thread] DEBUG AssetLoader          - Loading from cache: /assets/textures/Frogger/frog_idle.png
14:42:59.169 [JavaFX Application Thread] DEBUG Input                - Mocking key release: S
14:42:59.169 [JavaFX Application Thread] DEBUG AssetLoader          - Loading from cache: /assets/textures/Frogger/frog_jump.png
14:42:59.297 [JavaFX Application Thread] DEBUG AssetLoader          - Loading from cache: /assets/textures/Frogger/frog_idle.png
14:42:59.425 [JavaFX Application Thread] DEBUG AssetLoader          - Loading from cache: /assets/textures/Frogger/frog_idle.png
14:42:59.552 [JavaFX Application Thread] DEBUG Input                - Mocking key release: D
14:42:59.553 [JavaFX Application Thread] DEBUG AssetLoader          - Loading from cache: /assets/textures/Frogger/frog_jump.png
14:42:59.738 [JavaFX Application Thread] DEBUG Input                - Mocking key release: W
14:42:59.738 [JavaFX Application Thread] DEBUG AssetLoader          - Loading from cache: /assets/textures/Frogger/frog_jump.png
14:42:59.809 [JavaFX Application Thread] DEBUG AssetLoader          - Loading from cache: /assets/textures/Frogger/frog_idle.png
14:42:59.951 [JavaFX Application Thread] DEBUG Input                - Mocking key release: W
14:42:59.951 [JavaFX Application Thread] DEBUG AssetLoader          - Loading from cache: /assets/textures/Frogger/frog_jump.png
14:42:59.985 [JavaFX Application Thread] DEBUG AssetLoader          - Loading from cache: /assets/textures/Frogger/frog_idle.png
14:43:00.049 [JavaFX Application Thread] DEBUG AssetLoader          - Loading from cache: /assets/textures/Frogger/red_car.png
14:43:00.050 [JavaFX Application Thread] DEBUG AssetLoader          - Loading from cache: /assets/textures/Frogger/green_car.png
14:43:00.209 [JavaFX Application Thread] DEBUG AssetLoader          - Loading from cache: /assets/textures/Frogger/frog_idle.png
14:43:00.385 [JavaFX Application Thread] DEBUG Input                - Mocking key release: S
14:43:00.385 [JavaFX Application Thread] DEBUG AssetLoader          - Loading from cache: /assets/textures/Frogger/frog_jump.png
14:43:00.641 [JavaFX Application Thread] DEBUG AssetLoader          - Loading from cache: /assets/textures/Frogger/frog_idle.png
14:43:00.767 [JavaFX Application Thread] DEBUG Input                - Mocking key release: D
14:43:00.768 [JavaFX Application Thread] DEBUG AssetLoader          - Loading from cache: /assets/textures/Frogger/frog_jump.png
14:43:00.960 [JavaFX Application Thread] DEBUG Input                - Mocking key release: D
14:43:00.960 [JavaFX Application Thread] DEBUG AssetLoader          - Loading from cache: /assets/textures/Frogger/frog_jump.png
14:43:00.961 [JavaFX Application Thread] DEBUG AssetLoader          - Loading from cache: /assets/textures/Frogger/red_car.png
14:43:00.962 [JavaFX Application Thread] DEBUG AssetLoader          - Loading from cache: /assets/textures/Frogger/blue_car.png
14:43:01.025 [JavaFX Application Thread] DEBUG AssetLoader          - Loading from cache: /assets/textures/Frogger/frog_idle.png
14:43:01.101 [JavaFX Application Thread] DEBUG Input                - Mocking key release: D
14:43:01.101 [JavaFX Application Thread] DEBUG AssetLoader          - Loading from cache: /assets/textures/Frogger/frog_jump.png
14:43:01.216 [JavaFX Application Thread] DEBUG AssetLoader          - Loading from cache: /assets/textures/Frogger/frog_idle.png
14:43:01.252 [JavaFX Application Thread] DEBUG Input                - Mocking key release: D
14:43:01.253 [JavaFX Application Thread] DEBUG AssetLoader          - Loading from cache: /assets/textures/Frogger/frog_jump.png
14:43:01.361 [JavaFX Application Thread] DEBUG AssetLoader          - Loading from cache: /assets/textures/Frogger/frog_idle.png
14:43:01.417 [JavaFX Application Thread] DEBUG Input                - Mocking key release: D
14:43:01.417 [JavaFX Application Thread] DEBUG AssetLoader          - Loading from cache: /assets/textures/Frogger/frog_jump.png
14:43:01.505 [JavaFX Application Thread] DEBUG AssetLoader          - Loading from cache: /assets/textures/Frogger/frog_idle.png
14:43:01.567 [JavaFX Application Thread] DEBUG Input                - Mocking key release: D
14:43:01.567 [JavaFX Application Thread] DEBUG AssetLoader          - Loading from cache: /assets/textures/Frogger/frog_jump.png
14:43:01.681 [JavaFX Application Thread] DEBUG AssetLoader          - Loading from cache: /assets/textures/Frogger/frog_idle.png
14:43:01.722 [JavaFX Application Thread] DEBUG Input                - Mocking key release: D
14:43:01.722 [JavaFX Application Thread] DEBUG AssetLoader          - Loading from cache: /assets/textures/Frogger/frog_jump.png
14:43:01.825 [JavaFX Application Thread] DEBUG AssetLoader          - Loading from cache: /assets/textures/Frogger/frog_idle.png
14:43:01.873 [JavaFX Application Thread] DEBUG AssetLoader          - Loading from cache: /assets/textures/Frogger/blue_car.png
14:43:01.874 [JavaFX Application Thread] DEBUG AssetLoader          - Loading from cache: /assets/textures/Frogger/red_car.png
14:43:01.885 [JavaFX Application Thread] DEBUG Input                - Mocking key release: D
14:43:01.885 [JavaFX Application Thread] DEBUG AssetLoader          - Loading from cache: /assets/textures/Frogger/frog_jump.png
14:43:01.968 [JavaFX Application Thread] DEBUG AssetLoader          - Loading from cache: /assets/textures/Frogger/frog_idle.png
14:43:02.117 [JavaFX Application Thread] DEBUG Input                - Mocking key release: D
14:43:02.118 [JavaFX Application Thread] DEBUG AssetLoader          - Loading from cache: /assets/textures/Frogger/frog_jump.png
14:43:02.145 [JavaFX Application Thread] DEBUG AssetLoader          - Loading from cache: /assets/textures/Frogger/frog_idle.png
14:43:02.268 [JavaFX Application Thread] DEBUG Input                - Mocking key release: D
14:43:02.269 [JavaFX Application Thread] DEBUG AssetLoader          - Loading from cache: /assets/textures/Frogger/frog_jump.png
14:43:02.368 [JavaFX Application Thread] DEBUG AssetLoader          - Loading from cache: /assets/textures/Frogger/frog_idle.png
14:43:02.416 [JavaFX Application Thread] DEBUG Input                - Mocking key release: D
14:43:02.416 [JavaFX Application Thread] DEBUG AssetLoader          - Loading from cache: /assets/textures/Frogger/frog_jump.png
14:43:02.525 [JavaFX Application Thread] DEBUG Input                - Mocking key release: W
14:43:02.526 [JavaFX Application Thread] DEBUG AssetLoader          - Loading from cache: /assets/textures/Frogger/frog_jump.png
14:43:02.529 [JavaFX Application Thread] DEBUG AssetLoader          - Loading from cache: /assets/textures/Frogger/frog_idle.png
14:43:02.673 [JavaFX Application Thread] DEBUG AssetLoader          - Loading from cache: /assets/textures/Frogger/frog_idle.png
14:43:02.768 [JavaFX Application Thread] DEBUG AssetLoader          - Loading from cache: /assets/textures/Frogger/frog_idle.png
14:43:02.785 [JavaFX Application Thread] DEBUG AssetLoader          - Loading from cache: /assets/textures/Frogger/purple_car.png
14:43:02.786 [JavaFX Application Thread] DEBUG AssetLoader          - Loading from cache: /assets/textures/Frogger/red_car.png
14:43:02.786 [JavaFX Application Thread] DEBUG AssetLoader          - Loading from cache: /assets/textures/Frogger/full_log.png
14:43:02.787 [JavaFX Application Thread] DEBUG AssetLoader          - Loading from cache: /assets/textures/Frogger/half_log.png
14:43:03.714 [JavaFX Application Thread] DEBUG AssetLoader          - Loading from cache: /assets/textures/Frogger/blue_car.png
14:43:03.716 [JavaFX Application Thread] DEBUG AssetLoader          - Loading from cache: /assets/textures/Frogger/orange_car.png
14:43:04.482 [JavaFX Application Thread] DEBUG Input                - Mocking key release: S
14:43:04.482 [JavaFX Application Thread] DEBUG AssetLoader          - Loading from cache: /assets/textures/Frogger/frog_jump.png
14:43:04.624 [JavaFX Application Thread] DEBUG AssetLoader          - Loading from cache: /assets/textures/Frogger/orange_car.png
14:43:04.625 [JavaFX Application Thread] DEBUG AssetLoader          - Loading from cache: /assets/textures/Frogger/red_car.png
14:43:04.721 [JavaFX Application Thread] DEBUG AssetLoader          - Loading from cache: /assets/textures/Frogger/frog_idle.png
14:43:04.816 [JavaFX Application Thread] DEBUG Input                - Mocking key release: D
14:43:04.817 [JavaFX Application Thread] DEBUG AssetLoader          - Loading from cache: /assets/textures/Frogger/frog_jump.png
14:43:04.992 [JavaFX Application Thread] DEBUG Input                - Mocking key release: D
14:43:04.993 [JavaFX Application Thread] DEBUG AssetLoader          - Loading from cache: /assets/textures/Frogger/frog_jump.png
14:43:05.073 [JavaFX Application Thread] DEBUG AssetLoader          - Loading from cache: /assets/textures/Frogger/frog_idle.png
14:43:05.137 [JavaFX Application Thread] DEBUG Input                - Mocking key release: D
14:43:05.138 [JavaFX Application Thread] DEBUG AssetLoader          - Loading from cache: /assets/textures/Frogger/frog_jump.png
14:43:05.233 [JavaFX Application Thread] DEBUG AssetLoader          - Loading from cache: /assets/textures/Frogger/frog_idle.png
14:43:05.274 [JavaFX Application Thread] DEBUG Input                - Mocking key release: D
14:43:05.274 [JavaFX Application Thread] DEBUG AssetLoader          - Loading from cache: /assets/textures/Frogger/frog_jump.png
14:43:05.393 [JavaFX Application Thread] DEBUG AssetLoader          - Loading from cache: /assets/textures/Frogger/frog_idle.png
14:43:05.420 [JavaFX Application Thread] DEBUG Input                - Mocking key release: D
14:43:05.420 [JavaFX Application Thread] DEBUG AssetLoader          - Loading from cache: /assets/textures/Frogger/frog_jump.png
14:43:05.521 [JavaFX Application Thread] DEBUG AssetLoader          - Loading from cache: /assets/textures/Frogger/frog_idle.png
14:43:05.537 [JavaFX Application Thread] DEBUG AssetLoader          - Loading from cache: /assets/textures/Frogger/green_car.png
14:43:05.537 [JavaFX Application Thread] DEBUG AssetLoader          - Loading from cache: /assets/textures/Frogger/blue_car.png
14:43:05.538 [JavaFX Application Thread] DEBUG AssetLoader          - Loading from cache: /assets/textures/Frogger/half_log.png
14:43:05.538 [JavaFX Application Thread] DEBUG AssetLoader          - Loading from cache: /assets/textures/Frogger/full_log.png
14:43:05.582 [JavaFX Application Thread] DEBUG Input                - Mocking key release: D
14:43:05.582 [JavaFX Application Thread] DEBUG AssetLoader          - Loading from cache: /assets/textures/Frogger/frog_jump.png
14:43:05.680 [JavaFX Application Thread] DEBUG AssetLoader          - Loading from cache: /assets/textures/Frogger/frog_idle.png
14:43:05.727 [JavaFX Application Thread] DEBUG Input                - Mocking key release: D
14:43:05.727 [JavaFX Application Thread] DEBUG AssetLoader          - Loading from cache: /assets/textures/Frogger/frog_jump.png
14:43:05.841 [JavaFX Application Thread] DEBUG AssetLoader          - Loading from cache: /assets/textures/Frogger/frog_idle.png
14:43:05.882 [JavaFX Application Thread] DEBUG Input                - Mocking key release: D
14:43:05.882 [JavaFX Application Thread] DEBUG AssetLoader          - Loading from cache: /assets/textures/Frogger/frog_jump.png
14:43:05.969 [JavaFX Application Thread] DEBUG AssetLoader          - Loading from cache: /assets/textures/Frogger/frog_idle.png
14:43:05.982 [JavaFX Application Thread] DEBUG Input                - Mocking key release: D
14:43:05.982 [JavaFX Application Thread] DEBUG AssetLoader          - Loading from cache: /assets/textures/Frogger/frog_jump.png
14:43:06.114 [JavaFX Application Thread] DEBUG Input                - Mocking key release: D
14:43:06.114 [JavaFX Application Thread] DEBUG AssetLoader          - Loading from cache: /assets/textures/Frogger/frog_jump.png
14:43:06.145 [JavaFX Application Thread] DEBUG AssetLoader          - Loading from cache: /assets/textures/Frogger/frog_idle.png
14:43:06.241 [JavaFX Application Thread] DEBUG AssetLoader          - Loading from cache: /assets/textures/Frogger/frog_idle.png
14:43:06.298 [JavaFX Application Thread] DEBUG Input                - Mocking key release: D
14:43:06.298 [JavaFX Application Thread] DEBUG AssetLoader          - Loading from cache: /assets/textures/Frogger/frog_jump.png
14:43:06.369 [JavaFX Application Thread] DEBUG AssetLoader          - Loading from cache: /assets/textures/Frogger/frog_idle.png
14:43:06.449 [JavaFX Application Thread] DEBUG AssetLoader          - Loading from cache: /assets/textures/Frogger/blue_car.png
14:43:06.450 [JavaFX Application Thread] DEBUG AssetLoader          - Loading from cache: /assets/textures/Frogger/red_car.png
14:43:06.490 [JavaFX Application Thread] DEBUG Input                - Mocking key release: D
14:43:06.490 [JavaFX Application Thread] DEBUG AssetLoader          - Loading from cache: /assets/textures/Frogger/frog_jump.png
14:43:06.535 [JavaFX Application Thread] DEBUG Input                - Mocking key release: W
14:43:06.535 [JavaFX Application Thread] DEBUG AssetLoader          - Loading from cache: /assets/textures/Frogger/frog_jump.png
14:43:06.561 [JavaFX Application Thread] DEBUG AssetLoader          - Loading from cache: /assets/textures/Frogger/frog_idle.png
14:43:06.737 [JavaFX Application Thread] DEBUG AssetLoader          - Loading from cache: /assets/textures/Frogger/frog_idle.png
14:43:06.785 [JavaFX Application Thread] DEBUG AssetLoader          - Loading from cache: /assets/textures/Frogger/frog_idle.png
14:43:07.378 [JavaFX Application Thread] DEBUG AssetLoader          - Loading from cache: /assets/textures/Frogger/green_car.png
14:43:07.379 [JavaFX Application Thread] DEBUG AssetLoader          - Loading from cache: /assets/textures/Frogger/purple_car.png
14:43:07.485 [JavaFX Application Thread] DEBUG Input                - Mocking key release: S
14:43:07.485 [JavaFX Application Thread] DEBUG AssetLoader          - Loading from cache: /assets/textures/Frogger/frog_jump.png
14:43:07.681 [JavaFX Application Thread] DEBUG Input                - Mocking key release: D
14:43:07.681 [JavaFX Application Thread] DEBUG AssetLoader          - Loading from cache: /assets/textures/Frogger/frog_jump.png
14:43:07.745 [JavaFX Application Thread] DEBUG AssetLoader          - Loading from cache: /assets/textures/Frogger/frog_idle.png
14:43:07.864 [JavaFX Application Thread] DEBUG Input                - Mocking key release: D
14:43:07.865 [JavaFX Application Thread] DEBUG AssetLoader          - Loading from cache: /assets/textures/Frogger/frog_jump.png
14:43:07.936 [JavaFX Application Thread] DEBUG AssetLoader          - Loading from cache: /assets/textures/Frogger/frog_idle.png
14:43:08.030 [JavaFX Application Thread] DEBUG Input                - Mocking key release: D
14:43:08.030 [JavaFX Application Thread] DEBUG AssetLoader          - Loading from cache: /assets/textures/Frogger/frog_jump.png
14:43:08.129 [JavaFX Application Thread] DEBUG AssetLoader          - Loading from cache: /assets/textures/Frogger/frog_idle.png
14:43:08.169 [JavaFX Application Thread] DEBUG Input                - Mocking key release: D
14:43:08.169 [JavaFX Application Thread] DEBUG AssetLoader          - Loading from cache: /assets/textures/Frogger/frog_jump.png
14:43:08.289 [JavaFX Application Thread] DEBUG AssetLoader          - Loading from cache: /assets/textures/Frogger/orange_car.png
14:43:08.290 [JavaFX Application Thread] DEBUG AssetLoader          - Loading from cache: /assets/textures/Frogger/blue_car.png
14:43:08.290 [JavaFX Application Thread] DEBUG AssetLoader          - Loading from cache: /assets/textures/Frogger/frog_idle.png
14:43:08.332 [JavaFX Application Thread] DEBUG Input                - Mocking key release: D
14:43:08.332 [JavaFX Application Thread] DEBUG AssetLoader          - Loading from cache: /assets/textures/Frogger/frog_jump.png
14:43:08.417 [JavaFX Application Thread] DEBUG AssetLoader          - Loading from cache: /assets/textures/Frogger/frog_idle.png
14:43:08.498 [JavaFX Application Thread] DEBUG Input                - Mocking key release: W
14:43:08.498 [JavaFX Application Thread] DEBUG AssetLoader          - Loading from cache: /assets/textures/Frogger/frog_jump.png
14:43:08.593 [JavaFX Application Thread] DEBUG AssetLoader          - Loading from cache: /assets/textures/Frogger/frog_idle.png
14:43:08.753 [JavaFX Application Thread] DEBUG AssetLoader          - Loading from cache: /assets/textures/Frogger/frog_idle.png
14:43:09.201 [JavaFX Application Thread] DEBUG AssetLoader          - Loading from cache: /assets/textures/Frogger/orange_car.png
14:43:09.202 [JavaFX Application Thread] DEBUG AssetLoader          - Loading from cache: /assets/textures/Frogger/blue_car.png
14:43:09.203 [JavaFX Application Thread] DEBUG AssetLoader          - Loading from cache: /assets/textures/Frogger/full_log.png
14:43:09.204 [JavaFX Application Thread] DEBUG AssetLoader          - Loading from cache: /assets/textures/Frogger/full_log.png
14:43:09.204 [JavaFX Application Thread] DEBUG AssetLoader          - Loading from cache: /assets/textures/Frogger/full_log.png
14:43:10.130 [JavaFX Application Thread] DEBUG AssetLoader          - Loading from cache: /assets/textures/Frogger/blue_car.png
14:43:10.130 [JavaFX Application Thread] DEBUG AssetLoader          - Loading from cache: /assets/textures/Frogger/orange_car.png
14:43:10.196 [JavaFX Application Thread] DEBUG Input                - Mocking key release: S
14:43:10.196 [JavaFX Application Thread] DEBUG AssetLoader          - Loading from cache: /assets/textures/Frogger/frog_jump.png
14:43:10.433 [JavaFX Application Thread] DEBUG Input                - Mocking key release: D
14:43:10.433 [JavaFX Application Thread] DEBUG AssetLoader          - Loading from cache: /assets/textures/Frogger/frog_jump.png
14:43:10.449 [JavaFX Application Thread] DEBUG AssetLoader          - Loading from cache: /assets/textures/Frogger/frog_idle.png
14:43:10.596 [JavaFX Application Thread] DEBUG Input                - Mocking key release: D
14:43:10.597 [JavaFX Application Thread] DEBUG AssetLoader          - Loading from cache: /assets/textures/Frogger/frog_jump.png
14:43:10.689 [JavaFX Application Thread] DEBUG AssetLoader          - Loading from cache: /assets/textures/Frogger/frog_idle.png
14:43:10.746 [JavaFX Application Thread] DEBUG Input                - Mocking key release: D
14:43:10.746 [JavaFX Application Thread] DEBUG AssetLoader          - Loading from cache: /assets/textures/Frogger/frog_jump.png
14:43:10.849 [JavaFX Application Thread] DEBUG AssetLoader          - Loading from cache: /assets/textures/Frogger/frog_idle.png
14:43:10.912 [JavaFX Application Thread] DEBUG Input                - Mocking key release: D
14:43:10.912 [JavaFX Application Thread] DEBUG AssetLoader          - Loading from cache: /assets/textures/Frogger/frog_jump.png
14:43:11.009 [JavaFX Application Thread] DEBUG AssetLoader          - Loading from cache: /assets/textures/Frogger/frog_idle.png
14:43:11.041 [JavaFX Application Thread] DEBUG AssetLoader          - Loading from cache: /assets/textures/Frogger/red_car.png
14:43:11.042 [JavaFX Application Thread] DEBUG AssetLoader          - Loading from cache: /assets/textures/Frogger/green_car.png
14:43:11.098 [JavaFX Application Thread] DEBUG Input                - Mocking key release: D
14:43:11.098 [JavaFX Application Thread] DEBUG AssetLoader          - Loading from cache: /assets/textures/Frogger/frog_jump.png
14:43:11.169 [JavaFX Application Thread] DEBUG AssetLoader          - Loading from cache: /assets/textures/Frogger/frog_idle.png
14:43:11.230 [JavaFX Application Thread] DEBUG Input                - Mocking key release: D
14:43:11.230 [JavaFX Application Thread] DEBUG AssetLoader          - Loading from cache: /assets/textures/Frogger/frog_jump.png
14:43:11.360 [JavaFX Application Thread] DEBUG AssetLoader          - Loading from cache: /assets/textures/Frogger/frog_idle.png
14:43:11.371 [JavaFX Application Thread] DEBUG Input                - Mocking key release: D
14:43:11.371 [JavaFX Application Thread] DEBUG AssetLoader          - Loading from cache: /assets/textures/Frogger/frog_jump.png
14:43:11.489 [JavaFX Application Thread] DEBUG AssetLoader          - Loading from cache: /assets/textures/Frogger/frog_idle.png
14:43:11.531 [JavaFX Application Thread] DEBUG Input                - Mocking key release: D
14:43:11.531 [JavaFX Application Thread] DEBUG AssetLoader          - Loading from cache: /assets/textures/Frogger/frog_jump.png
14:43:11.617 [JavaFX Application Thread] DEBUG AssetLoader          - Loading from cache: /assets/textures/Frogger/frog_idle.png
14:43:11.695 [JavaFX Application Thread] DEBUG Input                - Mocking key release: D
14:43:11.696 [JavaFX Application Thread] DEBUG AssetLoader          - Loading from cache: /assets/textures/Frogger/frog_jump.png
14:43:11.793 [JavaFX Application Thread] DEBUG AssetLoader          - Loading from cache: /assets/textures/Frogger/frog_idle.png
14:43:11.815 [JavaFX Application Thread] DEBUG Input                - Mocking key release: D
14:43:11.815 [JavaFX Application Thread] DEBUG AssetLoader          - Loading from cache: /assets/textures/Frogger/frog_jump.png
14:43:11.953 [JavaFX Application Thread] DEBUG AssetLoader          - Loading from cache: /assets/textures/Frogger/orange_car.png
14:43:11.954 [JavaFX Application Thread] DEBUG AssetLoader          - Loading from cache: /assets/textures/Frogger/blue_car.png
14:43:11.955 [JavaFX Application Thread] DEBUG AssetLoader          - Loading from cache: /assets/textures/Frogger/frog_idle.png
14:43:12.028 [JavaFX Application Thread] DEBUG Input                - Mocking key release: D
14:43:12.028 [JavaFX Application Thread] DEBUG AssetLoader          - Loading from cache: /assets/textures/Frogger/frog_jump.png
14:43:12.064 [JavaFX Application Thread] DEBUG AssetLoader          - Loading from cache: /assets/textures/Frogger/frog_idle.png
14:43:12.079 [JavaFX Application Thread] DEBUG Input                - Mocking key release: W
14:43:12.079 [JavaFX Application Thread] DEBUG AssetLoader          - Loading from cache: /assets/textures/Frogger/frog_jump.png
14:43:12.289 [JavaFX Application Thread] DEBUG AssetLoader          - Loading from cache: /assets/textures/Frogger/frog_idle.png
14:43:12.337 [JavaFX Application Thread] DEBUG AssetLoader          - Loading from cache: /assets/textures/Frogger/frog_idle.png
14:43:12.596 [JavaFX Application Thread] DEBUG Input                - Mocking key release: W
14:43:12.597 [JavaFX Application Thread] DEBUG AssetLoader          - Loading from cache: /assets/textures/Frogger/frog_jump.png
14:43:12.732 [JavaFX Application Thread] DEBUG Input                - Mocking key release: W
14:43:12.732 [JavaFX Application Thread] DEBUG AssetLoader          - Loading from cache: /assets/textures/Frogger/frog_jump.png
14:43:12.848 [JavaFX Application Thread] DEBUG AssetLoader          - Loading from cache: /assets/textures/Frogger/frog_idle.png
14:43:12.865 [JavaFX Application Thread] DEBUG AssetLoader          - Loading from cache: /assets/textures/Frogger/orange_car.png
14:43:12.866 [JavaFX Application Thread] DEBUG AssetLoader          - Loading from cache: /assets/textures/Frogger/red_car.png
14:43:12.866 [JavaFX Application Thread] DEBUG AssetLoader          - Loading from cache: /assets/textures/Frogger/full_log.png
14:43:12.866 [JavaFX Application Thread] DEBUG AssetLoader          - Loading from cache: /assets/textures/Frogger/full_log.png
14:43:12.993 [JavaFX Application Thread] DEBUG AssetLoader          - Loading from cache: /assets/textures/Frogger/frog_idle.png
14:43:13.793 [JavaFX Application Thread] DEBUG AssetLoader          - Loading from cache: /assets/textures/Frogger/blue_car.png
14:43:13.794 [JavaFX Application Thread] DEBUG AssetLoader          - Loading from cache: /assets/textures/Frogger/purple_car.png
14:43:14.704 [JavaFX Application Thread] DEBUG AssetLoader          - Loading from cache: /assets/textures/Frogger/purple_car.png
14:43:14.705 [JavaFX Application Thread] DEBUG AssetLoader          - Loading from cache: /assets/textures/Frogger/orange_car.png
14:43:15.231 [JavaFX Application Thread] DEBUG Input                - Mocking key release: S
14:43:15.231 [JavaFX Application Thread] DEBUG AssetLoader          - Loading from cache: /assets/textures/Frogger/frog_jump.png
14:43:15.387 [JavaFX Application Thread] DEBUG Input                - Mocking key release: S
14:43:15.388 [JavaFX Application Thread] DEBUG AssetLoader          - Loading from cache: /assets/textures/Frogger/frog_jump.png
14:43:15.488 [JavaFX Application Thread] DEBUG AssetLoader          - Loading from cache: /assets/textures/Frogger/frog_idle.png
14:43:15.617 [JavaFX Application Thread] DEBUG AssetLoader          - Loading from cache: /assets/textures/Frogger/orange_car.png
14:43:15.618 [JavaFX Application Thread] DEBUG AssetLoader          - Loading from cache: /assets/textures/Frogger/purple_car.png
14:43:15.633 [JavaFX Application Thread] DEBUG AssetLoader          - Loading from cache: /assets/textures/Frogger/frog_idle.png
14:43:15.848 [JavaFX Application Thread] DEBUG Input                - Mocking key release: S
14:43:15.848 [JavaFX Application Thread] DEBUG AssetLoader          - Loading from cache: /assets/textures/Frogger/frog_jump.png
14:43:16.097 [JavaFX Application Thread] DEBUG AssetLoader          - Loading from cache: /assets/textures/Frogger/frog_idle.png
14:43:16.383 [JavaFX Application Thread] DEBUG Input                - Mocking key release: A
14:43:16.383 [JavaFX Application Thread] DEBUG AssetLoader          - Loading from cache: /assets/textures/Frogger/frog_jump.png
14:43:16.528 [JavaFX Application Thread] DEBUG AssetLoader          - Loading from cache: /assets/textures/Frogger/red_car.png
14:43:16.529 [JavaFX Application Thread] DEBUG AssetLoader          - Loading from cache: /assets/textures/Frogger/orange_car.png
14:43:16.587 [JavaFX Application Thread] DEBUG Input                - Mocking key release: A
14:43:16.588 [JavaFX Application Thread] DEBUG AssetLoader          - Loading from cache: /assets/textures/Frogger/frog_jump.png
14:43:16.641 [JavaFX Application Thread] DEBUG AssetLoader          - Loading from cache: /assets/textures/Frogger/frog_idle.png
14:43:16.735 [JavaFX Application Thread] DEBUG Input                - Mocking key release: A
14:43:16.736 [JavaFX Application Thread] DEBUG AssetLoader          - Loading from cache: /assets/textures/Frogger/frog_jump.png
14:43:16.833 [JavaFX Application Thread] DEBUG AssetLoader          - Loading from cache: /assets/textures/Frogger/frog_idle.png
14:43:16.881 [JavaFX Application Thread] DEBUG Input                - Mocking key release: A
14:43:16.881 [JavaFX Application Thread] DEBUG AssetLoader          - Loading from cache: /assets/textures/Frogger/frog_jump.png
14:43:16.977 [JavaFX Application Thread] DEBUG AssetLoader          - Loading from cache: /assets/textures/Frogger/frog_idle.png
14:43:17.088 [JavaFX Application Thread] DEBUG Input                - Mocking key release: A
14:43:17.088 [JavaFX Application Thread] DEBUG AssetLoader          - Loading from cache: /assets/textures/Frogger/frog_jump.png
14:43:17.137 [JavaFX Application Thread] DEBUG AssetLoader          - Loading from cache: /assets/textures/Frogger/frog_idle.png
14:43:17.328 [JavaFX Application Thread] DEBUG AssetLoader          - Loading from cache: /assets/textures/Frogger/frog_idle.png
14:43:17.457 [JavaFX Application Thread] DEBUG AssetLoader          - Loading from cache: /assets/textures/Frogger/red_car.png
14:43:17.457 [JavaFX Application Thread] DEBUG AssetLoader          - Loading from cache: /assets/textures/Frogger/blue_car.png
14:43:17.458 [JavaFX Application Thread] DEBUG AssetLoader          - Loading from cache: /assets/textures/Frogger/half_log.png
14:43:17.458 [JavaFX Application Thread] DEBUG AssetLoader          - Loading from cache: /assets/textures/Frogger/full_log.png
14:43:17.459 [JavaFX Application Thread] DEBUG AssetLoader          - Loading from cache: /assets/textures/Frogger/half_log.png
14:43:17.462 [JavaFX Application Thread] DEBUG Input                - Mocking key release: A
14:43:17.462 [JavaFX Application Thread] DEBUG AssetLoader          - Loading from cache: /assets/textures/Frogger/frog_jump.png
14:43:17.610 [JavaFX Application Thread] DEBUG Input                - Mocking key release: A
14:43:17.610 [JavaFX Application Thread] DEBUG AssetLoader          - Loading from cache: /assets/textures/Frogger/frog_jump.png
14:43:17.712 [JavaFX Application Thread] DEBUG AssetLoader          - Loading from cache: /assets/textures/Frogger/frog_idle.png
14:43:17.730 [JavaFX Application Thread] DEBUG Input                - Mocking key release: A
14:43:17.730 [JavaFX Application Thread] DEBUG AssetLoader          - Loading from cache: /assets/textures/Frogger/frog_jump.png
14:43:17.798 [JavaFX Application Thread] DEBUG Input                - Mocking key release: A
14:43:17.798 [JavaFX Application Thread] DEBUG AssetLoader          - Loading from cache: /assets/textures/Frogger/frog_jump.png
14:43:17.873 [JavaFX Application Thread] DEBUG AssetLoader          - Loading from cache: /assets/textures/Frogger/frog_idle.png
14:43:17.913 [JavaFX Application Thread] DEBUG Input                - Mocking key release: A
14:43:17.913 [JavaFX Application Thread] DEBUG AssetLoader          - Loading from cache: /assets/textures/Frogger/frog_jump.png
14:43:17.985 [JavaFX Application Thread] DEBUG AssetLoader          - Loading from cache: /assets/textures/Frogger/frog_idle.png
14:43:18.048 [JavaFX Application Thread] DEBUG AssetLoader          - Loading from cache: /assets/textures/Frogger/frog_idle.png
14:43:18.092 [JavaFX Application Thread] DEBUG Input                - Mocking key release: W
14:43:18.092 [JavaFX Application Thread] DEBUG AssetLoader          - Loading from cache: /assets/textures/Frogger/frog_jump.png
14:43:18.161 [JavaFX Application Thread] DEBUG AssetLoader          - Loading from cache: /assets/textures/Frogger/frog_idle.png
14:43:18.353 [JavaFX Application Thread] DEBUG AssetLoader          - Loading from cache: /assets/textures/Frogger/frog_idle.png
14:43:18.369 [JavaFX Application Thread] DEBUG AssetLoader          - Loading from cache: /assets/textures/Frogger/purple_car.png
14:43:18.370 [JavaFX Application Thread] DEBUG AssetLoader          - Loading from cache: /assets/textures/Frogger/green_car.png
14:43:18.942 [JavaFX Application Thread] DEBUG Input                - Mocking key release: W
14:43:18.942 [JavaFX Application Thread] DEBUG AssetLoader          - Loading from cache: /assets/textures/Frogger/frog_jump.png
14:43:19.046 [JavaFX Application Thread] DEBUG Input                - Mocking key release: W
14:43:19.046 [JavaFX Application Thread] DEBUG AssetLoader          - Loading from cache: /assets/textures/Frogger/frog_jump.png
14:43:19.131 [JavaFX Application Thread] DEBUG Input                - Mocking key release: W
14:43:19.131 [JavaFX Application Thread] DEBUG AssetLoader          - Loading from cache: /assets/textures/Frogger/frog_jump.png
14:43:19.200 [JavaFX Application Thread] DEBUG AssetLoader          - Loading from cache: /assets/textures/Frogger/frog_idle.png
14:43:19.242 [JavaFX Application Thread] DEBUG Input                - Mocking key release: W
14:43:19.242 [JavaFX Application Thread] DEBUG AssetLoader          - Loading from cache: /assets/textures/Frogger/frog_jump.png
14:43:19.282 [JavaFX Application Thread] DEBUG AssetLoader          - Loading from cache: /assets/textures/Frogger/purple_car.png
14:43:19.283 [JavaFX Application Thread] DEBUG AssetLoader          - Loading from cache: /assets/textures/Frogger/green_car.png
14:43:19.297 [JavaFX Application Thread] DEBUG AssetLoader          - Loading from cache: /assets/textures/Frogger/frog_idle.png
14:43:19.377 [JavaFX Application Thread] DEBUG AssetLoader          - Loading from cache: /assets/textures/Frogger/frog_idle.png
14:43:19.505 [JavaFX Application Thread] DEBUG AssetLoader          - Loading from cache: /assets/textures/Frogger/frog_idle.png
14:43:19.861 [JavaFX Application Thread] DEBUG Input                - Mocking key release: S
14:43:19.862 [JavaFX Application Thread] DEBUG AssetLoader          - Loading from cache: /assets/textures/Frogger/frog_jump.png
14:43:20.028 [JavaFX Application Thread] DEBUG Input                - Mocking key release: S
14:43:20.028 [JavaFX Application Thread] DEBUG AssetLoader          - Loading from cache: /assets/textures/Frogger/frog_jump.png
14:43:20.113 [JavaFX Application Thread] DEBUG AssetLoader          - Loading from cache: /assets/textures/Frogger/frog_idle.png
14:43:20.193 [JavaFX Application Thread] DEBUG AssetLoader          - Loading from cache: /assets/textures/Frogger/blue_car.png
14:43:20.194 [JavaFX Application Thread] DEBUG AssetLoader          - Loading from cache: /assets/textures/Frogger/blue_car.png
14:43:20.288 [JavaFX Application Thread] DEBUG AssetLoader          - Loading from cache: /assets/textures/Frogger/frog_idle.png
14:43:20.976 [JavaFX Application Thread] DEBUG Input                - Mocking key release: S
14:43:20.976 [JavaFX Application Thread] DEBUG AssetLoader          - Loading from cache: /assets/textures/Frogger/frog_jump.png
14:43:21.121 [JavaFX Application Thread] DEBUG AssetLoader          - Loading from cache: /assets/textures/Frogger/green_car.png
14:43:21.122 [JavaFX Application Thread] DEBUG AssetLoader          - Loading from cache: /assets/textures/Frogger/blue_car.png
14:43:21.233 [JavaFX Application Thread] DEBUG AssetLoader          - Loading from cache: /assets/textures/Frogger/frog_idle.png
14:43:22.033 [JavaFX Application Thread] DEBUG AssetLoader          - Loading from cache: /assets/textures/Frogger/orange_car.png
14:43:22.034 [JavaFX Application Thread] DEBUG AssetLoader          - Loading from cache: /assets/textures/Frogger/blue_car.png
14:43:22.590 [JavaFX Application Thread] DEBUG Input                - Mocking key release: S
14:43:22.590 [JavaFX Application Thread] DEBUG AssetLoader          - Loading from cache: /assets/textures/Frogger/frog_jump.png
14:43:22.849 [JavaFX Application Thread] DEBUG AssetLoader          - Loading from cache: /assets/textures/Frogger/frog_idle.png
14:43:22.944 [JavaFX Application Thread] DEBUG AssetLoader          - Loading from cache: /assets/textures/Frogger/blue_car.png
14:43:22.944 [JavaFX Application Thread] DEBUG AssetLoader          - Loading from cache: /assets/textures/Frogger/blue_car.png
14:43:22.945 [JavaFX Application Thread] DEBUG AssetLoader          - Loading from cache: /assets/textures/Frogger/half_log.png
14:43:22.945 [JavaFX Application Thread] DEBUG AssetLoader          - Loading from cache: /assets/textures/Frogger/full_log.png
14:43:23.308 [JavaFX Application Thread] DEBUG Input                - Mocking key release: W
14:43:23.309 [JavaFX Application Thread] DEBUG AssetLoader          - Loading from cache: /assets/textures/Frogger/frog_jump.png
14:43:23.569 [JavaFX Application Thread] DEBUG AssetLoader          - Loading from cache: /assets/textures/Frogger/frog_idle.png
14:43:23.857 [JavaFX Application Thread] DEBUG AssetLoader          - Loading from cache: /assets/textures/Frogger/blue_car.png
14:43:23.858 [JavaFX Application Thread] DEBUG AssetLoader          - Loading from cache: /assets/textures/Frogger/blue_car.png
14:43:24.721 [JavaFX Application Thread] DEBUG GameApplication      - Exiting game application
14:43:24.721 [JavaFX Application Thread] DEBUG GameApplication      - Shutting down background threads
14:43:24.722 [JavaFX Application Thread] DEBUG GameApplication      - Exiting FXGL
14:43:24.722 [JavaFX Application Thread] DEBUG FXGL                 - Saving FXGL system data
14:43:24.724 [JavaFX Application Thread] DEBUG DesktopFSService     - Writing to: system\fxgl.bundle
14:43:24.727 [JavaFX Application Thread] DEBUG GameApplication      - Closing logger and exiting JavaFX
