14:42:36.796 [JavaFX Application Thread] DEBUG GameApplication      - Logger initialized
14:42:36.803 [JavaFX Application Thread] DEBUG MainWindow           - Creating a JavaFX scene
14:42:36.871 [JavaFX Application Thread] DEBUG MainWindow           - Target settings size: 800.0 x 400.0
14:42:36.872 [JavaFX Application Thread] DEBUG MainWindow           - Scaled scene size:    800.0 x 400.0
14:42:36.872 [JavaFX Application Thread] DEBUG MainWindow           - Scaled ratio: (1.0, 1.0)
14:42:36.877 [JavaFX Application Thread] DEBUG GameApplication      - Starting FXGL
14:42:36.887 [JavaFX Application Thread] INFO  FXGL                 - FXGL-0.5.1 on DESKTOP
14:42:36.888 [JavaFX Application Thread] INFO  FXGL                 - Source code and latest versions at: https://github.com/AlmasB/FXGL
14:42:36.888 [JavaFX Application Thread] INFO  FXGL                 -              Join the FXGL chat at: https://gitter.im/AlmasB/FXGL
14:42:36.893 [JavaFX Application Thread] DEBUG FS                   - Loaded DesktopFSService
14:42:36.894 [JavaFX Application Thread] DEBUG FXGL                 - Loading FXGL system data
14:42:36.901 [JavaFX Application Thread] DEBUG DesktopFSService     - Reading from: system\fxgl.bundle
14:42:36.908 [JavaFX Application Thread] DEBUG Bundle               - Logging bundle: FXGL
14:42:36.908 [JavaFX Application Thread] DEBUG Bundle               - FXGL.offline.timer.version.check=2018-05-16T18:22:51.838
14:42:36.930 [JavaFX Application Thread] DEBUG GameApplication      - FXGL started
14:42:36.930 [JavaFX Application Thread] DEBUG GameApplication      - Logging game settings
Title: FlappyBird
Version: 0.2.0
Width: 800
Height: 400
Fullscreen: false
Intro: false
Menus: false
Profiling: false
Single step:false
App Mode: RELEASE
Menu Key: ESCAPE
Stage Style: DECORATED
Scene Factory: class com.almasb.fxgl.scene.SceneFactory
Dialog Factory: class com.almasb.fxgl.ui.FXGLDialogFactory
UI Factory: class com.almasb.fxgl.ui.FXGLUIFactory
Notification Service: class com.almasb.fxgl.gameplay.notification.XboxNotificationView
Exception Handler: class com.almasb.fxgl.app.FXGLExceptionHandler
14:42:36.931 [JavaFX Application Thread] DEBUG GameApplication      - Configuring GameApplication
14:42:36.931 [JavaFX Application Thread] DEBUG GameApplication      - Initializing state machine and application states
14:42:36.942 [JavaFX Application Thread] DEBUG AssetLoader          - Loading from disk: /assets/ui/cursors/fxgl_default.png
14:42:36.959 [JavaFX Application Thread] DEBUG AssetLoader          - Loading from disk: /assets/ui/cursors/fxgl_default.png
14:42:36.975 [JavaFX Application Thread] DEBUG FXGLAssets           - Loading FXGLAssets
14:42:36.999 [JavaFX Application Thread] DEBUG AssetLoader          - Loading from disk: /assets/ui/fonts/VarelaRound-Regular.ttf
14:42:37.121 [JavaFX Application Thread] DEBUG AssetLoader          - Loading from disk: /assets/ui/fonts/lucida_console.ttf
14:42:37.130 [JavaFX Application Thread] DEBUG AssetLoader          - Loading from disk: /assets/ui/css/fxgl_dark.css
14:42:37.152 [JavaFX Application Thread] DEBUG AssetLoader          - Loading from disk: /assets/ui/cursors/fxgl_default.png
14:42:37.176 [JavaFX Application Thread] DEBUG AssetLoader          - Loading from disk: /assets/ui/cursors/fxgl_default.png
14:42:37.189 [JavaFX Application Thread] DEBUG GameScene            - Game scene initialized: 800x400
14:42:37.191 [JavaFX Application Thread] DEBUG GameWorld            - Game world initialized
14:42:37.229 [JavaFX Application Thread] DEBUG PhysicsWorld         - Physics world initialized: appHeight=400, physics.ppm=50.0
14:42:37.243 [JavaFX Application Thread] DEBUG Input                - Registered new binding: Pause - Esc
14:42:37.257 [JavaFX Application Thread] DEBUG Input                - Clearing active input actions
14:42:37.288 [JavaFX Application Thread] DEBUG AppStateMachine      - StartupState -> StartupState
14:42:37.291 [JavaFX Application Thread] INFO  GameApplication      - Game configuration took:  0.360 sec
14:42:37.292 [JavaFX Application Thread] DEBUG AssetLoader          - Loading from disk: /assets/textures/fxgl_icon.png
14:42:37.303 [JavaFX Application Thread] DEBUG MainWindow           - Opening main window
14:42:37.433 [JavaFX Application Thread] DEBUG MainWindow           - Window border size: (4.0, 26.666656494140625)
14:42:37.433 [JavaFX Application Thread] DEBUG MainWindow           - Scaled size: 800.0 x 400.0
14:42:37.433 [JavaFX Application Thread] DEBUG MainWindow           - Scaled ratio: (1.0, 1.0)
14:42:37.433 [JavaFX Application Thread] DEBUG MainWindow           - Scene size: 800.0 x 400.0
14:42:37.433 [JavaFX Application Thread] DEBUG MainWindow           - Stage size: 804.0 x 426.6666564941406
14:42:37.433 [JavaFX Application Thread] DEBUG GameApplication      - Running preInit()
14:42:37.435 [JavaFX Application Thread] DEBUG Input                - Registered new binding: Screenshot - P
14:42:37.435 [JavaFX Application Thread] DEBUG Input                - Registered new binding: Dev Options - CTRL+0
14:42:37.436 [JavaFX Application Thread] DEBUG Input                - Registered new binding: System info dump - CTRL+9
14:42:37.436 [JavaFX Application Thread] DEBUG Input                - Registered new binding: Restart - CTRL+R
14:42:37.437 [JavaFX Application Thread] DEBUG Input                - Registered new binding: flap - LMB
14:42:37.462 [JavaFX Application Thread] DEBUG GameApplication      - Starting main loop
14:42:37.463 [JavaFX Application Thread] DEBUG StartupState         - STARTUP
14:42:37.464 [JavaFX Application Thread] DEBUG GameApplication      - Starting new game
14:42:37.464 [JavaFX Application Thread] DEBUG Input                - Clearing active input actions
14:42:37.470 [JavaFX Application Thread] DEBUG AppStateMachine      - StartupState -> LoadingState
14:42:37.474 [FXGL Background Thread 1 ] DEBUG InitAppTask          - Clearing previous game
14:42:37.474 [FXGL Background Thread 1 ] DEBUG GameWorld            - Clearing game world
14:42:37.475 [FXGL Background Thread 1 ] DEBUG PhysicsWorld         - Clearing physics world
14:42:37.475 [FXGL Background Thread 1 ] DEBUG GameScene            - Clearing game scene
14:42:37.476 [FXGL Background Thread 1 ] DEBUG InitAppTask          - Initializing Game
14:42:37.500 [FXGL Background Thread 1 ] DEBUG AssetLoader          - Loading from disk: /assets/textures/FlappyBird/flappybird_fly_sheet.png
14:42:37.580 [FXGL Background Thread 1 ] DEBUG GameScene            - Creating render group for layer: DEFAULT(100000)
14:42:37.584 [FXGL Background Thread 1 ] DEBUG AssetLoader          - Loading from disk: /assets/textures/FlappyBird/ground.png
14:42:37.587 [FXGL Background Thread 1 ] DEBUG GameScene            - Creating render group for layer: TOP(2147483647)
14:42:37.588 [FXGL Background Thread 1 ] DEBUG AssetLoader          - Loading from cache: /assets/textures/FlappyBird/ground.png
14:42:37.589 [FXGL Background Thread 1 ] DEBUG InitAppTask          - Initializing Physics
14:42:37.589 [FXGL Background Thread 1 ] DEBUG InitAppTask          - Initializing UI
14:42:37.590 [FXGL Background Thread 1 ] DEBUG AssetLoader          - Loading from disk: /assets/textures/FlappyBird/background.png
14:42:37.607 [FXGL Background Thread 1 ] DEBUG InitAppTask          - Initialization Complete
14:42:37.607 [FXGL Background Thread 1 ] INFO  InitAppTask          - Game initialization took: 0.133 sec
14:42:37.610 [JavaFX Application Thread] DEBUG Input                - Clearing active input actions
14:42:37.616 [JavaFX Application Thread] DEBUG AppStateMachine      - LoadingState -> PlayState
14:42:38.015 [JavaFX Application Thread] DEBUG Input                - Mocking key release: Space
14:42:38.152 [JavaFX Application Thread] DEBUG Input                - Mocking key release: Space
14:42:38.295 [JavaFX Application Thread] DEBUG Input                - Mocking key release: Space
14:42:38.437 [JavaFX Application Thread] DEBUG Input                - Mocking key release: Space
14:42:38.584 [JavaFX Application Thread] DEBUG Input                - Mocking key release: Space
14:42:38.586 [JavaFX Application Thread] DEBUG AssetLoader          - Loading from disk: /assets/textures/FlappyBird/top_pipe.png
14:42:38.588 [JavaFX Application Thread] DEBUG AssetLoader          - Loading from disk: /assets/textures/FlappyBird/bottom_pipe.png
14:42:38.590 [JavaFX Application Thread] DEBUG AssetLoader          - Loading from cache: /assets/textures/FlappyBird/ground.png
14:42:38.761 [JavaFX Application Thread] DEBUG Input                - Mocking key release: Space
14:42:38.913 [JavaFX Application Thread] DEBUG Input                - Mocking key release: Space
14:42:39.595 [JavaFX Application Thread] DEBUG AssetLoader          - Loading from cache: /assets/textures/FlappyBird/top_pipe.png
14:42:39.596 [JavaFX Application Thread] DEBUG AssetLoader          - Loading from cache: /assets/textures/FlappyBird/bottom_pipe.png
14:42:39.597 [JavaFX Application Thread] DEBUG AssetLoader          - Loading from cache: /assets/textures/FlappyBird/ground.png
14:42:39.714 [JavaFX Application Thread] DEBUG Input                - Mocking key release: Space
14:42:39.851 [JavaFX Application Thread] DEBUG Input                - Mocking key release: Space
14:42:40.497 [JavaFX Application Thread] DEBUG Input                - Mocking key release: Space
14:42:40.618 [JavaFX Application Thread] DEBUG AssetLoader          - Loading from cache: /assets/textures/FlappyBird/top_pipe.png
14:42:40.620 [JavaFX Application Thread] DEBUG AssetLoader          - Loading from cache: /assets/textures/FlappyBird/bottom_pipe.png
14:42:40.620 [JavaFX Application Thread] DEBUG AssetLoader          - Loading from cache: /assets/textures/FlappyBird/ground.png
14:42:41.114 [JavaFX Application Thread] DEBUG AssetLoader          - Loading from disk: /assets/textures/FlappyBird/game_over.png
14:42:41.116 [JavaFX Application Thread] DEBUG GameScene            - Creating render group for layer: BACKGROUND(1000)
14:42:43.156 [JavaFX Application Thread] DEBUG GameApplication      - Exiting game application
14:42:43.156 [JavaFX Application Thread] DEBUG GameApplication      - Shutting down background threads
14:42:43.157 [JavaFX Application Thread] DEBUG GameApplication      - Exiting FXGL
14:42:43.157 [JavaFX Application Thread] DEBUG FXGL                 - Saving FXGL system data
14:42:43.159 [JavaFX Application Thread] DEBUG DesktopFSService     - Writing to: system\fxgl.bundle
14:42:43.162 [JavaFX Application Thread] DEBUG GameApplication      - Closing logger and exiting JavaFX
