12:55:13.959 [JavaFX Application Thread] DEBUG GameApplication      - Logger initialized
12:55:13.964 [JavaFX Application Thread] DEBUG MainWindow           - Creating a JavaFX scene
12:55:13.965 [JavaFX Application Thread] DEBUG MainWindow           - Target size > screen size
12:55:14.038 [JavaFX Application Thread] DEBUG MainWindow           - Target settings size: 1400.0 x 1050.0
12:55:14.038 [JavaFX Application Thread] DEBUG MainWindow           - Scaled scene size:    881.0 x 679.0
12:55:14.038 [JavaFX Application Thread] DEBUG MainWindow           - Scaled ratio: (0.6292857142857143, 0.6466666666666666)
12:55:14.044 [JavaFX Application Thread] DEBUG GameApplication      - Starting FXGL
12:55:14.055 [JavaFX Application Thread] INFO  FXGL                 - FXGL-0.5.1 on DESKTOP
12:55:14.056 [JavaFX Application Thread] INFO  FXGL                 - Source code and latest versions at: https://github.com/AlmasB/FXGL
12:55:14.056 [JavaFX Application Thread] INFO  FXGL                 -              Join the FXGL chat at: https://gitter.im/AlmasB/FXGL
12:55:14.061 [JavaFX Application Thread] DEBUG FS                   - Loaded DesktopFSService
12:55:14.061 [JavaFX Application Thread] DEBUG FXGL                 - Loading FXGL system data
12:55:14.068 [JavaFX Application Thread] DEBUG DesktopFSService     - Reading from: system\fxgl.bundle
12:55:14.075 [JavaFX Application Thread] DEBUG Bundle               - Logging bundle: FXGL
12:55:14.076 [JavaFX Application Thread] DEBUG Bundle               - FXGL.offline.timer.version.check=2018-05-24T09:09:49.283
12:55:14.099 [JavaFX Application Thread] DEBUG GameApplication      - FXGL started
12:55:14.100 [JavaFX Application Thread] DEBUG GameApplication      - Logging game settings
Title: Platformer
Version: 
Width: 1400
Height: 1050
Fullscreen: false
Intro: false
Menus: false
Profiling: false
Single step:false
App Mode: DEVELOPER
Menu Key: ESCAPE
Stage Style: DECORATED
Scene Factory: class com.almasb.fxgl.scene.SceneFactory
Dialog Factory: class com.almasb.fxgl.ui.FXGLDialogFactory
UI Factory: class com.almasb.fxgl.ui.FXGLUIFactory
Notification Service: class com.almasb.fxgl.gameplay.notification.XboxNotificationView
Exception Handler: class com.almasb.fxgl.app.FXGLExceptionHandler
12:55:14.100 [JavaFX Application Thread] DEBUG GameApplication      - Configuring GameApplication
12:55:14.101 [JavaFX Application Thread] DEBUG GameApplication      - Initializing state machine and application states
12:55:14.112 [JavaFX Application Thread] DEBUG AssetLoader          - Loading from disk: /assets/ui/cursors/fxgl_default.png
12:55:14.131 [JavaFX Application Thread] DEBUG AssetLoader          - Loading from disk: /assets/ui/cursors/fxgl_default.png
12:55:14.149 [JavaFX Application Thread] DEBUG FXGLAssets           - Loading FXGLAssets
12:55:14.172 [JavaFX Application Thread] DEBUG AssetLoader          - Loading from disk: /assets/ui/fonts/VarelaRound-Regular.ttf
12:55:14.293 [JavaFX Application Thread] DEBUG AssetLoader          - Loading from disk: /assets/ui/fonts/lucida_console.ttf
12:55:14.302 [JavaFX Application Thread] DEBUG AssetLoader          - Loading from disk: /assets/ui/css/fxgl_dark.css
12:55:14.334 [JavaFX Application Thread] DEBUG AssetLoader          - Loading from disk: /assets/ui/cursors/fxgl_default.png
12:55:14.360 [JavaFX Application Thread] DEBUG AssetLoader          - Loading from disk: /assets/ui/cursors/fxgl_default.png
12:55:14.374 [JavaFX Application Thread] DEBUG GameScene            - Game scene initialized: 1400x1050
12:55:14.377 [JavaFX Application Thread] DEBUG GameWorld            - Game world initialized
12:55:14.415 [JavaFX Application Thread] DEBUG PhysicsWorld         - Physics world initialized: appHeight=1050, physics.ppm=50.0
12:55:14.431 [JavaFX Application Thread] DEBUG Input                - Registered new binding: Pause - Esc
12:55:14.444 [JavaFX Application Thread] DEBUG Input                - Clearing active input actions
12:55:14.477 [JavaFX Application Thread] DEBUG AppStateMachine      - StartupState -> StartupState
12:55:14.480 [JavaFX Application Thread] INFO  GameApplication      - Game configuration took:  0.379 sec
12:55:14.482 [JavaFX Application Thread] DEBUG AssetLoader          - Loading from disk: /assets/textures/fxgl_icon.png
12:55:14.493 [JavaFX Application Thread] DEBUG MainWindow           - Opening main window
12:55:14.624 [JavaFX Application Thread] DEBUG MainWindow           - Window border size: (4.33331298828125, 27.0)
12:55:14.624 [JavaFX Application Thread] DEBUG MainWindow           - Scaled size: 881.0 x 679.0
12:55:14.624 [JavaFX Application Thread] DEBUG MainWindow           - Scaled ratio: (0.6292857142857143, 0.6466666666666666)
12:55:14.624 [JavaFX Application Thread] DEBUG MainWindow           - Scene size: 881.3333129882812 x 679.3333129882812
12:55:14.624 [JavaFX Application Thread] DEBUG MainWindow           - Stage size: 885.3333129882812 x 706.0
12:55:14.625 [JavaFX Application Thread] DEBUG GameApplication      - Running preInit()
12:55:14.627 [JavaFX Application Thread] DEBUG Input                - Registered new binding: Screenshot - P
12:55:14.627 [JavaFX Application Thread] DEBUG Input                - Registered new binding: Dev Options - CTRL+0
12:55:14.628 [JavaFX Application Thread] DEBUG Input                - Registered new binding: System info dump - CTRL+9
12:55:14.628 [JavaFX Application Thread] DEBUG Input                - Registered new binding: Restart - CTRL+R
12:55:14.658 [JavaFX Application Thread] DEBUG GameApplication      - Starting main loop
12:55:14.660 [JavaFX Application Thread] DEBUG StartupState         - STARTUP
12:55:14.660 [JavaFX Application Thread] DEBUG GameApplication      - Starting new game
12:55:14.660 [JavaFX Application Thread] DEBUG Input                - Clearing active input actions
12:55:14.667 [JavaFX Application Thread] DEBUG AppStateMachine      - StartupState -> LoadingState
12:55:14.671 [FXGL Background Thread 1 ] DEBUG InitAppTask          - Clearing previous game
12:55:14.673 [FXGL Background Thread 1 ] DEBUG GameWorld            - Clearing game world
12:55:14.673 [FXGL Background Thread 1 ] DEBUG PhysicsWorld         - Clearing physics world
12:55:14.673 [FXGL Background Thread 1 ] DEBUG GameScene            - Clearing game scene
12:55:14.673 [FXGL Background Thread 1 ] DEBUG InitAppTask          - Initializing Game
12:55:14.692 [FXGL Background Thread 1 ] DEBUG AssetLoader          - Loading from disk: /assets/tmx/platformer_map_1.tmx
12:55:14.709 [FXGL Background Thread 1 ] WARN  TMXParser            - TiledMap generated from 1.1.5. Supported version: 1.1.2. Some features may not be parsed fully.
12:55:14.735 [FXGL Background Thread 1 ] DEBUG GameWorld            - Clearing removable entities
12:55:14.735 [FXGL Background Thread 1 ] DEBUG GameWorld            - Setting level from map
12:55:14.753 [FXGL Background Thread 1 ] DEBUG AssetLoader          - Loading from disk: /assets/textures/map_tiles.png
12:55:14.774 [FXGL Background Thread 1 ] DEBUG AssetLoader          - Loading from cache: /assets/textures/map_tiles.png
12:55:14.774 [FXGL Background Thread 1 ] DEBUG AssetLoader          - Loading from cache: /assets/textures/map_tiles.png
12:55:14.774 [FXGL Background Thread 1 ] DEBUG AssetLoader          - Loading from cache: /assets/textures/map_tiles.png
12:55:14.774 [FXGL Background Thread 1 ] DEBUG AssetLoader          - Loading from cache: /assets/textures/map_tiles.png
12:55:14.775 [FXGL Background Thread 1 ] DEBUG AssetLoader          - Loading from cache: /assets/textures/map_tiles.png
12:55:14.775 [FXGL Background Thread 1 ] DEBUG AssetLoader          - Loading from cache: /assets/textures/map_tiles.png
12:55:14.775 [FXGL Background Thread 1 ] DEBUG AssetLoader          - Loading from cache: /assets/textures/map_tiles.png
12:55:14.775 [FXGL Background Thread 1 ] DEBUG AssetLoader          - Loading from cache: /assets/textures/map_tiles.png
12:55:14.775 [FXGL Background Thread 1 ] DEBUG AssetLoader          - Loading from cache: /assets/textures/map_tiles.png
12:55:14.775 [FXGL Background Thread 1 ] DEBUG AssetLoader          - Loading from cache: /assets/textures/map_tiles.png
12:55:14.775 [FXGL Background Thread 1 ] DEBUG AssetLoader          - Loading from cache: /assets/textures/map_tiles.png
12:55:14.776 [FXGL Background Thread 1 ] DEBUG AssetLoader          - Loading from cache: /assets/textures/map_tiles.png
12:55:14.776 [FXGL Background Thread 1 ] DEBUG AssetLoader          - Loading from cache: /assets/textures/map_tiles.png
12:55:14.776 [FXGL Background Thread 1 ] DEBUG AssetLoader          - Loading from cache: /assets/textures/map_tiles.png
12:55:14.776 [FXGL Background Thread 1 ] DEBUG AssetLoader          - Loading from cache: /assets/textures/map_tiles.png
12:55:14.776 [FXGL Background Thread 1 ] DEBUG AssetLoader          - Loading from cache: /assets/textures/map_tiles.png
12:55:14.776 [FXGL Background Thread 1 ] DEBUG AssetLoader          - Loading from cache: /assets/textures/map_tiles.png
12:55:14.776 [FXGL Background Thread 1 ] DEBUG AssetLoader          - Loading from cache: /assets/textures/map_tiles.png
12:55:14.777 [FXGL Background Thread 1 ] DEBUG AssetLoader          - Loading from cache: /assets/textures/map_tiles.png
12:55:14.777 [FXGL Background Thread 1 ] DEBUG AssetLoader          - Loading from cache: /assets/textures/map_tiles.png
12:55:14.777 [FXGL Background Thread 1 ] DEBUG AssetLoader          - Loading from cache: /assets/textures/map_tiles.png
12:55:14.777 [FXGL Background Thread 1 ] DEBUG AssetLoader          - Loading from cache: /assets/textures/map_tiles.png
12:55:14.777 [FXGL Background Thread 1 ] DEBUG AssetLoader          - Loading from cache: /assets/textures/map_tiles.png
12:55:14.777 [FXGL Background Thread 1 ] DEBUG AssetLoader          - Loading from cache: /assets/textures/map_tiles.png
12:55:14.777 [FXGL Background Thread 1 ] DEBUG AssetLoader          - Loading from cache: /assets/textures/map_tiles.png
12:55:14.777 [FXGL Background Thread 1 ] DEBUG AssetLoader          - Loading from cache: /assets/textures/map_tiles.png
12:55:14.777 [FXGL Background Thread 1 ] DEBUG AssetLoader          - Loading from cache: /assets/textures/map_tiles.png
12:55:14.777 [FXGL Background Thread 1 ] DEBUG AssetLoader          - Loading from cache: /assets/textures/map_tiles.png
12:55:14.778 [FXGL Background Thread 1 ] DEBUG AssetLoader          - Loading from cache: /assets/textures/map_tiles.png
12:55:14.778 [FXGL Background Thread 1 ] DEBUG AssetLoader          - Loading from cache: /assets/textures/map_tiles.png
12:55:14.778 [FXGL Background Thread 1 ] DEBUG AssetLoader          - Loading from cache: /assets/textures/map_tiles.png
12:55:14.778 [FXGL Background Thread 1 ] DEBUG AssetLoader          - Loading from cache: /assets/textures/map_tiles.png
12:55:14.778 [FXGL Background Thread 1 ] DEBUG AssetLoader          - Loading from cache: /assets/textures/map_tiles.png
12:55:14.778 [FXGL Background Thread 1 ] DEBUG AssetLoader          - Loading from cache: /assets/textures/map_tiles.png
12:55:14.778 [FXGL Background Thread 1 ] DEBUG AssetLoader          - Loading from cache: /assets/textures/map_tiles.png
12:55:14.779 [FXGL Background Thread 1 ] DEBUG AssetLoader          - Loading from cache: /assets/textures/map_tiles.png
12:55:14.779 [FXGL Background Thread 1 ] DEBUG AssetLoader          - Loading from cache: /assets/textures/map_tiles.png
12:55:14.779 [FXGL Background Thread 1 ] DEBUG AssetLoader          - Loading from cache: /assets/textures/map_tiles.png
12:55:14.779 [FXGL Background Thread 1 ] DEBUG AssetLoader          - Loading from cache: /assets/textures/map_tiles.png
12:55:14.779 [FXGL Background Thread 1 ] DEBUG AssetLoader          - Loading from cache: /assets/textures/map_tiles.png
12:55:14.779 [FXGL Background Thread 1 ] DEBUG AssetLoader          - Loading from cache: /assets/textures/map_tiles.png
12:55:14.779 [FXGL Background Thread 1 ] DEBUG AssetLoader          - Loading from cache: /assets/textures/map_tiles.png
12:55:14.780 [FXGL Background Thread 1 ] DEBUG AssetLoader          - Loading from cache: /assets/textures/map_tiles.png
12:55:14.780 [FXGL Background Thread 1 ] DEBUG AssetLoader          - Loading from cache: /assets/textures/map_tiles.png
12:55:14.780 [FXGL Background Thread 1 ] DEBUG AssetLoader          - Loading from cache: /assets/textures/map_tiles.png
12:55:14.780 [FXGL Background Thread 1 ] DEBUG AssetLoader          - Loading from cache: /assets/textures/map_tiles.png
12:55:14.780 [FXGL Background Thread 1 ] DEBUG AssetLoader          - Loading from cache: /assets/textures/map_tiles.png
12:55:14.780 [FXGL Background Thread 1 ] DEBUG AssetLoader          - Loading from cache: /assets/textures/map_tiles.png
12:55:14.780 [FXGL Background Thread 1 ] DEBUG AssetLoader          - Loading from cache: /assets/textures/map_tiles.png
12:55:14.780 [FXGL Background Thread 1 ] DEBUG AssetLoader          - Loading from cache: /assets/textures/map_tiles.png
12:55:14.780 [FXGL Background Thread 1 ] DEBUG AssetLoader          - Loading from cache: /assets/textures/map_tiles.png
12:55:14.780 [FXGL Background Thread 1 ] DEBUG AssetLoader          - Loading from cache: /assets/textures/map_tiles.png
12:55:14.781 [FXGL Background Thread 1 ] DEBUG AssetLoader          - Loading from cache: /assets/textures/map_tiles.png
12:55:14.781 [FXGL Background Thread 1 ] DEBUG AssetLoader          - Loading from cache: /assets/textures/map_tiles.png
12:55:14.781 [FXGL Background Thread 1 ] DEBUG AssetLoader          - Loading from cache: /assets/textures/map_tiles.png
12:55:14.781 [FXGL Background Thread 1 ] DEBUG AssetLoader          - Loading from cache: /assets/textures/map_tiles.png
12:55:14.781 [FXGL Background Thread 1 ] DEBUG AssetLoader          - Loading from cache: /assets/textures/map_tiles.png
12:55:14.781 [FXGL Background Thread 1 ] DEBUG AssetLoader          - Loading from cache: /assets/textures/map_tiles.png
12:55:14.781 [FXGL Background Thread 1 ] DEBUG AssetLoader          - Loading from cache: /assets/textures/map_tiles.png
12:55:14.781 [FXGL Background Thread 1 ] DEBUG AssetLoader          - Loading from cache: /assets/textures/map_tiles.png
12:55:14.781 [FXGL Background Thread 1 ] DEBUG AssetLoader          - Loading from cache: /assets/textures/map_tiles.png
12:55:14.782 [FXGL Background Thread 1 ] DEBUG AssetLoader          - Loading from cache: /assets/textures/map_tiles.png
12:55:14.783 [FXGL Background Thread 1 ] DEBUG GameScene            - Creating render group for layer: BACKGROUND(1000)
12:55:14.827 [FXGL Background Thread 1 ] DEBUG GameScene            - Creating render group for layer: DEFAULT(100000)
12:55:14.842 [FXGL Background Thread 1 ] DEBUG InitAppTask          - Initializing Physics
12:55:14.842 [FXGL Background Thread 1 ] DEBUG InitAppTask          - Initializing UI
12:55:14.843 [FXGL Background Thread 1 ] DEBUG InitAppTask          - Initialization Complete
12:55:14.843 [FXGL Background Thread 1 ] INFO  InitAppTask          - Game initialization took: 0.171 sec
12:55:14.850 [JavaFX Application Thread] DEBUG Input                - Clearing active input actions
12:55:14.855 [JavaFX Application Thread] DEBUG AppStateMachine      - LoadingState -> PlayState
12:55:16.862 [JavaFX Application Thread] DEBUG GameApplication      - Exiting game application
12:55:16.862 [JavaFX Application Thread] DEBUG GameApplication      - Shutting down background threads
12:55:16.863 [JavaFX Application Thread] DEBUG GameApplication      - Exiting FXGL
12:55:16.863 [JavaFX Application Thread] DEBUG FXGL                 - Saving FXGL system data
12:55:16.864 [JavaFX Application Thread] DEBUG DesktopFSService     - Writing to: system\fxgl.bundle
12:55:16.869 [JavaFX Application Thread] DEBUG GameApplication      - Closing logger and exiting JavaFX
