10:26:17.187 [JavaFX Application Thread] DEBUG GameApplication      - Logger initialized
10:26:17.193 [JavaFX Application Thread] DEBUG MainWindow           - Creating a JavaFX scene
10:26:17.264 [JavaFX Application Thread] DEBUG MainWindow           - Target settings size: 800.0 x 470.0
10:26:17.264 [JavaFX Application Thread] DEBUG MainWindow           - Scaled scene size:    800.0 x 470.0
10:26:17.264 [JavaFX Application Thread] DEBUG MainWindow           - Scaled ratio: (1.0, 1.0)
10:26:17.268 [JavaFX Application Thread] DEBUG GameApplication      - Starting FXGL
10:26:17.278 [JavaFX Application Thread] INFO  FXGL                 - FXGL-0.5.1 on DESKTOP
10:26:17.279 [JavaFX Application Thread] INFO  FXGL                 - Source code and latest versions at: https://github.com/AlmasB/FXGL
10:26:17.279 [JavaFX Application Thread] INFO  FXGL                 -              Join the FXGL chat at: https://gitter.im/AlmasB/FXGL
10:26:17.284 [JavaFX Application Thread] DEBUG FS                   - Loaded DesktopFSService
10:26:17.284 [JavaFX Application Thread] DEBUG FXGL                 - Loading FXGL system data
10:26:17.293 [JavaFX Application Thread] DEBUG DesktopFSService     - Reading from: system\fxgl.bundle
10:26:17.300 [JavaFX Application Thread] DEBUG Bundle               - Logging bundle: FXGL
10:26:17.301 [JavaFX Application Thread] DEBUG Bundle               - FXGL.offline.timer.version.check=2018-05-24T09:09:49.283
10:26:17.326 [JavaFX Application Thread] DEBUG GameApplication      - FXGL started
10:26:17.326 [JavaFX Application Thread] DEBUG GameApplication      - Logging game settings
Title: Frogger
Version: 0.2.0
Width: 800
Height: 470
Fullscreen: false
Intro: false
Menus: false
Profiling: false
Single step:false
App Mode: DEVELOPER
Menu Key: ESCAPE
Stage Style: DECORATED
Scene Factory: class com.almasb.fxgl.scene.SceneFactory
Dialog Factory: class com.almasb.fxgl.ui.FXGLDialogFactory
UI Factory: class com.almasb.fxgl.ui.FXGLUIFactory
Notification Service: class com.almasb.fxgl.gameplay.notification.XboxNotificationView
Exception Handler: class com.almasb.fxgl.app.FXGLExceptionHandler
10:26:17.327 [JavaFX Application Thread] DEBUG GameApplication      - Configuring GameApplication
10:26:17.327 [JavaFX Application Thread] DEBUG GameApplication      - Initializing state machine and application states
10:26:17.339 [JavaFX Application Thread] DEBUG AssetLoader          - Loading from disk: /assets/ui/cursors/fxgl_default.png
10:26:17.355 [JavaFX Application Thread] DEBUG AssetLoader          - Loading from disk: /assets/ui/cursors/fxgl_default.png
10:26:17.372 [JavaFX Application Thread] DEBUG FXGLAssets           - Loading FXGLAssets
10:26:17.397 [JavaFX Application Thread] DEBUG AssetLoader          - Loading from disk: /assets/ui/fonts/VarelaRound-Regular.ttf
10:26:17.522 [JavaFX Application Thread] DEBUG AssetLoader          - Loading from disk: /assets/ui/fonts/lucida_console.ttf
10:26:17.532 [JavaFX Application Thread] DEBUG AssetLoader          - Loading from disk: /assets/ui/css/fxgl_dark.css
10:26:17.554 [JavaFX Application Thread] DEBUG AssetLoader          - Loading from disk: /assets/ui/cursors/fxgl_default.png
10:26:17.579 [JavaFX Application Thread] DEBUG AssetLoader          - Loading from disk: /assets/ui/cursors/fxgl_default.png
10:26:17.592 [JavaFX Application Thread] DEBUG GameScene            - Game scene initialized: 800x470
10:26:17.594 [JavaFX Application Thread] DEBUG GameWorld            - Game world initialized
10:26:17.632 [JavaFX Application Thread] DEBUG PhysicsWorld         - Physics world initialized: appHeight=470, physics.ppm=50.0
10:26:17.646 [JavaFX Application Thread] DEBUG Input                - Registered new binding: Pause - Esc
10:26:17.658 [JavaFX Application Thread] DEBUG Input                - Clearing active input actions
10:26:17.690 [JavaFX Application Thread] DEBUG AppStateMachine      - StartupState -> StartupState
10:26:17.694 [JavaFX Application Thread] INFO  GameApplication      - Game configuration took:  0.367 sec
10:26:17.696 [JavaFX Application Thread] DEBUG AssetLoader          - Loading from disk: /assets/textures/fxgl_icon.png
10:26:17.705 [JavaFX Application Thread] DEBUG MainWindow           - Opening main window
10:26:17.840 [JavaFX Application Thread] DEBUG MainWindow           - Window border size: (4.0, 26.666656494140625)
10:26:17.840 [JavaFX Application Thread] DEBUG MainWindow           - Scaled size: 800.0 x 470.0
10:26:17.840 [JavaFX Application Thread] DEBUG MainWindow           - Scaled ratio: (1.0, 1.0)
10:26:17.840 [JavaFX Application Thread] DEBUG MainWindow           - Scene size: 800.0 x 470.0
10:26:17.840 [JavaFX Application Thread] DEBUG MainWindow           - Stage size: 804.0 x 496.6666564941406
10:26:17.840 [JavaFX Application Thread] DEBUG GameApplication      - Running preInit()
10:26:17.842 [JavaFX Application Thread] DEBUG Input                - Registered new binding: Screenshot - P
10:26:17.842 [JavaFX Application Thread] DEBUG Input                - Registered new binding: Dev Options - CTRL+0
10:26:17.842 [JavaFX Application Thread] DEBUG Input                - Registered new binding: System info dump - CTRL+9
10:26:17.843 [JavaFX Application Thread] DEBUG Input                - Registered new binding: Restart - CTRL+R
10:26:17.843 [JavaFX Application Thread] DEBUG Input                - Registered new binding: up - W
10:26:17.843 [JavaFX Application Thread] DEBUG Input                - Registered new binding: down - S
10:26:17.843 [JavaFX Application Thread] DEBUG Input                - Registered new binding: left - A
10:26:17.843 [JavaFX Application Thread] DEBUG Input                - Registered new binding: right - D
10:26:17.843 [JavaFX Application Thread] DEBUG Input                - Registered new binding: testd - Space
10:26:17.870 [JavaFX Application Thread] DEBUG GameApplication      - Starting main loop
10:26:17.872 [JavaFX Application Thread] DEBUG StartupState         - STARTUP
10:26:17.872 [JavaFX Application Thread] DEBUG GameApplication      - Starting new game
10:26:17.872 [JavaFX Application Thread] DEBUG Input                - Clearing active input actions
10:26:17.878 [JavaFX Application Thread] DEBUG AppStateMachine      - StartupState -> LoadingState
10:26:17.883 [FXGL Background Thread 1 ] DEBUG InitAppTask          - Clearing previous game
10:26:17.883 [FXGL Background Thread 1 ] DEBUG GameWorld            - Clearing game world
10:26:17.883 [FXGL Background Thread 1 ] DEBUG PhysicsWorld         - Clearing physics world
10:26:17.884 [FXGL Background Thread 1 ] DEBUG GameScene            - Clearing game scene
10:26:17.885 [FXGL Background Thread 1 ] DEBUG InitAppTask          - Initializing Game
10:26:17.903 [FXGL Background Thread 1 ] DEBUG AssetLoader          - Loading from disk: /assets/textures/Frogger/splatting_frog.png
10:26:17.934 [FXGL Background Thread 1 ] DEBUG AssetLoader          - Loading from disk: /assets/textures/Frogger/frog_idle.png
10:26:17.941 [FXGL Background Thread 1 ] DEBUG GameScene            - Creating render group for layer: TOP(2147483647)
10:26:17.944 [FXGL Background Thread 1 ] DEBUG AssetLoader          - Loading from disk: /assets/textures/Frogger/full_log.png
10:26:17.950 [FXGL Background Thread 1 ] DEBUG GameScene            - Creating render group for layer: DEFAULT(100000)
10:26:17.952 [FXGL Background Thread 1 ] DEBUG AssetLoader          - Loading from cache: /assets/textures/Frogger/full_log.png
10:26:17.954 [FXGL Background Thread 1 ] DEBUG AssetLoader          - Loading from disk: /assets/textures/Frogger/half_log.png
10:26:17.956 [FXGL Background Thread 1 ] DEBUG AssetLoader          - Loading from disk: /assets/textures/Frogger/rotating_log.png
10:26:17.958 [FXGL Background Thread 1 ] DEBUG InitAppTask          - Initializing Physics
10:26:17.958 [FXGL Background Thread 1 ] DEBUG InitAppTask          - Initializing UI
10:26:17.959 [FXGL Background Thread 1 ] DEBUG AssetLoader          - Loading from disk: /assets/textures/Frogger/background.jpg
10:26:17.966 [FXGL Background Thread 1 ] DEBUG InitAppTask          - Initialization Complete
10:26:17.966 [FXGL Background Thread 1 ] INFO  InitAppTask          - Game initialization took: 0.083 sec
10:26:17.978 [JavaFX Application Thread] DEBUG Input                - Clearing active input actions
10:26:17.984 [JavaFX Application Thread] DEBUG AppStateMachine      - LoadingState -> PlayState
10:26:18.650 [JavaFX Application Thread] DEBUG Input                - Mocking key release: W
10:26:18.650 [JavaFX Application Thread] DEBUG AssetLoader          - Loading from disk: /assets/textures/Frogger/frog_jump.png
10:26:18.874 [JavaFX Application Thread] DEBUG AssetLoader          - Loading from disk: /assets/textures/Frogger/purple_car.png
10:26:18.875 [JavaFX Application Thread] DEBUG AssetLoader          - Loading from disk: /assets/textures/Frogger/blue_car.png
10:26:18.905 [JavaFX Application Thread] DEBUG AssetLoader          - Loading from cache: /assets/textures/Frogger/frog_idle.png
10:26:19.347 [JavaFX Application Thread] DEBUG Input                - Mocking key release: W
10:26:19.347 [JavaFX Application Thread] DEBUG AssetLoader          - Loading from cache: /assets/textures/Frogger/frog_jump.png
10:26:19.464 [JavaFX Application Thread] DEBUG Input                - Mocking key release: D
10:26:19.464 [JavaFX Application Thread] DEBUG AssetLoader          - Loading from cache: /assets/textures/Frogger/frog_jump.png
10:26:19.581 [JavaFX Application Thread] DEBUG Input                - Mocking key release: W
10:26:19.582 [JavaFX Application Thread] DEBUG AssetLoader          - Loading from cache: /assets/textures/Frogger/frog_jump.png
10:26:19.609 [JavaFX Application Thread] DEBUG AssetLoader          - Loading from cache: /assets/textures/Frogger/frog_idle.png
10:26:19.623 [JavaFX Application Thread] DEBUG Input                - Mocking key release: D
10:26:19.623 [JavaFX Application Thread] DEBUG AssetLoader          - Loading from cache: /assets/textures/Frogger/frog_jump.png
10:26:19.722 [JavaFX Application Thread] DEBUG AssetLoader          - Loading from cache: /assets/textures/Frogger/frog_idle.png
10:26:19.729 [JavaFX Application Thread] DEBUG Input                - Mocking key release: W
10:26:19.730 [JavaFX Application Thread] DEBUG AssetLoader          - Loading from cache: /assets/textures/Frogger/frog_jump.png
10:26:19.786 [JavaFX Application Thread] DEBUG AssetLoader          - Loading from cache: /assets/textures/Frogger/purple_car.png
10:26:19.787 [JavaFX Application Thread] DEBUG AssetLoader          - Loading from disk: /assets/textures/Frogger/red_car.png
10:26:19.830 [JavaFX Application Thread] DEBUG Input                - Mocking key release: D
10:26:19.831 [JavaFX Application Thread] DEBUG AssetLoader          - Loading from cache: /assets/textures/Frogger/frog_jump.png
10:26:19.834 [JavaFX Application Thread] DEBUG AssetLoader          - Loading from cache: /assets/textures/Frogger/frog_idle.png
10:26:19.866 [JavaFX Application Thread] DEBUG AssetLoader          - Loading from cache: /assets/textures/Frogger/frog_idle.png
10:26:19.928 [JavaFX Application Thread] DEBUG Input                - Mocking key release: W
10:26:19.929 [JavaFX Application Thread] DEBUG AssetLoader          - Loading from cache: /assets/textures/Frogger/frog_jump.png
10:26:19.993 [JavaFX Application Thread] DEBUG AssetLoader          - Loading from cache: /assets/textures/Frogger/frog_idle.png
10:26:19.997 [JavaFX Application Thread] DEBUG Input                - Mocking key release: D
10:26:19.997 [JavaFX Application Thread] DEBUG AssetLoader          - Loading from cache: /assets/textures/Frogger/frog_jump.png
10:26:20.090 [JavaFX Application Thread] DEBUG AssetLoader          - Loading from cache: /assets/textures/Frogger/frog_idle.png
10:26:20.170 [JavaFX Application Thread] DEBUG AssetLoader          - Loading from cache: /assets/textures/Frogger/frog_idle.png
10:26:20.250 [JavaFX Application Thread] DEBUG AssetLoader          - Loading from cache: /assets/textures/Frogger/frog_idle.png
10:26:20.390 [JavaFX Application Thread] DEBUG Input                - Mocking key release: W
10:26:20.390 [JavaFX Application Thread] DEBUG AssetLoader          - Loading from cache: /assets/textures/Frogger/frog_jump.png
10:26:20.535 [JavaFX Application Thread] DEBUG Input                - Mocking key release: W
10:26:20.535 [JavaFX Application Thread] DEBUG AssetLoader          - Loading from cache: /assets/textures/Frogger/frog_jump.png
10:26:20.634 [JavaFX Application Thread] DEBUG AssetLoader          - Loading from cache: /assets/textures/Frogger/frog_idle.png
10:26:20.679 [JavaFX Application Thread] DEBUG Input                - Mocking key release: W
10:26:20.679 [JavaFX Application Thread] DEBUG AssetLoader          - Loading from cache: /assets/textures/Frogger/frog_jump.png
10:26:20.697 [JavaFX Application Thread] DEBUG AssetLoader          - Loading from cache: /assets/textures/Frogger/purple_car.png
10:26:20.698 [JavaFX Application Thread] DEBUG AssetLoader          - Loading from disk: /assets/textures/Frogger/orange_car.png
10:26:20.793 [JavaFX Application Thread] DEBUG AssetLoader          - Loading from cache: /assets/textures/Frogger/frog_idle.png
10:26:20.938 [JavaFX Application Thread] DEBUG AssetLoader          - Loading from cache: /assets/textures/Frogger/frog_idle.png
10:26:21.186 [JavaFX Application Thread] DEBUG Input                - Mocking key release: W
10:26:21.186 [JavaFX Application Thread] DEBUG AssetLoader          - Loading from cache: /assets/textures/Frogger/frog_jump.png
10:26:21.433 [JavaFX Application Thread] DEBUG AssetLoader          - Loading from cache: /assets/textures/Frogger/frog_idle.png
10:26:21.627 [JavaFX Application Thread] DEBUG AssetLoader          - Loading from disk: /assets/textures/Frogger/green_car.png
10:26:21.629 [JavaFX Application Thread] DEBUG AssetLoader          - Loading from cache: /assets/textures/Frogger/red_car.png
10:26:21.631 [JavaFX Application Thread] DEBUG AssetLoader          - Loading from cache: /assets/textures/Frogger/half_log.png
10:26:21.632 [JavaFX Application Thread] DEBUG AssetLoader          - Loading from cache: /assets/textures/Frogger/half_log.png
10:26:21.848 [JavaFX Application Thread] DEBUG Input                - Mocking key release: D
10:26:21.849 [JavaFX Application Thread] DEBUG AssetLoader          - Loading from cache: /assets/textures/Frogger/frog_jump.png
10:26:21.999 [JavaFX Application Thread] DEBUG Input                - Mocking key release: D
10:26:21.999 [JavaFX Application Thread] DEBUG AssetLoader          - Loading from cache: /assets/textures/Frogger/frog_jump.png
10:26:22.106 [JavaFX Application Thread] DEBUG AssetLoader          - Loading from cache: /assets/textures/Frogger/frog_idle.png
10:26:22.167 [JavaFX Application Thread] DEBUG Input                - Mocking key release: D
10:26:22.167 [JavaFX Application Thread] DEBUG AssetLoader          - Loading from cache: /assets/textures/Frogger/frog_jump.png
10:26:22.249 [JavaFX Application Thread] DEBUG AssetLoader          - Loading from cache: /assets/textures/Frogger/frog_idle.png
10:26:22.328 [JavaFX Application Thread] DEBUG Input                - Mocking key release: D
10:26:22.329 [JavaFX Application Thread] DEBUG AssetLoader          - Loading from cache: /assets/textures/Frogger/frog_jump.png
10:26:22.426 [JavaFX Application Thread] DEBUG AssetLoader          - Loading from cache: /assets/textures/Frogger/frog_idle.png
10:26:22.473 [JavaFX Application Thread] DEBUG Input                - Mocking key release: D
10:26:22.473 [JavaFX Application Thread] DEBUG AssetLoader          - Loading from cache: /assets/textures/Frogger/frog_jump.png
10:26:22.537 [JavaFX Application Thread] DEBUG AssetLoader          - Loading from cache: /assets/textures/Frogger/orange_car.png
10:26:22.538 [JavaFX Application Thread] DEBUG AssetLoader          - Loading from cache: /assets/textures/Frogger/red_car.png
10:26:22.585 [JavaFX Application Thread] DEBUG AssetLoader          - Loading from cache: /assets/textures/Frogger/frog_idle.png
10:26:22.649 [JavaFX Application Thread] DEBUG Input                - Mocking key release: D
10:26:22.649 [JavaFX Application Thread] DEBUG AssetLoader          - Loading from cache: /assets/textures/Frogger/frog_jump.png
10:26:22.714 [JavaFX Application Thread] DEBUG AssetLoader          - Loading from cache: /assets/textures/Frogger/frog_idle.png
10:26:22.814 [JavaFX Application Thread] DEBUG Input                - Mocking key release: D
10:26:22.814 [JavaFX Application Thread] DEBUG AssetLoader          - Loading from cache: /assets/textures/Frogger/frog_jump.png
10:26:22.905 [JavaFX Application Thread] DEBUG AssetLoader          - Loading from cache: /assets/textures/Frogger/frog_idle.png
10:26:22.980 [JavaFX Application Thread] DEBUG Input                - Mocking key release: D
10:26:22.980 [JavaFX Application Thread] DEBUG AssetLoader          - Loading from cache: /assets/textures/Frogger/frog_jump.png
10:26:23.066 [JavaFX Application Thread] DEBUG AssetLoader          - Loading from cache: /assets/textures/Frogger/frog_idle.png
10:26:23.146 [JavaFX Application Thread] DEBUG Input                - Mocking key release: D
10:26:23.146 [JavaFX Application Thread] DEBUG AssetLoader          - Loading from cache: /assets/textures/Frogger/frog_jump.png
10:26:23.242 [JavaFX Application Thread] DEBUG AssetLoader          - Loading from cache: /assets/textures/Frogger/frog_idle.png
10:26:23.329 [JavaFX Application Thread] DEBUG Input                - Mocking key release: D
10:26:23.329 [JavaFX Application Thread] DEBUG AssetLoader          - Loading from cache: /assets/textures/Frogger/frog_jump.png
10:26:23.401 [JavaFX Application Thread] DEBUG AssetLoader          - Loading from cache: /assets/textures/Frogger/frog_idle.png
10:26:23.450 [JavaFX Application Thread] DEBUG AssetLoader          - Loading from cache: /assets/textures/Frogger/orange_car.png
10:26:23.451 [JavaFX Application Thread] DEBUG AssetLoader          - Loading from cache: /assets/textures/Frogger/purple_car.png
10:26:23.495 [JavaFX Application Thread] DEBUG Input                - Mocking key release: D
10:26:23.495 [JavaFX Application Thread] DEBUG AssetLoader          - Loading from cache: /assets/textures/Frogger/frog_jump.png
10:26:23.594 [JavaFX Application Thread] DEBUG AssetLoader          - Loading from cache: /assets/textures/Frogger/frog_idle.png
10:26:23.649 [JavaFX Application Thread] DEBUG Input                - Mocking key release: D
10:26:23.650 [JavaFX Application Thread] DEBUG AssetLoader          - Loading from cache: /assets/textures/Frogger/frog_jump.png
10:26:23.753 [JavaFX Application Thread] DEBUG AssetLoader          - Loading from cache: /assets/textures/Frogger/frog_idle.png
10:26:23.813 [JavaFX Application Thread] DEBUG Input                - Mocking key release: D
10:26:23.814 [JavaFX Application Thread] DEBUG AssetLoader          - Loading from cache: /assets/textures/Frogger/frog_jump.png
10:26:23.898 [JavaFX Application Thread] DEBUG AssetLoader          - Loading from cache: /assets/textures/Frogger/frog_idle.png
10:26:23.981 [JavaFX Application Thread] DEBUG Input                - Mocking key release: D
10:26:23.981 [JavaFX Application Thread] DEBUG AssetLoader          - Loading from cache: /assets/textures/Frogger/frog_jump.png
10:26:24.073 [JavaFX Application Thread] DEBUG AssetLoader          - Loading from cache: /assets/textures/Frogger/frog_idle.png
10:26:24.134 [JavaFX Application Thread] DEBUG Input                - Mocking key release: D
10:26:24.135 [JavaFX Application Thread] DEBUG AssetLoader          - Loading from cache: /assets/textures/Frogger/frog_jump.png
10:26:24.234 [JavaFX Application Thread] DEBUG AssetLoader          - Loading from cache: /assets/textures/Frogger/frog_idle.png
10:26:24.311 [JavaFX Application Thread] DEBUG Input                - Mocking key release: W
10:26:24.312 [JavaFX Application Thread] DEBUG AssetLoader          - Loading from cache: /assets/textures/Frogger/frog_jump.png
10:26:24.363 [JavaFX Application Thread] DEBUG AssetLoader          - Loading from cache: /assets/textures/Frogger/blue_car.png
10:26:24.364 [JavaFX Application Thread] DEBUG AssetLoader          - Loading from cache: /assets/textures/Frogger/green_car.png
10:26:24.393 [JavaFX Application Thread] DEBUG AssetLoader          - Loading from cache: /assets/textures/Frogger/frog_idle.png
10:26:24.570 [JavaFX Application Thread] DEBUG AssetLoader          - Loading from cache: /assets/textures/Frogger/frog_idle.png
10:26:24.970 [JavaFX Application Thread] DEBUG Input                - Mocking key release: S
10:26:24.970 [JavaFX Application Thread] DEBUG AssetLoader          - Loading from cache: /assets/textures/Frogger/frog_jump.png
10:26:25.225 [JavaFX Application Thread] DEBUG AssetLoader          - Loading from cache: /assets/textures/Frogger/frog_idle.png
10:26:25.289 [JavaFX Application Thread] DEBUG AssetLoader          - Loading from cache: /assets/textures/Frogger/green_car.png
10:26:25.290 [JavaFX Application Thread] DEBUG AssetLoader          - Loading from cache: /assets/textures/Frogger/purple_car.png
10:26:25.387 [JavaFX Application Thread] DEBUG Input                - Mocking key release: D
10:26:25.387 [JavaFX Application Thread] DEBUG AssetLoader          - Loading from cache: /assets/textures/Frogger/frog_jump.png
10:26:25.593 [JavaFX Application Thread] DEBUG Input                - Mocking key release: D
10:26:25.594 [JavaFX Application Thread] DEBUG AssetLoader          - Loading from cache: /assets/textures/Frogger/frog_jump.png
10:26:25.641 [JavaFX Application Thread] DEBUG AssetLoader          - Loading from cache: /assets/textures/Frogger/frog_idle.png
10:26:25.796 [JavaFX Application Thread] DEBUG Input                - Mocking key release: D
10:26:25.797 [JavaFX Application Thread] DEBUG AssetLoader          - Loading from cache: /assets/textures/Frogger/frog_jump.png
10:26:25.850 [JavaFX Application Thread] DEBUG AssetLoader          - Loading from cache: /assets/textures/Frogger/frog_idle.png
10:26:26.043 [JavaFX Application Thread] DEBUG Input                - Mocking key release: D
10:26:26.044 [JavaFX Application Thread] DEBUG AssetLoader          - Loading from cache: /assets/textures/Frogger/frog_jump.png
10:26:26.058 [JavaFX Application Thread] DEBUG AssetLoader          - Loading from cache: /assets/textures/Frogger/frog_idle.png
10:26:26.186 [JavaFX Application Thread] DEBUG AssetLoader          - Loading from cache: /assets/textures/Frogger/purple_car.png
10:26:26.187 [JavaFX Application Thread] DEBUG AssetLoader          - Loading from cache: /assets/textures/Frogger/blue_car.png
10:26:26.187 [JavaFX Application Thread] DEBUG AssetLoader          - Loading from cache: /assets/textures/Frogger/half_log.png
10:26:26.188 [JavaFX Application Thread] DEBUG AssetLoader          - Loading from cache: /assets/textures/Frogger/half_log.png
10:26:26.189 [JavaFX Application Thread] DEBUG AssetLoader          - Loading from cache: /assets/textures/Frogger/half_log.png
10:26:26.297 [JavaFX Application Thread] DEBUG AssetLoader          - Loading from cache: /assets/textures/Frogger/frog_idle.png
10:26:27.081 [JavaFX Application Thread] DEBUG AssetLoader          - Loading from cache: /assets/textures/Frogger/orange_car.png
10:26:27.082 [JavaFX Application Thread] DEBUG AssetLoader          - Loading from cache: /assets/textures/Frogger/blue_car.png
10:26:27.559 [JavaFX Application Thread] DEBUG Input                - Mocking key release: W
10:26:27.559 [JavaFX Application Thread] DEBUG AssetLoader          - Loading from cache: /assets/textures/Frogger/frog_jump.png
10:26:27.705 [JavaFX Application Thread] DEBUG Input                - Mocking key release: W
10:26:27.706 [JavaFX Application Thread] DEBUG AssetLoader          - Loading from cache: /assets/textures/Frogger/frog_jump.png
10:26:27.817 [JavaFX Application Thread] DEBUG AssetLoader          - Loading from cache: /assets/textures/Frogger/frog_idle.png
10:26:27.946 [JavaFX Application Thread] DEBUG AssetLoader          - Loading from cache: /assets/textures/Frogger/frog_idle.png
10:26:27.979 [JavaFX Application Thread] DEBUG AssetLoader          - Loading from cache: /assets/textures/Frogger/purple_car.png
10:26:27.979 [JavaFX Application Thread] DEBUG AssetLoader          - Loading from cache: /assets/textures/Frogger/purple_car.png
10:26:28.029 [JavaFX Application Thread] DEBUG Input                - Mocking key release: A
10:26:28.029 [JavaFX Application Thread] DEBUG AssetLoader          - Loading from cache: /assets/textures/Frogger/frog_jump.png
10:26:28.243 [JavaFX Application Thread] DEBUG Input                - Mocking key release: W
10:26:28.243 [JavaFX Application Thread] DEBUG AssetLoader          - Loading from cache: /assets/textures/Frogger/frog_jump.png
10:26:28.281 [JavaFX Application Thread] DEBUG AssetLoader          - Loading from cache: /assets/textures/Frogger/frog_idle.png
10:26:28.478 [JavaFX Application Thread] DEBUG Input                - Mocking key release: W
10:26:28.478 [JavaFX Application Thread] DEBUG AssetLoader          - Loading from cache: /assets/textures/Frogger/frog_jump.png
10:26:28.506 [JavaFX Application Thread] DEBUG AssetLoader          - Loading from cache: /assets/textures/Frogger/frog_idle.png
10:26:28.730 [JavaFX Application Thread] DEBUG AssetLoader          - Loading from cache: /assets/textures/Frogger/frog_idle.png
10:26:28.889 [JavaFX Application Thread] DEBUG AssetLoader          - Loading from cache: /assets/textures/Frogger/purple_car.png
10:26:28.890 [JavaFX Application Thread] DEBUG AssetLoader          - Loading from cache: /assets/textures/Frogger/red_car.png
10:26:29.691 [JavaFX Application Thread] DEBUG Input                - Mocking key release: S
10:26:29.692 [JavaFX Application Thread] DEBUG AssetLoader          - Loading from cache: /assets/textures/Frogger/frog_jump.png
10:26:29.705 [JavaFX Application Thread] DEBUG AssetLoader          - Loading from disk: /assets/textures/Frogger/sinking_frog.png
10:26:29.721 [JavaFX Application Thread] DEBUG AssetLoader          - Loading from cache: /assets/textures/Frogger/sinking_frog.png
10:26:29.722 [JavaFX Application Thread] FATAL GameApplication      - Uncaught Exception:

Fatal exception occurred: java.lang.NullPointerException : null
E: Frogger.Frogger_App.sinkAnimation(Frogger_App.java:179)
E: Frogger.Frogger_App$5.onCollision(Frogger_App.java:82)
E: com.almasb.fxgl.physics.CollisionPair.collision(CollisionPair.java:48)
E: com.almasb.fxgl.physics.PhysicsWorld.notifyCollisions(PhysicsWorld.java:454)
E: com.almasb.fxgl.physics.PhysicsWorld.onUpdate(PhysicsWorld.java:234)
E: com.almasb.fxgl.app.PlayState.onUpdate(AppStates.kt:237)
E: com.almasb.fxgl.app.State.update(State.java:73)
E: com.almasb.fxgl.app.AppStateMachine.onUpdate(AppStateMachine.java:100)
E: com.almasb.fxgl.app.GameApplication.stepLoop(GameApplication.java:382)
E: com.almasb.fxgl.app.GameApplication$2.handle(GameApplication.java:348)
E: javafx.animation.AnimationTimer$AnimationTimerReceiver.lambda$handle$485(AnimationTimer.java:57)
E: java.security.AccessController.doPrivileged(Native Method)
E: javafx.animation.AnimationTimer$AnimationTimerReceiver.handle(AnimationTimer.java:56)
E: com.sun.scenario.animation.AbstractMasterTimer.timePulseImpl(AbstractMasterTimer.java:357)
E: com.sun.scenario.animation.AbstractMasterTimer$MainLoop.run(AbstractMasterTimer.java:267)
E: com.sun.javafx.tk.quantum.QuantumToolkit.pulse(QuantumToolkit.java:514)
E: com.sun.javafx.tk.quantum.QuantumToolkit.pulse(QuantumToolkit.java:498)
E: com.sun.javafx.tk.quantum.QuantumToolkit.pulseFromQueue(QuantumToolkit.java:491)
E: com.sun.javafx.tk.quantum.QuantumToolkit.lambda$runToolkit$403(QuantumToolkit.java:319)
E: com.sun.glass.ui.InvokeLaterDispatcher$Future.run(InvokeLaterDispatcher.java:95)
E: com.sun.glass.ui.win.WinApplication._runLoop(Native Method)
E: com.sun.glass.ui.win.WinApplication.lambda$null$147(WinApplication.java:177)
E: java.lang.Thread.run(Unknown Source)

10:26:29.722 [JavaFX Application Thread] FATAL GameApplication      - Application will now exit
10:26:29.722 [JavaFX Application Thread] DEBUG GameApplication      - Stopping main loop
10:26:32.257 [JavaFX Application Thread] DEBUG GameApplication      - Exiting game application
10:26:32.258 [JavaFX Application Thread] DEBUG GameApplication      - Shutting down background threads
10:26:32.258 [JavaFX Application Thread] DEBUG GameApplication      - Exiting FXGL
10:26:32.259 [JavaFX Application Thread] DEBUG FXGL                 - Saving FXGL system data
10:26:32.260 [JavaFX Application Thread] DEBUG DesktopFSService     - Writing to: system\fxgl.bundle
10:26:32.264 [JavaFX Application Thread] DEBUG GameApplication      - Closing logger and exiting JavaFX
