19:42:32.100 [JavaFX Application Thread] DEBUG GameApplication      - Logger initialized
19:42:32.106 [JavaFX Application Thread] DEBUG MainWindow           - Creating a JavaFX scene
19:42:32.181 [JavaFX Application Thread] DEBUG MainWindow           - Target settings size: 800.0 x 470.0
19:42:32.181 [JavaFX Application Thread] DEBUG MainWindow           - Scaled scene size:    800.0 x 470.0
19:42:32.181 [JavaFX Application Thread] DEBUG MainWindow           - Scaled ratio: (1.0, 1.0)
19:42:32.186 [JavaFX Application Thread] DEBUG GameApplication      - Starting FXGL
19:42:32.196 [JavaFX Application Thread] INFO  FXGL                 - FXGL-0.5.1 on DESKTOP
19:42:32.196 [JavaFX Application Thread] INFO  FXGL                 - Source code and latest versions at: https://github.com/AlmasB/FXGL
19:42:32.197 [JavaFX Application Thread] INFO  FXGL                 -              Join the FXGL chat at: https://gitter.im/AlmasB/FXGL
19:42:32.202 [JavaFX Application Thread] DEBUG FS                   - Loaded DesktopFSService
19:42:32.203 [JavaFX Application Thread] DEBUG FXGL                 - Loading FXGL system data
19:42:32.210 [JavaFX Application Thread] DEBUG DesktopFSService     - Reading from: system\fxgl.bundle
19:42:32.218 [JavaFX Application Thread] DEBUG Bundle               - Logging bundle: FXGL
19:42:32.218 [JavaFX Application Thread] DEBUG Bundle               - FXGL.offline.timer.version.check=2018-05-16T18:22:51.838
19:42:32.241 [JavaFX Application Thread] DEBUG GameApplication      - FXGL started
19:42:32.241 [JavaFX Application Thread] DEBUG GameApplication      - Logging game settings
Title: Frogger
Version: 0.2.0
Width: 800
Height: 470
Fullscreen: false
Intro: false
Menus: false
Profiling: false
Single step:false
App Mode: DEVELOPER
Menu Key: ESCAPE
Stage Style: DECORATED
Scene Factory: class com.almasb.fxgl.scene.SceneFactory
Dialog Factory: class com.almasb.fxgl.ui.FXGLDialogFactory
UI Factory: class com.almasb.fxgl.ui.FXGLUIFactory
Notification Service: class com.almasb.fxgl.gameplay.notification.XboxNotificationView
Exception Handler: class com.almasb.fxgl.app.FXGLExceptionHandler
19:42:32.242 [JavaFX Application Thread] DEBUG GameApplication      - Configuring GameApplication
19:42:32.242 [JavaFX Application Thread] DEBUG GameApplication      - Initializing state machine and application states
19:42:32.254 [JavaFX Application Thread] DEBUG AssetLoader          - Loading from disk: /assets/ui/cursors/fxgl_default.png
19:42:32.271 [JavaFX Application Thread] DEBUG AssetLoader          - Loading from disk: /assets/ui/cursors/fxgl_default.png
19:42:32.289 [JavaFX Application Thread] DEBUG FXGLAssets           - Loading FXGLAssets
19:42:32.318 [JavaFX Application Thread] DEBUG AssetLoader          - Loading from disk: /assets/ui/fonts/VarelaRound-Regular.ttf
19:42:32.449 [JavaFX Application Thread] DEBUG AssetLoader          - Loading from disk: /assets/ui/fonts/lucida_console.ttf
19:42:32.458 [JavaFX Application Thread] DEBUG AssetLoader          - Loading from disk: /assets/ui/css/fxgl_dark.css
19:42:32.480 [JavaFX Application Thread] DEBUG AssetLoader          - Loading from disk: /assets/ui/cursors/fxgl_default.png
19:42:32.505 [JavaFX Application Thread] DEBUG AssetLoader          - Loading from disk: /assets/ui/cursors/fxgl_default.png
19:42:32.518 [JavaFX Application Thread] DEBUG GameScene            - Game scene initialized: 800x470
19:42:32.520 [JavaFX Application Thread] DEBUG GameWorld            - Game world initialized
19:42:32.559 [JavaFX Application Thread] DEBUG PhysicsWorld         - Physics world initialized: appHeight=470, physics.ppm=50.0
19:42:32.573 [JavaFX Application Thread] DEBUG Input                - Registered new binding: Pause - Esc
19:42:32.587 [JavaFX Application Thread] DEBUG Input                - Clearing active input actions
19:42:32.621 [JavaFX Application Thread] DEBUG AppStateMachine      - StartupState -> StartupState
19:42:32.626 [JavaFX Application Thread] INFO  GameApplication      - Game configuration took:  0.384 sec
19:42:32.628 [JavaFX Application Thread] DEBUG AssetLoader          - Loading from disk: /assets/textures/fxgl_icon.png
19:42:32.638 [JavaFX Application Thread] DEBUG MainWindow           - Opening main window
19:42:32.791 [JavaFX Application Thread] DEBUG MainWindow           - Window border size: (4.0, 26.666656494140625)
19:42:32.792 [JavaFX Application Thread] DEBUG MainWindow           - Scaled size: 800.0 x 470.0
19:42:32.792 [JavaFX Application Thread] DEBUG MainWindow           - Scaled ratio: (1.0, 1.0)
19:42:32.792 [JavaFX Application Thread] DEBUG MainWindow           - Scene size: 800.0 x 470.0
19:42:32.792 [JavaFX Application Thread] DEBUG MainWindow           - Stage size: 804.0 x 496.6666564941406
19:42:32.792 [JavaFX Application Thread] DEBUG GameApplication      - Running preInit()
19:42:32.794 [JavaFX Application Thread] DEBUG Input                - Registered new binding: Screenshot - P
19:42:32.794 [JavaFX Application Thread] DEBUG Input                - Registered new binding: Dev Options - CTRL+0
19:42:32.795 [JavaFX Application Thread] DEBUG Input                - Registered new binding: System info dump - CTRL+9
19:42:32.796 [JavaFX Application Thread] DEBUG Input                - Registered new binding: Restart - CTRL+R
19:42:32.796 [JavaFX Application Thread] DEBUG Input                - Registered new binding: up - W
19:42:32.796 [JavaFX Application Thread] DEBUG Input                - Registered new binding: down - S
19:42:32.796 [JavaFX Application Thread] DEBUG Input                - Registered new binding: left - A
19:42:32.797 [JavaFX Application Thread] DEBUG Input                - Registered new binding: right - D
19:42:32.823 [JavaFX Application Thread] DEBUG GameApplication      - Starting main loop
19:42:32.824 [JavaFX Application Thread] DEBUG StartupState         - STARTUP
19:42:32.824 [JavaFX Application Thread] DEBUG GameApplication      - Starting new game
19:42:32.825 [JavaFX Application Thread] DEBUG Input                - Clearing active input actions
19:42:32.830 [JavaFX Application Thread] DEBUG AppStateMachine      - StartupState -> LoadingState
19:42:32.834 [FXGL Background Thread 1 ] DEBUG InitAppTask          - Clearing previous game
19:42:32.834 [FXGL Background Thread 1 ] DEBUG GameWorld            - Clearing game world
19:42:32.834 [FXGL Background Thread 1 ] DEBUG PhysicsWorld         - Clearing physics world
19:42:32.835 [FXGL Background Thread 1 ] DEBUG GameScene            - Clearing game scene
19:42:32.835 [FXGL Background Thread 1 ] DEBUG InitAppTask          - Initializing Game
19:42:32.882 [FXGL Background Thread 1 ] DEBUG AssetLoader          - Loading from disk: /assets/textures/Frogger/frog_idle.png
19:42:32.890 [FXGL Background Thread 1 ] DEBUG GameScene            - Creating render group for layer: DEFAULT(100000)
19:42:32.893 [FXGL Background Thread 1 ] DEBUG AssetLoader          - Loading from disk: /assets/textures/Frogger/full_log.png
19:42:32.902 [FXGL Background Thread 1 ] DEBUG AssetLoader          - Loading from cache: /assets/textures/Frogger/full_log.png
19:42:32.903 [FXGL Background Thread 1 ] DEBUG AssetLoader          - Loading from disk: /assets/textures/Frogger/rotating_log.png
19:42:32.909 [FXGL Background Thread 1 ] DEBUG InitAppTask          - Initializing Physics
19:42:32.911 [FXGL Background Thread 1 ] DEBUG InitAppTask          - Initializing UI
19:42:32.911 [FXGL Background Thread 1 ] DEBUG AssetLoader          - Loading from disk: /assets/textures/Frogger/background.jpg
19:42:32.919 [FXGL Background Thread 1 ] DEBUG InitAppTask          - Initialization Complete
19:42:32.919 [FXGL Background Thread 1 ] INFO  InitAppTask          - Game initialization took: 0.086 sec
19:42:32.923 [JavaFX Application Thread] DEBUG Input                - Clearing active input actions
19:42:32.928 [JavaFX Application Thread] DEBUG AppStateMachine      - LoadingState -> PlayState
19:42:33.804 [JavaFX Application Thread] DEBUG AssetLoader          - Loading from disk: /assets/textures/Frogger/green_car.png
19:42:33.805 [JavaFX Application Thread] DEBUG GameScene            - Creating render group for layer: TOP(2147483647)
19:42:33.806 [JavaFX Application Thread] DEBUG AssetLoader          - Loading from disk: /assets/textures/Frogger/purple_car.png
19:42:34.716 [JavaFX Application Thread] DEBUG AssetLoader          - Loading from disk: /assets/textures/Frogger/orange_car.png
19:42:34.718 [JavaFX Application Thread] DEBUG AssetLoader          - Loading from disk: /assets/textures/Frogger/red_car.png
19:42:35.628 [JavaFX Application Thread] DEBUG AssetLoader          - Loading from disk: /assets/textures/Frogger/blue_car.png
19:42:35.629 [JavaFX Application Thread] DEBUG AssetLoader          - Loading from cache: /assets/textures/Frogger/orange_car.png
19:42:36.556 [JavaFX Application Thread] DEBUG AssetLoader          - Loading from cache: /assets/textures/Frogger/orange_car.png
19:42:36.558 [JavaFX Application Thread] DEBUG AssetLoader          - Loading from cache: /assets/textures/Frogger/purple_car.png
19:42:37.467 [JavaFX Application Thread] DEBUG AssetLoader          - Loading from cache: /assets/textures/Frogger/green_car.png
19:42:37.468 [JavaFX Application Thread] DEBUG AssetLoader          - Loading from cache: /assets/textures/Frogger/orange_car.png
19:42:37.469 [JavaFX Application Thread] DEBUG AssetLoader          - Loading from cache: /assets/textures/Frogger/full_log.png
19:42:37.469 [JavaFX Application Thread] DEBUG AssetLoader          - Loading from cache: /assets/textures/Frogger/full_log.png
19:42:38.380 [JavaFX Application Thread] DEBUG AssetLoader          - Loading from cache: /assets/textures/Frogger/green_car.png
19:42:38.381 [JavaFX Application Thread] DEBUG AssetLoader          - Loading from cache: /assets/textures/Frogger/orange_car.png
19:42:39.292 [JavaFX Application Thread] DEBUG AssetLoader          - Loading from cache: /assets/textures/Frogger/blue_car.png
19:42:39.293 [JavaFX Application Thread] DEBUG AssetLoader          - Loading from cache: /assets/textures/Frogger/orange_car.png
19:42:40.221 [JavaFX Application Thread] DEBUG AssetLoader          - Loading from cache: /assets/textures/Frogger/green_car.png
19:42:40.222 [JavaFX Application Thread] DEBUG AssetLoader          - Loading from cache: /assets/textures/Frogger/green_car.png
19:42:41.115 [JavaFX Application Thread] DEBUG AssetLoader          - Loading from cache: /assets/textures/Frogger/blue_car.png
19:42:41.116 [JavaFX Application Thread] DEBUG AssetLoader          - Loading from cache: /assets/textures/Frogger/red_car.png
19:42:42.011 [JavaFX Application Thread] DEBUG AssetLoader          - Loading from cache: /assets/textures/Frogger/orange_car.png
19:42:42.013 [JavaFX Application Thread] DEBUG AssetLoader          - Loading from cache: /assets/textures/Frogger/red_car.png
19:42:42.908 [JavaFX Application Thread] DEBUG AssetLoader          - Loading from cache: /assets/textures/Frogger/purple_car.png
19:42:42.909 [JavaFX Application Thread] DEBUG AssetLoader          - Loading from cache: /assets/textures/Frogger/green_car.png
19:42:42.910 [JavaFX Application Thread] DEBUG AssetLoader          - Loading from disk: /assets/textures/Frogger/half_log.png
19:42:42.911 [JavaFX Application Thread] DEBUG AssetLoader          - Loading from cache: /assets/textures/Frogger/half_log.png
19:42:43.819 [JavaFX Application Thread] DEBUG AssetLoader          - Loading from cache: /assets/textures/Frogger/blue_car.png
19:42:43.820 [JavaFX Application Thread] DEBUG AssetLoader          - Loading from cache: /assets/textures/Frogger/purple_car.png
19:42:44.716 [JavaFX Application Thread] DEBUG AssetLoader          - Loading from cache: /assets/textures/Frogger/purple_car.png
19:42:44.717 [JavaFX Application Thread] DEBUG AssetLoader          - Loading from cache: /assets/textures/Frogger/orange_car.png
19:42:45.611 [JavaFX Application Thread] DEBUG AssetLoader          - Loading from cache: /assets/textures/Frogger/orange_car.png
19:42:45.612 [JavaFX Application Thread] DEBUG AssetLoader          - Loading from cache: /assets/textures/Frogger/green_car.png
19:42:46.507 [JavaFX Application Thread] DEBUG AssetLoader          - Loading from cache: /assets/textures/Frogger/blue_car.png
19:42:46.508 [JavaFX Application Thread] DEBUG AssetLoader          - Loading from cache: /assets/textures/Frogger/blue_car.png
19:42:46.509 [JavaFX Application Thread] DEBUG AssetLoader          - Loading from cache: /assets/textures/Frogger/half_log.png
19:42:46.510 [JavaFX Application Thread] DEBUG AssetLoader          - Loading from cache: /assets/textures/Frogger/full_log.png
19:42:47.405 [JavaFX Application Thread] DEBUG AssetLoader          - Loading from cache: /assets/textures/Frogger/red_car.png
19:42:47.406 [JavaFX Application Thread] DEBUG AssetLoader          - Loading from cache: /assets/textures/Frogger/purple_car.png
19:42:48.315 [JavaFX Application Thread] DEBUG AssetLoader          - Loading from cache: /assets/textures/Frogger/green_car.png
19:42:48.316 [JavaFX Application Thread] DEBUG AssetLoader          - Loading from cache: /assets/textures/Frogger/blue_car.png
19:42:48.567 [JavaFX Application Thread] DEBUG GameApplication      - Exiting game application
19:42:48.567 [JavaFX Application Thread] DEBUG GameApplication      - Shutting down background threads
19:42:48.568 [JavaFX Application Thread] DEBUG GameApplication      - Exiting FXGL
19:42:48.568 [JavaFX Application Thread] DEBUG FXGL                 - Saving FXGL system data
19:42:48.570 [JavaFX Application Thread] DEBUG DesktopFSService     - Writing to: system\fxgl.bundle
19:42:48.574 [JavaFX Application Thread] DEBUG GameApplication      - Closing logger and exiting JavaFX
