10:03:15.003 [JavaFX Application Thread] DEBUG GameApplication      - Logger initialized
10:03:15.009 [JavaFX Application Thread] DEBUG MainWindow           - Creating a JavaFX scene
10:03:15.078 [JavaFX Application Thread] DEBUG MainWindow           - Target settings size: 800.0 x 470.0
10:03:15.078 [JavaFX Application Thread] DEBUG MainWindow           - Scaled scene size:    800.0 x 470.0
10:03:15.078 [JavaFX Application Thread] DEBUG MainWindow           - Scaled ratio: (1.0, 1.0)
10:03:15.082 [JavaFX Application Thread] DEBUG GameApplication      - Starting FXGL
10:03:15.093 [JavaFX Application Thread] INFO  FXGL                 - FXGL-0.5.1 on DESKTOP
10:03:15.093 [JavaFX Application Thread] INFO  FXGL                 - Source code and latest versions at: https://github.com/AlmasB/FXGL
10:03:15.093 [JavaFX Application Thread] INFO  FXGL                 -              Join the FXGL chat at: https://gitter.im/AlmasB/FXGL
10:03:15.098 [JavaFX Application Thread] DEBUG FS                   - Loaded DesktopFSService
10:03:15.099 [JavaFX Application Thread] DEBUG FXGL                 - Loading FXGL system data
10:03:15.105 [JavaFX Application Thread] DEBUG DesktopFSService     - Reading from: system\fxgl.bundle
10:03:15.112 [JavaFX Application Thread] DEBUG Bundle               - Logging bundle: FXGL
10:03:15.113 [JavaFX Application Thread] DEBUG Bundle               - FXGL.offline.timer.version.check=2018-05-24T09:09:49.283
10:03:15.135 [JavaFX Application Thread] DEBUG GameApplication      - FXGL started
10:03:15.135 [JavaFX Application Thread] DEBUG GameApplication      - Logging game settings
Title: Frogger
Version: 0.2.0
Width: 800
Height: 470
Fullscreen: false
Intro: false
Menus: false
Profiling: false
Single step:false
App Mode: DEVELOPER
Menu Key: ESCAPE
Stage Style: DECORATED
Scene Factory: class com.almasb.fxgl.scene.SceneFactory
Dialog Factory: class com.almasb.fxgl.ui.FXGLDialogFactory
UI Factory: class com.almasb.fxgl.ui.FXGLUIFactory
Notification Service: class com.almasb.fxgl.gameplay.notification.XboxNotificationView
Exception Handler: class com.almasb.fxgl.app.FXGLExceptionHandler
10:03:15.136 [JavaFX Application Thread] DEBUG GameApplication      - Configuring GameApplication
10:03:15.136 [JavaFX Application Thread] DEBUG GameApplication      - Initializing state machine and application states
10:03:15.147 [JavaFX Application Thread] DEBUG AssetLoader          - Loading from disk: /assets/ui/cursors/fxgl_default.png
10:03:15.164 [JavaFX Application Thread] DEBUG AssetLoader          - Loading from disk: /assets/ui/cursors/fxgl_default.png
10:03:15.180 [JavaFX Application Thread] DEBUG FXGLAssets           - Loading FXGLAssets
10:03:15.204 [JavaFX Application Thread] DEBUG AssetLoader          - Loading from disk: /assets/ui/fonts/VarelaRound-Regular.ttf
10:03:15.322 [JavaFX Application Thread] DEBUG AssetLoader          - Loading from disk: /assets/ui/fonts/lucida_console.ttf
10:03:15.331 [JavaFX Application Thread] DEBUG AssetLoader          - Loading from disk: /assets/ui/css/fxgl_dark.css
10:03:15.353 [JavaFX Application Thread] DEBUG AssetLoader          - Loading from disk: /assets/ui/cursors/fxgl_default.png
10:03:15.376 [JavaFX Application Thread] DEBUG AssetLoader          - Loading from disk: /assets/ui/cursors/fxgl_default.png
10:03:15.389 [JavaFX Application Thread] DEBUG GameScene            - Game scene initialized: 800x470
10:03:15.392 [JavaFX Application Thread] DEBUG GameWorld            - Game world initialized
10:03:15.430 [JavaFX Application Thread] DEBUG PhysicsWorld         - Physics world initialized: appHeight=470, physics.ppm=50.0
10:03:15.446 [JavaFX Application Thread] DEBUG Input                - Registered new binding: Pause - Esc
10:03:15.460 [JavaFX Application Thread] DEBUG Input                - Clearing active input actions
10:03:15.490 [JavaFX Application Thread] DEBUG AppStateMachine      - StartupState -> StartupState
10:03:15.494 [JavaFX Application Thread] INFO  GameApplication      - Game configuration took:  0.358 sec
10:03:15.496 [JavaFX Application Thread] DEBUG AssetLoader          - Loading from disk: /assets/textures/fxgl_icon.png
10:03:15.505 [JavaFX Application Thread] DEBUG MainWindow           - Opening main window
10:03:15.638 [JavaFX Application Thread] DEBUG MainWindow           - Window border size: (4.0, 26.666656494140625)
10:03:15.638 [JavaFX Application Thread] DEBUG MainWindow           - Scaled size: 800.0 x 470.0
10:03:15.638 [JavaFX Application Thread] DEBUG MainWindow           - Scaled ratio: (1.0, 1.0)
10:03:15.638 [JavaFX Application Thread] DEBUG MainWindow           - Scene size: 800.0 x 470.0
10:03:15.638 [JavaFX Application Thread] DEBUG MainWindow           - Stage size: 804.0 x 496.6666564941406
10:03:15.638 [JavaFX Application Thread] DEBUG GameApplication      - Running preInit()
10:03:15.640 [JavaFX Application Thread] DEBUG Input                - Registered new binding: Screenshot - P
10:03:15.640 [JavaFX Application Thread] DEBUG Input                - Registered new binding: Dev Options - CTRL+0
10:03:15.641 [JavaFX Application Thread] DEBUG Input                - Registered new binding: System info dump - CTRL+9
10:03:15.641 [JavaFX Application Thread] DEBUG Input                - Registered new binding: Restart - CTRL+R
10:03:15.641 [JavaFX Application Thread] DEBUG Input                - Registered new binding: up - W
10:03:15.641 [JavaFX Application Thread] DEBUG Input                - Registered new binding: down - S
10:03:15.641 [JavaFX Application Thread] DEBUG Input                - Registered new binding: left - A
10:03:15.642 [JavaFX Application Thread] DEBUG Input                - Registered new binding: right - D
10:03:15.642 [JavaFX Application Thread] DEBUG Input                - Registered new binding: testd - Space
10:03:15.668 [JavaFX Application Thread] DEBUG GameApplication      - Starting main loop
10:03:15.670 [JavaFX Application Thread] DEBUG StartupState         - STARTUP
10:03:15.670 [JavaFX Application Thread] DEBUG GameApplication      - Starting new game
10:03:15.670 [JavaFX Application Thread] DEBUG Input                - Clearing active input actions
10:03:15.677 [JavaFX Application Thread] DEBUG AppStateMachine      - StartupState -> LoadingState
10:03:15.681 [FXGL Background Thread 1 ] DEBUG InitAppTask          - Clearing previous game
10:03:15.681 [FXGL Background Thread 1 ] DEBUG GameWorld            - Clearing game world
10:03:15.681 [FXGL Background Thread 1 ] DEBUG PhysicsWorld         - Clearing physics world
10:03:15.682 [FXGL Background Thread 1 ] DEBUG GameScene            - Clearing game scene
10:03:15.683 [FXGL Background Thread 1 ] DEBUG InitAppTask          - Initializing Game
10:03:15.701 [FXGL Background Thread 1 ] DEBUG AssetLoader          - Loading from disk: /assets/textures/Frogger/splatting_frog.png
10:03:15.733 [FXGL Background Thread 1 ] DEBUG AssetLoader          - Loading from disk: /assets/textures/Frogger/frog_idle.png
10:03:15.740 [FXGL Background Thread 1 ] DEBUG GameScene            - Creating render group for layer: TOP(2147483647)
10:03:15.744 [FXGL Background Thread 1 ] DEBUG AssetLoader          - Loading from disk: /assets/textures/Frogger/half_log.png
10:03:15.749 [FXGL Background Thread 1 ] DEBUG GameScene            - Creating render group for layer: DEFAULT(100000)
10:03:15.750 [FXGL Background Thread 1 ] DEBUG AssetLoader          - Loading from cache: /assets/textures/Frogger/half_log.png
10:03:15.751 [FXGL Background Thread 1 ] DEBUG AssetLoader          - Loading from disk: /assets/textures/Frogger/full_log.png
10:03:15.753 [FXGL Background Thread 1 ] DEBUG AssetLoader          - Loading from disk: /assets/textures/Frogger/rotating_log.png
10:03:15.756 [FXGL Background Thread 1 ] DEBUG InitAppTask          - Initializing Physics
10:03:15.756 [FXGL Background Thread 1 ] DEBUG InitAppTask          - Initializing UI
10:03:15.757 [FXGL Background Thread 1 ] DEBUG AssetLoader          - Loading from disk: /assets/textures/Frogger/background.jpg
10:03:15.765 [FXGL Background Thread 1 ] DEBUG InitAppTask          - Initialization Complete
10:03:15.765 [FXGL Background Thread 1 ] INFO  InitAppTask          - Game initialization took: 0.085 sec
10:03:15.774 [JavaFX Application Thread] DEBUG Input                - Clearing active input actions
10:03:15.779 [JavaFX Application Thread] DEBUG AppStateMachine      - LoadingState -> PlayState
10:03:16.061 [JavaFX Application Thread] DEBUG Input                - Mocking key release: W
10:03:16.061 [JavaFX Application Thread] DEBUG AssetLoader          - Loading from disk: /assets/textures/Frogger/frog_jump.png
10:03:16.232 [JavaFX Application Thread] DEBUG Input                - Mocking key release: W
10:03:16.233 [JavaFX Application Thread] DEBUG AssetLoader          - Loading from cache: /assets/textures/Frogger/frog_jump.png
10:03:16.318 [JavaFX Application Thread] DEBUG AssetLoader          - Loading from cache: /assets/textures/Frogger/frog_idle.png
10:03:16.392 [JavaFX Application Thread] DEBUG Input                - Mocking key release: W
10:03:16.392 [JavaFX Application Thread] DEBUG AssetLoader          - Loading from cache: /assets/textures/Frogger/frog_jump.png
10:03:16.479 [JavaFX Application Thread] DEBUG AssetLoader          - Loading from cache: /assets/textures/Frogger/frog_idle.png
10:03:16.541 [JavaFX Application Thread] DEBUG Input                - Mocking key release: W
10:03:16.541 [JavaFX Application Thread] DEBUG AssetLoader          - Loading from cache: /assets/textures/Frogger/frog_jump.png
10:03:16.654 [JavaFX Application Thread] DEBUG AssetLoader          - Loading from disk: /assets/textures/Frogger/green_car.png
10:03:16.656 [JavaFX Application Thread] DEBUG AssetLoader          - Loading from disk: /assets/textures/Frogger/orange_car.png
10:03:16.658 [JavaFX Application Thread] DEBUG AssetLoader          - Loading from cache: /assets/textures/Frogger/frog_idle.png
10:03:16.675 [JavaFX Application Thread] DEBUG Input                - Mocking key release: W
10:03:16.675 [JavaFX Application Thread] DEBUG AssetLoader          - Loading from cache: /assets/textures/Frogger/frog_jump.png
10:03:16.799 [JavaFX Application Thread] DEBUG AssetLoader          - Loading from cache: /assets/textures/Frogger/frog_idle.png
10:03:16.926 [JavaFX Application Thread] DEBUG AssetLoader          - Loading from cache: /assets/textures/Frogger/frog_idle.png
10:03:17.015 [JavaFX Application Thread] DEBUG Input                - Mocking key release: W
10:03:17.015 [JavaFX Application Thread] DEBUG AssetLoader          - Loading from cache: /assets/textures/Frogger/frog_jump.png
10:03:17.196 [JavaFX Application Thread] DEBUG Input                - Mocking key release: W
10:03:17.196 [JavaFX Application Thread] DEBUG AssetLoader          - Loading from cache: /assets/textures/Frogger/frog_jump.png
10:03:17.262 [JavaFX Application Thread] DEBUG AssetLoader          - Loading from cache: /assets/textures/Frogger/frog_idle.png
10:03:17.382 [JavaFX Application Thread] DEBUG Input                - Mocking key release: W
10:03:17.383 [JavaFX Application Thread] DEBUG AssetLoader          - Loading from cache: /assets/textures/Frogger/frog_jump.png
10:03:17.454 [JavaFX Application Thread] DEBUG AssetLoader          - Loading from cache: /assets/textures/Frogger/frog_idle.png
10:03:17.568 [JavaFX Application Thread] DEBUG AssetLoader          - Loading from cache: /assets/textures/Frogger/orange_car.png
10:03:17.569 [JavaFX Application Thread] DEBUG AssetLoader          - Loading from cache: /assets/textures/Frogger/orange_car.png
10:03:17.609 [JavaFX Application Thread] DEBUG Input                - Mocking key release: W
10:03:17.609 [JavaFX Application Thread] DEBUG AssetLoader          - Loading from cache: /assets/textures/Frogger/frog_jump.png
10:03:17.630 [JavaFX Application Thread] DEBUG AssetLoader          - Loading from cache: /assets/textures/Frogger/frog_idle.png
10:03:17.870 [JavaFX Application Thread] DEBUG AssetLoader          - Loading from cache: /assets/textures/Frogger/frog_idle.png
10:03:17.990 [JavaFX Application Thread] DEBUG Input                - Mocking key release: D
10:03:17.991 [JavaFX Application Thread] DEBUG AssetLoader          - Loading from cache: /assets/textures/Frogger/frog_jump.png
10:03:18.157 [JavaFX Application Thread] DEBUG Input                - Mocking key release: D
10:03:18.158 [JavaFX Application Thread] DEBUG AssetLoader          - Loading from cache: /assets/textures/Frogger/frog_jump.png
10:03:18.255 [JavaFX Application Thread] DEBUG AssetLoader          - Loading from cache: /assets/textures/Frogger/frog_idle.png
10:03:18.316 [JavaFX Application Thread] DEBUG Input                - Mocking key release: D
10:03:18.317 [JavaFX Application Thread] DEBUG AssetLoader          - Loading from cache: /assets/textures/Frogger/frog_jump.png
10:03:18.414 [JavaFX Application Thread] DEBUG AssetLoader          - Loading from cache: /assets/textures/Frogger/frog_idle.png
10:03:18.458 [JavaFX Application Thread] DEBUG Input                - Mocking key release: D
10:03:18.459 [JavaFX Application Thread] DEBUG AssetLoader          - Loading from cache: /assets/textures/Frogger/frog_jump.png
10:03:18.478 [JavaFX Application Thread] DEBUG AssetLoader          - Loading from disk: /assets/textures/Frogger/blue_car.png
10:03:18.480 [JavaFX Application Thread] DEBUG AssetLoader          - Loading from cache: /assets/textures/Frogger/green_car.png
10:03:18.558 [JavaFX Application Thread] DEBUG AssetLoader          - Loading from cache: /assets/textures/Frogger/frog_idle.png
10:03:18.618 [JavaFX Application Thread] DEBUG Input                - Mocking key release: D
10:03:18.618 [JavaFX Application Thread] DEBUG AssetLoader          - Loading from cache: /assets/textures/Frogger/frog_jump.png
10:03:18.719 [JavaFX Application Thread] DEBUG AssetLoader          - Loading from cache: /assets/textures/Frogger/frog_idle.png
10:03:18.790 [JavaFX Application Thread] DEBUG Input                - Mocking key release: D
10:03:18.790 [JavaFX Application Thread] DEBUG AssetLoader          - Loading from cache: /assets/textures/Frogger/frog_jump.png
10:03:18.862 [JavaFX Application Thread] DEBUG AssetLoader          - Loading from cache: /assets/textures/Frogger/frog_idle.png
10:03:18.940 [JavaFX Application Thread] DEBUG Input                - Mocking key release: D
10:03:18.940 [JavaFX Application Thread] DEBUG AssetLoader          - Loading from cache: /assets/textures/Frogger/frog_jump.png
10:03:19.055 [JavaFX Application Thread] DEBUG AssetLoader          - Loading from cache: /assets/textures/Frogger/frog_idle.png
10:03:19.086 [JavaFX Application Thread] DEBUG Input                - Mocking key release: D
10:03:19.086 [JavaFX Application Thread] DEBUG AssetLoader          - Loading from cache: /assets/textures/Frogger/frog_jump.png
10:03:19.198 [JavaFX Application Thread] DEBUG AssetLoader          - Loading from cache: /assets/textures/Frogger/frog_idle.png
10:03:19.225 [JavaFX Application Thread] DEBUG Input                - Mocking key release: D
10:03:19.225 [JavaFX Application Thread] DEBUG AssetLoader          - Loading from cache: /assets/textures/Frogger/frog_jump.png
10:03:19.327 [JavaFX Application Thread] DEBUG AssetLoader          - Loading from cache: /assets/textures/Frogger/frog_idle.png
10:03:19.392 [JavaFX Application Thread] DEBUG AssetLoader          - Loading from disk: /assets/textures/Frogger/purple_car.png
10:03:19.394 [JavaFX Application Thread] DEBUG AssetLoader          - Loading from cache: /assets/textures/Frogger/blue_car.png
10:03:19.424 [JavaFX Application Thread] DEBUG Input                - Mocking key release: W
10:03:19.424 [JavaFX Application Thread] DEBUG AssetLoader          - Loading from cache: /assets/textures/Frogger/frog_jump.png
10:03:19.487 [JavaFX Application Thread] DEBUG AssetLoader          - Loading from cache: /assets/textures/Frogger/frog_idle.png
10:03:19.678 [JavaFX Application Thread] DEBUG AssetLoader          - Loading from cache: /assets/textures/Frogger/frog_idle.png
10:03:20.319 [JavaFX Application Thread] DEBUG AssetLoader          - Loading from cache: /assets/textures/Frogger/blue_car.png
10:03:20.320 [JavaFX Application Thread] DEBUG AssetLoader          - Loading from cache: /assets/textures/Frogger/orange_car.png
10:03:20.320 [JavaFX Application Thread] DEBUG AssetLoader          - Loading from cache: /assets/textures/Frogger/full_log.png
10:03:20.321 [JavaFX Application Thread] DEBUG AssetLoader          - Loading from cache: /assets/textures/Frogger/half_log.png
10:03:20.322 [JavaFX Application Thread] DEBUG AssetLoader          - Loading from disk: /assets/textures/Frogger/sinking_frog.png
10:03:20.830 [JavaFX Application Thread] DEBUG AssetLoader          - Loading from cache: /assets/textures/Frogger/splatting_frog.png
10:03:20.830 [JavaFX Application Thread] DEBUG AssetLoader          - Loading from cache: /assets/textures/Frogger/frog_idle.png
10:03:21.230 [JavaFX Application Thread] DEBUG AssetLoader          - Loading from disk: /assets/textures/Frogger/red_car.png
10:03:21.232 [JavaFX Application Thread] DEBUG AssetLoader          - Loading from cache: /assets/textures/Frogger/orange_car.png
10:03:22.142 [JavaFX Application Thread] DEBUG AssetLoader          - Loading from cache: /assets/textures/Frogger/purple_car.png
10:03:22.143 [JavaFX Application Thread] DEBUG AssetLoader          - Loading from cache: /assets/textures/Frogger/green_car.png
10:03:22.764 [JavaFX Application Thread] DEBUG Input                - Mocking key release: W
10:03:22.764 [JavaFX Application Thread] DEBUG AssetLoader          - Loading from cache: /assets/textures/Frogger/frog_jump.png
10:03:23.007 [JavaFX Application Thread] DEBUG AssetLoader          - Loading from cache: /assets/textures/Frogger/frog_idle.png
10:03:23.070 [JavaFX Application Thread] DEBUG AssetLoader          - Loading from cache: /assets/textures/Frogger/purple_car.png
10:03:23.072 [JavaFX Application Thread] DEBUG AssetLoader          - Loading from cache: /assets/textures/Frogger/red_car.png
10:03:23.288 [JavaFX Application Thread] DEBUG Input                - Mocking key release: D
10:03:23.288 [JavaFX Application Thread] DEBUG AssetLoader          - Loading from cache: /assets/textures/Frogger/frog_jump.png
10:03:23.496 [JavaFX Application Thread] DEBUG Input                - Mocking key release: D
10:03:23.496 [JavaFX Application Thread] DEBUG AssetLoader          - Loading from cache: /assets/textures/Frogger/frog_jump.png
10:03:23.551 [JavaFX Application Thread] DEBUG AssetLoader          - Loading from cache: /assets/textures/Frogger/frog_idle.png
10:03:23.693 [JavaFX Application Thread] DEBUG Input                - Mocking key release: D
10:03:23.693 [JavaFX Application Thread] DEBUG AssetLoader          - Loading from cache: /assets/textures/Frogger/frog_jump.png
10:03:23.742 [JavaFX Application Thread] DEBUG AssetLoader          - Loading from cache: /assets/textures/Frogger/frog_idle.png
10:03:23.885 [JavaFX Application Thread] DEBUG Input                - Mocking key release: D
10:03:23.885 [JavaFX Application Thread] DEBUG AssetLoader          - Loading from cache: /assets/textures/Frogger/frog_jump.png
10:03:23.951 [JavaFX Application Thread] DEBUG AssetLoader          - Loading from cache: /assets/textures/Frogger/frog_idle.png
10:03:23.967 [JavaFX Application Thread] DEBUG AssetLoader          - Loading from cache: /assets/textures/Frogger/blue_car.png
10:03:23.968 [JavaFX Application Thread] DEBUG AssetLoader          - Loading from cache: /assets/textures/Frogger/blue_car.png
10:03:24.126 [JavaFX Application Thread] DEBUG AssetLoader          - Loading from cache: /assets/textures/Frogger/frog_idle.png
10:03:24.862 [JavaFX Application Thread] DEBUG AssetLoader          - Loading from cache: /assets/textures/Frogger/green_car.png
10:03:24.863 [JavaFX Application Thread] DEBUG AssetLoader          - Loading from cache: /assets/textures/Frogger/blue_car.png
10:03:25.759 [JavaFX Application Thread] DEBUG AssetLoader          - Loading from cache: /assets/textures/Frogger/blue_car.png
10:03:25.760 [JavaFX Application Thread] DEBUG AssetLoader          - Loading from cache: /assets/textures/Frogger/blue_car.png
10:03:25.761 [JavaFX Application Thread] DEBUG AssetLoader          - Loading from cache: /assets/textures/Frogger/half_log.png
10:03:25.761 [JavaFX Application Thread] DEBUG AssetLoader          - Loading from cache: /assets/textures/Frogger/half_log.png
10:03:25.762 [JavaFX Application Thread] DEBUG AssetLoader          - Loading from cache: /assets/textures/Frogger/full_log.png
10:03:25.787 [JavaFX Application Thread] DEBUG Input                - Mocking key release: D
10:03:25.787 [JavaFX Application Thread] DEBUG AssetLoader          - Loading from cache: /assets/textures/Frogger/frog_jump.png
10:03:25.892 [JavaFX Application Thread] DEBUG Input                - Mocking key release: W
10:03:25.892 [JavaFX Application Thread] DEBUG AssetLoader          - Loading from cache: /assets/textures/Frogger/frog_jump.png
10:03:25.902 [JavaFX Application Thread] DEBUG AssetLoader          - Loading from cache: /assets/textures/Frogger/splatting_frog.png
10:03:25.958 [JavaFX Application Thread] DEBUG Input                - Mocking key release: D
10:03:26.172 [JavaFX Application Thread] DEBUG Input                - Mocking key release: W
10:03:26.414 [JavaFX Application Thread] DEBUG AssetLoader          - Loading from cache: /assets/textures/Frogger/splatting_frog.png
10:03:26.414 [JavaFX Application Thread] DEBUG AssetLoader          - Loading from cache: /assets/textures/Frogger/frog_idle.png
10:03:26.654 [JavaFX Application Thread] DEBUG AssetLoader          - Loading from cache: /assets/textures/Frogger/orange_car.png
10:03:26.655 [JavaFX Application Thread] DEBUG AssetLoader          - Loading from cache: /assets/textures/Frogger/red_car.png
10:03:27.053 [JavaFX Application Thread] DEBUG Input                - Mocking key release: D
10:03:27.053 [JavaFX Application Thread] DEBUG AssetLoader          - Loading from cache: /assets/textures/Frogger/frog_jump.png
10:03:27.228 [JavaFX Application Thread] DEBUG Input                - Mocking key release: D
10:03:27.228 [JavaFX Application Thread] DEBUG AssetLoader          - Loading from cache: /assets/textures/Frogger/frog_jump.png
10:03:27.311 [JavaFX Application Thread] DEBUG AssetLoader          - Loading from cache: /assets/textures/Frogger/frog_idle.png
10:03:27.403 [JavaFX Application Thread] DEBUG Input                - Mocking key release: W
10:03:27.403 [JavaFX Application Thread] DEBUG AssetLoader          - Loading from cache: /assets/textures/Frogger/frog_jump.png
10:03:27.453 [JavaFX Application Thread] DEBUG Input                - Mocking key release: D
10:03:27.453 [JavaFX Application Thread] DEBUG AssetLoader          - Loading from cache: /assets/textures/Frogger/frog_jump.png
10:03:27.470 [JavaFX Application Thread] DEBUG AssetLoader          - Loading from cache: /assets/textures/Frogger/frog_idle.png
10:03:27.567 [JavaFX Application Thread] DEBUG AssetLoader          - Loading from cache: /assets/textures/Frogger/blue_car.png
10:03:27.568 [JavaFX Application Thread] DEBUG AssetLoader          - Loading from cache: /assets/textures/Frogger/orange_car.png
10:03:27.574 [JavaFX Application Thread] DEBUG Input                - Mocking key release: W
10:03:27.574 [JavaFX Application Thread] DEBUG AssetLoader          - Loading from cache: /assets/textures/Frogger/frog_jump.png
10:03:27.663 [JavaFX Application Thread] DEBUG AssetLoader          - Loading from cache: /assets/textures/Frogger/frog_idle.png
10:03:27.711 [JavaFX Application Thread] DEBUG AssetLoader          - Loading from cache: /assets/textures/Frogger/frog_idle.png
10:03:27.752 [JavaFX Application Thread] DEBUG Input                - Mocking key release: W
10:03:27.753 [JavaFX Application Thread] DEBUG AssetLoader          - Loading from cache: /assets/textures/Frogger/frog_jump.png
10:03:27.789 [JavaFX Application Thread] DEBUG Input                - Mocking key release: D
10:03:27.789 [JavaFX Application Thread] DEBUG AssetLoader          - Loading from cache: /assets/textures/Frogger/frog_jump.png
10:03:27.822 [JavaFX Application Thread] DEBUG AssetLoader          - Loading from cache: /assets/textures/Frogger/frog_idle.png
10:03:27.896 [JavaFX Application Thread] DEBUG Input                - Mocking key release: W
10:03:27.896 [JavaFX Application Thread] DEBUG AssetLoader          - Loading from cache: /assets/textures/Frogger/frog_jump.png
10:03:28.015 [JavaFX Application Thread] DEBUG AssetLoader          - Loading from cache: /assets/textures/Frogger/frog_idle.png
10:03:28.048 [JavaFX Application Thread] DEBUG AssetLoader          - Loading from cache: /assets/textures/Frogger/frog_idle.png
10:03:28.053 [JavaFX Application Thread] DEBUG Input                - Mocking key release: W
10:03:28.053 [JavaFX Application Thread] DEBUG AssetLoader          - Loading from cache: /assets/textures/Frogger/frog_jump.png
10:03:28.142 [JavaFX Application Thread] DEBUG AssetLoader          - Loading from cache: /assets/textures/Frogger/frog_idle.png
10:03:28.318 [JavaFX Application Thread] DEBUG AssetLoader          - Loading from cache: /assets/textures/Frogger/frog_idle.png
10:03:28.463 [JavaFX Application Thread] DEBUG AssetLoader          - Loading from cache: /assets/textures/Frogger/purple_car.png
10:03:28.463 [JavaFX Application Thread] DEBUG AssetLoader          - Loading from cache: /assets/textures/Frogger/orange_car.png
10:03:28.935 [JavaFX Application Thread] DEBUG Input                - Mocking key release: D
10:03:28.935 [JavaFX Application Thread] DEBUG AssetLoader          - Loading from cache: /assets/textures/Frogger/frog_jump.png
10:03:29.119 [JavaFX Application Thread] DEBUG Input                - Mocking key release: D
10:03:29.119 [JavaFX Application Thread] DEBUG AssetLoader          - Loading from cache: /assets/textures/Frogger/frog_jump.png
10:03:29.199 [JavaFX Application Thread] DEBUG AssetLoader          - Loading from cache: /assets/textures/Frogger/frog_idle.png
10:03:29.302 [JavaFX Application Thread] DEBUG Input                - Mocking key release: D
10:03:29.302 [JavaFX Application Thread] DEBUG AssetLoader          - Loading from cache: /assets/textures/Frogger/frog_jump.png
10:03:29.358 [JavaFX Application Thread] DEBUG AssetLoader          - Loading from cache: /assets/textures/Frogger/red_car.png
10:03:29.359 [JavaFX Application Thread] DEBUG AssetLoader          - Loading from cache: /assets/textures/Frogger/red_car.png
10:03:29.374 [JavaFX Application Thread] DEBUG AssetLoader          - Loading from cache: /assets/textures/Frogger/frog_idle.png
10:03:29.502 [JavaFX Application Thread] DEBUG Input                - Mocking key release: D
10:03:29.503 [JavaFX Application Thread] DEBUG AssetLoader          - Loading from cache: /assets/textures/Frogger/frog_jump.png
10:03:29.567 [JavaFX Application Thread] DEBUG AssetLoader          - Loading from cache: /assets/textures/Frogger/frog_idle.png
10:03:29.637 [JavaFX Application Thread] DEBUG Input                - Mocking key release: D
10:03:29.638 [JavaFX Application Thread] DEBUG AssetLoader          - Loading from cache: /assets/textures/Frogger/frog_jump.png
10:03:29.758 [JavaFX Application Thread] DEBUG AssetLoader          - Loading from cache: /assets/textures/Frogger/frog_idle.png
10:03:29.789 [JavaFX Application Thread] DEBUG Input                - Mocking key release: W
10:03:29.789 [JavaFX Application Thread] DEBUG AssetLoader          - Loading from cache: /assets/textures/Frogger/frog_jump.png
10:03:29.888 [JavaFX Application Thread] DEBUG AssetLoader          - Loading from cache: /assets/textures/Frogger/frog_idle.png
10:03:29.937 [JavaFX Application Thread] DEBUG Input                - Mocking key release: W
10:03:29.937 [JavaFX Application Thread] DEBUG AssetLoader          - Loading from cache: /assets/textures/Frogger/frog_jump.png
10:03:30.046 [JavaFX Application Thread] DEBUG AssetLoader          - Loading from cache: /assets/textures/Frogger/frog_idle.png
10:03:30.190 [JavaFX Application Thread] DEBUG AssetLoader          - Loading from cache: /assets/textures/Frogger/frog_idle.png
10:03:30.235 [JavaFX Application Thread] DEBUG Input                - Mocking key release: W
10:03:30.236 [JavaFX Application Thread] DEBUG AssetLoader          - Loading from cache: /assets/textures/Frogger/frog_jump.png
10:03:30.256 [JavaFX Application Thread] DEBUG AssetLoader          - Loading from cache: /assets/textures/Frogger/red_car.png
10:03:30.257 [JavaFX Application Thread] DEBUG AssetLoader          - Loading from cache: /assets/textures/Frogger/red_car.png
10:03:30.257 [JavaFX Application Thread] DEBUG AssetLoader          - Loading from cache: /assets/textures/Frogger/full_log.png
10:03:30.257 [JavaFX Application Thread] DEBUG AssetLoader          - Loading from cache: /assets/textures/Frogger/half_log.png
10:03:30.385 [JavaFX Application Thread] DEBUG Input                - Mocking key release: W
10:03:30.385 [JavaFX Application Thread] DEBUG AssetLoader          - Loading from cache: /assets/textures/Frogger/frog_jump.png
10:03:30.494 [JavaFX Application Thread] DEBUG AssetLoader          - Loading from cache: /assets/textures/Frogger/frog_idle.png
10:03:30.639 [JavaFX Application Thread] DEBUG AssetLoader          - Loading from cache: /assets/textures/Frogger/frog_idle.png
10:03:31.167 [JavaFX Application Thread] DEBUG AssetLoader          - Loading from cache: /assets/textures/Frogger/orange_car.png
10:03:31.169 [JavaFX Application Thread] DEBUG AssetLoader          - Loading from cache: /assets/textures/Frogger/red_car.png
10:03:31.695 [JavaFX Application Thread] DEBUG Input                - Mocking key release: D
10:03:31.695 [JavaFX Application Thread] DEBUG AssetLoader          - Loading from cache: /assets/textures/Frogger/frog_jump.png
10:03:31.867 [JavaFX Application Thread] DEBUG Input                - Mocking key release: D
10:03:31.867 [JavaFX Application Thread] DEBUG AssetLoader          - Loading from cache: /assets/textures/Frogger/frog_jump.png
10:03:31.950 [JavaFX Application Thread] DEBUG AssetLoader          - Loading from cache: /assets/textures/Frogger/frog_idle.png
10:03:32.024 [JavaFX Application Thread] DEBUG Input                - Mocking key release: D
10:03:32.024 [JavaFX Application Thread] DEBUG AssetLoader          - Loading from cache: /assets/textures/Frogger/frog_jump.png
10:03:32.063 [JavaFX Application Thread] DEBUG AssetLoader          - Loading from cache: /assets/textures/Frogger/red_car.png
10:03:32.063 [JavaFX Application Thread] DEBUG AssetLoader          - Loading from cache: /assets/textures/Frogger/blue_car.png
10:03:32.128 [JavaFX Application Thread] DEBUG AssetLoader          - Loading from cache: /assets/textures/Frogger/frog_idle.png
10:03:32.170 [JavaFX Application Thread] DEBUG Input                - Mocking key release: D
10:03:32.170 [JavaFX Application Thread] DEBUG AssetLoader          - Loading from cache: /assets/textures/Frogger/frog_jump.png
10:03:32.270 [JavaFX Application Thread] DEBUG AssetLoader          - Loading from cache: /assets/textures/Frogger/frog_idle.png
10:03:32.334 [JavaFX Application Thread] DEBUG Input                - Mocking key release: D
10:03:32.334 [JavaFX Application Thread] DEBUG AssetLoader          - Loading from cache: /assets/textures/Frogger/frog_jump.png
10:03:32.430 [JavaFX Application Thread] DEBUG AssetLoader          - Loading from cache: /assets/textures/Frogger/frog_idle.png
10:03:32.501 [JavaFX Application Thread] DEBUG Input                - Mocking key release: D
10:03:32.501 [JavaFX Application Thread] DEBUG AssetLoader          - Loading from cache: /assets/textures/Frogger/frog_jump.png
10:03:32.590 [JavaFX Application Thread] DEBUG AssetLoader          - Loading from cache: /assets/textures/Frogger/frog_idle.png
10:03:32.717 [JavaFX Application Thread] DEBUG Input                - Mocking key release: W
10:03:32.717 [JavaFX Application Thread] DEBUG AssetLoader          - Loading from cache: /assets/textures/Frogger/frog_jump.png
10:03:32.767 [JavaFX Application Thread] DEBUG AssetLoader          - Loading from cache: /assets/textures/Frogger/frog_idle.png
10:03:32.974 [JavaFX Application Thread] DEBUG AssetLoader          - Loading from cache: /assets/textures/Frogger/purple_car.png
10:03:32.975 [JavaFX Application Thread] DEBUG AssetLoader          - Loading from cache: /assets/textures/Frogger/green_car.png
10:03:32.975 [JavaFX Application Thread] DEBUG AssetLoader          - Loading from cache: /assets/textures/Frogger/frog_idle.png
10:03:32.987 [JavaFX Application Thread] DEBUG Input                - Mocking key release: S
10:03:32.987 [JavaFX Application Thread] DEBUG AssetLoader          - Loading from cache: /assets/textures/Frogger/frog_jump.png
10:03:33.100 [JavaFX Application Thread] DEBUG Input                - Mocking key release: S
10:03:33.100 [JavaFX Application Thread] DEBUG AssetLoader          - Loading from cache: /assets/textures/Frogger/frog_jump.png
10:03:33.247 [JavaFX Application Thread] DEBUG AssetLoader          - Loading from cache: /assets/textures/Frogger/frog_idle.png
10:03:33.358 [JavaFX Application Thread] DEBUG AssetLoader          - Loading from cache: /assets/textures/Frogger/frog_idle.png
10:03:33.769 [JavaFX Application Thread] DEBUG Input                - Mocking key release: A
10:03:33.769 [JavaFX Application Thread] DEBUG AssetLoader          - Loading from cache: /assets/textures/Frogger/frog_jump.png
10:03:33.887 [JavaFX Application Thread] DEBUG AssetLoader          - Loading from cache: /assets/textures/Frogger/blue_car.png
10:03:33.888 [JavaFX Application Thread] DEBUG AssetLoader          - Loading from cache: /assets/textures/Frogger/red_car.png
10:03:34.031 [JavaFX Application Thread] DEBUG AssetLoader          - Loading from cache: /assets/textures/Frogger/frog_idle.png
10:03:34.134 [JavaFX Application Thread] DEBUG Input                - Mocking key release: A
10:03:34.135 [JavaFX Application Thread] DEBUG AssetLoader          - Loading from cache: /assets/textures/Frogger/frog_jump.png
10:03:34.399 [JavaFX Application Thread] DEBUG AssetLoader          - Loading from cache: /assets/textures/Frogger/frog_idle.png
10:03:34.584 [JavaFX Application Thread] DEBUG Input                - Mocking key release: W
10:03:34.584 [JavaFX Application Thread] DEBUG AssetLoader          - Loading from cache: /assets/textures/Frogger/frog_jump.png
10:03:34.814 [JavaFX Application Thread] DEBUG AssetLoader          - Loading from cache: /assets/textures/Frogger/green_car.png
10:03:34.815 [JavaFX Application Thread] DEBUG AssetLoader          - Loading from cache: /assets/textures/Frogger/orange_car.png
10:03:34.815 [JavaFX Application Thread] DEBUG AssetLoader          - Loading from cache: /assets/textures/Frogger/full_log.png
10:03:34.816 [JavaFX Application Thread] DEBUG AssetLoader          - Loading from cache: /assets/textures/Frogger/half_log.png
10:03:34.817 [JavaFX Application Thread] DEBUG AssetLoader          - Loading from cache: /assets/textures/Frogger/half_log.png
10:03:34.846 [JavaFX Application Thread] DEBUG AssetLoader          - Loading from cache: /assets/textures/Frogger/frog_idle.png
10:03:35.727 [JavaFX Application Thread] DEBUG AssetLoader          - Loading from cache: /assets/textures/Frogger/purple_car.png
10:03:35.728 [JavaFX Application Thread] DEBUG AssetLoader          - Loading from cache: /assets/textures/Frogger/blue_car.png
10:03:36.639 [JavaFX Application Thread] DEBUG AssetLoader          - Loading from cache: /assets/textures/Frogger/blue_car.png
10:03:36.640 [JavaFX Application Thread] DEBUG AssetLoader          - Loading from cache: /assets/textures/Frogger/purple_car.png
10:03:36.718 [JavaFX Application Thread] DEBUG Input                - Mocking key release: D
10:03:36.718 [JavaFX Application Thread] DEBUG AssetLoader          - Loading from cache: /assets/textures/Frogger/frog_jump.png
10:03:36.900 [JavaFX Application Thread] DEBUG Input                - Mocking key release: D
10:03:36.900 [JavaFX Application Thread] DEBUG AssetLoader          - Loading from cache: /assets/textures/Frogger/frog_jump.png
10:03:36.975 [JavaFX Application Thread] DEBUG AssetLoader          - Loading from cache: /assets/textures/Frogger/frog_idle.png
10:03:37.053 [JavaFX Application Thread] DEBUG Input                - Mocking key release: D
10:03:37.053 [JavaFX Application Thread] DEBUG AssetLoader          - Loading from cache: /assets/textures/Frogger/frog_jump.png
10:03:37.150 [JavaFX Application Thread] DEBUG AssetLoader          - Loading from cache: /assets/textures/Frogger/frog_idle.png
10:03:37.198 [JavaFX Application Thread] DEBUG Input                - Mocking key release: D
10:03:37.198 [JavaFX Application Thread] DEBUG AssetLoader          - Loading from cache: /assets/textures/Frogger/frog_jump.png
10:03:37.310 [JavaFX Application Thread] DEBUG AssetLoader          - Loading from cache: /assets/textures/Frogger/frog_idle.png
10:03:37.339 [JavaFX Application Thread] DEBUG Input                - Mocking key release: D
10:03:37.339 [JavaFX Application Thread] DEBUG AssetLoader          - Loading from cache: /assets/textures/Frogger/frog_jump.png
10:03:37.454 [JavaFX Application Thread] DEBUG AssetLoader          - Loading from cache: /assets/textures/Frogger/frog_idle.png
10:03:37.515 [JavaFX Application Thread] DEBUG Input                - Mocking key release: D
10:03:37.515 [JavaFX Application Thread] DEBUG AssetLoader          - Loading from cache: /assets/textures/Frogger/frog_jump.png
10:03:37.551 [JavaFX Application Thread] DEBUG AssetLoader          - Loading from cache: /assets/textures/Frogger/red_car.png
10:03:37.551 [JavaFX Application Thread] DEBUG AssetLoader          - Loading from cache: /assets/textures/Frogger/red_car.png
10:03:37.582 [JavaFX Application Thread] DEBUG AssetLoader          - Loading from cache: /assets/textures/Frogger/frog_idle.png
10:03:37.698 [JavaFX Application Thread] DEBUG Input                - Mocking key release: D
10:03:37.699 [JavaFX Application Thread] DEBUG AssetLoader          - Loading from cache: /assets/textures/Frogger/frog_jump.png
10:03:37.765 [JavaFX Application Thread] DEBUG Input                - Mocking key release: W
10:03:37.766 [JavaFX Application Thread] DEBUG AssetLoader          - Loading from cache: /assets/textures/Frogger/frog_jump.png
10:03:37.775 [JavaFX Application Thread] DEBUG AssetLoader          - Loading from cache: /assets/textures/Frogger/frog_idle.png
10:03:37.950 [JavaFX Application Thread] DEBUG AssetLoader          - Loading from cache: /assets/textures/Frogger/frog_idle.png
10:03:38.030 [JavaFX Application Thread] DEBUG AssetLoader          - Loading from cache: /assets/textures/Frogger/frog_idle.png
10:03:38.205 [JavaFX Application Thread] DEBUG Input                - Mocking key release: W
10:03:38.206 [JavaFX Application Thread] DEBUG AssetLoader          - Loading from cache: /assets/textures/Frogger/frog_jump.png
10:03:38.331 [JavaFX Application Thread] DEBUG Input                - Mocking key release: W
10:03:38.331 [JavaFX Application Thread] DEBUG AssetLoader          - Loading from cache: /assets/textures/Frogger/frog_jump.png
10:03:38.463 [JavaFX Application Thread] DEBUG AssetLoader          - Loading from cache: /assets/textures/Frogger/frog_idle.png
10:03:38.479 [JavaFX Application Thread] DEBUG AssetLoader          - Loading from cache: /assets/textures/Frogger/blue_car.png
10:03:38.479 [JavaFX Application Thread] DEBUG AssetLoader          - Loading from cache: /assets/textures/Frogger/blue_car.png
10:03:38.480 [JavaFX Application Thread] DEBUG AssetLoader          - Loading from cache: /assets/textures/Frogger/half_log.png
10:03:38.480 [JavaFX Application Thread] DEBUG AssetLoader          - Loading from cache: /assets/textures/Frogger/half_log.png
10:03:38.537 [JavaFX Application Thread] DEBUG Input                - Mocking key release: W
10:03:38.537 [JavaFX Application Thread] DEBUG AssetLoader          - Loading from cache: /assets/textures/Frogger/frog_jump.png
10:03:38.590 [JavaFX Application Thread] DEBUG AssetLoader          - Loading from cache: /assets/textures/Frogger/frog_idle.png
10:03:38.782 [JavaFX Application Thread] DEBUG AssetLoader          - Loading from cache: /assets/textures/Frogger/frog_idle.png
10:03:39.081 [JavaFX Application Thread] DEBUG Input                - Mocking key release: S
10:03:39.081 [JavaFX Application Thread] DEBUG AssetLoader          - Loading from cache: /assets/textures/Frogger/frog_jump.png
10:03:39.342 [JavaFX Application Thread] DEBUG AssetLoader          - Loading from cache: /assets/textures/Frogger/frog_idle.png
10:03:39.390 [JavaFX Application Thread] DEBUG AssetLoader          - Loading from cache: /assets/textures/Frogger/green_car.png
10:03:39.391 [JavaFX Application Thread] DEBUG AssetLoader          - Loading from cache: /assets/textures/Frogger/orange_car.png
10:03:39.518 [JavaFX Application Thread] DEBUG Input                - Mocking key release: W
10:03:39.518 [JavaFX Application Thread] DEBUG AssetLoader          - Loading from cache: /assets/textures/Frogger/frog_jump.png
10:03:39.718 [JavaFX Application Thread] DEBUG Input                - Mocking key release: A
10:03:39.718 [JavaFX Application Thread] DEBUG AssetLoader          - Loading from cache: /assets/textures/Frogger/frog_jump.png
10:03:39.742 [JavaFX Application Thread] DEBUG Input                - Mocking key release: W
10:03:39.742 [JavaFX Application Thread] DEBUG AssetLoader          - Loading from cache: /assets/textures/Frogger/frog_jump.png
10:03:39.774 [JavaFX Application Thread] DEBUG AssetLoader          - Loading from cache: /assets/textures/Frogger/frog_idle.png
10:03:39.968 [JavaFX Application Thread] DEBUG AssetLoader          - Loading from cache: /assets/textures/Frogger/frog_idle.png
10:03:39.983 [JavaFX Application Thread] DEBUG AssetLoader          - Loading from cache: /assets/textures/Frogger/frog_idle.png
10:03:40.302 [JavaFX Application Thread] DEBUG AssetLoader          - Loading from cache: /assets/textures/Frogger/orange_car.png
10:03:40.303 [JavaFX Application Thread] DEBUG AssetLoader          - Loading from cache: /assets/textures/Frogger/red_car.png
10:03:41.214 [JavaFX Application Thread] DEBUG AssetLoader          - Loading from cache: /assets/textures/Frogger/red_car.png
10:03:41.215 [JavaFX Application Thread] DEBUG AssetLoader          - Loading from cache: /assets/textures/Frogger/orange_car.png
10:03:42.142 [JavaFX Application Thread] DEBUG AssetLoader          - Loading from cache: /assets/textures/Frogger/green_car.png
10:03:42.143 [JavaFX Application Thread] DEBUG AssetLoader          - Loading from cache: /assets/textures/Frogger/purple_car.png
10:03:43.054 [JavaFX Application Thread] DEBUG AssetLoader          - Loading from cache: /assets/textures/Frogger/red_car.png
10:03:43.054 [JavaFX Application Thread] DEBUG AssetLoader          - Loading from cache: /assets/textures/Frogger/blue_car.png
10:03:43.966 [JavaFX Application Thread] DEBUG AssetLoader          - Loading from cache: /assets/textures/Frogger/blue_car.png
10:03:43.967 [JavaFX Application Thread] DEBUG AssetLoader          - Loading from cache: /assets/textures/Frogger/red_car.png
10:03:43.967 [JavaFX Application Thread] DEBUG AssetLoader          - Loading from cache: /assets/textures/Frogger/half_log.png
10:03:43.967 [JavaFX Application Thread] DEBUG AssetLoader          - Loading from cache: /assets/textures/Frogger/full_log.png
10:03:43.968 [JavaFX Application Thread] DEBUG AssetLoader          - Loading from cache: /assets/textures/Frogger/full_log.png
10:03:44.753 [JavaFX Application Thread] DEBUG GameApplication      - Exiting game application
10:03:44.754 [JavaFX Application Thread] DEBUG GameApplication      - Shutting down background threads
10:03:44.754 [JavaFX Application Thread] DEBUG GameApplication      - Exiting FXGL
10:03:44.755 [JavaFX Application Thread] DEBUG FXGL                 - Saving FXGL system data
10:03:44.756 [JavaFX Application Thread] DEBUG DesktopFSService     - Writing to: system\fxgl.bundle
10:03:44.760 [JavaFX Application Thread] DEBUG GameApplication      - Closing logger and exiting JavaFX
