10:15:45.530 [JavaFX Application Thread] DEBUG GameApplication      - Logger initialized
10:15:45.536 [JavaFX Application Thread] DEBUG MainWindow           - Creating a JavaFX scene
10:15:45.607 [JavaFX Application Thread] DEBUG MainWindow           - Target settings size: 800.0 x 470.0
10:15:45.607 [JavaFX Application Thread] DEBUG MainWindow           - Scaled scene size:    800.0 x 470.0
10:15:45.607 [JavaFX Application Thread] DEBUG MainWindow           - Scaled ratio: (1.0, 1.0)
10:15:45.612 [JavaFX Application Thread] DEBUG GameApplication      - Starting FXGL
10:15:45.621 [JavaFX Application Thread] INFO  FXGL                 - FXGL-0.5.1 on DESKTOP
10:15:45.621 [JavaFX Application Thread] INFO  FXGL                 - Source code and latest versions at: https://github.com/AlmasB/FXGL
10:15:45.621 [JavaFX Application Thread] INFO  FXGL                 -              Join the FXGL chat at: https://gitter.im/AlmasB/FXGL
10:15:45.627 [JavaFX Application Thread] DEBUG FS                   - Loaded DesktopFSService
10:15:45.627 [JavaFX Application Thread] DEBUG FXGL                 - Loading FXGL system data
10:15:45.634 [JavaFX Application Thread] DEBUG DesktopFSService     - Reading from: system\fxgl.bundle
10:15:45.641 [JavaFX Application Thread] DEBUG Bundle               - Logging bundle: FXGL
10:15:45.641 [JavaFX Application Thread] DEBUG Bundle               - FXGL.offline.timer.version.check=2018-05-16T18:22:51.838
10:15:45.664 [JavaFX Application Thread] DEBUG GameApplication      - FXGL started
10:15:45.664 [JavaFX Application Thread] DEBUG GameApplication      - Logging game settings
Title: Frogger
Version: 0.2.0
Width: 800
Height: 470
Fullscreen: false
Intro: false
Menus: false
Profiling: false
Single step:false
App Mode: DEVELOPER
Menu Key: ESCAPE
Stage Style: DECORATED
Scene Factory: class com.almasb.fxgl.scene.SceneFactory
Dialog Factory: class com.almasb.fxgl.ui.FXGLDialogFactory
UI Factory: class com.almasb.fxgl.ui.FXGLUIFactory
Notification Service: class com.almasb.fxgl.gameplay.notification.XboxNotificationView
Exception Handler: class com.almasb.fxgl.app.FXGLExceptionHandler
10:15:45.665 [JavaFX Application Thread] DEBUG GameApplication      - Configuring GameApplication
10:15:45.666 [JavaFX Application Thread] DEBUG GameApplication      - Initializing state machine and application states
10:15:45.679 [JavaFX Application Thread] DEBUG AssetLoader          - Loading from disk: /assets/ui/cursors/fxgl_default.png
10:15:45.700 [JavaFX Application Thread] DEBUG AssetLoader          - Loading from disk: /assets/ui/cursors/fxgl_default.png
10:15:45.717 [JavaFX Application Thread] DEBUG FXGLAssets           - Loading FXGLAssets
10:15:45.741 [JavaFX Application Thread] DEBUG AssetLoader          - Loading from disk: /assets/ui/fonts/VarelaRound-Regular.ttf
10:15:45.873 [JavaFX Application Thread] DEBUG AssetLoader          - Loading from disk: /assets/ui/fonts/lucida_console.ttf
10:15:45.882 [JavaFX Application Thread] DEBUG AssetLoader          - Loading from disk: /assets/ui/css/fxgl_dark.css
10:15:45.902 [JavaFX Application Thread] DEBUG AssetLoader          - Loading from disk: /assets/ui/cursors/fxgl_default.png
10:15:45.928 [JavaFX Application Thread] DEBUG AssetLoader          - Loading from disk: /assets/ui/cursors/fxgl_default.png
10:15:45.941 [JavaFX Application Thread] DEBUG GameScene            - Game scene initialized: 800x470
10:15:45.943 [JavaFX Application Thread] DEBUG GameWorld            - Game world initialized
10:15:45.980 [JavaFX Application Thread] DEBUG PhysicsWorld         - Physics world initialized: appHeight=470, physics.ppm=50.0
10:15:45.994 [JavaFX Application Thread] DEBUG Input                - Registered new binding: Pause - Esc
10:15:46.009 [JavaFX Application Thread] DEBUG Input                - Clearing active input actions
10:15:46.043 [JavaFX Application Thread] DEBUG AppStateMachine      - StartupState -> StartupState
10:15:46.046 [JavaFX Application Thread] INFO  GameApplication      - Game configuration took:  0.381 sec
10:15:46.048 [JavaFX Application Thread] DEBUG AssetLoader          - Loading from disk: /assets/textures/fxgl_icon.png
10:15:46.058 [JavaFX Application Thread] DEBUG MainWindow           - Opening main window
10:15:46.189 [JavaFX Application Thread] DEBUG MainWindow           - Window border size: (4.0, 26.666656494140625)
10:15:46.189 [JavaFX Application Thread] DEBUG MainWindow           - Scaled size: 800.0 x 470.0
10:15:46.189 [JavaFX Application Thread] DEBUG MainWindow           - Scaled ratio: (1.0, 1.0)
10:15:46.189 [JavaFX Application Thread] DEBUG MainWindow           - Scene size: 800.0 x 470.0
10:15:46.189 [JavaFX Application Thread] DEBUG MainWindow           - Stage size: 804.0 x 496.6666564941406
10:15:46.190 [JavaFX Application Thread] DEBUG GameApplication      - Running preInit()
10:15:46.191 [JavaFX Application Thread] DEBUG Input                - Registered new binding: Screenshot - P
10:15:46.192 [JavaFX Application Thread] DEBUG Input                - Registered new binding: Dev Options - CTRL+0
10:15:46.192 [JavaFX Application Thread] DEBUG Input                - Registered new binding: System info dump - CTRL+9
10:15:46.193 [JavaFX Application Thread] DEBUG Input                - Registered new binding: Restart - CTRL+R
10:15:46.193 [JavaFX Application Thread] DEBUG Input                - Registered new binding: up - W
10:15:46.193 [JavaFX Application Thread] DEBUG Input                - Registered new binding: down - S
10:15:46.193 [JavaFX Application Thread] DEBUG Input                - Registered new binding: left - A
10:15:46.194 [JavaFX Application Thread] DEBUG Input                - Registered new binding: right - D
10:15:46.222 [JavaFX Application Thread] DEBUG GameApplication      - Starting main loop
10:15:46.224 [JavaFX Application Thread] DEBUG StartupState         - STARTUP
10:15:46.224 [JavaFX Application Thread] DEBUG GameApplication      - Starting new game
10:15:46.224 [JavaFX Application Thread] DEBUG Input                - Clearing active input actions
10:15:46.231 [JavaFX Application Thread] DEBUG AppStateMachine      - StartupState -> LoadingState
10:15:46.235 [FXGL Background Thread 1 ] DEBUG InitAppTask          - Clearing previous game
10:15:46.236 [FXGL Background Thread 1 ] DEBUG GameWorld            - Clearing game world
10:15:46.236 [FXGL Background Thread 1 ] DEBUG PhysicsWorld         - Clearing physics world
10:15:46.236 [FXGL Background Thread 1 ] DEBUG GameScene            - Clearing game scene
10:15:46.237 [FXGL Background Thread 1 ] DEBUG InitAppTask          - Initializing Game
10:15:46.285 [FXGL Background Thread 1 ] DEBUG AssetLoader          - Loading from disk: /assets/textures/Frogger/frog_idle.png
10:15:46.295 [FXGL Background Thread 1 ] DEBUG GameScene            - Creating render group for layer: DEFAULT(100000)
10:15:46.296 [FXGL Background Thread 1 ] DEBUG InitAppTask          - Initializing Physics
10:15:46.297 [FXGL Background Thread 1 ] DEBUG InitAppTask          - Initializing UI
10:15:46.297 [FXGL Background Thread 1 ] DEBUG AssetLoader          - Loading from disk: /assets/textures/Frogger/background.jpg
10:15:46.304 [FXGL Background Thread 1 ] DEBUG InitAppTask          - Initialization Complete
10:15:46.304 [FXGL Background Thread 1 ] INFO  InitAppTask          - Game initialization took: 0.070 sec
10:15:46.309 [JavaFX Application Thread] DEBUG Input                - Clearing active input actions
10:15:46.314 [JavaFX Application Thread] DEBUG AppStateMachine      - LoadingState -> PlayState
10:15:46.574 [JavaFX Application Thread] DEBUG AssetLoader          - Loading from disk: /assets/ui/dev_menu_bar.fxml
10:16:15.351 [JavaFX Application Thread] DEBUG GameApplication      - Exiting game application
10:16:15.351 [JavaFX Application Thread] DEBUG GameApplication      - Shutting down background threads
10:16:15.351 [JavaFX Application Thread] DEBUG GameApplication      - Exiting FXGL
10:16:15.352 [JavaFX Application Thread] DEBUG FXGL                 - Saving FXGL system data
10:16:15.354 [JavaFX Application Thread] DEBUG DesktopFSService     - Writing to: system\fxgl.bundle
10:16:15.358 [JavaFX Application Thread] DEBUG GameApplication      - Closing logger and exiting JavaFX
