13:00:08.337 [JavaFX Application Thread] DEBUG GameApplication      - Logger initialized
13:00:08.343 [JavaFX Application Thread] DEBUG MainWindow           - Creating a JavaFX scene
13:00:08.415 [JavaFX Application Thread] DEBUG MainWindow           - Target settings size: 800.0 x 400.0
13:00:08.415 [JavaFX Application Thread] DEBUG MainWindow           - Scaled scene size:    800.0 x 400.0
13:00:08.415 [JavaFX Application Thread] DEBUG MainWindow           - Scaled ratio: (1.0, 1.0)
13:00:08.420 [JavaFX Application Thread] DEBUG GameApplication      - Starting FXGL
13:00:08.430 [JavaFX Application Thread] INFO  FXGL                 - FXGL-0.5.1 on DESKTOP
13:00:08.431 [JavaFX Application Thread] INFO  FXGL                 - Source code and latest versions at: https://github.com/AlmasB/FXGL
13:00:08.431 [JavaFX Application Thread] INFO  FXGL                 -              Join the FXGL chat at: https://gitter.im/AlmasB/FXGL
13:00:08.438 [JavaFX Application Thread] DEBUG FS                   - Loaded DesktopFSService
13:00:08.438 [JavaFX Application Thread] DEBUG FXGL                 - Loading FXGL system data
13:00:08.449 [JavaFX Application Thread] DEBUG DesktopFSService     - Reading from: system\fxgl.bundle
13:00:08.458 [JavaFX Application Thread] DEBUG Bundle               - Logging bundle: FXGL
13:00:08.458 [JavaFX Application Thread] DEBUG Bundle               - FXGL.offline.timer.version.check=2018-05-16T18:22:51.838
13:00:08.494 [JavaFX Application Thread] DEBUG GameApplication      - FXGL started
13:00:08.494 [JavaFX Application Thread] DEBUG GameApplication      - Logging game settings
Title: FlappyBird
Version: 0.2.0
Width: 800
Height: 400
Fullscreen: false
Intro: false
Menus: false
Profiling: false
Single step:false
App Mode: DEVELOPER
Menu Key: ESCAPE
Stage Style: DECORATED
Scene Factory: class com.almasb.fxgl.scene.SceneFactory
Dialog Factory: class com.almasb.fxgl.ui.FXGLDialogFactory
UI Factory: class com.almasb.fxgl.ui.FXGLUIFactory
Notification Service: class com.almasb.fxgl.gameplay.notification.XboxNotificationView
Exception Handler: class com.almasb.fxgl.app.FXGLExceptionHandler
13:00:08.495 [JavaFX Application Thread] DEBUG GameApplication      - Configuring GameApplication
13:00:08.495 [JavaFX Application Thread] DEBUG GameApplication      - Initializing state machine and application states
13:00:08.511 [JavaFX Application Thread] DEBUG AssetLoader          - Loading from disk: /assets/ui/cursors/fxgl_default.png
13:00:08.530 [JavaFX Application Thread] DEBUG AssetLoader          - Loading from disk: /assets/ui/cursors/fxgl_default.png
13:00:08.546 [JavaFX Application Thread] DEBUG FXGLAssets           - Loading FXGLAssets
13:00:08.569 [JavaFX Application Thread] DEBUG AssetLoader          - Loading from disk: /assets/ui/fonts/VarelaRound-Regular.ttf
13:00:08.691 [JavaFX Application Thread] DEBUG AssetLoader          - Loading from disk: /assets/ui/fonts/lucida_console.ttf
13:00:08.700 [JavaFX Application Thread] DEBUG AssetLoader          - Loading from disk: /assets/ui/css/fxgl_dark.css
13:00:08.722 [JavaFX Application Thread] DEBUG AssetLoader          - Loading from disk: /assets/ui/cursors/fxgl_default.png
13:00:08.747 [JavaFX Application Thread] DEBUG AssetLoader          - Loading from disk: /assets/ui/cursors/fxgl_default.png
13:00:08.760 [JavaFX Application Thread] DEBUG GameScene            - Game scene initialized: 800x400
13:00:08.762 [JavaFX Application Thread] DEBUG GameWorld            - Game world initialized
13:00:08.800 [JavaFX Application Thread] DEBUG PhysicsWorld         - Physics world initialized: appHeight=400, physics.ppm=50.0
13:00:08.814 [JavaFX Application Thread] DEBUG Input                - Registered new binding: Pause - Esc
13:00:08.828 [JavaFX Application Thread] DEBUG Input                - Clearing active input actions
13:00:08.861 [JavaFX Application Thread] DEBUG AppStateMachine      - StartupState -> StartupState
13:00:08.864 [JavaFX Application Thread] INFO  GameApplication      - Game configuration took:  0.368 sec
13:00:08.865 [JavaFX Application Thread] DEBUG AssetLoader          - Loading from disk: /assets/textures/fxgl_icon.png
13:00:08.876 [JavaFX Application Thread] DEBUG MainWindow           - Opening main window
13:00:08.951 [JavaFX Application Thread] DEBUG MainWindow           - Window border size: (14.66668701171875, 37.333343505859375)
13:00:08.951 [JavaFX Application Thread] DEBUG MainWindow           - Scaled size: 800.0 x 400.0
13:00:08.951 [JavaFX Application Thread] DEBUG MainWindow           - Scaled ratio: (1.0, 1.0)
13:00:08.952 [JavaFX Application Thread] DEBUG MainWindow           - Scene size: 800.0 x 400.0
13:00:08.952 [JavaFX Application Thread] DEBUG MainWindow           - Stage size: 814.6666870117188 x 437.3333435058594
13:00:08.952 [JavaFX Application Thread] DEBUG GameApplication      - Running preInit()
13:00:08.954 [JavaFX Application Thread] DEBUG Input                - Registered new binding: Screenshot - P
13:00:08.955 [JavaFX Application Thread] DEBUG Input                - Registered new binding: Dev Options - CTRL+0
13:00:08.956 [JavaFX Application Thread] DEBUG Input                - Registered new binding: System info dump - CTRL+9
13:00:08.956 [JavaFX Application Thread] DEBUG Input                - Registered new binding: Restart - CTRL+R
13:00:08.956 [JavaFX Application Thread] DEBUG Input                - Registered new binding: flap - Space
13:00:08.982 [JavaFX Application Thread] DEBUG GameApplication      - Starting main loop
13:00:08.990 [JavaFX Application Thread] DEBUG StartupState         - STARTUP
13:00:08.990 [JavaFX Application Thread] DEBUG GameApplication      - Starting new game
13:00:08.990 [JavaFX Application Thread] DEBUG Input                - Clearing active input actions
13:00:08.997 [JavaFX Application Thread] DEBUG AppStateMachine      - StartupState -> LoadingState
13:00:09.001 [FXGL Background Thread 1 ] DEBUG InitAppTask          - Clearing previous game
13:00:09.002 [FXGL Background Thread 1 ] DEBUG GameWorld            - Clearing game world
13:00:09.002 [FXGL Background Thread 1 ] DEBUG PhysicsWorld         - Clearing physics world
13:00:09.002 [FXGL Background Thread 1 ] DEBUG GameScene            - Clearing game scene
13:00:09.003 [FXGL Background Thread 1 ] DEBUG InitAppTask          - Initializing Game
13:00:09.024 [FXGL Background Thread 1 ] DEBUG AssetLoader          - Loading from disk: /assets/textures/FlappyPort/flappybird_fly_sheet.png
13:00:09.096 [FXGL Background Thread 1 ] DEBUG GameScene            - Creating render group for layer: DEFAULT(100000)
13:00:09.099 [FXGL Background Thread 1 ] DEBUG AssetLoader          - Loading from disk: /assets/textures/FlappyPort/ground.png
13:00:09.103 [FXGL Background Thread 1 ] DEBUG GameScene            - Creating render group for layer: TOP(2147483647)
13:00:09.103 [FXGL Background Thread 1 ] DEBUG AssetLoader          - Loading from cache: /assets/textures/FlappyPort/ground.png
13:00:09.106 [FXGL Background Thread 1 ] DEBUG InitAppTask          - Initializing Physics
13:00:09.106 [FXGL Background Thread 1 ] DEBUG InitAppTask          - Initializing UI
13:00:09.107 [FXGL Background Thread 1 ] DEBUG AssetLoader          - Loading from disk: /assets/textures/FlappyPort/background.png
13:00:09.123 [FXGL Background Thread 1 ] DEBUG InitAppTask          - Initialization Complete
13:00:09.124 [FXGL Background Thread 1 ] INFO  InitAppTask          - Game initialization took: 0.122 sec
13:00:09.130 [JavaFX Application Thread] DEBUG Input                - Clearing active input actions
13:00:09.136 [JavaFX Application Thread] DEBUG AppStateMachine      - LoadingState -> PlayState
13:00:09.323 [JavaFX Application Thread] DEBUG Input                - Mocking key release: Space
13:00:09.834 [JavaFX Application Thread] DEBUG Input                - Mocking key release: Space
13:00:10.114 [JavaFX Application Thread] DEBUG AssetLoader          - Loading from disk: /assets/textures/FlappyPort/top_pipe.png
13:00:10.116 [JavaFX Application Thread] DEBUG AssetLoader          - Loading from disk: /assets/textures/FlappyPort/bottom_pipe.png
13:00:10.118 [JavaFX Application Thread] DEBUG AssetLoader          - Loading from cache: /assets/textures/FlappyPort/ground.png
13:00:10.555 [JavaFX Application Thread] DEBUG Input                - Mocking key release: Space
13:00:10.936 [JavaFX Application Thread] DEBUG Input                - Mocking key release: Space
13:00:11.130 [JavaFX Application Thread] DEBUG AssetLoader          - Loading from cache: /assets/textures/FlappyPort/top_pipe.png
13:00:11.131 [JavaFX Application Thread] DEBUG AssetLoader          - Loading from cache: /assets/textures/FlappyPort/bottom_pipe.png
13:00:11.132 [JavaFX Application Thread] DEBUG AssetLoader          - Loading from cache: /assets/textures/FlappyPort/ground.png
13:00:11.143 [JavaFX Application Thread] DEBUG Input                - Mocking key release: Space
13:00:11.657 [JavaFX Application Thread] DEBUG Input                - Mocking key release: Space
13:00:12.139 [JavaFX Application Thread] DEBUG AssetLoader          - Loading from cache: /assets/textures/FlappyPort/top_pipe.png
13:00:12.141 [JavaFX Application Thread] DEBUG AssetLoader          - Loading from cache: /assets/textures/FlappyPort/bottom_pipe.png
13:00:12.142 [JavaFX Application Thread] DEBUG AssetLoader          - Loading from cache: /assets/textures/FlappyPort/ground.png
13:00:12.249 [JavaFX Application Thread] DEBUG Input                - Mocking key release: Space
13:00:12.952 [JavaFX Application Thread] DEBUG Input                - Mocking key release: Space
13:00:13.162 [JavaFX Application Thread] DEBUG AssetLoader          - Loading from cache: /assets/textures/FlappyPort/top_pipe.png
13:00:13.164 [JavaFX Application Thread] DEBUG AssetLoader          - Loading from cache: /assets/textures/FlappyPort/bottom_pipe.png
13:00:13.164 [JavaFX Application Thread] DEBUG AssetLoader          - Loading from cache: /assets/textures/FlappyPort/ground.png
13:00:13.511 [JavaFX Application Thread] DEBUG Input                - Mocking key release: Space
13:00:13.735 [JavaFX Application Thread] DEBUG Input                - Mocking key release: Space
13:00:14.170 [JavaFX Application Thread] DEBUG AssetLoader          - Loading from cache: /assets/textures/FlappyPort/top_pipe.png
13:00:14.171 [JavaFX Application Thread] DEBUG AssetLoader          - Loading from cache: /assets/textures/FlappyPort/bottom_pipe.png
13:00:14.172 [JavaFX Application Thread] DEBUG AssetLoader          - Loading from cache: /assets/textures/FlappyPort/ground.png
13:00:14.308 [JavaFX Application Thread] DEBUG Input                - Mocking key release: Space
13:00:14.901 [JavaFX Application Thread] DEBUG Input                - Mocking key release: Space
13:00:15.071 [JavaFX Application Thread] DEBUG Input                - Mocking key release: Space
13:00:15.194 [JavaFX Application Thread] DEBUG AssetLoader          - Loading from cache: /assets/textures/FlappyPort/top_pipe.png
13:00:15.195 [JavaFX Application Thread] DEBUG AssetLoader          - Loading from cache: /assets/textures/FlappyPort/bottom_pipe.png
13:00:15.195 [JavaFX Application Thread] DEBUG AssetLoader          - Loading from cache: /assets/textures/FlappyPort/ground.png
13:00:15.450 [JavaFX Application Thread] DEBUG AssetLoader          - Loading from disk: /assets/textures/FlappyPort/game_over.png
13:00:15.453 [JavaFX Application Thread] DEBUG GameScene            - Creating render group for layer: BACKGROUND(1000)
13:00:18.457 [JavaFX Application Thread] DEBUG GameApplication      - Exiting game application
13:00:18.458 [JavaFX Application Thread] DEBUG GameApplication      - Shutting down background threads
13:00:18.458 [JavaFX Application Thread] DEBUG GameApplication      - Exiting FXGL
13:00:18.458 [JavaFX Application Thread] DEBUG FXGL                 - Saving FXGL system data
13:00:18.461 [JavaFX Application Thread] DEBUG DesktopFSService     - Writing to: system\fxgl.bundle
13:00:18.464 [JavaFX Application Thread] DEBUG GameApplication      - Closing logger and exiting JavaFX
