13:34:04.384 [JavaFX Application Thread] DEBUG GameApplication      - Logger initialized
13:34:04.390 [JavaFX Application Thread] DEBUG MainWindow           - Creating a JavaFX scene
13:34:04.464 [JavaFX Application Thread] DEBUG MainWindow           - Target settings size: 800.0 x 400.0
13:34:04.464 [JavaFX Application Thread] DEBUG MainWindow           - Scaled scene size:    800.0 x 400.0
13:34:04.464 [JavaFX Application Thread] DEBUG MainWindow           - Scaled ratio: (1.0, 1.0)
13:34:04.469 [JavaFX Application Thread] DEBUG GameApplication      - Starting FXGL
13:34:04.479 [JavaFX Application Thread] INFO  FXGL                 - FXGL-0.5.1 on DESKTOP
13:34:04.479 [JavaFX Application Thread] INFO  FXGL                 - Source code and latest versions at: https://github.com/AlmasB/FXGL
13:34:04.479 [JavaFX Application Thread] INFO  FXGL                 -              Join the FXGL chat at: https://gitter.im/AlmasB/FXGL
13:34:04.485 [JavaFX Application Thread] DEBUG FS                   - Loaded DesktopFSService
13:34:04.485 [JavaFX Application Thread] DEBUG FXGL                 - Loading FXGL system data
13:34:04.492 [JavaFX Application Thread] DEBUG DesktopFSService     - Reading from: system\fxgl.bundle
13:34:04.499 [JavaFX Application Thread] DEBUG Bundle               - Logging bundle: FXGL
13:34:04.500 [JavaFX Application Thread] DEBUG Bundle               - FXGL.offline.timer.version.check=2018-05-16T18:22:51.838
13:34:04.523 [JavaFX Application Thread] DEBUG GameApplication      - FXGL started
13:34:04.523 [JavaFX Application Thread] DEBUG GameApplication      - Logging game settings
Title: FlappyBird
Version: 0.2.0
Width: 800
Height: 400
Fullscreen: false
Intro: false
Menus: false
Profiling: false
Single step:false
App Mode: DEVELOPER
Menu Key: ESCAPE
Stage Style: DECORATED
Scene Factory: class com.almasb.fxgl.scene.SceneFactory
Dialog Factory: class com.almasb.fxgl.ui.FXGLDialogFactory
UI Factory: class com.almasb.fxgl.ui.FXGLUIFactory
Notification Service: class com.almasb.fxgl.gameplay.notification.XboxNotificationView
Exception Handler: class com.almasb.fxgl.app.FXGLExceptionHandler
13:34:04.524 [JavaFX Application Thread] DEBUG GameApplication      - Configuring GameApplication
13:34:04.524 [JavaFX Application Thread] DEBUG GameApplication      - Initializing state machine and application states
13:34:04.535 [JavaFX Application Thread] DEBUG AssetLoader          - Loading from disk: /assets/ui/cursors/fxgl_default.png
13:34:04.552 [JavaFX Application Thread] DEBUG AssetLoader          - Loading from disk: /assets/ui/cursors/fxgl_default.png
13:34:04.569 [JavaFX Application Thread] DEBUG FXGLAssets           - Loading FXGLAssets
13:34:04.594 [JavaFX Application Thread] DEBUG AssetLoader          - Loading from disk: /assets/ui/fonts/VarelaRound-Regular.ttf
13:34:04.722 [JavaFX Application Thread] DEBUG AssetLoader          - Loading from disk: /assets/ui/fonts/lucida_console.ttf
13:34:04.731 [JavaFX Application Thread] DEBUG AssetLoader          - Loading from disk: /assets/ui/css/fxgl_dark.css
13:34:04.755 [JavaFX Application Thread] DEBUG AssetLoader          - Loading from disk: /assets/ui/cursors/fxgl_default.png
13:34:04.782 [JavaFX Application Thread] DEBUG AssetLoader          - Loading from disk: /assets/ui/cursors/fxgl_default.png
13:34:04.795 [JavaFX Application Thread] DEBUG GameScene            - Game scene initialized: 800x400
13:34:04.797 [JavaFX Application Thread] DEBUG GameWorld            - Game world initialized
13:34:04.838 [JavaFX Application Thread] DEBUG PhysicsWorld         - Physics world initialized: appHeight=400, physics.ppm=50.0
13:34:04.854 [JavaFX Application Thread] DEBUG Input                - Registered new binding: Pause - Esc
13:34:04.869 [JavaFX Application Thread] DEBUG Input                - Clearing active input actions
13:34:04.906 [JavaFX Application Thread] DEBUG AppStateMachine      - StartupState -> StartupState
13:34:04.909 [JavaFX Application Thread] INFO  GameApplication      - Game configuration took:  0.386 sec
13:34:04.912 [JavaFX Application Thread] DEBUG AssetLoader          - Loading from disk: /assets/textures/fxgl_icon.png
13:34:04.924 [JavaFX Application Thread] DEBUG MainWindow           - Opening main window
13:34:05.061 [JavaFX Application Thread] DEBUG MainWindow           - Window border size: (4.0, 26.666656494140625)
13:34:05.061 [JavaFX Application Thread] DEBUG MainWindow           - Scaled size: 800.0 x 400.0
13:34:05.061 [JavaFX Application Thread] DEBUG MainWindow           - Scaled ratio: (1.0, 1.0)
13:34:05.061 [JavaFX Application Thread] DEBUG MainWindow           - Scene size: 800.0 x 400.0
13:34:05.061 [JavaFX Application Thread] DEBUG MainWindow           - Stage size: 804.0 x 426.6666564941406
13:34:05.061 [JavaFX Application Thread] DEBUG GameApplication      - Running preInit()
13:34:05.063 [JavaFX Application Thread] DEBUG Input                - Registered new binding: Screenshot - P
13:34:05.064 [JavaFX Application Thread] DEBUG Input                - Registered new binding: Dev Options - CTRL+0
13:34:05.065 [JavaFX Application Thread] DEBUG Input                - Registered new binding: System info dump - CTRL+9
13:34:05.065 [JavaFX Application Thread] DEBUG Input                - Registered new binding: Restart - CTRL+R
13:34:05.066 [JavaFX Application Thread] DEBUG Input                - Registered new binding: flap - LMB
13:34:05.096 [JavaFX Application Thread] DEBUG GameApplication      - Starting main loop
13:34:05.098 [JavaFX Application Thread] DEBUG StartupState         - STARTUP
13:34:05.098 [JavaFX Application Thread] DEBUG GameApplication      - Starting new game
13:34:05.098 [JavaFX Application Thread] DEBUG Input                - Clearing active input actions
13:34:05.107 [JavaFX Application Thread] DEBUG AppStateMachine      - StartupState -> LoadingState
13:34:05.112 [FXGL Background Thread 1 ] DEBUG InitAppTask          - Clearing previous game
13:34:05.112 [FXGL Background Thread 1 ] DEBUG GameWorld            - Clearing game world
13:34:05.112 [FXGL Background Thread 1 ] DEBUG PhysicsWorld         - Clearing physics world
13:34:05.112 [FXGL Background Thread 1 ] DEBUG GameScene            - Clearing game scene
13:34:05.115 [FXGL Background Thread 1 ] DEBUG InitAppTask          - Initializing Game
13:34:05.140 [FXGL Background Thread 1 ] DEBUG AssetLoader          - Loading from disk: /assets/textures/FlappyPort/flappybird_fly_sheet.png
13:34:05.225 [FXGL Background Thread 1 ] DEBUG GameScene            - Creating render group for layer: DEFAULT(100000)
13:34:05.230 [FXGL Background Thread 1 ] DEBUG AssetLoader          - Loading from disk: /assets/textures/FlappyPort/ground.png
13:34:05.233 [FXGL Background Thread 1 ] DEBUG GameScene            - Creating render group for layer: TOP(2147483647)
13:34:05.234 [FXGL Background Thread 1 ] DEBUG AssetLoader          - Loading from cache: /assets/textures/FlappyPort/ground.png
13:34:05.236 [FXGL Background Thread 1 ] DEBUG InitAppTask          - Initializing Physics
13:34:05.236 [FXGL Background Thread 1 ] DEBUG InitAppTask          - Initializing UI
13:34:05.237 [FXGL Background Thread 1 ] DEBUG AssetLoader          - Loading from disk: /assets/textures/FlappyPort/background.png
13:34:05.256 [FXGL Background Thread 1 ] DEBUG InitAppTask          - Initialization Complete
13:34:05.257 [FXGL Background Thread 1 ] INFO  InitAppTask          - Game initialization took: 0.146 sec
13:34:05.271 [JavaFX Application Thread] DEBUG Input                - Clearing active input actions
13:34:05.276 [JavaFX Application Thread] DEBUG AppStateMachine      - LoadingState -> PlayState
13:34:05.832 [JavaFX Application Thread] DEBUG AssetLoader          - Loading from disk: /assets/textures/FlappyPort/game_over.png
13:34:05.835 [JavaFX Application Thread] DEBUG GameScene            - Creating render group for layer: BACKGROUND(1000)
13:34:07.238 [JavaFX Application Thread] DEBUG GameApplication      - Exiting game application
13:34:07.239 [JavaFX Application Thread] DEBUG GameApplication      - Shutting down background threads
13:34:07.239 [JavaFX Application Thread] DEBUG GameApplication      - Exiting FXGL
13:34:07.240 [JavaFX Application Thread] DEBUG FXGL                 - Saving FXGL system data
13:34:07.241 [JavaFX Application Thread] DEBUG DesktopFSService     - Writing to: system\fxgl.bundle
13:34:07.246 [JavaFX Application Thread] DEBUG GameApplication      - Closing logger and exiting JavaFX
