19:48:01.405 [JavaFX Application Thread] DEBUG GameApplication      - Logger initialized
19:48:01.410 [JavaFX Application Thread] DEBUG MainWindow           - Creating a JavaFX scene
19:48:01.485 [JavaFX Application Thread] DEBUG MainWindow           - Target settings size: 800.0 x 470.0
19:48:01.486 [JavaFX Application Thread] DEBUG MainWindow           - Scaled scene size:    800.0 x 470.0
19:48:01.486 [JavaFX Application Thread] DEBUG MainWindow           - Scaled ratio: (1.0, 1.0)
19:48:01.491 [JavaFX Application Thread] DEBUG GameApplication      - Starting FXGL
19:48:01.500 [JavaFX Application Thread] INFO  FXGL                 - FXGL-0.5.1 on DESKTOP
19:48:01.500 [JavaFX Application Thread] INFO  FXGL                 - Source code and latest versions at: https://github.com/AlmasB/FXGL
19:48:01.501 [JavaFX Application Thread] INFO  FXGL                 -              Join the FXGL chat at: https://gitter.im/AlmasB/FXGL
19:48:01.506 [JavaFX Application Thread] DEBUG FS                   - Loaded DesktopFSService
19:48:01.506 [JavaFX Application Thread] DEBUG FXGL                 - Loading FXGL system data
19:48:01.513 [JavaFX Application Thread] DEBUG DesktopFSService     - Reading from: system\fxgl.bundle
19:48:01.520 [JavaFX Application Thread] DEBUG Bundle               - Logging bundle: FXGL
19:48:01.520 [JavaFX Application Thread] DEBUG Bundle               - FXGL.offline.timer.version.check=2018-05-16T18:22:51.838
19:48:01.546 [JavaFX Application Thread] DEBUG GameApplication      - FXGL started
19:48:01.546 [JavaFX Application Thread] DEBUG GameApplication      - Logging game settings
Title: Frogger
Version: 0.2.0
Width: 800
Height: 470
Fullscreen: false
Intro: false
Menus: false
Profiling: false
Single step:false
App Mode: DEVELOPER
Menu Key: ESCAPE
Stage Style: DECORATED
Scene Factory: class com.almasb.fxgl.scene.SceneFactory
Dialog Factory: class com.almasb.fxgl.ui.FXGLDialogFactory
UI Factory: class com.almasb.fxgl.ui.FXGLUIFactory
Notification Service: class com.almasb.fxgl.gameplay.notification.XboxNotificationView
Exception Handler: class com.almasb.fxgl.app.FXGLExceptionHandler
19:48:01.547 [JavaFX Application Thread] DEBUG GameApplication      - Configuring GameApplication
19:48:01.547 [JavaFX Application Thread] DEBUG GameApplication      - Initializing state machine and application states
19:48:01.558 [JavaFX Application Thread] DEBUG AssetLoader          - Loading from disk: /assets/ui/cursors/fxgl_default.png
19:48:01.575 [JavaFX Application Thread] DEBUG AssetLoader          - Loading from disk: /assets/ui/cursors/fxgl_default.png
19:48:01.592 [JavaFX Application Thread] DEBUG FXGLAssets           - Loading FXGLAssets
19:48:01.617 [JavaFX Application Thread] DEBUG AssetLoader          - Loading from disk: /assets/ui/fonts/VarelaRound-Regular.ttf
19:48:01.748 [JavaFX Application Thread] DEBUG AssetLoader          - Loading from disk: /assets/ui/fonts/lucida_console.ttf
19:48:01.757 [JavaFX Application Thread] DEBUG AssetLoader          - Loading from disk: /assets/ui/css/fxgl_dark.css
19:48:01.780 [JavaFX Application Thread] DEBUG AssetLoader          - Loading from disk: /assets/ui/cursors/fxgl_default.png
19:48:01.805 [JavaFX Application Thread] DEBUG AssetLoader          - Loading from disk: /assets/ui/cursors/fxgl_default.png
19:48:01.818 [JavaFX Application Thread] DEBUG GameScene            - Game scene initialized: 800x470
19:48:01.820 [JavaFX Application Thread] DEBUG GameWorld            - Game world initialized
19:48:01.859 [JavaFX Application Thread] DEBUG PhysicsWorld         - Physics world initialized: appHeight=470, physics.ppm=50.0
19:48:01.873 [JavaFX Application Thread] DEBUG Input                - Registered new binding: Pause - Esc
19:48:01.887 [JavaFX Application Thread] DEBUG Input                - Clearing active input actions
19:48:01.918 [JavaFX Application Thread] DEBUG AppStateMachine      - StartupState -> StartupState
19:48:01.923 [JavaFX Application Thread] INFO  GameApplication      - Game configuration took:  0.376 sec
19:48:01.925 [JavaFX Application Thread] DEBUG AssetLoader          - Loading from disk: /assets/textures/fxgl_icon.png
19:48:01.936 [JavaFX Application Thread] DEBUG MainWindow           - Opening main window
19:48:02.064 [JavaFX Application Thread] DEBUG MainWindow           - Window border size: (4.0, 26.666656494140625)
19:48:02.064 [JavaFX Application Thread] DEBUG MainWindow           - Scaled size: 800.0 x 470.0
19:48:02.065 [JavaFX Application Thread] DEBUG MainWindow           - Scaled ratio: (1.0, 1.0)
19:48:02.065 [JavaFX Application Thread] DEBUG MainWindow           - Scene size: 800.0 x 470.0
19:48:02.065 [JavaFX Application Thread] DEBUG MainWindow           - Stage size: 804.0 x 496.6666564941406
19:48:02.065 [JavaFX Application Thread] DEBUG GameApplication      - Running preInit()
19:48:02.066 [JavaFX Application Thread] DEBUG Input                - Registered new binding: Screenshot - P
19:48:02.067 [JavaFX Application Thread] DEBUG Input                - Registered new binding: Dev Options - CTRL+0
19:48:02.067 [JavaFX Application Thread] DEBUG Input                - Registered new binding: System info dump - CTRL+9
19:48:02.067 [JavaFX Application Thread] DEBUG Input                - Registered new binding: Restart - CTRL+R
19:48:02.068 [JavaFX Application Thread] DEBUG Input                - Registered new binding: up - W
19:48:02.068 [JavaFX Application Thread] DEBUG Input                - Registered new binding: down - S
19:48:02.068 [JavaFX Application Thread] DEBUG Input                - Registered new binding: left - A
19:48:02.068 [JavaFX Application Thread] DEBUG Input                - Registered new binding: right - D
19:48:02.095 [JavaFX Application Thread] DEBUG GameApplication      - Starting main loop
19:48:02.097 [JavaFX Application Thread] DEBUG StartupState         - STARTUP
19:48:02.097 [JavaFX Application Thread] DEBUG GameApplication      - Starting new game
19:48:02.097 [JavaFX Application Thread] DEBUG Input                - Clearing active input actions
19:48:02.103 [JavaFX Application Thread] DEBUG AppStateMachine      - StartupState -> LoadingState
19:48:02.107 [FXGL Background Thread 1 ] DEBUG InitAppTask          - Clearing previous game
19:48:02.107 [FXGL Background Thread 1 ] DEBUG GameWorld            - Clearing game world
19:48:02.107 [FXGL Background Thread 1 ] DEBUG PhysicsWorld         - Clearing physics world
19:48:02.107 [FXGL Background Thread 1 ] DEBUG GameScene            - Clearing game scene
19:48:02.108 [FXGL Background Thread 1 ] DEBUG InitAppTask          - Initializing Game
19:48:02.154 [FXGL Background Thread 1 ] DEBUG AssetLoader          - Loading from disk: /assets/textures/Frogger/frog_idle.png
19:48:02.163 [FXGL Background Thread 1 ] DEBUG GameScene            - Creating render group for layer: DEFAULT(100000)
19:48:02.166 [FXGL Background Thread 1 ] DEBUG AssetLoader          - Loading from disk: /assets/textures/Frogger/half_log.png
19:48:02.172 [FXGL Background Thread 1 ] DEBUG AssetLoader          - Loading from disk: /assets/textures/Frogger/full_log.png
19:48:02.175 [FXGL Background Thread 1 ] DEBUG AssetLoader          - Loading from disk: /assets/textures/Frogger/rotating_log.png
19:48:02.182 [FXGL Background Thread 1 ] DEBUG InitAppTask          - Initializing Physics
19:48:02.182 [FXGL Background Thread 1 ] DEBUG InitAppTask          - Initializing UI
19:48:02.183 [FXGL Background Thread 1 ] DEBUG AssetLoader          - Loading from disk: /assets/textures/Frogger/background.jpg
19:48:02.188 [FXGL Background Thread 1 ] DEBUG InitAppTask          - Initialization Complete
19:48:02.189 [FXGL Background Thread 1 ] INFO  InitAppTask          - Game initialization took: 0.082 sec
19:48:02.190 [JavaFX Application Thread] DEBUG Input                - Clearing active input actions
19:48:02.196 [JavaFX Application Thread] DEBUG AppStateMachine      - LoadingState -> PlayState
19:48:03.066 [JavaFX Application Thread] DEBUG AssetLoader          - Loading from disk: /assets/textures/Frogger/red_car.png
19:48:03.068 [JavaFX Application Thread] DEBUG GameScene            - Creating render group for layer: TOP(2147483647)
19:48:03.068 [JavaFX Application Thread] DEBUG AssetLoader          - Loading from cache: /assets/textures/Frogger/red_car.png
19:48:03.979 [JavaFX Application Thread] DEBUG AssetLoader          - Loading from disk: /assets/textures/Frogger/green_car.png
19:48:03.981 [JavaFX Application Thread] DEBUG AssetLoader          - Loading from disk: /assets/textures/Frogger/purple_car.png
19:48:04.906 [JavaFX Application Thread] DEBUG AssetLoader          - Loading from disk: /assets/textures/Frogger/blue_car.png
19:48:04.908 [JavaFX Application Thread] DEBUG AssetLoader          - Loading from cache: /assets/textures/Frogger/blue_car.png
19:48:05.819 [JavaFX Application Thread] DEBUG AssetLoader          - Loading from cache: /assets/textures/Frogger/green_car.png
19:48:05.820 [JavaFX Application Thread] DEBUG AssetLoader          - Loading from cache: /assets/textures/Frogger/green_car.png
19:48:06.646 [JavaFX Application Thread] DEBUG GameApplication      - Exiting game application
19:48:06.646 [JavaFX Application Thread] DEBUG GameApplication      - Shutting down background threads
19:48:06.647 [JavaFX Application Thread] DEBUG GameApplication      - Exiting FXGL
19:48:06.647 [JavaFX Application Thread] DEBUG FXGL                 - Saving FXGL system data
19:48:06.649 [JavaFX Application Thread] DEBUG DesktopFSService     - Writing to: system\fxgl.bundle
19:48:06.653 [JavaFX Application Thread] DEBUG GameApplication      - Closing logger and exiting JavaFX
