11:25:51.467 [JavaFX Application Thread] DEBUG GameApplication      - Logger initialized
11:25:51.474 [JavaFX Application Thread] DEBUG MainWindow           - Creating a JavaFX scene
11:25:51.542 [JavaFX Application Thread] DEBUG MainWindow           - Target settings size: 800.0 x 400.0
11:25:51.542 [JavaFX Application Thread] DEBUG MainWindow           - Scaled scene size:    800.0 x 400.0
11:25:51.542 [JavaFX Application Thread] DEBUG MainWindow           - Scaled ratio: (1.0, 1.0)
11:25:51.547 [JavaFX Application Thread] DEBUG GameApplication      - Starting FXGL
11:25:51.556 [JavaFX Application Thread] INFO  FXGL                 - FXGL-0.5.1 on DESKTOP
11:25:51.557 [JavaFX Application Thread] INFO  FXGL                 - Source code and latest versions at: https://github.com/AlmasB/FXGL
11:25:51.557 [JavaFX Application Thread] INFO  FXGL                 -              Join the FXGL chat at: https://gitter.im/AlmasB/FXGL
11:25:51.562 [JavaFX Application Thread] DEBUG FS                   - Loaded DesktopFSService
11:25:51.563 [JavaFX Application Thread] DEBUG FXGL                 - Loading FXGL system data
11:25:51.570 [JavaFX Application Thread] DEBUG DesktopFSService     - Reading from: system\fxgl.bundle
11:25:51.578 [JavaFX Application Thread] DEBUG Bundle               - Logging bundle: FXGL
11:25:51.578 [JavaFX Application Thread] DEBUG Bundle               - FXGL.offline.timer.version.check=2018-05-16T18:22:51.838
11:25:51.614 [JavaFX Application Thread] DEBUG GameApplication      - FXGL started
11:25:51.615 [JavaFX Application Thread] DEBUG GameApplication      - Logging game settings
Title: FlappyBird
Version: 0.2.0
Width: 800
Height: 400
Fullscreen: false
Intro: false
Menus: false
Profiling: false
Single step:false
App Mode: DEVELOPER
Menu Key: ESCAPE
Stage Style: DECORATED
Scene Factory: class com.almasb.fxgl.scene.SceneFactory
Dialog Factory: class com.almasb.fxgl.ui.FXGLDialogFactory
UI Factory: class com.almasb.fxgl.ui.FXGLUIFactory
Notification Service: class com.almasb.fxgl.gameplay.notification.XboxNotificationView
Exception Handler: class com.almasb.fxgl.app.FXGLExceptionHandler
11:25:51.616 [JavaFX Application Thread] DEBUG GameApplication      - Configuring GameApplication
11:25:51.616 [JavaFX Application Thread] DEBUG GameApplication      - Initializing state machine and application states
11:25:51.630 [JavaFX Application Thread] DEBUG AssetLoader          - Loading from disk: /assets/ui/cursors/fxgl_default.png
11:25:51.652 [JavaFX Application Thread] DEBUG AssetLoader          - Loading from disk: /assets/ui/cursors/fxgl_default.png
11:25:51.675 [JavaFX Application Thread] DEBUG FXGLAssets           - Loading FXGLAssets
11:25:51.701 [JavaFX Application Thread] DEBUG AssetLoader          - Loading from disk: /assets/ui/fonts/VarelaRound-Regular.ttf
11:25:51.821 [JavaFX Application Thread] DEBUG AssetLoader          - Loading from disk: /assets/ui/fonts/lucida_console.ttf
11:25:51.829 [JavaFX Application Thread] DEBUG AssetLoader          - Loading from disk: /assets/ui/css/fxgl_dark.css
11:25:51.854 [JavaFX Application Thread] DEBUG AssetLoader          - Loading from disk: /assets/ui/cursors/fxgl_default.png
11:25:51.877 [JavaFX Application Thread] DEBUG AssetLoader          - Loading from disk: /assets/ui/cursors/fxgl_default.png
11:25:51.891 [JavaFX Application Thread] DEBUG GameScene            - Game scene initialized: 800x400
11:25:51.893 [JavaFX Application Thread] DEBUG GameWorld            - Game world initialized
11:25:51.931 [JavaFX Application Thread] DEBUG PhysicsWorld         - Physics world initialized: appHeight=400, physics.ppm=50.0
11:25:51.945 [JavaFX Application Thread] DEBUG Input                - Registered new binding: Pause - Esc
11:25:51.959 [JavaFX Application Thread] DEBUG Input                - Clearing active input actions
11:25:51.991 [JavaFX Application Thread] DEBUG AppStateMachine      - StartupState -> StartupState
11:25:51.994 [JavaFX Application Thread] INFO  GameApplication      - Game configuration took:  0.377 sec
11:25:51.996 [JavaFX Application Thread] DEBUG AssetLoader          - Loading from disk: /assets/textures/fxgl_icon.png
11:25:52.007 [JavaFX Application Thread] DEBUG MainWindow           - Opening main window
11:25:52.078 [JavaFX Application Thread] DEBUG MainWindow           - Window border size: (14.66668701171875, 37.333343505859375)
11:25:52.078 [JavaFX Application Thread] DEBUG MainWindow           - Scaled size: 800.0 x 400.0
11:25:52.078 [JavaFX Application Thread] DEBUG MainWindow           - Scaled ratio: (1.0, 1.0)
11:25:52.078 [JavaFX Application Thread] DEBUG MainWindow           - Scene size: 800.0 x 400.0
11:25:52.079 [JavaFX Application Thread] DEBUG MainWindow           - Stage size: 814.6666870117188 x 437.3333435058594
11:25:52.079 [JavaFX Application Thread] DEBUG GameApplication      - Running preInit()
11:25:52.080 [JavaFX Application Thread] DEBUG Input                - Registered new binding: Screenshot - P
11:25:52.081 [JavaFX Application Thread] DEBUG Input                - Registered new binding: Dev Options - CTRL+0
11:25:52.081 [JavaFX Application Thread] DEBUG Input                - Registered new binding: System info dump - CTRL+9
11:25:52.082 [JavaFX Application Thread] DEBUG Input                - Registered new binding: Restart - CTRL+R
11:25:52.082 [JavaFX Application Thread] DEBUG Input                - Registered new binding: flap - Space
11:25:52.108 [JavaFX Application Thread] DEBUG GameApplication      - Starting main loop
11:25:52.114 [JavaFX Application Thread] DEBUG StartupState         - STARTUP
11:25:52.114 [JavaFX Application Thread] DEBUG GameApplication      - Starting new game
11:25:52.114 [JavaFX Application Thread] DEBUG Input                - Clearing active input actions
11:25:52.120 [JavaFX Application Thread] DEBUG AppStateMachine      - StartupState -> LoadingState
11:25:52.125 [FXGL Background Thread 1 ] DEBUG InitAppTask          - Clearing previous game
11:25:52.125 [FXGL Background Thread 1 ] DEBUG GameWorld            - Clearing game world
11:25:52.125 [FXGL Background Thread 1 ] DEBUG PhysicsWorld         - Clearing physics world
11:25:52.125 [FXGL Background Thread 1 ] DEBUG GameScene            - Clearing game scene
11:25:52.126 [FXGL Background Thread 1 ] DEBUG InitAppTask          - Initializing Game
11:25:52.150 [FXGL Background Thread 1 ] DEBUG AssetLoader          - Loading from disk: /assets/textures/FlappyPort/flappybird_fly_sheet.png
11:25:52.219 [FXGL Background Thread 1 ] DEBUG GameScene            - Creating render group for layer: DEFAULT(100000)
11:25:52.225 [FXGL Background Thread 1 ] DEBUG InitAppTask          - Initializing Physics
11:25:52.225 [FXGL Background Thread 1 ] DEBUG InitAppTask          - Initializing UI
11:25:52.225 [FXGL Background Thread 1 ] DEBUG AssetLoader          - Loading from disk: /assets/textures/FlappyPort/background.png
11:25:52.229 [FXGL Background Thread 1 ] DEBUG InitAppTask          - Initialization Complete
11:25:52.229 [FXGL Background Thread 1 ] INFO  InitAppTask          - Game initialization took: 0.104 sec
11:25:52.237 [JavaFX Application Thread] DEBUG Input                - Clearing active input actions
11:25:52.242 [JavaFX Application Thread] DEBUG AppStateMachine      - LoadingState -> PlayState
11:25:53.176 [JavaFX Application Thread] DEBUG Input                - Mocking key release: Space
11:25:53.340 [JavaFX Application Thread] DEBUG Input                - Mocking key release: Space
11:25:53.525 [JavaFX Application Thread] DEBUG Input                - Mocking key release: Space
11:25:53.673 [JavaFX Application Thread] DEBUG Input                - Mocking key release: Space
11:25:53.852 [JavaFX Application Thread] DEBUG Input                - Mocking key release: Space
11:25:53.989 [JavaFX Application Thread] DEBUG Input                - Mocking key release: Space
11:25:54.208 [JavaFX Application Thread] DEBUG Input                - Mocking key release: Space
11:25:54.339 [JavaFX Application Thread] DEBUG Input                - Mocking key release: Space
11:25:54.446 [JavaFX Application Thread] DEBUG Input                - Mocking key release: Space
11:25:54.572 [JavaFX Application Thread] DEBUG Input                - Mocking key release: Space
11:25:54.695 [JavaFX Application Thread] DEBUG Input                - Mocking key release: Space
11:25:54.822 [JavaFX Application Thread] DEBUG Input                - Mocking key release: Space
11:25:54.939 [JavaFX Application Thread] DEBUG Input                - Mocking key release: Space
11:25:55.044 [JavaFX Application Thread] DEBUG Input                - Mocking key release: Space
11:25:55.148 [JavaFX Application Thread] DEBUG Input                - Mocking key release: Space
11:25:55.272 [JavaFX Application Thread] DEBUG Input                - Mocking key release: Space
11:25:55.378 [JavaFX Application Thread] DEBUG Input                - Mocking key release: Space
11:25:55.477 [JavaFX Application Thread] DEBUG Input                - Mocking key release: Space
11:25:55.605 [JavaFX Application Thread] DEBUG Input                - Mocking key release: Space
11:25:55.723 [JavaFX Application Thread] DEBUG Input                - Mocking key release: Space
11:25:56.591 [JavaFX Application Thread] DEBUG Input                - Mocking key release: Space
11:25:57.338 [JavaFX Application Thread] DEBUG Input                - Mocking key release: Space
11:25:57.833 [JavaFX Application Thread] DEBUG Input                - Mocking key release: Space
11:25:58.205 [JavaFX Application Thread] DEBUG Input                - Mocking key release: Space
11:25:58.357 [JavaFX Application Thread] DEBUG Input                - Mocking key release: Space
11:25:58.641 [JavaFX Application Thread] DEBUG Input                - Mocking key release: Space
11:25:58.713 [JavaFX Application Thread] DEBUG Input                - Mocking key release: Space
11:25:58.857 [JavaFX Application Thread] DEBUG Input                - Mocking key release: Space
11:25:59.737 [JavaFX Application Thread] DEBUG Input                - Mocking key release: Space
11:26:00.471 [JavaFX Application Thread] DEBUG Input                - Mocking key release: Space
11:26:01.207 [JavaFX Application Thread] DEBUG Input                - Mocking key release: Space
11:26:01.770 [JavaFX Application Thread] DEBUG Input                - Mocking key release: Space
11:26:01.957 [JavaFX Application Thread] DEBUG Input                - Mocking key release: Space
11:26:02.104 [JavaFX Application Thread] DEBUG Input                - Mocking key release: Space
11:26:02.236 [JavaFX Application Thread] DEBUG Input                - Mocking key release: Space
11:26:02.348 [JavaFX Application Thread] DEBUG Input                - Mocking key release: Space
11:26:02.903 [JavaFX Application Thread] DEBUG Input                - Mocking key release: Space
11:26:03.195 [JavaFX Application Thread] DEBUG Input                - Mocking key release: Space
11:26:03.352 [JavaFX Application Thread] DEBUG Input                - Mocking key release: Space
11:26:03.470 [JavaFX Application Thread] DEBUG Input                - Mocking key release: Space
11:26:04.541 [JavaFX Application Thread] DEBUG Input                - Mocking key release: Space
11:26:05.218 [JavaFX Application Thread] DEBUG Input                - Mocking key release: Space
11:26:05.870 [JavaFX Application Thread] DEBUG Input                - Mocking key release: Space
11:26:06.517 [JavaFX Application Thread] DEBUG Input                - Mocking key release: Space
11:26:07.207 [JavaFX Application Thread] DEBUG Input                - Mocking key release: Space
11:26:07.417 [JavaFX Application Thread] DEBUG Input                - Mocking key release: Space
11:26:07.516 [JavaFX Application Thread] DEBUG Input                - Mocking key release: Space
11:26:07.771 [JavaFX Application Thread] DEBUG Input                - Mocking key release: Space
11:26:07.959 [JavaFX Application Thread] DEBUG Input                - Mocking key release: Space
11:26:08.087 [JavaFX Application Thread] DEBUG Input                - Mocking key release: Space
11:26:08.216 [JavaFX Application Thread] DEBUG Input                - Mocking key release: Space
11:26:08.992 [JavaFX Application Thread] DEBUG GameApplication      - Exiting game application
11:26:08.992 [JavaFX Application Thread] DEBUG GameApplication      - Shutting down background threads
11:26:08.993 [JavaFX Application Thread] DEBUG GameApplication      - Exiting FXGL
11:26:08.993 [JavaFX Application Thread] DEBUG FXGL                 - Saving FXGL system data
11:26:08.995 [JavaFX Application Thread] DEBUG DesktopFSService     - Writing to: system\fxgl.bundle
11:26:08.998 [JavaFX Application Thread] DEBUG GameApplication      - Closing logger and exiting JavaFX
