09:19:20.548 [JavaFX Application Thread] DEBUG GameApplication      - Logger initialized
09:19:20.554 [JavaFX Application Thread] DEBUG MainWindow           - Creating a JavaFX scene
09:19:20.626 [JavaFX Application Thread] DEBUG MainWindow           - Target settings size: 800.0 x 600.0
09:19:20.626 [JavaFX Application Thread] DEBUG MainWindow           - Scaled scene size:    800.0 x 600.0
09:19:20.626 [JavaFX Application Thread] DEBUG MainWindow           - Scaled ratio: (1.0, 1.0)
09:19:20.631 [JavaFX Application Thread] DEBUG GameApplication      - Starting FXGL
09:19:20.641 [JavaFX Application Thread] INFO  FXGL                 - FXGL-0.5.1 on DESKTOP
09:19:20.641 [JavaFX Application Thread] INFO  FXGL                 - Source code and latest versions at: https://github.com/AlmasB/FXGL
09:19:20.641 [JavaFX Application Thread] INFO  FXGL                 -              Join the FXGL chat at: https://gitter.im/AlmasB/FXGL
09:19:20.647 [JavaFX Application Thread] DEBUG FS                   - Loaded DesktopFSService
09:19:20.647 [JavaFX Application Thread] DEBUG FXGL                 - Loading FXGL system data
09:19:20.654 [JavaFX Application Thread] DEBUG DesktopFSService     - Reading from: system\fxgl.bundle
09:19:20.661 [JavaFX Application Thread] DEBUG Bundle               - Logging bundle: FXGL
09:19:20.661 [JavaFX Application Thread] DEBUG Bundle               - FXGL.offline.timer.version.check=2018-05-24T09:09:49.283
09:19:20.683 [JavaFX Application Thread] DEBUG GameApplication      - FXGL started
09:19:20.683 [JavaFX Application Thread] DEBUG GameApplication      - Logging game settings
Title: Physics Demo
Version: 
Width: 800
Height: 600
Fullscreen: false
Intro: false
Menus: false
Profiling: false
Single step:false
App Mode: DEVELOPER
Menu Key: ESCAPE
Stage Style: DECORATED
Scene Factory: class com.almasb.fxgl.scene.SceneFactory
Dialog Factory: class com.almasb.fxgl.ui.FXGLDialogFactory
UI Factory: class com.almasb.fxgl.ui.FXGLUIFactory
Notification Service: class com.almasb.fxgl.gameplay.notification.XboxNotificationView
Exception Handler: class com.almasb.fxgl.app.FXGLExceptionHandler
09:19:20.684 [JavaFX Application Thread] DEBUG GameApplication      - Configuring GameApplication
09:19:20.684 [JavaFX Application Thread] DEBUG GameApplication      - Initializing state machine and application states
09:19:20.696 [JavaFX Application Thread] DEBUG AssetLoader          - Loading from disk: /assets/ui/cursors/fxgl_default.png
09:19:20.714 [JavaFX Application Thread] DEBUG AssetLoader          - Loading from disk: /assets/ui/cursors/fxgl_default.png
09:19:20.731 [JavaFX Application Thread] DEBUG FXGLAssets           - Loading FXGLAssets
09:19:20.755 [JavaFX Application Thread] DEBUG AssetLoader          - Loading from disk: /assets/ui/fonts/VarelaRound-Regular.ttf
09:19:20.882 [JavaFX Application Thread] DEBUG AssetLoader          - Loading from disk: /assets/ui/fonts/lucida_console.ttf
09:19:20.891 [JavaFX Application Thread] DEBUG AssetLoader          - Loading from disk: /assets/ui/css/fxgl_dark.css
09:19:20.914 [JavaFX Application Thread] DEBUG AssetLoader          - Loading from disk: /assets/ui/cursors/fxgl_default.png
09:19:20.939 [JavaFX Application Thread] DEBUG AssetLoader          - Loading from disk: /assets/ui/cursors/fxgl_default.png
09:19:20.952 [JavaFX Application Thread] DEBUG GameScene            - Game scene initialized: 800x600
09:19:20.955 [JavaFX Application Thread] DEBUG GameWorld            - Game world initialized
09:19:20.991 [JavaFX Application Thread] DEBUG PhysicsWorld         - Physics world initialized: appHeight=600, physics.ppm=50.0
09:19:21.006 [JavaFX Application Thread] DEBUG Input                - Registered new binding: Pause - Esc
09:19:21.021 [JavaFX Application Thread] DEBUG Input                - Clearing active input actions
09:19:21.051 [JavaFX Application Thread] DEBUG AppStateMachine      - StartupState -> StartupState
09:19:21.055 [JavaFX Application Thread] INFO  GameApplication      - Game configuration took:  0.371 sec
09:19:21.057 [JavaFX Application Thread] DEBUG AssetLoader          - Loading from disk: /assets/textures/fxgl_icon.png
09:19:21.067 [JavaFX Application Thread] DEBUG MainWindow           - Opening main window
09:19:21.202 [JavaFX Application Thread] DEBUG MainWindow           - Window border size: (4.0, 26.66668701171875)
09:19:21.202 [JavaFX Application Thread] DEBUG MainWindow           - Scaled size: 800.0 x 600.0
09:19:21.202 [JavaFX Application Thread] DEBUG MainWindow           - Scaled ratio: (1.0, 1.0)
09:19:21.202 [JavaFX Application Thread] DEBUG MainWindow           - Scene size: 800.0 x 600.0
09:19:21.202 [JavaFX Application Thread] DEBUG MainWindow           - Stage size: 804.0 x 626.6666870117188
09:19:21.202 [JavaFX Application Thread] DEBUG GameApplication      - Running preInit()
09:19:21.204 [JavaFX Application Thread] DEBUG Input                - Registered new binding: Screenshot - P
09:19:21.204 [JavaFX Application Thread] DEBUG Input                - Registered new binding: Dev Options - CTRL+0
09:19:21.205 [JavaFX Application Thread] DEBUG Input                - Registered new binding: System info dump - CTRL+9
09:19:21.205 [JavaFX Application Thread] DEBUG Input                - Registered new binding: Restart - CTRL+R
09:19:21.234 [JavaFX Application Thread] DEBUG GameApplication      - Starting main loop
09:19:21.235 [JavaFX Application Thread] DEBUG StartupState         - STARTUP
09:19:21.235 [JavaFX Application Thread] DEBUG GameApplication      - Starting new game
09:19:21.235 [JavaFX Application Thread] DEBUG Input                - Clearing active input actions
09:19:21.241 [JavaFX Application Thread] DEBUG AppStateMachine      - StartupState -> LoadingState
09:19:21.246 [FXGL Background Thread 1 ] DEBUG InitAppTask          - Clearing previous game
09:19:21.246 [FXGL Background Thread 1 ] DEBUG GameWorld            - Clearing game world
09:19:21.246 [FXGL Background Thread 1 ] DEBUG PhysicsWorld         - Clearing physics world
09:19:21.247 [FXGL Background Thread 1 ] DEBUG GameScene            - Clearing game scene
09:19:21.248 [FXGL Background Thread 1 ] DEBUG InitAppTask          - Initializing Game
09:19:21.334 [FXGL Background Thread 1 ] DEBUG GameScene            - Creating render group for layer: DEFAULT(100000)
09:19:21.338 [FXGL Background Thread 1 ] DEBUG InitAppTask          - Initializing Physics
09:19:21.339 [FXGL Background Thread 1 ] DEBUG InitAppTask          - Initializing UI
09:19:21.339 [FXGL Background Thread 1 ] DEBUG InitAppTask          - Initialization Complete
09:19:21.339 [FXGL Background Thread 1 ] INFO  InitAppTask          - Game initialization took: 0.094 sec
09:19:21.343 [JavaFX Application Thread] DEBUG Input                - Clearing active input actions
09:19:21.348 [JavaFX Application Thread] DEBUG AppStateMachine      - LoadingState -> PlayState
09:19:44.094 [JavaFX Application Thread] DEBUG GameApplication      - Exiting game application
09:19:44.095 [JavaFX Application Thread] DEBUG GameApplication      - Shutting down background threads
09:19:44.095 [JavaFX Application Thread] DEBUG GameApplication      - Exiting FXGL
09:19:44.096 [JavaFX Application Thread] DEBUG FXGL                 - Saving FXGL system data
09:19:44.097 [JavaFX Application Thread] DEBUG DesktopFSService     - Writing to: system\fxgl.bundle
09:19:44.101 [JavaFX Application Thread] DEBUG GameApplication      - Closing logger and exiting JavaFX
