10:56:48.791 [JavaFX Application Thread] DEBUG GameApplication      - Logger initialized
10:56:48.801 [JavaFX Application Thread] DEBUG MainWindow           - Creating a JavaFX scene
10:56:48.906 [JavaFX Application Thread] DEBUG MainWindow           - Target settings size: 700.0 x 490.0
10:56:48.907 [JavaFX Application Thread] DEBUG MainWindow           - Scaled scene size:    700.0 x 490.0
10:56:48.907 [JavaFX Application Thread] DEBUG MainWindow           - Scaled ratio: (1.0, 1.0)
10:56:48.912 [JavaFX Application Thread] DEBUG GameApplication      - Starting FXGL
10:56:48.923 [JavaFX Application Thread] INFO  FXGL                 - FXGL-0.5.1 on DESKTOP
10:56:48.923 [JavaFX Application Thread] INFO  FXGL                 - Source code and latest versions at: https://github.com/AlmasB/FXGL
10:56:48.923 [JavaFX Application Thread] INFO  FXGL                 -              Join the FXGL chat at: https://gitter.im/AlmasB/FXGL
10:56:48.929 [JavaFX Application Thread] DEBUG FS                   - Loaded DesktopFSService
10:56:48.929 [JavaFX Application Thread] DEBUG FXGL                 - Loading FXGL system data
10:56:48.936 [JavaFX Application Thread] DEBUG DesktopFSService     - Reading from: system\fxgl.bundle
10:56:48.943 [JavaFX Application Thread] DEBUG Bundle               - Logging bundle: FXGL
10:56:48.944 [JavaFX Application Thread] DEBUG Bundle               - FXGL.offline.timer.version.check=2018-05-24T09:09:49.283
10:56:48.968 [JavaFX Application Thread] DEBUG GameApplication      - FXGL started
10:56:48.969 [JavaFX Application Thread] DEBUG GameApplication      - Logging game settings
Title: Platformer
Version: 
Width: 700
Height: 490
Fullscreen: false
Intro: false
Menus: false
Profiling: false
Single step:false
App Mode: DEVELOPER
Menu Key: ESCAPE
Stage Style: DECORATED
Scene Factory: class com.almasb.fxgl.scene.SceneFactory
Dialog Factory: class com.almasb.fxgl.ui.FXGLDialogFactory
UI Factory: class com.almasb.fxgl.ui.FXGLUIFactory
Notification Service: class com.almasb.fxgl.gameplay.notification.XboxNotificationView
Exception Handler: class com.almasb.fxgl.app.FXGLExceptionHandler
10:56:48.969 [JavaFX Application Thread] DEBUG GameApplication      - Configuring GameApplication
10:56:48.969 [JavaFX Application Thread] DEBUG GameApplication      - Initializing state machine and application states
10:56:48.981 [JavaFX Application Thread] DEBUG AssetLoader          - Loading from disk: /assets/ui/cursors/fxgl_default.png
10:56:48.998 [JavaFX Application Thread] DEBUG AssetLoader          - Loading from disk: /assets/ui/cursors/fxgl_default.png
10:56:49.017 [JavaFX Application Thread] DEBUG FXGLAssets           - Loading FXGLAssets
10:56:49.042 [JavaFX Application Thread] DEBUG AssetLoader          - Loading from disk: /assets/ui/fonts/VarelaRound-Regular.ttf
10:56:49.162 [JavaFX Application Thread] DEBUG AssetLoader          - Loading from disk: /assets/ui/fonts/lucida_console.ttf
10:56:49.171 [JavaFX Application Thread] DEBUG AssetLoader          - Loading from disk: /assets/ui/css/fxgl_dark.css
10:56:49.194 [JavaFX Application Thread] DEBUG AssetLoader          - Loading from disk: /assets/ui/cursors/fxgl_default.png
10:56:49.219 [JavaFX Application Thread] DEBUG AssetLoader          - Loading from disk: /assets/ui/cursors/fxgl_default.png
10:56:49.233 [JavaFX Application Thread] DEBUG GameScene            - Game scene initialized: 700x490
10:56:49.236 [JavaFX Application Thread] DEBUG GameWorld            - Game world initialized
10:56:49.273 [JavaFX Application Thread] DEBUG PhysicsWorld         - Physics world initialized: appHeight=490, physics.ppm=50.0
10:56:49.287 [JavaFX Application Thread] DEBUG Input                - Registered new binding: Pause - Esc
10:56:49.302 [JavaFX Application Thread] DEBUG Input                - Clearing active input actions
10:56:49.336 [JavaFX Application Thread] DEBUG AppStateMachine      - StartupState -> StartupState
10:56:49.339 [JavaFX Application Thread] INFO  GameApplication      - Game configuration took:  0.369 sec
10:56:49.341 [JavaFX Application Thread] DEBUG AssetLoader          - Loading from disk: /assets/textures/fxgl_icon.png
10:56:49.355 [JavaFX Application Thread] DEBUG MainWindow           - Opening main window
10:56:49.492 [JavaFX Application Thread] DEBUG MainWindow           - Window border size: (4.0, 26.66668701171875)
10:56:49.492 [JavaFX Application Thread] DEBUG MainWindow           - Scaled size: 700.0 x 490.0
10:56:49.492 [JavaFX Application Thread] DEBUG MainWindow           - Scaled ratio: (1.0, 1.0)
10:56:49.492 [JavaFX Application Thread] DEBUG MainWindow           - Scene size: 700.0 x 490.0
10:56:49.492 [JavaFX Application Thread] DEBUG MainWindow           - Stage size: 704.0 x 516.6666870117188
10:56:49.493 [JavaFX Application Thread] DEBUG GameApplication      - Running preInit()
10:56:49.494 [JavaFX Application Thread] DEBUG Input                - Registered new binding: Screenshot - P
10:56:49.494 [JavaFX Application Thread] DEBUG Input                - Registered new binding: Dev Options - CTRL+0
10:56:49.495 [JavaFX Application Thread] DEBUG Input                - Registered new binding: System info dump - CTRL+9
10:56:49.495 [JavaFX Application Thread] DEBUG Input                - Registered new binding: Restart - CTRL+R
10:56:49.497 [JavaFX Application Thread] DEBUG AssetLoader          - Loading from disk: /assets/textures/Platformer/run_sheet.png
10:56:49.528 [JavaFX Application Thread] DEBUG AssetLoader          - Loading from disk: /assets/textures/Platformer/stand_sheet.png
10:56:49.534 [JavaFX Application Thread] DEBUG Input                - Registered new binding: run_right - Right
10:56:49.534 [JavaFX Application Thread] DEBUG Input                - Registered new binding: run_left - Left
10:56:49.534 [JavaFX Application Thread] DEBUG Input                - Registered new binding: jump - Up
10:56:49.568 [JavaFX Application Thread] DEBUG GameApplication      - Starting main loop
10:56:49.570 [JavaFX Application Thread] DEBUG StartupState         - STARTUP
10:56:49.570 [JavaFX Application Thread] DEBUG GameApplication      - Starting new game
10:56:49.570 [JavaFX Application Thread] DEBUG Input                - Clearing active input actions
10:56:49.577 [JavaFX Application Thread] DEBUG AppStateMachine      - StartupState -> LoadingState
10:56:49.582 [FXGL Background Thread 1 ] DEBUG InitAppTask          - Clearing previous game
10:56:49.582 [FXGL Background Thread 1 ] DEBUG GameWorld            - Clearing game world
10:56:49.582 [FXGL Background Thread 1 ] DEBUG PhysicsWorld         - Clearing physics world
10:56:49.582 [FXGL Background Thread 1 ] DEBUG GameScene            - Clearing game scene
10:56:49.583 [FXGL Background Thread 1 ] DEBUG InitAppTask          - Initializing Game
10:56:49.601 [FXGL Background Thread 1 ] DEBUG AssetLoader          - Loading from disk: /assets/tmx/platformer_map_1.tmx
10:56:49.623 [FXGL Background Thread 1 ] WARN  TMXParser            - TiledMap generated from 1.1.5. Supported version: 1.1.2. Some features may not be parsed fully.
10:56:49.643 [FXGL Background Thread 1 ] DEBUG GameWorld            - Clearing removable entities
10:56:49.643 [FXGL Background Thread 1 ] DEBUG GameWorld            - Setting level from map
10:56:49.663 [FXGL Background Thread 1 ] DEBUG AssetLoader          - Loading from disk: /assets/textures/map_tiles.png
10:56:49.676 [FXGL Background Thread 1 ] DEBUG AssetLoader          - Loading from cache: /assets/textures/map_tiles.png
10:56:49.676 [FXGL Background Thread 1 ] DEBUG AssetLoader          - Loading from cache: /assets/textures/map_tiles.png
10:56:49.677 [FXGL Background Thread 1 ] DEBUG AssetLoader          - Loading from cache: /assets/textures/map_tiles.png
10:56:49.677 [FXGL Background Thread 1 ] DEBUG AssetLoader          - Loading from cache: /assets/textures/map_tiles.png
10:56:49.677 [FXGL Background Thread 1 ] DEBUG AssetLoader          - Loading from cache: /assets/textures/map_tiles.png
10:56:49.677 [FXGL Background Thread 1 ] DEBUG AssetLoader          - Loading from cache: /assets/textures/map_tiles.png
10:56:49.677 [FXGL Background Thread 1 ] DEBUG AssetLoader          - Loading from cache: /assets/textures/map_tiles.png
10:56:49.677 [FXGL Background Thread 1 ] DEBUG AssetLoader          - Loading from cache: /assets/textures/map_tiles.png
10:56:49.678 [FXGL Background Thread 1 ] DEBUG AssetLoader          - Loading from cache: /assets/textures/map_tiles.png
10:56:49.678 [FXGL Background Thread 1 ] DEBUG AssetLoader          - Loading from cache: /assets/textures/map_tiles.png
10:56:49.678 [FXGL Background Thread 1 ] DEBUG AssetLoader          - Loading from cache: /assets/textures/map_tiles.png
10:56:49.678 [FXGL Background Thread 1 ] DEBUG AssetLoader          - Loading from cache: /assets/textures/map_tiles.png
10:56:49.678 [FXGL Background Thread 1 ] DEBUG AssetLoader          - Loading from cache: /assets/textures/map_tiles.png
10:56:49.678 [FXGL Background Thread 1 ] DEBUG AssetLoader          - Loading from cache: /assets/textures/map_tiles.png
10:56:49.678 [FXGL Background Thread 1 ] DEBUG AssetLoader          - Loading from cache: /assets/textures/map_tiles.png
10:56:49.679 [FXGL Background Thread 1 ] DEBUG AssetLoader          - Loading from cache: /assets/textures/map_tiles.png
10:56:49.679 [FXGL Background Thread 1 ] DEBUG AssetLoader          - Loading from cache: /assets/textures/map_tiles.png
10:56:49.679 [FXGL Background Thread 1 ] DEBUG AssetLoader          - Loading from cache: /assets/textures/map_tiles.png
10:56:49.679 [FXGL Background Thread 1 ] DEBUG AssetLoader          - Loading from cache: /assets/textures/map_tiles.png
10:56:49.679 [FXGL Background Thread 1 ] DEBUG AssetLoader          - Loading from cache: /assets/textures/map_tiles.png
10:56:49.679 [FXGL Background Thread 1 ] DEBUG AssetLoader          - Loading from cache: /assets/textures/map_tiles.png
10:56:49.679 [FXGL Background Thread 1 ] DEBUG AssetLoader          - Loading from cache: /assets/textures/map_tiles.png
10:56:49.680 [FXGL Background Thread 1 ] DEBUG AssetLoader          - Loading from cache: /assets/textures/map_tiles.png
10:56:49.680 [FXGL Background Thread 1 ] DEBUG AssetLoader          - Loading from cache: /assets/textures/map_tiles.png
10:56:49.680 [FXGL Background Thread 1 ] DEBUG AssetLoader          - Loading from cache: /assets/textures/map_tiles.png
10:56:49.680 [FXGL Background Thread 1 ] DEBUG AssetLoader          - Loading from cache: /assets/textures/map_tiles.png
10:56:49.680 [FXGL Background Thread 1 ] DEBUG AssetLoader          - Loading from cache: /assets/textures/map_tiles.png
10:56:49.680 [FXGL Background Thread 1 ] DEBUG AssetLoader          - Loading from cache: /assets/textures/map_tiles.png
10:56:49.680 [FXGL Background Thread 1 ] DEBUG AssetLoader          - Loading from cache: /assets/textures/map_tiles.png
10:56:49.680 [FXGL Background Thread 1 ] DEBUG AssetLoader          - Loading from cache: /assets/textures/map_tiles.png
10:56:49.681 [FXGL Background Thread 1 ] DEBUG AssetLoader          - Loading from cache: /assets/textures/map_tiles.png
10:56:49.681 [FXGL Background Thread 1 ] DEBUG AssetLoader          - Loading from cache: /assets/textures/map_tiles.png
10:56:49.681 [FXGL Background Thread 1 ] DEBUG AssetLoader          - Loading from cache: /assets/textures/map_tiles.png
10:56:49.681 [FXGL Background Thread 1 ] DEBUG AssetLoader          - Loading from cache: /assets/textures/map_tiles.png
10:56:49.681 [FXGL Background Thread 1 ] DEBUG AssetLoader          - Loading from cache: /assets/textures/map_tiles.png
10:56:49.681 [FXGL Background Thread 1 ] DEBUG AssetLoader          - Loading from cache: /assets/textures/map_tiles.png
10:56:49.681 [FXGL Background Thread 1 ] DEBUG AssetLoader          - Loading from cache: /assets/textures/map_tiles.png
10:56:49.682 [FXGL Background Thread 1 ] DEBUG AssetLoader          - Loading from cache: /assets/textures/map_tiles.png
10:56:49.682 [FXGL Background Thread 1 ] DEBUG AssetLoader          - Loading from cache: /assets/textures/map_tiles.png
10:56:49.682 [FXGL Background Thread 1 ] DEBUG AssetLoader          - Loading from cache: /assets/textures/map_tiles.png
10:56:49.682 [FXGL Background Thread 1 ] DEBUG AssetLoader          - Loading from cache: /assets/textures/map_tiles.png
10:56:49.682 [FXGL Background Thread 1 ] DEBUG AssetLoader          - Loading from cache: /assets/textures/map_tiles.png
10:56:49.682 [FXGL Background Thread 1 ] DEBUG AssetLoader          - Loading from cache: /assets/textures/map_tiles.png
10:56:49.682 [FXGL Background Thread 1 ] DEBUG AssetLoader          - Loading from cache: /assets/textures/map_tiles.png
10:56:49.682 [FXGL Background Thread 1 ] DEBUG AssetLoader          - Loading from cache: /assets/textures/map_tiles.png
10:56:49.683 [FXGL Background Thread 1 ] DEBUG AssetLoader          - Loading from cache: /assets/textures/map_tiles.png
10:56:49.683 [FXGL Background Thread 1 ] DEBUG AssetLoader          - Loading from cache: /assets/textures/map_tiles.png
10:56:49.683 [FXGL Background Thread 1 ] DEBUG AssetLoader          - Loading from cache: /assets/textures/map_tiles.png
10:56:49.683 [FXGL Background Thread 1 ] DEBUG AssetLoader          - Loading from cache: /assets/textures/map_tiles.png
10:56:49.683 [FXGL Background Thread 1 ] DEBUG AssetLoader          - Loading from cache: /assets/textures/map_tiles.png
10:56:49.683 [FXGL Background Thread 1 ] DEBUG AssetLoader          - Loading from cache: /assets/textures/map_tiles.png
10:56:49.683 [FXGL Background Thread 1 ] DEBUG AssetLoader          - Loading from cache: /assets/textures/map_tiles.png
10:56:49.683 [FXGL Background Thread 1 ] DEBUG AssetLoader          - Loading from cache: /assets/textures/map_tiles.png
10:56:49.684 [FXGL Background Thread 1 ] DEBUG AssetLoader          - Loading from cache: /assets/textures/map_tiles.png
10:56:49.684 [FXGL Background Thread 1 ] DEBUG AssetLoader          - Loading from cache: /assets/textures/map_tiles.png
10:56:49.684 [FXGL Background Thread 1 ] DEBUG AssetLoader          - Loading from cache: /assets/textures/map_tiles.png
10:56:49.684 [FXGL Background Thread 1 ] DEBUG AssetLoader          - Loading from cache: /assets/textures/map_tiles.png
10:56:49.684 [FXGL Background Thread 1 ] DEBUG AssetLoader          - Loading from cache: /assets/textures/map_tiles.png
10:56:49.684 [FXGL Background Thread 1 ] DEBUG AssetLoader          - Loading from cache: /assets/textures/map_tiles.png
10:56:49.685 [FXGL Background Thread 1 ] DEBUG AssetLoader          - Loading from cache: /assets/textures/map_tiles.png
10:56:49.685 [FXGL Background Thread 1 ] DEBUG AssetLoader          - Loading from cache: /assets/textures/map_tiles.png
10:56:49.685 [FXGL Background Thread 1 ] DEBUG AssetLoader          - Loading from cache: /assets/textures/map_tiles.png
10:56:49.687 [FXGL Background Thread 1 ] DEBUG GameScene            - Creating render group for layer: BACKGROUND(1000)
10:56:49.732 [FXGL Background Thread 1 ] DEBUG GameScene            - Creating render group for layer: DEFAULT(100000)
10:56:49.748 [FXGL Background Thread 1 ] DEBUG AssetLoader          - Loading from cache: /assets/textures/Platformer/stand_sheet.png
10:56:49.750 [FXGL Background Thread 1 ] DEBUG InitAppTask          - Initializing Physics
10:56:49.750 [FXGL Background Thread 1 ] DEBUG InitAppTask          - Initializing UI
10:56:49.750 [FXGL Background Thread 1 ] DEBUG InitAppTask          - Initialization Complete
10:56:49.750 [FXGL Background Thread 1 ] INFO  InitAppTask          - Game initialization took: 0.168 sec
10:56:49.760 [JavaFX Application Thread] DEBUG Input                - Clearing active input actions
10:56:49.766 [JavaFX Application Thread] DEBUG AppStateMachine      - LoadingState -> PlayState
10:57:07.305 [JavaFX Application Thread] DEBUG GameApplication      - Exiting game application
10:57:07.306 [JavaFX Application Thread] DEBUG GameApplication      - Shutting down background threads
10:57:07.306 [JavaFX Application Thread] DEBUG GameApplication      - Exiting FXGL
10:57:07.306 [JavaFX Application Thread] DEBUG FXGL                 - Saving FXGL system data
10:57:07.308 [JavaFX Application Thread] DEBUG DesktopFSService     - Writing to: system\fxgl.bundle
10:57:07.311 [JavaFX Application Thread] DEBUG GameApplication      - Closing logger and exiting JavaFX
