12:54:50.566 [JavaFX Application Thread] DEBUG GameApplication      - Logger initialized
12:54:50.574 [JavaFX Application Thread] DEBUG MainWindow           - Creating a JavaFX scene
12:54:50.574 [JavaFX Application Thread] DEBUG MainWindow           - Target size > screen size
12:54:50.653 [JavaFX Application Thread] DEBUG MainWindow           - Target settings size: 1400.0 x 1050.0
12:54:50.653 [JavaFX Application Thread] DEBUG MainWindow           - Scaled scene size:    881.0 x 679.0
12:54:50.653 [JavaFX Application Thread] DEBUG MainWindow           - Scaled ratio: (0.6292857142857143, 0.6466666666666666)
12:54:50.658 [JavaFX Application Thread] DEBUG GameApplication      - Starting FXGL
12:54:50.668 [JavaFX Application Thread] INFO  FXGL                 - FXGL-0.5.1 on DESKTOP
12:54:50.669 [JavaFX Application Thread] INFO  FXGL                 - Source code and latest versions at: https://github.com/AlmasB/FXGL
12:54:50.669 [JavaFX Application Thread] INFO  FXGL                 -              Join the FXGL chat at: https://gitter.im/AlmasB/FXGL
12:54:50.675 [JavaFX Application Thread] DEBUG FS                   - Loaded DesktopFSService
12:54:50.675 [JavaFX Application Thread] DEBUG FXGL                 - Loading FXGL system data
12:54:50.683 [JavaFX Application Thread] DEBUG DesktopFSService     - Reading from: system\fxgl.bundle
12:54:50.690 [JavaFX Application Thread] DEBUG Bundle               - Logging bundle: FXGL
12:54:50.691 [JavaFX Application Thread] DEBUG Bundle               - FXGL.offline.timer.version.check=2018-05-24T09:09:49.283
12:54:50.715 [JavaFX Application Thread] DEBUG GameApplication      - FXGL started
12:54:50.715 [JavaFX Application Thread] DEBUG GameApplication      - Logging game settings
Title: Platformer
Version: 
Width: 1400
Height: 1050
Fullscreen: false
Intro: false
Menus: false
Profiling: false
Single step:false
App Mode: DEVELOPER
Menu Key: ESCAPE
Stage Style: DECORATED
Scene Factory: class com.almasb.fxgl.scene.SceneFactory
Dialog Factory: class com.almasb.fxgl.ui.FXGLDialogFactory
UI Factory: class com.almasb.fxgl.ui.FXGLUIFactory
Notification Service: class com.almasb.fxgl.gameplay.notification.XboxNotificationView
Exception Handler: class com.almasb.fxgl.app.FXGLExceptionHandler
12:54:50.716 [JavaFX Application Thread] DEBUG GameApplication      - Configuring GameApplication
12:54:50.716 [JavaFX Application Thread] DEBUG GameApplication      - Initializing state machine and application states
12:54:50.729 [JavaFX Application Thread] DEBUG AssetLoader          - Loading from disk: /assets/ui/cursors/fxgl_default.png
12:54:50.747 [JavaFX Application Thread] DEBUG AssetLoader          - Loading from disk: /assets/ui/cursors/fxgl_default.png
12:54:50.766 [JavaFX Application Thread] DEBUG FXGLAssets           - Loading FXGLAssets
12:54:50.789 [JavaFX Application Thread] DEBUG AssetLoader          - Loading from disk: /assets/ui/fonts/VarelaRound-Regular.ttf
12:54:50.910 [JavaFX Application Thread] DEBUG AssetLoader          - Loading from disk: /assets/ui/fonts/lucida_console.ttf
12:54:50.919 [JavaFX Application Thread] DEBUG AssetLoader          - Loading from disk: /assets/ui/css/fxgl_dark.css
12:54:50.942 [JavaFX Application Thread] DEBUG AssetLoader          - Loading from disk: /assets/ui/cursors/fxgl_default.png
12:54:50.967 [JavaFX Application Thread] DEBUG AssetLoader          - Loading from disk: /assets/ui/cursors/fxgl_default.png
12:54:50.980 [JavaFX Application Thread] DEBUG GameScene            - Game scene initialized: 1400x1050
12:54:50.983 [JavaFX Application Thread] DEBUG GameWorld            - Game world initialized
12:54:51.019 [JavaFX Application Thread] DEBUG PhysicsWorld         - Physics world initialized: appHeight=1050, physics.ppm=50.0
12:54:51.033 [JavaFX Application Thread] DEBUG Input                - Registered new binding: Pause - Esc
12:54:51.047 [JavaFX Application Thread] DEBUG Input                - Clearing active input actions
12:54:51.078 [JavaFX Application Thread] DEBUG AppStateMachine      - StartupState -> StartupState
12:54:51.081 [JavaFX Application Thread] INFO  GameApplication      - Game configuration took:  0.365 sec
12:54:51.083 [JavaFX Application Thread] DEBUG AssetLoader          - Loading from disk: /assets/textures/fxgl_icon.png
12:54:51.096 [JavaFX Application Thread] DEBUG MainWindow           - Opening main window
12:54:51.239 [JavaFX Application Thread] DEBUG MainWindow           - Window border size: (4.33331298828125, 27.0)
12:54:51.239 [JavaFX Application Thread] DEBUG MainWindow           - Scaled size: 881.0 x 679.0
12:54:51.239 [JavaFX Application Thread] DEBUG MainWindow           - Scaled ratio: (0.6292857142857143, 0.6466666666666666)
12:54:51.239 [JavaFX Application Thread] DEBUG MainWindow           - Scene size: 881.3333129882812 x 679.3333129882812
12:54:51.239 [JavaFX Application Thread] DEBUG MainWindow           - Stage size: 885.3333129882812 x 706.0
12:54:51.240 [JavaFX Application Thread] DEBUG GameApplication      - Running preInit()
12:54:51.241 [JavaFX Application Thread] DEBUG Input                - Registered new binding: Screenshot - P
12:54:51.241 [JavaFX Application Thread] DEBUG Input                - Registered new binding: Dev Options - CTRL+0
12:54:51.242 [JavaFX Application Thread] DEBUG Input                - Registered new binding: System info dump - CTRL+9
12:54:51.242 [JavaFX Application Thread] DEBUG Input                - Registered new binding: Restart - CTRL+R
12:54:51.270 [JavaFX Application Thread] DEBUG GameApplication      - Starting main loop
12:54:51.272 [JavaFX Application Thread] DEBUG StartupState         - STARTUP
12:54:51.272 [JavaFX Application Thread] DEBUG GameApplication      - Starting new game
12:54:51.272 [JavaFX Application Thread] DEBUG Input                - Clearing active input actions
12:54:51.278 [JavaFX Application Thread] DEBUG AppStateMachine      - StartupState -> LoadingState
12:54:51.283 [FXGL Background Thread 1 ] DEBUG InitAppTask          - Clearing previous game
12:54:51.284 [FXGL Background Thread 1 ] DEBUG GameWorld            - Clearing game world
12:54:51.284 [FXGL Background Thread 1 ] DEBUG PhysicsWorld         - Clearing physics world
12:54:51.284 [FXGL Background Thread 1 ] DEBUG GameScene            - Clearing game scene
12:54:51.285 [FXGL Background Thread 1 ] DEBUG InitAppTask          - Initializing Game
12:54:51.304 [FXGL Background Thread 1 ] DEBUG AssetLoader          - Loading from disk: /assets/tmx/platformer_map_1.tmx
12:54:51.323 [FXGL Background Thread 1 ] WARN  TMXParser            - TiledMap generated from 1.1.5. Supported version: 1.1.2. Some features may not be parsed fully.
12:54:51.349 [FXGL Background Thread 1 ] DEBUG GameWorld            - Clearing removable entities
12:54:51.349 [FXGL Background Thread 1 ] DEBUG GameWorld            - Setting level from map
12:54:51.368 [FXGL Background Thread 1 ] DEBUG AssetLoader          - Loading from disk: /assets/textures/map_tiles.png
12:54:51.388 [FXGL Background Thread 1 ] DEBUG AssetLoader          - Loading from cache: /assets/textures/map_tiles.png
12:54:51.388 [FXGL Background Thread 1 ] DEBUG AssetLoader          - Loading from cache: /assets/textures/map_tiles.png
12:54:51.388 [FXGL Background Thread 1 ] DEBUG AssetLoader          - Loading from cache: /assets/textures/map_tiles.png
12:54:51.388 [FXGL Background Thread 1 ] DEBUG AssetLoader          - Loading from cache: /assets/textures/map_tiles.png
12:54:51.388 [FXGL Background Thread 1 ] DEBUG AssetLoader          - Loading from cache: /assets/textures/map_tiles.png
12:54:51.388 [FXGL Background Thread 1 ] DEBUG AssetLoader          - Loading from cache: /assets/textures/map_tiles.png
12:54:51.389 [FXGL Background Thread 1 ] DEBUG AssetLoader          - Loading from cache: /assets/textures/map_tiles.png
12:54:51.389 [FXGL Background Thread 1 ] DEBUG AssetLoader          - Loading from cache: /assets/textures/map_tiles.png
12:54:51.389 [FXGL Background Thread 1 ] DEBUG AssetLoader          - Loading from cache: /assets/textures/map_tiles.png
12:54:51.389 [FXGL Background Thread 1 ] DEBUG AssetLoader          - Loading from cache: /assets/textures/map_tiles.png
12:54:51.389 [FXGL Background Thread 1 ] DEBUG AssetLoader          - Loading from cache: /assets/textures/map_tiles.png
12:54:51.389 [FXGL Background Thread 1 ] DEBUG AssetLoader          - Loading from cache: /assets/textures/map_tiles.png
12:54:51.389 [FXGL Background Thread 1 ] DEBUG AssetLoader          - Loading from cache: /assets/textures/map_tiles.png
12:54:51.390 [FXGL Background Thread 1 ] DEBUG AssetLoader          - Loading from cache: /assets/textures/map_tiles.png
12:54:51.390 [FXGL Background Thread 1 ] DEBUG AssetLoader          - Loading from cache: /assets/textures/map_tiles.png
12:54:51.390 [FXGL Background Thread 1 ] DEBUG AssetLoader          - Loading from cache: /assets/textures/map_tiles.png
12:54:51.390 [FXGL Background Thread 1 ] DEBUG AssetLoader          - Loading from cache: /assets/textures/map_tiles.png
12:54:51.390 [FXGL Background Thread 1 ] DEBUG AssetLoader          - Loading from cache: /assets/textures/map_tiles.png
12:54:51.390 [FXGL Background Thread 1 ] DEBUG AssetLoader          - Loading from cache: /assets/textures/map_tiles.png
12:54:51.390 [FXGL Background Thread 1 ] DEBUG AssetLoader          - Loading from cache: /assets/textures/map_tiles.png
12:54:51.390 [FXGL Background Thread 1 ] DEBUG AssetLoader          - Loading from cache: /assets/textures/map_tiles.png
12:54:51.391 [FXGL Background Thread 1 ] DEBUG AssetLoader          - Loading from cache: /assets/textures/map_tiles.png
12:54:51.391 [FXGL Background Thread 1 ] DEBUG AssetLoader          - Loading from cache: /assets/textures/map_tiles.png
12:54:51.391 [FXGL Background Thread 1 ] DEBUG AssetLoader          - Loading from cache: /assets/textures/map_tiles.png
12:54:51.391 [FXGL Background Thread 1 ] DEBUG AssetLoader          - Loading from cache: /assets/textures/map_tiles.png
12:54:51.391 [FXGL Background Thread 1 ] DEBUG AssetLoader          - Loading from cache: /assets/textures/map_tiles.png
12:54:51.391 [FXGL Background Thread 1 ] DEBUG AssetLoader          - Loading from cache: /assets/textures/map_tiles.png
12:54:51.391 [FXGL Background Thread 1 ] DEBUG AssetLoader          - Loading from cache: /assets/textures/map_tiles.png
12:54:51.391 [FXGL Background Thread 1 ] DEBUG AssetLoader          - Loading from cache: /assets/textures/map_tiles.png
12:54:51.392 [FXGL Background Thread 1 ] DEBUG AssetLoader          - Loading from cache: /assets/textures/map_tiles.png
12:54:51.392 [FXGL Background Thread 1 ] DEBUG AssetLoader          - Loading from cache: /assets/textures/map_tiles.png
12:54:51.392 [FXGL Background Thread 1 ] DEBUG AssetLoader          - Loading from cache: /assets/textures/map_tiles.png
12:54:51.392 [FXGL Background Thread 1 ] DEBUG AssetLoader          - Loading from cache: /assets/textures/map_tiles.png
12:54:51.392 [FXGL Background Thread 1 ] DEBUG AssetLoader          - Loading from cache: /assets/textures/map_tiles.png
12:54:51.392 [FXGL Background Thread 1 ] DEBUG AssetLoader          - Loading from cache: /assets/textures/map_tiles.png
12:54:51.393 [FXGL Background Thread 1 ] DEBUG AssetLoader          - Loading from cache: /assets/textures/map_tiles.png
12:54:51.393 [FXGL Background Thread 1 ] DEBUG AssetLoader          - Loading from cache: /assets/textures/map_tiles.png
12:54:51.393 [FXGL Background Thread 1 ] DEBUG AssetLoader          - Loading from cache: /assets/textures/map_tiles.png
12:54:51.393 [FXGL Background Thread 1 ] DEBUG AssetLoader          - Loading from cache: /assets/textures/map_tiles.png
12:54:51.393 [FXGL Background Thread 1 ] DEBUG AssetLoader          - Loading from cache: /assets/textures/map_tiles.png
12:54:51.393 [FXGL Background Thread 1 ] DEBUG AssetLoader          - Loading from cache: /assets/textures/map_tiles.png
12:54:51.393 [FXGL Background Thread 1 ] DEBUG AssetLoader          - Loading from cache: /assets/textures/map_tiles.png
12:54:51.393 [FXGL Background Thread 1 ] DEBUG AssetLoader          - Loading from cache: /assets/textures/map_tiles.png
12:54:51.393 [FXGL Background Thread 1 ] DEBUG AssetLoader          - Loading from cache: /assets/textures/map_tiles.png
12:54:51.394 [FXGL Background Thread 1 ] DEBUG AssetLoader          - Loading from cache: /assets/textures/map_tiles.png
12:54:51.394 [FXGL Background Thread 1 ] DEBUG AssetLoader          - Loading from cache: /assets/textures/map_tiles.png
12:54:51.394 [FXGL Background Thread 1 ] DEBUG AssetLoader          - Loading from cache: /assets/textures/map_tiles.png
12:54:51.394 [FXGL Background Thread 1 ] DEBUG AssetLoader          - Loading from cache: /assets/textures/map_tiles.png
12:54:51.394 [FXGL Background Thread 1 ] DEBUG AssetLoader          - Loading from cache: /assets/textures/map_tiles.png
12:54:51.394 [FXGL Background Thread 1 ] DEBUG AssetLoader          - Loading from cache: /assets/textures/map_tiles.png
12:54:51.394 [FXGL Background Thread 1 ] DEBUG AssetLoader          - Loading from cache: /assets/textures/map_tiles.png
12:54:51.394 [FXGL Background Thread 1 ] DEBUG AssetLoader          - Loading from cache: /assets/textures/map_tiles.png
12:54:51.394 [FXGL Background Thread 1 ] DEBUG AssetLoader          - Loading from cache: /assets/textures/map_tiles.png
12:54:51.394 [FXGL Background Thread 1 ] DEBUG AssetLoader          - Loading from cache: /assets/textures/map_tiles.png
12:54:51.395 [FXGL Background Thread 1 ] DEBUG AssetLoader          - Loading from cache: /assets/textures/map_tiles.png
12:54:51.395 [FXGL Background Thread 1 ] DEBUG AssetLoader          - Loading from cache: /assets/textures/map_tiles.png
12:54:51.395 [FXGL Background Thread 1 ] DEBUG AssetLoader          - Loading from cache: /assets/textures/map_tiles.png
12:54:51.395 [FXGL Background Thread 1 ] DEBUG AssetLoader          - Loading from cache: /assets/textures/map_tiles.png
12:54:51.395 [FXGL Background Thread 1 ] DEBUG AssetLoader          - Loading from cache: /assets/textures/map_tiles.png
12:54:51.395 [FXGL Background Thread 1 ] DEBUG AssetLoader          - Loading from cache: /assets/textures/map_tiles.png
12:54:51.395 [FXGL Background Thread 1 ] DEBUG AssetLoader          - Loading from cache: /assets/textures/map_tiles.png
12:54:51.395 [FXGL Background Thread 1 ] DEBUG AssetLoader          - Loading from cache: /assets/textures/map_tiles.png
12:54:51.397 [FXGL Background Thread 1 ] DEBUG GameScene            - Creating render group for layer: BACKGROUND(1000)
12:54:51.438 [FXGL Background Thread 1 ] DEBUG GameScene            - Creating render group for layer: DEFAULT(100000)
12:54:51.439 [JavaFX Application Thread] FATAL GameApplication      - Uncaught Exception:

Fatal exception occurred: java.lang.IllegalArgumentException : No EntityFactory has a method annotated @Spawns()
E: com.almasb.fxgl.entity.GameWorld.create(GameWorld.kt:436)
E: com.almasb.fxgl.entity.GameWorld.spawn(GameWorld.kt:418)
E: com.almasb.fxgl.entity.GameWorld.setLevelFromMap(GameWorld.kt:288)
E: com.almasb.fxgl.entity.GameWorld.setLevelFromMap(GameWorld.kt:263)
E: Platformer.Platformer_App.initGame(Platformer_App.java:19)
E: com.almasb.fxgl.app.GameApplication.internalInitGame(GameApplication.java:439)
E: com.almasb.fxgl.app.LoadingState$InitAppTask.initGame(AppStates.kt:168)
E: com.almasb.fxgl.app.LoadingState$InitAppTask.call(AppStates.kt:138)
E: com.almasb.fxgl.app.LoadingState$InitAppTask.call(AppStates.kt:127)
E: javafx.concurrent.Task$TaskCallable.call(Task.java:1423)
E: java.util.concurrent.FutureTask.run(Unknown Source)
E: java.util.concurrent.Executors$RunnableAdapter.call(Unknown Source)
E: java.util.concurrent.FutureTask.run(Unknown Source)
E: java.util.concurrent.ThreadPoolExecutor.runWorker(Unknown Source)
E: java.util.concurrent.ThreadPoolExecutor$Worker.run(Unknown Source)
E: java.lang.Thread.run(Unknown Source)

12:54:51.439 [JavaFX Application Thread] FATAL GameApplication      - Application will now exit
12:54:51.440 [JavaFX Application Thread] DEBUG GameApplication      - Stopping main loop
12:54:54.927 [JavaFX Application Thread] DEBUG GameApplication      - Exiting game application
12:54:54.927 [JavaFX Application Thread] DEBUG GameApplication      - Shutting down background threads
12:54:54.927 [JavaFX Application Thread] DEBUG GameApplication      - Exiting FXGL
12:54:54.928 [JavaFX Application Thread] DEBUG FXGL                 - Saving FXGL system data
12:54:54.930 [JavaFX Application Thread] DEBUG DesktopFSService     - Writing to: system\fxgl.bundle
12:54:54.934 [JavaFX Application Thread] DEBUG GameApplication      - Closing logger and exiting JavaFX
