12:22:11.022 [JavaFX Application Thread] DEBUG GameApplication      - Logger initialized
12:22:11.028 [JavaFX Application Thread] DEBUG MainWindow           - Creating a JavaFX scene
12:22:11.028 [JavaFX Application Thread] DEBUG MainWindow           - Target size > screen size
12:22:11.095 [JavaFX Application Thread] DEBUG MainWindow           - Target settings size: 1400.0 x 1050.0
12:22:11.095 [JavaFX Application Thread] DEBUG MainWindow           - Scaled scene size:    881.0 x 679.0
12:22:11.095 [JavaFX Application Thread] DEBUG MainWindow           - Scaled ratio: (0.6292857142857143, 0.6466666666666666)
12:22:11.100 [JavaFX Application Thread] DEBUG GameApplication      - Starting FXGL
12:22:11.109 [JavaFX Application Thread] INFO  FXGL                 - FXGL-0.5.1 on DESKTOP
12:22:11.110 [JavaFX Application Thread] INFO  FXGL                 - Source code and latest versions at: https://github.com/AlmasB/FXGL
12:22:11.110 [JavaFX Application Thread] INFO  FXGL                 -              Join the FXGL chat at: https://gitter.im/AlmasB/FXGL
12:22:11.115 [JavaFX Application Thread] DEBUG FS                   - Loaded DesktopFSService
12:22:11.116 [JavaFX Application Thread] DEBUG FXGL                 - Loading FXGL system data
12:22:11.123 [JavaFX Application Thread] DEBUG DesktopFSService     - Reading from: system\fxgl.bundle
12:22:11.130 [JavaFX Application Thread] DEBUG Bundle               - Logging bundle: FXGL
12:22:11.130 [JavaFX Application Thread] DEBUG Bundle               - FXGL.offline.timer.version.check=2018-05-24T09:09:49.283
12:22:11.152 [JavaFX Application Thread] DEBUG GameApplication      - FXGL started
12:22:11.152 [JavaFX Application Thread] DEBUG GameApplication      - Logging game settings
Title: Platformer
Version: 
Width: 1400
Height: 1050
Fullscreen: false
Intro: false
Menus: false
Profiling: false
Single step:false
App Mode: DEVELOPER
Menu Key: ESCAPE
Stage Style: DECORATED
Scene Factory: class com.almasb.fxgl.scene.SceneFactory
Dialog Factory: class com.almasb.fxgl.ui.FXGLDialogFactory
UI Factory: class com.almasb.fxgl.ui.FXGLUIFactory
Notification Service: class com.almasb.fxgl.gameplay.notification.XboxNotificationView
Exception Handler: class com.almasb.fxgl.app.FXGLExceptionHandler
12:22:11.153 [JavaFX Application Thread] DEBUG GameApplication      - Configuring GameApplication
12:22:11.153 [JavaFX Application Thread] DEBUG GameApplication      - Initializing state machine and application states
12:22:11.164 [JavaFX Application Thread] DEBUG AssetLoader          - Loading from disk: /assets/ui/cursors/fxgl_default.png
12:22:11.181 [JavaFX Application Thread] DEBUG AssetLoader          - Loading from disk: /assets/ui/cursors/fxgl_default.png
12:22:11.201 [JavaFX Application Thread] DEBUG FXGLAssets           - Loading FXGLAssets
12:22:11.224 [JavaFX Application Thread] DEBUG AssetLoader          - Loading from disk: /assets/ui/fonts/VarelaRound-Regular.ttf
12:22:11.342 [JavaFX Application Thread] DEBUG AssetLoader          - Loading from disk: /assets/ui/fonts/lucida_console.ttf
12:22:11.351 [JavaFX Application Thread] DEBUG AssetLoader          - Loading from disk: /assets/ui/css/fxgl_dark.css
12:22:11.374 [JavaFX Application Thread] DEBUG AssetLoader          - Loading from disk: /assets/ui/cursors/fxgl_default.png
12:22:11.399 [JavaFX Application Thread] DEBUG AssetLoader          - Loading from disk: /assets/ui/cursors/fxgl_default.png
12:22:11.413 [JavaFX Application Thread] DEBUG GameScene            - Game scene initialized: 1400x1050
12:22:11.415 [JavaFX Application Thread] DEBUG GameWorld            - Game world initialized
12:22:11.452 [JavaFX Application Thread] DEBUG PhysicsWorld         - Physics world initialized: appHeight=1050, physics.ppm=50.0
12:22:11.467 [JavaFX Application Thread] DEBUG Input                - Registered new binding: Pause - Esc
12:22:11.480 [JavaFX Application Thread] DEBUG Input                - Clearing active input actions
12:22:11.509 [JavaFX Application Thread] DEBUG AppStateMachine      - StartupState -> StartupState
12:22:11.512 [JavaFX Application Thread] INFO  GameApplication      - Game configuration took:  0.359 sec
12:22:11.513 [JavaFX Application Thread] DEBUG AssetLoader          - Loading from disk: /assets/textures/fxgl_icon.png
12:22:11.523 [JavaFX Application Thread] DEBUG MainWindow           - Opening main window
12:22:11.667 [JavaFX Application Thread] DEBUG MainWindow           - Window border size: (4.33331298828125, 27.0)
12:22:11.667 [JavaFX Application Thread] DEBUG MainWindow           - Scaled size: 881.0 x 679.0
12:22:11.668 [JavaFX Application Thread] DEBUG MainWindow           - Scaled ratio: (0.6292857142857143, 0.6466666666666666)
12:22:11.668 [JavaFX Application Thread] DEBUG MainWindow           - Scene size: 881.3333129882812 x 679.3333129882812
12:22:11.668 [JavaFX Application Thread] DEBUG MainWindow           - Stage size: 885.3333129882812 x 706.0
12:22:11.668 [JavaFX Application Thread] DEBUG GameApplication      - Running preInit()
12:22:11.669 [JavaFX Application Thread] DEBUG Input                - Registered new binding: Screenshot - P
12:22:11.670 [JavaFX Application Thread] DEBUG Input                - Registered new binding: Dev Options - CTRL+0
12:22:11.670 [JavaFX Application Thread] DEBUG Input                - Registered new binding: System info dump - CTRL+9
12:22:11.670 [JavaFX Application Thread] DEBUG Input                - Registered new binding: Restart - CTRL+R
12:22:11.698 [JavaFX Application Thread] DEBUG GameApplication      - Starting main loop
12:22:11.700 [JavaFX Application Thread] DEBUG StartupState         - STARTUP
12:22:11.700 [JavaFX Application Thread] DEBUG GameApplication      - Starting new game
12:22:11.700 [JavaFX Application Thread] DEBUG Input                - Clearing active input actions
12:22:11.707 [JavaFX Application Thread] DEBUG AppStateMachine      - StartupState -> LoadingState
12:22:11.711 [FXGL Background Thread 1 ] DEBUG InitAppTask          - Clearing previous game
12:22:11.711 [FXGL Background Thread 1 ] DEBUG GameWorld            - Clearing game world
12:22:11.711 [FXGL Background Thread 1 ] DEBUG PhysicsWorld         - Clearing physics world
12:22:11.711 [FXGL Background Thread 1 ] DEBUG GameScene            - Clearing game scene
12:22:11.712 [FXGL Background Thread 1 ] DEBUG InitAppTask          - Initializing Game
12:22:11.732 [FXGL Background Thread 1 ] DEBUG AssetLoader          - Loading from disk: /assets/tmx/platformer_map_1.tmx
12:22:11.750 [FXGL Background Thread 1 ] WARN  TMXParser            - TiledMap generated from 1.1.5. Supported version: 1.1.2. Some features may not be parsed fully.
12:22:11.779 [FXGL Background Thread 1 ] DEBUG GameWorld            - Clearing removable entities
12:22:11.779 [FXGL Background Thread 1 ] DEBUG GameWorld            - Setting level from map
12:22:11.796 [FXGL Background Thread 1 ] DEBUG AssetLoader          - Loading from disk: /assets/textures/map_tiles.png
12:22:11.815 [FXGL Background Thread 1 ] DEBUG AssetLoader          - Loading from cache: /assets/textures/map_tiles.png
12:22:11.815 [FXGL Background Thread 1 ] DEBUG AssetLoader          - Loading from cache: /assets/textures/map_tiles.png
12:22:11.815 [FXGL Background Thread 1 ] DEBUG AssetLoader          - Loading from cache: /assets/textures/map_tiles.png
12:22:11.815 [FXGL Background Thread 1 ] DEBUG AssetLoader          - Loading from cache: /assets/textures/map_tiles.png
12:22:11.815 [FXGL Background Thread 1 ] DEBUG AssetLoader          - Loading from cache: /assets/textures/map_tiles.png
12:22:11.815 [FXGL Background Thread 1 ] DEBUG AssetLoader          - Loading from cache: /assets/textures/map_tiles.png
12:22:11.816 [FXGL Background Thread 1 ] DEBUG AssetLoader          - Loading from cache: /assets/textures/map_tiles.png
12:22:11.816 [FXGL Background Thread 1 ] DEBUG AssetLoader          - Loading from cache: /assets/textures/map_tiles.png
12:22:11.816 [FXGL Background Thread 1 ] DEBUG AssetLoader          - Loading from cache: /assets/textures/map_tiles.png
12:22:11.816 [FXGL Background Thread 1 ] DEBUG AssetLoader          - Loading from cache: /assets/textures/map_tiles.png
12:22:11.816 [FXGL Background Thread 1 ] DEBUG AssetLoader          - Loading from cache: /assets/textures/map_tiles.png
12:22:11.816 [FXGL Background Thread 1 ] DEBUG AssetLoader          - Loading from cache: /assets/textures/map_tiles.png
12:22:11.816 [FXGL Background Thread 1 ] DEBUG AssetLoader          - Loading from cache: /assets/textures/map_tiles.png
12:22:11.816 [FXGL Background Thread 1 ] DEBUG AssetLoader          - Loading from cache: /assets/textures/map_tiles.png
12:22:11.817 [FXGL Background Thread 1 ] DEBUG AssetLoader          - Loading from cache: /assets/textures/map_tiles.png
12:22:11.817 [FXGL Background Thread 1 ] DEBUG AssetLoader          - Loading from cache: /assets/textures/map_tiles.png
12:22:11.817 [FXGL Background Thread 1 ] DEBUG AssetLoader          - Loading from cache: /assets/textures/map_tiles.png
12:22:11.817 [FXGL Background Thread 1 ] DEBUG AssetLoader          - Loading from cache: /assets/textures/map_tiles.png
12:22:11.817 [FXGL Background Thread 1 ] DEBUG AssetLoader          - Loading from cache: /assets/textures/map_tiles.png
12:22:11.817 [FXGL Background Thread 1 ] DEBUG AssetLoader          - Loading from cache: /assets/textures/map_tiles.png
12:22:11.817 [FXGL Background Thread 1 ] DEBUG AssetLoader          - Loading from cache: /assets/textures/map_tiles.png
12:22:11.817 [FXGL Background Thread 1 ] DEBUG AssetLoader          - Loading from cache: /assets/textures/map_tiles.png
12:22:11.818 [FXGL Background Thread 1 ] DEBUG AssetLoader          - Loading from cache: /assets/textures/map_tiles.png
12:22:11.818 [FXGL Background Thread 1 ] DEBUG AssetLoader          - Loading from cache: /assets/textures/map_tiles.png
12:22:11.818 [FXGL Background Thread 1 ] DEBUG AssetLoader          - Loading from cache: /assets/textures/map_tiles.png
12:22:11.818 [FXGL Background Thread 1 ] DEBUG AssetLoader          - Loading from cache: /assets/textures/map_tiles.png
12:22:11.818 [FXGL Background Thread 1 ] DEBUG AssetLoader          - Loading from cache: /assets/textures/map_tiles.png
12:22:11.818 [FXGL Background Thread 1 ] DEBUG AssetLoader          - Loading from cache: /assets/textures/map_tiles.png
12:22:11.818 [FXGL Background Thread 1 ] DEBUG AssetLoader          - Loading from cache: /assets/textures/map_tiles.png
12:22:11.818 [FXGL Background Thread 1 ] DEBUG AssetLoader          - Loading from cache: /assets/textures/map_tiles.png
12:22:11.818 [FXGL Background Thread 1 ] DEBUG AssetLoader          - Loading from cache: /assets/textures/map_tiles.png
12:22:11.819 [FXGL Background Thread 1 ] DEBUG AssetLoader          - Loading from cache: /assets/textures/map_tiles.png
12:22:11.819 [FXGL Background Thread 1 ] DEBUG AssetLoader          - Loading from cache: /assets/textures/map_tiles.png
12:22:11.819 [FXGL Background Thread 1 ] DEBUG AssetLoader          - Loading from cache: /assets/textures/map_tiles.png
12:22:11.819 [FXGL Background Thread 1 ] DEBUG AssetLoader          - Loading from cache: /assets/textures/map_tiles.png
12:22:11.819 [FXGL Background Thread 1 ] DEBUG AssetLoader          - Loading from cache: /assets/textures/map_tiles.png
12:22:11.819 [FXGL Background Thread 1 ] DEBUG AssetLoader          - Loading from cache: /assets/textures/map_tiles.png
12:22:11.819 [FXGL Background Thread 1 ] DEBUG AssetLoader          - Loading from cache: /assets/textures/map_tiles.png
12:22:11.819 [FXGL Background Thread 1 ] DEBUG AssetLoader          - Loading from cache: /assets/textures/map_tiles.png
12:22:11.820 [FXGL Background Thread 1 ] DEBUG AssetLoader          - Loading from cache: /assets/textures/map_tiles.png
12:22:11.820 [FXGL Background Thread 1 ] DEBUG AssetLoader          - Loading from cache: /assets/textures/map_tiles.png
12:22:11.820 [FXGL Background Thread 1 ] DEBUG AssetLoader          - Loading from cache: /assets/textures/map_tiles.png
12:22:11.820 [FXGL Background Thread 1 ] DEBUG AssetLoader          - Loading from cache: /assets/textures/map_tiles.png
12:22:11.820 [FXGL Background Thread 1 ] DEBUG AssetLoader          - Loading from cache: /assets/textures/map_tiles.png
12:22:11.821 [FXGL Background Thread 1 ] DEBUG AssetLoader          - Loading from cache: /assets/textures/map_tiles.png
12:22:11.821 [FXGL Background Thread 1 ] DEBUG AssetLoader          - Loading from cache: /assets/textures/map_tiles.png
12:22:11.821 [FXGL Background Thread 1 ] DEBUG AssetLoader          - Loading from cache: /assets/textures/map_tiles.png
12:22:11.821 [FXGL Background Thread 1 ] DEBUG AssetLoader          - Loading from cache: /assets/textures/map_tiles.png
12:22:11.821 [FXGL Background Thread 1 ] DEBUG AssetLoader          - Loading from cache: /assets/textures/map_tiles.png
12:22:11.821 [FXGL Background Thread 1 ] DEBUG AssetLoader          - Loading from cache: /assets/textures/map_tiles.png
12:22:11.821 [FXGL Background Thread 1 ] DEBUG AssetLoader          - Loading from cache: /assets/textures/map_tiles.png
12:22:11.821 [FXGL Background Thread 1 ] DEBUG AssetLoader          - Loading from cache: /assets/textures/map_tiles.png
12:22:11.821 [FXGL Background Thread 1 ] DEBUG AssetLoader          - Loading from cache: /assets/textures/map_tiles.png
12:22:11.822 [FXGL Background Thread 1 ] DEBUG AssetLoader          - Loading from cache: /assets/textures/map_tiles.png
12:22:11.822 [FXGL Background Thread 1 ] DEBUG AssetLoader          - Loading from cache: /assets/textures/map_tiles.png
12:22:11.822 [FXGL Background Thread 1 ] DEBUG AssetLoader          - Loading from cache: /assets/textures/map_tiles.png
12:22:11.822 [FXGL Background Thread 1 ] DEBUG AssetLoader          - Loading from cache: /assets/textures/map_tiles.png
12:22:11.822 [FXGL Background Thread 1 ] DEBUG AssetLoader          - Loading from cache: /assets/textures/map_tiles.png
12:22:11.822 [FXGL Background Thread 1 ] DEBUG AssetLoader          - Loading from cache: /assets/textures/map_tiles.png
12:22:11.822 [FXGL Background Thread 1 ] DEBUG AssetLoader          - Loading from cache: /assets/textures/map_tiles.png
12:22:11.822 [FXGL Background Thread 1 ] DEBUG AssetLoader          - Loading from cache: /assets/textures/map_tiles.png
12:22:11.823 [FXGL Background Thread 1 ] DEBUG AssetLoader          - Loading from cache: /assets/textures/map_tiles.png
12:22:11.825 [FXGL Background Thread 1 ] DEBUG GameScene            - Creating render group for layer: BACKGROUND(1000)
12:22:11.864 [FXGL Background Thread 1 ] DEBUG GameScene            - Creating render group for layer: DEFAULT(100000)
12:22:11.881 [FXGL Background Thread 1 ] DEBUG InitAppTask          - Initializing Physics
12:22:11.881 [FXGL Background Thread 1 ] DEBUG InitAppTask          - Initializing UI
12:22:11.881 [FXGL Background Thread 1 ] DEBUG InitAppTask          - Initialization Complete
12:22:11.881 [FXGL Background Thread 1 ] INFO  InitAppTask          - Game initialization took: 0.171 sec
12:22:11.886 [JavaFX Application Thread] DEBUG Input                - Clearing active input actions
12:22:11.893 [JavaFX Application Thread] DEBUG AppStateMachine      - LoadingState -> PlayState
12:22:22.610 [JavaFX Application Thread] DEBUG GameApplication      - Exiting game application
12:22:22.610 [JavaFX Application Thread] DEBUG GameApplication      - Shutting down background threads
12:22:22.610 [JavaFX Application Thread] DEBUG GameApplication      - Exiting FXGL
12:22:22.611 [JavaFX Application Thread] DEBUG FXGL                 - Saving FXGL system data
12:22:22.612 [JavaFX Application Thread] DEBUG DesktopFSService     - Writing to: system\fxgl.bundle
12:22:22.616 [JavaFX Application Thread] DEBUG GameApplication      - Closing logger and exiting JavaFX
