15:08:42.683 [JavaFX Application Thread] DEBUG GameApplication      - Logger initialized
15:08:42.689 [JavaFX Application Thread] DEBUG MainWindow           - Creating a JavaFX scene
15:08:42.769 [JavaFX Application Thread] DEBUG MainWindow           - Target settings size: 700.0 x 490.0
15:08:42.769 [JavaFX Application Thread] DEBUG MainWindow           - Scaled scene size:    700.0 x 490.0
15:08:42.769 [JavaFX Application Thread] DEBUG MainWindow           - Scaled ratio: (1.0, 1.0)
15:08:42.775 [JavaFX Application Thread] DEBUG GameApplication      - Starting FXGL
15:08:42.787 [JavaFX Application Thread] INFO  FXGL                 - FXGL-0.5.1 on DESKTOP
15:08:42.787 [JavaFX Application Thread] INFO  FXGL                 - Source code and latest versions at: https://github.com/AlmasB/FXGL
15:08:42.787 [JavaFX Application Thread] INFO  FXGL                 -              Join the FXGL chat at: https://gitter.im/AlmasB/FXGL
15:08:42.793 [JavaFX Application Thread] DEBUG FS                   - Loaded DesktopFSService
15:08:42.793 [JavaFX Application Thread] DEBUG FXGL                 - Loading FXGL system data
15:08:42.800 [JavaFX Application Thread] DEBUG DesktopFSService     - Reading from: system\fxgl.bundle
15:08:42.808 [JavaFX Application Thread] DEBUG Bundle               - Logging bundle: FXGL
15:08:42.809 [JavaFX Application Thread] DEBUG Bundle               - FXGL.offline.timer.version.check=2018-05-24T09:09:49.283
15:08:42.836 [JavaFX Application Thread] DEBUG GameApplication      - FXGL started
15:08:42.836 [JavaFX Application Thread] DEBUG GameApplication      - Logging game settings
Title: Platformer
Version: 
Width: 700
Height: 490
Fullscreen: false
Intro: false
Menus: false
Profiling: false
Single step:false
App Mode: DEVELOPER
Menu Key: ESCAPE
Stage Style: DECORATED
Scene Factory: class com.almasb.fxgl.scene.SceneFactory
Dialog Factory: class com.almasb.fxgl.ui.FXGLDialogFactory
UI Factory: class com.almasb.fxgl.ui.FXGLUIFactory
Notification Service: class com.almasb.fxgl.gameplay.notification.XboxNotificationView
Exception Handler: class com.almasb.fxgl.app.FXGLExceptionHandler
15:08:42.837 [JavaFX Application Thread] DEBUG GameApplication      - Configuring GameApplication
15:08:42.837 [JavaFX Application Thread] DEBUG GameApplication      - Initializing state machine and application states
15:08:42.850 [JavaFX Application Thread] DEBUG AssetLoader          - Loading from disk: /assets/ui/cursors/fxgl_default.png
15:08:42.870 [JavaFX Application Thread] DEBUG AssetLoader          - Loading from disk: /assets/ui/cursors/fxgl_default.png
15:08:42.891 [JavaFX Application Thread] DEBUG FXGLAssets           - Loading FXGLAssets
15:08:42.918 [JavaFX Application Thread] DEBUG AssetLoader          - Loading from disk: /assets/ui/fonts/VarelaRound-Regular.ttf
15:08:43.050 [JavaFX Application Thread] DEBUG AssetLoader          - Loading from disk: /assets/ui/fonts/lucida_console.ttf
15:08:43.060 [JavaFX Application Thread] DEBUG AssetLoader          - Loading from disk: /assets/ui/css/fxgl_dark.css
15:08:43.086 [JavaFX Application Thread] DEBUG AssetLoader          - Loading from disk: /assets/ui/cursors/fxgl_default.png
15:08:43.114 [JavaFX Application Thread] DEBUG AssetLoader          - Loading from disk: /assets/ui/cursors/fxgl_default.png
15:08:43.128 [JavaFX Application Thread] DEBUG GameScene            - Game scene initialized: 700x490
15:08:43.131 [JavaFX Application Thread] DEBUG GameWorld            - Game world initialized
15:08:43.170 [JavaFX Application Thread] DEBUG PhysicsWorld         - Physics world initialized: appHeight=490, physics.ppm=50.0
15:08:43.185 [JavaFX Application Thread] DEBUG Input                - Registered new binding: Pause - Esc
15:08:43.199 [JavaFX Application Thread] DEBUG Input                - Clearing active input actions
15:08:43.233 [JavaFX Application Thread] DEBUG AppStateMachine      - StartupState -> StartupState
15:08:43.235 [JavaFX Application Thread] INFO  GameApplication      - Game configuration took:  0.398 sec
15:08:43.237 [JavaFX Application Thread] DEBUG AssetLoader          - Loading from disk: /assets/textures/fxgl_icon.png
15:08:43.247 [JavaFX Application Thread] DEBUG MainWindow           - Opening main window
15:08:43.384 [JavaFX Application Thread] DEBUG MainWindow           - Window border size: (4.0, 26.66668701171875)
15:08:43.384 [JavaFX Application Thread] DEBUG MainWindow           - Scaled size: 700.0 x 490.0
15:08:43.384 [JavaFX Application Thread] DEBUG MainWindow           - Scaled ratio: (1.0, 1.0)
15:08:43.384 [JavaFX Application Thread] DEBUG MainWindow           - Scene size: 700.0 x 490.0
15:08:43.385 [JavaFX Application Thread] DEBUG MainWindow           - Stage size: 704.0 x 516.6666870117188
15:08:43.385 [JavaFX Application Thread] DEBUG GameApplication      - Running preInit()
15:08:43.386 [JavaFX Application Thread] DEBUG Input                - Registered new binding: Screenshot - P
15:08:43.386 [JavaFX Application Thread] DEBUG Input                - Registered new binding: Dev Options - CTRL+0
15:08:43.387 [JavaFX Application Thread] DEBUG Input                - Registered new binding: System info dump - CTRL+9
15:08:43.387 [JavaFX Application Thread] DEBUG Input                - Registered new binding: Restart - CTRL+R
15:08:43.390 [JavaFX Application Thread] DEBUG AssetLoader          - Loading from disk: /assets/textures/Platformer/run_sheet.png
15:08:43.431 [JavaFX Application Thread] DEBUG AssetLoader          - Loading from disk: /assets/textures/Platformer/stand_sheet.png
15:08:43.437 [JavaFX Application Thread] DEBUG Input                - Registered new binding: run_right - Right
15:08:43.438 [JavaFX Application Thread] DEBUG Input                - Registered new binding: run_left - Left
15:08:43.438 [JavaFX Application Thread] DEBUG Input                - Registered new binding: jump - Up
15:08:43.471 [JavaFX Application Thread] DEBUG GameApplication      - Starting main loop
15:08:43.473 [JavaFX Application Thread] DEBUG StartupState         - STARTUP
15:08:43.473 [JavaFX Application Thread] DEBUG GameApplication      - Starting new game
15:08:43.473 [JavaFX Application Thread] DEBUG Input                - Clearing active input actions
15:08:43.480 [JavaFX Application Thread] DEBUG AppStateMachine      - StartupState -> LoadingState
15:08:43.486 [FXGL Background Thread 1 ] DEBUG InitAppTask          - Clearing previous game
15:08:43.486 [FXGL Background Thread 1 ] DEBUG GameWorld            - Clearing game world
15:08:43.486 [FXGL Background Thread 1 ] DEBUG PhysicsWorld         - Clearing physics world
15:08:43.486 [FXGL Background Thread 1 ] DEBUG GameScene            - Clearing game scene
15:08:43.488 [FXGL Background Thread 1 ] DEBUG InitAppTask          - Initializing Game
15:08:43.508 [FXGL Background Thread 1 ] DEBUG AssetLoader          - Loading from disk: /assets/tmx/platformer_map_1.tmx
15:08:43.530 [FXGL Background Thread 1 ] WARN  TMXParser            - TiledMap generated from 1.1.5. Supported version: 1.1.2. Some features may not be parsed fully.
15:08:43.552 [FXGL Background Thread 1 ] DEBUG GameWorld            - Clearing removable entities
15:08:43.552 [FXGL Background Thread 1 ] DEBUG GameWorld            - Setting level from map
15:08:43.577 [FXGL Background Thread 1 ] DEBUG AssetLoader          - Loading from disk: /assets/textures/map_tiles.png
15:08:43.592 [FXGL Background Thread 1 ] DEBUG AssetLoader          - Loading from cache: /assets/textures/map_tiles.png
15:08:43.592 [FXGL Background Thread 1 ] DEBUG AssetLoader          - Loading from cache: /assets/textures/map_tiles.png
15:08:43.593 [FXGL Background Thread 1 ] DEBUG AssetLoader          - Loading from cache: /assets/textures/map_tiles.png
15:08:43.593 [FXGL Background Thread 1 ] DEBUG AssetLoader          - Loading from cache: /assets/textures/map_tiles.png
15:08:43.593 [FXGL Background Thread 1 ] DEBUG AssetLoader          - Loading from cache: /assets/textures/map_tiles.png
15:08:43.593 [FXGL Background Thread 1 ] DEBUG AssetLoader          - Loading from cache: /assets/textures/map_tiles.png
15:08:43.593 [FXGL Background Thread 1 ] DEBUG AssetLoader          - Loading from cache: /assets/textures/map_tiles.png
15:08:43.593 [FXGL Background Thread 1 ] DEBUG AssetLoader          - Loading from cache: /assets/textures/map_tiles.png
15:08:43.593 [FXGL Background Thread 1 ] DEBUG AssetLoader          - Loading from cache: /assets/textures/map_tiles.png
15:08:43.594 [FXGL Background Thread 1 ] DEBUG AssetLoader          - Loading from cache: /assets/textures/map_tiles.png
15:08:43.594 [FXGL Background Thread 1 ] DEBUG AssetLoader          - Loading from cache: /assets/textures/map_tiles.png
15:08:43.594 [FXGL Background Thread 1 ] DEBUG AssetLoader          - Loading from cache: /assets/textures/map_tiles.png
15:08:43.594 [FXGL Background Thread 1 ] DEBUG AssetLoader          - Loading from cache: /assets/textures/map_tiles.png
15:08:43.594 [FXGL Background Thread 1 ] DEBUG AssetLoader          - Loading from cache: /assets/textures/map_tiles.png
15:08:43.594 [FXGL Background Thread 1 ] DEBUG AssetLoader          - Loading from cache: /assets/textures/map_tiles.png
15:08:43.594 [FXGL Background Thread 1 ] DEBUG AssetLoader          - Loading from cache: /assets/textures/map_tiles.png
15:08:43.595 [FXGL Background Thread 1 ] DEBUG AssetLoader          - Loading from cache: /assets/textures/map_tiles.png
15:08:43.595 [FXGL Background Thread 1 ] DEBUG AssetLoader          - Loading from cache: /assets/textures/map_tiles.png
15:08:43.595 [FXGL Background Thread 1 ] DEBUG AssetLoader          - Loading from cache: /assets/textures/map_tiles.png
15:08:43.595 [FXGL Background Thread 1 ] DEBUG AssetLoader          - Loading from cache: /assets/textures/map_tiles.png
15:08:43.595 [FXGL Background Thread 1 ] DEBUG AssetLoader          - Loading from cache: /assets/textures/map_tiles.png
15:08:43.595 [FXGL Background Thread 1 ] DEBUG AssetLoader          - Loading from cache: /assets/textures/map_tiles.png
15:08:43.595 [FXGL Background Thread 1 ] DEBUG AssetLoader          - Loading from cache: /assets/textures/map_tiles.png
15:08:43.595 [FXGL Background Thread 1 ] DEBUG AssetLoader          - Loading from cache: /assets/textures/map_tiles.png
15:08:43.596 [FXGL Background Thread 1 ] DEBUG AssetLoader          - Loading from cache: /assets/textures/map_tiles.png
15:08:43.596 [FXGL Background Thread 1 ] DEBUG AssetLoader          - Loading from cache: /assets/textures/map_tiles.png
15:08:43.596 [FXGL Background Thread 1 ] DEBUG AssetLoader          - Loading from cache: /assets/textures/map_tiles.png
15:08:43.596 [FXGL Background Thread 1 ] DEBUG AssetLoader          - Loading from cache: /assets/textures/map_tiles.png
15:08:43.596 [FXGL Background Thread 1 ] DEBUG AssetLoader          - Loading from cache: /assets/textures/map_tiles.png
15:08:43.597 [FXGL Background Thread 1 ] DEBUG AssetLoader          - Loading from cache: /assets/textures/map_tiles.png
15:08:43.597 [FXGL Background Thread 1 ] DEBUG AssetLoader          - Loading from cache: /assets/textures/map_tiles.png
15:08:43.598 [FXGL Background Thread 1 ] DEBUG AssetLoader          - Loading from cache: /assets/textures/map_tiles.png
15:08:43.598 [FXGL Background Thread 1 ] DEBUG AssetLoader          - Loading from cache: /assets/textures/map_tiles.png
15:08:43.598 [FXGL Background Thread 1 ] DEBUG AssetLoader          - Loading from cache: /assets/textures/map_tiles.png
15:08:43.598 [FXGL Background Thread 1 ] DEBUG AssetLoader          - Loading from cache: /assets/textures/map_tiles.png
15:08:43.598 [FXGL Background Thread 1 ] DEBUG AssetLoader          - Loading from cache: /assets/textures/map_tiles.png
15:08:43.598 [FXGL Background Thread 1 ] DEBUG AssetLoader          - Loading from cache: /assets/textures/map_tiles.png
15:08:43.598 [FXGL Background Thread 1 ] DEBUG AssetLoader          - Loading from cache: /assets/textures/map_tiles.png
15:08:43.599 [FXGL Background Thread 1 ] DEBUG AssetLoader          - Loading from cache: /assets/textures/map_tiles.png
15:08:43.599 [FXGL Background Thread 1 ] DEBUG AssetLoader          - Loading from cache: /assets/textures/map_tiles.png
15:08:43.599 [FXGL Background Thread 1 ] DEBUG AssetLoader          - Loading from cache: /assets/textures/map_tiles.png
15:08:43.599 [FXGL Background Thread 1 ] DEBUG AssetLoader          - Loading from cache: /assets/textures/map_tiles.png
15:08:43.599 [FXGL Background Thread 1 ] DEBUG AssetLoader          - Loading from cache: /assets/textures/map_tiles.png
15:08:43.600 [FXGL Background Thread 1 ] DEBUG AssetLoader          - Loading from cache: /assets/textures/map_tiles.png
15:08:43.600 [FXGL Background Thread 1 ] DEBUG AssetLoader          - Loading from cache: /assets/textures/map_tiles.png
15:08:43.600 [FXGL Background Thread 1 ] DEBUG AssetLoader          - Loading from cache: /assets/textures/map_tiles.png
15:08:43.601 [FXGL Background Thread 1 ] DEBUG AssetLoader          - Loading from cache: /assets/textures/map_tiles.png
15:08:43.601 [FXGL Background Thread 1 ] DEBUG AssetLoader          - Loading from cache: /assets/textures/map_tiles.png
15:08:43.601 [FXGL Background Thread 1 ] DEBUG AssetLoader          - Loading from cache: /assets/textures/map_tiles.png
15:08:43.601 [FXGL Background Thread 1 ] DEBUG AssetLoader          - Loading from cache: /assets/textures/map_tiles.png
15:08:43.601 [FXGL Background Thread 1 ] DEBUG AssetLoader          - Loading from cache: /assets/textures/map_tiles.png
15:08:43.602 [FXGL Background Thread 1 ] DEBUG AssetLoader          - Loading from cache: /assets/textures/map_tiles.png
15:08:43.602 [FXGL Background Thread 1 ] DEBUG AssetLoader          - Loading from cache: /assets/textures/map_tiles.png
15:08:43.602 [FXGL Background Thread 1 ] DEBUG AssetLoader          - Loading from cache: /assets/textures/map_tiles.png
15:08:43.603 [FXGL Background Thread 1 ] DEBUG AssetLoader          - Loading from cache: /assets/textures/map_tiles.png
15:08:43.603 [FXGL Background Thread 1 ] DEBUG AssetLoader          - Loading from cache: /assets/textures/map_tiles.png
15:08:43.603 [FXGL Background Thread 1 ] DEBUG AssetLoader          - Loading from cache: /assets/textures/map_tiles.png
15:08:43.603 [FXGL Background Thread 1 ] DEBUG AssetLoader          - Loading from cache: /assets/textures/map_tiles.png
15:08:43.603 [FXGL Background Thread 1 ] DEBUG AssetLoader          - Loading from cache: /assets/textures/map_tiles.png
15:08:43.603 [FXGL Background Thread 1 ] DEBUG AssetLoader          - Loading from cache: /assets/textures/map_tiles.png
15:08:43.604 [FXGL Background Thread 1 ] DEBUG AssetLoader          - Loading from cache: /assets/textures/map_tiles.png
15:08:43.604 [FXGL Background Thread 1 ] DEBUG AssetLoader          - Loading from cache: /assets/textures/map_tiles.png
15:08:43.606 [FXGL Background Thread 1 ] DEBUG GameScene            - Creating render group for layer: BACKGROUND(1000)
15:08:43.648 [FXGL Background Thread 1 ] DEBUG GameScene            - Creating render group for layer: DEFAULT(100000)
15:08:43.666 [FXGL Background Thread 1 ] DEBUG AssetLoader          - Loading from cache: /assets/textures/Platformer/stand_sheet.png
15:08:43.666 [FXGL Background Thread 1 ] DEBUG AssetLoader          - Loading from cache: /assets/textures/Platformer/run_sheet.png
15:08:43.666 [FXGL Background Thread 1 ] DEBUG AssetLoader          - Loading from disk: /assets/textures/Platformer/jump-fall.png
15:08:43.670 [FXGL Background Thread 1 ] DEBUG AssetLoader          - Loading from disk: /assets/textures/Platformer/jump-up.png
15:08:43.675 [FXGL Background Thread 1 ] DEBUG InitAppTask          - Initializing Physics
15:08:43.676 [FXGL Background Thread 1 ] DEBUG InitAppTask          - Initializing UI
15:08:43.676 [FXGL Background Thread 1 ] DEBUG InitAppTask          - Initialization Complete
15:08:43.676 [FXGL Background Thread 1 ] INFO  InitAppTask          - Game initialization took: 0.190 sec
15:08:43.683 [JavaFX Application Thread] DEBUG Input                - Clearing active input actions
15:08:43.689 [JavaFX Application Thread] DEBUG AppStateMachine      - LoadingState -> PlayState
15:10:45.050 [JavaFX Application Thread] DEBUG GameApplication      - Exiting game application
15:10:45.051 [JavaFX Application Thread] DEBUG GameApplication      - Shutting down background threads
15:10:45.051 [JavaFX Application Thread] DEBUG GameApplication      - Exiting FXGL
15:10:45.051 [JavaFX Application Thread] DEBUG FXGL                 - Saving FXGL system data
15:10:45.053 [JavaFX Application Thread] DEBUG DesktopFSService     - Writing to: system\fxgl.bundle
15:10:45.057 [JavaFX Application Thread] DEBUG GameApplication      - Closing logger and exiting JavaFX
