14:57:16.379 [JavaFX Application Thread] DEBUG GameApplication      - Logger initialized
14:57:16.384 [JavaFX Application Thread] DEBUG MainWindow           - Creating a JavaFX scene
14:57:16.463 [JavaFX Application Thread] DEBUG MainWindow           - Target settings size: 800.0 x 400.0
14:57:16.463 [JavaFX Application Thread] DEBUG MainWindow           - Scaled scene size:    800.0 x 400.0
14:57:16.463 [JavaFX Application Thread] DEBUG MainWindow           - Scaled ratio: (1.0, 1.0)
14:57:16.468 [JavaFX Application Thread] DEBUG GameApplication      - Starting FXGL
14:57:16.479 [JavaFX Application Thread] INFO  FXGL                 - FXGL-0.5.1 on DESKTOP
14:57:16.479 [JavaFX Application Thread] INFO  FXGL                 - Source code and latest versions at: https://github.com/AlmasB/FXGL
14:57:16.479 [JavaFX Application Thread] INFO  FXGL                 -              Join the FXGL chat at: https://gitter.im/AlmasB/FXGL
14:57:16.485 [JavaFX Application Thread] DEBUG FS                   - Loaded DesktopFSService
14:57:16.485 [JavaFX Application Thread] DEBUG FXGL                 - Loading FXGL system data
14:57:16.493 [JavaFX Application Thread] DEBUG DesktopFSService     - Reading from: system\fxgl.bundle
14:57:16.501 [JavaFX Application Thread] DEBUG Bundle               - Logging bundle: FXGL
14:57:16.501 [JavaFX Application Thread] DEBUG Bundle               - FXGL.offline.timer.version.check=2018-05-16T18:22:51.838
14:57:16.526 [JavaFX Application Thread] DEBUG GameApplication      - FXGL started
14:57:16.526 [JavaFX Application Thread] DEBUG GameApplication      - Logging game settings
Title: FlappyBird
Version: 0.2.0
Width: 800
Height: 400
Fullscreen: false
Intro: false
Menus: false
Profiling: false
Single step:false
App Mode: RELEASE
Menu Key: ESCAPE
Stage Style: DECORATED
Scene Factory: class com.almasb.fxgl.scene.SceneFactory
Dialog Factory: class com.almasb.fxgl.ui.FXGLDialogFactory
UI Factory: class com.almasb.fxgl.ui.FXGLUIFactory
Notification Service: class com.almasb.fxgl.gameplay.notification.XboxNotificationView
Exception Handler: class com.almasb.fxgl.app.FXGLExceptionHandler
14:57:16.527 [JavaFX Application Thread] DEBUG GameApplication      - Configuring GameApplication
14:57:16.527 [JavaFX Application Thread] DEBUG GameApplication      - Initializing state machine and application states
14:57:16.538 [JavaFX Application Thread] DEBUG AssetLoader          - Loading from disk: /assets/ui/cursors/fxgl_default.png
14:57:16.555 [JavaFX Application Thread] DEBUG AssetLoader          - Loading from disk: /assets/ui/cursors/fxgl_default.png
14:57:16.571 [JavaFX Application Thread] DEBUG FXGLAssets           - Loading FXGLAssets
14:57:16.595 [JavaFX Application Thread] DEBUG AssetLoader          - Loading from disk: /assets/ui/fonts/VarelaRound-Regular.ttf
14:57:16.722 [JavaFX Application Thread] DEBUG AssetLoader          - Loading from disk: /assets/ui/fonts/lucida_console.ttf
14:57:16.732 [JavaFX Application Thread] DEBUG AssetLoader          - Loading from disk: /assets/ui/css/fxgl_dark.css
14:57:16.754 [JavaFX Application Thread] DEBUG AssetLoader          - Loading from disk: /assets/ui/cursors/fxgl_default.png
14:57:16.781 [JavaFX Application Thread] DEBUG AssetLoader          - Loading from disk: /assets/ui/cursors/fxgl_default.png
14:57:16.797 [JavaFX Application Thread] DEBUG GameScene            - Game scene initialized: 800x400
14:57:16.800 [JavaFX Application Thread] DEBUG GameWorld            - Game world initialized
14:57:16.843 [JavaFX Application Thread] DEBUG PhysicsWorld         - Physics world initialized: appHeight=400, physics.ppm=50.0
14:57:16.859 [JavaFX Application Thread] DEBUG Input                - Registered new binding: Pause - Esc
14:57:16.874 [JavaFX Application Thread] DEBUG Input                - Clearing active input actions
14:57:16.907 [JavaFX Application Thread] DEBUG AppStateMachine      - StartupState -> StartupState
14:57:16.910 [JavaFX Application Thread] INFO  GameApplication      - Game configuration took:  0.383 sec
14:57:16.912 [JavaFX Application Thread] DEBUG AssetLoader          - Loading from disk: /assets/textures/fxgl_icon.png
14:57:16.922 [JavaFX Application Thread] DEBUG MainWindow           - Opening main window
14:57:17.056 [JavaFX Application Thread] DEBUG MainWindow           - Window border size: (4.0, 26.666656494140625)
14:57:17.056 [JavaFX Application Thread] DEBUG MainWindow           - Scaled size: 800.0 x 400.0
14:57:17.056 [JavaFX Application Thread] DEBUG MainWindow           - Scaled ratio: (1.0, 1.0)
14:57:17.056 [JavaFX Application Thread] DEBUG MainWindow           - Scene size: 800.0 x 400.0
14:57:17.056 [JavaFX Application Thread] DEBUG MainWindow           - Stage size: 804.0 x 426.6666564941406
14:57:17.057 [JavaFX Application Thread] DEBUG GameApplication      - Running preInit()
14:57:17.058 [JavaFX Application Thread] DEBUG Input                - Registered new binding: Screenshot - P
14:57:17.058 [JavaFX Application Thread] DEBUG Input                - Registered new binding: Dev Options - CTRL+0
14:57:17.059 [JavaFX Application Thread] DEBUG Input                - Registered new binding: System info dump - CTRL+9
14:57:17.059 [JavaFX Application Thread] DEBUG Input                - Registered new binding: Restart - CTRL+R
14:57:17.060 [JavaFX Application Thread] DEBUG Input                - Registered new binding: flap - LMB
14:57:17.086 [JavaFX Application Thread] DEBUG GameApplication      - Starting main loop
14:57:17.088 [JavaFX Application Thread] DEBUG StartupState         - STARTUP
14:57:17.088 [JavaFX Application Thread] DEBUG GameApplication      - Starting new game
14:57:17.088 [JavaFX Application Thread] DEBUG Input                - Clearing active input actions
14:57:17.093 [JavaFX Application Thread] DEBUG AppStateMachine      - StartupState -> LoadingState
14:57:17.099 [FXGL Background Thread 1 ] DEBUG InitAppTask          - Clearing previous game
14:57:17.099 [FXGL Background Thread 1 ] DEBUG GameWorld            - Clearing game world
14:57:17.099 [FXGL Background Thread 1 ] DEBUG PhysicsWorld         - Clearing physics world
14:57:17.099 [FXGL Background Thread 1 ] DEBUG GameScene            - Clearing game scene
14:57:17.100 [FXGL Background Thread 1 ] DEBUG InitAppTask          - Initializing Game
14:57:17.121 [FXGL Background Thread 1 ] DEBUG AssetLoader          - Loading from disk: /assets/textures/FlappyBird/flappybird_fly_sheet.png
14:57:17.198 [FXGL Background Thread 1 ] DEBUG GameScene            - Creating render group for layer: DEFAULT(100000)
14:57:17.201 [FXGL Background Thread 1 ] DEBUG AssetLoader          - Loading from disk: /assets/textures/FlappyBird/ground.png
14:57:17.205 [FXGL Background Thread 1 ] DEBUG GameScene            - Creating render group for layer: TOP(2147483647)
14:57:17.205 [FXGL Background Thread 1 ] DEBUG AssetLoader          - Loading from cache: /assets/textures/FlappyBird/ground.png
14:57:17.207 [FXGL Background Thread 1 ] DEBUG InitAppTask          - Initializing Physics
14:57:17.208 [FXGL Background Thread 1 ] DEBUG InitAppTask          - Initializing UI
14:57:17.208 [FXGL Background Thread 1 ] DEBUG AssetLoader          - Loading from disk: /assets/textures/FlappyBird/background.png
14:57:17.225 [FXGL Background Thread 1 ] DEBUG InitAppTask          - Initialization Complete
14:57:17.225 [FXGL Background Thread 1 ] INFO  InitAppTask          - Game initialization took: 0.127 sec
14:57:17.232 [JavaFX Application Thread] DEBUG Input                - Clearing active input actions
14:57:17.237 [JavaFX Application Thread] DEBUG AppStateMachine      - LoadingState -> PlayState
14:57:17.567 [JavaFX Application Thread] DEBUG Input                - Mocking key release: Space
14:57:17.698 [JavaFX Application Thread] DEBUG Input                - Mocking key release: Space
14:57:18.224 [JavaFX Application Thread] DEBUG AssetLoader          - Loading from disk: /assets/textures/FlappyBird/top_pipe.png
14:57:18.227 [JavaFX Application Thread] DEBUG AssetLoader          - Loading from disk: /assets/textures/FlappyBird/bottom_pipe.png
14:57:18.230 [JavaFX Application Thread] DEBUG AssetLoader          - Loading from cache: /assets/textures/FlappyBird/ground.png
14:57:18.279 [JavaFX Application Thread] DEBUG Input                - Mocking key release: Space
14:57:18.412 [JavaFX Application Thread] DEBUG Input                - Mocking key release: Space
14:57:19.102 [JavaFX Application Thread] DEBUG Input                - Mocking key release: Space
14:57:19.231 [JavaFX Application Thread] DEBUG AssetLoader          - Loading from cache: /assets/textures/FlappyBird/top_pipe.png
14:57:19.233 [JavaFX Application Thread] DEBUG AssetLoader          - Loading from cache: /assets/textures/FlappyBird/bottom_pipe.png
14:57:19.234 [JavaFX Application Thread] DEBUG AssetLoader          - Loading from cache: /assets/textures/FlappyBird/ground.png
14:57:19.495 [JavaFX Application Thread] DEBUG Input                - Mocking key release: Space
14:57:19.994 [JavaFX Application Thread] DEBUG Input                - Mocking key release: Space
14:57:20.255 [JavaFX Application Thread] DEBUG AssetLoader          - Loading from cache: /assets/textures/FlappyBird/top_pipe.png
14:57:20.256 [JavaFX Application Thread] DEBUG AssetLoader          - Loading from cache: /assets/textures/FlappyBird/bottom_pipe.png
14:57:20.257 [JavaFX Application Thread] DEBUG AssetLoader          - Loading from cache: /assets/textures/FlappyBird/ground.png
14:57:20.511 [JavaFX Application Thread] DEBUG Input                - Mocking key release: Space
14:57:21.263 [JavaFX Application Thread] DEBUG AssetLoader          - Loading from cache: /assets/textures/FlappyBird/top_pipe.png
14:57:21.264 [JavaFX Application Thread] DEBUG AssetLoader          - Loading from cache: /assets/textures/FlappyBird/bottom_pipe.png
14:57:21.265 [JavaFX Application Thread] DEBUG AssetLoader          - Loading from cache: /assets/textures/FlappyBird/ground.png
14:57:21.394 [JavaFX Application Thread] DEBUG Input                - Mocking key release: Space
14:57:21.934 [JavaFX Application Thread] DEBUG Input                - Mocking key release: Space
14:57:22.077 [JavaFX Application Thread] DEBUG Input                - Mocking key release: Space
14:57:22.214 [JavaFX Application Thread] DEBUG Input                - Mocking key release: Space
14:57:22.287 [JavaFX Application Thread] DEBUG AssetLoader          - Loading from cache: /assets/textures/FlappyBird/top_pipe.png
14:57:22.289 [JavaFX Application Thread] DEBUG AssetLoader          - Loading from cache: /assets/textures/FlappyBird/bottom_pipe.png
14:57:22.290 [JavaFX Application Thread] DEBUG AssetLoader          - Loading from cache: /assets/textures/FlappyBird/ground.png
14:57:22.426 [JavaFX Application Thread] DEBUG Input                - Mocking key release: Space
14:57:23.112 [JavaFX Application Thread] DEBUG Input                - Mocking key release: Space
14:57:23.276 [JavaFX Application Thread] DEBUG Input                - Mocking key release: Space
14:57:23.295 [JavaFX Application Thread] DEBUG AssetLoader          - Loading from cache: /assets/textures/FlappyBird/top_pipe.png
14:57:23.296 [JavaFX Application Thread] DEBUG AssetLoader          - Loading from cache: /assets/textures/FlappyBird/bottom_pipe.png
14:57:23.297 [JavaFX Application Thread] DEBUG AssetLoader          - Loading from cache: /assets/textures/FlappyBird/ground.png
14:57:23.821 [JavaFX Application Thread] DEBUG Input                - Mocking key release: Space
14:57:24.319 [JavaFX Application Thread] DEBUG AssetLoader          - Loading from cache: /assets/textures/FlappyBird/top_pipe.png
14:57:24.321 [JavaFX Application Thread] DEBUG AssetLoader          - Loading from cache: /assets/textures/FlappyBird/bottom_pipe.png
14:57:24.322 [JavaFX Application Thread] DEBUG AssetLoader          - Loading from cache: /assets/textures/FlappyBird/ground.png
14:57:24.447 [JavaFX Application Thread] DEBUG Input                - Mocking key release: Space
14:57:25.195 [JavaFX Application Thread] DEBUG Input                - Mocking key release: Space
14:57:25.311 [JavaFX Application Thread] DEBUG AssetLoader          - Loading from cache: /assets/textures/FlappyBird/top_pipe.png
14:57:25.313 [JavaFX Application Thread] DEBUG AssetLoader          - Loading from cache: /assets/textures/FlappyBird/bottom_pipe.png
14:57:25.314 [JavaFX Application Thread] DEBUG AssetLoader          - Loading from cache: /assets/textures/FlappyBird/ground.png
14:57:25.630 [JavaFX Application Thread] DEBUG Input                - Mocking key release: Space
14:57:26.319 [JavaFX Application Thread] DEBUG AssetLoader          - Loading from cache: /assets/textures/FlappyBird/top_pipe.png
14:57:26.321 [JavaFX Application Thread] DEBUG AssetLoader          - Loading from cache: /assets/textures/FlappyBird/bottom_pipe.png
14:57:26.322 [JavaFX Application Thread] DEBUG AssetLoader          - Loading from cache: /assets/textures/FlappyBird/ground.png
14:57:26.558 [JavaFX Application Thread] DEBUG Input                - Mocking key release: Space
14:57:27.078 [JavaFX Application Thread] DEBUG Input                - Mocking key release: Space
14:57:27.227 [JavaFX Application Thread] DEBUG Input                - Mocking key release: Space
14:57:27.311 [JavaFX Application Thread] DEBUG AssetLoader          - Loading from cache: /assets/textures/FlappyBird/top_pipe.png
14:57:27.312 [JavaFX Application Thread] DEBUG AssetLoader          - Loading from cache: /assets/textures/FlappyBird/bottom_pipe.png
14:57:27.313 [JavaFX Application Thread] DEBUG AssetLoader          - Loading from cache: /assets/textures/FlappyBird/ground.png
14:57:27.374 [JavaFX Application Thread] DEBUG Input                - Mocking key release: Space
14:57:27.992 [JavaFX Application Thread] DEBUG Input                - Mocking key release: Space
14:57:28.241 [JavaFX Application Thread] DEBUG Input                - Mocking key release: Space
14:57:28.321 [JavaFX Application Thread] DEBUG AssetLoader          - Loading from cache: /assets/textures/FlappyBird/top_pipe.png
14:57:28.322 [JavaFX Application Thread] DEBUG AssetLoader          - Loading from cache: /assets/textures/FlappyBird/bottom_pipe.png
14:57:28.322 [JavaFX Application Thread] DEBUG AssetLoader          - Loading from cache: /assets/textures/FlappyBird/ground.png
14:57:28.374 [JavaFX Application Thread] DEBUG Input                - Mocking key release: Space
14:57:29.247 [JavaFX Application Thread] DEBUG Input                - Mocking key release: Space
14:57:29.311 [JavaFX Application Thread] DEBUG AssetLoader          - Loading from cache: /assets/textures/FlappyBird/top_pipe.png
14:57:29.312 [JavaFX Application Thread] DEBUG AssetLoader          - Loading from cache: /assets/textures/FlappyBird/bottom_pipe.png
14:57:29.313 [JavaFX Application Thread] DEBUG AssetLoader          - Loading from cache: /assets/textures/FlappyBird/ground.png
14:57:29.773 [JavaFX Application Thread] DEBUG Input                - Mocking key release: Space
14:57:30.319 [JavaFX Application Thread] DEBUG AssetLoader          - Loading from cache: /assets/textures/FlappyBird/top_pipe.png
14:57:30.320 [JavaFX Application Thread] DEBUG AssetLoader          - Loading from cache: /assets/textures/FlappyBird/bottom_pipe.png
14:57:30.321 [JavaFX Application Thread] DEBUG AssetLoader          - Loading from cache: /assets/textures/FlappyBird/ground.png
14:57:30.508 [JavaFX Application Thread] DEBUG Input                - Mocking key release: Space
14:57:31.289 [JavaFX Application Thread] DEBUG Input                - Mocking key release: Space
14:57:31.311 [JavaFX Application Thread] DEBUG AssetLoader          - Loading from cache: /assets/textures/FlappyBird/top_pipe.png
14:57:31.312 [JavaFX Application Thread] DEBUG AssetLoader          - Loading from cache: /assets/textures/FlappyBird/bottom_pipe.png
14:57:31.313 [JavaFX Application Thread] DEBUG AssetLoader          - Loading from cache: /assets/textures/FlappyBird/ground.png
14:57:31.806 [JavaFX Application Thread] DEBUG Input                - Mocking key release: Space
14:57:31.939 [JavaFX Application Thread] DEBUG Input                - Mocking key release: Space
14:57:32.088 [JavaFX Application Thread] DEBUG Input                - Mocking key release: Space
14:57:32.238 [JavaFX Application Thread] DEBUG Input                - Mocking key release: Space
14:57:32.319 [JavaFX Application Thread] DEBUG AssetLoader          - Loading from cache: /assets/textures/FlappyBird/top_pipe.png
14:57:32.320 [JavaFX Application Thread] DEBUG AssetLoader          - Loading from cache: /assets/textures/FlappyBird/bottom_pipe.png
14:57:32.322 [JavaFX Application Thread] DEBUG AssetLoader          - Loading from cache: /assets/textures/FlappyBird/ground.png
14:57:32.374 [JavaFX Application Thread] DEBUG Input                - Mocking key release: Space
14:57:32.588 [JavaFX Application Thread] DEBUG Input                - Mocking key release: Space
14:57:32.689 [JavaFX Application Thread] DEBUG Input                - Mocking key release: Space
14:57:33.311 [JavaFX Application Thread] DEBUG AssetLoader          - Loading from cache: /assets/textures/FlappyBird/top_pipe.png
14:57:33.313 [JavaFX Application Thread] DEBUG AssetLoader          - Loading from cache: /assets/textures/FlappyBird/bottom_pipe.png
14:57:33.315 [JavaFX Application Thread] DEBUG AssetLoader          - Loading from cache: /assets/textures/FlappyBird/ground.png
14:57:33.405 [JavaFX Application Thread] DEBUG Input                - Mocking key release: Space
14:57:33.646 [JavaFX Application Thread] DEBUG Input                - Mocking key release: Space
14:57:34.335 [JavaFX Application Thread] DEBUG AssetLoader          - Loading from cache: /assets/textures/FlappyBird/top_pipe.png
14:57:34.336 [JavaFX Application Thread] DEBUG AssetLoader          - Loading from cache: /assets/textures/FlappyBird/bottom_pipe.png
14:57:34.337 [JavaFX Application Thread] DEBUG AssetLoader          - Loading from cache: /assets/textures/FlappyBird/ground.png
14:57:34.471 [JavaFX Application Thread] DEBUG Input                - Mocking key release: Space
14:57:34.657 [JavaFX Application Thread] DEBUG Input                - Mocking key release: Space
14:57:35.343 [JavaFX Application Thread] DEBUG AssetLoader          - Loading from cache: /assets/textures/FlappyBird/top_pipe.png
14:57:35.344 [JavaFX Application Thread] DEBUG AssetLoader          - Loading from cache: /assets/textures/FlappyBird/bottom_pipe.png
14:57:35.345 [JavaFX Application Thread] DEBUG AssetLoader          - Loading from cache: /assets/textures/FlappyBird/ground.png
14:57:35.582 [JavaFX Application Thread] DEBUG Input                - Mocking key release: Space
14:57:36.026 [JavaFX Application Thread] DEBUG Input                - Mocking key release: Space
14:57:36.171 [JavaFX Application Thread] DEBUG Input                - Mocking key release: Space
14:57:36.320 [JavaFX Application Thread] DEBUG Input                - Mocking key release: Space
14:57:36.368 [JavaFX Application Thread] DEBUG AssetLoader          - Loading from cache: /assets/textures/FlappyBird/top_pipe.png
14:57:36.370 [JavaFX Application Thread] DEBUG AssetLoader          - Loading from cache: /assets/textures/FlappyBird/bottom_pipe.png
14:57:36.371 [JavaFX Application Thread] DEBUG AssetLoader          - Loading from cache: /assets/textures/FlappyBird/ground.png
14:57:37.343 [JavaFX Application Thread] DEBUG AssetLoader          - Loading from disk: /assets/textures/FlappyBird/game_over.png
14:57:37.345 [JavaFX Application Thread] DEBUG GameScene            - Creating render group for layer: BACKGROUND(1000)
14:57:37.355 [JavaFX Application Thread] DEBUG AssetLoader          - Loading from cache: /assets/textures/FlappyBird/game_over.png
14:57:37.386 [JavaFX Application Thread] DEBUG Input                - Mocking key release: Space
14:57:37.537 [JavaFX Application Thread] DEBUG Input                - Mocking key release: Space
14:57:39.054 [JavaFX Application Thread] DEBUG GameApplication      - Exiting game application
14:57:39.055 [JavaFX Application Thread] DEBUG GameApplication      - Shutting down background threads
14:57:39.056 [JavaFX Application Thread] DEBUG GameApplication      - Exiting FXGL
14:57:39.056 [JavaFX Application Thread] DEBUG FXGL                 - Saving FXGL system data
14:57:39.058 [JavaFX Application Thread] DEBUG DesktopFSService     - Writing to: system\fxgl.bundle
14:57:39.061 [JavaFX Application Thread] DEBUG GameApplication      - Closing logger and exiting JavaFX
