14:42:45.887 [JavaFX Application Thread] DEBUG GameApplication      - Logger initialized
14:42:45.893 [JavaFX Application Thread] DEBUG MainWindow           - Creating a JavaFX scene
14:42:45.964 [JavaFX Application Thread] DEBUG MainWindow           - Target settings size: 800.0 x 400.0
14:42:45.964 [JavaFX Application Thread] DEBUG MainWindow           - Scaled scene size:    800.0 x 400.0
14:42:45.964 [JavaFX Application Thread] DEBUG MainWindow           - Scaled ratio: (1.0, 1.0)
14:42:45.969 [JavaFX Application Thread] DEBUG GameApplication      - Starting FXGL
14:42:45.979 [JavaFX Application Thread] INFO  FXGL                 - FXGL-0.5.1 on DESKTOP
14:42:45.979 [JavaFX Application Thread] INFO  FXGL                 - Source code and latest versions at: https://github.com/AlmasB/FXGL
14:42:45.979 [JavaFX Application Thread] INFO  FXGL                 -              Join the FXGL chat at: https://gitter.im/AlmasB/FXGL
14:42:45.983 [JavaFX Application Thread] DEBUG FS                   - Loaded DesktopFSService
14:42:45.983 [JavaFX Application Thread] DEBUG FXGL                 - Loading FXGL system data
14:42:45.990 [JavaFX Application Thread] DEBUG DesktopFSService     - Reading from: system\fxgl.bundle
14:42:45.997 [JavaFX Application Thread] DEBUG Bundle               - Logging bundle: FXGL
14:42:45.998 [JavaFX Application Thread] DEBUG Bundle               - FXGL.offline.timer.version.check=2018-05-16T18:22:51.838
14:42:46.020 [JavaFX Application Thread] DEBUG GameApplication      - FXGL started
14:42:46.020 [JavaFX Application Thread] DEBUG GameApplication      - Logging game settings
Title: FlappyBird
Version: 0.2.0
Width: 800
Height: 400
Fullscreen: false
Intro: false
Menus: false
Profiling: false
Single step:false
App Mode: RELEASE
Menu Key: ESCAPE
Stage Style: DECORATED
Scene Factory: class com.almasb.fxgl.scene.SceneFactory
Dialog Factory: class com.almasb.fxgl.ui.FXGLDialogFactory
UI Factory: class com.almasb.fxgl.ui.FXGLUIFactory
Notification Service: class com.almasb.fxgl.gameplay.notification.XboxNotificationView
Exception Handler: class com.almasb.fxgl.app.FXGLExceptionHandler
14:42:46.021 [JavaFX Application Thread] DEBUG GameApplication      - Configuring GameApplication
14:42:46.021 [JavaFX Application Thread] DEBUG GameApplication      - Initializing state machine and application states
14:42:46.032 [JavaFX Application Thread] DEBUG AssetLoader          - Loading from disk: /assets/ui/cursors/fxgl_default.png
14:42:46.048 [JavaFX Application Thread] DEBUG AssetLoader          - Loading from disk: /assets/ui/cursors/fxgl_default.png
14:42:46.067 [JavaFX Application Thread] DEBUG FXGLAssets           - Loading FXGLAssets
14:42:46.091 [JavaFX Application Thread] DEBUG AssetLoader          - Loading from disk: /assets/ui/fonts/VarelaRound-Regular.ttf
14:42:46.214 [JavaFX Application Thread] DEBUG AssetLoader          - Loading from disk: /assets/ui/fonts/lucida_console.ttf
14:42:46.223 [JavaFX Application Thread] DEBUG AssetLoader          - Loading from disk: /assets/ui/css/fxgl_dark.css
14:42:46.246 [JavaFX Application Thread] DEBUG AssetLoader          - Loading from disk: /assets/ui/cursors/fxgl_default.png
14:42:46.270 [JavaFX Application Thread] DEBUG AssetLoader          - Loading from disk: /assets/ui/cursors/fxgl_default.png
14:42:46.283 [JavaFX Application Thread] DEBUG GameScene            - Game scene initialized: 800x400
14:42:46.285 [JavaFX Application Thread] DEBUG GameWorld            - Game world initialized
14:42:46.325 [JavaFX Application Thread] DEBUG PhysicsWorld         - Physics world initialized: appHeight=400, physics.ppm=50.0
14:42:46.339 [JavaFX Application Thread] DEBUG Input                - Registered new binding: Pause - Esc
14:42:46.353 [JavaFX Application Thread] DEBUG Input                - Clearing active input actions
14:42:46.385 [JavaFX Application Thread] DEBUG AppStateMachine      - StartupState -> StartupState
14:42:46.388 [JavaFX Application Thread] INFO  GameApplication      - Game configuration took:  0.367 sec
14:42:46.390 [JavaFX Application Thread] DEBUG AssetLoader          - Loading from disk: /assets/textures/fxgl_icon.png
14:42:46.400 [JavaFX Application Thread] DEBUG MainWindow           - Opening main window
14:42:46.524 [JavaFX Application Thread] DEBUG MainWindow           - Window border size: (4.0, 26.666656494140625)
14:42:46.524 [JavaFX Application Thread] DEBUG MainWindow           - Scaled size: 800.0 x 400.0
14:42:46.525 [JavaFX Application Thread] DEBUG MainWindow           - Scaled ratio: (1.0, 1.0)
14:42:46.525 [JavaFX Application Thread] DEBUG MainWindow           - Scene size: 800.0 x 400.0
14:42:46.525 [JavaFX Application Thread] DEBUG MainWindow           - Stage size: 804.0 x 426.6666564941406
14:42:46.525 [JavaFX Application Thread] DEBUG GameApplication      - Running preInit()
14:42:46.526 [JavaFX Application Thread] DEBUG Input                - Registered new binding: Screenshot - P
14:42:46.527 [JavaFX Application Thread] DEBUG Input                - Registered new binding: Dev Options - CTRL+0
14:42:46.527 [JavaFX Application Thread] DEBUG Input                - Registered new binding: System info dump - CTRL+9
14:42:46.528 [JavaFX Application Thread] DEBUG Input                - Registered new binding: Restart - CTRL+R
14:42:46.528 [JavaFX Application Thread] DEBUG Input                - Registered new binding: flap - LMB
14:42:46.555 [JavaFX Application Thread] DEBUG GameApplication      - Starting main loop
14:42:46.556 [JavaFX Application Thread] DEBUG StartupState         - STARTUP
14:42:46.557 [JavaFX Application Thread] DEBUG GameApplication      - Starting new game
14:42:46.557 [JavaFX Application Thread] DEBUG Input                - Clearing active input actions
14:42:46.564 [JavaFX Application Thread] DEBUG AppStateMachine      - StartupState -> LoadingState
14:42:46.568 [FXGL Background Thread 1 ] DEBUG InitAppTask          - Clearing previous game
14:42:46.569 [FXGL Background Thread 1 ] DEBUG GameWorld            - Clearing game world
14:42:46.569 [FXGL Background Thread 1 ] DEBUG PhysicsWorld         - Clearing physics world
14:42:46.569 [FXGL Background Thread 1 ] DEBUG GameScene            - Clearing game scene
14:42:46.570 [FXGL Background Thread 1 ] DEBUG InitAppTask          - Initializing Game
14:42:46.591 [FXGL Background Thread 1 ] DEBUG AssetLoader          - Loading from disk: /assets/textures/FlappyBird/flappybird_fly_sheet.png
14:42:46.664 [FXGL Background Thread 1 ] DEBUG GameScene            - Creating render group for layer: DEFAULT(100000)
14:42:46.667 [FXGL Background Thread 1 ] DEBUG AssetLoader          - Loading from disk: /assets/textures/FlappyBird/ground.png
14:42:46.671 [FXGL Background Thread 1 ] DEBUG GameScene            - Creating render group for layer: TOP(2147483647)
14:42:46.672 [FXGL Background Thread 1 ] DEBUG AssetLoader          - Loading from cache: /assets/textures/FlappyBird/ground.png
14:42:46.673 [FXGL Background Thread 1 ] DEBUG InitAppTask          - Initializing Physics
14:42:46.674 [FXGL Background Thread 1 ] DEBUG InitAppTask          - Initializing UI
14:42:46.674 [FXGL Background Thread 1 ] DEBUG AssetLoader          - Loading from disk: /assets/textures/FlappyBird/background.png
14:42:46.692 [FXGL Background Thread 1 ] DEBUG InitAppTask          - Initialization Complete
14:42:46.692 [FXGL Background Thread 1 ] INFO  InitAppTask          - Game initialization took: 0.123 sec
14:42:46.698 [JavaFX Application Thread] DEBUG Input                - Clearing active input actions
14:42:46.704 [JavaFX Application Thread] DEBUG AppStateMachine      - LoadingState -> PlayState
14:42:47.027 [JavaFX Application Thread] DEBUG Input                - Mocking key release: Space
14:42:47.158 [JavaFX Application Thread] DEBUG Input                - Mocking key release: Space
14:42:47.303 [JavaFX Application Thread] DEBUG Input                - Mocking key release: Space
14:42:47.541 [JavaFX Application Thread] DEBUG Input                - Mocking key release: Space
14:42:47.675 [JavaFX Application Thread] DEBUG AssetLoader          - Loading from disk: /assets/textures/FlappyBird/top_pipe.png
14:42:47.677 [JavaFX Application Thread] DEBUG AssetLoader          - Loading from disk: /assets/textures/FlappyBird/bottom_pipe.png
14:42:47.679 [JavaFX Application Thread] DEBUG AssetLoader          - Loading from cache: /assets/textures/FlappyBird/ground.png
14:42:48.409 [JavaFX Application Thread] DEBUG Input                - Mocking key release: Space
14:42:48.550 [JavaFX Application Thread] DEBUG Input                - Mocking key release: Space
14:42:48.697 [JavaFX Application Thread] DEBUG AssetLoader          - Loading from cache: /assets/textures/FlappyBird/top_pipe.png
14:42:48.699 [JavaFX Application Thread] DEBUG AssetLoader          - Loading from cache: /assets/textures/FlappyBird/bottom_pipe.png
14:42:48.700 [JavaFX Application Thread] DEBUG AssetLoader          - Loading from cache: /assets/textures/FlappyBird/ground.png
14:42:48.713 [JavaFX Application Thread] DEBUG Input                - Mocking key release: Space
14:42:49.473 [JavaFX Application Thread] DEBUG Input                - Mocking key release: Space
14:42:49.640 [JavaFX Application Thread] DEBUG Input                - Mocking key release: Space
14:42:49.723 [JavaFX Application Thread] DEBUG AssetLoader          - Loading from cache: /assets/textures/FlappyBird/top_pipe.png
14:42:49.724 [JavaFX Application Thread] DEBUG AssetLoader          - Loading from cache: /assets/textures/FlappyBird/bottom_pipe.png
14:42:49.726 [JavaFX Application Thread] DEBUG AssetLoader          - Loading from cache: /assets/textures/FlappyBird/ground.png
14:42:50.250 [JavaFX Application Thread] DEBUG Input                - Mocking key release: Space
14:42:50.730 [JavaFX Application Thread] DEBUG AssetLoader          - Loading from cache: /assets/textures/FlappyBird/top_pipe.png
14:42:50.732 [JavaFX Application Thread] DEBUG AssetLoader          - Loading from cache: /assets/textures/FlappyBird/bottom_pipe.png
14:42:50.732 [JavaFX Application Thread] DEBUG AssetLoader          - Loading from cache: /assets/textures/FlappyBird/ground.png
14:42:50.872 [JavaFX Application Thread] DEBUG Input                - Mocking key release: Space
14:42:51.433 [JavaFX Application Thread] DEBUG Input                - Mocking key release: Space
14:42:51.589 [JavaFX Application Thread] DEBUG Input                - Mocking key release: Space
14:42:51.753 [JavaFX Application Thread] DEBUG AssetLoader          - Loading from cache: /assets/textures/FlappyBird/top_pipe.png
14:42:51.755 [JavaFX Application Thread] DEBUG AssetLoader          - Loading from cache: /assets/textures/FlappyBird/bottom_pipe.png
14:42:51.756 [JavaFX Application Thread] DEBUG AssetLoader          - Loading from cache: /assets/textures/FlappyBird/ground.png
14:42:52.195 [JavaFX Application Thread] DEBUG Input                - Mocking key release: Space
14:42:52.761 [JavaFX Application Thread] DEBUG AssetLoader          - Loading from cache: /assets/textures/FlappyBird/top_pipe.png
14:42:52.762 [JavaFX Application Thread] DEBUG AssetLoader          - Loading from cache: /assets/textures/FlappyBird/bottom_pipe.png
14:42:52.763 [JavaFX Application Thread] DEBUG AssetLoader          - Loading from cache: /assets/textures/FlappyBird/ground.png
14:42:52.771 [JavaFX Application Thread] DEBUG Input                - Mocking key release: Space
14:42:52.969 [JavaFX Application Thread] DEBUG Input                - Mocking key release: Space
14:42:53.721 [JavaFX Application Thread] DEBUG Input                - Mocking key release: Space
14:42:53.786 [JavaFX Application Thread] DEBUG AssetLoader          - Loading from cache: /assets/textures/FlappyBird/top_pipe.png
14:42:53.789 [JavaFX Application Thread] DEBUG AssetLoader          - Loading from cache: /assets/textures/FlappyBird/bottom_pipe.png
14:42:53.790 [JavaFX Application Thread] DEBUG AssetLoader          - Loading from cache: /assets/textures/FlappyBird/ground.png
14:42:54.321 [JavaFX Application Thread] DEBUG Input                - Mocking key release: Space
14:42:54.778 [JavaFX Application Thread] DEBUG AssetLoader          - Loading from cache: /assets/textures/FlappyBird/top_pipe.png
14:42:54.780 [JavaFX Application Thread] DEBUG AssetLoader          - Loading from cache: /assets/textures/FlappyBird/bottom_pipe.png
14:42:54.780 [JavaFX Application Thread] DEBUG AssetLoader          - Loading from cache: /assets/textures/FlappyBird/ground.png
14:42:54.972 [JavaFX Application Thread] DEBUG Input                - Mocking key release: Space
14:42:55.637 [JavaFX Application Thread] DEBUG Input                - Mocking key release: Space
14:42:55.771 [JavaFX Application Thread] DEBUG Input                - Mocking key release: Space
14:42:55.786 [JavaFX Application Thread] DEBUG AssetLoader          - Loading from cache: /assets/textures/FlappyBird/top_pipe.png
14:42:55.788 [JavaFX Application Thread] DEBUG AssetLoader          - Loading from cache: /assets/textures/FlappyBird/bottom_pipe.png
14:42:55.789 [JavaFX Application Thread] DEBUG AssetLoader          - Loading from cache: /assets/textures/FlappyBird/ground.png
14:42:55.920 [JavaFX Application Thread] DEBUG Input                - Mocking key release: Space
14:42:56.057 [JavaFX Application Thread] DEBUG Input                - Mocking key release: Space
14:42:56.058 [JavaFX Application Thread] DEBUG AssetLoader          - Loading from disk: /assets/textures/FlappyBird/game_over.png
14:42:56.060 [JavaFX Application Thread] DEBUG GameScene            - Creating render group for layer: BACKGROUND(1000)
14:42:57.186 [JavaFX Application Thread] DEBUG GameApplication      - Exiting game application
14:42:57.186 [JavaFX Application Thread] DEBUG GameApplication      - Shutting down background threads
14:42:57.187 [JavaFX Application Thread] DEBUG GameApplication      - Exiting FXGL
14:42:57.187 [JavaFX Application Thread] DEBUG FXGL                 - Saving FXGL system data
14:42:57.189 [JavaFX Application Thread] DEBUG DesktopFSService     - Writing to: system\fxgl.bundle
14:42:57.193 [JavaFX Application Thread] DEBUG GameApplication      - Closing logger and exiting JavaFX
