13:22:17.328 [JavaFX Application Thread] DEBUG GameApplication      - Logger initialized
13:22:17.335 [JavaFX Application Thread] DEBUG MainWindow           - Creating a JavaFX scene
13:22:17.409 [JavaFX Application Thread] DEBUG MainWindow           - Target settings size: 800.0 x 400.0
13:22:17.409 [JavaFX Application Thread] DEBUG MainWindow           - Scaled scene size:    800.0 x 400.0
13:22:17.409 [JavaFX Application Thread] DEBUG MainWindow           - Scaled ratio: (1.0, 1.0)
13:22:17.414 [JavaFX Application Thread] DEBUG GameApplication      - Starting FXGL
13:22:17.425 [JavaFX Application Thread] INFO  FXGL                 - FXGL-0.5.1 on DESKTOP
13:22:17.425 [JavaFX Application Thread] INFO  FXGL                 - Source code and latest versions at: https://github.com/AlmasB/FXGL
13:22:17.425 [JavaFX Application Thread] INFO  FXGL                 -              Join the FXGL chat at: https://gitter.im/AlmasB/FXGL
13:22:17.431 [JavaFX Application Thread] DEBUG FS                   - Loaded DesktopFSService
13:22:17.431 [JavaFX Application Thread] DEBUG FXGL                 - Loading FXGL system data
13:22:17.438 [JavaFX Application Thread] DEBUG DesktopFSService     - Reading from: system\fxgl.bundle
13:22:17.445 [JavaFX Application Thread] DEBUG Bundle               - Logging bundle: FXGL
13:22:17.445 [JavaFX Application Thread] DEBUG Bundle               - FXGL.offline.timer.version.check=2018-05-16T18:22:51.838
13:22:17.467 [JavaFX Application Thread] DEBUG GameApplication      - FXGL started
13:22:17.467 [JavaFX Application Thread] DEBUG GameApplication      - Logging game settings
Title: FlappyBird
Version: 0.2.0
Width: 800
Height: 400
Fullscreen: false
Intro: false
Menus: false
Profiling: false
Single step:false
App Mode: DEVELOPER
Menu Key: ESCAPE
Stage Style: DECORATED
Scene Factory: class com.almasb.fxgl.scene.SceneFactory
Dialog Factory: class com.almasb.fxgl.ui.FXGLDialogFactory
UI Factory: class com.almasb.fxgl.ui.FXGLUIFactory
Notification Service: class com.almasb.fxgl.gameplay.notification.XboxNotificationView
Exception Handler: class com.almasb.fxgl.app.FXGLExceptionHandler
13:22:17.468 [JavaFX Application Thread] DEBUG GameApplication      - Configuring GameApplication
13:22:17.468 [JavaFX Application Thread] DEBUG GameApplication      - Initializing state machine and application states
13:22:17.479 [JavaFX Application Thread] DEBUG AssetLoader          - Loading from disk: /assets/ui/cursors/fxgl_default.png
13:22:17.496 [JavaFX Application Thread] DEBUG AssetLoader          - Loading from disk: /assets/ui/cursors/fxgl_default.png
13:22:17.513 [JavaFX Application Thread] DEBUG FXGLAssets           - Loading FXGLAssets
13:22:17.536 [JavaFX Application Thread] DEBUG AssetLoader          - Loading from disk: /assets/ui/fonts/VarelaRound-Regular.ttf
13:22:17.661 [JavaFX Application Thread] DEBUG AssetLoader          - Loading from disk: /assets/ui/fonts/lucida_console.ttf
13:22:17.670 [JavaFX Application Thread] DEBUG AssetLoader          - Loading from disk: /assets/ui/css/fxgl_dark.css
13:22:17.694 [JavaFX Application Thread] DEBUG AssetLoader          - Loading from disk: /assets/ui/cursors/fxgl_default.png
13:22:17.721 [JavaFX Application Thread] DEBUG AssetLoader          - Loading from disk: /assets/ui/cursors/fxgl_default.png
13:22:17.736 [JavaFX Application Thread] DEBUG GameScene            - Game scene initialized: 800x400
13:22:17.739 [JavaFX Application Thread] DEBUG GameWorld            - Game world initialized
13:22:17.780 [JavaFX Application Thread] DEBUG PhysicsWorld         - Physics world initialized: appHeight=400, physics.ppm=50.0
13:22:17.795 [JavaFX Application Thread] DEBUG Input                - Registered new binding: Pause - Esc
13:22:17.810 [JavaFX Application Thread] DEBUG Input                - Clearing active input actions
13:22:17.848 [JavaFX Application Thread] DEBUG AppStateMachine      - StartupState -> StartupState
13:22:17.852 [JavaFX Application Thread] INFO  GameApplication      - Game configuration took:  0.384 sec
13:22:17.855 [JavaFX Application Thread] DEBUG AssetLoader          - Loading from disk: /assets/textures/fxgl_icon.png
13:22:17.870 [JavaFX Application Thread] DEBUG MainWindow           - Opening main window
13:22:18.002 [JavaFX Application Thread] DEBUG MainWindow           - Window border size: (4.0, 26.666656494140625)
13:22:18.003 [JavaFX Application Thread] DEBUG MainWindow           - Scaled size: 800.0 x 400.0
13:22:18.003 [JavaFX Application Thread] DEBUG MainWindow           - Scaled ratio: (1.0, 1.0)
13:22:18.003 [JavaFX Application Thread] DEBUG MainWindow           - Scene size: 800.0 x 400.0
13:22:18.003 [JavaFX Application Thread] DEBUG MainWindow           - Stage size: 804.0 x 426.6666564941406
13:22:18.003 [JavaFX Application Thread] DEBUG GameApplication      - Running preInit()
13:22:18.005 [JavaFX Application Thread] DEBUG Input                - Registered new binding: Screenshot - P
13:22:18.005 [JavaFX Application Thread] DEBUG Input                - Registered new binding: Dev Options - CTRL+0
13:22:18.006 [JavaFX Application Thread] DEBUG Input                - Registered new binding: System info dump - CTRL+9
13:22:18.006 [JavaFX Application Thread] DEBUG Input                - Registered new binding: Restart - CTRL+R
13:22:18.006 [JavaFX Application Thread] DEBUG Input                - Registered new binding: flap - Space
13:22:18.034 [JavaFX Application Thread] DEBUG GameApplication      - Starting main loop
13:22:18.036 [JavaFX Application Thread] DEBUG StartupState         - STARTUP
13:22:18.036 [JavaFX Application Thread] DEBUG GameApplication      - Starting new game
13:22:18.036 [JavaFX Application Thread] DEBUG Input                - Clearing active input actions
13:22:18.043 [JavaFX Application Thread] DEBUG AppStateMachine      - StartupState -> LoadingState
13:22:18.047 [FXGL Background Thread 1 ] DEBUG InitAppTask          - Clearing previous game
13:22:18.048 [FXGL Background Thread 1 ] DEBUG GameWorld            - Clearing game world
13:22:18.048 [FXGL Background Thread 1 ] DEBUG PhysicsWorld         - Clearing physics world
13:22:18.048 [FXGL Background Thread 1 ] DEBUG GameScene            - Clearing game scene
13:22:18.049 [FXGL Background Thread 1 ] DEBUG InitAppTask          - Initializing Game
13:22:18.071 [FXGL Background Thread 1 ] DEBUG AssetLoader          - Loading from disk: /assets/textures/FlappyPort/flappybird_fly_sheet.png
13:22:18.143 [FXGL Background Thread 1 ] DEBUG GameScene            - Creating render group for layer: DEFAULT(100000)
13:22:18.146 [FXGL Background Thread 1 ] DEBUG AssetLoader          - Loading from disk: /assets/textures/FlappyPort/ground.png
13:22:18.151 [FXGL Background Thread 1 ] DEBUG GameScene            - Creating render group for layer: TOP(2147483647)
13:22:18.151 [FXGL Background Thread 1 ] DEBUG AssetLoader          - Loading from cache: /assets/textures/FlappyPort/ground.png
13:22:18.153 [FXGL Background Thread 1 ] DEBUG InitAppTask          - Initializing Physics
13:22:18.154 [FXGL Background Thread 1 ] DEBUG InitAppTask          - Initializing UI
13:22:18.154 [FXGL Background Thread 1 ] DEBUG AssetLoader          - Loading from disk: /assets/textures/FlappyPort/background.png
13:22:18.170 [FXGL Background Thread 1 ] DEBUG InitAppTask          - Initialization Complete
13:22:18.171 [FXGL Background Thread 1 ] INFO  InitAppTask          - Game initialization took: 0.124 sec
13:22:18.176 [JavaFX Application Thread] DEBUG Input                - Clearing active input actions
13:22:18.182 [JavaFX Application Thread] DEBUG AppStateMachine      - LoadingState -> PlayState
13:22:18.486 [JavaFX Application Thread] DEBUG Input                - Mocking key release: Space
13:22:18.967 [JavaFX Application Thread] DEBUG Input                - Mocking key release: Space
13:22:19.152 [JavaFX Application Thread] DEBUG AssetLoader          - Loading from disk: /assets/textures/FlappyPort/top_pipe.png
13:22:19.155 [JavaFX Application Thread] DEBUG AssetLoader          - Loading from disk: /assets/textures/FlappyPort/bottom_pipe.png
13:22:19.157 [JavaFX Application Thread] DEBUG AssetLoader          - Loading from cache: /assets/textures/FlappyPort/ground.png
13:22:19.166 [JavaFX Application Thread] DEBUG Input                - Mocking key release: Space
13:22:19.383 [JavaFX Application Thread] DEBUG Input                - Mocking key release: Space
13:22:19.583 [JavaFX Application Thread] DEBUG Input                - Mocking key release: Space
13:22:20.177 [JavaFX Application Thread] DEBUG AssetLoader          - Loading from cache: /assets/textures/FlappyPort/top_pipe.png
13:22:20.179 [JavaFX Application Thread] DEBUG AssetLoader          - Loading from cache: /assets/textures/FlappyPort/bottom_pipe.png
13:22:20.179 [JavaFX Application Thread] DEBUG AssetLoader          - Loading from cache: /assets/textures/FlappyPort/ground.png
13:22:20.634 [JavaFX Application Thread] DEBUG Input                - Mocking key release: Space
13:22:21.115 [JavaFX Application Thread] DEBUG Input                - Mocking key release: Space
13:22:21.186 [JavaFX Application Thread] DEBUG AssetLoader          - Loading from cache: /assets/textures/FlappyPort/top_pipe.png
13:22:21.187 [JavaFX Application Thread] DEBUG AssetLoader          - Loading from cache: /assets/textures/FlappyPort/bottom_pipe.png
13:22:21.188 [JavaFX Application Thread] DEBUG AssetLoader          - Loading from cache: /assets/textures/FlappyPort/ground.png
13:22:21.297 [JavaFX Application Thread] DEBUG Input                - Mocking key release: Space
13:22:21.882 [JavaFX Application Thread] DEBUG Input                - Mocking key release: Space
13:22:22.032 [JavaFX Application Thread] DEBUG Input                - Mocking key release: Space
13:22:22.208 [JavaFX Application Thread] DEBUG AssetLoader          - Loading from cache: /assets/textures/FlappyPort/top_pipe.png
13:22:22.210 [JavaFX Application Thread] DEBUG AssetLoader          - Loading from cache: /assets/textures/FlappyPort/bottom_pipe.png
13:22:22.211 [JavaFX Application Thread] DEBUG AssetLoader          - Loading from cache: /assets/textures/FlappyPort/ground.png
13:22:22.216 [JavaFX Application Thread] DEBUG Input                - Mocking key release: Space
13:22:22.399 [JavaFX Application Thread] DEBUG Input                - Mocking key release: Space
13:22:22.513 [JavaFX Application Thread] DEBUG AssetLoader          - Loading from disk: /assets/textures/FlappyPort/game_over.png
13:22:22.516 [JavaFX Application Thread] DEBUG GameScene            - Creating render group for layer: BACKGROUND(1000)
13:22:24.114 [JavaFX Application Thread] DEBUG GameApplication      - Exiting game application
13:22:24.115 [JavaFX Application Thread] DEBUG GameApplication      - Shutting down background threads
13:22:24.116 [JavaFX Application Thread] DEBUG GameApplication      - Exiting FXGL
13:22:24.116 [JavaFX Application Thread] DEBUG FXGL                 - Saving FXGL system data
13:22:24.118 [JavaFX Application Thread] DEBUG DesktopFSService     - Writing to: system\fxgl.bundle
13:22:24.121 [JavaFX Application Thread] DEBUG GameApplication      - Closing logger and exiting JavaFX
