12:51:29.631 [JavaFX Application Thread] DEBUG GameApplication      - Logger initialized
12:51:29.637 [JavaFX Application Thread] DEBUG MainWindow           - Creating a JavaFX scene
12:51:29.637 [JavaFX Application Thread] DEBUG MainWindow           - Target size > screen size
12:51:29.710 [JavaFX Application Thread] DEBUG MainWindow           - Target settings size: 1400.0 x 1050.0
12:51:29.710 [JavaFX Application Thread] DEBUG MainWindow           - Scaled scene size:    881.0 x 679.0
12:51:29.710 [JavaFX Application Thread] DEBUG MainWindow           - Scaled ratio: (0.6292857142857143, 0.6466666666666666)
12:51:29.717 [JavaFX Application Thread] DEBUG GameApplication      - Starting FXGL
12:51:29.728 [JavaFX Application Thread] INFO  FXGL                 - FXGL-0.5.1 on DESKTOP
12:51:29.728 [JavaFX Application Thread] INFO  FXGL                 - Source code and latest versions at: https://github.com/AlmasB/FXGL
12:51:29.728 [JavaFX Application Thread] INFO  FXGL                 -              Join the FXGL chat at: https://gitter.im/AlmasB/FXGL
12:51:29.733 [JavaFX Application Thread] DEBUG FS                   - Loaded DesktopFSService
12:51:29.734 [JavaFX Application Thread] DEBUG FXGL                 - Loading FXGL system data
12:51:29.741 [JavaFX Application Thread] DEBUG DesktopFSService     - Reading from: system\fxgl.bundle
12:51:29.748 [JavaFX Application Thread] DEBUG Bundle               - Logging bundle: FXGL
12:51:29.748 [JavaFX Application Thread] DEBUG Bundle               - FXGL.offline.timer.version.check=2018-05-24T09:09:49.283
12:51:29.772 [JavaFX Application Thread] DEBUG GameApplication      - FXGL started
12:51:29.772 [JavaFX Application Thread] DEBUG GameApplication      - Logging game settings
Title: Platformer
Version: 
Width: 1400
Height: 1050
Fullscreen: false
Intro: false
Menus: false
Profiling: false
Single step:false
App Mode: DEVELOPER
Menu Key: ESCAPE
Stage Style: DECORATED
Scene Factory: class com.almasb.fxgl.scene.SceneFactory
Dialog Factory: class com.almasb.fxgl.ui.FXGLDialogFactory
UI Factory: class com.almasb.fxgl.ui.FXGLUIFactory
Notification Service: class com.almasb.fxgl.gameplay.notification.XboxNotificationView
Exception Handler: class com.almasb.fxgl.app.FXGLExceptionHandler
12:51:29.773 [JavaFX Application Thread] DEBUG GameApplication      - Configuring GameApplication
12:51:29.773 [JavaFX Application Thread] DEBUG GameApplication      - Initializing state machine and application states
12:51:29.784 [JavaFX Application Thread] DEBUG AssetLoader          - Loading from disk: /assets/ui/cursors/fxgl_default.png
12:51:29.801 [JavaFX Application Thread] DEBUG AssetLoader          - Loading from disk: /assets/ui/cursors/fxgl_default.png
12:51:29.819 [JavaFX Application Thread] DEBUG FXGLAssets           - Loading FXGLAssets
12:51:29.842 [JavaFX Application Thread] DEBUG AssetLoader          - Loading from disk: /assets/ui/fonts/VarelaRound-Regular.ttf
12:51:29.963 [JavaFX Application Thread] DEBUG AssetLoader          - Loading from disk: /assets/ui/fonts/lucida_console.ttf
12:51:29.973 [JavaFX Application Thread] DEBUG AssetLoader          - Loading from disk: /assets/ui/css/fxgl_dark.css
12:51:29.997 [JavaFX Application Thread] DEBUG AssetLoader          - Loading from disk: /assets/ui/cursors/fxgl_default.png
12:51:30.023 [JavaFX Application Thread] DEBUG AssetLoader          - Loading from disk: /assets/ui/cursors/fxgl_default.png
12:51:30.036 [JavaFX Application Thread] DEBUG GameScene            - Game scene initialized: 1400x1050
12:51:30.039 [JavaFX Application Thread] DEBUG GameWorld            - Game world initialized
12:51:30.076 [JavaFX Application Thread] DEBUG PhysicsWorld         - Physics world initialized: appHeight=1050, physics.ppm=50.0
12:51:30.091 [JavaFX Application Thread] DEBUG Input                - Registered new binding: Pause - Esc
12:51:30.104 [JavaFX Application Thread] DEBUG Input                - Clearing active input actions
12:51:30.137 [JavaFX Application Thread] DEBUG AppStateMachine      - StartupState -> StartupState
12:51:30.140 [JavaFX Application Thread] INFO  GameApplication      - Game configuration took:  0.367 sec
12:51:30.142 [JavaFX Application Thread] DEBUG AssetLoader          - Loading from disk: /assets/textures/fxgl_icon.png
12:51:30.152 [JavaFX Application Thread] DEBUG MainWindow           - Opening main window
12:51:30.292 [JavaFX Application Thread] DEBUG MainWindow           - Window border size: (4.33331298828125, 27.0)
12:51:30.293 [JavaFX Application Thread] DEBUG MainWindow           - Scaled size: 881.0 x 679.0
12:51:30.293 [JavaFX Application Thread] DEBUG MainWindow           - Scaled ratio: (0.6292857142857143, 0.6466666666666666)
12:51:30.293 [JavaFX Application Thread] DEBUG MainWindow           - Scene size: 881.3333129882812 x 679.3333129882812
12:51:30.293 [JavaFX Application Thread] DEBUG MainWindow           - Stage size: 885.3333129882812 x 706.0
12:51:30.293 [JavaFX Application Thread] DEBUG GameApplication      - Running preInit()
12:51:30.295 [JavaFX Application Thread] DEBUG Input                - Registered new binding: Screenshot - P
12:51:30.295 [JavaFX Application Thread] DEBUG Input                - Registered new binding: Dev Options - CTRL+0
12:51:30.296 [JavaFX Application Thread] DEBUG Input                - Registered new binding: System info dump - CTRL+9
12:51:30.296 [JavaFX Application Thread] DEBUG Input                - Registered new binding: Restart - CTRL+R
12:51:30.323 [JavaFX Application Thread] DEBUG GameApplication      - Starting main loop
12:51:30.325 [JavaFX Application Thread] DEBUG StartupState         - STARTUP
12:51:30.325 [JavaFX Application Thread] DEBUG GameApplication      - Starting new game
12:51:30.326 [JavaFX Application Thread] DEBUG Input                - Clearing active input actions
12:51:30.331 [JavaFX Application Thread] DEBUG AppStateMachine      - StartupState -> LoadingState
12:51:30.335 [FXGL Background Thread 1 ] DEBUG InitAppTask          - Clearing previous game
12:51:30.335 [FXGL Background Thread 1 ] DEBUG GameWorld            - Clearing game world
12:51:30.335 [FXGL Background Thread 1 ] DEBUG PhysicsWorld         - Clearing physics world
12:51:30.335 [FXGL Background Thread 1 ] DEBUG GameScene            - Clearing game scene
12:51:30.336 [FXGL Background Thread 1 ] DEBUG InitAppTask          - Initializing Game
12:51:30.355 [FXGL Background Thread 1 ] DEBUG AssetLoader          - Loading from disk: /assets/tmx/platformer_map_1.tmx
12:51:30.374 [FXGL Background Thread 1 ] WARN  TMXParser            - TiledMap generated from 1.1.5. Supported version: 1.1.2. Some features may not be parsed fully.
12:51:30.400 [FXGL Background Thread 1 ] DEBUG GameWorld            - Clearing removable entities
12:51:30.400 [FXGL Background Thread 1 ] DEBUG GameWorld            - Setting level from map
12:51:30.418 [FXGL Background Thread 1 ] DEBUG AssetLoader          - Loading from disk: /assets/textures/map_tiles.png
12:51:30.437 [FXGL Background Thread 1 ] DEBUG AssetLoader          - Loading from cache: /assets/textures/map_tiles.png
12:51:30.438 [FXGL Background Thread 1 ] DEBUG AssetLoader          - Loading from cache: /assets/textures/map_tiles.png
12:51:30.438 [FXGL Background Thread 1 ] DEBUG AssetLoader          - Loading from cache: /assets/textures/map_tiles.png
12:51:30.438 [FXGL Background Thread 1 ] DEBUG AssetLoader          - Loading from cache: /assets/textures/map_tiles.png
12:51:30.438 [FXGL Background Thread 1 ] DEBUG AssetLoader          - Loading from cache: /assets/textures/map_tiles.png
12:51:30.438 [FXGL Background Thread 1 ] DEBUG AssetLoader          - Loading from cache: /assets/textures/map_tiles.png
12:51:30.438 [FXGL Background Thread 1 ] DEBUG AssetLoader          - Loading from cache: /assets/textures/map_tiles.png
12:51:30.438 [FXGL Background Thread 1 ] DEBUG AssetLoader          - Loading from cache: /assets/textures/map_tiles.png
12:51:30.439 [FXGL Background Thread 1 ] DEBUG AssetLoader          - Loading from cache: /assets/textures/map_tiles.png
12:51:30.439 [FXGL Background Thread 1 ] DEBUG AssetLoader          - Loading from cache: /assets/textures/map_tiles.png
12:51:30.439 [FXGL Background Thread 1 ] DEBUG AssetLoader          - Loading from cache: /assets/textures/map_tiles.png
12:51:30.439 [FXGL Background Thread 1 ] DEBUG AssetLoader          - Loading from cache: /assets/textures/map_tiles.png
12:51:30.439 [FXGL Background Thread 1 ] DEBUG AssetLoader          - Loading from cache: /assets/textures/map_tiles.png
12:51:30.439 [FXGL Background Thread 1 ] DEBUG AssetLoader          - Loading from cache: /assets/textures/map_tiles.png
12:51:30.440 [FXGL Background Thread 1 ] DEBUG AssetLoader          - Loading from cache: /assets/textures/map_tiles.png
12:51:30.440 [FXGL Background Thread 1 ] DEBUG AssetLoader          - Loading from cache: /assets/textures/map_tiles.png
12:51:30.440 [FXGL Background Thread 1 ] DEBUG AssetLoader          - Loading from cache: /assets/textures/map_tiles.png
12:51:30.440 [FXGL Background Thread 1 ] DEBUG AssetLoader          - Loading from cache: /assets/textures/map_tiles.png
12:51:30.440 [FXGL Background Thread 1 ] DEBUG AssetLoader          - Loading from cache: /assets/textures/map_tiles.png
12:51:30.440 [FXGL Background Thread 1 ] DEBUG AssetLoader          - Loading from cache: /assets/textures/map_tiles.png
12:51:30.440 [FXGL Background Thread 1 ] DEBUG AssetLoader          - Loading from cache: /assets/textures/map_tiles.png
12:51:30.440 [FXGL Background Thread 1 ] DEBUG AssetLoader          - Loading from cache: /assets/textures/map_tiles.png
12:51:30.441 [FXGL Background Thread 1 ] DEBUG AssetLoader          - Loading from cache: /assets/textures/map_tiles.png
12:51:30.441 [FXGL Background Thread 1 ] DEBUG AssetLoader          - Loading from cache: /assets/textures/map_tiles.png
12:51:30.441 [FXGL Background Thread 1 ] DEBUG AssetLoader          - Loading from cache: /assets/textures/map_tiles.png
12:51:30.441 [FXGL Background Thread 1 ] DEBUG AssetLoader          - Loading from cache: /assets/textures/map_tiles.png
12:51:30.441 [FXGL Background Thread 1 ] DEBUG AssetLoader          - Loading from cache: /assets/textures/map_tiles.png
12:51:30.441 [FXGL Background Thread 1 ] DEBUG AssetLoader          - Loading from cache: /assets/textures/map_tiles.png
12:51:30.441 [FXGL Background Thread 1 ] DEBUG AssetLoader          - Loading from cache: /assets/textures/map_tiles.png
12:51:30.441 [FXGL Background Thread 1 ] DEBUG AssetLoader          - Loading from cache: /assets/textures/map_tiles.png
12:51:30.442 [FXGL Background Thread 1 ] DEBUG AssetLoader          - Loading from cache: /assets/textures/map_tiles.png
12:51:30.442 [FXGL Background Thread 1 ] DEBUG AssetLoader          - Loading from cache: /assets/textures/map_tiles.png
12:51:30.442 [FXGL Background Thread 1 ] DEBUG AssetLoader          - Loading from cache: /assets/textures/map_tiles.png
12:51:30.442 [FXGL Background Thread 1 ] DEBUG AssetLoader          - Loading from cache: /assets/textures/map_tiles.png
12:51:30.442 [FXGL Background Thread 1 ] DEBUG AssetLoader          - Loading from cache: /assets/textures/map_tiles.png
12:51:30.442 [FXGL Background Thread 1 ] DEBUG AssetLoader          - Loading from cache: /assets/textures/map_tiles.png
12:51:30.442 [FXGL Background Thread 1 ] DEBUG AssetLoader          - Loading from cache: /assets/textures/map_tiles.png
12:51:30.442 [FXGL Background Thread 1 ] DEBUG AssetLoader          - Loading from cache: /assets/textures/map_tiles.png
12:51:30.442 [FXGL Background Thread 1 ] DEBUG AssetLoader          - Loading from cache: /assets/textures/map_tiles.png
12:51:30.443 [FXGL Background Thread 1 ] DEBUG AssetLoader          - Loading from cache: /assets/textures/map_tiles.png
12:51:30.443 [FXGL Background Thread 1 ] DEBUG AssetLoader          - Loading from cache: /assets/textures/map_tiles.png
12:51:30.443 [FXGL Background Thread 1 ] DEBUG AssetLoader          - Loading from cache: /assets/textures/map_tiles.png
12:51:30.443 [FXGL Background Thread 1 ] DEBUG AssetLoader          - Loading from cache: /assets/textures/map_tiles.png
12:51:30.443 [FXGL Background Thread 1 ] DEBUG AssetLoader          - Loading from cache: /assets/textures/map_tiles.png
12:51:30.443 [FXGL Background Thread 1 ] DEBUG AssetLoader          - Loading from cache: /assets/textures/map_tiles.png
12:51:30.443 [FXGL Background Thread 1 ] DEBUG AssetLoader          - Loading from cache: /assets/textures/map_tiles.png
12:51:30.444 [FXGL Background Thread 1 ] DEBUG AssetLoader          - Loading from cache: /assets/textures/map_tiles.png
12:51:30.444 [FXGL Background Thread 1 ] DEBUG AssetLoader          - Loading from cache: /assets/textures/map_tiles.png
12:51:30.444 [FXGL Background Thread 1 ] DEBUG AssetLoader          - Loading from cache: /assets/textures/map_tiles.png
12:51:30.444 [FXGL Background Thread 1 ] DEBUG AssetLoader          - Loading from cache: /assets/textures/map_tiles.png
12:51:30.444 [FXGL Background Thread 1 ] DEBUG AssetLoader          - Loading from cache: /assets/textures/map_tiles.png
12:51:30.444 [FXGL Background Thread 1 ] DEBUG AssetLoader          - Loading from cache: /assets/textures/map_tiles.png
12:51:30.444 [FXGL Background Thread 1 ] DEBUG AssetLoader          - Loading from cache: /assets/textures/map_tiles.png
12:51:30.444 [FXGL Background Thread 1 ] DEBUG AssetLoader          - Loading from cache: /assets/textures/map_tiles.png
12:51:30.444 [FXGL Background Thread 1 ] DEBUG AssetLoader          - Loading from cache: /assets/textures/map_tiles.png
12:51:30.445 [FXGL Background Thread 1 ] DEBUG AssetLoader          - Loading from cache: /assets/textures/map_tiles.png
12:51:30.445 [FXGL Background Thread 1 ] DEBUG AssetLoader          - Loading from cache: /assets/textures/map_tiles.png
12:51:30.445 [FXGL Background Thread 1 ] DEBUG AssetLoader          - Loading from cache: /assets/textures/map_tiles.png
12:51:30.445 [FXGL Background Thread 1 ] DEBUG AssetLoader          - Loading from cache: /assets/textures/map_tiles.png
12:51:30.445 [FXGL Background Thread 1 ] DEBUG AssetLoader          - Loading from cache: /assets/textures/map_tiles.png
12:51:30.445 [FXGL Background Thread 1 ] DEBUG AssetLoader          - Loading from cache: /assets/textures/map_tiles.png
12:51:30.445 [FXGL Background Thread 1 ] DEBUG AssetLoader          - Loading from cache: /assets/textures/map_tiles.png
12:51:30.447 [FXGL Background Thread 1 ] DEBUG GameScene            - Creating render group for layer: BACKGROUND(1000)
12:51:30.489 [FXGL Background Thread 1 ] DEBUG GameScene            - Creating render group for layer: DEFAULT(100000)
12:51:30.504 [FXGL Background Thread 1 ] DEBUG InitAppTask          - Initializing Physics
12:51:30.504 [FXGL Background Thread 1 ] DEBUG InitAppTask          - Initializing UI
12:51:30.504 [FXGL Background Thread 1 ] DEBUG InitAppTask          - Initialization Complete
12:51:30.504 [FXGL Background Thread 1 ] INFO  InitAppTask          - Game initialization took: 0.169 sec
12:51:30.510 [JavaFX Application Thread] DEBUG Input                - Clearing active input actions
12:51:30.516 [JavaFX Application Thread] DEBUG AppStateMachine      - LoadingState -> PlayState
12:51:38.639 [JavaFX Application Thread] DEBUG GameApplication      - Exiting game application
12:51:38.640 [JavaFX Application Thread] DEBUG GameApplication      - Shutting down background threads
12:51:38.640 [JavaFX Application Thread] DEBUG GameApplication      - Exiting FXGL
12:51:38.640 [JavaFX Application Thread] DEBUG FXGL                 - Saving FXGL system data
12:51:38.642 [JavaFX Application Thread] DEBUG DesktopFSService     - Writing to: system\fxgl.bundle
12:51:38.646 [JavaFX Application Thread] DEBUG GameApplication      - Closing logger and exiting JavaFX
