11:05:21.546 [JavaFX Application Thread] DEBUG GameApplication      - Logger initialized
11:05:21.552 [JavaFX Application Thread] DEBUG MainWindow           - Creating a JavaFX scene
11:05:21.624 [JavaFX Application Thread] DEBUG MainWindow           - Target settings size: 800.0 x 470.0
11:05:21.624 [JavaFX Application Thread] DEBUG MainWindow           - Scaled scene size:    800.0 x 470.0
11:05:21.624 [JavaFX Application Thread] DEBUG MainWindow           - Scaled ratio: (1.0, 1.0)
11:05:21.629 [JavaFX Application Thread] DEBUG GameApplication      - Starting FXGL
11:05:21.639 [JavaFX Application Thread] INFO  FXGL                 - FXGL-0.5.1 on DESKTOP
11:05:21.639 [JavaFX Application Thread] INFO  FXGL                 - Source code and latest versions at: https://github.com/AlmasB/FXGL
11:05:21.640 [JavaFX Application Thread] INFO  FXGL                 -              Join the FXGL chat at: https://gitter.im/AlmasB/FXGL
11:05:21.645 [JavaFX Application Thread] DEBUG FS                   - Loaded DesktopFSService
11:05:21.645 [JavaFX Application Thread] DEBUG FXGL                 - Loading FXGL system data
11:05:21.652 [JavaFX Application Thread] DEBUG DesktopFSService     - Reading from: system\fxgl.bundle
11:05:21.659 [JavaFX Application Thread] DEBUG Bundle               - Logging bundle: FXGL
11:05:21.659 [JavaFX Application Thread] DEBUG Bundle               - FXGL.offline.timer.version.check=2018-05-16T18:22:51.838
11:05:21.681 [JavaFX Application Thread] DEBUG GameApplication      - FXGL started
11:05:21.681 [JavaFX Application Thread] DEBUG GameApplication      - Logging game settings
Title: Frogger
Version: 0.2.0
Width: 800
Height: 470
Fullscreen: false
Intro: false
Menus: false
Profiling: false
Single step:false
App Mode: DEVELOPER
Menu Key: ESCAPE
Stage Style: DECORATED
Scene Factory: class com.almasb.fxgl.scene.SceneFactory
Dialog Factory: class com.almasb.fxgl.ui.FXGLDialogFactory
UI Factory: class com.almasb.fxgl.ui.FXGLUIFactory
Notification Service: class com.almasb.fxgl.gameplay.notification.XboxNotificationView
Exception Handler: class com.almasb.fxgl.app.FXGLExceptionHandler
11:05:21.682 [JavaFX Application Thread] DEBUG GameApplication      - Configuring GameApplication
11:05:21.682 [JavaFX Application Thread] DEBUG GameApplication      - Initializing state machine and application states
11:05:21.693 [JavaFX Application Thread] DEBUG AssetLoader          - Loading from disk: /assets/ui/cursors/fxgl_default.png
11:05:21.711 [JavaFX Application Thread] DEBUG AssetLoader          - Loading from disk: /assets/ui/cursors/fxgl_default.png
11:05:21.727 [JavaFX Application Thread] DEBUG FXGLAssets           - Loading FXGLAssets
11:05:21.752 [JavaFX Application Thread] DEBUG AssetLoader          - Loading from disk: /assets/ui/fonts/VarelaRound-Regular.ttf
11:05:21.878 [JavaFX Application Thread] DEBUG AssetLoader          - Loading from disk: /assets/ui/fonts/lucida_console.ttf
11:05:21.887 [JavaFX Application Thread] DEBUG AssetLoader          - Loading from disk: /assets/ui/css/fxgl_dark.css
11:05:21.911 [JavaFX Application Thread] DEBUG AssetLoader          - Loading from disk: /assets/ui/cursors/fxgl_default.png
11:05:21.935 [JavaFX Application Thread] DEBUG AssetLoader          - Loading from disk: /assets/ui/cursors/fxgl_default.png
11:05:21.947 [JavaFX Application Thread] DEBUG GameScene            - Game scene initialized: 800x470
11:05:21.949 [JavaFX Application Thread] DEBUG GameWorld            - Game world initialized
11:05:21.988 [JavaFX Application Thread] DEBUG PhysicsWorld         - Physics world initialized: appHeight=470, physics.ppm=50.0
11:05:22.002 [JavaFX Application Thread] DEBUG Input                - Registered new binding: Pause - Esc
11:05:22.017 [JavaFX Application Thread] DEBUG Input                - Clearing active input actions
11:05:22.051 [JavaFX Application Thread] DEBUG AppStateMachine      - StartupState -> StartupState
11:05:22.055 [JavaFX Application Thread] INFO  GameApplication      - Game configuration took:  0.372 sec
11:05:22.056 [JavaFX Application Thread] DEBUG AssetLoader          - Loading from disk: /assets/textures/fxgl_icon.png
11:05:22.066 [JavaFX Application Thread] DEBUG MainWindow           - Opening main window
11:05:22.198 [JavaFX Application Thread] DEBUG MainWindow           - Window border size: (4.0, 26.666656494140625)
11:05:22.198 [JavaFX Application Thread] DEBUG MainWindow           - Scaled size: 800.0 x 470.0
11:05:22.198 [JavaFX Application Thread] DEBUG MainWindow           - Scaled ratio: (1.0, 1.0)
11:05:22.198 [JavaFX Application Thread] DEBUG MainWindow           - Scene size: 800.0 x 470.0
11:05:22.198 [JavaFX Application Thread] DEBUG MainWindow           - Stage size: 804.0 x 496.6666564941406
11:05:22.198 [JavaFX Application Thread] DEBUG GameApplication      - Running preInit()
11:05:22.200 [JavaFX Application Thread] DEBUG Input                - Registered new binding: Screenshot - P
11:05:22.200 [JavaFX Application Thread] DEBUG Input                - Registered new binding: Dev Options - CTRL+0
11:05:22.201 [JavaFX Application Thread] DEBUG Input                - Registered new binding: System info dump - CTRL+9
11:05:22.201 [JavaFX Application Thread] DEBUG Input                - Registered new binding: Restart - CTRL+R
11:05:22.201 [JavaFX Application Thread] DEBUG Input                - Registered new binding: up - W
11:05:22.201 [JavaFX Application Thread] DEBUG Input                - Registered new binding: down - S
11:05:22.201 [JavaFX Application Thread] DEBUG Input                - Registered new binding: left - A
11:05:22.202 [JavaFX Application Thread] DEBUG Input                - Registered new binding: right - D
11:05:22.202 [JavaFX Application Thread] DEBUG Input                - Registered new binding: test - Space
11:05:22.228 [JavaFX Application Thread] DEBUG GameApplication      - Starting main loop
11:05:22.229 [JavaFX Application Thread] DEBUG StartupState         - STARTUP
11:05:22.229 [JavaFX Application Thread] DEBUG GameApplication      - Starting new game
11:05:22.229 [JavaFX Application Thread] DEBUG Input                - Clearing active input actions
11:05:22.235 [JavaFX Application Thread] DEBUG AppStateMachine      - StartupState -> LoadingState
11:05:22.241 [FXGL Background Thread 1 ] DEBUG InitAppTask          - Clearing previous game
11:05:22.241 [FXGL Background Thread 1 ] DEBUG GameWorld            - Clearing game world
11:05:22.241 [FXGL Background Thread 1 ] DEBUG PhysicsWorld         - Clearing physics world
11:05:22.241 [FXGL Background Thread 1 ] DEBUG GameScene            - Clearing game scene
11:05:22.242 [FXGL Background Thread 1 ] DEBUG InitAppTask          - Initializing Game
11:05:22.283 [FXGL Background Thread 1 ] DEBUG AssetLoader          - Loading from disk: /assets/textures/Frogger/frog_idle.png
11:05:22.292 [FXGL Background Thread 1 ] DEBUG GameScene            - Creating render group for layer: DEFAULT(100000)
11:05:22.294 [FXGL Background Thread 1 ] DEBUG InitAppTask          - Initializing Physics
11:05:22.295 [FXGL Background Thread 1 ] DEBUG InitAppTask          - Initializing UI
11:05:22.295 [FXGL Background Thread 1 ] DEBUG AssetLoader          - Loading from disk: /assets/textures/Frogger/background.jpg
11:05:22.305 [FXGL Background Thread 1 ] DEBUG InitAppTask          - Initialization Complete
11:05:22.306 [FXGL Background Thread 1 ] INFO  InitAppTask          - Game initialization took: 0.065 sec
11:05:22.315 [JavaFX Application Thread] DEBUG Input                - Clearing active input actions
11:05:22.321 [JavaFX Application Thread] DEBUG AppStateMachine      - LoadingState -> PlayState
11:05:22.783 [JavaFX Application Thread] DEBUG Input                - Mocking key release: Space
11:05:22.783 [JavaFX Application Thread] DEBUG AssetLoader          - Loading from disk: /assets/textures/Frogger/sinking_frog.png
11:05:23.721 [JavaFX Application Thread] DEBUG Input                - Mocking key release: Space
11:05:23.721 [JavaFX Application Thread] DEBUG AssetLoader          - Loading from cache: /assets/textures/Frogger/sinking_frog.png
11:05:24.310 [JavaFX Application Thread] DEBUG Input                - Mocking key release: Space
11:05:24.311 [JavaFX Application Thread] DEBUG AssetLoader          - Loading from cache: /assets/textures/Frogger/sinking_frog.png
11:05:24.786 [JavaFX Application Thread] DEBUG Input                - Mocking key release: Space
11:05:24.786 [JavaFX Application Thread] DEBUG AssetLoader          - Loading from cache: /assets/textures/Frogger/sinking_frog.png
11:05:25.035 [JavaFX Application Thread] DEBUG Input                - Mocking key release: Space
11:05:25.036 [JavaFX Application Thread] DEBUG AssetLoader          - Loading from cache: /assets/textures/Frogger/sinking_frog.png
11:05:25.228 [JavaFX Application Thread] DEBUG Input                - Mocking key release: Space
11:05:25.228 [JavaFX Application Thread] DEBUG AssetLoader          - Loading from cache: /assets/textures/Frogger/sinking_frog.png
11:05:25.380 [JavaFX Application Thread] DEBUG Input                - Mocking key release: Space
11:05:25.381 [JavaFX Application Thread] DEBUG AssetLoader          - Loading from cache: /assets/textures/Frogger/sinking_frog.png
11:05:25.579 [JavaFX Application Thread] DEBUG Input                - Mocking key release: Space
11:05:25.579 [JavaFX Application Thread] DEBUG AssetLoader          - Loading from cache: /assets/textures/Frogger/sinking_frog.png
11:05:25.786 [JavaFX Application Thread] DEBUG Input                - Mocking key release: Space
11:05:25.787 [JavaFX Application Thread] DEBUG AssetLoader          - Loading from cache: /assets/textures/Frogger/sinking_frog.png
11:05:26.905 [JavaFX Application Thread] DEBUG Input                - Mocking key release: Space
11:05:26.905 [JavaFX Application Thread] DEBUG AssetLoader          - Loading from cache: /assets/textures/Frogger/sinking_frog.png
11:05:27.340 [JavaFX Application Thread] DEBUG Input                - Mocking key release: Space
11:05:27.340 [JavaFX Application Thread] DEBUG AssetLoader          - Loading from cache: /assets/textures/Frogger/sinking_frog.png
11:05:28.226 [JavaFX Application Thread] DEBUG GameApplication      - Exiting game application
11:05:28.227 [JavaFX Application Thread] DEBUG GameApplication      - Shutting down background threads
11:05:28.227 [JavaFX Application Thread] DEBUG GameApplication      - Exiting FXGL
11:05:28.227 [JavaFX Application Thread] DEBUG FXGL                 - Saving FXGL system data
11:05:28.229 [JavaFX Application Thread] DEBUG DesktopFSService     - Writing to: system\fxgl.bundle
11:05:28.232 [JavaFX Application Thread] DEBUG GameApplication      - Closing logger and exiting JavaFX
