09:23:45.854 [JavaFX Application Thread] DEBUG GameApplication      - Logger initialized
09:23:45.861 [JavaFX Application Thread] DEBUG MainWindow           - Creating a JavaFX scene
09:23:45.933 [JavaFX Application Thread] DEBUG MainWindow           - Target settings size: 800.0 x 600.0
09:23:45.934 [JavaFX Application Thread] DEBUG MainWindow           - Scaled scene size:    800.0 x 600.0
09:23:45.934 [JavaFX Application Thread] DEBUG MainWindow           - Scaled ratio: (1.0, 1.0)
09:23:45.938 [JavaFX Application Thread] DEBUG GameApplication      - Starting FXGL
09:23:45.948 [JavaFX Application Thread] INFO  FXGL                 - FXGL-0.5.1 on DESKTOP
09:23:45.948 [JavaFX Application Thread] INFO  FXGL                 - Source code and latest versions at: https://github.com/AlmasB/FXGL
09:23:45.948 [JavaFX Application Thread] INFO  FXGL                 -              Join the FXGL chat at: https://gitter.im/AlmasB/FXGL
09:23:45.953 [JavaFX Application Thread] DEBUG FS                   - Loaded DesktopFSService
09:23:45.953 [JavaFX Application Thread] DEBUG FXGL                 - Loading FXGL system data
09:23:45.961 [JavaFX Application Thread] DEBUG DesktopFSService     - Reading from: system\fxgl.bundle
09:23:45.968 [JavaFX Application Thread] DEBUG Bundle               - Logging bundle: FXGL
09:23:45.969 [JavaFX Application Thread] DEBUG Bundle               - FXGL.offline.timer.version.check=2018-05-24T09:09:49.283
09:23:45.991 [JavaFX Application Thread] DEBUG GameApplication      - FXGL started
09:23:45.991 [JavaFX Application Thread] DEBUG GameApplication      - Logging game settings
Title: Physics Demo
Version: 
Width: 800
Height: 600
Fullscreen: false
Intro: false
Menus: false
Profiling: false
Single step:false
App Mode: DEVELOPER
Menu Key: ESCAPE
Stage Style: DECORATED
Scene Factory: class com.almasb.fxgl.scene.SceneFactory
Dialog Factory: class com.almasb.fxgl.ui.FXGLDialogFactory
UI Factory: class com.almasb.fxgl.ui.FXGLUIFactory
Notification Service: class com.almasb.fxgl.gameplay.notification.XboxNotificationView
Exception Handler: class com.almasb.fxgl.app.FXGLExceptionHandler
09:23:45.992 [JavaFX Application Thread] DEBUG GameApplication      - Configuring GameApplication
09:23:45.992 [JavaFX Application Thread] DEBUG GameApplication      - Initializing state machine and application states
09:23:46.002 [JavaFX Application Thread] DEBUG AssetLoader          - Loading from disk: /assets/ui/cursors/fxgl_default.png
09:23:46.020 [JavaFX Application Thread] DEBUG AssetLoader          - Loading from disk: /assets/ui/cursors/fxgl_default.png
09:23:46.037 [JavaFX Application Thread] DEBUG FXGLAssets           - Loading FXGLAssets
09:23:46.061 [JavaFX Application Thread] DEBUG AssetLoader          - Loading from disk: /assets/ui/fonts/VarelaRound-Regular.ttf
09:23:46.193 [JavaFX Application Thread] DEBUG AssetLoader          - Loading from disk: /assets/ui/fonts/lucida_console.ttf
09:23:46.202 [JavaFX Application Thread] DEBUG AssetLoader          - Loading from disk: /assets/ui/css/fxgl_dark.css
09:23:46.226 [JavaFX Application Thread] DEBUG AssetLoader          - Loading from disk: /assets/ui/cursors/fxgl_default.png
09:23:46.251 [JavaFX Application Thread] DEBUG AssetLoader          - Loading from disk: /assets/ui/cursors/fxgl_default.png
09:23:46.266 [JavaFX Application Thread] DEBUG GameScene            - Game scene initialized: 800x600
09:23:46.268 [JavaFX Application Thread] DEBUG GameWorld            - Game world initialized
09:23:46.306 [JavaFX Application Thread] DEBUG PhysicsWorld         - Physics world initialized: appHeight=600, physics.ppm=50.0
09:23:46.320 [JavaFX Application Thread] DEBUG Input                - Registered new binding: Pause - Esc
09:23:46.334 [JavaFX Application Thread] DEBUG Input                - Clearing active input actions
09:23:46.365 [JavaFX Application Thread] DEBUG AppStateMachine      - StartupState -> StartupState
09:23:46.368 [JavaFX Application Thread] INFO  GameApplication      - Game configuration took:  0.376 sec
09:23:46.369 [JavaFX Application Thread] DEBUG AssetLoader          - Loading from disk: /assets/textures/fxgl_icon.png
09:23:46.380 [JavaFX Application Thread] DEBUG MainWindow           - Opening main window
09:23:46.519 [JavaFX Application Thread] DEBUG MainWindow           - Window border size: (4.0, 26.66668701171875)
09:23:46.520 [JavaFX Application Thread] DEBUG MainWindow           - Scaled size: 800.0 x 600.0
09:23:46.520 [JavaFX Application Thread] DEBUG MainWindow           - Scaled ratio: (1.0, 1.0)
09:23:46.520 [JavaFX Application Thread] DEBUG MainWindow           - Scene size: 800.0 x 600.0
09:23:46.520 [JavaFX Application Thread] DEBUG MainWindow           - Stage size: 804.0 x 626.6666870117188
09:23:46.520 [JavaFX Application Thread] DEBUG GameApplication      - Running preInit()
09:23:46.522 [JavaFX Application Thread] DEBUG Input                - Registered new binding: Screenshot - P
09:23:46.522 [JavaFX Application Thread] DEBUG Input                - Registered new binding: Dev Options - CTRL+0
09:23:46.522 [JavaFX Application Thread] DEBUG Input                - Registered new binding: System info dump - CTRL+9
09:23:46.523 [JavaFX Application Thread] DEBUG Input                - Registered new binding: Restart - CTRL+R
09:23:46.551 [JavaFX Application Thread] DEBUG GameApplication      - Starting main loop
09:23:46.553 [JavaFX Application Thread] DEBUG StartupState         - STARTUP
09:23:46.553 [JavaFX Application Thread] DEBUG GameApplication      - Starting new game
09:23:46.553 [JavaFX Application Thread] DEBUG Input                - Clearing active input actions
09:23:46.560 [JavaFX Application Thread] DEBUG AppStateMachine      - StartupState -> LoadingState
09:23:46.564 [FXGL Background Thread 1 ] DEBUG InitAppTask          - Clearing previous game
09:23:46.564 [FXGL Background Thread 1 ] DEBUG GameWorld            - Clearing game world
09:23:46.564 [FXGL Background Thread 1 ] DEBUG PhysicsWorld         - Clearing physics world
09:23:46.564 [FXGL Background Thread 1 ] DEBUG GameScene            - Clearing game scene
09:23:46.565 [FXGL Background Thread 1 ] DEBUG InitAppTask          - Initializing Game
09:23:46.653 [FXGL Background Thread 1 ] DEBUG GameScene            - Creating render group for layer: DEFAULT(100000)
09:23:46.655 [FXGL Background Thread 1 ] DEBUG InitAppTask          - Initializing Physics
09:23:46.655 [FXGL Background Thread 1 ] DEBUG InitAppTask          - Initializing UI
09:23:46.656 [FXGL Background Thread 1 ] DEBUG InitAppTask          - Initialization Complete
09:23:46.656 [FXGL Background Thread 1 ] INFO  InitAppTask          - Game initialization took: 0.091 sec
09:23:46.662 [JavaFX Application Thread] DEBUG Input                - Clearing active input actions
09:23:46.667 [JavaFX Application Thread] DEBUG AppStateMachine      - LoadingState -> PlayState
09:24:30.463 [JavaFX Application Thread] DEBUG GameApplication      - Exiting game application
09:24:30.464 [JavaFX Application Thread] DEBUG GameApplication      - Shutting down background threads
09:24:30.464 [JavaFX Application Thread] DEBUG GameApplication      - Exiting FXGL
09:24:30.465 [JavaFX Application Thread] DEBUG FXGL                 - Saving FXGL system data
09:24:30.467 [JavaFX Application Thread] DEBUG DesktopFSService     - Writing to: system\fxgl.bundle
09:24:30.470 [JavaFX Application Thread] DEBUG GameApplication      - Closing logger and exiting JavaFX
