11:48:42.956 [JavaFX Application Thread] DEBUG GameApplication      - Logger initialized
11:48:42.962 [JavaFX Application Thread] DEBUG MainWindow           - Creating a JavaFX scene
11:48:43.033 [JavaFX Application Thread] DEBUG MainWindow           - Target settings size: 700.0 x 490.0
11:48:43.033 [JavaFX Application Thread] DEBUG MainWindow           - Scaled scene size:    700.0 x 490.0
11:48:43.033 [JavaFX Application Thread] DEBUG MainWindow           - Scaled ratio: (1.0, 1.0)
11:48:43.038 [JavaFX Application Thread] DEBUG GameApplication      - Starting FXGL
11:48:43.048 [JavaFX Application Thread] INFO  FXGL                 - FXGL-0.5.1 on DESKTOP
11:48:43.048 [JavaFX Application Thread] INFO  FXGL                 - Source code and latest versions at: https://github.com/AlmasB/FXGL
11:48:43.048 [JavaFX Application Thread] INFO  FXGL                 -              Join the FXGL chat at: https://gitter.im/AlmasB/FXGL
11:48:43.053 [JavaFX Application Thread] DEBUG FS                   - Loaded DesktopFSService
11:48:43.054 [JavaFX Application Thread] DEBUG FXGL                 - Loading FXGL system data
11:48:43.060 [JavaFX Application Thread] DEBUG DesktopFSService     - Reading from: system\fxgl.bundle
11:48:43.068 [JavaFX Application Thread] DEBUG Bundle               - Logging bundle: FXGL
11:48:43.068 [JavaFX Application Thread] DEBUG Bundle               - FXGL.offline.timer.version.check=2018-05-24T09:09:49.283
11:48:43.093 [JavaFX Application Thread] DEBUG GameApplication      - FXGL started
11:48:43.094 [JavaFX Application Thread] DEBUG GameApplication      - Logging game settings
Title: Platformer
Version: 
Width: 700
Height: 490
Fullscreen: false
Intro: false
Menus: false
Profiling: false
Single step:false
App Mode: DEVELOPER
Menu Key: ESCAPE
Stage Style: DECORATED
Scene Factory: class com.almasb.fxgl.scene.SceneFactory
Dialog Factory: class com.almasb.fxgl.ui.FXGLDialogFactory
UI Factory: class com.almasb.fxgl.ui.FXGLUIFactory
Notification Service: class com.almasb.fxgl.gameplay.notification.XboxNotificationView
Exception Handler: class com.almasb.fxgl.app.FXGLExceptionHandler
11:48:43.094 [JavaFX Application Thread] DEBUG GameApplication      - Configuring GameApplication
11:48:43.094 [JavaFX Application Thread] DEBUG GameApplication      - Initializing state machine and application states
11:48:43.105 [JavaFX Application Thread] DEBUG AssetLoader          - Loading from disk: /assets/ui/cursors/fxgl_default.png
11:48:43.121 [JavaFX Application Thread] DEBUG AssetLoader          - Loading from disk: /assets/ui/cursors/fxgl_default.png
11:48:43.138 [JavaFX Application Thread] DEBUG FXGLAssets           - Loading FXGLAssets
11:48:43.163 [JavaFX Application Thread] DEBUG AssetLoader          - Loading from disk: /assets/ui/fonts/VarelaRound-Regular.ttf
11:48:43.279 [JavaFX Application Thread] DEBUG AssetLoader          - Loading from disk: /assets/ui/fonts/lucida_console.ttf
11:48:43.288 [JavaFX Application Thread] DEBUG AssetLoader          - Loading from disk: /assets/ui/css/fxgl_dark.css
11:48:43.311 [JavaFX Application Thread] DEBUG AssetLoader          - Loading from disk: /assets/ui/cursors/fxgl_default.png
11:48:43.335 [JavaFX Application Thread] DEBUG AssetLoader          - Loading from disk: /assets/ui/cursors/fxgl_default.png
11:48:43.348 [JavaFX Application Thread] DEBUG GameScene            - Game scene initialized: 700x490
11:48:43.350 [JavaFX Application Thread] DEBUG GameWorld            - Game world initialized
11:48:43.387 [JavaFX Application Thread] DEBUG PhysicsWorld         - Physics world initialized: appHeight=490, physics.ppm=50.0
11:48:43.401 [JavaFX Application Thread] DEBUG Input                - Registered new binding: Pause - Esc
11:48:43.415 [JavaFX Application Thread] DEBUG Input                - Clearing active input actions
11:48:43.446 [JavaFX Application Thread] DEBUG AppStateMachine      - StartupState -> StartupState
11:48:43.449 [JavaFX Application Thread] INFO  GameApplication      - Game configuration took:  0.355 sec
11:48:43.451 [JavaFX Application Thread] DEBUG AssetLoader          - Loading from disk: /assets/textures/fxgl_icon.png
11:48:43.461 [JavaFX Application Thread] DEBUG MainWindow           - Opening main window
11:48:43.589 [JavaFX Application Thread] DEBUG MainWindow           - Window border size: (4.0, 26.66668701171875)
11:48:43.589 [JavaFX Application Thread] DEBUG MainWindow           - Scaled size: 700.0 x 490.0
11:48:43.589 [JavaFX Application Thread] DEBUG MainWindow           - Scaled ratio: (1.0, 1.0)
11:48:43.589 [JavaFX Application Thread] DEBUG MainWindow           - Scene size: 700.0 x 490.0
11:48:43.589 [JavaFX Application Thread] DEBUG MainWindow           - Stage size: 704.0 x 516.6666870117188
11:48:43.589 [JavaFX Application Thread] DEBUG GameApplication      - Running preInit()
11:48:43.591 [JavaFX Application Thread] DEBUG Input                - Registered new binding: Screenshot - P
11:48:43.592 [JavaFX Application Thread] DEBUG Input                - Registered new binding: Dev Options - CTRL+0
11:48:43.592 [JavaFX Application Thread] DEBUG Input                - Registered new binding: System info dump - CTRL+9
11:48:43.593 [JavaFX Application Thread] DEBUG Input                - Registered new binding: Restart - CTRL+R
11:48:43.597 [JavaFX Application Thread] DEBUG AssetLoader          - Loading from disk: /assets/textures/Platformer/run_sheet.png
11:48:43.625 [JavaFX Application Thread] DEBUG AssetLoader          - Loading from disk: /assets/textures/Platformer/stand_sheet.png
11:48:43.631 [JavaFX Application Thread] DEBUG Input                - Registered new binding: run_right - Right
11:48:43.631 [JavaFX Application Thread] DEBUG Input                - Registered new binding: run_left - Left
11:48:43.631 [JavaFX Application Thread] DEBUG Input                - Registered new binding: jump - Up
11:48:43.662 [JavaFX Application Thread] DEBUG GameApplication      - Starting main loop
11:48:43.663 [JavaFX Application Thread] DEBUG StartupState         - STARTUP
11:48:43.664 [JavaFX Application Thread] DEBUG GameApplication      - Starting new game
11:48:43.664 [JavaFX Application Thread] DEBUG Input                - Clearing active input actions
11:48:43.669 [JavaFX Application Thread] DEBUG AppStateMachine      - StartupState -> LoadingState
11:48:43.673 [FXGL Background Thread 1 ] DEBUG InitAppTask          - Clearing previous game
11:48:43.674 [FXGL Background Thread 1 ] DEBUG GameWorld            - Clearing game world
11:48:43.674 [FXGL Background Thread 1 ] DEBUG PhysicsWorld         - Clearing physics world
11:48:43.674 [FXGL Background Thread 1 ] DEBUG GameScene            - Clearing game scene
11:48:43.675 [FXGL Background Thread 1 ] DEBUG InitAppTask          - Initializing Game
11:48:43.692 [FXGL Background Thread 1 ] DEBUG AssetLoader          - Loading from disk: /assets/tmx/platformer_map_1.tmx
11:48:43.713 [FXGL Background Thread 1 ] WARN  TMXParser            - TiledMap generated from 1.1.5. Supported version: 1.1.2. Some features may not be parsed fully.
11:48:43.732 [FXGL Background Thread 1 ] DEBUG GameWorld            - Clearing removable entities
11:48:43.732 [FXGL Background Thread 1 ] DEBUG GameWorld            - Setting level from map
11:48:43.756 [FXGL Background Thread 1 ] DEBUG AssetLoader          - Loading from disk: /assets/textures/map_tiles.png
11:48:43.770 [FXGL Background Thread 1 ] DEBUG AssetLoader          - Loading from cache: /assets/textures/map_tiles.png
11:48:43.770 [FXGL Background Thread 1 ] DEBUG AssetLoader          - Loading from cache: /assets/textures/map_tiles.png
11:48:43.770 [FXGL Background Thread 1 ] DEBUG AssetLoader          - Loading from cache: /assets/textures/map_tiles.png
11:48:43.770 [FXGL Background Thread 1 ] DEBUG AssetLoader          - Loading from cache: /assets/textures/map_tiles.png
11:48:43.771 [FXGL Background Thread 1 ] DEBUG AssetLoader          - Loading from cache: /assets/textures/map_tiles.png
11:48:43.771 [FXGL Background Thread 1 ] DEBUG AssetLoader          - Loading from cache: /assets/textures/map_tiles.png
11:48:43.771 [FXGL Background Thread 1 ] DEBUG AssetLoader          - Loading from cache: /assets/textures/map_tiles.png
11:48:43.771 [FXGL Background Thread 1 ] DEBUG AssetLoader          - Loading from cache: /assets/textures/map_tiles.png
11:48:43.771 [FXGL Background Thread 1 ] DEBUG AssetLoader          - Loading from cache: /assets/textures/map_tiles.png
11:48:43.771 [FXGL Background Thread 1 ] DEBUG AssetLoader          - Loading from cache: /assets/textures/map_tiles.png
11:48:43.771 [FXGL Background Thread 1 ] DEBUG AssetLoader          - Loading from cache: /assets/textures/map_tiles.png
11:48:43.772 [FXGL Background Thread 1 ] DEBUG AssetLoader          - Loading from cache: /assets/textures/map_tiles.png
11:48:43.772 [FXGL Background Thread 1 ] DEBUG AssetLoader          - Loading from cache: /assets/textures/map_tiles.png
11:48:43.772 [FXGL Background Thread 1 ] DEBUG AssetLoader          - Loading from cache: /assets/textures/map_tiles.png
11:48:43.772 [FXGL Background Thread 1 ] DEBUG AssetLoader          - Loading from cache: /assets/textures/map_tiles.png
11:48:43.772 [FXGL Background Thread 1 ] DEBUG AssetLoader          - Loading from cache: /assets/textures/map_tiles.png
11:48:43.772 [FXGL Background Thread 1 ] DEBUG AssetLoader          - Loading from cache: /assets/textures/map_tiles.png
11:48:43.772 [FXGL Background Thread 1 ] DEBUG AssetLoader          - Loading from cache: /assets/textures/map_tiles.png
11:48:43.772 [FXGL Background Thread 1 ] DEBUG AssetLoader          - Loading from cache: /assets/textures/map_tiles.png
11:48:43.772 [FXGL Background Thread 1 ] DEBUG AssetLoader          - Loading from cache: /assets/textures/map_tiles.png
11:48:43.773 [FXGL Background Thread 1 ] DEBUG AssetLoader          - Loading from cache: /assets/textures/map_tiles.png
11:48:43.773 [FXGL Background Thread 1 ] DEBUG AssetLoader          - Loading from cache: /assets/textures/map_tiles.png
11:48:43.773 [FXGL Background Thread 1 ] DEBUG AssetLoader          - Loading from cache: /assets/textures/map_tiles.png
11:48:43.773 [FXGL Background Thread 1 ] DEBUG AssetLoader          - Loading from cache: /assets/textures/map_tiles.png
11:48:43.773 [FXGL Background Thread 1 ] DEBUG AssetLoader          - Loading from cache: /assets/textures/map_tiles.png
11:48:43.773 [FXGL Background Thread 1 ] DEBUG AssetLoader          - Loading from cache: /assets/textures/map_tiles.png
11:48:43.773 [FXGL Background Thread 1 ] DEBUG AssetLoader          - Loading from cache: /assets/textures/map_tiles.png
11:48:43.773 [FXGL Background Thread 1 ] DEBUG AssetLoader          - Loading from cache: /assets/textures/map_tiles.png
11:48:43.774 [FXGL Background Thread 1 ] DEBUG AssetLoader          - Loading from cache: /assets/textures/map_tiles.png
11:48:43.774 [FXGL Background Thread 1 ] DEBUG AssetLoader          - Loading from cache: /assets/textures/map_tiles.png
11:48:43.774 [FXGL Background Thread 1 ] DEBUG AssetLoader          - Loading from cache: /assets/textures/map_tiles.png
11:48:43.774 [FXGL Background Thread 1 ] DEBUG AssetLoader          - Loading from cache: /assets/textures/map_tiles.png
11:48:43.774 [FXGL Background Thread 1 ] DEBUG AssetLoader          - Loading from cache: /assets/textures/map_tiles.png
11:48:43.774 [FXGL Background Thread 1 ] DEBUG AssetLoader          - Loading from cache: /assets/textures/map_tiles.png
11:48:43.774 [FXGL Background Thread 1 ] DEBUG AssetLoader          - Loading from cache: /assets/textures/map_tiles.png
11:48:43.775 [FXGL Background Thread 1 ] DEBUG AssetLoader          - Loading from cache: /assets/textures/map_tiles.png
11:48:43.775 [FXGL Background Thread 1 ] DEBUG AssetLoader          - Loading from cache: /assets/textures/map_tiles.png
11:48:43.775 [FXGL Background Thread 1 ] DEBUG AssetLoader          - Loading from cache: /assets/textures/map_tiles.png
11:48:43.775 [FXGL Background Thread 1 ] DEBUG AssetLoader          - Loading from cache: /assets/textures/map_tiles.png
11:48:43.775 [FXGL Background Thread 1 ] DEBUG AssetLoader          - Loading from cache: /assets/textures/map_tiles.png
11:48:43.775 [FXGL Background Thread 1 ] DEBUG AssetLoader          - Loading from cache: /assets/textures/map_tiles.png
11:48:43.775 [FXGL Background Thread 1 ] DEBUG AssetLoader          - Loading from cache: /assets/textures/map_tiles.png
11:48:43.776 [FXGL Background Thread 1 ] DEBUG AssetLoader          - Loading from cache: /assets/textures/map_tiles.png
11:48:43.776 [FXGL Background Thread 1 ] DEBUG AssetLoader          - Loading from cache: /assets/textures/map_tiles.png
11:48:43.776 [FXGL Background Thread 1 ] DEBUG AssetLoader          - Loading from cache: /assets/textures/map_tiles.png
11:48:43.776 [FXGL Background Thread 1 ] DEBUG AssetLoader          - Loading from cache: /assets/textures/map_tiles.png
11:48:43.776 [FXGL Background Thread 1 ] DEBUG AssetLoader          - Loading from cache: /assets/textures/map_tiles.png
11:48:43.777 [FXGL Background Thread 1 ] DEBUG AssetLoader          - Loading from cache: /assets/textures/map_tiles.png
11:48:43.777 [FXGL Background Thread 1 ] DEBUG AssetLoader          - Loading from cache: /assets/textures/map_tiles.png
11:48:43.777 [FXGL Background Thread 1 ] DEBUG AssetLoader          - Loading from cache: /assets/textures/map_tiles.png
11:48:43.777 [FXGL Background Thread 1 ] DEBUG AssetLoader          - Loading from cache: /assets/textures/map_tiles.png
11:48:43.777 [FXGL Background Thread 1 ] DEBUG AssetLoader          - Loading from cache: /assets/textures/map_tiles.png
11:48:43.777 [FXGL Background Thread 1 ] DEBUG AssetLoader          - Loading from cache: /assets/textures/map_tiles.png
11:48:43.778 [FXGL Background Thread 1 ] DEBUG AssetLoader          - Loading from cache: /assets/textures/map_tiles.png
11:48:43.778 [FXGL Background Thread 1 ] DEBUG AssetLoader          - Loading from cache: /assets/textures/map_tiles.png
11:48:43.778 [FXGL Background Thread 1 ] DEBUG AssetLoader          - Loading from cache: /assets/textures/map_tiles.png
11:48:43.778 [FXGL Background Thread 1 ] DEBUG AssetLoader          - Loading from cache: /assets/textures/map_tiles.png
11:48:43.778 [FXGL Background Thread 1 ] DEBUG AssetLoader          - Loading from cache: /assets/textures/map_tiles.png
11:48:43.778 [FXGL Background Thread 1 ] DEBUG AssetLoader          - Loading from cache: /assets/textures/map_tiles.png
11:48:43.778 [FXGL Background Thread 1 ] DEBUG AssetLoader          - Loading from cache: /assets/textures/map_tiles.png
11:48:43.778 [FXGL Background Thread 1 ] DEBUG AssetLoader          - Loading from cache: /assets/textures/map_tiles.png
11:48:43.778 [FXGL Background Thread 1 ] DEBUG AssetLoader          - Loading from cache: /assets/textures/map_tiles.png
11:48:43.780 [FXGL Background Thread 1 ] DEBUG GameScene            - Creating render group for layer: BACKGROUND(1000)
11:48:43.823 [FXGL Background Thread 1 ] DEBUG GameScene            - Creating render group for layer: DEFAULT(100000)
11:48:43.840 [FXGL Background Thread 1 ] DEBUG AssetLoader          - Loading from cache: /assets/textures/Platformer/stand_sheet.png
11:48:43.841 [FXGL Background Thread 1 ] DEBUG AssetLoader          - Loading from disk: /assets/textures/Platformer/jump-fall.png
11:48:43.844 [FXGL Background Thread 1 ] DEBUG AssetLoader          - Loading from disk: /assets/textures/Platformer/jump-up.png
11:48:43.850 [FXGL Background Thread 1 ] DEBUG InitAppTask          - Initializing Physics
11:48:43.850 [FXGL Background Thread 1 ] DEBUG InitAppTask          - Initializing UI
11:48:43.850 [FXGL Background Thread 1 ] DEBUG InitAppTask          - Initialization Complete
11:48:43.850 [FXGL Background Thread 1 ] INFO  InitAppTask          - Game initialization took: 0.176 sec
11:48:43.856 [JavaFX Application Thread] DEBUG Input                - Clearing active input actions
11:48:43.862 [JavaFX Application Thread] DEBUG AppStateMachine      - LoadingState -> PlayState
11:49:19.251 [JavaFX Application Thread] DEBUG GameApplication      - Exiting game application
11:49:19.251 [JavaFX Application Thread] DEBUG GameApplication      - Shutting down background threads
11:49:19.252 [JavaFX Application Thread] DEBUG GameApplication      - Exiting FXGL
11:49:19.252 [JavaFX Application Thread] DEBUG FXGL                 - Saving FXGL system data
11:49:19.254 [JavaFX Application Thread] DEBUG DesktopFSService     - Writing to: system\fxgl.bundle
11:49:19.257 [JavaFX Application Thread] DEBUG GameApplication      - Closing logger and exiting JavaFX
