11:52:55.432 [JavaFX Application Thread] DEBUG GameApplication      - Logger initialized
11:52:55.437 [JavaFX Application Thread] DEBUG MainWindow           - Creating a JavaFX scene
11:52:55.508 [JavaFX Application Thread] DEBUG MainWindow           - Target settings size: 700.0 x 490.0
11:52:55.508 [JavaFX Application Thread] DEBUG MainWindow           - Scaled scene size:    700.0 x 490.0
11:52:55.508 [JavaFX Application Thread] DEBUG MainWindow           - Scaled ratio: (1.0, 1.0)
11:52:55.513 [JavaFX Application Thread] DEBUG GameApplication      - Starting FXGL
11:52:55.523 [JavaFX Application Thread] INFO  FXGL                 - FXGL-0.5.1 on DESKTOP
11:52:55.523 [JavaFX Application Thread] INFO  FXGL                 - Source code and latest versions at: https://github.com/AlmasB/FXGL
11:52:55.523 [JavaFX Application Thread] INFO  FXGL                 -              Join the FXGL chat at: https://gitter.im/AlmasB/FXGL
11:52:55.529 [JavaFX Application Thread] DEBUG FS                   - Loaded DesktopFSService
11:52:55.529 [JavaFX Application Thread] DEBUG FXGL                 - Loading FXGL system data
11:52:55.535 [JavaFX Application Thread] DEBUG DesktopFSService     - Reading from: system\fxgl.bundle
11:52:55.542 [JavaFX Application Thread] DEBUG Bundle               - Logging bundle: FXGL
11:52:55.543 [JavaFX Application Thread] DEBUG Bundle               - FXGL.offline.timer.version.check=2018-05-24T09:09:49.283
11:52:55.565 [JavaFX Application Thread] DEBUG GameApplication      - FXGL started
11:52:55.566 [JavaFX Application Thread] DEBUG GameApplication      - Logging game settings
Title: Platformer
Version: 
Width: 700
Height: 490
Fullscreen: false
Intro: false
Menus: false
Profiling: false
Single step:false
App Mode: DEVELOPER
Menu Key: ESCAPE
Stage Style: DECORATED
Scene Factory: class com.almasb.fxgl.scene.SceneFactory
Dialog Factory: class com.almasb.fxgl.ui.FXGLDialogFactory
UI Factory: class com.almasb.fxgl.ui.FXGLUIFactory
Notification Service: class com.almasb.fxgl.gameplay.notification.XboxNotificationView
Exception Handler: class com.almasb.fxgl.app.FXGLExceptionHandler
11:52:55.566 [JavaFX Application Thread] DEBUG GameApplication      - Configuring GameApplication
11:52:55.567 [JavaFX Application Thread] DEBUG GameApplication      - Initializing state machine and application states
11:52:55.577 [JavaFX Application Thread] DEBUG AssetLoader          - Loading from disk: /assets/ui/cursors/fxgl_default.png
11:52:55.595 [JavaFX Application Thread] DEBUG AssetLoader          - Loading from disk: /assets/ui/cursors/fxgl_default.png
11:52:55.613 [JavaFX Application Thread] DEBUG FXGLAssets           - Loading FXGLAssets
11:52:55.637 [JavaFX Application Thread] DEBUG AssetLoader          - Loading from disk: /assets/ui/fonts/VarelaRound-Regular.ttf
11:52:55.753 [JavaFX Application Thread] DEBUG AssetLoader          - Loading from disk: /assets/ui/fonts/lucida_console.ttf
11:52:55.762 [JavaFX Application Thread] DEBUG AssetLoader          - Loading from disk: /assets/ui/css/fxgl_dark.css
11:52:55.786 [JavaFX Application Thread] DEBUG AssetLoader          - Loading from disk: /assets/ui/cursors/fxgl_default.png
11:52:55.810 [JavaFX Application Thread] DEBUG AssetLoader          - Loading from disk: /assets/ui/cursors/fxgl_default.png
11:52:55.824 [JavaFX Application Thread] DEBUG GameScene            - Game scene initialized: 700x490
11:52:55.826 [JavaFX Application Thread] DEBUG GameWorld            - Game world initialized
11:52:55.864 [JavaFX Application Thread] DEBUG PhysicsWorld         - Physics world initialized: appHeight=490, physics.ppm=50.0
11:52:55.878 [JavaFX Application Thread] DEBUG Input                - Registered new binding: Pause - Esc
11:52:55.893 [JavaFX Application Thread] DEBUG Input                - Clearing active input actions
11:52:55.925 [JavaFX Application Thread] DEBUG AppStateMachine      - StartupState -> StartupState
11:52:55.928 [JavaFX Application Thread] INFO  GameApplication      - Game configuration took:  0.361 sec
11:52:55.929 [JavaFX Application Thread] DEBUG AssetLoader          - Loading from disk: /assets/textures/fxgl_icon.png
11:52:55.940 [JavaFX Application Thread] DEBUG MainWindow           - Opening main window
11:52:56.076 [JavaFX Application Thread] DEBUG MainWindow           - Window border size: (4.0, 26.66668701171875)
11:52:56.076 [JavaFX Application Thread] DEBUG MainWindow           - Scaled size: 700.0 x 490.0
11:52:56.076 [JavaFX Application Thread] DEBUG MainWindow           - Scaled ratio: (1.0, 1.0)
11:52:56.077 [JavaFX Application Thread] DEBUG MainWindow           - Scene size: 700.0 x 490.0
11:52:56.077 [JavaFX Application Thread] DEBUG MainWindow           - Stage size: 704.0 x 516.6666870117188
11:52:56.077 [JavaFX Application Thread] DEBUG GameApplication      - Running preInit()
11:52:56.078 [JavaFX Application Thread] DEBUG Input                - Registered new binding: Screenshot - P
11:52:56.079 [JavaFX Application Thread] DEBUG Input                - Registered new binding: Dev Options - CTRL+0
11:52:56.079 [JavaFX Application Thread] DEBUG Input                - Registered new binding: System info dump - CTRL+9
11:52:56.080 [JavaFX Application Thread] DEBUG Input                - Registered new binding: Restart - CTRL+R
11:52:56.084 [JavaFX Application Thread] DEBUG AssetLoader          - Loading from disk: /assets/textures/Platformer/run_sheet.png
11:52:56.120 [JavaFX Application Thread] DEBUG AssetLoader          - Loading from disk: /assets/textures/Platformer/stand_sheet.png
11:52:56.125 [JavaFX Application Thread] DEBUG Input                - Registered new binding: run_right - Right
11:52:56.126 [JavaFX Application Thread] DEBUG Input                - Registered new binding: run_left - Left
11:52:56.126 [JavaFX Application Thread] DEBUG Input                - Registered new binding: jump - Up
11:52:56.163 [JavaFX Application Thread] DEBUG GameApplication      - Starting main loop
11:52:56.164 [JavaFX Application Thread] DEBUG StartupState         - STARTUP
11:52:56.164 [JavaFX Application Thread] DEBUG GameApplication      - Starting new game
11:52:56.164 [JavaFX Application Thread] DEBUG Input                - Clearing active input actions
11:52:56.171 [JavaFX Application Thread] DEBUG AppStateMachine      - StartupState -> LoadingState
11:52:56.175 [FXGL Background Thread 1 ] DEBUG InitAppTask          - Clearing previous game
11:52:56.175 [FXGL Background Thread 1 ] DEBUG GameWorld            - Clearing game world
11:52:56.175 [FXGL Background Thread 1 ] DEBUG PhysicsWorld         - Clearing physics world
11:52:56.176 [FXGL Background Thread 1 ] DEBUG GameScene            - Clearing game scene
11:52:56.176 [FXGL Background Thread 1 ] DEBUG InitAppTask          - Initializing Game
11:52:56.194 [FXGL Background Thread 1 ] DEBUG AssetLoader          - Loading from disk: /assets/tmx/platformer_map_1.tmx
11:52:56.217 [FXGL Background Thread 1 ] WARN  TMXParser            - TiledMap generated from 1.1.5. Supported version: 1.1.2. Some features may not be parsed fully.
11:52:56.238 [FXGL Background Thread 1 ] DEBUG GameWorld            - Clearing removable entities
11:52:56.238 [FXGL Background Thread 1 ] DEBUG GameWorld            - Setting level from map
11:52:56.256 [FXGL Background Thread 1 ] DEBUG AssetLoader          - Loading from disk: /assets/textures/map_tiles.png
11:52:56.269 [FXGL Background Thread 1 ] DEBUG AssetLoader          - Loading from cache: /assets/textures/map_tiles.png
11:52:56.269 [FXGL Background Thread 1 ] DEBUG AssetLoader          - Loading from cache: /assets/textures/map_tiles.png
11:52:56.269 [FXGL Background Thread 1 ] DEBUG AssetLoader          - Loading from cache: /assets/textures/map_tiles.png
11:52:56.269 [FXGL Background Thread 1 ] DEBUG AssetLoader          - Loading from cache: /assets/textures/map_tiles.png
11:52:56.270 [FXGL Background Thread 1 ] DEBUG AssetLoader          - Loading from cache: /assets/textures/map_tiles.png
11:52:56.270 [FXGL Background Thread 1 ] DEBUG AssetLoader          - Loading from cache: /assets/textures/map_tiles.png
11:52:56.270 [FXGL Background Thread 1 ] DEBUG AssetLoader          - Loading from cache: /assets/textures/map_tiles.png
11:52:56.270 [FXGL Background Thread 1 ] DEBUG AssetLoader          - Loading from cache: /assets/textures/map_tiles.png
11:52:56.270 [FXGL Background Thread 1 ] DEBUG AssetLoader          - Loading from cache: /assets/textures/map_tiles.png
11:52:56.271 [FXGL Background Thread 1 ] DEBUG AssetLoader          - Loading from cache: /assets/textures/map_tiles.png
11:52:56.271 [FXGL Background Thread 1 ] DEBUG AssetLoader          - Loading from cache: /assets/textures/map_tiles.png
11:52:56.271 [FXGL Background Thread 1 ] DEBUG AssetLoader          - Loading from cache: /assets/textures/map_tiles.png
11:52:56.271 [FXGL Background Thread 1 ] DEBUG AssetLoader          - Loading from cache: /assets/textures/map_tiles.png
11:52:56.271 [FXGL Background Thread 1 ] DEBUG AssetLoader          - Loading from cache: /assets/textures/map_tiles.png
11:52:56.271 [FXGL Background Thread 1 ] DEBUG AssetLoader          - Loading from cache: /assets/textures/map_tiles.png
11:52:56.271 [FXGL Background Thread 1 ] DEBUG AssetLoader          - Loading from cache: /assets/textures/map_tiles.png
11:52:56.272 [FXGL Background Thread 1 ] DEBUG AssetLoader          - Loading from cache: /assets/textures/map_tiles.png
11:52:56.272 [FXGL Background Thread 1 ] DEBUG AssetLoader          - Loading from cache: /assets/textures/map_tiles.png
11:52:56.272 [FXGL Background Thread 1 ] DEBUG AssetLoader          - Loading from cache: /assets/textures/map_tiles.png
11:52:56.272 [FXGL Background Thread 1 ] DEBUG AssetLoader          - Loading from cache: /assets/textures/map_tiles.png
11:52:56.272 [FXGL Background Thread 1 ] DEBUG AssetLoader          - Loading from cache: /assets/textures/map_tiles.png
11:52:56.272 [FXGL Background Thread 1 ] DEBUG AssetLoader          - Loading from cache: /assets/textures/map_tiles.png
11:52:56.272 [FXGL Background Thread 1 ] DEBUG AssetLoader          - Loading from cache: /assets/textures/map_tiles.png
11:52:56.273 [FXGL Background Thread 1 ] DEBUG AssetLoader          - Loading from cache: /assets/textures/map_tiles.png
11:52:56.273 [FXGL Background Thread 1 ] DEBUG AssetLoader          - Loading from cache: /assets/textures/map_tiles.png
11:52:56.273 [FXGL Background Thread 1 ] DEBUG AssetLoader          - Loading from cache: /assets/textures/map_tiles.png
11:52:56.273 [FXGL Background Thread 1 ] DEBUG AssetLoader          - Loading from cache: /assets/textures/map_tiles.png
11:52:56.273 [FXGL Background Thread 1 ] DEBUG AssetLoader          - Loading from cache: /assets/textures/map_tiles.png
11:52:56.273 [FXGL Background Thread 1 ] DEBUG AssetLoader          - Loading from cache: /assets/textures/map_tiles.png
11:52:56.273 [FXGL Background Thread 1 ] DEBUG AssetLoader          - Loading from cache: /assets/textures/map_tiles.png
11:52:56.274 [FXGL Background Thread 1 ] DEBUG AssetLoader          - Loading from cache: /assets/textures/map_tiles.png
11:52:56.274 [FXGL Background Thread 1 ] DEBUG AssetLoader          - Loading from cache: /assets/textures/map_tiles.png
11:52:56.274 [FXGL Background Thread 1 ] DEBUG AssetLoader          - Loading from cache: /assets/textures/map_tiles.png
11:52:56.274 [FXGL Background Thread 1 ] DEBUG AssetLoader          - Loading from cache: /assets/textures/map_tiles.png
11:52:56.274 [FXGL Background Thread 1 ] DEBUG AssetLoader          - Loading from cache: /assets/textures/map_tiles.png
11:52:56.274 [FXGL Background Thread 1 ] DEBUG AssetLoader          - Loading from cache: /assets/textures/map_tiles.png
11:52:56.274 [FXGL Background Thread 1 ] DEBUG AssetLoader          - Loading from cache: /assets/textures/map_tiles.png
11:52:56.275 [FXGL Background Thread 1 ] DEBUG AssetLoader          - Loading from cache: /assets/textures/map_tiles.png
11:52:56.275 [FXGL Background Thread 1 ] DEBUG AssetLoader          - Loading from cache: /assets/textures/map_tiles.png
11:52:56.275 [FXGL Background Thread 1 ] DEBUG AssetLoader          - Loading from cache: /assets/textures/map_tiles.png
11:52:56.275 [FXGL Background Thread 1 ] DEBUG AssetLoader          - Loading from cache: /assets/textures/map_tiles.png
11:52:56.275 [FXGL Background Thread 1 ] DEBUG AssetLoader          - Loading from cache: /assets/textures/map_tiles.png
11:52:56.275 [FXGL Background Thread 1 ] DEBUG AssetLoader          - Loading from cache: /assets/textures/map_tiles.png
11:52:56.275 [FXGL Background Thread 1 ] DEBUG AssetLoader          - Loading from cache: /assets/textures/map_tiles.png
11:52:56.276 [FXGL Background Thread 1 ] DEBUG AssetLoader          - Loading from cache: /assets/textures/map_tiles.png
11:52:56.276 [FXGL Background Thread 1 ] DEBUG AssetLoader          - Loading from cache: /assets/textures/map_tiles.png
11:52:56.276 [FXGL Background Thread 1 ] DEBUG AssetLoader          - Loading from cache: /assets/textures/map_tiles.png
11:52:56.276 [FXGL Background Thread 1 ] DEBUG AssetLoader          - Loading from cache: /assets/textures/map_tiles.png
11:52:56.276 [FXGL Background Thread 1 ] DEBUG AssetLoader          - Loading from cache: /assets/textures/map_tiles.png
11:52:56.276 [FXGL Background Thread 1 ] DEBUG AssetLoader          - Loading from cache: /assets/textures/map_tiles.png
11:52:56.276 [FXGL Background Thread 1 ] DEBUG AssetLoader          - Loading from cache: /assets/textures/map_tiles.png
11:52:56.277 [FXGL Background Thread 1 ] DEBUG AssetLoader          - Loading from cache: /assets/textures/map_tiles.png
11:52:56.277 [FXGL Background Thread 1 ] DEBUG AssetLoader          - Loading from cache: /assets/textures/map_tiles.png
11:52:56.277 [FXGL Background Thread 1 ] DEBUG AssetLoader          - Loading from cache: /assets/textures/map_tiles.png
11:52:56.277 [FXGL Background Thread 1 ] DEBUG AssetLoader          - Loading from cache: /assets/textures/map_tiles.png
11:52:56.277 [FXGL Background Thread 1 ] DEBUG AssetLoader          - Loading from cache: /assets/textures/map_tiles.png
11:52:56.277 [FXGL Background Thread 1 ] DEBUG AssetLoader          - Loading from cache: /assets/textures/map_tiles.png
11:52:56.278 [FXGL Background Thread 1 ] DEBUG AssetLoader          - Loading from cache: /assets/textures/map_tiles.png
11:52:56.278 [FXGL Background Thread 1 ] DEBUG AssetLoader          - Loading from cache: /assets/textures/map_tiles.png
11:52:56.278 [FXGL Background Thread 1 ] DEBUG AssetLoader          - Loading from cache: /assets/textures/map_tiles.png
11:52:56.278 [FXGL Background Thread 1 ] DEBUG AssetLoader          - Loading from cache: /assets/textures/map_tiles.png
11:52:56.279 [FXGL Background Thread 1 ] DEBUG AssetLoader          - Loading from cache: /assets/textures/map_tiles.png
11:52:56.281 [FXGL Background Thread 1 ] DEBUG GameScene            - Creating render group for layer: BACKGROUND(1000)
11:52:56.324 [FXGL Background Thread 1 ] DEBUG GameScene            - Creating render group for layer: DEFAULT(100000)
11:52:56.341 [FXGL Background Thread 1 ] DEBUG AssetLoader          - Loading from cache: /assets/textures/Platformer/stand_sheet.png
11:52:56.342 [FXGL Background Thread 1 ] DEBUG AssetLoader          - Loading from disk: /assets/textures/Platformer/jump-fall.png
11:52:56.346 [FXGL Background Thread 1 ] DEBUG AssetLoader          - Loading from disk: /assets/textures/Platformer/jump-up.png
11:52:56.350 [FXGL Background Thread 1 ] DEBUG InitAppTask          - Initializing Physics
11:52:56.350 [FXGL Background Thread 1 ] DEBUG InitAppTask          - Initializing UI
11:52:56.350 [FXGL Background Thread 1 ] DEBUG InitAppTask          - Initialization Complete
11:52:56.351 [FXGL Background Thread 1 ] INFO  InitAppTask          - Game initialization took: 0.176 sec
11:52:56.357 [JavaFX Application Thread] DEBUG Input                - Clearing active input actions
11:52:56.363 [JavaFX Application Thread] DEBUG AppStateMachine      - LoadingState -> PlayState
11:54:05.746 [JavaFX Application Thread] DEBUG GameApplication      - Exiting game application
11:54:05.746 [JavaFX Application Thread] DEBUG GameApplication      - Shutting down background threads
11:54:05.747 [JavaFX Application Thread] DEBUG GameApplication      - Exiting FXGL
11:54:05.747 [JavaFX Application Thread] DEBUG FXGL                 - Saving FXGL system data
11:54:05.749 [JavaFX Application Thread] DEBUG DesktopFSService     - Writing to: system\fxgl.bundle
11:54:05.752 [JavaFX Application Thread] DEBUG GameApplication      - Closing logger and exiting JavaFX
