13:30:11.810 [JavaFX Application Thread] DEBUG GameApplication      - Logger initialized
13:30:11.816 [JavaFX Application Thread] DEBUG MainWindow           - Creating a JavaFX scene
13:30:11.885 [JavaFX Application Thread] DEBUG MainWindow           - Target settings size: 700.0 x 490.0
13:30:11.885 [JavaFX Application Thread] DEBUG MainWindow           - Scaled scene size:    700.0 x 490.0
13:30:11.886 [JavaFX Application Thread] DEBUG MainWindow           - Scaled ratio: (1.0, 1.0)
13:30:11.890 [JavaFX Application Thread] DEBUG GameApplication      - Starting FXGL
13:30:11.900 [JavaFX Application Thread] INFO  FXGL                 - FXGL-0.5.1 on DESKTOP
13:30:11.900 [JavaFX Application Thread] INFO  FXGL                 - Source code and latest versions at: https://github.com/AlmasB/FXGL
13:30:11.901 [JavaFX Application Thread] INFO  FXGL                 -              Join the FXGL chat at: https://gitter.im/AlmasB/FXGL
13:30:11.906 [JavaFX Application Thread] DEBUG FS                   - Loaded DesktopFSService
13:30:11.906 [JavaFX Application Thread] DEBUG FXGL                 - Loading FXGL system data
13:30:11.913 [JavaFX Application Thread] DEBUG DesktopFSService     - Reading from: system\fxgl.bundle
13:30:11.921 [JavaFX Application Thread] DEBUG Bundle               - Logging bundle: FXGL
13:30:11.922 [JavaFX Application Thread] DEBUG Bundle               - FXGL.offline.timer.version.check=2018-05-24T09:09:49.283
13:30:11.944 [JavaFX Application Thread] DEBUG GameApplication      - FXGL started
13:30:11.944 [JavaFX Application Thread] DEBUG GameApplication      - Logging game settings
Title: Platformer
Version: 
Width: 700
Height: 490
Fullscreen: false
Intro: false
Menus: false
Profiling: false
Single step:false
App Mode: DEVELOPER
Menu Key: ESCAPE
Stage Style: DECORATED
Scene Factory: class com.almasb.fxgl.scene.SceneFactory
Dialog Factory: class com.almasb.fxgl.ui.FXGLDialogFactory
UI Factory: class com.almasb.fxgl.ui.FXGLUIFactory
Notification Service: class com.almasb.fxgl.gameplay.notification.XboxNotificationView
Exception Handler: class com.almasb.fxgl.app.FXGLExceptionHandler
13:30:11.945 [JavaFX Application Thread] DEBUG GameApplication      - Configuring GameApplication
13:30:11.945 [JavaFX Application Thread] DEBUG GameApplication      - Initializing state machine and application states
13:30:11.955 [JavaFX Application Thread] DEBUG AssetLoader          - Loading from disk: /assets/ui/cursors/fxgl_default.png
13:30:11.972 [JavaFX Application Thread] DEBUG AssetLoader          - Loading from disk: /assets/ui/cursors/fxgl_default.png
13:30:11.990 [JavaFX Application Thread] DEBUG FXGLAssets           - Loading FXGLAssets
13:30:12.014 [JavaFX Application Thread] DEBUG AssetLoader          - Loading from disk: /assets/ui/fonts/VarelaRound-Regular.ttf
13:30:12.134 [JavaFX Application Thread] DEBUG AssetLoader          - Loading from disk: /assets/ui/fonts/lucida_console.ttf
13:30:12.142 [JavaFX Application Thread] DEBUG AssetLoader          - Loading from disk: /assets/ui/css/fxgl_dark.css
13:30:12.166 [JavaFX Application Thread] DEBUG AssetLoader          - Loading from disk: /assets/ui/cursors/fxgl_default.png
13:30:12.189 [JavaFX Application Thread] DEBUG AssetLoader          - Loading from disk: /assets/ui/cursors/fxgl_default.png
13:30:12.207 [JavaFX Application Thread] DEBUG GameScene            - Game scene initialized: 700x490
13:30:12.209 [JavaFX Application Thread] DEBUG GameWorld            - Game world initialized
13:30:12.247 [JavaFX Application Thread] DEBUG PhysicsWorld         - Physics world initialized: appHeight=490, physics.ppm=50.0
13:30:12.264 [JavaFX Application Thread] DEBUG Input                - Registered new binding: Pause - Esc
13:30:12.282 [JavaFX Application Thread] DEBUG Input                - Clearing active input actions
13:30:12.317 [JavaFX Application Thread] DEBUG AppStateMachine      - StartupState -> StartupState
13:30:12.320 [JavaFX Application Thread] INFO  GameApplication      - Game configuration took:  0.375 sec
13:30:12.322 [JavaFX Application Thread] DEBUG AssetLoader          - Loading from disk: /assets/textures/fxgl_icon.png
13:30:12.336 [JavaFX Application Thread] DEBUG MainWindow           - Opening main window
13:30:12.508 [JavaFX Application Thread] DEBUG MainWindow           - Window border size: (4.0, 26.66668701171875)
13:30:12.508 [JavaFX Application Thread] DEBUG MainWindow           - Scaled size: 700.0 x 490.0
13:30:12.508 [JavaFX Application Thread] DEBUG MainWindow           - Scaled ratio: (1.0, 1.0)
13:30:12.509 [JavaFX Application Thread] DEBUG MainWindow           - Scene size: 700.0 x 490.0
13:30:12.509 [JavaFX Application Thread] DEBUG MainWindow           - Stage size: 704.0 x 516.6666870117188
13:30:12.509 [JavaFX Application Thread] DEBUG GameApplication      - Running preInit()
13:30:12.510 [JavaFX Application Thread] DEBUG Input                - Registered new binding: Screenshot - P
13:30:12.511 [JavaFX Application Thread] DEBUG Input                - Registered new binding: Dev Options - CTRL+0
13:30:12.512 [JavaFX Application Thread] DEBUG Input                - Registered new binding: System info dump - CTRL+9
13:30:12.512 [JavaFX Application Thread] DEBUG Input                - Registered new binding: Restart - CTRL+R
13:30:12.516 [JavaFX Application Thread] DEBUG AssetLoader          - Loading from disk: /assets/textures/Platformer/run_sheet.png
13:30:12.548 [JavaFX Application Thread] DEBUG AssetLoader          - Loading from disk: /assets/textures/Platformer/stand_sheet.png
13:30:12.554 [JavaFX Application Thread] DEBUG Input                - Registered new binding: run_right - Right
13:30:12.555 [JavaFX Application Thread] DEBUG Input                - Registered new binding: run_left - Left
13:30:12.555 [JavaFX Application Thread] DEBUG Input                - Registered new binding: jump - Up
13:30:12.590 [JavaFX Application Thread] DEBUG GameApplication      - Starting main loop
13:30:12.592 [JavaFX Application Thread] DEBUG StartupState         - STARTUP
13:30:12.592 [JavaFX Application Thread] DEBUG GameApplication      - Starting new game
13:30:12.592 [JavaFX Application Thread] DEBUG Input                - Clearing active input actions
13:30:12.599 [JavaFX Application Thread] DEBUG AppStateMachine      - StartupState -> LoadingState
13:30:12.604 [FXGL Background Thread 1 ] DEBUG InitAppTask          - Clearing previous game
13:30:12.604 [FXGL Background Thread 1 ] DEBUG GameWorld            - Clearing game world
13:30:12.604 [FXGL Background Thread 1 ] DEBUG PhysicsWorld         - Clearing physics world
13:30:12.604 [FXGL Background Thread 1 ] DEBUG GameScene            - Clearing game scene
13:30:12.605 [FXGL Background Thread 1 ] DEBUG InitAppTask          - Initializing Game
13:30:12.622 [FXGL Background Thread 1 ] DEBUG AssetLoader          - Loading from disk: /assets/tmx/platformer_map_1.tmx
13:30:12.639 [FXGL Background Thread 1 ] WARN  TMXParser            - TiledMap generated from 1.1.5. Supported version: 1.1.2. Some features may not be parsed fully.
13:30:12.657 [FXGL Background Thread 1 ] DEBUG GameWorld            - Clearing removable entities
13:30:12.657 [FXGL Background Thread 1 ] DEBUG GameWorld            - Setting level from map
13:30:12.681 [FXGL Background Thread 1 ] DEBUG AssetLoader          - Loading from disk: /assets/textures/map_tiles.png
13:30:12.696 [FXGL Background Thread 1 ] DEBUG AssetLoader          - Loading from cache: /assets/textures/map_tiles.png
13:30:12.696 [FXGL Background Thread 1 ] DEBUG AssetLoader          - Loading from cache: /assets/textures/map_tiles.png
13:30:12.696 [FXGL Background Thread 1 ] DEBUG AssetLoader          - Loading from cache: /assets/textures/map_tiles.png
13:30:12.696 [FXGL Background Thread 1 ] DEBUG AssetLoader          - Loading from cache: /assets/textures/map_tiles.png
13:30:12.696 [FXGL Background Thread 1 ] DEBUG AssetLoader          - Loading from cache: /assets/textures/map_tiles.png
13:30:12.697 [FXGL Background Thread 1 ] DEBUG AssetLoader          - Loading from cache: /assets/textures/map_tiles.png
13:30:12.697 [FXGL Background Thread 1 ] DEBUG AssetLoader          - Loading from cache: /assets/textures/map_tiles.png
13:30:12.697 [FXGL Background Thread 1 ] DEBUG AssetLoader          - Loading from cache: /assets/textures/map_tiles.png
13:30:12.697 [FXGL Background Thread 1 ] DEBUG AssetLoader          - Loading from cache: /assets/textures/map_tiles.png
13:30:12.697 [FXGL Background Thread 1 ] DEBUG AssetLoader          - Loading from cache: /assets/textures/map_tiles.png
13:30:12.697 [FXGL Background Thread 1 ] DEBUG AssetLoader          - Loading from cache: /assets/textures/map_tiles.png
13:30:12.697 [FXGL Background Thread 1 ] DEBUG AssetLoader          - Loading from cache: /assets/textures/map_tiles.png
13:30:12.697 [FXGL Background Thread 1 ] DEBUG AssetLoader          - Loading from cache: /assets/textures/map_tiles.png
13:30:12.697 [FXGL Background Thread 1 ] DEBUG AssetLoader          - Loading from cache: /assets/textures/map_tiles.png
13:30:12.698 [FXGL Background Thread 1 ] DEBUG AssetLoader          - Loading from cache: /assets/textures/map_tiles.png
13:30:12.698 [FXGL Background Thread 1 ] DEBUG AssetLoader          - Loading from cache: /assets/textures/map_tiles.png
13:30:12.698 [FXGL Background Thread 1 ] DEBUG AssetLoader          - Loading from cache: /assets/textures/map_tiles.png
13:30:12.698 [FXGL Background Thread 1 ] DEBUG AssetLoader          - Loading from cache: /assets/textures/map_tiles.png
13:30:12.698 [FXGL Background Thread 1 ] DEBUG AssetLoader          - Loading from cache: /assets/textures/map_tiles.png
13:30:12.698 [FXGL Background Thread 1 ] DEBUG AssetLoader          - Loading from cache: /assets/textures/map_tiles.png
13:30:12.698 [FXGL Background Thread 1 ] DEBUG AssetLoader          - Loading from cache: /assets/textures/map_tiles.png
13:30:12.698 [FXGL Background Thread 1 ] DEBUG AssetLoader          - Loading from cache: /assets/textures/map_tiles.png
13:30:12.698 [FXGL Background Thread 1 ] DEBUG AssetLoader          - Loading from cache: /assets/textures/map_tiles.png
13:30:12.698 [FXGL Background Thread 1 ] DEBUG AssetLoader          - Loading from cache: /assets/textures/map_tiles.png
13:30:12.699 [FXGL Background Thread 1 ] DEBUG AssetLoader          - Loading from cache: /assets/textures/map_tiles.png
13:30:12.699 [FXGL Background Thread 1 ] DEBUG AssetLoader          - Loading from cache: /assets/textures/map_tiles.png
13:30:12.699 [FXGL Background Thread 1 ] DEBUG AssetLoader          - Loading from cache: /assets/textures/map_tiles.png
13:30:12.699 [FXGL Background Thread 1 ] DEBUG AssetLoader          - Loading from cache: /assets/textures/map_tiles.png
13:30:12.699 [FXGL Background Thread 1 ] DEBUG AssetLoader          - Loading from cache: /assets/textures/map_tiles.png
13:30:12.699 [FXGL Background Thread 1 ] DEBUG AssetLoader          - Loading from cache: /assets/textures/map_tiles.png
13:30:12.699 [FXGL Background Thread 1 ] DEBUG AssetLoader          - Loading from cache: /assets/textures/map_tiles.png
13:30:12.699 [FXGL Background Thread 1 ] DEBUG AssetLoader          - Loading from cache: /assets/textures/map_tiles.png
13:30:12.699 [FXGL Background Thread 1 ] DEBUG AssetLoader          - Loading from cache: /assets/textures/map_tiles.png
13:30:12.700 [FXGL Background Thread 1 ] DEBUG AssetLoader          - Loading from cache: /assets/textures/map_tiles.png
13:30:12.700 [FXGL Background Thread 1 ] DEBUG AssetLoader          - Loading from cache: /assets/textures/map_tiles.png
13:30:12.700 [FXGL Background Thread 1 ] DEBUG AssetLoader          - Loading from cache: /assets/textures/map_tiles.png
13:30:12.700 [FXGL Background Thread 1 ] DEBUG AssetLoader          - Loading from cache: /assets/textures/map_tiles.png
13:30:12.700 [FXGL Background Thread 1 ] DEBUG AssetLoader          - Loading from cache: /assets/textures/map_tiles.png
13:30:12.700 [FXGL Background Thread 1 ] DEBUG AssetLoader          - Loading from cache: /assets/textures/map_tiles.png
13:30:12.700 [FXGL Background Thread 1 ] DEBUG AssetLoader          - Loading from cache: /assets/textures/map_tiles.png
13:30:12.700 [FXGL Background Thread 1 ] DEBUG AssetLoader          - Loading from cache: /assets/textures/map_tiles.png
13:30:12.700 [FXGL Background Thread 1 ] DEBUG AssetLoader          - Loading from cache: /assets/textures/map_tiles.png
13:30:12.701 [FXGL Background Thread 1 ] DEBUG AssetLoader          - Loading from cache: /assets/textures/map_tiles.png
13:30:12.701 [FXGL Background Thread 1 ] DEBUG AssetLoader          - Loading from cache: /assets/textures/map_tiles.png
13:30:12.701 [FXGL Background Thread 1 ] DEBUG AssetLoader          - Loading from cache: /assets/textures/map_tiles.png
13:30:12.701 [FXGL Background Thread 1 ] DEBUG AssetLoader          - Loading from cache: /assets/textures/map_tiles.png
13:30:12.701 [FXGL Background Thread 1 ] DEBUG AssetLoader          - Loading from cache: /assets/textures/map_tiles.png
13:30:12.701 [FXGL Background Thread 1 ] DEBUG AssetLoader          - Loading from cache: /assets/textures/map_tiles.png
13:30:12.701 [FXGL Background Thread 1 ] DEBUG AssetLoader          - Loading from cache: /assets/textures/map_tiles.png
13:30:12.701 [FXGL Background Thread 1 ] DEBUG AssetLoader          - Loading from cache: /assets/textures/map_tiles.png
13:30:12.701 [FXGL Background Thread 1 ] DEBUG AssetLoader          - Loading from cache: /assets/textures/map_tiles.png
13:30:12.701 [FXGL Background Thread 1 ] DEBUG AssetLoader          - Loading from cache: /assets/textures/map_tiles.png
13:30:12.702 [FXGL Background Thread 1 ] DEBUG AssetLoader          - Loading from cache: /assets/textures/map_tiles.png
13:30:12.702 [FXGL Background Thread 1 ] DEBUG AssetLoader          - Loading from cache: /assets/textures/map_tiles.png
13:30:12.702 [FXGL Background Thread 1 ] DEBUG AssetLoader          - Loading from cache: /assets/textures/map_tiles.png
13:30:12.702 [FXGL Background Thread 1 ] DEBUG AssetLoader          - Loading from cache: /assets/textures/map_tiles.png
13:30:12.702 [FXGL Background Thread 1 ] DEBUG AssetLoader          - Loading from cache: /assets/textures/map_tiles.png
13:30:12.702 [FXGL Background Thread 1 ] DEBUG AssetLoader          - Loading from cache: /assets/textures/map_tiles.png
13:30:12.702 [FXGL Background Thread 1 ] DEBUG AssetLoader          - Loading from cache: /assets/textures/map_tiles.png
13:30:12.702 [FXGL Background Thread 1 ] DEBUG AssetLoader          - Loading from cache: /assets/textures/map_tiles.png
13:30:12.702 [FXGL Background Thread 1 ] DEBUG AssetLoader          - Loading from cache: /assets/textures/map_tiles.png
13:30:12.702 [FXGL Background Thread 1 ] DEBUG AssetLoader          - Loading from cache: /assets/textures/map_tiles.png
13:30:12.704 [FXGL Background Thread 1 ] DEBUG GameScene            - Creating render group for layer: BACKGROUND(1000)
13:30:12.746 [FXGL Background Thread 1 ] DEBUG GameScene            - Creating render group for layer: DEFAULT(100000)
13:30:12.765 [FXGL Background Thread 1 ] DEBUG AssetLoader          - Loading from cache: /assets/textures/Platformer/stand_sheet.png
13:30:12.766 [FXGL Background Thread 1 ] DEBUG AssetLoader          - Loading from disk: /assets/textures/Platformer/jump-fall.png
13:30:12.769 [FXGL Background Thread 1 ] DEBUG AssetLoader          - Loading from disk: /assets/textures/Platformer/jump-up.png
13:30:12.774 [FXGL Background Thread 1 ] DEBUG InitAppTask          - Initializing Physics
13:30:12.774 [FXGL Background Thread 1 ] DEBUG InitAppTask          - Initializing UI
13:30:12.774 [FXGL Background Thread 1 ] DEBUG InitAppTask          - Initialization Complete
13:30:12.774 [FXGL Background Thread 1 ] INFO  InitAppTask          - Game initialization took: 0.171 sec
13:30:12.779 [JavaFX Application Thread] DEBUG Input                - Clearing active input actions
13:30:12.786 [JavaFX Application Thread] DEBUG AppStateMachine      - LoadingState -> PlayState
13:30:44.068 [JavaFX Application Thread] DEBUG GameApplication      - Exiting game application
13:30:44.068 [JavaFX Application Thread] DEBUG GameApplication      - Shutting down background threads
13:30:44.069 [JavaFX Application Thread] DEBUG GameApplication      - Exiting FXGL
13:30:44.069 [JavaFX Application Thread] DEBUG FXGL                 - Saving FXGL system data
13:30:44.071 [JavaFX Application Thread] DEBUG DesktopFSService     - Writing to: system\fxgl.bundle
13:30:44.077 [JavaFX Application Thread] DEBUG GameApplication      - Closing logger and exiting JavaFX
