12:21:39.103 [JavaFX Application Thread] DEBUG GameApplication      - Logger initialized
12:21:39.109 [JavaFX Application Thread] DEBUG MainWindow           - Creating a JavaFX scene
12:21:39.178 [JavaFX Application Thread] DEBUG MainWindow           - Target settings size: 800.0 x 600.0
12:21:39.178 [JavaFX Application Thread] DEBUG MainWindow           - Scaled scene size:    800.0 x 600.0
12:21:39.179 [JavaFX Application Thread] DEBUG MainWindow           - Scaled ratio: (1.0, 1.0)
12:21:39.184 [JavaFX Application Thread] DEBUG GameApplication      - Starting FXGL
12:21:39.195 [JavaFX Application Thread] INFO  FXGL                 - FXGL-0.5.1 on DESKTOP
12:21:39.196 [JavaFX Application Thread] INFO  FXGL                 - Source code and latest versions at: https://github.com/AlmasB/FXGL
12:21:39.196 [JavaFX Application Thread] INFO  FXGL                 -              Join the FXGL chat at: https://gitter.im/AlmasB/FXGL
12:21:39.201 [JavaFX Application Thread] DEBUG FS                   - Loaded DesktopFSService
12:21:39.202 [JavaFX Application Thread] DEBUG FXGL                 - Loading FXGL system data
12:21:39.210 [JavaFX Application Thread] DEBUG DesktopFSService     - Reading from: system\fxgl.bundle
12:21:39.217 [JavaFX Application Thread] DEBUG Bundle               - Logging bundle: FXGL
12:21:39.218 [JavaFX Application Thread] DEBUG Bundle               - FXGL.offline.timer.version.check=2018-05-24T09:09:49.283
12:21:39.239 [JavaFX Application Thread] DEBUG GameApplication      - FXGL started
12:21:39.239 [JavaFX Application Thread] DEBUG GameApplication      - Logging game settings
Title: Platformer
Version: 
Width: 800
Height: 600
Fullscreen: false
Intro: false
Menus: false
Profiling: false
Single step:false
App Mode: DEVELOPER
Menu Key: ESCAPE
Stage Style: DECORATED
Scene Factory: class com.almasb.fxgl.scene.SceneFactory
Dialog Factory: class com.almasb.fxgl.ui.FXGLDialogFactory
UI Factory: class com.almasb.fxgl.ui.FXGLUIFactory
Notification Service: class com.almasb.fxgl.gameplay.notification.XboxNotificationView
Exception Handler: class com.almasb.fxgl.app.FXGLExceptionHandler
12:21:39.240 [JavaFX Application Thread] DEBUG GameApplication      - Configuring GameApplication
12:21:39.240 [JavaFX Application Thread] DEBUG GameApplication      - Initializing state machine and application states
12:21:39.251 [JavaFX Application Thread] DEBUG AssetLoader          - Loading from disk: /assets/ui/cursors/fxgl_default.png
12:21:39.268 [JavaFX Application Thread] DEBUG AssetLoader          - Loading from disk: /assets/ui/cursors/fxgl_default.png
12:21:39.285 [JavaFX Application Thread] DEBUG FXGLAssets           - Loading FXGLAssets
12:21:39.310 [JavaFX Application Thread] DEBUG AssetLoader          - Loading from disk: /assets/ui/fonts/VarelaRound-Regular.ttf
12:21:39.430 [JavaFX Application Thread] DEBUG AssetLoader          - Loading from disk: /assets/ui/fonts/lucida_console.ttf
12:21:39.439 [JavaFX Application Thread] DEBUG AssetLoader          - Loading from disk: /assets/ui/css/fxgl_dark.css
12:21:39.464 [JavaFX Application Thread] DEBUG AssetLoader          - Loading from disk: /assets/ui/cursors/fxgl_default.png
12:21:39.489 [JavaFX Application Thread] DEBUG AssetLoader          - Loading from disk: /assets/ui/cursors/fxgl_default.png
12:21:39.502 [JavaFX Application Thread] DEBUG GameScene            - Game scene initialized: 800x600
12:21:39.505 [JavaFX Application Thread] DEBUG GameWorld            - Game world initialized
12:21:39.544 [JavaFX Application Thread] DEBUG PhysicsWorld         - Physics world initialized: appHeight=600, physics.ppm=50.0
12:21:39.558 [JavaFX Application Thread] DEBUG Input                - Registered new binding: Pause - Esc
12:21:39.572 [JavaFX Application Thread] DEBUG Input                - Clearing active input actions
12:21:39.604 [JavaFX Application Thread] DEBUG AppStateMachine      - StartupState -> StartupState
12:21:39.607 [JavaFX Application Thread] INFO  GameApplication      - Game configuration took:  0.367 sec
12:21:39.608 [JavaFX Application Thread] DEBUG AssetLoader          - Loading from disk: /assets/textures/fxgl_icon.png
12:21:39.619 [JavaFX Application Thread] DEBUG MainWindow           - Opening main window
12:21:39.752 [JavaFX Application Thread] DEBUG MainWindow           - Window border size: (4.0, 26.66668701171875)
12:21:39.752 [JavaFX Application Thread] DEBUG MainWindow           - Scaled size: 800.0 x 600.0
12:21:39.753 [JavaFX Application Thread] DEBUG MainWindow           - Scaled ratio: (1.0, 1.0)
12:21:39.753 [JavaFX Application Thread] DEBUG MainWindow           - Scene size: 800.0 x 600.0
12:21:39.753 [JavaFX Application Thread] DEBUG MainWindow           - Stage size: 804.0 x 626.6666870117188
12:21:39.753 [JavaFX Application Thread] DEBUG GameApplication      - Running preInit()
12:21:39.755 [JavaFX Application Thread] DEBUG Input                - Registered new binding: Screenshot - P
12:21:39.755 [JavaFX Application Thread] DEBUG Input                - Registered new binding: Dev Options - CTRL+0
12:21:39.756 [JavaFX Application Thread] DEBUG Input                - Registered new binding: System info dump - CTRL+9
12:21:39.756 [JavaFX Application Thread] DEBUG Input                - Registered new binding: Restart - CTRL+R
12:21:39.784 [JavaFX Application Thread] DEBUG GameApplication      - Starting main loop
12:21:39.786 [JavaFX Application Thread] DEBUG StartupState         - STARTUP
12:21:39.787 [JavaFX Application Thread] DEBUG GameApplication      - Starting new game
12:21:39.787 [JavaFX Application Thread] DEBUG Input                - Clearing active input actions
12:21:39.794 [JavaFX Application Thread] DEBUG AppStateMachine      - StartupState -> LoadingState
12:21:39.798 [FXGL Background Thread 1 ] DEBUG InitAppTask          - Clearing previous game
12:21:39.798 [FXGL Background Thread 1 ] DEBUG GameWorld            - Clearing game world
12:21:39.798 [FXGL Background Thread 1 ] DEBUG PhysicsWorld         - Clearing physics world
12:21:39.798 [FXGL Background Thread 1 ] DEBUG GameScene            - Clearing game scene
12:21:39.799 [FXGL Background Thread 1 ] DEBUG InitAppTask          - Initializing Game
12:21:39.817 [FXGL Background Thread 1 ] DEBUG AssetLoader          - Loading from disk: /assets/tmx/platformer_map_1.tmx
12:21:39.837 [FXGL Background Thread 1 ] WARN  TMXParser            - TiledMap generated from 1.1.5. Supported version: 1.1.2. Some features may not be parsed fully.
12:21:39.864 [FXGL Background Thread 1 ] DEBUG GameWorld            - Clearing removable entities
12:21:39.864 [FXGL Background Thread 1 ] DEBUG GameWorld            - Setting level from map
12:21:39.882 [FXGL Background Thread 1 ] DEBUG AssetLoader          - Loading from disk: /assets/textures/map_tiles.png
12:21:39.901 [FXGL Background Thread 1 ] DEBUG AssetLoader          - Loading from cache: /assets/textures/map_tiles.png
12:21:39.902 [FXGL Background Thread 1 ] DEBUG AssetLoader          - Loading from cache: /assets/textures/map_tiles.png
12:21:39.902 [FXGL Background Thread 1 ] DEBUG AssetLoader          - Loading from cache: /assets/textures/map_tiles.png
12:21:39.902 [FXGL Background Thread 1 ] DEBUG AssetLoader          - Loading from cache: /assets/textures/map_tiles.png
12:21:39.903 [FXGL Background Thread 1 ] DEBUG AssetLoader          - Loading from cache: /assets/textures/map_tiles.png
12:21:39.903 [FXGL Background Thread 1 ] DEBUG AssetLoader          - Loading from cache: /assets/textures/map_tiles.png
12:21:39.903 [FXGL Background Thread 1 ] DEBUG AssetLoader          - Loading from cache: /assets/textures/map_tiles.png
12:21:39.903 [FXGL Background Thread 1 ] DEBUG AssetLoader          - Loading from cache: /assets/textures/map_tiles.png
12:21:39.903 [FXGL Background Thread 1 ] DEBUG AssetLoader          - Loading from cache: /assets/textures/map_tiles.png
12:21:39.903 [FXGL Background Thread 1 ] DEBUG AssetLoader          - Loading from cache: /assets/textures/map_tiles.png
12:21:39.903 [FXGL Background Thread 1 ] DEBUG AssetLoader          - Loading from cache: /assets/textures/map_tiles.png
12:21:39.904 [FXGL Background Thread 1 ] DEBUG AssetLoader          - Loading from cache: /assets/textures/map_tiles.png
12:21:39.904 [FXGL Background Thread 1 ] DEBUG AssetLoader          - Loading from cache: /assets/textures/map_tiles.png
12:21:39.904 [FXGL Background Thread 1 ] DEBUG AssetLoader          - Loading from cache: /assets/textures/map_tiles.png
12:21:39.904 [FXGL Background Thread 1 ] DEBUG AssetLoader          - Loading from cache: /assets/textures/map_tiles.png
12:21:39.905 [FXGL Background Thread 1 ] DEBUG AssetLoader          - Loading from cache: /assets/textures/map_tiles.png
12:21:39.905 [FXGL Background Thread 1 ] DEBUG AssetLoader          - Loading from cache: /assets/textures/map_tiles.png
12:21:39.905 [FXGL Background Thread 1 ] DEBUG AssetLoader          - Loading from cache: /assets/textures/map_tiles.png
12:21:39.905 [FXGL Background Thread 1 ] DEBUG AssetLoader          - Loading from cache: /assets/textures/map_tiles.png
12:21:39.905 [FXGL Background Thread 1 ] DEBUG AssetLoader          - Loading from cache: /assets/textures/map_tiles.png
12:21:39.905 [FXGL Background Thread 1 ] DEBUG AssetLoader          - Loading from cache: /assets/textures/map_tiles.png
12:21:39.905 [FXGL Background Thread 1 ] DEBUG AssetLoader          - Loading from cache: /assets/textures/map_tiles.png
12:21:39.905 [FXGL Background Thread 1 ] DEBUG AssetLoader          - Loading from cache: /assets/textures/map_tiles.png
12:21:39.906 [FXGL Background Thread 1 ] DEBUG AssetLoader          - Loading from cache: /assets/textures/map_tiles.png
12:21:39.906 [FXGL Background Thread 1 ] DEBUG AssetLoader          - Loading from cache: /assets/textures/map_tiles.png
12:21:39.906 [FXGL Background Thread 1 ] DEBUG AssetLoader          - Loading from cache: /assets/textures/map_tiles.png
12:21:39.906 [FXGL Background Thread 1 ] DEBUG AssetLoader          - Loading from cache: /assets/textures/map_tiles.png
12:21:39.906 [FXGL Background Thread 1 ] DEBUG AssetLoader          - Loading from cache: /assets/textures/map_tiles.png
12:21:39.906 [FXGL Background Thread 1 ] DEBUG AssetLoader          - Loading from cache: /assets/textures/map_tiles.png
12:21:39.906 [FXGL Background Thread 1 ] DEBUG AssetLoader          - Loading from cache: /assets/textures/map_tiles.png
12:21:39.906 [FXGL Background Thread 1 ] DEBUG AssetLoader          - Loading from cache: /assets/textures/map_tiles.png
12:21:39.906 [FXGL Background Thread 1 ] DEBUG AssetLoader          - Loading from cache: /assets/textures/map_tiles.png
12:21:39.907 [FXGL Background Thread 1 ] DEBUG AssetLoader          - Loading from cache: /assets/textures/map_tiles.png
12:21:39.907 [FXGL Background Thread 1 ] DEBUG AssetLoader          - Loading from cache: /assets/textures/map_tiles.png
12:21:39.907 [FXGL Background Thread 1 ] DEBUG AssetLoader          - Loading from cache: /assets/textures/map_tiles.png
12:21:39.907 [FXGL Background Thread 1 ] DEBUG AssetLoader          - Loading from cache: /assets/textures/map_tiles.png
12:21:39.907 [FXGL Background Thread 1 ] DEBUG AssetLoader          - Loading from cache: /assets/textures/map_tiles.png
12:21:39.907 [FXGL Background Thread 1 ] DEBUG AssetLoader          - Loading from cache: /assets/textures/map_tiles.png
12:21:39.908 [FXGL Background Thread 1 ] DEBUG AssetLoader          - Loading from cache: /assets/textures/map_tiles.png
12:21:39.908 [FXGL Background Thread 1 ] DEBUG AssetLoader          - Loading from cache: /assets/textures/map_tiles.png
12:21:39.908 [FXGL Background Thread 1 ] DEBUG AssetLoader          - Loading from cache: /assets/textures/map_tiles.png
12:21:39.908 [FXGL Background Thread 1 ] DEBUG AssetLoader          - Loading from cache: /assets/textures/map_tiles.png
12:21:39.908 [FXGL Background Thread 1 ] DEBUG AssetLoader          - Loading from cache: /assets/textures/map_tiles.png
12:21:39.908 [FXGL Background Thread 1 ] DEBUG AssetLoader          - Loading from cache: /assets/textures/map_tiles.png
12:21:39.908 [FXGL Background Thread 1 ] DEBUG AssetLoader          - Loading from cache: /assets/textures/map_tiles.png
12:21:39.909 [FXGL Background Thread 1 ] DEBUG AssetLoader          - Loading from cache: /assets/textures/map_tiles.png
12:21:39.909 [FXGL Background Thread 1 ] DEBUG AssetLoader          - Loading from cache: /assets/textures/map_tiles.png
12:21:39.909 [FXGL Background Thread 1 ] DEBUG AssetLoader          - Loading from cache: /assets/textures/map_tiles.png
12:21:39.909 [FXGL Background Thread 1 ] DEBUG AssetLoader          - Loading from cache: /assets/textures/map_tiles.png
12:21:39.909 [FXGL Background Thread 1 ] DEBUG AssetLoader          - Loading from cache: /assets/textures/map_tiles.png
12:21:39.909 [FXGL Background Thread 1 ] DEBUG AssetLoader          - Loading from cache: /assets/textures/map_tiles.png
12:21:39.909 [FXGL Background Thread 1 ] DEBUG AssetLoader          - Loading from cache: /assets/textures/map_tiles.png
12:21:39.909 [FXGL Background Thread 1 ] DEBUG AssetLoader          - Loading from cache: /assets/textures/map_tiles.png
12:21:39.909 [FXGL Background Thread 1 ] DEBUG AssetLoader          - Loading from cache: /assets/textures/map_tiles.png
12:21:39.910 [FXGL Background Thread 1 ] DEBUG AssetLoader          - Loading from cache: /assets/textures/map_tiles.png
12:21:39.910 [FXGL Background Thread 1 ] DEBUG AssetLoader          - Loading from cache: /assets/textures/map_tiles.png
12:21:39.910 [FXGL Background Thread 1 ] DEBUG AssetLoader          - Loading from cache: /assets/textures/map_tiles.png
12:21:39.910 [FXGL Background Thread 1 ] DEBUG AssetLoader          - Loading from cache: /assets/textures/map_tiles.png
12:21:39.910 [FXGL Background Thread 1 ] DEBUG AssetLoader          - Loading from cache: /assets/textures/map_tiles.png
12:21:39.910 [FXGL Background Thread 1 ] DEBUG AssetLoader          - Loading from cache: /assets/textures/map_tiles.png
12:21:39.910 [FXGL Background Thread 1 ] DEBUG AssetLoader          - Loading from cache: /assets/textures/map_tiles.png
12:21:39.910 [FXGL Background Thread 1 ] DEBUG AssetLoader          - Loading from cache: /assets/textures/map_tiles.png
12:21:39.912 [FXGL Background Thread 1 ] DEBUG GameScene            - Creating render group for layer: BACKGROUND(1000)
12:21:39.955 [FXGL Background Thread 1 ] DEBUG GameScene            - Creating render group for layer: DEFAULT(100000)
12:21:39.973 [FXGL Background Thread 1 ] DEBUG InitAppTask          - Initializing Physics
12:21:39.973 [FXGL Background Thread 1 ] DEBUG InitAppTask          - Initializing UI
12:21:39.973 [FXGL Background Thread 1 ] DEBUG InitAppTask          - Initialization Complete
12:21:39.973 [FXGL Background Thread 1 ] INFO  InitAppTask          - Game initialization took: 0.175 sec
12:21:39.984 [JavaFX Application Thread] DEBUG Input                - Clearing active input actions
12:21:39.990 [JavaFX Application Thread] DEBUG AppStateMachine      - LoadingState -> PlayState
12:21:42.269 [JavaFX Application Thread] DEBUG GameApplication      - Exiting game application
12:21:42.270 [JavaFX Application Thread] DEBUG GameApplication      - Shutting down background threads
12:21:42.270 [JavaFX Application Thread] DEBUG GameApplication      - Exiting FXGL
12:21:42.270 [JavaFX Application Thread] DEBUG FXGL                 - Saving FXGL system data
12:21:42.272 [JavaFX Application Thread] DEBUG DesktopFSService     - Writing to: system\fxgl.bundle
12:21:42.275 [JavaFX Application Thread] DEBUG GameApplication      - Closing logger and exiting JavaFX
