19:43:40.896 [JavaFX Application Thread] DEBUG GameApplication      - Logger initialized
19:43:40.902 [JavaFX Application Thread] DEBUG MainWindow           - Creating a JavaFX scene
19:43:40.984 [JavaFX Application Thread] DEBUG MainWindow           - Target settings size: 800.0 x 470.0
19:43:40.984 [JavaFX Application Thread] DEBUG MainWindow           - Scaled scene size:    800.0 x 470.0
19:43:40.985 [JavaFX Application Thread] DEBUG MainWindow           - Scaled ratio: (1.0, 1.0)
19:43:40.990 [JavaFX Application Thread] DEBUG GameApplication      - Starting FXGL
19:43:41.001 [JavaFX Application Thread] INFO  FXGL                 - FXGL-0.5.1 on DESKTOP
19:43:41.001 [JavaFX Application Thread] INFO  FXGL                 - Source code and latest versions at: https://github.com/AlmasB/FXGL
19:43:41.001 [JavaFX Application Thread] INFO  FXGL                 -              Join the FXGL chat at: https://gitter.im/AlmasB/FXGL
19:43:41.007 [JavaFX Application Thread] DEBUG FS                   - Loaded DesktopFSService
19:43:41.008 [JavaFX Application Thread] DEBUG FXGL                 - Loading FXGL system data
19:43:41.016 [JavaFX Application Thread] DEBUG DesktopFSService     - Reading from: system\fxgl.bundle
19:43:41.026 [JavaFX Application Thread] DEBUG Bundle               - Logging bundle: FXGL
19:43:41.027 [JavaFX Application Thread] DEBUG Bundle               - FXGL.offline.timer.version.check=2018-05-16T18:22:51.838
19:43:41.067 [JavaFX Application Thread] DEBUG GameApplication      - FXGL started
19:43:41.068 [JavaFX Application Thread] DEBUG GameApplication      - Logging game settings
Title: Frogger
Version: 0.2.0
Width: 800
Height: 470
Fullscreen: false
Intro: false
Menus: false
Profiling: false
Single step:false
App Mode: DEVELOPER
Menu Key: ESCAPE
Stage Style: DECORATED
Scene Factory: class com.almasb.fxgl.scene.SceneFactory
Dialog Factory: class com.almasb.fxgl.ui.FXGLDialogFactory
UI Factory: class com.almasb.fxgl.ui.FXGLUIFactory
Notification Service: class com.almasb.fxgl.gameplay.notification.XboxNotificationView
Exception Handler: class com.almasb.fxgl.app.FXGLExceptionHandler
19:43:41.069 [JavaFX Application Thread] DEBUG GameApplication      - Configuring GameApplication
19:43:41.069 [JavaFX Application Thread] DEBUG GameApplication      - Initializing state machine and application states
19:43:41.082 [JavaFX Application Thread] DEBUG AssetLoader          - Loading from disk: /assets/ui/cursors/fxgl_default.png
19:43:41.099 [JavaFX Application Thread] DEBUG AssetLoader          - Loading from disk: /assets/ui/cursors/fxgl_default.png
19:43:41.115 [JavaFX Application Thread] DEBUG FXGLAssets           - Loading FXGLAssets
19:43:41.143 [JavaFX Application Thread] DEBUG AssetLoader          - Loading from disk: /assets/ui/fonts/VarelaRound-Regular.ttf
19:43:41.280 [JavaFX Application Thread] DEBUG AssetLoader          - Loading from disk: /assets/ui/fonts/lucida_console.ttf
19:43:41.288 [JavaFX Application Thread] DEBUG AssetLoader          - Loading from disk: /assets/ui/css/fxgl_dark.css
19:43:41.313 [JavaFX Application Thread] DEBUG AssetLoader          - Loading from disk: /assets/ui/cursors/fxgl_default.png
19:43:41.336 [JavaFX Application Thread] DEBUG AssetLoader          - Loading from disk: /assets/ui/cursors/fxgl_default.png
19:43:41.350 [JavaFX Application Thread] DEBUG GameScene            - Game scene initialized: 800x470
19:43:41.352 [JavaFX Application Thread] DEBUG GameWorld            - Game world initialized
19:43:41.388 [JavaFX Application Thread] DEBUG PhysicsWorld         - Physics world initialized: appHeight=470, physics.ppm=50.0
19:43:41.403 [JavaFX Application Thread] DEBUG Input                - Registered new binding: Pause - Esc
19:43:41.417 [JavaFX Application Thread] DEBUG Input                - Clearing active input actions
19:43:41.447 [JavaFX Application Thread] DEBUG AppStateMachine      - StartupState -> StartupState
19:43:41.452 [JavaFX Application Thread] INFO  GameApplication      - Game configuration took:  0.383 sec
19:43:41.454 [JavaFX Application Thread] DEBUG AssetLoader          - Loading from disk: /assets/textures/fxgl_icon.png
19:43:41.464 [JavaFX Application Thread] DEBUG MainWindow           - Opening main window
19:43:41.622 [JavaFX Application Thread] DEBUG MainWindow           - Window border size: (4.0, 26.666656494140625)
19:43:41.623 [JavaFX Application Thread] DEBUG MainWindow           - Scaled size: 800.0 x 470.0
19:43:41.623 [JavaFX Application Thread] DEBUG MainWindow           - Scaled ratio: (1.0, 1.0)
19:43:41.623 [JavaFX Application Thread] DEBUG MainWindow           - Scene size: 800.0 x 470.0
19:43:41.623 [JavaFX Application Thread] DEBUG MainWindow           - Stage size: 804.0 x 496.6666564941406
19:43:41.623 [JavaFX Application Thread] DEBUG GameApplication      - Running preInit()
19:43:41.625 [JavaFX Application Thread] DEBUG Input                - Registered new binding: Screenshot - P
19:43:41.625 [JavaFX Application Thread] DEBUG Input                - Registered new binding: Dev Options - CTRL+0
19:43:41.626 [JavaFX Application Thread] DEBUG Input                - Registered new binding: System info dump - CTRL+9
19:43:41.626 [JavaFX Application Thread] DEBUG Input                - Registered new binding: Restart - CTRL+R
19:43:41.626 [JavaFX Application Thread] DEBUG Input                - Registered new binding: up - W
19:43:41.626 [JavaFX Application Thread] DEBUG Input                - Registered new binding: down - S
19:43:41.626 [JavaFX Application Thread] DEBUG Input                - Registered new binding: left - A
19:43:41.627 [JavaFX Application Thread] DEBUG Input                - Registered new binding: right - D
19:43:41.654 [JavaFX Application Thread] DEBUG GameApplication      - Starting main loop
19:43:41.655 [JavaFX Application Thread] DEBUG StartupState         - STARTUP
19:43:41.656 [JavaFX Application Thread] DEBUG GameApplication      - Starting new game
19:43:41.656 [JavaFX Application Thread] DEBUG Input                - Clearing active input actions
19:43:41.664 [JavaFX Application Thread] DEBUG AppStateMachine      - StartupState -> LoadingState
19:43:41.669 [FXGL Background Thread 1 ] DEBUG InitAppTask          - Clearing previous game
19:43:41.669 [FXGL Background Thread 1 ] DEBUG GameWorld            - Clearing game world
19:43:41.669 [FXGL Background Thread 1 ] DEBUG PhysicsWorld         - Clearing physics world
19:43:41.669 [FXGL Background Thread 1 ] DEBUG GameScene            - Clearing game scene
19:43:41.670 [FXGL Background Thread 1 ] DEBUG InitAppTask          - Initializing Game
19:43:41.709 [FXGL Background Thread 1 ] DEBUG AssetLoader          - Loading from disk: /assets/textures/Frogger/frog_idle.png
19:43:41.719 [FXGL Background Thread 1 ] DEBUG GameScene            - Creating render group for layer: DEFAULT(100000)
19:43:41.721 [FXGL Background Thread 1 ] DEBUG AssetLoader          - Loading from disk: /assets/textures/Frogger/half_log.png
19:43:41.725 [FXGL Background Thread 1 ] DEBUG AssetLoader          - Loading from disk: /assets/textures/Frogger/full_log.png
19:43:41.727 [FXGL Background Thread 1 ] DEBUG AssetLoader          - Loading from disk: /assets/textures/Frogger/rotating_log.png
19:43:41.734 [FXGL Background Thread 1 ] DEBUG InitAppTask          - Initializing Physics
19:43:41.735 [FXGL Background Thread 1 ] DEBUG InitAppTask          - Initializing UI
19:43:41.735 [FXGL Background Thread 1 ] DEBUG AssetLoader          - Loading from disk: /assets/textures/Frogger/background.jpg
19:43:41.744 [FXGL Background Thread 1 ] DEBUG InitAppTask          - Initialization Complete
19:43:41.745 [FXGL Background Thread 1 ] INFO  InitAppTask          - Game initialization took: 0.076 sec
19:43:41.747 [JavaFX Application Thread] DEBUG Input                - Clearing active input actions
19:43:41.751 [JavaFX Application Thread] DEBUG AppStateMachine      - LoadingState -> PlayState
19:43:42.632 [JavaFX Application Thread] DEBUG AssetLoader          - Loading from disk: /assets/textures/Frogger/green_car.png
19:43:42.634 [JavaFX Application Thread] DEBUG GameScene            - Creating render group for layer: TOP(2147483647)
19:43:42.634 [JavaFX Application Thread] DEBUG AssetLoader          - Loading from disk: /assets/textures/Frogger/orange_car.png
19:43:43.560 [JavaFX Application Thread] DEBUG AssetLoader          - Loading from disk: /assets/textures/Frogger/purple_car.png
19:43:43.562 [JavaFX Application Thread] DEBUG AssetLoader          - Loading from disk: /assets/textures/Frogger/red_car.png
19:43:44.471 [JavaFX Application Thread] DEBUG AssetLoader          - Loading from disk: /assets/textures/Frogger/blue_car.png
19:43:44.474 [JavaFX Application Thread] DEBUG AssetLoader          - Loading from cache: /assets/textures/Frogger/orange_car.png
19:43:45.383 [JavaFX Application Thread] DEBUG AssetLoader          - Loading from cache: /assets/textures/Frogger/purple_car.png
19:43:45.384 [JavaFX Application Thread] DEBUG AssetLoader          - Loading from cache: /assets/textures/Frogger/orange_car.png
19:43:45.696 [JavaFX Application Thread] DEBUG GameApplication      - Exiting game application
19:43:45.697 [JavaFX Application Thread] DEBUG GameApplication      - Shutting down background threads
19:43:45.697 [JavaFX Application Thread] DEBUG GameApplication      - Exiting FXGL
19:43:45.697 [JavaFX Application Thread] DEBUG FXGL                 - Saving FXGL system data
19:43:45.699 [JavaFX Application Thread] DEBUG DesktopFSService     - Writing to: system\fxgl.bundle
19:43:45.702 [JavaFX Application Thread] DEBUG GameApplication      - Closing logger and exiting JavaFX
