13:29:32.029 [JavaFX Application Thread] DEBUG GameApplication      - Logger initialized
13:29:32.035 [JavaFX Application Thread] DEBUG MainWindow           - Creating a JavaFX scene
13:29:32.106 [JavaFX Application Thread] DEBUG MainWindow           - Target settings size: 800.0 x 400.0
13:29:32.106 [JavaFX Application Thread] DEBUG MainWindow           - Scaled scene size:    800.0 x 400.0
13:29:32.106 [JavaFX Application Thread] DEBUG MainWindow           - Scaled ratio: (1.0, 1.0)
13:29:32.111 [JavaFX Application Thread] DEBUG GameApplication      - Starting FXGL
13:29:32.122 [JavaFX Application Thread] INFO  FXGL                 - FXGL-0.5.1 on DESKTOP
13:29:32.122 [JavaFX Application Thread] INFO  FXGL                 - Source code and latest versions at: https://github.com/AlmasB/FXGL
13:29:32.123 [JavaFX Application Thread] INFO  FXGL                 -              Join the FXGL chat at: https://gitter.im/AlmasB/FXGL
13:29:32.128 [JavaFX Application Thread] DEBUG FS                   - Loaded DesktopFSService
13:29:32.129 [JavaFX Application Thread] DEBUG FXGL                 - Loading FXGL system data
13:29:32.137 [JavaFX Application Thread] DEBUG DesktopFSService     - Reading from: system\fxgl.bundle
13:29:32.147 [JavaFX Application Thread] DEBUG Bundle               - Logging bundle: FXGL
13:29:32.147 [JavaFX Application Thread] DEBUG Bundle               - FXGL.offline.timer.version.check=2018-05-16T18:22:51.838
13:29:32.171 [JavaFX Application Thread] DEBUG GameApplication      - FXGL started
13:29:32.172 [JavaFX Application Thread] DEBUG GameApplication      - Logging game settings
Title: FlappyBird
Version: 0.2.0
Width: 800
Height: 400
Fullscreen: false
Intro: false
Menus: false
Profiling: false
Single step:false
App Mode: DEVELOPER
Menu Key: ESCAPE
Stage Style: DECORATED
Scene Factory: class com.almasb.fxgl.scene.SceneFactory
Dialog Factory: class com.almasb.fxgl.ui.FXGLDialogFactory
UI Factory: class com.almasb.fxgl.ui.FXGLUIFactory
Notification Service: class com.almasb.fxgl.gameplay.notification.XboxNotificationView
Exception Handler: class com.almasb.fxgl.app.FXGLExceptionHandler
13:29:32.173 [JavaFX Application Thread] DEBUG GameApplication      - Configuring GameApplication
13:29:32.173 [JavaFX Application Thread] DEBUG GameApplication      - Initializing state machine and application states
13:29:32.190 [JavaFX Application Thread] DEBUG AssetLoader          - Loading from disk: /assets/ui/cursors/fxgl_default.png
13:29:32.214 [JavaFX Application Thread] DEBUG AssetLoader          - Loading from disk: /assets/ui/cursors/fxgl_default.png
13:29:32.233 [JavaFX Application Thread] DEBUG FXGLAssets           - Loading FXGLAssets
13:29:32.261 [JavaFX Application Thread] DEBUG AssetLoader          - Loading from disk: /assets/ui/fonts/VarelaRound-Regular.ttf
13:29:32.398 [JavaFX Application Thread] DEBUG AssetLoader          - Loading from disk: /assets/ui/fonts/lucida_console.ttf
13:29:32.407 [JavaFX Application Thread] DEBUG AssetLoader          - Loading from disk: /assets/ui/css/fxgl_dark.css
13:29:32.431 [JavaFX Application Thread] DEBUG AssetLoader          - Loading from disk: /assets/ui/cursors/fxgl_default.png
13:29:32.459 [JavaFX Application Thread] DEBUG AssetLoader          - Loading from disk: /assets/ui/cursors/fxgl_default.png
13:29:32.472 [JavaFX Application Thread] DEBUG GameScene            - Game scene initialized: 800x400
13:29:32.473 [JavaFX Application Thread] DEBUG GameWorld            - Game world initialized
13:29:32.513 [JavaFX Application Thread] DEBUG PhysicsWorld         - Physics world initialized: appHeight=400, physics.ppm=50.0
13:29:32.528 [JavaFX Application Thread] DEBUG Input                - Registered new binding: Pause - Esc
13:29:32.543 [JavaFX Application Thread] DEBUG Input                - Clearing active input actions
13:29:32.580 [JavaFX Application Thread] DEBUG AppStateMachine      - StartupState -> StartupState
13:29:32.584 [JavaFX Application Thread] INFO  GameApplication      - Game configuration took:  0.410 sec
13:29:32.585 [JavaFX Application Thread] DEBUG AssetLoader          - Loading from disk: /assets/textures/fxgl_icon.png
13:29:32.597 [JavaFX Application Thread] DEBUG MainWindow           - Opening main window
13:29:32.725 [JavaFX Application Thread] DEBUG MainWindow           - Window border size: (4.0, 26.666656494140625)
13:29:32.725 [JavaFX Application Thread] DEBUG MainWindow           - Scaled size: 800.0 x 400.0
13:29:32.725 [JavaFX Application Thread] DEBUG MainWindow           - Scaled ratio: (1.0, 1.0)
13:29:32.726 [JavaFX Application Thread] DEBUG MainWindow           - Scene size: 800.0 x 400.0
13:29:32.726 [JavaFX Application Thread] DEBUG MainWindow           - Stage size: 804.0 x 426.6666564941406
13:29:32.726 [JavaFX Application Thread] DEBUG GameApplication      - Running preInit()
13:29:32.727 [JavaFX Application Thread] DEBUG Input                - Registered new binding: Screenshot - P
13:29:32.728 [JavaFX Application Thread] DEBUG Input                - Registered new binding: Dev Options - CTRL+0
13:29:32.728 [JavaFX Application Thread] DEBUG Input                - Registered new binding: System info dump - CTRL+9
13:29:32.728 [JavaFX Application Thread] DEBUG Input                - Registered new binding: Restart - CTRL+R
13:29:32.729 [JavaFX Application Thread] DEBUG Input                - Registered new binding: flap - Space
13:29:32.758 [JavaFX Application Thread] DEBUG GameApplication      - Starting main loop
13:29:32.760 [JavaFX Application Thread] DEBUG StartupState         - STARTUP
13:29:32.760 [JavaFX Application Thread] DEBUG GameApplication      - Starting new game
13:29:32.760 [JavaFX Application Thread] DEBUG Input                - Clearing active input actions
13:29:32.766 [JavaFX Application Thread] DEBUG AppStateMachine      - StartupState -> LoadingState
13:29:32.772 [FXGL Background Thread 1 ] DEBUG InitAppTask          - Clearing previous game
13:29:32.772 [FXGL Background Thread 1 ] DEBUG GameWorld            - Clearing game world
13:29:32.772 [FXGL Background Thread 1 ] DEBUG PhysicsWorld         - Clearing physics world
13:29:32.772 [FXGL Background Thread 1 ] DEBUG GameScene            - Clearing game scene
13:29:32.774 [FXGL Background Thread 1 ] DEBUG InitAppTask          - Initializing Game
13:29:32.796 [FXGL Background Thread 1 ] DEBUG AssetLoader          - Loading from disk: /assets/textures/FlappyPort/flappybird_fly_sheet.png
13:29:32.888 [FXGL Background Thread 1 ] DEBUG GameScene            - Creating render group for layer: DEFAULT(100000)
13:29:32.892 [FXGL Background Thread 1 ] DEBUG AssetLoader          - Loading from disk: /assets/textures/FlappyPort/ground.png
13:29:32.896 [FXGL Background Thread 1 ] DEBUG GameScene            - Creating render group for layer: TOP(2147483647)
13:29:32.897 [FXGL Background Thread 1 ] DEBUG AssetLoader          - Loading from cache: /assets/textures/FlappyPort/ground.png
13:29:32.898 [FXGL Background Thread 1 ] DEBUG InitAppTask          - Initializing Physics
13:29:32.899 [FXGL Background Thread 1 ] DEBUG InitAppTask          - Initializing UI
13:29:32.899 [FXGL Background Thread 1 ] DEBUG AssetLoader          - Loading from disk: /assets/textures/FlappyPort/background.png
13:29:32.919 [FXGL Background Thread 1 ] DEBUG InitAppTask          - Initialization Complete
13:29:32.919 [FXGL Background Thread 1 ] INFO  InitAppTask          - Game initialization took: 0.147 sec
13:29:32.923 [JavaFX Application Thread] DEBUG Input                - Clearing active input actions
13:29:32.928 [JavaFX Application Thread] DEBUG AppStateMachine      - LoadingState -> PlayState
13:29:33.155 [JavaFX Application Thread] DEBUG Input                - Mocking key release: Space
13:29:33.552 [JavaFX Application Thread] DEBUG Input                - Mocking key release: Space
13:29:33.686 [JavaFX Application Thread] DEBUG Input                - Mocking key release: Space
13:29:33.912 [JavaFX Application Thread] DEBUG Input                - Mocking key release: Space
13:29:33.914 [JavaFX Application Thread] DEBUG AssetLoader          - Loading from disk: /assets/textures/FlappyPort/top_pipe.png
13:29:33.917 [JavaFX Application Thread] DEBUG AssetLoader          - Loading from disk: /assets/textures/FlappyPort/bottom_pipe.png
13:29:33.919 [JavaFX Application Thread] DEBUG AssetLoader          - Loading from cache: /assets/textures/FlappyPort/ground.png
13:29:34.120 [JavaFX Application Thread] DEBUG Input                - Mocking key release: Space
13:29:34.923 [JavaFX Application Thread] DEBUG GameApplication      - Exiting game application
13:29:34.923 [JavaFX Application Thread] DEBUG GameApplication      - Shutting down background threads
13:29:34.924 [JavaFX Application Thread] DEBUG GameApplication      - Exiting FXGL
13:29:34.924 [JavaFX Application Thread] DEBUG FXGL                 - Saving FXGL system data
13:29:34.926 [JavaFX Application Thread] DEBUG DesktopFSService     - Writing to: system\fxgl.bundle
13:29:34.929 [JavaFX Application Thread] DEBUG GameApplication      - Closing logger and exiting JavaFX
