12:59:24.762 [JavaFX Application Thread] DEBUG GameApplication      - Logger initialized
12:59:24.769 [JavaFX Application Thread] DEBUG MainWindow           - Creating a JavaFX scene
12:59:24.843 [JavaFX Application Thread] DEBUG MainWindow           - Target settings size: 800.0 x 400.0
12:59:24.843 [JavaFX Application Thread] DEBUG MainWindow           - Scaled scene size:    800.0 x 400.0
12:59:24.843 [JavaFX Application Thread] DEBUG MainWindow           - Scaled ratio: (1.0, 1.0)
12:59:24.849 [JavaFX Application Thread] DEBUG GameApplication      - Starting FXGL
12:59:24.859 [JavaFX Application Thread] INFO  FXGL                 - FXGL-0.5.1 on DESKTOP
12:59:24.860 [JavaFX Application Thread] INFO  FXGL                 - Source code and latest versions at: https://github.com/AlmasB/FXGL
12:59:24.860 [JavaFX Application Thread] INFO  FXGL                 -              Join the FXGL chat at: https://gitter.im/AlmasB/FXGL
12:59:24.866 [JavaFX Application Thread] DEBUG FS                   - Loaded DesktopFSService
12:59:24.866 [JavaFX Application Thread] DEBUG FXGL                 - Loading FXGL system data
12:59:24.872 [JavaFX Application Thread] DEBUG DesktopFSService     - Reading from: system\fxgl.bundle
12:59:24.879 [JavaFX Application Thread] DEBUG Bundle               - Logging bundle: FXGL
12:59:24.880 [JavaFX Application Thread] DEBUG Bundle               - FXGL.offline.timer.version.check=2018-05-16T18:22:51.838
12:59:24.905 [JavaFX Application Thread] DEBUG GameApplication      - FXGL started
12:59:24.905 [JavaFX Application Thread] DEBUG GameApplication      - Logging game settings
Title: FlappyBird
Version: 0.2.0
Width: 800
Height: 400
Fullscreen: false
Intro: false
Menus: false
Profiling: false
Single step:false
App Mode: DEVELOPER
Menu Key: ESCAPE
Stage Style: DECORATED
Scene Factory: class com.almasb.fxgl.scene.SceneFactory
Dialog Factory: class com.almasb.fxgl.ui.FXGLDialogFactory
UI Factory: class com.almasb.fxgl.ui.FXGLUIFactory
Notification Service: class com.almasb.fxgl.gameplay.notification.XboxNotificationView
Exception Handler: class com.almasb.fxgl.app.FXGLExceptionHandler
12:59:24.906 [JavaFX Application Thread] DEBUG GameApplication      - Configuring GameApplication
12:59:24.906 [JavaFX Application Thread] DEBUG GameApplication      - Initializing state machine and application states
12:59:24.919 [JavaFX Application Thread] DEBUG AssetLoader          - Loading from disk: /assets/ui/cursors/fxgl_default.png
12:59:24.939 [JavaFX Application Thread] DEBUG AssetLoader          - Loading from disk: /assets/ui/cursors/fxgl_default.png
12:59:24.956 [JavaFX Application Thread] DEBUG FXGLAssets           - Loading FXGLAssets
12:59:24.981 [JavaFX Application Thread] DEBUG AssetLoader          - Loading from disk: /assets/ui/fonts/VarelaRound-Regular.ttf
12:59:25.109 [JavaFX Application Thread] DEBUG AssetLoader          - Loading from disk: /assets/ui/fonts/lucida_console.ttf
12:59:25.118 [JavaFX Application Thread] DEBUG AssetLoader          - Loading from disk: /assets/ui/css/fxgl_dark.css
12:59:25.144 [JavaFX Application Thread] DEBUG AssetLoader          - Loading from disk: /assets/ui/cursors/fxgl_default.png
12:59:25.172 [JavaFX Application Thread] DEBUG AssetLoader          - Loading from disk: /assets/ui/cursors/fxgl_default.png
12:59:25.188 [JavaFX Application Thread] DEBUG GameScene            - Game scene initialized: 800x400
12:59:25.190 [JavaFX Application Thread] DEBUG GameWorld            - Game world initialized
12:59:25.229 [JavaFX Application Thread] DEBUG PhysicsWorld         - Physics world initialized: appHeight=400, physics.ppm=50.0
12:59:25.244 [JavaFX Application Thread] DEBUG Input                - Registered new binding: Pause - Esc
12:59:25.258 [JavaFX Application Thread] DEBUG Input                - Clearing active input actions
12:59:25.291 [JavaFX Application Thread] DEBUG AppStateMachine      - StartupState -> StartupState
12:59:25.294 [JavaFX Application Thread] INFO  GameApplication      - Game configuration took:  0.387 sec
12:59:25.295 [JavaFX Application Thread] DEBUG AssetLoader          - Loading from disk: /assets/textures/fxgl_icon.png
12:59:25.305 [JavaFX Application Thread] DEBUG MainWindow           - Opening main window
12:59:25.379 [JavaFX Application Thread] DEBUG MainWindow           - Window border size: (14.66668701171875, 37.333343505859375)
12:59:25.379 [JavaFX Application Thread] DEBUG MainWindow           - Scaled size: 800.0 x 400.0
12:59:25.379 [JavaFX Application Thread] DEBUG MainWindow           - Scaled ratio: (1.0, 1.0)
12:59:25.379 [JavaFX Application Thread] DEBUG MainWindow           - Scene size: 800.0 x 400.0
12:59:25.380 [JavaFX Application Thread] DEBUG MainWindow           - Stage size: 814.6666870117188 x 437.3333435058594
12:59:25.380 [JavaFX Application Thread] DEBUG GameApplication      - Running preInit()
12:59:25.381 [JavaFX Application Thread] DEBUG Input                - Registered new binding: Screenshot - P
12:59:25.382 [JavaFX Application Thread] DEBUG Input                - Registered new binding: Dev Options - CTRL+0
12:59:25.382 [JavaFX Application Thread] DEBUG Input                - Registered new binding: System info dump - CTRL+9
12:59:25.382 [JavaFX Application Thread] DEBUG Input                - Registered new binding: Restart - CTRL+R
12:59:25.383 [JavaFX Application Thread] DEBUG Input                - Registered new binding: flap - Space
12:59:25.410 [JavaFX Application Thread] DEBUG GameApplication      - Starting main loop
12:59:25.418 [JavaFX Application Thread] DEBUG StartupState         - STARTUP
12:59:25.418 [JavaFX Application Thread] DEBUG GameApplication      - Starting new game
12:59:25.418 [JavaFX Application Thread] DEBUG Input                - Clearing active input actions
12:59:25.424 [JavaFX Application Thread] DEBUG AppStateMachine      - StartupState -> LoadingState
12:59:25.428 [FXGL Background Thread 1 ] DEBUG InitAppTask          - Clearing previous game
12:59:25.428 [FXGL Background Thread 1 ] DEBUG GameWorld            - Clearing game world
12:59:25.428 [FXGL Background Thread 1 ] DEBUG PhysicsWorld         - Clearing physics world
12:59:25.429 [FXGL Background Thread 1 ] DEBUG GameScene            - Clearing game scene
12:59:25.430 [FXGL Background Thread 1 ] DEBUG InitAppTask          - Initializing Game
12:59:25.451 [FXGL Background Thread 1 ] DEBUG AssetLoader          - Loading from disk: /assets/textures/FlappyPort/flappybird_fly_sheet.png
12:59:25.522 [FXGL Background Thread 1 ] DEBUG GameScene            - Creating render group for layer: DEFAULT(100000)
12:59:25.526 [FXGL Background Thread 1 ] DEBUG AssetLoader          - Loading from disk: /assets/textures/FlappyPort/ground.png
12:59:25.530 [FXGL Background Thread 1 ] DEBUG GameScene            - Creating render group for layer: TOP(2147483647)
12:59:25.530 [FXGL Background Thread 1 ] DEBUG AssetLoader          - Loading from cache: /assets/textures/FlappyPort/ground.png
12:59:25.532 [FXGL Background Thread 1 ] DEBUG InitAppTask          - Initializing Physics
12:59:25.532 [FXGL Background Thread 1 ] DEBUG InitAppTask          - Initializing UI
12:59:25.532 [FXGL Background Thread 1 ] DEBUG AssetLoader          - Loading from disk: /assets/textures/FlappyPort/background.png
12:59:25.549 [FXGL Background Thread 1 ] DEBUG InitAppTask          - Initialization Complete
12:59:25.549 [FXGL Background Thread 1 ] INFO  InitAppTask          - Game initialization took: 0.120 sec
12:59:25.557 [JavaFX Application Thread] DEBUG Input                - Clearing active input actions
12:59:25.562 [JavaFX Application Thread] DEBUG AppStateMachine      - LoadingState -> PlayState
12:59:25.864 [JavaFX Application Thread] DEBUG Input                - Mocking key release: Space
12:59:26.351 [JavaFX Application Thread] DEBUG Input                - Mocking key release: Space
12:59:26.514 [JavaFX Application Thread] DEBUG Input                - Mocking key release: Space
12:59:26.550 [JavaFX Application Thread] DEBUG AssetLoader          - Loading from disk: /assets/textures/FlappyPort/top_pipe.png
12:59:26.553 [JavaFX Application Thread] DEBUG AssetLoader          - Loading from disk: /assets/textures/FlappyPort/bottom_pipe.png
12:59:26.555 [JavaFX Application Thread] DEBUG AssetLoader          - Loading from cache: /assets/textures/FlappyPort/ground.png
12:59:26.609 [JavaFX Application Thread] DEBUG Input                - Mocking key release: Space
12:59:26.763 [JavaFX Application Thread] DEBUG Input                - Mocking key release: Space
12:59:27.572 [JavaFX Application Thread] DEBUG AssetLoader          - Loading from cache: /assets/textures/FlappyPort/top_pipe.png
12:59:27.575 [JavaFX Application Thread] DEBUG AssetLoader          - Loading from cache: /assets/textures/FlappyPort/bottom_pipe.png
12:59:27.576 [JavaFX Application Thread] DEBUG AssetLoader          - Loading from cache: /assets/textures/FlappyPort/ground.png
12:59:27.740 [JavaFX Application Thread] DEBUG Input                - Mocking key release: Space
12:59:28.223 [JavaFX Application Thread] DEBUG Input                - Mocking key release: Space
12:59:28.581 [JavaFX Application Thread] DEBUG AssetLoader          - Loading from cache: /assets/textures/FlappyPort/top_pipe.png
12:59:28.583 [JavaFX Application Thread] DEBUG AssetLoader          - Loading from cache: /assets/textures/FlappyPort/bottom_pipe.png
12:59:28.584 [JavaFX Application Thread] DEBUG AssetLoader          - Loading from cache: /assets/textures/FlappyPort/ground.png
12:59:28.772 [JavaFX Application Thread] DEBUG Input                - Mocking key release: Space
12:59:29.331 [JavaFX Application Thread] DEBUG Input                - Mocking key release: Space
12:59:29.472 [JavaFX Application Thread] DEBUG Input                - Mocking key release: Space
12:59:29.589 [JavaFX Application Thread] DEBUG AssetLoader          - Loading from cache: /assets/textures/FlappyPort/top_pipe.png
12:59:29.592 [JavaFX Application Thread] DEBUG AssetLoader          - Loading from cache: /assets/textures/FlappyPort/bottom_pipe.png
12:59:29.593 [JavaFX Application Thread] DEBUG AssetLoader          - Loading from cache: /assets/textures/FlappyPort/ground.png
12:59:29.660 [JavaFX Application Thread] DEBUG Input                - Mocking key release: Space
12:59:30.488 [JavaFX Application Thread] DEBUG Input                - Mocking key release: Space
12:59:30.613 [JavaFX Application Thread] DEBUG AssetLoader          - Loading from cache: /assets/textures/FlappyPort/top_pipe.png
12:59:30.615 [JavaFX Application Thread] DEBUG AssetLoader          - Loading from cache: /assets/textures/FlappyPort/bottom_pipe.png
12:59:30.616 [JavaFX Application Thread] DEBUG AssetLoader          - Loading from cache: /assets/textures/FlappyPort/ground.png
12:59:31.171 [JavaFX Application Thread] DEBUG Input                - Mocking key release: Space
12:59:31.337 [JavaFX Application Thread] DEBUG Input                - Mocking key release: Space
12:59:31.471 [JavaFX Application Thread] DEBUG Input                - Mocking key release: Space
12:59:31.605 [JavaFX Application Thread] DEBUG Input                - Mocking key release: Space
12:59:31.638 [JavaFX Application Thread] DEBUG AssetLoader          - Loading from cache: /assets/textures/FlappyPort/top_pipe.png
12:59:31.639 [JavaFX Application Thread] DEBUG AssetLoader          - Loading from cache: /assets/textures/FlappyPort/bottom_pipe.png
12:59:31.641 [JavaFX Application Thread] DEBUG AssetLoader          - Loading from cache: /assets/textures/FlappyPort/ground.png
12:59:31.877 [JavaFX Application Thread] DEBUG AssetLoader          - Loading from disk: /assets/textures/FlappyPort/game_over.png
12:59:31.879 [JavaFX Application Thread] DEBUG GameScene            - Creating render group for layer: BACKGROUND(1000)
12:59:36.070 [JavaFX Application Thread] DEBUG GameApplication      - Exiting game application
12:59:36.070 [JavaFX Application Thread] DEBUG GameApplication      - Shutting down background threads
12:59:36.071 [JavaFX Application Thread] DEBUG GameApplication      - Exiting FXGL
12:59:36.071 [JavaFX Application Thread] DEBUG FXGL                 - Saving FXGL system data
12:59:36.073 [JavaFX Application Thread] DEBUG DesktopFSService     - Writing to: system\fxgl.bundle
12:59:36.077 [JavaFX Application Thread] DEBUG GameApplication      - Closing logger and exiting JavaFX
