12:23:32.296 [JavaFX Application Thread] DEBUG GameApplication      - Logger initialized
12:23:32.301 [JavaFX Application Thread] DEBUG MainWindow           - Creating a JavaFX scene
12:23:32.302 [JavaFX Application Thread] DEBUG MainWindow           - Target size > screen size
12:23:32.371 [JavaFX Application Thread] DEBUG MainWindow           - Target settings size: 1400.0 x 1050.0
12:23:32.371 [JavaFX Application Thread] DEBUG MainWindow           - Scaled scene size:    881.0 x 679.0
12:23:32.371 [JavaFX Application Thread] DEBUG MainWindow           - Scaled ratio: (0.6292857142857143, 0.6466666666666666)
12:23:32.376 [JavaFX Application Thread] DEBUG GameApplication      - Starting FXGL
12:23:32.386 [JavaFX Application Thread] INFO  FXGL                 - FXGL-0.5.1 on DESKTOP
12:23:32.386 [JavaFX Application Thread] INFO  FXGL                 - Source code and latest versions at: https://github.com/AlmasB/FXGL
12:23:32.386 [JavaFX Application Thread] INFO  FXGL                 -              Join the FXGL chat at: https://gitter.im/AlmasB/FXGL
12:23:32.392 [JavaFX Application Thread] DEBUG FS                   - Loaded DesktopFSService
12:23:32.392 [JavaFX Application Thread] DEBUG FXGL                 - Loading FXGL system data
12:23:32.399 [JavaFX Application Thread] DEBUG DesktopFSService     - Reading from: system\fxgl.bundle
12:23:32.407 [JavaFX Application Thread] DEBUG Bundle               - Logging bundle: FXGL
12:23:32.407 [JavaFX Application Thread] DEBUG Bundle               - FXGL.offline.timer.version.check=2018-05-24T09:09:49.283
12:23:32.429 [JavaFX Application Thread] DEBUG GameApplication      - FXGL started
12:23:32.429 [JavaFX Application Thread] DEBUG GameApplication      - Logging game settings
Title: Platformer
Version: 
Width: 1400
Height: 1050
Fullscreen: false
Intro: false
Menus: false
Profiling: false
Single step:false
App Mode: DEVELOPER
Menu Key: ESCAPE
Stage Style: DECORATED
Scene Factory: class com.almasb.fxgl.scene.SceneFactory
Dialog Factory: class com.almasb.fxgl.ui.FXGLDialogFactory
UI Factory: class com.almasb.fxgl.ui.FXGLUIFactory
Notification Service: class com.almasb.fxgl.gameplay.notification.XboxNotificationView
Exception Handler: class com.almasb.fxgl.app.FXGLExceptionHandler
12:23:32.430 [JavaFX Application Thread] DEBUG GameApplication      - Configuring GameApplication
12:23:32.430 [JavaFX Application Thread] DEBUG GameApplication      - Initializing state machine and application states
12:23:32.441 [JavaFX Application Thread] DEBUG AssetLoader          - Loading from disk: /assets/ui/cursors/fxgl_default.png
12:23:32.458 [JavaFX Application Thread] DEBUG AssetLoader          - Loading from disk: /assets/ui/cursors/fxgl_default.png
12:23:32.476 [JavaFX Application Thread] DEBUG FXGLAssets           - Loading FXGLAssets
12:23:32.499 [JavaFX Application Thread] DEBUG AssetLoader          - Loading from disk: /assets/ui/fonts/VarelaRound-Regular.ttf
12:23:32.620 [JavaFX Application Thread] DEBUG AssetLoader          - Loading from disk: /assets/ui/fonts/lucida_console.ttf
12:23:32.630 [JavaFX Application Thread] DEBUG AssetLoader          - Loading from disk: /assets/ui/css/fxgl_dark.css
12:23:32.662 [JavaFX Application Thread] DEBUG AssetLoader          - Loading from disk: /assets/ui/cursors/fxgl_default.png
12:23:32.690 [JavaFX Application Thread] DEBUG AssetLoader          - Loading from disk: /assets/ui/cursors/fxgl_default.png
12:23:32.705 [JavaFX Application Thread] DEBUG GameScene            - Game scene initialized: 1400x1050
12:23:32.708 [JavaFX Application Thread] DEBUG GameWorld            - Game world initialized
12:23:32.750 [JavaFX Application Thread] DEBUG PhysicsWorld         - Physics world initialized: appHeight=1050, physics.ppm=50.0
12:23:32.765 [JavaFX Application Thread] DEBUG Input                - Registered new binding: Pause - Esc
12:23:32.780 [JavaFX Application Thread] DEBUG Input                - Clearing active input actions
12:23:32.812 [JavaFX Application Thread] DEBUG AppStateMachine      - StartupState -> StartupState
12:23:32.814 [JavaFX Application Thread] INFO  GameApplication      - Game configuration took:  0.384 sec
12:23:32.817 [JavaFX Application Thread] DEBUG AssetLoader          - Loading from disk: /assets/textures/fxgl_icon.png
12:23:32.826 [JavaFX Application Thread] DEBUG MainWindow           - Opening main window
12:23:32.970 [JavaFX Application Thread] DEBUG MainWindow           - Window border size: (4.33331298828125, 27.0)
12:23:32.970 [JavaFX Application Thread] DEBUG MainWindow           - Scaled size: 881.0 x 679.0
12:23:32.970 [JavaFX Application Thread] DEBUG MainWindow           - Scaled ratio: (0.6292857142857143, 0.6466666666666666)
12:23:32.970 [JavaFX Application Thread] DEBUG MainWindow           - Scene size: 881.3333129882812 x 679.3333129882812
12:23:32.970 [JavaFX Application Thread] DEBUG MainWindow           - Stage size: 885.3333129882812 x 706.0
12:23:32.970 [JavaFX Application Thread] DEBUG GameApplication      - Running preInit()
12:23:32.973 [JavaFX Application Thread] DEBUG Input                - Registered new binding: Screenshot - P
12:23:32.973 [JavaFX Application Thread] DEBUG Input                - Registered new binding: Dev Options - CTRL+0
12:23:32.974 [JavaFX Application Thread] DEBUG Input                - Registered new binding: System info dump - CTRL+9
12:23:32.974 [JavaFX Application Thread] DEBUG Input                - Registered new binding: Restart - CTRL+R
12:23:33.003 [JavaFX Application Thread] DEBUG GameApplication      - Starting main loop
12:23:33.005 [JavaFX Application Thread] DEBUG StartupState         - STARTUP
12:23:33.005 [JavaFX Application Thread] DEBUG GameApplication      - Starting new game
12:23:33.005 [JavaFX Application Thread] DEBUG Input                - Clearing active input actions
12:23:33.011 [JavaFX Application Thread] DEBUG AppStateMachine      - StartupState -> LoadingState
12:23:33.017 [FXGL Background Thread 1 ] DEBUG InitAppTask          - Clearing previous game
12:23:33.017 [FXGL Background Thread 1 ] DEBUG GameWorld            - Clearing game world
12:23:33.017 [FXGL Background Thread 1 ] DEBUG PhysicsWorld         - Clearing physics world
12:23:33.017 [FXGL Background Thread 1 ] DEBUG GameScene            - Clearing game scene
12:23:33.019 [FXGL Background Thread 1 ] DEBUG InitAppTask          - Initializing Game
12:23:33.038 [FXGL Background Thread 1 ] DEBUG AssetLoader          - Loading from disk: /assets/tmx/platformer_map_1.tmx
12:23:33.059 [FXGL Background Thread 1 ] WARN  TMXParser            - TiledMap generated from 1.1.5. Supported version: 1.1.2. Some features may not be parsed fully.
12:23:33.087 [FXGL Background Thread 1 ] DEBUG GameWorld            - Clearing removable entities
12:23:33.087 [FXGL Background Thread 1 ] DEBUG GameWorld            - Setting level from map
12:23:33.106 [FXGL Background Thread 1 ] DEBUG AssetLoader          - Loading from disk: /assets/textures/map_tiles.png
12:23:33.124 [FXGL Background Thread 1 ] DEBUG AssetLoader          - Loading from cache: /assets/textures/map_tiles.png
12:23:33.124 [FXGL Background Thread 1 ] DEBUG AssetLoader          - Loading from cache: /assets/textures/map_tiles.png
12:23:33.124 [FXGL Background Thread 1 ] DEBUG AssetLoader          - Loading from cache: /assets/textures/map_tiles.png
12:23:33.124 [FXGL Background Thread 1 ] DEBUG AssetLoader          - Loading from cache: /assets/textures/map_tiles.png
12:23:33.125 [FXGL Background Thread 1 ] DEBUG AssetLoader          - Loading from cache: /assets/textures/map_tiles.png
12:23:33.125 [FXGL Background Thread 1 ] DEBUG AssetLoader          - Loading from cache: /assets/textures/map_tiles.png
12:23:33.125 [FXGL Background Thread 1 ] DEBUG AssetLoader          - Loading from cache: /assets/textures/map_tiles.png
12:23:33.125 [FXGL Background Thread 1 ] DEBUG AssetLoader          - Loading from cache: /assets/textures/map_tiles.png
12:23:33.125 [FXGL Background Thread 1 ] DEBUG AssetLoader          - Loading from cache: /assets/textures/map_tiles.png
12:23:33.125 [FXGL Background Thread 1 ] DEBUG AssetLoader          - Loading from cache: /assets/textures/map_tiles.png
12:23:33.125 [FXGL Background Thread 1 ] DEBUG AssetLoader          - Loading from cache: /assets/textures/map_tiles.png
12:23:33.125 [FXGL Background Thread 1 ] DEBUG AssetLoader          - Loading from cache: /assets/textures/map_tiles.png
12:23:33.126 [FXGL Background Thread 1 ] DEBUG AssetLoader          - Loading from cache: /assets/textures/map_tiles.png
12:23:33.126 [FXGL Background Thread 1 ] DEBUG AssetLoader          - Loading from cache: /assets/textures/map_tiles.png
12:23:33.126 [FXGL Background Thread 1 ] DEBUG AssetLoader          - Loading from cache: /assets/textures/map_tiles.png
12:23:33.126 [FXGL Background Thread 1 ] DEBUG AssetLoader          - Loading from cache: /assets/textures/map_tiles.png
12:23:33.126 [FXGL Background Thread 1 ] DEBUG AssetLoader          - Loading from cache: /assets/textures/map_tiles.png
12:23:33.126 [FXGL Background Thread 1 ] DEBUG AssetLoader          - Loading from cache: /assets/textures/map_tiles.png
12:23:33.126 [FXGL Background Thread 1 ] DEBUG AssetLoader          - Loading from cache: /assets/textures/map_tiles.png
12:23:33.126 [FXGL Background Thread 1 ] DEBUG AssetLoader          - Loading from cache: /assets/textures/map_tiles.png
12:23:33.127 [FXGL Background Thread 1 ] DEBUG AssetLoader          - Loading from cache: /assets/textures/map_tiles.png
12:23:33.127 [FXGL Background Thread 1 ] DEBUG AssetLoader          - Loading from cache: /assets/textures/map_tiles.png
12:23:33.127 [FXGL Background Thread 1 ] DEBUG AssetLoader          - Loading from cache: /assets/textures/map_tiles.png
12:23:33.127 [FXGL Background Thread 1 ] DEBUG AssetLoader          - Loading from cache: /assets/textures/map_tiles.png
12:23:33.127 [FXGL Background Thread 1 ] DEBUG AssetLoader          - Loading from cache: /assets/textures/map_tiles.png
12:23:33.127 [FXGL Background Thread 1 ] DEBUG AssetLoader          - Loading from cache: /assets/textures/map_tiles.png
12:23:33.127 [FXGL Background Thread 1 ] DEBUG AssetLoader          - Loading from cache: /assets/textures/map_tiles.png
12:23:33.127 [FXGL Background Thread 1 ] DEBUG AssetLoader          - Loading from cache: /assets/textures/map_tiles.png
12:23:33.128 [FXGL Background Thread 1 ] DEBUG AssetLoader          - Loading from cache: /assets/textures/map_tiles.png
12:23:33.128 [FXGL Background Thread 1 ] DEBUG AssetLoader          - Loading from cache: /assets/textures/map_tiles.png
12:23:33.128 [FXGL Background Thread 1 ] DEBUG AssetLoader          - Loading from cache: /assets/textures/map_tiles.png
12:23:33.128 [FXGL Background Thread 1 ] DEBUG AssetLoader          - Loading from cache: /assets/textures/map_tiles.png
12:23:33.128 [FXGL Background Thread 1 ] DEBUG AssetLoader          - Loading from cache: /assets/textures/map_tiles.png
12:23:33.128 [FXGL Background Thread 1 ] DEBUG AssetLoader          - Loading from cache: /assets/textures/map_tiles.png
12:23:33.128 [FXGL Background Thread 1 ] DEBUG AssetLoader          - Loading from cache: /assets/textures/map_tiles.png
12:23:33.128 [FXGL Background Thread 1 ] DEBUG AssetLoader          - Loading from cache: /assets/textures/map_tiles.png
12:23:33.128 [FXGL Background Thread 1 ] DEBUG AssetLoader          - Loading from cache: /assets/textures/map_tiles.png
12:23:33.128 [FXGL Background Thread 1 ] DEBUG AssetLoader          - Loading from cache: /assets/textures/map_tiles.png
12:23:33.129 [FXGL Background Thread 1 ] DEBUG AssetLoader          - Loading from cache: /assets/textures/map_tiles.png
12:23:33.129 [FXGL Background Thread 1 ] DEBUG AssetLoader          - Loading from cache: /assets/textures/map_tiles.png
12:23:33.129 [FXGL Background Thread 1 ] DEBUG AssetLoader          - Loading from cache: /assets/textures/map_tiles.png
12:23:33.129 [FXGL Background Thread 1 ] DEBUG AssetLoader          - Loading from cache: /assets/textures/map_tiles.png
12:23:33.129 [FXGL Background Thread 1 ] DEBUG AssetLoader          - Loading from cache: /assets/textures/map_tiles.png
12:23:33.129 [FXGL Background Thread 1 ] DEBUG AssetLoader          - Loading from cache: /assets/textures/map_tiles.png
12:23:33.129 [FXGL Background Thread 1 ] DEBUG AssetLoader          - Loading from cache: /assets/textures/map_tiles.png
12:23:33.129 [FXGL Background Thread 1 ] DEBUG AssetLoader          - Loading from cache: /assets/textures/map_tiles.png
12:23:33.130 [FXGL Background Thread 1 ] DEBUG AssetLoader          - Loading from cache: /assets/textures/map_tiles.png
12:23:33.130 [FXGL Background Thread 1 ] DEBUG AssetLoader          - Loading from cache: /assets/textures/map_tiles.png
12:23:33.130 [FXGL Background Thread 1 ] DEBUG AssetLoader          - Loading from cache: /assets/textures/map_tiles.png
12:23:33.130 [FXGL Background Thread 1 ] DEBUG AssetLoader          - Loading from cache: /assets/textures/map_tiles.png
12:23:33.130 [FXGL Background Thread 1 ] DEBUG AssetLoader          - Loading from cache: /assets/textures/map_tiles.png
12:23:33.130 [FXGL Background Thread 1 ] DEBUG AssetLoader          - Loading from cache: /assets/textures/map_tiles.png
12:23:33.130 [FXGL Background Thread 1 ] DEBUG AssetLoader          - Loading from cache: /assets/textures/map_tiles.png
12:23:33.130 [FXGL Background Thread 1 ] DEBUG AssetLoader          - Loading from cache: /assets/textures/map_tiles.png
12:23:33.130 [FXGL Background Thread 1 ] DEBUG AssetLoader          - Loading from cache: /assets/textures/map_tiles.png
12:23:33.131 [FXGL Background Thread 1 ] DEBUG AssetLoader          - Loading from cache: /assets/textures/map_tiles.png
12:23:33.131 [FXGL Background Thread 1 ] DEBUG AssetLoader          - Loading from cache: /assets/textures/map_tiles.png
12:23:33.131 [FXGL Background Thread 1 ] DEBUG AssetLoader          - Loading from cache: /assets/textures/map_tiles.png
12:23:33.131 [FXGL Background Thread 1 ] DEBUG AssetLoader          - Loading from cache: /assets/textures/map_tiles.png
12:23:33.131 [FXGL Background Thread 1 ] DEBUG AssetLoader          - Loading from cache: /assets/textures/map_tiles.png
12:23:33.131 [FXGL Background Thread 1 ] DEBUG AssetLoader          - Loading from cache: /assets/textures/map_tiles.png
12:23:33.131 [FXGL Background Thread 1 ] DEBUG AssetLoader          - Loading from cache: /assets/textures/map_tiles.png
12:23:33.133 [FXGL Background Thread 1 ] DEBUG GameScene            - Creating render group for layer: BACKGROUND(1000)
12:23:33.174 [FXGL Background Thread 1 ] DEBUG GameScene            - Creating render group for layer: DEFAULT(100000)
12:23:33.190 [FXGL Background Thread 1 ] DEBUG InitAppTask          - Initializing Physics
12:23:33.190 [FXGL Background Thread 1 ] DEBUG InitAppTask          - Initializing UI
12:23:33.190 [FXGL Background Thread 1 ] DEBUG InitAppTask          - Initialization Complete
12:23:33.190 [FXGL Background Thread 1 ] INFO  InitAppTask          - Game initialization took: 0.173 sec
12:23:33.194 [JavaFX Application Thread] DEBUG Input                - Clearing active input actions
12:23:33.200 [JavaFX Application Thread] DEBUG AppStateMachine      - LoadingState -> PlayState
12:23:45.400 [JavaFX Application Thread] DEBUG GameApplication      - Exiting game application
12:23:45.401 [JavaFX Application Thread] DEBUG GameApplication      - Shutting down background threads
12:23:45.401 [JavaFX Application Thread] DEBUG GameApplication      - Exiting FXGL
12:23:45.401 [JavaFX Application Thread] DEBUG FXGL                 - Saving FXGL system data
12:23:45.403 [JavaFX Application Thread] DEBUG DesktopFSService     - Writing to: system\fxgl.bundle
12:23:45.407 [JavaFX Application Thread] DEBUG GameApplication      - Closing logger and exiting JavaFX
