14:15:05.755 [JavaFX Application Thread] DEBUG GameApplication      - Logger initialized
14:15:05.761 [JavaFX Application Thread] DEBUG MainWindow           - Creating a JavaFX scene
14:15:05.829 [JavaFX Application Thread] DEBUG MainWindow           - Target settings size: 800.0 x 400.0
14:15:05.830 [JavaFX Application Thread] DEBUG MainWindow           - Scaled scene size:    800.0 x 400.0
14:15:05.830 [JavaFX Application Thread] DEBUG MainWindow           - Scaled ratio: (1.0, 1.0)
14:15:05.834 [JavaFX Application Thread] DEBUG GameApplication      - Starting FXGL
14:15:05.844 [JavaFX Application Thread] INFO  FXGL                 - FXGL-0.5.1 on DESKTOP
14:15:05.845 [JavaFX Application Thread] INFO  FXGL                 - Source code and latest versions at: https://github.com/AlmasB/FXGL
14:15:05.845 [JavaFX Application Thread] INFO  FXGL                 -              Join the FXGL chat at: https://gitter.im/AlmasB/FXGL
14:15:05.850 [JavaFX Application Thread] DEBUG FS                   - Loaded DesktopFSService
14:15:05.851 [JavaFX Application Thread] DEBUG FXGL                 - Loading FXGL system data
14:15:05.858 [JavaFX Application Thread] DEBUG DesktopFSService     - Reading from: system\fxgl.bundle
14:15:05.865 [JavaFX Application Thread] DEBUG Bundle               - Logging bundle: FXGL
14:15:05.865 [JavaFX Application Thread] DEBUG Bundle               - FXGL.offline.timer.version.check=2018-05-16T18:22:51.838
14:15:05.887 [JavaFX Application Thread] DEBUG GameApplication      - FXGL started
14:15:05.887 [JavaFX Application Thread] DEBUG GameApplication      - Logging game settings
Title: FlappyBird
Version: 0.2.0
Width: 800
Height: 400
Fullscreen: false
Intro: false
Menus: false
Profiling: false
Single step:false
App Mode: RELEASE
Menu Key: ESCAPE
Stage Style: DECORATED
Scene Factory: class com.almasb.fxgl.scene.SceneFactory
Dialog Factory: class com.almasb.fxgl.ui.FXGLDialogFactory
UI Factory: class com.almasb.fxgl.ui.FXGLUIFactory
Notification Service: class com.almasb.fxgl.gameplay.notification.XboxNotificationView
Exception Handler: class com.almasb.fxgl.app.FXGLExceptionHandler
14:15:05.888 [JavaFX Application Thread] DEBUG GameApplication      - Configuring GameApplication
14:15:05.888 [JavaFX Application Thread] DEBUG GameApplication      - Initializing state machine and application states
14:15:05.898 [JavaFX Application Thread] DEBUG AssetLoader          - Loading from disk: /assets/ui/cursors/fxgl_default.png
14:15:05.914 [JavaFX Application Thread] DEBUG AssetLoader          - Loading from disk: /assets/ui/cursors/fxgl_default.png
14:15:05.932 [JavaFX Application Thread] DEBUG FXGLAssets           - Loading FXGLAssets
14:15:05.956 [JavaFX Application Thread] DEBUG AssetLoader          - Loading from disk: /assets/ui/fonts/VarelaRound-Regular.ttf
14:15:06.078 [JavaFX Application Thread] DEBUG AssetLoader          - Loading from disk: /assets/ui/fonts/lucida_console.ttf
14:15:06.087 [JavaFX Application Thread] DEBUG AssetLoader          - Loading from disk: /assets/ui/css/fxgl_dark.css
14:15:06.111 [JavaFX Application Thread] DEBUG AssetLoader          - Loading from disk: /assets/ui/cursors/fxgl_default.png
14:15:06.135 [JavaFX Application Thread] DEBUG AssetLoader          - Loading from disk: /assets/ui/cursors/fxgl_default.png
14:15:06.148 [JavaFX Application Thread] DEBUG GameScene            - Game scene initialized: 800x400
14:15:06.150 [JavaFX Application Thread] DEBUG GameWorld            - Game world initialized
14:15:06.188 [JavaFX Application Thread] DEBUG PhysicsWorld         - Physics world initialized: appHeight=400, physics.ppm=50.0
14:15:06.203 [JavaFX Application Thread] DEBUG Input                - Registered new binding: Pause - Esc
14:15:06.217 [JavaFX Application Thread] DEBUG Input                - Clearing active input actions
14:15:06.251 [JavaFX Application Thread] DEBUG AppStateMachine      - StartupState -> StartupState
14:15:06.255 [JavaFX Application Thread] INFO  GameApplication      - Game configuration took:  0.367 sec
14:15:06.257 [JavaFX Application Thread] DEBUG AssetLoader          - Loading from disk: /assets/textures/fxgl_icon.png
14:15:06.267 [JavaFX Application Thread] DEBUG MainWindow           - Opening main window
14:15:06.403 [JavaFX Application Thread] DEBUG MainWindow           - Window border size: (4.0, 26.666656494140625)
14:15:06.403 [JavaFX Application Thread] DEBUG MainWindow           - Scaled size: 800.0 x 400.0
14:15:06.404 [JavaFX Application Thread] DEBUG MainWindow           - Scaled ratio: (1.0, 1.0)
14:15:06.404 [JavaFX Application Thread] DEBUG MainWindow           - Scene size: 800.0 x 400.0
14:15:06.404 [JavaFX Application Thread] DEBUG MainWindow           - Stage size: 804.0 x 426.6666564941406
14:15:06.404 [JavaFX Application Thread] DEBUG GameApplication      - Running preInit()
14:15:06.405 [JavaFX Application Thread] DEBUG Input                - Registered new binding: Screenshot - P
14:15:06.406 [JavaFX Application Thread] DEBUG Input                - Registered new binding: Dev Options - CTRL+0
14:15:06.406 [JavaFX Application Thread] DEBUG Input                - Registered new binding: System info dump - CTRL+9
14:15:06.406 [JavaFX Application Thread] DEBUG Input                - Registered new binding: Restart - CTRL+R
14:15:06.407 [JavaFX Application Thread] DEBUG Input                - Registered new binding: flap - LMB
14:15:06.435 [JavaFX Application Thread] DEBUG GameApplication      - Starting main loop
14:15:06.436 [JavaFX Application Thread] DEBUG StartupState         - STARTUP
14:15:06.436 [JavaFX Application Thread] DEBUG GameApplication      - Starting new game
14:15:06.437 [JavaFX Application Thread] DEBUG Input                - Clearing active input actions
14:15:06.442 [JavaFX Application Thread] DEBUG AppStateMachine      - StartupState -> LoadingState
14:15:06.448 [FXGL Background Thread 1 ] DEBUG InitAppTask          - Clearing previous game
14:15:06.448 [FXGL Background Thread 1 ] DEBUG GameWorld            - Clearing game world
14:15:06.448 [FXGL Background Thread 1 ] DEBUG PhysicsWorld         - Clearing physics world
14:15:06.448 [FXGL Background Thread 1 ] DEBUG GameScene            - Clearing game scene
14:15:06.450 [FXGL Background Thread 1 ] DEBUG InitAppTask          - Initializing Game
14:15:06.473 [FXGL Background Thread 1 ] DEBUG AssetLoader          - Loading from disk: /assets/textures/FlappyBird/flappybird_fly_sheet.png
14:15:06.548 [FXGL Background Thread 1 ] DEBUG GameScene            - Creating render group for layer: DEFAULT(100000)
14:15:06.552 [FXGL Background Thread 1 ] DEBUG AssetLoader          - Loading from disk: /assets/textures/FlappyBird/ground.png
14:15:06.556 [FXGL Background Thread 1 ] DEBUG GameScene            - Creating render group for layer: TOP(2147483647)
14:15:06.557 [FXGL Background Thread 1 ] DEBUG AssetLoader          - Loading from cache: /assets/textures/FlappyBird/ground.png
14:15:06.558 [FXGL Background Thread 1 ] DEBUG InitAppTask          - Initializing Physics
14:15:06.558 [FXGL Background Thread 1 ] DEBUG InitAppTask          - Initializing UI
14:15:06.559 [FXGL Background Thread 1 ] DEBUG AssetLoader          - Loading from disk: /assets/textures/FlappyBird/background.png
14:15:06.575 [FXGL Background Thread 1 ] DEBUG InitAppTask          - Initialization Complete
14:15:06.575 [FXGL Background Thread 1 ] INFO  InitAppTask          - Game initialization took: 0.127 sec
14:15:06.586 [JavaFX Application Thread] DEBUG Input                - Clearing active input actions
14:15:06.591 [JavaFX Application Thread] DEBUG AppStateMachine      - LoadingState -> PlayState
14:15:06.800 [JavaFX Application Thread] DEBUG Input                - Mocking key release: Space
14:15:06.945 [JavaFX Application Thread] DEBUG Input                - Mocking key release: Space
14:15:07.062 [JavaFX Application Thread] DEBUG Input                - Mocking key release: Space
14:15:07.219 [JavaFX Application Thread] DEBUG Input                - Mocking key release: Space
14:15:07.367 [JavaFX Application Thread] DEBUG Input                - Mocking key release: Space
14:15:07.495 [JavaFX Application Thread] DEBUG Input                - Mocking key release: Space
14:15:07.562 [JavaFX Application Thread] DEBUG AssetLoader          - Loading from disk: /assets/textures/FlappyBird/top_pipe.png
14:15:07.565 [JavaFX Application Thread] DEBUG AssetLoader          - Loading from disk: /assets/textures/FlappyBird/bottom_pipe.png
14:15:07.566 [JavaFX Application Thread] DEBUG AssetLoader          - Loading from cache: /assets/textures/FlappyBird/ground.png
14:15:08.528 [JavaFX Application Thread] DEBUG Input                - Mocking key release: Space
14:15:08.585 [JavaFX Application Thread] DEBUG AssetLoader          - Loading from cache: /assets/textures/FlappyBird/top_pipe.png
14:15:08.587 [JavaFX Application Thread] DEBUG AssetLoader          - Loading from cache: /assets/textures/FlappyBird/bottom_pipe.png
14:15:08.587 [JavaFX Application Thread] DEBUG AssetLoader          - Loading from cache: /assets/textures/FlappyBird/ground.png
14:15:08.661 [JavaFX Application Thread] DEBUG Input                - Mocking key release: Space
14:15:08.794 [JavaFX Application Thread] DEBUG Input                - Mocking key release: Space
14:15:09.493 [JavaFX Application Thread] DEBUG Input                - Mocking key release: Space
14:15:09.595 [JavaFX Application Thread] DEBUG AssetLoader          - Loading from cache: /assets/textures/FlappyBird/top_pipe.png
14:15:09.596 [JavaFX Application Thread] DEBUG AssetLoader          - Loading from cache: /assets/textures/FlappyBird/bottom_pipe.png
14:15:09.597 [JavaFX Application Thread] DEBUG AssetLoader          - Loading from cache: /assets/textures/FlappyBird/ground.png
14:15:09.629 [JavaFX Application Thread] DEBUG Input                - Mocking key release: Space
14:15:10.216 [JavaFX Application Thread] DEBUG Input                - Mocking key release: Space
14:15:10.441 [JavaFX Application Thread] DEBUG Input                - Mocking key release: Space
14:15:10.618 [JavaFX Application Thread] DEBUG AssetLoader          - Loading from cache: /assets/textures/FlappyBird/top_pipe.png
14:15:10.620 [JavaFX Application Thread] DEBUG AssetLoader          - Loading from cache: /assets/textures/FlappyBird/bottom_pipe.png
14:15:10.621 [JavaFX Application Thread] DEBUG AssetLoader          - Loading from cache: /assets/textures/FlappyBird/ground.png
14:15:10.826 [JavaFX Application Thread] DEBUG Input                - Mocking key release: Space
14:15:11.627 [JavaFX Application Thread] DEBUG AssetLoader          - Loading from cache: /assets/textures/FlappyBird/top_pipe.png
14:15:11.628 [JavaFX Application Thread] DEBUG AssetLoader          - Loading from cache: /assets/textures/FlappyBird/bottom_pipe.png
14:15:11.629 [JavaFX Application Thread] DEBUG AssetLoader          - Loading from cache: /assets/textures/FlappyBird/ground.png
14:15:11.794 [JavaFX Application Thread] DEBUG Input                - Mocking key release: Space
14:15:11.882 [JavaFX Application Thread] DEBUG AssetLoader          - Loading from disk: /assets/textures/FlappyBird/game_over.png
14:15:11.884 [JavaFX Application Thread] DEBUG GameScene            - Creating render group for layer: BACKGROUND(1000)
14:15:14.755 [JavaFX Application Thread] DEBUG GameApplication      - Exiting game application
14:15:14.755 [JavaFX Application Thread] DEBUG GameApplication      - Shutting down background threads
14:15:14.756 [JavaFX Application Thread] DEBUG GameApplication      - Exiting FXGL
14:15:14.756 [JavaFX Application Thread] DEBUG FXGL                 - Saving FXGL system data
14:15:14.758 [JavaFX Application Thread] DEBUG DesktopFSService     - Writing to: system\fxgl.bundle
14:15:14.761 [JavaFX Application Thread] DEBUG GameApplication      - Closing logger and exiting JavaFX
