11:47:44.714 [JavaFX Application Thread] DEBUG GameApplication      - Logger initialized
11:47:44.719 [JavaFX Application Thread] DEBUG MainWindow           - Creating a JavaFX scene
11:47:44.787 [JavaFX Application Thread] DEBUG MainWindow           - Target settings size: 700.0 x 490.0
11:47:44.787 [JavaFX Application Thread] DEBUG MainWindow           - Scaled scene size:    700.0 x 490.0
11:47:44.787 [JavaFX Application Thread] DEBUG MainWindow           - Scaled ratio: (1.0, 1.0)
11:47:44.792 [JavaFX Application Thread] DEBUG GameApplication      - Starting FXGL
11:47:44.802 [JavaFX Application Thread] INFO  FXGL                 - FXGL-0.5.1 on DESKTOP
11:47:44.803 [JavaFX Application Thread] INFO  FXGL                 - Source code and latest versions at: https://github.com/AlmasB/FXGL
11:47:44.803 [JavaFX Application Thread] INFO  FXGL                 -              Join the FXGL chat at: https://gitter.im/AlmasB/FXGL
11:47:44.810 [JavaFX Application Thread] DEBUG FS                   - Loaded DesktopFSService
11:47:44.810 [JavaFX Application Thread] DEBUG FXGL                 - Loading FXGL system data
11:47:44.820 [JavaFX Application Thread] DEBUG DesktopFSService     - Reading from: system\fxgl.bundle
11:47:44.828 [JavaFX Application Thread] DEBUG Bundle               - Logging bundle: FXGL
11:47:44.829 [JavaFX Application Thread] DEBUG Bundle               - FXGL.offline.timer.version.check=2018-05-24T09:09:49.283
11:47:44.852 [JavaFX Application Thread] DEBUG GameApplication      - FXGL started
11:47:44.853 [JavaFX Application Thread] DEBUG GameApplication      - Logging game settings
Title: Platformer
Version: 
Width: 700
Height: 490
Fullscreen: false
Intro: false
Menus: false
Profiling: false
Single step:false
App Mode: DEVELOPER
Menu Key: ESCAPE
Stage Style: DECORATED
Scene Factory: class com.almasb.fxgl.scene.SceneFactory
Dialog Factory: class com.almasb.fxgl.ui.FXGLDialogFactory
UI Factory: class com.almasb.fxgl.ui.FXGLUIFactory
Notification Service: class com.almasb.fxgl.gameplay.notification.XboxNotificationView
Exception Handler: class com.almasb.fxgl.app.FXGLExceptionHandler
11:47:44.853 [JavaFX Application Thread] DEBUG GameApplication      - Configuring GameApplication
11:47:44.853 [JavaFX Application Thread] DEBUG GameApplication      - Initializing state machine and application states
11:47:44.864 [JavaFX Application Thread] DEBUG AssetLoader          - Loading from disk: /assets/ui/cursors/fxgl_default.png
11:47:44.883 [JavaFX Application Thread] DEBUG AssetLoader          - Loading from disk: /assets/ui/cursors/fxgl_default.png
11:47:44.901 [JavaFX Application Thread] DEBUG FXGLAssets           - Loading FXGLAssets
11:47:44.926 [JavaFX Application Thread] DEBUG AssetLoader          - Loading from disk: /assets/ui/fonts/VarelaRound-Regular.ttf
11:47:45.051 [JavaFX Application Thread] DEBUG AssetLoader          - Loading from disk: /assets/ui/fonts/lucida_console.ttf
11:47:45.060 [JavaFX Application Thread] DEBUG AssetLoader          - Loading from disk: /assets/ui/css/fxgl_dark.css
11:47:45.085 [JavaFX Application Thread] DEBUG AssetLoader          - Loading from disk: /assets/ui/cursors/fxgl_default.png
11:47:45.110 [JavaFX Application Thread] DEBUG AssetLoader          - Loading from disk: /assets/ui/cursors/fxgl_default.png
11:47:45.123 [JavaFX Application Thread] DEBUG GameScene            - Game scene initialized: 700x490
11:47:45.126 [JavaFX Application Thread] DEBUG GameWorld            - Game world initialized
11:47:45.166 [JavaFX Application Thread] DEBUG PhysicsWorld         - Physics world initialized: appHeight=490, physics.ppm=50.0
11:47:45.181 [JavaFX Application Thread] DEBUG Input                - Registered new binding: Pause - Esc
11:47:45.196 [JavaFX Application Thread] DEBUG Input                - Clearing active input actions
11:47:45.228 [JavaFX Application Thread] DEBUG AppStateMachine      - StartupState -> StartupState
11:47:45.231 [JavaFX Application Thread] INFO  GameApplication      - Game configuration took:  0.378 sec
11:47:45.233 [JavaFX Application Thread] DEBUG AssetLoader          - Loading from disk: /assets/textures/fxgl_icon.png
11:47:45.245 [JavaFX Application Thread] DEBUG MainWindow           - Opening main window
11:47:45.382 [JavaFX Application Thread] DEBUG MainWindow           - Window border size: (4.0, 26.66668701171875)
11:47:45.383 [JavaFX Application Thread] DEBUG MainWindow           - Scaled size: 700.0 x 490.0
11:47:45.383 [JavaFX Application Thread] DEBUG MainWindow           - Scaled ratio: (1.0, 1.0)
11:47:45.383 [JavaFX Application Thread] DEBUG MainWindow           - Scene size: 700.0 x 490.0
11:47:45.383 [JavaFX Application Thread] DEBUG MainWindow           - Stage size: 704.0 x 516.6666870117188
11:47:45.383 [JavaFX Application Thread] DEBUG GameApplication      - Running preInit()
11:47:45.385 [JavaFX Application Thread] DEBUG Input                - Registered new binding: Screenshot - P
11:47:45.385 [JavaFX Application Thread] DEBUG Input                - Registered new binding: Dev Options - CTRL+0
11:47:45.385 [JavaFX Application Thread] DEBUG Input                - Registered new binding: System info dump - CTRL+9
11:47:45.386 [JavaFX Application Thread] DEBUG Input                - Registered new binding: Restart - CTRL+R
11:47:45.389 [JavaFX Application Thread] DEBUG AssetLoader          - Loading from disk: /assets/textures/Platformer/run_sheet.png
11:47:45.421 [JavaFX Application Thread] DEBUG AssetLoader          - Loading from disk: /assets/textures/Platformer/stand_sheet.png
11:47:45.428 [JavaFX Application Thread] DEBUG Input                - Registered new binding: run_right - Right
11:47:45.428 [JavaFX Application Thread] DEBUG Input                - Registered new binding: run_left - Left
11:47:45.429 [JavaFX Application Thread] DEBUG Input                - Registered new binding: jump - Up
11:47:45.460 [JavaFX Application Thread] DEBUG GameApplication      - Starting main loop
11:47:45.462 [JavaFX Application Thread] DEBUG StartupState         - STARTUP
11:47:45.462 [JavaFX Application Thread] DEBUG GameApplication      - Starting new game
11:47:45.462 [JavaFX Application Thread] DEBUG Input                - Clearing active input actions
11:47:45.468 [JavaFX Application Thread] DEBUG AppStateMachine      - StartupState -> LoadingState
11:47:45.473 [FXGL Background Thread 1 ] DEBUG InitAppTask          - Clearing previous game
11:47:45.473 [FXGL Background Thread 1 ] DEBUG GameWorld            - Clearing game world
11:47:45.473 [FXGL Background Thread 1 ] DEBUG PhysicsWorld         - Clearing physics world
11:47:45.473 [FXGL Background Thread 1 ] DEBUG GameScene            - Clearing game scene
11:47:45.474 [FXGL Background Thread 1 ] DEBUG InitAppTask          - Initializing Game
11:47:45.491 [FXGL Background Thread 1 ] DEBUG AssetLoader          - Loading from disk: /assets/tmx/platformer_map_1.tmx
11:47:45.509 [FXGL Background Thread 1 ] WARN  TMXParser            - TiledMap generated from 1.1.5. Supported version: 1.1.2. Some features may not be parsed fully.
11:47:45.527 [FXGL Background Thread 1 ] DEBUG GameWorld            - Clearing removable entities
11:47:45.527 [FXGL Background Thread 1 ] DEBUG GameWorld            - Setting level from map
11:47:45.547 [FXGL Background Thread 1 ] DEBUG AssetLoader          - Loading from disk: /assets/textures/map_tiles.png
11:47:45.560 [FXGL Background Thread 1 ] DEBUG AssetLoader          - Loading from cache: /assets/textures/map_tiles.png
11:47:45.560 [FXGL Background Thread 1 ] DEBUG AssetLoader          - Loading from cache: /assets/textures/map_tiles.png
11:47:45.560 [FXGL Background Thread 1 ] DEBUG AssetLoader          - Loading from cache: /assets/textures/map_tiles.png
11:47:45.561 [FXGL Background Thread 1 ] DEBUG AssetLoader          - Loading from cache: /assets/textures/map_tiles.png
11:47:45.561 [FXGL Background Thread 1 ] DEBUG AssetLoader          - Loading from cache: /assets/textures/map_tiles.png
11:47:45.561 [FXGL Background Thread 1 ] DEBUG AssetLoader          - Loading from cache: /assets/textures/map_tiles.png
11:47:45.561 [FXGL Background Thread 1 ] DEBUG AssetLoader          - Loading from cache: /assets/textures/map_tiles.png
11:47:45.561 [FXGL Background Thread 1 ] DEBUG AssetLoader          - Loading from cache: /assets/textures/map_tiles.png
11:47:45.561 [FXGL Background Thread 1 ] DEBUG AssetLoader          - Loading from cache: /assets/textures/map_tiles.png
11:47:45.561 [FXGL Background Thread 1 ] DEBUG AssetLoader          - Loading from cache: /assets/textures/map_tiles.png
11:47:45.561 [FXGL Background Thread 1 ] DEBUG AssetLoader          - Loading from cache: /assets/textures/map_tiles.png
11:47:45.562 [FXGL Background Thread 1 ] DEBUG AssetLoader          - Loading from cache: /assets/textures/map_tiles.png
11:47:45.562 [FXGL Background Thread 1 ] DEBUG AssetLoader          - Loading from cache: /assets/textures/map_tiles.png
11:47:45.562 [FXGL Background Thread 1 ] DEBUG AssetLoader          - Loading from cache: /assets/textures/map_tiles.png
11:47:45.562 [FXGL Background Thread 1 ] DEBUG AssetLoader          - Loading from cache: /assets/textures/map_tiles.png
11:47:45.562 [FXGL Background Thread 1 ] DEBUG AssetLoader          - Loading from cache: /assets/textures/map_tiles.png
11:47:45.562 [FXGL Background Thread 1 ] DEBUG AssetLoader          - Loading from cache: /assets/textures/map_tiles.png
11:47:45.562 [FXGL Background Thread 1 ] DEBUG AssetLoader          - Loading from cache: /assets/textures/map_tiles.png
11:47:45.562 [FXGL Background Thread 1 ] DEBUG AssetLoader          - Loading from cache: /assets/textures/map_tiles.png
11:47:45.562 [FXGL Background Thread 1 ] DEBUG AssetLoader          - Loading from cache: /assets/textures/map_tiles.png
11:47:45.563 [FXGL Background Thread 1 ] DEBUG AssetLoader          - Loading from cache: /assets/textures/map_tiles.png
11:47:45.563 [FXGL Background Thread 1 ] DEBUG AssetLoader          - Loading from cache: /assets/textures/map_tiles.png
11:47:45.563 [FXGL Background Thread 1 ] DEBUG AssetLoader          - Loading from cache: /assets/textures/map_tiles.png
11:47:45.563 [FXGL Background Thread 1 ] DEBUG AssetLoader          - Loading from cache: /assets/textures/map_tiles.png
11:47:45.563 [FXGL Background Thread 1 ] DEBUG AssetLoader          - Loading from cache: /assets/textures/map_tiles.png
11:47:45.563 [FXGL Background Thread 1 ] DEBUG AssetLoader          - Loading from cache: /assets/textures/map_tiles.png
11:47:45.563 [FXGL Background Thread 1 ] DEBUG AssetLoader          - Loading from cache: /assets/textures/map_tiles.png
11:47:45.563 [FXGL Background Thread 1 ] DEBUG AssetLoader          - Loading from cache: /assets/textures/map_tiles.png
11:47:45.563 [FXGL Background Thread 1 ] DEBUG AssetLoader          - Loading from cache: /assets/textures/map_tiles.png
11:47:45.564 [FXGL Background Thread 1 ] DEBUG AssetLoader          - Loading from cache: /assets/textures/map_tiles.png
11:47:45.564 [FXGL Background Thread 1 ] DEBUG AssetLoader          - Loading from cache: /assets/textures/map_tiles.png
11:47:45.564 [FXGL Background Thread 1 ] DEBUG AssetLoader          - Loading from cache: /assets/textures/map_tiles.png
11:47:45.564 [FXGL Background Thread 1 ] DEBUG AssetLoader          - Loading from cache: /assets/textures/map_tiles.png
11:47:45.564 [FXGL Background Thread 1 ] DEBUG AssetLoader          - Loading from cache: /assets/textures/map_tiles.png
11:47:45.564 [FXGL Background Thread 1 ] DEBUG AssetLoader          - Loading from cache: /assets/textures/map_tiles.png
11:47:45.564 [FXGL Background Thread 1 ] DEBUG AssetLoader          - Loading from cache: /assets/textures/map_tiles.png
11:47:45.564 [FXGL Background Thread 1 ] DEBUG AssetLoader          - Loading from cache: /assets/textures/map_tiles.png
11:47:45.564 [FXGL Background Thread 1 ] DEBUG AssetLoader          - Loading from cache: /assets/textures/map_tiles.png
11:47:45.565 [FXGL Background Thread 1 ] DEBUG AssetLoader          - Loading from cache: /assets/textures/map_tiles.png
11:47:45.565 [FXGL Background Thread 1 ] DEBUG AssetLoader          - Loading from cache: /assets/textures/map_tiles.png
11:47:45.565 [FXGL Background Thread 1 ] DEBUG AssetLoader          - Loading from cache: /assets/textures/map_tiles.png
11:47:45.565 [FXGL Background Thread 1 ] DEBUG AssetLoader          - Loading from cache: /assets/textures/map_tiles.png
11:47:45.565 [FXGL Background Thread 1 ] DEBUG AssetLoader          - Loading from cache: /assets/textures/map_tiles.png
11:47:45.565 [FXGL Background Thread 1 ] DEBUG AssetLoader          - Loading from cache: /assets/textures/map_tiles.png
11:47:45.565 [FXGL Background Thread 1 ] DEBUG AssetLoader          - Loading from cache: /assets/textures/map_tiles.png
11:47:45.565 [FXGL Background Thread 1 ] DEBUG AssetLoader          - Loading from cache: /assets/textures/map_tiles.png
11:47:45.565 [FXGL Background Thread 1 ] DEBUG AssetLoader          - Loading from cache: /assets/textures/map_tiles.png
11:47:45.565 [FXGL Background Thread 1 ] DEBUG AssetLoader          - Loading from cache: /assets/textures/map_tiles.png
11:47:45.566 [FXGL Background Thread 1 ] DEBUG AssetLoader          - Loading from cache: /assets/textures/map_tiles.png
11:47:45.566 [FXGL Background Thread 1 ] DEBUG AssetLoader          - Loading from cache: /assets/textures/map_tiles.png
11:47:45.566 [FXGL Background Thread 1 ] DEBUG AssetLoader          - Loading from cache: /assets/textures/map_tiles.png
11:47:45.566 [FXGL Background Thread 1 ] DEBUG AssetLoader          - Loading from cache: /assets/textures/map_tiles.png
11:47:45.566 [FXGL Background Thread 1 ] DEBUG AssetLoader          - Loading from cache: /assets/textures/map_tiles.png
11:47:45.566 [FXGL Background Thread 1 ] DEBUG AssetLoader          - Loading from cache: /assets/textures/map_tiles.png
11:47:45.566 [FXGL Background Thread 1 ] DEBUG AssetLoader          - Loading from cache: /assets/textures/map_tiles.png
11:47:45.566 [FXGL Background Thread 1 ] DEBUG AssetLoader          - Loading from cache: /assets/textures/map_tiles.png
11:47:45.566 [FXGL Background Thread 1 ] DEBUG AssetLoader          - Loading from cache: /assets/textures/map_tiles.png
11:47:45.567 [FXGL Background Thread 1 ] DEBUG AssetLoader          - Loading from cache: /assets/textures/map_tiles.png
11:47:45.567 [FXGL Background Thread 1 ] DEBUG AssetLoader          - Loading from cache: /assets/textures/map_tiles.png
11:47:45.567 [FXGL Background Thread 1 ] DEBUG AssetLoader          - Loading from cache: /assets/textures/map_tiles.png
11:47:45.567 [FXGL Background Thread 1 ] DEBUG AssetLoader          - Loading from cache: /assets/textures/map_tiles.png
11:47:45.567 [FXGL Background Thread 1 ] DEBUG AssetLoader          - Loading from cache: /assets/textures/map_tiles.png
11:47:45.569 [FXGL Background Thread 1 ] DEBUG GameScene            - Creating render group for layer: BACKGROUND(1000)
11:47:45.610 [FXGL Background Thread 1 ] DEBUG GameScene            - Creating render group for layer: DEFAULT(100000)
11:47:45.626 [FXGL Background Thread 1 ] DEBUG AssetLoader          - Loading from cache: /assets/textures/Platformer/stand_sheet.png
11:47:45.627 [FXGL Background Thread 1 ] DEBUG AssetLoader          - Loading from disk: /assets/textures/Platformer/jump-fall.png
11:47:45.631 [FXGL Background Thread 1 ] DEBUG AssetLoader          - Loading from disk: /assets/textures/Platformer/jump-up.png
11:47:45.635 [FXGL Background Thread 1 ] DEBUG InitAppTask          - Initializing Physics
11:47:45.635 [FXGL Background Thread 1 ] DEBUG InitAppTask          - Initializing UI
11:47:45.635 [FXGL Background Thread 1 ] DEBUG InitAppTask          - Initialization Complete
11:47:45.635 [FXGL Background Thread 1 ] INFO  InitAppTask          - Game initialization took: 0.163 sec
11:47:45.637 [JavaFX Application Thread] DEBUG Input                - Clearing active input actions
11:47:45.642 [JavaFX Application Thread] DEBUG AppStateMachine      - LoadingState -> PlayState
11:48:31.400 [JavaFX Application Thread] DEBUG GameApplication      - Exiting game application
11:48:31.401 [JavaFX Application Thread] DEBUG GameApplication      - Shutting down background threads
11:48:31.401 [JavaFX Application Thread] DEBUG GameApplication      - Exiting FXGL
11:48:31.401 [JavaFX Application Thread] DEBUG FXGL                 - Saving FXGL system data
11:48:31.403 [JavaFX Application Thread] DEBUG DesktopFSService     - Writing to: system\fxgl.bundle
11:48:31.407 [JavaFX Application Thread] DEBUG GameApplication      - Closing logger and exiting JavaFX
