10:12:22.151 [JavaFX Application Thread] DEBUG GameApplication      - Logger initialized
10:12:22.156 [JavaFX Application Thread] DEBUG MainWindow           - Creating a JavaFX scene
10:12:22.227 [JavaFX Application Thread] DEBUG MainWindow           - Target settings size: 800.0 x 470.0
10:12:22.227 [JavaFX Application Thread] DEBUG MainWindow           - Scaled scene size:    800.0 x 470.0
10:12:22.228 [JavaFX Application Thread] DEBUG MainWindow           - Scaled ratio: (1.0, 1.0)
10:12:22.233 [JavaFX Application Thread] DEBUG GameApplication      - Starting FXGL
10:12:22.243 [JavaFX Application Thread] INFO  FXGL                 - FXGL-0.5.1 on DESKTOP
10:12:22.244 [JavaFX Application Thread] INFO  FXGL                 - Source code and latest versions at: https://github.com/AlmasB/FXGL
10:12:22.244 [JavaFX Application Thread] INFO  FXGL                 -              Join the FXGL chat at: https://gitter.im/AlmasB/FXGL
10:12:22.249 [JavaFX Application Thread] DEBUG FS                   - Loaded DesktopFSService
10:12:22.250 [JavaFX Application Thread] DEBUG FXGL                 - Loading FXGL system data
10:12:22.256 [JavaFX Application Thread] DEBUG DesktopFSService     - Reading from: system\fxgl.bundle
10:12:22.264 [JavaFX Application Thread] DEBUG Bundle               - Logging bundle: FXGL
10:12:22.265 [JavaFX Application Thread] DEBUG Bundle               - FXGL.offline.timer.version.check=2018-05-16T18:22:51.838
10:12:22.289 [JavaFX Application Thread] DEBUG GameApplication      - FXGL started
10:12:22.289 [JavaFX Application Thread] DEBUG GameApplication      - Logging game settings
Title: Frogger
Version: 0.2.0
Width: 800
Height: 470
Fullscreen: false
Intro: false
Menus: false
Profiling: false
Single step:false
App Mode: DEVELOPER
Menu Key: ESCAPE
Stage Style: DECORATED
Scene Factory: class com.almasb.fxgl.scene.SceneFactory
Dialog Factory: class com.almasb.fxgl.ui.FXGLDialogFactory
UI Factory: class com.almasb.fxgl.ui.FXGLUIFactory
Notification Service: class com.almasb.fxgl.gameplay.notification.XboxNotificationView
Exception Handler: class com.almasb.fxgl.app.FXGLExceptionHandler
10:12:22.290 [JavaFX Application Thread] DEBUG GameApplication      - Configuring GameApplication
10:12:22.290 [JavaFX Application Thread] DEBUG GameApplication      - Initializing state machine and application states
10:12:22.301 [JavaFX Application Thread] DEBUG AssetLoader          - Loading from disk: /assets/ui/cursors/fxgl_default.png
10:12:22.319 [JavaFX Application Thread] DEBUG AssetLoader          - Loading from disk: /assets/ui/cursors/fxgl_default.png
10:12:22.338 [JavaFX Application Thread] DEBUG FXGLAssets           - Loading FXGLAssets
10:12:22.361 [JavaFX Application Thread] DEBUG AssetLoader          - Loading from disk: /assets/ui/fonts/VarelaRound-Regular.ttf
10:12:22.490 [JavaFX Application Thread] DEBUG AssetLoader          - Loading from disk: /assets/ui/fonts/lucida_console.ttf
10:12:22.498 [JavaFX Application Thread] DEBUG AssetLoader          - Loading from disk: /assets/ui/css/fxgl_dark.css
10:12:22.520 [JavaFX Application Thread] DEBUG AssetLoader          - Loading from disk: /assets/ui/cursors/fxgl_default.png
10:12:22.545 [JavaFX Application Thread] DEBUG AssetLoader          - Loading from disk: /assets/ui/cursors/fxgl_default.png
10:12:22.559 [JavaFX Application Thread] DEBUG GameScene            - Game scene initialized: 800x470
10:12:22.562 [JavaFX Application Thread] DEBUG GameWorld            - Game world initialized
10:12:22.599 [JavaFX Application Thread] DEBUG PhysicsWorld         - Physics world initialized: appHeight=470, physics.ppm=50.0
10:12:22.614 [JavaFX Application Thread] DEBUG Input                - Registered new binding: Pause - Esc
10:12:22.628 [JavaFX Application Thread] DEBUG Input                - Clearing active input actions
10:12:22.661 [JavaFX Application Thread] DEBUG AppStateMachine      - StartupState -> StartupState
10:12:22.665 [JavaFX Application Thread] INFO  GameApplication      - Game configuration took:  0.375 sec
10:12:22.667 [JavaFX Application Thread] DEBUG AssetLoader          - Loading from disk: /assets/textures/fxgl_icon.png
10:12:22.677 [JavaFX Application Thread] DEBUG MainWindow           - Opening main window
10:12:22.809 [JavaFX Application Thread] DEBUG MainWindow           - Window border size: (4.0, 26.666656494140625)
10:12:22.809 [JavaFX Application Thread] DEBUG MainWindow           - Scaled size: 800.0 x 470.0
10:12:22.810 [JavaFX Application Thread] DEBUG MainWindow           - Scaled ratio: (1.0, 1.0)
10:12:22.810 [JavaFX Application Thread] DEBUG MainWindow           - Scene size: 800.0 x 470.0
10:12:22.810 [JavaFX Application Thread] DEBUG MainWindow           - Stage size: 804.0 x 496.6666564941406
10:12:22.810 [JavaFX Application Thread] DEBUG GameApplication      - Running preInit()
10:12:22.812 [JavaFX Application Thread] DEBUG Input                - Registered new binding: Screenshot - P
10:12:22.813 [JavaFX Application Thread] DEBUG Input                - Registered new binding: Dev Options - CTRL+0
10:12:22.813 [JavaFX Application Thread] DEBUG Input                - Registered new binding: System info dump - CTRL+9
10:12:22.814 [JavaFX Application Thread] DEBUG Input                - Registered new binding: Restart - CTRL+R
10:12:22.814 [JavaFX Application Thread] DEBUG Input                - Registered new binding: up - W
10:12:22.814 [JavaFX Application Thread] DEBUG Input                - Registered new binding: down - S
10:12:22.814 [JavaFX Application Thread] DEBUG Input                - Registered new binding: left - A
10:12:22.815 [JavaFX Application Thread] DEBUG Input                - Registered new binding: right - D
10:12:22.846 [JavaFX Application Thread] DEBUG GameApplication      - Starting main loop
10:12:22.848 [JavaFX Application Thread] DEBUG StartupState         - STARTUP
10:12:22.848 [JavaFX Application Thread] DEBUG GameApplication      - Starting new game
10:12:22.848 [JavaFX Application Thread] DEBUG Input                - Clearing active input actions
10:12:22.857 [JavaFX Application Thread] DEBUG AppStateMachine      - StartupState -> LoadingState
10:12:22.862 [FXGL Background Thread 1 ] DEBUG InitAppTask          - Clearing previous game
10:12:22.862 [FXGL Background Thread 1 ] DEBUG GameWorld            - Clearing game world
10:12:22.862 [FXGL Background Thread 1 ] DEBUG PhysicsWorld         - Clearing physics world
10:12:22.862 [FXGL Background Thread 1 ] DEBUG GameScene            - Clearing game scene
10:12:22.863 [FXGL Background Thread 1 ] DEBUG InitAppTask          - Initializing Game
10:12:22.910 [FXGL Background Thread 1 ] DEBUG AssetLoader          - Loading from disk: /assets/textures/Frogger/frog_idle.png
10:12:22.920 [FXGL Background Thread 1 ] DEBUG GameScene            - Creating render group for layer: DEFAULT(100000)
10:12:22.923 [FXGL Background Thread 1 ] DEBUG InitAppTask          - Initializing Physics
10:12:22.923 [FXGL Background Thread 1 ] DEBUG InitAppTask          - Initializing UI
10:12:22.923 [FXGL Background Thread 1 ] DEBUG AssetLoader          - Loading from disk: /assets/textures/Frogger/background.jpg
10:12:22.936 [FXGL Background Thread 1 ] DEBUG InitAppTask          - Initialization Complete
10:12:22.936 [FXGL Background Thread 1 ] INFO  InitAppTask          - Game initialization took: 0.076 sec
10:12:22.946 [JavaFX Application Thread] DEBUG Input                - Clearing active input actions
10:12:22.951 [JavaFX Application Thread] DEBUG AppStateMachine      - LoadingState -> PlayState
10:12:31.893 [JavaFX Application Thread] DEBUG AssetLoader          - Loading from disk: /assets/ui/dev_menu_bar.fxml
10:12:40.803 [JavaFX Application Thread] DEBUG GameApplication      - Exiting game application
10:12:40.804 [JavaFX Application Thread] DEBUG GameApplication      - Shutting down background threads
10:12:40.804 [JavaFX Application Thread] DEBUG GameApplication      - Exiting FXGL
10:12:40.804 [JavaFX Application Thread] DEBUG FXGL                 - Saving FXGL system data
10:12:40.806 [JavaFX Application Thread] DEBUG DesktopFSService     - Writing to: system\fxgl.bundle
10:12:40.809 [JavaFX Application Thread] DEBUG GameApplication      - Closing logger and exiting JavaFX
