13:01:05.542 [JavaFX Application Thread] DEBUG GameApplication      - Logger initialized
13:01:05.547 [JavaFX Application Thread] DEBUG MainWindow           - Creating a JavaFX scene
13:01:05.620 [JavaFX Application Thread] DEBUG MainWindow           - Target settings size: 800.0 x 400.0
13:01:05.620 [JavaFX Application Thread] DEBUG MainWindow           - Scaled scene size:    800.0 x 400.0
13:01:05.620 [JavaFX Application Thread] DEBUG MainWindow           - Scaled ratio: (1.0, 1.0)
13:01:05.626 [JavaFX Application Thread] DEBUG GameApplication      - Starting FXGL
13:01:05.637 [JavaFX Application Thread] INFO  FXGL                 - FXGL-0.5.1 on DESKTOP
13:01:05.638 [JavaFX Application Thread] INFO  FXGL                 - Source code and latest versions at: https://github.com/AlmasB/FXGL
13:01:05.638 [JavaFX Application Thread] INFO  FXGL                 -              Join the FXGL chat at: https://gitter.im/AlmasB/FXGL
13:01:05.644 [JavaFX Application Thread] DEBUG FS                   - Loaded DesktopFSService
13:01:05.645 [JavaFX Application Thread] DEBUG FXGL                 - Loading FXGL system data
13:01:05.652 [JavaFX Application Thread] DEBUG DesktopFSService     - Reading from: system\fxgl.bundle
13:01:05.659 [JavaFX Application Thread] DEBUG Bundle               - Logging bundle: FXGL
13:01:05.659 [JavaFX Application Thread] DEBUG Bundle               - FXGL.offline.timer.version.check=2018-05-16T18:22:51.838
13:01:05.682 [JavaFX Application Thread] DEBUG GameApplication      - FXGL started
13:01:05.682 [JavaFX Application Thread] DEBUG GameApplication      - Logging game settings
Title: FlappyBird
Version: 0.2.0
Width: 800
Height: 400
Fullscreen: false
Intro: false
Menus: false
Profiling: false
Single step:false
App Mode: DEVELOPER
Menu Key: ESCAPE
Stage Style: DECORATED
Scene Factory: class com.almasb.fxgl.scene.SceneFactory
Dialog Factory: class com.almasb.fxgl.ui.FXGLDialogFactory
UI Factory: class com.almasb.fxgl.ui.FXGLUIFactory
Notification Service: class com.almasb.fxgl.gameplay.notification.XboxNotificationView
Exception Handler: class com.almasb.fxgl.app.FXGLExceptionHandler
13:01:05.683 [JavaFX Application Thread] DEBUG GameApplication      - Configuring GameApplication
13:01:05.683 [JavaFX Application Thread] DEBUG GameApplication      - Initializing state machine and application states
13:01:05.696 [JavaFX Application Thread] DEBUG AssetLoader          - Loading from disk: /assets/ui/cursors/fxgl_default.png
13:01:05.714 [JavaFX Application Thread] DEBUG AssetLoader          - Loading from disk: /assets/ui/cursors/fxgl_default.png
13:01:05.730 [JavaFX Application Thread] DEBUG FXGLAssets           - Loading FXGLAssets
13:01:05.752 [JavaFX Application Thread] DEBUG AssetLoader          - Loading from disk: /assets/ui/fonts/VarelaRound-Regular.ttf
13:01:05.884 [JavaFX Application Thread] DEBUG AssetLoader          - Loading from disk: /assets/ui/fonts/lucida_console.ttf
13:01:05.895 [JavaFX Application Thread] DEBUG AssetLoader          - Loading from disk: /assets/ui/css/fxgl_dark.css
13:01:05.920 [JavaFX Application Thread] DEBUG AssetLoader          - Loading from disk: /assets/ui/cursors/fxgl_default.png
13:01:05.950 [JavaFX Application Thread] DEBUG AssetLoader          - Loading from disk: /assets/ui/cursors/fxgl_default.png
13:01:05.964 [JavaFX Application Thread] DEBUG GameScene            - Game scene initialized: 800x400
13:01:05.967 [JavaFX Application Thread] DEBUG GameWorld            - Game world initialized
13:01:06.006 [JavaFX Application Thread] DEBUG PhysicsWorld         - Physics world initialized: appHeight=400, physics.ppm=50.0
13:01:06.021 [JavaFX Application Thread] DEBUG Input                - Registered new binding: Pause - Esc
13:01:06.035 [JavaFX Application Thread] DEBUG Input                - Clearing active input actions
13:01:06.064 [JavaFX Application Thread] DEBUG AppStateMachine      - StartupState -> StartupState
13:01:06.067 [JavaFX Application Thread] INFO  GameApplication      - Game configuration took:  0.384 sec
13:01:06.069 [JavaFX Application Thread] DEBUG AssetLoader          - Loading from disk: /assets/textures/fxgl_icon.png
13:01:06.080 [JavaFX Application Thread] DEBUG MainWindow           - Opening main window
13:01:06.154 [JavaFX Application Thread] DEBUG MainWindow           - Window border size: (14.66668701171875, 37.333343505859375)
13:01:06.155 [JavaFX Application Thread] DEBUG MainWindow           - Scaled size: 800.0 x 400.0
13:01:06.155 [JavaFX Application Thread] DEBUG MainWindow           - Scaled ratio: (1.0, 1.0)
13:01:06.155 [JavaFX Application Thread] DEBUG MainWindow           - Scene size: 800.0 x 400.0
13:01:06.155 [JavaFX Application Thread] DEBUG MainWindow           - Stage size: 814.6666870117188 x 437.3333435058594
13:01:06.155 [JavaFX Application Thread] DEBUG GameApplication      - Running preInit()
13:01:06.157 [JavaFX Application Thread] DEBUG Input                - Registered new binding: Screenshot - P
13:01:06.157 [JavaFX Application Thread] DEBUG Input                - Registered new binding: Dev Options - CTRL+0
13:01:06.158 [JavaFX Application Thread] DEBUG Input                - Registered new binding: System info dump - CTRL+9
13:01:06.158 [JavaFX Application Thread] DEBUG Input                - Registered new binding: Restart - CTRL+R
13:01:06.158 [JavaFX Application Thread] DEBUG Input                - Registered new binding: flap - Space
13:01:06.185 [JavaFX Application Thread] DEBUG GameApplication      - Starting main loop
13:01:06.191 [JavaFX Application Thread] DEBUG StartupState         - STARTUP
13:01:06.191 [JavaFX Application Thread] DEBUG GameApplication      - Starting new game
13:01:06.191 [JavaFX Application Thread] DEBUG Input                - Clearing active input actions
13:01:06.198 [JavaFX Application Thread] DEBUG AppStateMachine      - StartupState -> LoadingState
13:01:06.202 [FXGL Background Thread 1 ] DEBUG InitAppTask          - Clearing previous game
13:01:06.202 [FXGL Background Thread 1 ] DEBUG GameWorld            - Clearing game world
13:01:06.202 [FXGL Background Thread 1 ] DEBUG PhysicsWorld         - Clearing physics world
13:01:06.202 [FXGL Background Thread 1 ] DEBUG GameScene            - Clearing game scene
13:01:06.204 [FXGL Background Thread 1 ] DEBUG InitAppTask          - Initializing Game
13:01:06.224 [FXGL Background Thread 1 ] DEBUG AssetLoader          - Loading from disk: /assets/textures/FlappyPort/flappybird_fly_sheet.png
13:01:06.296 [FXGL Background Thread 1 ] DEBUG GameScene            - Creating render group for layer: DEFAULT(100000)
13:01:06.300 [JavaFX Application Thread] FATAL GameApplication      - Uncaught Exception:

Fatal exception occurred: java.lang.Error : Unresolved compilation problem: 
	GAMEOVER cannot be resolved or is not a field

E: FlappyPort.FlappyBird_Factory.newGround(FlappyBird_Factory.java:85)
E: sun.reflect.NativeMethodAccessorImpl.invoke0(Native Method)
E: sun.reflect.NativeMethodAccessorImpl.invoke(Unknown Source)
E: sun.reflect.DelegatingMethodAccessorImpl.invoke(Unknown Source)
E: java.lang.reflect.Method.invoke(Unknown Source)
E: com.almasb.fxgl.core.reflect.ReflectionUtils.lambda$null$1(ReflectionUtils.java:79)
E: com.sun.proxy.$Proxy2.apply(Unknown Source)
E: com.almasb.fxgl.entity.GameWorld$create$1.invoke(GameWorld.kt:442)
E: com.almasb.fxgl.entity.GameWorld$create$1.invoke(GameWorld.kt:35)
E: com.almasb.fxgl.app.DSLKt.tryCatchRoot(DSL.kt:464)
E: com.almasb.fxgl.entity.GameWorld.create(GameWorld.kt:442)
E: com.almasb.fxgl.entity.GameWorld.spawn(GameWorld.kt:418)
E: com.almasb.fxgl.entity.GameWorld.spawn(GameWorld.kt:406)
E: FlappyPort.FlappyBird_App.initGame(FlappyBird_App.java:85)
E: com.almasb.fxgl.app.GameApplication.internalInitGame(GameApplication.java:439)
E: com.almasb.fxgl.app.LoadingState$InitAppTask.initGame(AppStates.kt:168)
E: com.almasb.fxgl.app.LoadingState$InitAppTask.call(AppStates.kt:138)
E: com.almasb.fxgl.app.LoadingState$InitAppTask.call(AppStates.kt:127)
E: javafx.concurrent.Task$TaskCallable.call(Task.java:1423)
E: java.util.concurrent.FutureTask.run(Unknown Source)
E: java.util.concurrent.Executors$RunnableAdapter.call(Unknown Source)
E: java.util.concurrent.FutureTask.run(Unknown Source)
E: java.util.concurrent.ThreadPoolExecutor.runWorker(Unknown Source)
E: java.util.concurrent.ThreadPoolExecutor$Worker.run(Unknown Source)
E: java.lang.Thread.run(Unknown Source)

13:01:06.301 [JavaFX Application Thread] FATAL GameApplication      - Application will now exit
13:01:06.301 [JavaFX Application Thread] DEBUG GameApplication      - Stopping main loop
13:01:07.707 [JavaFX Application Thread] DEBUG GameApplication      - Exiting game application
13:01:07.708 [JavaFX Application Thread] DEBUG GameApplication      - Shutting down background threads
13:01:07.708 [JavaFX Application Thread] DEBUG GameApplication      - Exiting FXGL
13:01:07.709 [JavaFX Application Thread] DEBUG FXGL                 - Saving FXGL system data
13:01:07.711 [JavaFX Application Thread] DEBUG DesktopFSService     - Writing to: system\fxgl.bundle
13:01:07.714 [JavaFX Application Thread] DEBUG GameApplication      - Closing logger and exiting JavaFX
