10:14:12.684 [JavaFX Application Thread] DEBUG GameApplication      - Logger initialized
10:14:12.689 [JavaFX Application Thread] DEBUG MainWindow           - Creating a JavaFX scene
10:14:12.760 [JavaFX Application Thread] DEBUG MainWindow           - Target settings size: 800.0 x 470.0
10:14:12.760 [JavaFX Application Thread] DEBUG MainWindow           - Scaled scene size:    800.0 x 470.0
10:14:12.760 [JavaFX Application Thread] DEBUG MainWindow           - Scaled ratio: (1.0, 1.0)
10:14:12.765 [JavaFX Application Thread] DEBUG GameApplication      - Starting FXGL
10:14:12.776 [JavaFX Application Thread] INFO  FXGL                 - FXGL-0.5.1 on DESKTOP
10:14:12.776 [JavaFX Application Thread] INFO  FXGL                 - Source code and latest versions at: https://github.com/AlmasB/FXGL
10:14:12.776 [JavaFX Application Thread] INFO  FXGL                 -              Join the FXGL chat at: https://gitter.im/AlmasB/FXGL
10:14:12.781 [JavaFX Application Thread] DEBUG FS                   - Loaded DesktopFSService
10:14:12.782 [JavaFX Application Thread] DEBUG FXGL                 - Loading FXGL system data
10:14:12.789 [JavaFX Application Thread] DEBUG DesktopFSService     - Reading from: system\fxgl.bundle
10:14:12.796 [JavaFX Application Thread] DEBUG Bundle               - Logging bundle: FXGL
10:14:12.797 [JavaFX Application Thread] DEBUG Bundle               - FXGL.offline.timer.version.check=2018-05-16T18:22:51.838
10:14:12.820 [JavaFX Application Thread] DEBUG GameApplication      - FXGL started
10:14:12.820 [JavaFX Application Thread] DEBUG GameApplication      - Logging game settings
Title: Frogger
Version: 0.2.0
Width: 800
Height: 470
Fullscreen: false
Intro: false
Menus: false
Profiling: false
Single step:false
App Mode: DEVELOPER
Menu Key: ESCAPE
Stage Style: DECORATED
Scene Factory: class com.almasb.fxgl.scene.SceneFactory
Dialog Factory: class com.almasb.fxgl.ui.FXGLDialogFactory
UI Factory: class com.almasb.fxgl.ui.FXGLUIFactory
Notification Service: class com.almasb.fxgl.gameplay.notification.XboxNotificationView
Exception Handler: class com.almasb.fxgl.app.FXGLExceptionHandler
10:14:12.821 [JavaFX Application Thread] DEBUG GameApplication      - Configuring GameApplication
10:14:12.821 [JavaFX Application Thread] DEBUG GameApplication      - Initializing state machine and application states
10:14:12.836 [JavaFX Application Thread] DEBUG AssetLoader          - Loading from disk: /assets/ui/cursors/fxgl_default.png
10:14:12.854 [JavaFX Application Thread] DEBUG AssetLoader          - Loading from disk: /assets/ui/cursors/fxgl_default.png
10:14:12.871 [JavaFX Application Thread] DEBUG FXGLAssets           - Loading FXGLAssets
10:14:12.897 [JavaFX Application Thread] DEBUG AssetLoader          - Loading from disk: /assets/ui/fonts/VarelaRound-Regular.ttf
10:14:13.032 [JavaFX Application Thread] DEBUG AssetLoader          - Loading from disk: /assets/ui/fonts/lucida_console.ttf
10:14:13.040 [JavaFX Application Thread] DEBUG AssetLoader          - Loading from disk: /assets/ui/css/fxgl_dark.css
10:14:13.063 [JavaFX Application Thread] DEBUG AssetLoader          - Loading from disk: /assets/ui/cursors/fxgl_default.png
10:14:13.087 [JavaFX Application Thread] DEBUG AssetLoader          - Loading from disk: /assets/ui/cursors/fxgl_default.png
10:14:13.101 [JavaFX Application Thread] DEBUG GameScene            - Game scene initialized: 800x470
10:14:13.104 [JavaFX Application Thread] DEBUG GameWorld            - Game world initialized
10:14:13.142 [JavaFX Application Thread] DEBUG PhysicsWorld         - Physics world initialized: appHeight=470, physics.ppm=50.0
10:14:13.156 [JavaFX Application Thread] DEBUG Input                - Registered new binding: Pause - Esc
10:14:13.171 [JavaFX Application Thread] DEBUG Input                - Clearing active input actions
10:14:13.205 [JavaFX Application Thread] DEBUG AppStateMachine      - StartupState -> StartupState
10:14:13.209 [JavaFX Application Thread] INFO  GameApplication      - Game configuration took:  0.388 sec
10:14:13.211 [JavaFX Application Thread] DEBUG AssetLoader          - Loading from disk: /assets/textures/fxgl_icon.png
10:14:13.222 [JavaFX Application Thread] DEBUG MainWindow           - Opening main window
10:14:13.355 [JavaFX Application Thread] DEBUG MainWindow           - Window border size: (4.0, 26.666656494140625)
10:14:13.355 [JavaFX Application Thread] DEBUG MainWindow           - Scaled size: 800.0 x 470.0
10:14:13.355 [JavaFX Application Thread] DEBUG MainWindow           - Scaled ratio: (1.0, 1.0)
10:14:13.355 [JavaFX Application Thread] DEBUG MainWindow           - Scene size: 800.0 x 470.0
10:14:13.355 [JavaFX Application Thread] DEBUG MainWindow           - Stage size: 804.0 x 496.6666564941406
10:14:13.355 [JavaFX Application Thread] DEBUG GameApplication      - Running preInit()
10:14:13.357 [JavaFX Application Thread] DEBUG Input                - Registered new binding: Screenshot - P
10:14:13.358 [JavaFX Application Thread] DEBUG Input                - Registered new binding: Dev Options - CTRL+0
10:14:13.358 [JavaFX Application Thread] DEBUG Input                - Registered new binding: System info dump - CTRL+9
10:14:13.359 [JavaFX Application Thread] DEBUG Input                - Registered new binding: Restart - CTRL+R
10:14:13.359 [JavaFX Application Thread] DEBUG Input                - Registered new binding: up - W
10:14:13.359 [JavaFX Application Thread] DEBUG Input                - Registered new binding: down - S
10:14:13.360 [JavaFX Application Thread] DEBUG Input                - Registered new binding: left - A
10:14:13.360 [JavaFX Application Thread] DEBUG Input                - Registered new binding: right - D
10:14:13.392 [JavaFX Application Thread] DEBUG GameApplication      - Starting main loop
10:14:13.393 [JavaFX Application Thread] DEBUG StartupState         - STARTUP
10:14:13.394 [JavaFX Application Thread] DEBUG GameApplication      - Starting new game
10:14:13.394 [JavaFX Application Thread] DEBUG Input                - Clearing active input actions
10:14:13.401 [JavaFX Application Thread] DEBUG AppStateMachine      - StartupState -> LoadingState
10:14:13.406 [FXGL Background Thread 1 ] DEBUG InitAppTask          - Clearing previous game
10:14:13.406 [FXGL Background Thread 1 ] DEBUG GameWorld            - Clearing game world
10:14:13.406 [FXGL Background Thread 1 ] DEBUG PhysicsWorld         - Clearing physics world
10:14:13.406 [FXGL Background Thread 1 ] DEBUG GameScene            - Clearing game scene
10:14:13.408 [FXGL Background Thread 1 ] DEBUG InitAppTask          - Initializing Game
10:14:13.457 [FXGL Background Thread 1 ] DEBUG AssetLoader          - Loading from disk: /assets/textures/Frogger/frog_idle.png
10:14:13.469 [FXGL Background Thread 1 ] DEBUG GameScene            - Creating render group for layer: DEFAULT(100000)
10:14:13.472 [FXGL Background Thread 1 ] DEBUG InitAppTask          - Initializing Physics
10:14:13.472 [FXGL Background Thread 1 ] DEBUG InitAppTask          - Initializing UI
10:14:13.473 [FXGL Background Thread 1 ] DEBUG AssetLoader          - Loading from disk: /assets/textures/Frogger/background.jpg
10:14:13.482 [FXGL Background Thread 1 ] DEBUG InitAppTask          - Initialization Complete
10:14:13.482 [FXGL Background Thread 1 ] INFO  InitAppTask          - Game initialization took: 0.076 sec
10:14:13.484 [JavaFX Application Thread] DEBUG Input                - Clearing active input actions
10:14:13.490 [JavaFX Application Thread] DEBUG AppStateMachine      - LoadingState -> PlayState
10:14:16.413 [JavaFX Application Thread] DEBUG AssetLoader          - Loading from disk: /assets/ui/dev_menu_bar.fxml
10:14:29.421 [JavaFX Application Thread] DEBUG GameApplication      - Exiting game application
10:14:29.422 [JavaFX Application Thread] DEBUG GameApplication      - Shutting down background threads
10:14:29.422 [JavaFX Application Thread] DEBUG GameApplication      - Exiting FXGL
10:14:29.422 [JavaFX Application Thread] DEBUG FXGL                 - Saving FXGL system data
10:14:29.424 [JavaFX Application Thread] DEBUG DesktopFSService     - Writing to: system\fxgl.bundle
10:14:29.428 [JavaFX Application Thread] DEBUG GameApplication      - Closing logger and exiting JavaFX
