15:28:00.930 [JavaFX Application Thread] DEBUG GameApplication      - Logger initialized
15:28:00.935 [JavaFX Application Thread] DEBUG MainWindow           - Creating a JavaFX scene
15:28:01.007 [JavaFX Application Thread] DEBUG MainWindow           - Target settings size: 800.0 x 400.0
15:28:01.007 [JavaFX Application Thread] DEBUG MainWindow           - Scaled scene size:    800.0 x 400.0
15:28:01.007 [JavaFX Application Thread] DEBUG MainWindow           - Scaled ratio: (1.0, 1.0)
15:28:01.013 [JavaFX Application Thread] DEBUG GameApplication      - Starting FXGL
15:28:01.025 [JavaFX Application Thread] INFO  FXGL                 - FXGL-0.5.1 on DESKTOP
15:28:01.026 [JavaFX Application Thread] INFO  FXGL                 - Source code and latest versions at: https://github.com/AlmasB/FXGL
15:28:01.026 [JavaFX Application Thread] INFO  FXGL                 -              Join the FXGL chat at: https://gitter.im/AlmasB/FXGL
15:28:01.032 [JavaFX Application Thread] DEBUG FS                   - Loaded DesktopFSService
15:28:01.033 [JavaFX Application Thread] DEBUG FXGL                 - Loading FXGL system data
15:28:01.040 [JavaFX Application Thread] DEBUG DesktopFSService     - Reading from: system\fxgl.bundle
15:28:01.047 [JavaFX Application Thread] DEBUG Bundle               - Logging bundle: FXGL
15:28:01.048 [JavaFX Application Thread] DEBUG Bundle               - FXGL.offline.timer.version.check=2018-05-16T18:22:51.838
15:28:01.070 [JavaFX Application Thread] DEBUG GameApplication      - FXGL started
15:28:01.071 [JavaFX Application Thread] DEBUG GameApplication      - Logging game settings
Title: FlappyBird
Version: 0.2.0
Width: 800
Height: 400
Fullscreen: false
Intro: false
Menus: false
Profiling: false
Single step:false
App Mode: DEVELOPER
Menu Key: ESCAPE
Stage Style: DECORATED
Scene Factory: class com.almasb.fxgl.scene.SceneFactory
Dialog Factory: class com.almasb.fxgl.ui.FXGLDialogFactory
UI Factory: class com.almasb.fxgl.ui.FXGLUIFactory
Notification Service: class com.almasb.fxgl.gameplay.notification.XboxNotificationView
Exception Handler: class com.almasb.fxgl.app.FXGLExceptionHandler
15:28:01.072 [JavaFX Application Thread] DEBUG GameApplication      - Configuring GameApplication
15:28:01.072 [JavaFX Application Thread] DEBUG GameApplication      - Initializing state machine and application states
15:28:01.084 [JavaFX Application Thread] DEBUG AssetLoader          - Loading from disk: /assets/ui/cursors/fxgl_default.png
15:28:01.102 [JavaFX Application Thread] DEBUG AssetLoader          - Loading from disk: /assets/ui/cursors/fxgl_default.png
15:28:01.120 [JavaFX Application Thread] DEBUG FXGLAssets           - Loading FXGLAssets
15:28:01.145 [JavaFX Application Thread] DEBUG AssetLoader          - Loading from disk: /assets/ui/fonts/VarelaRound-Regular.ttf
15:28:01.274 [JavaFX Application Thread] DEBUG AssetLoader          - Loading from disk: /assets/ui/fonts/lucida_console.ttf
15:28:01.283 [JavaFX Application Thread] DEBUG AssetLoader          - Loading from disk: /assets/ui/css/fxgl_dark.css
15:28:01.307 [JavaFX Application Thread] DEBUG AssetLoader          - Loading from disk: /assets/ui/cursors/fxgl_default.png
15:28:01.331 [JavaFX Application Thread] DEBUG AssetLoader          - Loading from disk: /assets/ui/cursors/fxgl_default.png
15:28:01.346 [JavaFX Application Thread] DEBUG GameScene            - Game scene initialized: 800x400
15:28:01.348 [JavaFX Application Thread] DEBUG GameWorld            - Game world initialized
15:28:01.387 [JavaFX Application Thread] DEBUG PhysicsWorld         - Physics world initialized: appHeight=400, physics.ppm=50.0
15:28:01.403 [JavaFX Application Thread] DEBUG Input                - Registered new binding: Pause - Esc
15:28:01.417 [JavaFX Application Thread] DEBUG Input                - Clearing active input actions
15:28:01.449 [JavaFX Application Thread] DEBUG AppStateMachine      - StartupState -> StartupState
15:28:01.452 [JavaFX Application Thread] INFO  GameApplication      - Game configuration took:  0.380 sec
15:28:01.453 [JavaFX Application Thread] DEBUG AssetLoader          - Loading from disk: /assets/textures/fxgl_icon.png
15:28:01.464 [JavaFX Application Thread] DEBUG MainWindow           - Opening main window
15:28:01.539 [JavaFX Application Thread] DEBUG MainWindow           - Window border size: (14.66668701171875, 37.333343505859375)
15:28:01.539 [JavaFX Application Thread] DEBUG MainWindow           - Scaled size: 800.0 x 400.0
15:28:01.540 [JavaFX Application Thread] DEBUG MainWindow           - Scaled ratio: (1.0, 1.0)
15:28:01.540 [JavaFX Application Thread] DEBUG MainWindow           - Scene size: 800.0 x 400.0
15:28:01.540 [JavaFX Application Thread] DEBUG MainWindow           - Stage size: 814.6666870117188 x 437.3333435058594
15:28:01.540 [JavaFX Application Thread] DEBUG GameApplication      - Running preInit()
15:28:01.542 [JavaFX Application Thread] DEBUG Input                - Registered new binding: Screenshot - P
15:28:01.542 [JavaFX Application Thread] DEBUG Input                - Registered new binding: Dev Options - CTRL+0
15:28:01.543 [JavaFX Application Thread] DEBUG Input                - Registered new binding: System info dump - CTRL+9
15:28:01.544 [JavaFX Application Thread] DEBUG Input                - Registered new binding: Restart - CTRL+R
15:28:01.545 [JavaFX Application Thread] DEBUG Input                - Registered new binding: flap - Space
15:28:01.573 [JavaFX Application Thread] DEBUG GameApplication      - Starting main loop
15:28:01.581 [JavaFX Application Thread] DEBUG StartupState         - STARTUP
15:28:01.581 [JavaFX Application Thread] DEBUG GameApplication      - Starting new game
15:28:01.581 [JavaFX Application Thread] DEBUG Input                - Clearing active input actions
15:28:01.587 [JavaFX Application Thread] DEBUG AppStateMachine      - StartupState -> LoadingState
15:28:01.591 [FXGL Background Thread 1 ] DEBUG InitAppTask          - Clearing previous game
15:28:01.591 [FXGL Background Thread 1 ] DEBUG GameWorld            - Clearing game world
15:28:01.592 [FXGL Background Thread 1 ] DEBUG PhysicsWorld         - Clearing physics world
15:28:01.592 [FXGL Background Thread 1 ] DEBUG GameScene            - Clearing game scene
15:28:01.594 [FXGL Background Thread 1 ] DEBUG InitAppTask          - Initializing Game
15:28:01.616 [FXGL Background Thread 1 ] DEBUG AssetLoader          - Loading from disk: /assets/textures/FlappyPort/flappybird_fly_sheet.png
15:28:01.685 [FXGL Background Thread 1 ] DEBUG GameScene            - Creating render group for layer: DEFAULT(100000)
15:28:01.690 [FXGL Background Thread 1 ] DEBUG InitAppTask          - Initializing Physics
15:28:01.690 [FXGL Background Thread 1 ] DEBUG InitAppTask          - Initializing UI
15:28:01.690 [FXGL Background Thread 1 ] DEBUG AssetLoader          - Loading from disk: /assets/textures/FlappyPort/background.png
15:28:01.696 [FXGL Background Thread 1 ] DEBUG InitAppTask          - Initialization Complete
15:28:01.697 [FXGL Background Thread 1 ] INFO  InitAppTask          - Game initialization took: 0.105 sec
15:28:01.707 [JavaFX Application Thread] DEBUG Input                - Clearing active input actions
15:28:01.711 [JavaFX Application Thread] DEBUG AppStateMachine      - LoadingState -> PlayState
15:28:02.085 [JavaFX Application Thread] DEBUG Input                - Mocking key release: Space
15:28:02.327 [JavaFX Application Thread] DEBUG Input                - Mocking key release: Space
15:28:02.476 [JavaFX Application Thread] DEBUG Input                - Mocking key release: Space
15:28:02.881 [JavaFX Application Thread] DEBUG Input                - Mocking key release: Space
15:28:03.076 [JavaFX Application Thread] DEBUG Input                - Mocking key release: Space
15:28:03.227 [JavaFX Application Thread] DEBUG Input                - Mocking key release: Space
15:28:04.260 [JavaFX Application Thread] DEBUG Input                - Mocking key release: Space
15:28:04.534 [JavaFX Application Thread] DEBUG Input                - Mocking key release: Space
15:28:04.976 [JavaFX Application Thread] DEBUG Input                - Mocking key release: Space
15:28:05.426 [JavaFX Application Thread] DEBUG Input                - Mocking key release: Space
15:28:05.764 [JavaFX Application Thread] DEBUG Input                - Mocking key release: Space
15:28:06.025 [JavaFX Application Thread] DEBUG Input                - Mocking key release: Space
15:28:06.185 [JavaFX Application Thread] DEBUG Input                - Mocking key release: Space
15:28:06.291 [JavaFX Application Thread] DEBUG Input                - Mocking key release: Space
15:28:06.408 [JavaFX Application Thread] DEBUG Input                - Mocking key release: Space
15:28:07.325 [JavaFX Application Thread] DEBUG Input                - Mocking key release: Space
15:28:07.808 [JavaFX Application Thread] DEBUG Input                - Mocking key release: Space
15:28:07.991 [JavaFX Application Thread] DEBUG Input                - Mocking key release: Space
15:28:08.584 [JavaFX Application Thread] DEBUG Input                - Mocking key release: Space
15:28:09.274 [JavaFX Application Thread] DEBUG Input                - Mocking key release: Space
15:28:09.824 [JavaFX Application Thread] DEBUG Input                - Mocking key release: Space
15:28:10.334 [JavaFX Application Thread] DEBUG GameApplication      - Exiting game application
15:28:10.334 [JavaFX Application Thread] DEBUG GameApplication      - Shutting down background threads
15:28:10.335 [JavaFX Application Thread] DEBUG GameApplication      - Exiting FXGL
15:28:10.335 [JavaFX Application Thread] DEBUG FXGL                 - Saving FXGL system data
15:28:10.337 [JavaFX Application Thread] DEBUG DesktopFSService     - Writing to: system\fxgl.bundle
15:28:10.341 [JavaFX Application Thread] DEBUG GameApplication      - Closing logger and exiting JavaFX
