13:02:36.457 [JavaFX Application Thread] DEBUG GameApplication      - Logger initialized
13:02:36.463 [JavaFX Application Thread] DEBUG MainWindow           - Creating a JavaFX scene
13:02:36.531 [JavaFX Application Thread] DEBUG MainWindow           - Target settings size: 800.0 x 400.0
13:02:36.531 [JavaFX Application Thread] DEBUG MainWindow           - Scaled scene size:    800.0 x 400.0
13:02:36.531 [JavaFX Application Thread] DEBUG MainWindow           - Scaled ratio: (1.0, 1.0)
13:02:36.537 [JavaFX Application Thread] DEBUG GameApplication      - Starting FXGL
13:02:36.546 [JavaFX Application Thread] INFO  FXGL                 - FXGL-0.5.1 on DESKTOP
13:02:36.547 [JavaFX Application Thread] INFO  FXGL                 - Source code and latest versions at: https://github.com/AlmasB/FXGL
13:02:36.547 [JavaFX Application Thread] INFO  FXGL                 -              Join the FXGL chat at: https://gitter.im/AlmasB/FXGL
13:02:36.553 [JavaFX Application Thread] DEBUG FS                   - Loaded DesktopFSService
13:02:36.553 [JavaFX Application Thread] DEBUG FXGL                 - Loading FXGL system data
13:02:36.560 [JavaFX Application Thread] DEBUG DesktopFSService     - Reading from: system\fxgl.bundle
13:02:36.568 [JavaFX Application Thread] DEBUG Bundle               - Logging bundle: FXGL
13:02:36.568 [JavaFX Application Thread] DEBUG Bundle               - FXGL.offline.timer.version.check=2018-05-16T18:22:51.838
13:02:36.596 [JavaFX Application Thread] DEBUG GameApplication      - FXGL started
13:02:36.596 [JavaFX Application Thread] DEBUG GameApplication      - Logging game settings
Title: FlappyBird
Version: 0.2.0
Width: 800
Height: 400
Fullscreen: false
Intro: false
Menus: false
Profiling: false
Single step:false
App Mode: DEVELOPER
Menu Key: ESCAPE
Stage Style: DECORATED
Scene Factory: class com.almasb.fxgl.scene.SceneFactory
Dialog Factory: class com.almasb.fxgl.ui.FXGLDialogFactory
UI Factory: class com.almasb.fxgl.ui.FXGLUIFactory
Notification Service: class com.almasb.fxgl.gameplay.notification.XboxNotificationView
Exception Handler: class com.almasb.fxgl.app.FXGLExceptionHandler
13:02:36.597 [JavaFX Application Thread] DEBUG GameApplication      - Configuring GameApplication
13:02:36.597 [JavaFX Application Thread] DEBUG GameApplication      - Initializing state machine and application states
13:02:36.607 [JavaFX Application Thread] DEBUG AssetLoader          - Loading from disk: /assets/ui/cursors/fxgl_default.png
13:02:36.626 [JavaFX Application Thread] DEBUG AssetLoader          - Loading from disk: /assets/ui/cursors/fxgl_default.png
13:02:36.645 [JavaFX Application Thread] DEBUG FXGLAssets           - Loading FXGLAssets
13:02:36.674 [JavaFX Application Thread] DEBUG AssetLoader          - Loading from disk: /assets/ui/fonts/VarelaRound-Regular.ttf
13:02:36.811 [JavaFX Application Thread] DEBUG AssetLoader          - Loading from disk: /assets/ui/fonts/lucida_console.ttf
13:02:36.821 [JavaFX Application Thread] DEBUG AssetLoader          - Loading from disk: /assets/ui/css/fxgl_dark.css
13:02:36.847 [JavaFX Application Thread] DEBUG AssetLoader          - Loading from disk: /assets/ui/cursors/fxgl_default.png
13:02:36.876 [JavaFX Application Thread] DEBUG AssetLoader          - Loading from disk: /assets/ui/cursors/fxgl_default.png
13:02:36.890 [JavaFX Application Thread] DEBUG GameScene            - Game scene initialized: 800x400
13:02:36.893 [JavaFX Application Thread] DEBUG GameWorld            - Game world initialized
13:02:36.933 [JavaFX Application Thread] DEBUG PhysicsWorld         - Physics world initialized: appHeight=400, physics.ppm=50.0
13:02:36.949 [JavaFX Application Thread] DEBUG Input                - Registered new binding: Pause - Esc
13:02:36.963 [JavaFX Application Thread] DEBUG Input                - Clearing active input actions
13:02:36.996 [JavaFX Application Thread] DEBUG AppStateMachine      - StartupState -> StartupState
13:02:37.000 [JavaFX Application Thread] INFO  GameApplication      - Game configuration took:  0.403 sec
13:02:37.001 [JavaFX Application Thread] DEBUG AssetLoader          - Loading from disk: /assets/textures/fxgl_icon.png
13:02:37.013 [JavaFX Application Thread] DEBUG MainWindow           - Opening main window
13:02:37.094 [JavaFX Application Thread] DEBUG MainWindow           - Window border size: (14.66668701171875, 37.333343505859375)
13:02:37.094 [JavaFX Application Thread] DEBUG MainWindow           - Scaled size: 800.0 x 400.0
13:02:37.095 [JavaFX Application Thread] DEBUG MainWindow           - Scaled ratio: (1.0, 1.0)
13:02:37.095 [JavaFX Application Thread] DEBUG MainWindow           - Scene size: 800.0 x 400.0
13:02:37.095 [JavaFX Application Thread] DEBUG MainWindow           - Stage size: 814.6666870117188 x 437.3333435058594
13:02:37.095 [JavaFX Application Thread] DEBUG GameApplication      - Running preInit()
13:02:37.097 [JavaFX Application Thread] DEBUG Input                - Registered new binding: Screenshot - P
13:02:37.098 [JavaFX Application Thread] DEBUG Input                - Registered new binding: Dev Options - CTRL+0
13:02:37.099 [JavaFX Application Thread] DEBUG Input                - Registered new binding: System info dump - CTRL+9
13:02:37.099 [JavaFX Application Thread] DEBUG Input                - Registered new binding: Restart - CTRL+R
13:02:37.099 [JavaFX Application Thread] DEBUG Input                - Registered new binding: flap - Space
13:02:37.126 [JavaFX Application Thread] DEBUG GameApplication      - Starting main loop
13:02:37.133 [JavaFX Application Thread] DEBUG StartupState         - STARTUP
13:02:37.134 [JavaFX Application Thread] DEBUG GameApplication      - Starting new game
13:02:37.134 [JavaFX Application Thread] DEBUG Input                - Clearing active input actions
13:02:37.141 [JavaFX Application Thread] DEBUG AppStateMachine      - StartupState -> LoadingState
13:02:37.145 [FXGL Background Thread 1 ] DEBUG InitAppTask          - Clearing previous game
13:02:37.146 [FXGL Background Thread 1 ] DEBUG GameWorld            - Clearing game world
13:02:37.146 [FXGL Background Thread 1 ] DEBUG PhysicsWorld         - Clearing physics world
13:02:37.146 [FXGL Background Thread 1 ] DEBUG GameScene            - Clearing game scene
13:02:37.147 [FXGL Background Thread 1 ] DEBUG InitAppTask          - Initializing Game
13:02:37.169 [FXGL Background Thread 1 ] DEBUG AssetLoader          - Loading from disk: /assets/textures/FlappyPort/flappybird_fly_sheet.png
13:02:37.250 [FXGL Background Thread 1 ] DEBUG GameScene            - Creating render group for layer: DEFAULT(100000)
13:02:37.255 [FXGL Background Thread 1 ] DEBUG AssetLoader          - Loading from disk: /assets/textures/FlappyPort/ground.png
13:02:37.258 [FXGL Background Thread 1 ] DEBUG GameScene            - Creating render group for layer: TOP(2147483647)
13:02:37.259 [FXGL Background Thread 1 ] DEBUG AssetLoader          - Loading from cache: /assets/textures/FlappyPort/ground.png
13:02:37.260 [FXGL Background Thread 1 ] DEBUG InitAppTask          - Initializing Physics
13:02:37.260 [FXGL Background Thread 1 ] DEBUG InitAppTask          - Initializing UI
13:02:37.261 [FXGL Background Thread 1 ] DEBUG AssetLoader          - Loading from disk: /assets/textures/FlappyPort/background.png
13:02:37.276 [FXGL Background Thread 1 ] DEBUG InitAppTask          - Initialization Complete
13:02:37.277 [FXGL Background Thread 1 ] INFO  InitAppTask          - Game initialization took: 0.132 sec
13:02:37.284 [JavaFX Application Thread] DEBUG Input                - Clearing active input actions
13:02:37.290 [JavaFX Application Thread] DEBUG AppStateMachine      - LoadingState -> PlayState
13:02:37.690 [JavaFX Application Thread] DEBUG Input                - Mocking key release: Space
13:02:37.986 [JavaFX Application Thread] DEBUG Input                - Mocking key release: Space
13:02:38.153 [JavaFX Application Thread] DEBUG Input                - Mocking key release: Space
13:02:38.237 [JavaFX Application Thread] DEBUG Input                - Mocking key release: Space
13:02:38.263 [JavaFX Application Thread] DEBUG AssetLoader          - Loading from disk: /assets/textures/FlappyPort/top_pipe.png
13:02:38.266 [JavaFX Application Thread] DEBUG AssetLoader          - Loading from disk: /assets/textures/FlappyPort/bottom_pipe.png
13:02:38.268 [JavaFX Application Thread] DEBUG AssetLoader          - Loading from cache: /assets/textures/FlappyPort/ground.png
13:02:38.386 [JavaFX Application Thread] DEBUG Input                - Mocking key release: Space
13:02:38.458 [JavaFX Application Thread] DEBUG Input                - Mocking key release: Space
13:02:38.606 [JavaFX Application Thread] DEBUG Input                - Mocking key release: Space
13:02:39.266 [JavaFX Application Thread] DEBUG Input                - Mocking key release: Space
13:02:39.284 [JavaFX Application Thread] DEBUG AssetLoader          - Loading from cache: /assets/textures/FlappyPort/top_pipe.png
13:02:39.286 [JavaFX Application Thread] DEBUG AssetLoader          - Loading from cache: /assets/textures/FlappyPort/bottom_pipe.png
13:02:39.288 [JavaFX Application Thread] DEBUG AssetLoader          - Loading from cache: /assets/textures/FlappyPort/ground.png
13:02:39.786 [JavaFX Application Thread] DEBUG Input                - Mocking key release: Space
13:02:40.258 [JavaFX Application Thread] DEBUG Input                - Mocking key release: Space
13:02:40.291 [JavaFX Application Thread] DEBUG AssetLoader          - Loading from cache: /assets/textures/FlappyPort/top_pipe.png
13:02:40.293 [JavaFX Application Thread] DEBUG AssetLoader          - Loading from cache: /assets/textures/FlappyPort/bottom_pipe.png
13:02:40.294 [JavaFX Application Thread] DEBUG AssetLoader          - Loading from cache: /assets/textures/FlappyPort/ground.png
13:02:40.548 [JavaFX Application Thread] DEBUG AssetLoader          - Loading from disk: /assets/textures/FlappyPort/game_over.png
13:02:40.550 [JavaFX Application Thread] DEBUG GameScene            - Creating render group for layer: BACKGROUND(1000)
13:02:42.644 [JavaFX Application Thread] DEBUG GameApplication      - Exiting game application
13:02:42.645 [JavaFX Application Thread] DEBUG GameApplication      - Shutting down background threads
13:02:42.645 [JavaFX Application Thread] DEBUG GameApplication      - Exiting FXGL
13:02:42.646 [JavaFX Application Thread] DEBUG FXGL                 - Saving FXGL system data
13:02:42.647 [JavaFX Application Thread] DEBUG DesktopFSService     - Writing to: system\fxgl.bundle
13:02:42.651 [JavaFX Application Thread] DEBUG GameApplication      - Closing logger and exiting JavaFX
