13:04:32.685 [JavaFX Application Thread] DEBUG GameApplication      - Logger initialized
13:04:32.691 [JavaFX Application Thread] DEBUG MainWindow           - Creating a JavaFX scene
13:04:32.759 [JavaFX Application Thread] DEBUG MainWindow           - Target settings size: 800.0 x 400.0
13:04:32.759 [JavaFX Application Thread] DEBUG MainWindow           - Scaled scene size:    800.0 x 400.0
13:04:32.760 [JavaFX Application Thread] DEBUG MainWindow           - Scaled ratio: (1.0, 1.0)
13:04:32.765 [JavaFX Application Thread] DEBUG GameApplication      - Starting FXGL
13:04:32.774 [JavaFX Application Thread] INFO  FXGL                 - FXGL-0.5.1 on DESKTOP
13:04:32.774 [JavaFX Application Thread] INFO  FXGL                 - Source code and latest versions at: https://github.com/AlmasB/FXGL
13:04:32.775 [JavaFX Application Thread] INFO  FXGL                 -              Join the FXGL chat at: https://gitter.im/AlmasB/FXGL
13:04:32.780 [JavaFX Application Thread] DEBUG FS                   - Loaded DesktopFSService
13:04:32.780 [JavaFX Application Thread] DEBUG FXGL                 - Loading FXGL system data
13:04:32.787 [JavaFX Application Thread] DEBUG DesktopFSService     - Reading from: system\fxgl.bundle
13:04:32.795 [JavaFX Application Thread] DEBUG Bundle               - Logging bundle: FXGL
13:04:32.795 [JavaFX Application Thread] DEBUG Bundle               - FXGL.offline.timer.version.check=2018-05-16T18:22:51.838
13:04:32.821 [JavaFX Application Thread] DEBUG GameApplication      - FXGL started
13:04:32.822 [JavaFX Application Thread] DEBUG GameApplication      - Logging game settings
Title: FlappyBird
Version: 0.2.0
Width: 800
Height: 400
Fullscreen: false
Intro: false
Menus: false
Profiling: false
Single step:false
App Mode: DEVELOPER
Menu Key: ESCAPE
Stage Style: DECORATED
Scene Factory: class com.almasb.fxgl.scene.SceneFactory
Dialog Factory: class com.almasb.fxgl.ui.FXGLDialogFactory
UI Factory: class com.almasb.fxgl.ui.FXGLUIFactory
Notification Service: class com.almasb.fxgl.gameplay.notification.XboxNotificationView
Exception Handler: class com.almasb.fxgl.app.FXGLExceptionHandler
13:04:32.823 [JavaFX Application Thread] DEBUG GameApplication      - Configuring GameApplication
13:04:32.823 [JavaFX Application Thread] DEBUG GameApplication      - Initializing state machine and application states
13:04:32.834 [JavaFX Application Thread] DEBUG AssetLoader          - Loading from disk: /assets/ui/cursors/fxgl_default.png
13:04:32.851 [JavaFX Application Thread] DEBUG AssetLoader          - Loading from disk: /assets/ui/cursors/fxgl_default.png
13:04:32.868 [JavaFX Application Thread] DEBUG FXGLAssets           - Loading FXGLAssets
13:04:32.891 [JavaFX Application Thread] DEBUG AssetLoader          - Loading from disk: /assets/ui/fonts/VarelaRound-Regular.ttf
13:04:33.016 [JavaFX Application Thread] DEBUG AssetLoader          - Loading from disk: /assets/ui/fonts/lucida_console.ttf
13:04:33.024 [JavaFX Application Thread] DEBUG AssetLoader          - Loading from disk: /assets/ui/css/fxgl_dark.css
13:04:33.047 [JavaFX Application Thread] DEBUG AssetLoader          - Loading from disk: /assets/ui/cursors/fxgl_default.png
13:04:33.072 [JavaFX Application Thread] DEBUG AssetLoader          - Loading from disk: /assets/ui/cursors/fxgl_default.png
13:04:33.086 [JavaFX Application Thread] DEBUG GameScene            - Game scene initialized: 800x400
13:04:33.088 [JavaFX Application Thread] DEBUG GameWorld            - Game world initialized
13:04:33.125 [JavaFX Application Thread] DEBUG PhysicsWorld         - Physics world initialized: appHeight=400, physics.ppm=50.0
13:04:33.139 [JavaFX Application Thread] DEBUG Input                - Registered new binding: Pause - Esc
13:04:33.154 [JavaFX Application Thread] DEBUG Input                - Clearing active input actions
13:04:33.187 [JavaFX Application Thread] DEBUG AppStateMachine      - StartupState -> StartupState
13:04:33.190 [JavaFX Application Thread] INFO  GameApplication      - Game configuration took:  0.367 sec
13:04:33.191 [JavaFX Application Thread] DEBUG AssetLoader          - Loading from disk: /assets/textures/fxgl_icon.png
13:04:33.202 [JavaFX Application Thread] DEBUG MainWindow           - Opening main window
13:04:33.327 [JavaFX Application Thread] DEBUG MainWindow           - Window border size: (4.0, 26.666656494140625)
13:04:33.327 [JavaFX Application Thread] DEBUG MainWindow           - Scaled size: 800.0 x 400.0
13:04:33.327 [JavaFX Application Thread] DEBUG MainWindow           - Scaled ratio: (1.0, 1.0)
13:04:33.327 [JavaFX Application Thread] DEBUG MainWindow           - Scene size: 800.0 x 400.0
13:04:33.327 [JavaFX Application Thread] DEBUG MainWindow           - Stage size: 804.0 x 426.6666564941406
13:04:33.328 [JavaFX Application Thread] DEBUG GameApplication      - Running preInit()
13:04:33.329 [JavaFX Application Thread] DEBUG Input                - Registered new binding: Screenshot - P
13:04:33.329 [JavaFX Application Thread] DEBUG Input                - Registered new binding: Dev Options - CTRL+0
13:04:33.330 [JavaFX Application Thread] DEBUG Input                - Registered new binding: System info dump - CTRL+9
13:04:33.330 [JavaFX Application Thread] DEBUG Input                - Registered new binding: Restart - CTRL+R
13:04:33.330 [JavaFX Application Thread] DEBUG Input                - Registered new binding: flap - Space
13:04:33.356 [JavaFX Application Thread] DEBUG GameApplication      - Starting main loop
13:04:33.357 [JavaFX Application Thread] DEBUG StartupState         - STARTUP
13:04:33.358 [JavaFX Application Thread] DEBUG GameApplication      - Starting new game
13:04:33.358 [JavaFX Application Thread] DEBUG Input                - Clearing active input actions
13:04:33.364 [JavaFX Application Thread] DEBUG AppStateMachine      - StartupState -> LoadingState
13:04:33.369 [FXGL Background Thread 1 ] DEBUG InitAppTask          - Clearing previous game
13:04:33.369 [FXGL Background Thread 1 ] DEBUG GameWorld            - Clearing game world
13:04:33.369 [FXGL Background Thread 1 ] DEBUG PhysicsWorld         - Clearing physics world
13:04:33.369 [FXGL Background Thread 1 ] DEBUG GameScene            - Clearing game scene
13:04:33.370 [FXGL Background Thread 1 ] DEBUG InitAppTask          - Initializing Game
13:04:33.391 [FXGL Background Thread 1 ] DEBUG AssetLoader          - Loading from disk: /assets/textures/FlappyPort/flappybird_fly_sheet.png
13:04:33.463 [FXGL Background Thread 1 ] DEBUG GameScene            - Creating render group for layer: DEFAULT(100000)
13:04:33.467 [FXGL Background Thread 1 ] DEBUG AssetLoader          - Loading from disk: /assets/textures/FlappyPort/ground.png
13:04:33.470 [FXGL Background Thread 1 ] DEBUG GameScene            - Creating render group for layer: TOP(2147483647)
13:04:33.470 [FXGL Background Thread 1 ] DEBUG AssetLoader          - Loading from cache: /assets/textures/FlappyPort/ground.png
13:04:33.471 [FXGL Background Thread 1 ] DEBUG InitAppTask          - Initializing Physics
13:04:33.472 [FXGL Background Thread 1 ] DEBUG InitAppTask          - Initializing UI
13:04:33.472 [FXGL Background Thread 1 ] DEBUG AssetLoader          - Loading from disk: /assets/textures/FlappyPort/background.png
13:04:33.487 [FXGL Background Thread 1 ] DEBUG InitAppTask          - Initialization Complete
13:04:33.487 [FXGL Background Thread 1 ] INFO  InitAppTask          - Game initialization took: 0.119 sec
13:04:33.499 [JavaFX Application Thread] DEBUG Input                - Clearing active input actions
13:04:33.505 [JavaFX Application Thread] DEBUG AppStateMachine      - LoadingState -> PlayState
13:04:33.737 [JavaFX Application Thread] DEBUG Input                - Mocking key release: Space
13:04:34.102 [JavaFX Application Thread] DEBUG Input                - Mocking key release: Space
13:04:34.303 [JavaFX Application Thread] DEBUG Input                - Mocking key release: Space
13:04:34.466 [JavaFX Application Thread] DEBUG Input                - Mocking key release: Space
13:04:34.492 [JavaFX Application Thread] DEBUG AssetLoader          - Loading from disk: /assets/textures/FlappyPort/top_pipe.png
13:04:34.495 [JavaFX Application Thread] DEBUG AssetLoader          - Loading from disk: /assets/textures/FlappyPort/bottom_pipe.png
13:04:34.497 [JavaFX Application Thread] DEBUG AssetLoader          - Loading from cache: /assets/textures/FlappyPort/ground.png
13:04:34.634 [JavaFX Application Thread] DEBUG Input                - Mocking key release: Space
13:04:35.516 [JavaFX Application Thread] DEBUG AssetLoader          - Loading from cache: /assets/textures/FlappyPort/top_pipe.png
13:04:35.518 [JavaFX Application Thread] DEBUG AssetLoader          - Loading from cache: /assets/textures/FlappyPort/bottom_pipe.png
13:04:35.519 [JavaFX Application Thread] DEBUG AssetLoader          - Loading from cache: /assets/textures/FlappyPort/ground.png
13:04:35.616 [JavaFX Application Thread] DEBUG Input                - Mocking key release: Space
13:04:36.088 [JavaFX Application Thread] DEBUG Input                - Mocking key release: Space
13:04:36.524 [JavaFX Application Thread] DEBUG AssetLoader          - Loading from cache: /assets/textures/FlappyPort/top_pipe.png
13:04:36.526 [JavaFX Application Thread] DEBUG AssetLoader          - Loading from cache: /assets/textures/FlappyPort/bottom_pipe.png
13:04:36.526 [JavaFX Application Thread] DEBUG AssetLoader          - Loading from cache: /assets/textures/FlappyPort/ground.png
13:04:36.582 [JavaFX Application Thread] DEBUG Input                - Mocking key release: Space
13:04:37.382 [JavaFX Application Thread] DEBUG Input                - Mocking key release: Space
13:04:37.548 [JavaFX Application Thread] DEBUG AssetLoader          - Loading from cache: /assets/textures/FlappyPort/top_pipe.png
13:04:37.550 [JavaFX Application Thread] DEBUG AssetLoader          - Loading from cache: /assets/textures/FlappyPort/bottom_pipe.png
13:04:37.551 [JavaFX Application Thread] DEBUG AssetLoader          - Loading from cache: /assets/textures/FlappyPort/ground.png
13:04:38.001 [JavaFX Application Thread] DEBUG Input                - Mocking key release: Space
13:04:38.182 [JavaFX Application Thread] DEBUG Input                - Mocking key release: Space
13:04:38.556 [JavaFX Application Thread] DEBUG AssetLoader          - Loading from cache: /assets/textures/FlappyPort/top_pipe.png
13:04:38.558 [JavaFX Application Thread] DEBUG AssetLoader          - Loading from cache: /assets/textures/FlappyPort/bottom_pipe.png
13:04:38.559 [JavaFX Application Thread] DEBUG AssetLoader          - Loading from cache: /assets/textures/FlappyPort/ground.png
13:04:38.748 [JavaFX Application Thread] DEBUG Input                - Mocking key release: Space
13:04:39.165 [JavaFX Application Thread] DEBUG Input                - Mocking key release: Space
13:04:39.290 [JavaFX Application Thread] DEBUG Input                - Mocking key release: Space
13:04:39.447 [JavaFX Application Thread] DEBUG Input                - Mocking key release: Space
13:04:39.564 [JavaFX Application Thread] DEBUG Input                - Mocking key release: Space
13:04:39.581 [JavaFX Application Thread] DEBUG AssetLoader          - Loading from cache: /assets/textures/FlappyPort/top_pipe.png
13:04:39.583 [JavaFX Application Thread] DEBUG AssetLoader          - Loading from cache: /assets/textures/FlappyPort/bottom_pipe.png
13:04:39.584 [JavaFX Application Thread] DEBUG AssetLoader          - Loading from cache: /assets/textures/FlappyPort/ground.png
13:04:40.450 [JavaFX Application Thread] DEBUG Input                - Mocking key release: Space
13:04:40.587 [JavaFX Application Thread] DEBUG AssetLoader          - Loading from cache: /assets/textures/FlappyPort/top_pipe.png
13:04:40.589 [JavaFX Application Thread] DEBUG AssetLoader          - Loading from cache: /assets/textures/FlappyPort/bottom_pipe.png
13:04:40.589 [JavaFX Application Thread] DEBUG AssetLoader          - Loading from cache: /assets/textures/FlappyPort/ground.png
13:04:40.631 [JavaFX Application Thread] DEBUG Input                - Mocking key release: Space
13:04:41.249 [JavaFX Application Thread] DEBUG Input                - Mocking key release: Space
13:04:41.581 [JavaFX Application Thread] DEBUG AssetLoader          - Loading from cache: /assets/textures/FlappyPort/top_pipe.png
13:04:41.583 [JavaFX Application Thread] DEBUG AssetLoader          - Loading from cache: /assets/textures/FlappyPort/bottom_pipe.png
13:04:41.584 [JavaFX Application Thread] DEBUG AssetLoader          - Loading from cache: /assets/textures/FlappyPort/ground.png
13:04:41.980 [JavaFX Application Thread] DEBUG Input                - Mocking key release: Space
13:04:42.163 [JavaFX Application Thread] DEBUG Input                - Mocking key release: Space
13:04:42.297 [JavaFX Application Thread] DEBUG Input                - Mocking key release: Space
13:04:42.588 [JavaFX Application Thread] DEBUG AssetLoader          - Loading from cache: /assets/textures/FlappyPort/top_pipe.png
13:04:42.590 [JavaFX Application Thread] DEBUG AssetLoader          - Loading from cache: /assets/textures/FlappyPort/bottom_pipe.png
13:04:42.590 [JavaFX Application Thread] DEBUG AssetLoader          - Loading from cache: /assets/textures/FlappyPort/ground.png
13:04:42.907 [JavaFX Application Thread] DEBUG Input                - Mocking key release: Space
13:04:43.581 [JavaFX Application Thread] DEBUG AssetLoader          - Loading from cache: /assets/textures/FlappyPort/top_pipe.png
13:04:43.583 [JavaFX Application Thread] DEBUG AssetLoader          - Loading from cache: /assets/textures/FlappyPort/bottom_pipe.png
13:04:43.583 [JavaFX Application Thread] DEBUG AssetLoader          - Loading from cache: /assets/textures/FlappyPort/ground.png
13:04:43.741 [JavaFX Application Thread] DEBUG Input                - Mocking key release: Space
13:04:44.329 [JavaFX Application Thread] DEBUG Input                - Mocking key release: Space
13:04:44.479 [JavaFX Application Thread] DEBUG Input                - Mocking key release: Space
13:04:44.588 [JavaFX Application Thread] DEBUG AssetLoader          - Loading from cache: /assets/textures/FlappyPort/top_pipe.png
13:04:44.589 [JavaFX Application Thread] DEBUG AssetLoader          - Loading from cache: /assets/textures/FlappyPort/bottom_pipe.png
13:04:44.590 [JavaFX Application Thread] DEBUG AssetLoader          - Loading from cache: /assets/textures/FlappyPort/ground.png
13:04:44.962 [JavaFX Application Thread] DEBUG Input                - Mocking key release: Space
13:04:45.532 [JavaFX Application Thread] DEBUG Input                - Mocking key release: Space
13:04:45.580 [JavaFX Application Thread] DEBUG AssetLoader          - Loading from cache: /assets/textures/FlappyPort/top_pipe.png
13:04:45.581 [JavaFX Application Thread] DEBUG AssetLoader          - Loading from cache: /assets/textures/FlappyPort/bottom_pipe.png
13:04:45.582 [JavaFX Application Thread] DEBUG AssetLoader          - Loading from cache: /assets/textures/FlappyPort/ground.png
13:04:46.081 [JavaFX Application Thread] DEBUG Input                - Mocking key release: Space
13:04:46.588 [JavaFX Application Thread] DEBUG AssetLoader          - Loading from cache: /assets/textures/FlappyPort/top_pipe.png
13:04:46.589 [JavaFX Application Thread] DEBUG AssetLoader          - Loading from cache: /assets/textures/FlappyPort/bottom_pipe.png
13:04:46.590 [JavaFX Application Thread] DEBUG AssetLoader          - Loading from cache: /assets/textures/FlappyPort/ground.png
13:04:46.728 [JavaFX Application Thread] DEBUG Input                - Mocking key release: Space
13:04:46.965 [JavaFX Application Thread] DEBUG Input                - Mocking key release: Space
13:04:47.581 [JavaFX Application Thread] DEBUG AssetLoader          - Loading from cache: /assets/textures/FlappyPort/top_pipe.png
13:04:47.582 [JavaFX Application Thread] DEBUG AssetLoader          - Loading from cache: /assets/textures/FlappyPort/bottom_pipe.png
13:04:47.583 [JavaFX Application Thread] DEBUG AssetLoader          - Loading from cache: /assets/textures/FlappyPort/ground.png
13:04:47.627 [JavaFX Application Thread] DEBUG Input                - Mocking key release: Space
13:04:47.798 [JavaFX Application Thread] DEBUG Input                - Mocking key release: Space
13:04:48.587 [JavaFX Application Thread] DEBUG AssetLoader          - Loading from cache: /assets/textures/FlappyPort/top_pipe.png
13:04:48.588 [JavaFX Application Thread] DEBUG AssetLoader          - Loading from cache: /assets/textures/FlappyPort/bottom_pipe.png
13:04:48.589 [JavaFX Application Thread] DEBUG AssetLoader          - Loading from cache: /assets/textures/FlappyPort/ground.png
13:04:48.744 [JavaFX Application Thread] DEBUG Input                - Mocking key release: Space
13:04:49.260 [JavaFX Application Thread] DEBUG Input                - Mocking key release: Space
13:04:49.427 [JavaFX Application Thread] DEBUG Input                - Mocking key release: Space
13:04:49.581 [JavaFX Application Thread] DEBUG AssetLoader          - Loading from cache: /assets/textures/FlappyPort/top_pipe.png
13:04:49.583 [JavaFX Application Thread] DEBUG AssetLoader          - Loading from cache: /assets/textures/FlappyPort/bottom_pipe.png
13:04:49.583 [JavaFX Application Thread] DEBUG AssetLoader          - Loading from cache: /assets/textures/FlappyPort/ground.png
13:04:50.060 [JavaFX Application Thread] DEBUG Input                - Mocking key release: Space
13:04:50.603 [JavaFX Application Thread] DEBUG AssetLoader          - Loading from cache: /assets/textures/FlappyPort/top_pipe.png
13:04:50.604 [JavaFX Application Thread] DEBUG AssetLoader          - Loading from cache: /assets/textures/FlappyPort/bottom_pipe.png
13:04:50.605 [JavaFX Application Thread] DEBUG AssetLoader          - Loading from cache: /assets/textures/FlappyPort/ground.png
13:04:50.826 [JavaFX Application Thread] DEBUG Input                - Mocking key release: Space
13:04:51.354 [JavaFX Application Thread] DEBUG Input                - Mocking key release: Space
13:04:51.509 [JavaFX Application Thread] DEBUG Input                - Mocking key release: Space
13:04:51.612 [JavaFX Application Thread] DEBUG AssetLoader          - Loading from cache: /assets/textures/FlappyPort/top_pipe.png
13:04:51.614 [JavaFX Application Thread] DEBUG AssetLoader          - Loading from cache: /assets/textures/FlappyPort/bottom_pipe.png
13:04:51.614 [JavaFX Application Thread] DEBUG AssetLoader          - Loading from cache: /assets/textures/FlappyPort/ground.png
13:04:51.675 [JavaFX Application Thread] DEBUG Input                - Mocking key release: Space
13:04:51.818 [JavaFX Application Thread] DEBUG Input                - Mocking key release: Space
13:04:51.916 [JavaFX Application Thread] DEBUG AssetLoader          - Loading from disk: /assets/textures/FlappyPort/game_over.png
13:04:51.918 [JavaFX Application Thread] DEBUG GameScene            - Creating render group for layer: BACKGROUND(1000)
13:05:08.237 [JavaFX Application Thread] DEBUG AssetLoader          - Loading from disk: /assets/ui/dev_menu_bar.fxml
13:05:21.413 [JavaFX Application Thread] DEBUG GameApplication      - Exiting game application
13:05:21.413 [JavaFX Application Thread] DEBUG GameApplication      - Shutting down background threads
13:05:21.414 [JavaFX Application Thread] DEBUG GameApplication      - Exiting FXGL
13:05:21.414 [JavaFX Application Thread] DEBUG FXGL                 - Saving FXGL system data
13:05:21.416 [JavaFX Application Thread] DEBUG DesktopFSService     - Writing to: system\fxgl.bundle
13:05:21.419 [JavaFX Application Thread] DEBUG GameApplication      - Closing logger and exiting JavaFX
