13:24:49.443 [JavaFX Application Thread] DEBUG GameApplication      - Logger initialized
13:24:49.449 [JavaFX Application Thread] DEBUG MainWindow           - Creating a JavaFX scene
13:24:49.521 [JavaFX Application Thread] DEBUG MainWindow           - Target settings size: 800.0 x 400.0
13:24:49.521 [JavaFX Application Thread] DEBUG MainWindow           - Scaled scene size:    800.0 x 400.0
13:24:49.522 [JavaFX Application Thread] DEBUG MainWindow           - Scaled ratio: (1.0, 1.0)
13:24:49.528 [JavaFX Application Thread] DEBUG GameApplication      - Starting FXGL
13:24:49.538 [JavaFX Application Thread] INFO  FXGL                 - FXGL-0.5.1 on DESKTOP
13:24:49.539 [JavaFX Application Thread] INFO  FXGL                 - Source code and latest versions at: https://github.com/AlmasB/FXGL
13:24:49.539 [JavaFX Application Thread] INFO  FXGL                 -              Join the FXGL chat at: https://gitter.im/AlmasB/FXGL
13:24:49.545 [JavaFX Application Thread] DEBUG FS                   - Loaded DesktopFSService
13:24:49.545 [JavaFX Application Thread] DEBUG FXGL                 - Loading FXGL system data
13:24:49.552 [JavaFX Application Thread] DEBUG DesktopFSService     - Reading from: system\fxgl.bundle
13:24:49.559 [JavaFX Application Thread] DEBUG Bundle               - Logging bundle: FXGL
13:24:49.560 [JavaFX Application Thread] DEBUG Bundle               - FXGL.offline.timer.version.check=2018-05-16T18:22:51.838
13:24:49.583 [JavaFX Application Thread] DEBUG GameApplication      - FXGL started
13:24:49.583 [JavaFX Application Thread] DEBUG GameApplication      - Logging game settings
Title: FlappyBird
Version: 0.2.0
Width: 800
Height: 400
Fullscreen: false
Intro: false
Menus: false
Profiling: false
Single step:false
App Mode: DEVELOPER
Menu Key: ESCAPE
Stage Style: DECORATED
Scene Factory: class com.almasb.fxgl.scene.SceneFactory
Dialog Factory: class com.almasb.fxgl.ui.FXGLDialogFactory
UI Factory: class com.almasb.fxgl.ui.FXGLUIFactory
Notification Service: class com.almasb.fxgl.gameplay.notification.XboxNotificationView
Exception Handler: class com.almasb.fxgl.app.FXGLExceptionHandler
13:24:49.584 [JavaFX Application Thread] DEBUG GameApplication      - Configuring GameApplication
13:24:49.584 [JavaFX Application Thread] DEBUG GameApplication      - Initializing state machine and application states
13:24:49.597 [JavaFX Application Thread] DEBUG AssetLoader          - Loading from disk: /assets/ui/cursors/fxgl_default.png
13:24:49.616 [JavaFX Application Thread] DEBUG AssetLoader          - Loading from disk: /assets/ui/cursors/fxgl_default.png
13:24:49.633 [JavaFX Application Thread] DEBUG FXGLAssets           - Loading FXGLAssets
13:24:49.660 [JavaFX Application Thread] DEBUG AssetLoader          - Loading from disk: /assets/ui/fonts/VarelaRound-Regular.ttf
13:24:49.787 [JavaFX Application Thread] DEBUG AssetLoader          - Loading from disk: /assets/ui/fonts/lucida_console.ttf
13:24:49.797 [JavaFX Application Thread] DEBUG AssetLoader          - Loading from disk: /assets/ui/css/fxgl_dark.css
13:24:49.820 [JavaFX Application Thread] DEBUG AssetLoader          - Loading from disk: /assets/ui/cursors/fxgl_default.png
13:24:49.845 [JavaFX Application Thread] DEBUG AssetLoader          - Loading from disk: /assets/ui/cursors/fxgl_default.png
13:24:49.860 [JavaFX Application Thread] DEBUG GameScene            - Game scene initialized: 800x400
13:24:49.862 [JavaFX Application Thread] DEBUG GameWorld            - Game world initialized
13:24:49.902 [JavaFX Application Thread] DEBUG PhysicsWorld         - Physics world initialized: appHeight=400, physics.ppm=50.0
13:24:49.917 [JavaFX Application Thread] DEBUG Input                - Registered new binding: Pause - Esc
13:24:49.932 [JavaFX Application Thread] DEBUG Input                - Clearing active input actions
13:24:49.963 [JavaFX Application Thread] DEBUG AppStateMachine      - StartupState -> StartupState
13:24:49.966 [JavaFX Application Thread] INFO  GameApplication      - Game configuration took:  0.382 sec
13:24:49.968 [JavaFX Application Thread] DEBUG AssetLoader          - Loading from disk: /assets/textures/fxgl_icon.png
13:24:49.978 [JavaFX Application Thread] DEBUG MainWindow           - Opening main window
13:24:50.052 [JavaFX Application Thread] DEBUG MainWindow           - Window border size: (14.66668701171875, 37.333343505859375)
13:24:50.053 [JavaFX Application Thread] DEBUG MainWindow           - Scaled size: 800.0 x 400.0
13:24:50.053 [JavaFX Application Thread] DEBUG MainWindow           - Scaled ratio: (1.0, 1.0)
13:24:50.053 [JavaFX Application Thread] DEBUG MainWindow           - Scene size: 800.0 x 400.0
13:24:50.054 [JavaFX Application Thread] DEBUG MainWindow           - Stage size: 814.6666870117188 x 437.3333435058594
13:24:50.054 [JavaFX Application Thread] DEBUG GameApplication      - Running preInit()
13:24:50.056 [JavaFX Application Thread] DEBUG Input                - Registered new binding: Screenshot - P
13:24:50.057 [JavaFX Application Thread] DEBUG Input                - Registered new binding: Dev Options - CTRL+0
13:24:50.057 [JavaFX Application Thread] DEBUG Input                - Registered new binding: System info dump - CTRL+9
13:24:50.058 [JavaFX Application Thread] DEBUG Input                - Registered new binding: Restart - CTRL+R
13:24:50.058 [JavaFX Application Thread] DEBUG Input                - Registered new binding: flap - Space
13:24:50.086 [JavaFX Application Thread] DEBUG GameApplication      - Starting main loop
13:24:50.094 [JavaFX Application Thread] DEBUG StartupState         - STARTUP
13:24:50.095 [JavaFX Application Thread] DEBUG GameApplication      - Starting new game
13:24:50.095 [JavaFX Application Thread] DEBUG Input                - Clearing active input actions
13:24:50.100 [JavaFX Application Thread] DEBUG AppStateMachine      - StartupState -> LoadingState
13:24:50.104 [FXGL Background Thread 1 ] DEBUG InitAppTask          - Clearing previous game
13:24:50.104 [FXGL Background Thread 1 ] DEBUG GameWorld            - Clearing game world
13:24:50.105 [FXGL Background Thread 1 ] DEBUG PhysicsWorld         - Clearing physics world
13:24:50.105 [FXGL Background Thread 1 ] DEBUG GameScene            - Clearing game scene
13:24:50.107 [FXGL Background Thread 1 ] DEBUG InitAppTask          - Initializing Game
13:24:50.130 [FXGL Background Thread 1 ] DEBUG AssetLoader          - Loading from disk: /assets/textures/FlappyPort/flappybird_fly_sheet.png
13:24:50.204 [FXGL Background Thread 1 ] DEBUG GameScene            - Creating render group for layer: DEFAULT(100000)
13:24:50.209 [FXGL Background Thread 1 ] DEBUG InitAppTask          - Initializing Physics
13:24:50.210 [FXGL Background Thread 1 ] DEBUG InitAppTask          - Initializing UI
13:24:50.210 [FXGL Background Thread 1 ] DEBUG AssetLoader          - Loading from disk: /assets/textures/FlappyPort/background.png
13:24:50.214 [FXGL Background Thread 1 ] DEBUG InitAppTask          - Initialization Complete
13:24:50.214 [FXGL Background Thread 1 ] INFO  InitAppTask          - Game initialization took: 0.111 sec
13:24:50.220 [JavaFX Application Thread] DEBUG Input                - Clearing active input actions
13:24:50.226 [JavaFX Application Thread] DEBUG AppStateMachine      - LoadingState -> PlayState
13:24:50.617 [JavaFX Application Thread] DEBUG Input                - Mocking key release: Space
13:24:51.387 [JavaFX Application Thread] DEBUG Input                - Mocking key release: Space
13:24:51.891 [JavaFX Application Thread] DEBUG Input                - Mocking key release: Space
13:24:52.038 [JavaFX Application Thread] DEBUG Input                - Mocking key release: Space
13:24:52.179 [JavaFX Application Thread] DEBUG Input                - Mocking key release: Space
13:24:52.344 [JavaFX Application Thread] DEBUG Input                - Mocking key release: Space
13:24:52.538 [JavaFX Application Thread] DEBUG Input                - Mocking key release: Space
13:24:52.675 [JavaFX Application Thread] DEBUG Input                - Mocking key release: Space
13:24:52.805 [JavaFX Application Thread] DEBUG Input                - Mocking key release: Space
13:24:53.876 [JavaFX Application Thread] DEBUG Input                - Mocking key release: Space
13:24:54.205 [JavaFX Application Thread] DEBUG Input                - Mocking key release: Space
13:24:54.408 [JavaFX Application Thread] DEBUG Input                - Mocking key release: Space
13:24:54.573 [JavaFX Application Thread] DEBUG Input                - Mocking key release: Space
13:24:54.720 [JavaFX Application Thread] DEBUG Input                - Mocking key release: Space
13:24:54.871 [JavaFX Application Thread] DEBUG Input                - Mocking key release: Space
13:24:55.020 [JavaFX Application Thread] DEBUG Input                - Mocking key release: Space
13:24:55.179 [JavaFX Application Thread] DEBUG Input                - Mocking key release: Space
13:24:56.172 [JavaFX Application Thread] DEBUG Input                - Mocking key release: Space
13:24:56.683 [JavaFX Application Thread] DEBUG Input                - Mocking key release: Space
13:24:57.163 [JavaFX Application Thread] DEBUG Input                - Mocking key release: Space
13:24:57.735 [JavaFX Application Thread] DEBUG Input                - Mocking key release: Space
13:24:58.202 [JavaFX Application Thread] DEBUG Input                - Mocking key release: Space
13:24:58.569 [JavaFX Application Thread] DEBUG Input                - Mocking key release: Space
13:24:58.719 [JavaFX Application Thread] DEBUG Input                - Mocking key release: Space
13:24:58.885 [JavaFX Application Thread] DEBUG Input                - Mocking key release: Space
13:24:59.892 [JavaFX Application Thread] DEBUG Input                - Mocking key release: Space
13:25:00.372 [JavaFX Application Thread] DEBUG Input                - Mocking key release: Space
13:25:00.801 [JavaFX Application Thread] DEBUG Input                - Mocking key release: Space
13:25:01.084 [JavaFX Application Thread] DEBUG Input                - Mocking key release: Space
13:25:01.268 [JavaFX Application Thread] DEBUG Input                - Mocking key release: Space
13:25:01.434 [JavaFX Application Thread] DEBUG Input                - Mocking key release: Space
13:25:01.551 [JavaFX Application Thread] DEBUG Input                - Mocking key release: Space
13:25:01.702 [JavaFX Application Thread] DEBUG Input                - Mocking key release: Space
13:25:01.867 [JavaFX Application Thread] DEBUG Input                - Mocking key release: Space
13:25:04.095 [JavaFX Application Thread] DEBUG GameApplication      - Exiting game application
13:25:04.096 [JavaFX Application Thread] DEBUG GameApplication      - Shutting down background threads
13:25:04.096 [JavaFX Application Thread] DEBUG GameApplication      - Exiting FXGL
13:25:04.096 [JavaFX Application Thread] DEBUG FXGL                 - Saving FXGL system data
13:25:04.098 [JavaFX Application Thread] DEBUG DesktopFSService     - Writing to: system\fxgl.bundle
13:25:04.102 [JavaFX Application Thread] DEBUG GameApplication      - Closing logger and exiting JavaFX
