11:47:13.806 [JavaFX Application Thread] DEBUG GameApplication      - Logger initialized
11:47:13.812 [JavaFX Application Thread] DEBUG MainWindow           - Creating a JavaFX scene
11:47:13.884 [JavaFX Application Thread] DEBUG MainWindow           - Target settings size: 700.0 x 490.0
11:47:13.884 [JavaFX Application Thread] DEBUG MainWindow           - Scaled scene size:    700.0 x 490.0
11:47:13.884 [JavaFX Application Thread] DEBUG MainWindow           - Scaled ratio: (1.0, 1.0)
11:47:13.889 [JavaFX Application Thread] DEBUG GameApplication      - Starting FXGL
11:47:13.901 [JavaFX Application Thread] INFO  FXGL                 - FXGL-0.5.1 on DESKTOP
11:47:13.901 [JavaFX Application Thread] INFO  FXGL                 - Source code and latest versions at: https://github.com/AlmasB/FXGL
11:47:13.902 [JavaFX Application Thread] INFO  FXGL                 -              Join the FXGL chat at: https://gitter.im/AlmasB/FXGL
11:47:13.907 [JavaFX Application Thread] DEBUG FS                   - Loaded DesktopFSService
11:47:13.908 [JavaFX Application Thread] DEBUG FXGL                 - Loading FXGL system data
11:47:13.915 [JavaFX Application Thread] DEBUG DesktopFSService     - Reading from: system\fxgl.bundle
11:47:13.922 [JavaFX Application Thread] DEBUG Bundle               - Logging bundle: FXGL
11:47:13.923 [JavaFX Application Thread] DEBUG Bundle               - FXGL.offline.timer.version.check=2018-05-24T09:09:49.283
11:47:13.948 [JavaFX Application Thread] DEBUG GameApplication      - FXGL started
11:47:13.948 [JavaFX Application Thread] DEBUG GameApplication      - Logging game settings
Title: Platformer
Version: 
Width: 700
Height: 490
Fullscreen: false
Intro: false
Menus: false
Profiling: false
Single step:false
App Mode: DEVELOPER
Menu Key: ESCAPE
Stage Style: DECORATED
Scene Factory: class com.almasb.fxgl.scene.SceneFactory
Dialog Factory: class com.almasb.fxgl.ui.FXGLDialogFactory
UI Factory: class com.almasb.fxgl.ui.FXGLUIFactory
Notification Service: class com.almasb.fxgl.gameplay.notification.XboxNotificationView
Exception Handler: class com.almasb.fxgl.app.FXGLExceptionHandler
11:47:13.949 [JavaFX Application Thread] DEBUG GameApplication      - Configuring GameApplication
11:47:13.949 [JavaFX Application Thread] DEBUG GameApplication      - Initializing state machine and application states
11:47:13.960 [JavaFX Application Thread] DEBUG AssetLoader          - Loading from disk: /assets/ui/cursors/fxgl_default.png
11:47:13.979 [JavaFX Application Thread] DEBUG AssetLoader          - Loading from disk: /assets/ui/cursors/fxgl_default.png
11:47:13.997 [JavaFX Application Thread] DEBUG FXGLAssets           - Loading FXGLAssets
11:47:14.021 [JavaFX Application Thread] DEBUG AssetLoader          - Loading from disk: /assets/ui/fonts/VarelaRound-Regular.ttf
11:47:14.145 [JavaFX Application Thread] DEBUG AssetLoader          - Loading from disk: /assets/ui/fonts/lucida_console.ttf
11:47:14.153 [JavaFX Application Thread] DEBUG AssetLoader          - Loading from disk: /assets/ui/css/fxgl_dark.css
11:47:14.177 [JavaFX Application Thread] DEBUG AssetLoader          - Loading from disk: /assets/ui/cursors/fxgl_default.png
11:47:14.201 [JavaFX Application Thread] DEBUG AssetLoader          - Loading from disk: /assets/ui/cursors/fxgl_default.png
11:47:14.214 [JavaFX Application Thread] DEBUG GameScene            - Game scene initialized: 700x490
11:47:14.216 [JavaFX Application Thread] DEBUG GameWorld            - Game world initialized
11:47:14.255 [JavaFX Application Thread] DEBUG PhysicsWorld         - Physics world initialized: appHeight=490, physics.ppm=50.0
11:47:14.269 [JavaFX Application Thread] DEBUG Input                - Registered new binding: Pause - Esc
11:47:14.283 [JavaFX Application Thread] DEBUG Input                - Clearing active input actions
11:47:14.314 [JavaFX Application Thread] DEBUG AppStateMachine      - StartupState -> StartupState
11:47:14.317 [JavaFX Application Thread] INFO  GameApplication      - Game configuration took:  0.368 sec
11:47:14.319 [JavaFX Application Thread] DEBUG AssetLoader          - Loading from disk: /assets/textures/fxgl_icon.png
11:47:14.332 [JavaFX Application Thread] DEBUG MainWindow           - Opening main window
11:47:14.463 [JavaFX Application Thread] DEBUG MainWindow           - Window border size: (4.0, 26.66668701171875)
11:47:14.463 [JavaFX Application Thread] DEBUG MainWindow           - Scaled size: 700.0 x 490.0
11:47:14.463 [JavaFX Application Thread] DEBUG MainWindow           - Scaled ratio: (1.0, 1.0)
11:47:14.463 [JavaFX Application Thread] DEBUG MainWindow           - Scene size: 700.0 x 490.0
11:47:14.463 [JavaFX Application Thread] DEBUG MainWindow           - Stage size: 704.0 x 516.6666870117188
11:47:14.463 [JavaFX Application Thread] DEBUG GameApplication      - Running preInit()
11:47:14.465 [JavaFX Application Thread] DEBUG Input                - Registered new binding: Screenshot - P
11:47:14.465 [JavaFX Application Thread] DEBUG Input                - Registered new binding: Dev Options - CTRL+0
11:47:14.465 [JavaFX Application Thread] DEBUG Input                - Registered new binding: System info dump - CTRL+9
11:47:14.466 [JavaFX Application Thread] DEBUG Input                - Registered new binding: Restart - CTRL+R
11:47:14.470 [JavaFX Application Thread] DEBUG AssetLoader          - Loading from disk: /assets/textures/Platformer/run_sheet.png
11:47:14.499 [JavaFX Application Thread] DEBUG AssetLoader          - Loading from disk: /assets/textures/Platformer/stand_sheet.png
11:47:14.505 [JavaFX Application Thread] DEBUG Input                - Registered new binding: run_right - Right
11:47:14.505 [JavaFX Application Thread] DEBUG Input                - Registered new binding: run_left - Left
11:47:14.506 [JavaFX Application Thread] DEBUG Input                - Registered new binding: jump - Up
11:47:14.533 [JavaFX Application Thread] DEBUG GameApplication      - Starting main loop
11:47:14.536 [JavaFX Application Thread] DEBUG StartupState         - STARTUP
11:47:14.536 [JavaFX Application Thread] DEBUG GameApplication      - Starting new game
11:47:14.536 [JavaFX Application Thread] DEBUG Input                - Clearing active input actions
11:47:14.541 [JavaFX Application Thread] DEBUG AppStateMachine      - StartupState -> LoadingState
11:47:14.546 [FXGL Background Thread 1 ] DEBUG InitAppTask          - Clearing previous game
11:47:14.546 [FXGL Background Thread 1 ] DEBUG GameWorld            - Clearing game world
11:47:14.546 [FXGL Background Thread 1 ] DEBUG PhysicsWorld         - Clearing physics world
11:47:14.546 [FXGL Background Thread 1 ] DEBUG GameScene            - Clearing game scene
11:47:14.547 [FXGL Background Thread 1 ] DEBUG InitAppTask          - Initializing Game
11:47:14.564 [FXGL Background Thread 1 ] DEBUG AssetLoader          - Loading from disk: /assets/tmx/platformer_map_1.tmx
11:47:14.583 [FXGL Background Thread 1 ] WARN  TMXParser            - TiledMap generated from 1.1.5. Supported version: 1.1.2. Some features may not be parsed fully.
11:47:14.602 [FXGL Background Thread 1 ] DEBUG GameWorld            - Clearing removable entities
11:47:14.602 [FXGL Background Thread 1 ] DEBUG GameWorld            - Setting level from map
11:47:14.622 [FXGL Background Thread 1 ] DEBUG AssetLoader          - Loading from disk: /assets/textures/map_tiles.png
11:47:14.635 [FXGL Background Thread 1 ] DEBUG AssetLoader          - Loading from cache: /assets/textures/map_tiles.png
11:47:14.636 [FXGL Background Thread 1 ] DEBUG AssetLoader          - Loading from cache: /assets/textures/map_tiles.png
11:47:14.636 [FXGL Background Thread 1 ] DEBUG AssetLoader          - Loading from cache: /assets/textures/map_tiles.png
11:47:14.636 [FXGL Background Thread 1 ] DEBUG AssetLoader          - Loading from cache: /assets/textures/map_tiles.png
11:47:14.636 [FXGL Background Thread 1 ] DEBUG AssetLoader          - Loading from cache: /assets/textures/map_tiles.png
11:47:14.636 [FXGL Background Thread 1 ] DEBUG AssetLoader          - Loading from cache: /assets/textures/map_tiles.png
11:47:14.636 [FXGL Background Thread 1 ] DEBUG AssetLoader          - Loading from cache: /assets/textures/map_tiles.png
11:47:14.637 [FXGL Background Thread 1 ] DEBUG AssetLoader          - Loading from cache: /assets/textures/map_tiles.png
11:47:14.637 [FXGL Background Thread 1 ] DEBUG AssetLoader          - Loading from cache: /assets/textures/map_tiles.png
11:47:14.637 [FXGL Background Thread 1 ] DEBUG AssetLoader          - Loading from cache: /assets/textures/map_tiles.png
11:47:14.637 [FXGL Background Thread 1 ] DEBUG AssetLoader          - Loading from cache: /assets/textures/map_tiles.png
11:47:14.637 [FXGL Background Thread 1 ] DEBUG AssetLoader          - Loading from cache: /assets/textures/map_tiles.png
11:47:14.637 [FXGL Background Thread 1 ] DEBUG AssetLoader          - Loading from cache: /assets/textures/map_tiles.png
11:47:14.637 [FXGL Background Thread 1 ] DEBUG AssetLoader          - Loading from cache: /assets/textures/map_tiles.png
11:47:14.637 [FXGL Background Thread 1 ] DEBUG AssetLoader          - Loading from cache: /assets/textures/map_tiles.png
11:47:14.637 [FXGL Background Thread 1 ] DEBUG AssetLoader          - Loading from cache: /assets/textures/map_tiles.png
11:47:14.637 [FXGL Background Thread 1 ] DEBUG AssetLoader          - Loading from cache: /assets/textures/map_tiles.png
11:47:14.638 [FXGL Background Thread 1 ] DEBUG AssetLoader          - Loading from cache: /assets/textures/map_tiles.png
11:47:14.638 [FXGL Background Thread 1 ] DEBUG AssetLoader          - Loading from cache: /assets/textures/map_tiles.png
11:47:14.638 [FXGL Background Thread 1 ] DEBUG AssetLoader          - Loading from cache: /assets/textures/map_tiles.png
11:47:14.638 [FXGL Background Thread 1 ] DEBUG AssetLoader          - Loading from cache: /assets/textures/map_tiles.png
11:47:14.638 [FXGL Background Thread 1 ] DEBUG AssetLoader          - Loading from cache: /assets/textures/map_tiles.png
11:47:14.638 [FXGL Background Thread 1 ] DEBUG AssetLoader          - Loading from cache: /assets/textures/map_tiles.png
11:47:14.638 [FXGL Background Thread 1 ] DEBUG AssetLoader          - Loading from cache: /assets/textures/map_tiles.png
11:47:14.638 [FXGL Background Thread 1 ] DEBUG AssetLoader          - Loading from cache: /assets/textures/map_tiles.png
11:47:14.639 [FXGL Background Thread 1 ] DEBUG AssetLoader          - Loading from cache: /assets/textures/map_tiles.png
11:47:14.639 [FXGL Background Thread 1 ] DEBUG AssetLoader          - Loading from cache: /assets/textures/map_tiles.png
11:47:14.639 [FXGL Background Thread 1 ] DEBUG AssetLoader          - Loading from cache: /assets/textures/map_tiles.png
11:47:14.639 [FXGL Background Thread 1 ] DEBUG AssetLoader          - Loading from cache: /assets/textures/map_tiles.png
11:47:14.639 [FXGL Background Thread 1 ] DEBUG AssetLoader          - Loading from cache: /assets/textures/map_tiles.png
11:47:14.639 [FXGL Background Thread 1 ] DEBUG AssetLoader          - Loading from cache: /assets/textures/map_tiles.png
11:47:14.639 [FXGL Background Thread 1 ] DEBUG AssetLoader          - Loading from cache: /assets/textures/map_tiles.png
11:47:14.639 [FXGL Background Thread 1 ] DEBUG AssetLoader          - Loading from cache: /assets/textures/map_tiles.png
11:47:14.640 [FXGL Background Thread 1 ] DEBUG AssetLoader          - Loading from cache: /assets/textures/map_tiles.png
11:47:14.640 [FXGL Background Thread 1 ] DEBUG AssetLoader          - Loading from cache: /assets/textures/map_tiles.png
11:47:14.640 [FXGL Background Thread 1 ] DEBUG AssetLoader          - Loading from cache: /assets/textures/map_tiles.png
11:47:14.640 [FXGL Background Thread 1 ] DEBUG AssetLoader          - Loading from cache: /assets/textures/map_tiles.png
11:47:14.640 [FXGL Background Thread 1 ] DEBUG AssetLoader          - Loading from cache: /assets/textures/map_tiles.png
11:47:14.640 [FXGL Background Thread 1 ] DEBUG AssetLoader          - Loading from cache: /assets/textures/map_tiles.png
11:47:14.640 [FXGL Background Thread 1 ] DEBUG AssetLoader          - Loading from cache: /assets/textures/map_tiles.png
11:47:14.640 [FXGL Background Thread 1 ] DEBUG AssetLoader          - Loading from cache: /assets/textures/map_tiles.png
11:47:14.640 [FXGL Background Thread 1 ] DEBUG AssetLoader          - Loading from cache: /assets/textures/map_tiles.png
11:47:14.641 [FXGL Background Thread 1 ] DEBUG AssetLoader          - Loading from cache: /assets/textures/map_tiles.png
11:47:14.641 [FXGL Background Thread 1 ] DEBUG AssetLoader          - Loading from cache: /assets/textures/map_tiles.png
11:47:14.641 [FXGL Background Thread 1 ] DEBUG AssetLoader          - Loading from cache: /assets/textures/map_tiles.png
11:47:14.641 [FXGL Background Thread 1 ] DEBUG AssetLoader          - Loading from cache: /assets/textures/map_tiles.png
11:47:14.641 [FXGL Background Thread 1 ] DEBUG AssetLoader          - Loading from cache: /assets/textures/map_tiles.png
11:47:14.641 [FXGL Background Thread 1 ] DEBUG AssetLoader          - Loading from cache: /assets/textures/map_tiles.png
11:47:14.641 [FXGL Background Thread 1 ] DEBUG AssetLoader          - Loading from cache: /assets/textures/map_tiles.png
11:47:14.641 [FXGL Background Thread 1 ] DEBUG AssetLoader          - Loading from cache: /assets/textures/map_tiles.png
11:47:14.642 [FXGL Background Thread 1 ] DEBUG AssetLoader          - Loading from cache: /assets/textures/map_tiles.png
11:47:14.642 [FXGL Background Thread 1 ] DEBUG AssetLoader          - Loading from cache: /assets/textures/map_tiles.png
11:47:14.642 [FXGL Background Thread 1 ] DEBUG AssetLoader          - Loading from cache: /assets/textures/map_tiles.png
11:47:14.642 [FXGL Background Thread 1 ] DEBUG AssetLoader          - Loading from cache: /assets/textures/map_tiles.png
11:47:14.642 [FXGL Background Thread 1 ] DEBUG AssetLoader          - Loading from cache: /assets/textures/map_tiles.png
11:47:14.642 [FXGL Background Thread 1 ] DEBUG AssetLoader          - Loading from cache: /assets/textures/map_tiles.png
11:47:14.642 [FXGL Background Thread 1 ] DEBUG AssetLoader          - Loading from cache: /assets/textures/map_tiles.png
11:47:14.642 [FXGL Background Thread 1 ] DEBUG AssetLoader          - Loading from cache: /assets/textures/map_tiles.png
11:47:14.642 [FXGL Background Thread 1 ] DEBUG AssetLoader          - Loading from cache: /assets/textures/map_tiles.png
11:47:14.643 [FXGL Background Thread 1 ] DEBUG AssetLoader          - Loading from cache: /assets/textures/map_tiles.png
11:47:14.643 [FXGL Background Thread 1 ] DEBUG AssetLoader          - Loading from cache: /assets/textures/map_tiles.png
11:47:14.643 [FXGL Background Thread 1 ] DEBUG AssetLoader          - Loading from cache: /assets/textures/map_tiles.png
11:47:14.645 [FXGL Background Thread 1 ] DEBUG GameScene            - Creating render group for layer: BACKGROUND(1000)
11:47:14.687 [FXGL Background Thread 1 ] DEBUG GameScene            - Creating render group for layer: DEFAULT(100000)
11:47:14.705 [FXGL Background Thread 1 ] DEBUG AssetLoader          - Loading from cache: /assets/textures/Platformer/stand_sheet.png
11:47:14.706 [FXGL Background Thread 1 ] DEBUG AssetLoader          - Loading from disk: /assets/textures/Platformer/jump-fall.png
11:47:14.709 [FXGL Background Thread 1 ] DEBUG AssetLoader          - Loading from disk: /assets/textures/Platformer/jump-up.png
11:47:14.714 [FXGL Background Thread 1 ] DEBUG InitAppTask          - Initializing Physics
11:47:14.714 [FXGL Background Thread 1 ] DEBUG InitAppTask          - Initializing UI
11:47:14.714 [FXGL Background Thread 1 ] DEBUG InitAppTask          - Initialization Complete
11:47:14.714 [FXGL Background Thread 1 ] INFO  InitAppTask          - Game initialization took: 0.169 sec
11:47:14.719 [JavaFX Application Thread] DEBUG Input                - Clearing active input actions
11:47:14.725 [JavaFX Application Thread] DEBUG AppStateMachine      - LoadingState -> PlayState
11:47:26.140 [JavaFX Application Thread] DEBUG GameApplication      - Exiting game application
11:47:26.141 [JavaFX Application Thread] DEBUG GameApplication      - Shutting down background threads
11:47:26.141 [JavaFX Application Thread] DEBUG GameApplication      - Exiting FXGL
11:47:26.142 [JavaFX Application Thread] DEBUG FXGL                 - Saving FXGL system data
11:47:26.144 [JavaFX Application Thread] DEBUG DesktopFSService     - Writing to: system\fxgl.bundle
11:47:26.147 [JavaFX Application Thread] DEBUG GameApplication      - Closing logger and exiting JavaFX
