19:45:49.655 [JavaFX Application Thread] DEBUG GameApplication      - Logger initialized
19:45:49.662 [JavaFX Application Thread] DEBUG MainWindow           - Creating a JavaFX scene
19:45:49.743 [JavaFX Application Thread] DEBUG MainWindow           - Target settings size: 800.0 x 470.0
19:45:49.743 [JavaFX Application Thread] DEBUG MainWindow           - Scaled scene size:    800.0 x 470.0
19:45:49.743 [JavaFX Application Thread] DEBUG MainWindow           - Scaled ratio: (1.0, 1.0)
19:45:49.749 [JavaFX Application Thread] DEBUG GameApplication      - Starting FXGL
19:45:49.763 [JavaFX Application Thread] INFO  FXGL                 - FXGL-0.5.1 on DESKTOP
19:45:49.763 [JavaFX Application Thread] INFO  FXGL                 - Source code and latest versions at: https://github.com/AlmasB/FXGL
19:45:49.763 [JavaFX Application Thread] INFO  FXGL                 -              Join the FXGL chat at: https://gitter.im/AlmasB/FXGL
19:45:49.769 [JavaFX Application Thread] DEBUG FS                   - Loaded DesktopFSService
19:45:49.770 [JavaFX Application Thread] DEBUG FXGL                 - Loading FXGL system data
19:45:49.778 [JavaFX Application Thread] DEBUG DesktopFSService     - Reading from: system\fxgl.bundle
19:45:49.785 [JavaFX Application Thread] DEBUG Bundle               - Logging bundle: FXGL
19:45:49.786 [JavaFX Application Thread] DEBUG Bundle               - FXGL.offline.timer.version.check=2018-05-16T18:22:51.838
19:45:49.820 [JavaFX Application Thread] DEBUG GameApplication      - FXGL started
19:45:49.820 [JavaFX Application Thread] DEBUG GameApplication      - Logging game settings
Title: Frogger
Version: 0.2.0
Width: 800
Height: 470
Fullscreen: false
Intro: false
Menus: false
Profiling: false
Single step:false
App Mode: DEVELOPER
Menu Key: ESCAPE
Stage Style: DECORATED
Scene Factory: class com.almasb.fxgl.scene.SceneFactory
Dialog Factory: class com.almasb.fxgl.ui.FXGLDialogFactory
UI Factory: class com.almasb.fxgl.ui.FXGLUIFactory
Notification Service: class com.almasb.fxgl.gameplay.notification.XboxNotificationView
Exception Handler: class com.almasb.fxgl.app.FXGLExceptionHandler
19:45:49.821 [JavaFX Application Thread] DEBUG GameApplication      - Configuring GameApplication
19:45:49.821 [JavaFX Application Thread] DEBUG GameApplication      - Initializing state machine and application states
19:45:49.838 [JavaFX Application Thread] DEBUG AssetLoader          - Loading from disk: /assets/ui/cursors/fxgl_default.png
19:45:49.862 [JavaFX Application Thread] DEBUG AssetLoader          - Loading from disk: /assets/ui/cursors/fxgl_default.png
19:45:49.880 [JavaFX Application Thread] DEBUG FXGLAssets           - Loading FXGLAssets
19:45:49.904 [JavaFX Application Thread] DEBUG AssetLoader          - Loading from disk: /assets/ui/fonts/VarelaRound-Regular.ttf
19:45:50.049 [JavaFX Application Thread] DEBUG AssetLoader          - Loading from disk: /assets/ui/fonts/lucida_console.ttf
19:45:50.058 [JavaFX Application Thread] DEBUG AssetLoader          - Loading from disk: /assets/ui/css/fxgl_dark.css
19:45:50.080 [JavaFX Application Thread] DEBUG AssetLoader          - Loading from disk: /assets/ui/cursors/fxgl_default.png
19:45:50.105 [JavaFX Application Thread] DEBUG AssetLoader          - Loading from disk: /assets/ui/cursors/fxgl_default.png
19:45:50.118 [JavaFX Application Thread] DEBUG GameScene            - Game scene initialized: 800x470
19:45:50.121 [JavaFX Application Thread] DEBUG GameWorld            - Game world initialized
19:45:50.157 [JavaFX Application Thread] DEBUG PhysicsWorld         - Physics world initialized: appHeight=470, physics.ppm=50.0
19:45:50.172 [JavaFX Application Thread] DEBUG Input                - Registered new binding: Pause - Esc
19:45:50.186 [JavaFX Application Thread] DEBUG Input                - Clearing active input actions
19:45:50.217 [JavaFX Application Thread] DEBUG AppStateMachine      - StartupState -> StartupState
19:45:50.222 [JavaFX Application Thread] INFO  GameApplication      - Game configuration took:  0.400 sec
19:45:50.223 [JavaFX Application Thread] DEBUG AssetLoader          - Loading from disk: /assets/textures/fxgl_icon.png
19:45:50.232 [JavaFX Application Thread] DEBUG MainWindow           - Opening main window
19:45:50.396 [JavaFX Application Thread] DEBUG MainWindow           - Window border size: (4.0, 26.666656494140625)
19:45:50.397 [JavaFX Application Thread] DEBUG MainWindow           - Scaled size: 800.0 x 470.0
19:45:50.397 [JavaFX Application Thread] DEBUG MainWindow           - Scaled ratio: (1.0, 1.0)
19:45:50.397 [JavaFX Application Thread] DEBUG MainWindow           - Scene size: 800.0 x 470.0
19:45:50.397 [JavaFX Application Thread] DEBUG MainWindow           - Stage size: 804.0 x 496.6666564941406
19:45:50.398 [JavaFX Application Thread] DEBUG GameApplication      - Running preInit()
19:45:50.399 [JavaFX Application Thread] DEBUG Input                - Registered new binding: Screenshot - P
19:45:50.399 [JavaFX Application Thread] DEBUG Input                - Registered new binding: Dev Options - CTRL+0
19:45:50.400 [JavaFX Application Thread] DEBUG Input                - Registered new binding: System info dump - CTRL+9
19:45:50.400 [JavaFX Application Thread] DEBUG Input                - Registered new binding: Restart - CTRL+R
19:45:50.401 [JavaFX Application Thread] DEBUG Input                - Registered new binding: up - W
19:45:50.401 [JavaFX Application Thread] DEBUG Input                - Registered new binding: down - S
19:45:50.401 [JavaFX Application Thread] DEBUG Input                - Registered new binding: left - A
19:45:50.401 [JavaFX Application Thread] DEBUG Input                - Registered new binding: right - D
19:45:50.430 [JavaFX Application Thread] DEBUG GameApplication      - Starting main loop
19:45:50.432 [JavaFX Application Thread] DEBUG StartupState         - STARTUP
19:45:50.432 [JavaFX Application Thread] DEBUG GameApplication      - Starting new game
19:45:50.432 [JavaFX Application Thread] DEBUG Input                - Clearing active input actions
19:45:50.440 [JavaFX Application Thread] DEBUG AppStateMachine      - StartupState -> LoadingState
19:45:50.445 [FXGL Background Thread 1 ] DEBUG InitAppTask          - Clearing previous game
19:45:50.445 [FXGL Background Thread 1 ] DEBUG GameWorld            - Clearing game world
19:45:50.445 [FXGL Background Thread 1 ] DEBUG PhysicsWorld         - Clearing physics world
19:45:50.445 [FXGL Background Thread 1 ] DEBUG GameScene            - Clearing game scene
19:45:50.446 [FXGL Background Thread 1 ] DEBUG InitAppTask          - Initializing Game
19:45:50.493 [FXGL Background Thread 1 ] DEBUG AssetLoader          - Loading from disk: /assets/textures/Frogger/frog_idle.png
19:45:50.503 [FXGL Background Thread 1 ] DEBUG GameScene            - Creating render group for layer: DEFAULT(100000)
19:45:50.507 [FXGL Background Thread 1 ] DEBUG AssetLoader          - Loading from disk: /assets/textures/Frogger/half_log.png
19:45:50.513 [FXGL Background Thread 1 ] DEBUG AssetLoader          - Loading from disk: /assets/textures/Frogger/full_log.png
19:45:50.515 [FXGL Background Thread 1 ] DEBUG AssetLoader          - Loading from disk: /assets/textures/Frogger/rotating_log.png
19:45:50.522 [FXGL Background Thread 1 ] DEBUG InitAppTask          - Initializing Physics
19:45:50.523 [FXGL Background Thread 1 ] DEBUG InitAppTask          - Initializing UI
19:45:50.523 [FXGL Background Thread 1 ] DEBUG AssetLoader          - Loading from disk: /assets/textures/Frogger/background.jpg
19:45:50.530 [FXGL Background Thread 1 ] DEBUG InitAppTask          - Initialization Complete
19:45:50.530 [FXGL Background Thread 1 ] INFO  InitAppTask          - Game initialization took: 0.085 sec
19:45:50.532 [JavaFX Application Thread] DEBUG Input                - Clearing active input actions
19:45:50.539 [JavaFX Application Thread] DEBUG AppStateMachine      - LoadingState -> PlayState
19:45:51.410 [JavaFX Application Thread] DEBUG AssetLoader          - Loading from disk: /assets/textures/Frogger/green_car.png
19:45:51.411 [JavaFX Application Thread] DEBUG GameScene            - Creating render group for layer: TOP(2147483647)
19:45:51.412 [JavaFX Application Thread] DEBUG AssetLoader          - Loading from disk: /assets/textures/Frogger/purple_car.png
19:45:52.322 [JavaFX Application Thread] DEBUG AssetLoader          - Loading from cache: /assets/textures/Frogger/green_car.png
19:45:52.323 [JavaFX Application Thread] DEBUG AssetLoader          - Loading from cache: /assets/textures/Frogger/purple_car.png
19:45:53.248 [JavaFX Application Thread] DEBUG AssetLoader          - Loading from disk: /assets/textures/Frogger/orange_car.png
19:45:53.250 [JavaFX Application Thread] DEBUG AssetLoader          - Loading from disk: /assets/textures/Frogger/blue_car.png
19:45:54.162 [JavaFX Application Thread] DEBUG AssetLoader          - Loading from cache: /assets/textures/Frogger/green_car.png
19:45:54.163 [JavaFX Application Thread] DEBUG AssetLoader          - Loading from cache: /assets/textures/Frogger/purple_car.png
19:45:54.163 [JavaFX Application Thread] DEBUG AssetLoader          - Loading from cache: /assets/textures/Frogger/full_log.png
19:45:54.164 [JavaFX Application Thread] DEBUG AssetLoader          - Loading from cache: /assets/textures/Frogger/half_log.png
19:45:55.073 [JavaFX Application Thread] DEBUG AssetLoader          - Loading from cache: /assets/textures/Frogger/purple_car.png
19:45:55.074 [JavaFX Application Thread] DEBUG AssetLoader          - Loading from cache: /assets/textures/Frogger/purple_car.png
19:45:55.986 [JavaFX Application Thread] DEBUG AssetLoader          - Loading from cache: /assets/textures/Frogger/green_car.png
19:45:55.987 [JavaFX Application Thread] DEBUG AssetLoader          - Loading from cache: /assets/textures/Frogger/purple_car.png
19:45:56.913 [JavaFX Application Thread] DEBUG AssetLoader          - Loading from cache: /assets/textures/Frogger/blue_car.png
19:45:56.914 [JavaFX Application Thread] DEBUG AssetLoader          - Loading from cache: /assets/textures/Frogger/purple_car.png
19:45:56.915 [JavaFX Application Thread] DEBUG AssetLoader          - Loading from cache: /assets/textures/Frogger/half_log.png
19:45:56.916 [JavaFX Application Thread] DEBUG AssetLoader          - Loading from cache: /assets/textures/Frogger/full_log.png
19:45:57.825 [JavaFX Application Thread] DEBUG AssetLoader          - Loading from cache: /assets/textures/Frogger/orange_car.png
19:45:57.826 [JavaFX Application Thread] DEBUG AssetLoader          - Loading from cache: /assets/textures/Frogger/orange_car.png
19:45:58.721 [JavaFX Application Thread] DEBUG AssetLoader          - Loading from cache: /assets/textures/Frogger/orange_car.png
19:45:58.722 [JavaFX Application Thread] DEBUG AssetLoader          - Loading from disk: /assets/textures/Frogger/red_car.png
19:45:59.618 [JavaFX Application Thread] DEBUG AssetLoader          - Loading from cache: /assets/textures/Frogger/green_car.png
19:45:59.619 [JavaFX Application Thread] DEBUG AssetLoader          - Loading from cache: /assets/textures/Frogger/purple_car.png
19:46:00.529 [JavaFX Application Thread] DEBUG AssetLoader          - Loading from cache: /assets/textures/Frogger/blue_car.png
19:46:00.530 [JavaFX Application Thread] DEBUG AssetLoader          - Loading from cache: /assets/textures/Frogger/red_car.png
19:46:00.531 [JavaFX Application Thread] DEBUG AssetLoader          - Loading from cache: /assets/textures/Frogger/full_log.png
19:46:00.533 [JavaFX Application Thread] DEBUG AssetLoader          - Loading from cache: /assets/textures/Frogger/half_log.png
19:46:01.226 [JavaFX Application Thread] DEBUG GameApplication      - Exiting game application
19:46:01.227 [JavaFX Application Thread] DEBUG GameApplication      - Shutting down background threads
19:46:01.228 [JavaFX Application Thread] DEBUG GameApplication      - Exiting FXGL
19:46:01.228 [JavaFX Application Thread] DEBUG FXGL                 - Saving FXGL system data
19:46:01.230 [JavaFX Application Thread] DEBUG DesktopFSService     - Writing to: system\fxgl.bundle
19:46:01.233 [JavaFX Application Thread] DEBUG GameApplication      - Closing logger and exiting JavaFX
