10:28:40.648 [JavaFX Application Thread] DEBUG GameApplication      - Logger initialized
10:28:40.654 [JavaFX Application Thread] DEBUG MainWindow           - Creating a JavaFX scene
10:28:40.734 [JavaFX Application Thread] DEBUG MainWindow           - Target settings size: 800.0 x 470.0
10:28:40.734 [JavaFX Application Thread] DEBUG MainWindow           - Scaled scene size:    800.0 x 470.0
10:28:40.735 [JavaFX Application Thread] DEBUG MainWindow           - Scaled ratio: (1.0, 1.0)
10:28:40.740 [JavaFX Application Thread] DEBUG GameApplication      - Starting FXGL
10:28:40.750 [JavaFX Application Thread] INFO  FXGL                 - FXGL-0.5.1 on DESKTOP
10:28:40.750 [JavaFX Application Thread] INFO  FXGL                 - Source code and latest versions at: https://github.com/AlmasB/FXGL
10:28:40.751 [JavaFX Application Thread] INFO  FXGL                 -              Join the FXGL chat at: https://gitter.im/AlmasB/FXGL
10:28:40.756 [JavaFX Application Thread] DEBUG FS                   - Loaded DesktopFSService
10:28:40.757 [JavaFX Application Thread] DEBUG FXGL                 - Loading FXGL system data
10:28:40.764 [JavaFX Application Thread] DEBUG DesktopFSService     - Reading from: system\fxgl.bundle
10:28:40.772 [JavaFX Application Thread] DEBUG Bundle               - Logging bundle: FXGL
10:28:40.773 [JavaFX Application Thread] DEBUG Bundle               - FXGL.offline.timer.version.check=2018-05-24T09:09:49.283
10:28:40.799 [JavaFX Application Thread] DEBUG GameApplication      - FXGL started
10:28:40.800 [JavaFX Application Thread] DEBUG GameApplication      - Logging game settings
Title: Frogger
Version: 0.2.0
Width: 800
Height: 470
Fullscreen: false
Intro: false
Menus: false
Profiling: false
Single step:false
App Mode: DEVELOPER
Menu Key: ESCAPE
Stage Style: DECORATED
Scene Factory: class com.almasb.fxgl.scene.SceneFactory
Dialog Factory: class com.almasb.fxgl.ui.FXGLDialogFactory
UI Factory: class com.almasb.fxgl.ui.FXGLUIFactory
Notification Service: class com.almasb.fxgl.gameplay.notification.XboxNotificationView
Exception Handler: class com.almasb.fxgl.app.FXGLExceptionHandler
10:28:40.800 [JavaFX Application Thread] DEBUG GameApplication      - Configuring GameApplication
10:28:40.801 [JavaFX Application Thread] DEBUG GameApplication      - Initializing state machine and application states
10:28:40.811 [JavaFX Application Thread] DEBUG AssetLoader          - Loading from disk: /assets/ui/cursors/fxgl_default.png
10:28:40.828 [JavaFX Application Thread] DEBUG AssetLoader          - Loading from disk: /assets/ui/cursors/fxgl_default.png
10:28:40.845 [JavaFX Application Thread] DEBUG FXGLAssets           - Loading FXGLAssets
10:28:40.869 [JavaFX Application Thread] DEBUG AssetLoader          - Loading from disk: /assets/ui/fonts/VarelaRound-Regular.ttf
10:28:40.988 [JavaFX Application Thread] DEBUG AssetLoader          - Loading from disk: /assets/ui/fonts/lucida_console.ttf
10:28:40.997 [JavaFX Application Thread] DEBUG AssetLoader          - Loading from disk: /assets/ui/css/fxgl_dark.css
10:28:41.020 [JavaFX Application Thread] DEBUG AssetLoader          - Loading from disk: /assets/ui/cursors/fxgl_default.png
10:28:41.044 [JavaFX Application Thread] DEBUG AssetLoader          - Loading from disk: /assets/ui/cursors/fxgl_default.png
10:28:41.058 [JavaFX Application Thread] DEBUG GameScene            - Game scene initialized: 800x470
10:28:41.060 [JavaFX Application Thread] DEBUG GameWorld            - Game world initialized
10:28:41.096 [JavaFX Application Thread] DEBUG PhysicsWorld         - Physics world initialized: appHeight=470, physics.ppm=50.0
10:28:41.111 [JavaFX Application Thread] DEBUG Input                - Registered new binding: Pause - Esc
10:28:41.125 [JavaFX Application Thread] DEBUG Input                - Clearing active input actions
10:28:41.156 [JavaFX Application Thread] DEBUG AppStateMachine      - StartupState -> StartupState
10:28:41.160 [JavaFX Application Thread] INFO  GameApplication      - Game configuration took:  0.359 sec
10:28:41.161 [JavaFX Application Thread] DEBUG AssetLoader          - Loading from disk: /assets/textures/fxgl_icon.png
10:28:41.172 [JavaFX Application Thread] DEBUG MainWindow           - Opening main window
10:28:41.304 [JavaFX Application Thread] DEBUG MainWindow           - Window border size: (4.0, 26.666656494140625)
10:28:41.304 [JavaFX Application Thread] DEBUG MainWindow           - Scaled size: 800.0 x 470.0
10:28:41.305 [JavaFX Application Thread] DEBUG MainWindow           - Scaled ratio: (1.0, 1.0)
10:28:41.305 [JavaFX Application Thread] DEBUG MainWindow           - Scene size: 800.0 x 470.0
10:28:41.305 [JavaFX Application Thread] DEBUG MainWindow           - Stage size: 804.0 x 496.6666564941406
10:28:41.305 [JavaFX Application Thread] DEBUG GameApplication      - Running preInit()
10:28:41.306 [JavaFX Application Thread] DEBUG Input                - Registered new binding: Screenshot - P
10:28:41.307 [JavaFX Application Thread] DEBUG Input                - Registered new binding: Dev Options - CTRL+0
10:28:41.307 [JavaFX Application Thread] DEBUG Input                - Registered new binding: System info dump - CTRL+9
10:28:41.307 [JavaFX Application Thread] DEBUG Input                - Registered new binding: Restart - CTRL+R
10:28:41.308 [JavaFX Application Thread] DEBUG Input                - Registered new binding: up - W
10:28:41.308 [JavaFX Application Thread] DEBUG Input                - Registered new binding: down - S
10:28:41.308 [JavaFX Application Thread] DEBUG Input                - Registered new binding: left - A
10:28:41.308 [JavaFX Application Thread] DEBUG Input                - Registered new binding: right - D
10:28:41.308 [JavaFX Application Thread] DEBUG Input                - Registered new binding: testd - Space
10:28:41.335 [JavaFX Application Thread] DEBUG GameApplication      - Starting main loop
10:28:41.336 [JavaFX Application Thread] DEBUG StartupState         - STARTUP
10:28:41.336 [JavaFX Application Thread] DEBUG GameApplication      - Starting new game
10:28:41.336 [JavaFX Application Thread] DEBUG Input                - Clearing active input actions
10:28:41.343 [JavaFX Application Thread] DEBUG AppStateMachine      - StartupState -> LoadingState
10:28:41.346 [FXGL Background Thread 1 ] DEBUG InitAppTask          - Clearing previous game
10:28:41.347 [FXGL Background Thread 1 ] DEBUG GameWorld            - Clearing game world
10:28:41.347 [FXGL Background Thread 1 ] DEBUG PhysicsWorld         - Clearing physics world
10:28:41.347 [FXGL Background Thread 1 ] DEBUG GameScene            - Clearing game scene
10:28:41.348 [FXGL Background Thread 1 ] DEBUG InitAppTask          - Initializing Game
10:28:41.367 [FXGL Background Thread 1 ] DEBUG AssetLoader          - Loading from disk: /assets/textures/Frogger/splatting_frog.png
10:28:41.402 [FXGL Background Thread 1 ] DEBUG AssetLoader          - Loading from disk: /assets/textures/Frogger/frog_idle.png
10:28:41.411 [FXGL Background Thread 1 ] DEBUG GameScene            - Creating render group for layer: TOP(2147483647)
10:28:41.417 [FXGL Background Thread 1 ] DEBUG AssetLoader          - Loading from disk: /assets/textures/Frogger/full_log.png
10:28:41.422 [FXGL Background Thread 1 ] DEBUG GameScene            - Creating render group for layer: DEFAULT(100000)
10:28:41.423 [FXGL Background Thread 1 ] DEBUG AssetLoader          - Loading from disk: /assets/textures/Frogger/half_log.png
10:28:41.425 [FXGL Background Thread 1 ] DEBUG AssetLoader          - Loading from cache: /assets/textures/Frogger/half_log.png
10:28:41.426 [FXGL Background Thread 1 ] DEBUG AssetLoader          - Loading from disk: /assets/textures/Frogger/rotating_log.png
10:28:41.428 [FXGL Background Thread 1 ] DEBUG InitAppTask          - Initializing Physics
10:28:41.429 [FXGL Background Thread 1 ] DEBUG InitAppTask          - Initializing UI
10:28:41.429 [FXGL Background Thread 1 ] DEBUG AssetLoader          - Loading from disk: /assets/textures/Frogger/background.jpg
10:28:41.511 [FXGL Background Thread 1 ] DEBUG InitAppTask          - Initialization Complete
10:28:41.512 [FXGL Background Thread 1 ] INFO  InitAppTask          - Game initialization took: 0.165 sec
10:28:41.525 [JavaFX Application Thread] DEBUG Input                - Clearing active input actions
10:28:41.531 [JavaFX Application Thread] DEBUG AppStateMachine      - LoadingState -> PlayState
10:28:42.406 [JavaFX Application Thread] DEBUG AssetLoader          - Loading from disk: /assets/textures/Frogger/green_car.png
10:28:42.408 [JavaFX Application Thread] DEBUG AssetLoader          - Loading from disk: /assets/textures/Frogger/red_car.png
10:28:43.317 [JavaFX Application Thread] DEBUG AssetLoader          - Loading from cache: /assets/textures/Frogger/red_car.png
10:28:43.319 [JavaFX Application Thread] DEBUG AssetLoader          - Loading from disk: /assets/textures/Frogger/blue_car.png
10:28:44.245 [JavaFX Application Thread] DEBUG AssetLoader          - Loading from cache: /assets/textures/Frogger/green_car.png
10:28:44.246 [JavaFX Application Thread] DEBUG AssetLoader          - Loading from cache: /assets/textures/Frogger/blue_car.png
10:28:45.157 [JavaFX Application Thread] DEBUG AssetLoader          - Loading from cache: /assets/textures/Frogger/green_car.png
10:28:45.158 [JavaFX Application Thread] DEBUG AssetLoader          - Loading from cache: /assets/textures/Frogger/blue_car.png
10:28:45.452 [JavaFX Application Thread] DEBUG GameApplication      - Exiting game application
10:28:45.453 [JavaFX Application Thread] DEBUG GameApplication      - Shutting down background threads
10:28:45.453 [JavaFX Application Thread] DEBUG GameApplication      - Exiting FXGL
10:28:45.453 [JavaFX Application Thread] DEBUG FXGL                 - Saving FXGL system data
10:28:45.455 [JavaFX Application Thread] DEBUG DesktopFSService     - Writing to: system\fxgl.bundle
10:28:45.458 [JavaFX Application Thread] DEBUG GameApplication      - Closing logger and exiting JavaFX
