09:58:58.321 [JavaFX Application Thread] DEBUG GameApplication      - Logger initialized
09:58:58.327 [JavaFX Application Thread] DEBUG MainWindow           - Creating a JavaFX scene
09:58:58.397 [JavaFX Application Thread] DEBUG MainWindow           - Target settings size: 800.0 x 470.0
09:58:58.397 [JavaFX Application Thread] DEBUG MainWindow           - Scaled scene size:    800.0 x 470.0
09:58:58.397 [JavaFX Application Thread] DEBUG MainWindow           - Scaled ratio: (1.0, 1.0)
09:58:58.402 [JavaFX Application Thread] DEBUG GameApplication      - Starting FXGL
09:58:58.414 [JavaFX Application Thread] INFO  FXGL                 - FXGL-0.5.1 on DESKTOP
09:58:58.414 [JavaFX Application Thread] INFO  FXGL                 - Source code and latest versions at: https://github.com/AlmasB/FXGL
09:58:58.415 [JavaFX Application Thread] INFO  FXGL                 -              Join the FXGL chat at: https://gitter.im/AlmasB/FXGL
09:58:58.420 [JavaFX Application Thread] DEBUG FS                   - Loaded DesktopFSService
09:58:58.421 [JavaFX Application Thread] DEBUG FXGL                 - Loading FXGL system data
09:58:58.427 [JavaFX Application Thread] DEBUG DesktopFSService     - Reading from: system\fxgl.bundle
09:58:58.435 [JavaFX Application Thread] DEBUG Bundle               - Logging bundle: FXGL
09:58:58.435 [JavaFX Application Thread] DEBUG Bundle               - FXGL.offline.timer.version.check=2018-05-24T09:09:49.283
09:58:58.459 [JavaFX Application Thread] DEBUG GameApplication      - FXGL started
09:58:58.459 [JavaFX Application Thread] DEBUG GameApplication      - Logging game settings
Title: Frogger
Version: 0.2.0
Width: 800
Height: 470
Fullscreen: false
Intro: false
Menus: false
Profiling: false
Single step:false
App Mode: DEVELOPER
Menu Key: ESCAPE
Stage Style: DECORATED
Scene Factory: class com.almasb.fxgl.scene.SceneFactory
Dialog Factory: class com.almasb.fxgl.ui.FXGLDialogFactory
UI Factory: class com.almasb.fxgl.ui.FXGLUIFactory
Notification Service: class com.almasb.fxgl.gameplay.notification.XboxNotificationView
Exception Handler: class com.almasb.fxgl.app.FXGLExceptionHandler
09:58:58.460 [JavaFX Application Thread] DEBUG GameApplication      - Configuring GameApplication
09:58:58.460 [JavaFX Application Thread] DEBUG GameApplication      - Initializing state machine and application states
09:58:58.470 [JavaFX Application Thread] DEBUG AssetLoader          - Loading from disk: /assets/ui/cursors/fxgl_default.png
09:58:58.488 [JavaFX Application Thread] DEBUG AssetLoader          - Loading from disk: /assets/ui/cursors/fxgl_default.png
09:58:58.505 [JavaFX Application Thread] DEBUG FXGLAssets           - Loading FXGLAssets
09:58:58.528 [JavaFX Application Thread] DEBUG AssetLoader          - Loading from disk: /assets/ui/fonts/VarelaRound-Regular.ttf
09:58:58.644 [JavaFX Application Thread] DEBUG AssetLoader          - Loading from disk: /assets/ui/fonts/lucida_console.ttf
09:58:58.653 [JavaFX Application Thread] DEBUG AssetLoader          - Loading from disk: /assets/ui/css/fxgl_dark.css
09:58:58.675 [JavaFX Application Thread] DEBUG AssetLoader          - Loading from disk: /assets/ui/cursors/fxgl_default.png
09:58:58.700 [JavaFX Application Thread] DEBUG AssetLoader          - Loading from disk: /assets/ui/cursors/fxgl_default.png
09:58:58.713 [JavaFX Application Thread] DEBUG GameScene            - Game scene initialized: 800x470
09:58:58.715 [JavaFX Application Thread] DEBUG GameWorld            - Game world initialized
09:58:58.754 [JavaFX Application Thread] DEBUG PhysicsWorld         - Physics world initialized: appHeight=470, physics.ppm=50.0
09:58:58.768 [JavaFX Application Thread] DEBUG Input                - Registered new binding: Pause - Esc
09:58:58.781 [JavaFX Application Thread] DEBUG Input                - Clearing active input actions
09:58:58.810 [JavaFX Application Thread] DEBUG AppStateMachine      - StartupState -> StartupState
09:58:58.813 [JavaFX Application Thread] INFO  GameApplication      - Game configuration took:  0.353 sec
09:58:58.815 [JavaFX Application Thread] DEBUG AssetLoader          - Loading from disk: /assets/textures/fxgl_icon.png
09:58:58.825 [JavaFX Application Thread] DEBUG MainWindow           - Opening main window
09:58:58.951 [JavaFX Application Thread] DEBUG MainWindow           - Window border size: (4.0, 26.666656494140625)
09:58:58.951 [JavaFX Application Thread] DEBUG MainWindow           - Scaled size: 800.0 x 470.0
09:58:58.951 [JavaFX Application Thread] DEBUG MainWindow           - Scaled ratio: (1.0, 1.0)
09:58:58.951 [JavaFX Application Thread] DEBUG MainWindow           - Scene size: 800.0 x 470.0
09:58:58.951 [JavaFX Application Thread] DEBUG MainWindow           - Stage size: 804.0 x 496.6666564941406
09:58:58.951 [JavaFX Application Thread] DEBUG GameApplication      - Running preInit()
09:58:58.953 [JavaFX Application Thread] DEBUG Input                - Registered new binding: Screenshot - P
09:58:58.953 [JavaFX Application Thread] DEBUG Input                - Registered new binding: Dev Options - CTRL+0
09:58:58.954 [JavaFX Application Thread] DEBUG Input                - Registered new binding: System info dump - CTRL+9
09:58:58.954 [JavaFX Application Thread] DEBUG Input                - Registered new binding: Restart - CTRL+R
09:58:58.954 [JavaFX Application Thread] DEBUG Input                - Registered new binding: up - W
09:58:58.954 [JavaFX Application Thread] DEBUG Input                - Registered new binding: down - S
09:58:58.954 [JavaFX Application Thread] DEBUG Input                - Registered new binding: left - A
09:58:58.955 [JavaFX Application Thread] DEBUG Input                - Registered new binding: right - D
09:58:58.955 [JavaFX Application Thread] DEBUG Input                - Registered new binding: testd - Space
09:58:58.982 [JavaFX Application Thread] DEBUG GameApplication      - Starting main loop
09:58:58.983 [JavaFX Application Thread] DEBUG StartupState         - STARTUP
09:58:58.983 [JavaFX Application Thread] DEBUG GameApplication      - Starting new game
09:58:58.983 [JavaFX Application Thread] DEBUG Input                - Clearing active input actions
09:58:58.989 [JavaFX Application Thread] DEBUG AppStateMachine      - StartupState -> LoadingState
09:58:58.995 [FXGL Background Thread 1 ] DEBUG InitAppTask          - Clearing previous game
09:58:58.995 [FXGL Background Thread 1 ] DEBUG GameWorld            - Clearing game world
09:58:58.995 [FXGL Background Thread 1 ] DEBUG PhysicsWorld         - Clearing physics world
09:58:58.995 [FXGL Background Thread 1 ] DEBUG GameScene            - Clearing game scene
09:58:58.996 [FXGL Background Thread 1 ] DEBUG InitAppTask          - Initializing Game
09:58:59.014 [FXGL Background Thread 1 ] DEBUG AssetLoader          - Loading from disk: /assets/textures/Frogger/splatting_frog.png
09:58:59.048 [FXGL Background Thread 1 ] DEBUG AssetLoader          - Loading from disk: /assets/textures/Frogger/frog_idle.png
09:58:59.055 [FXGL Background Thread 1 ] DEBUG GameScene            - Creating render group for layer: TOP(2147483647)
09:58:59.059 [FXGL Background Thread 1 ] DEBUG AssetLoader          - Loading from disk: /assets/textures/Frogger/full_log.png
09:58:59.066 [FXGL Background Thread 1 ] DEBUG GameScene            - Creating render group for layer: DEFAULT(100000)
09:58:59.068 [FXGL Background Thread 1 ] DEBUG AssetLoader          - Loading from cache: /assets/textures/Frogger/full_log.png
09:58:59.068 [FXGL Background Thread 1 ] DEBUG AssetLoader          - Loading from disk: /assets/textures/Frogger/half_log.png
09:58:59.070 [FXGL Background Thread 1 ] DEBUG AssetLoader          - Loading from disk: /assets/textures/Frogger/rotating_log.png
09:58:59.072 [FXGL Background Thread 1 ] DEBUG InitAppTask          - Initializing Physics
09:58:59.073 [FXGL Background Thread 1 ] DEBUG InitAppTask          - Initializing UI
09:58:59.073 [FXGL Background Thread 1 ] DEBUG AssetLoader          - Loading from disk: /assets/textures/Frogger/background.jpg
09:58:59.081 [FXGL Background Thread 1 ] DEBUG InitAppTask          - Initialization Complete
09:58:59.081 [FXGL Background Thread 1 ] INFO  InitAppTask          - Game initialization took: 0.086 sec
09:58:59.083 [JavaFX Application Thread] DEBUG Input                - Clearing active input actions
09:58:59.088 [JavaFX Application Thread] DEBUG AppStateMachine      - LoadingState -> PlayState
09:58:59.594 [JavaFX Application Thread] DEBUG Input                - Mocking key release: W
09:58:59.594 [JavaFX Application Thread] DEBUG AssetLoader          - Loading from disk: /assets/textures/Frogger/frog_jump.png
09:58:59.851 [JavaFX Application Thread] DEBUG AssetLoader          - Loading from cache: /assets/textures/Frogger/frog_idle.png
09:58:59.963 [JavaFX Application Thread] DEBUG AssetLoader          - Loading from disk: /assets/textures/Frogger/green_car.png
09:58:59.964 [JavaFX Application Thread] DEBUG AssetLoader          - Loading from disk: /assets/textures/Frogger/purple_car.png
09:59:00.424 [JavaFX Application Thread] DEBUG Input                - Mocking key release: W
09:59:00.424 [JavaFX Application Thread] DEBUG AssetLoader          - Loading from cache: /assets/textures/Frogger/frog_jump.png
09:59:00.558 [JavaFX Application Thread] DEBUG Input                - Mocking key release: W
09:59:00.558 [JavaFX Application Thread] DEBUG AssetLoader          - Loading from cache: /assets/textures/Frogger/frog_jump.png
09:59:00.683 [JavaFX Application Thread] DEBUG AssetLoader          - Loading from cache: /assets/textures/Frogger/frog_idle.png
09:59:00.708 [JavaFX Application Thread] DEBUG Input                - Mocking key release: W
09:59:00.709 [JavaFX Application Thread] DEBUG AssetLoader          - Loading from cache: /assets/textures/Frogger/frog_jump.png
09:59:00.810 [JavaFX Application Thread] DEBUG AssetLoader          - Loading from cache: /assets/textures/Frogger/frog_idle.png
09:59:00.875 [JavaFX Application Thread] DEBUG Input                - Mocking key release: W
09:59:00.875 [JavaFX Application Thread] DEBUG AssetLoader          - Loading from cache: /assets/textures/Frogger/frog_jump.png
09:59:00.877 [JavaFX Application Thread] DEBUG AssetLoader          - Loading from disk: /assets/textures/Frogger/orange_car.png
09:59:00.879 [JavaFX Application Thread] DEBUG AssetLoader          - Loading from disk: /assets/textures/Frogger/red_car.png
09:59:00.971 [JavaFX Application Thread] DEBUG AssetLoader          - Loading from cache: /assets/textures/Frogger/frog_idle.png
09:59:01.033 [JavaFX Application Thread] DEBUG Input                - Mocking key release: W
09:59:01.034 [JavaFX Application Thread] DEBUG AssetLoader          - Loading from cache: /assets/textures/Frogger/frog_jump.png
09:59:01.130 [JavaFX Application Thread] DEBUG AssetLoader          - Loading from cache: /assets/textures/Frogger/frog_idle.png
09:59:01.190 [JavaFX Application Thread] DEBUG Input                - Mocking key release: W
09:59:01.191 [JavaFX Application Thread] DEBUG AssetLoader          - Loading from cache: /assets/textures/Frogger/frog_jump.png
09:59:01.275 [JavaFX Application Thread] DEBUG AssetLoader          - Loading from cache: /assets/textures/Frogger/frog_idle.png
09:59:01.328 [JavaFX Application Thread] DEBUG Input                - Mocking key release: W
09:59:01.329 [JavaFX Application Thread] DEBUG AssetLoader          - Loading from cache: /assets/textures/Frogger/frog_jump.png
09:59:01.451 [JavaFX Application Thread] DEBUG AssetLoader          - Loading from cache: /assets/textures/Frogger/frog_idle.png
09:59:01.540 [JavaFX Application Thread] DEBUG Input                - Mocking key release: W
09:59:01.540 [JavaFX Application Thread] DEBUG AssetLoader          - Loading from cache: /assets/textures/Frogger/frog_jump.png
09:59:01.546 [JavaFX Application Thread] DEBUG AssetLoader          - Loading from disk: /assets/textures/Frogger/sinking_frog.png
09:59:01.562 [JavaFX Application Thread] DEBUG AssetLoader          - Loading from cache: /assets/textures/Frogger/sinking_frog.png
09:59:01.579 [JavaFX Application Thread] DEBUG AssetLoader          - Loading from cache: /assets/textures/Frogger/frog_idle.png
09:59:01.579 [JavaFX Application Thread] DEBUG AssetLoader          - Loading from cache: /assets/textures/Frogger/sinking_frog.png
09:59:01.595 [JavaFX Application Thread] DEBUG AssetLoader          - Loading from cache: /assets/textures/Frogger/sinking_frog.png
09:59:01.611 [JavaFX Application Thread] DEBUG AssetLoader          - Loading from cache: /assets/textures/Frogger/sinking_frog.png
09:59:01.627 [JavaFX Application Thread] DEBUG AssetLoader          - Loading from cache: /assets/textures/Frogger/sinking_frog.png
09:59:01.643 [JavaFX Application Thread] DEBUG AssetLoader          - Loading from cache: /assets/textures/Frogger/sinking_frog.png
09:59:01.659 [JavaFX Application Thread] DEBUG AssetLoader          - Loading from cache: /assets/textures/Frogger/sinking_frog.png
09:59:01.675 [JavaFX Application Thread] DEBUG AssetLoader          - Loading from cache: /assets/textures/Frogger/sinking_frog.png
09:59:01.691 [JavaFX Application Thread] DEBUG AssetLoader          - Loading from cache: /assets/textures/Frogger/sinking_frog.png
09:59:01.723 [JavaFX Application Thread] DEBUG AssetLoader          - Loading from cache: /assets/textures/Frogger/sinking_frog.png
09:59:01.739 [JavaFX Application Thread] DEBUG AssetLoader          - Loading from cache: /assets/textures/Frogger/sinking_frog.png
09:59:01.755 [JavaFX Application Thread] DEBUG AssetLoader          - Loading from cache: /assets/textures/Frogger/sinking_frog.png
09:59:01.771 [JavaFX Application Thread] DEBUG AssetLoader          - Loading from cache: /assets/textures/Frogger/sinking_frog.png
09:59:01.787 [JavaFX Application Thread] DEBUG AssetLoader          - Loading from cache: /assets/textures/Frogger/sinking_frog.png
09:59:01.803 [JavaFX Application Thread] DEBUG AssetLoader          - Loading from cache: /assets/textures/Frogger/orange_car.png
09:59:01.805 [JavaFX Application Thread] DEBUG AssetLoader          - Loading from cache: /assets/textures/Frogger/red_car.png
09:59:01.805 [JavaFX Application Thread] DEBUG AssetLoader          - Loading from cache: /assets/textures/Frogger/frog_idle.png
09:59:01.806 [JavaFX Application Thread] DEBUG AssetLoader          - Loading from cache: /assets/textures/Frogger/sinking_frog.png
09:59:01.819 [JavaFX Application Thread] DEBUG AssetLoader          - Loading from cache: /assets/textures/Frogger/sinking_frog.png
09:59:01.835 [JavaFX Application Thread] DEBUG AssetLoader          - Loading from cache: /assets/textures/Frogger/sinking_frog.png
09:59:01.850 [JavaFX Application Thread] DEBUG AssetLoader          - Loading from cache: /assets/textures/Frogger/sinking_frog.png
09:59:01.867 [JavaFX Application Thread] DEBUG AssetLoader          - Loading from cache: /assets/textures/Frogger/sinking_frog.png
09:59:01.882 [JavaFX Application Thread] DEBUG AssetLoader          - Loading from cache: /assets/textures/Frogger/sinking_frog.png
09:59:01.898 [JavaFX Application Thread] DEBUG AssetLoader          - Loading from cache: /assets/textures/Frogger/sinking_frog.png
09:59:01.914 [JavaFX Application Thread] DEBUG AssetLoader          - Loading from cache: /assets/textures/Frogger/sinking_frog.png
09:59:01.931 [JavaFX Application Thread] DEBUG AssetLoader          - Loading from cache: /assets/textures/Frogger/sinking_frog.png
09:59:01.947 [JavaFX Application Thread] DEBUG AssetLoader          - Loading from cache: /assets/textures/Frogger/sinking_frog.png
09:59:01.963 [JavaFX Application Thread] DEBUG AssetLoader          - Loading from cache: /assets/textures/Frogger/sinking_frog.png
09:59:01.979 [JavaFX Application Thread] DEBUG AssetLoader          - Loading from cache: /assets/textures/Frogger/sinking_frog.png
09:59:01.995 [JavaFX Application Thread] DEBUG AssetLoader          - Loading from cache: /assets/textures/Frogger/sinking_frog.png
09:59:02.011 [JavaFX Application Thread] DEBUG AssetLoader          - Loading from cache: /assets/textures/Frogger/sinking_frog.png
09:59:02.027 [JavaFX Application Thread] DEBUG AssetLoader          - Loading from cache: /assets/textures/Frogger/sinking_frog.png
09:59:02.043 [JavaFX Application Thread] DEBUG AssetLoader          - Loading from cache: /assets/textures/Frogger/sinking_frog.png
09:59:02.060 [JavaFX Application Thread] DEBUG AssetLoader          - Loading from cache: /assets/textures/Frogger/splatting_frog.png
09:59:02.060 [JavaFX Application Thread] DEBUG AssetLoader          - Loading from cache: /assets/textures/Frogger/frog_idle.png
09:59:02.075 [JavaFX Application Thread] DEBUG AssetLoader          - Loading from cache: /assets/textures/Frogger/splatting_frog.png
09:59:02.076 [JavaFX Application Thread] DEBUG AssetLoader          - Loading from cache: /assets/textures/Frogger/frog_idle.png
09:59:02.091 [JavaFX Application Thread] DEBUG AssetLoader          - Loading from cache: /assets/textures/Frogger/splatting_frog.png
09:59:02.092 [JavaFX Application Thread] DEBUG AssetLoader          - Loading from cache: /assets/textures/Frogger/frog_idle.png
09:59:02.123 [JavaFX Application Thread] DEBUG AssetLoader          - Loading from cache: /assets/textures/Frogger/splatting_frog.png
09:59:02.124 [JavaFX Application Thread] DEBUG AssetLoader          - Loading from cache: /assets/textures/Frogger/frog_idle.png
09:59:02.126 [JavaFX Application Thread] FATAL GameApplication      - Uncaught Exception:

Fatal exception occurred: java.lang.NullPointerException : null
E: com.almasb.fxgl.entity.components.ViewComponent.lambda$setAnimatedTexture$0(ViewComponent.java:175)
E: com.almasb.fxgl.texture.AnimatedTexture.onCycleFinished(AnimatedTexture.kt:141)
E: com.almasb.fxgl.texture.AnimatedTexture.onUpdate(AnimatedTexture.kt:123)
E: com.almasb.fxgl.app.State.update(State.java:76)
E: com.almasb.fxgl.app.AppStateMachine.onUpdate(AppStateMachine.java:100)
E: com.almasb.fxgl.app.GameApplication.stepLoop(GameApplication.java:382)
E: com.almasb.fxgl.app.GameApplication$2.handle(GameApplication.java:348)
E: javafx.animation.AnimationTimer$AnimationTimerReceiver.lambda$handle$485(AnimationTimer.java:57)
E: java.security.AccessController.doPrivileged(Native Method)
E: javafx.animation.AnimationTimer$AnimationTimerReceiver.handle(AnimationTimer.java:56)
E: com.sun.scenario.animation.AbstractMasterTimer.timePulseImpl(AbstractMasterTimer.java:357)
E: com.sun.scenario.animation.AbstractMasterTimer$MainLoop.run(AbstractMasterTimer.java:267)
E: com.sun.javafx.tk.quantum.QuantumToolkit.pulse(QuantumToolkit.java:514)
E: com.sun.javafx.tk.quantum.QuantumToolkit.pulse(QuantumToolkit.java:498)
E: com.sun.javafx.tk.quantum.QuantumToolkit.pulseFromQueue(QuantumToolkit.java:491)
E: com.sun.javafx.tk.quantum.QuantumToolkit.lambda$runToolkit$403(QuantumToolkit.java:319)
E: com.sun.glass.ui.InvokeLaterDispatcher$Future.run(InvokeLaterDispatcher.java:95)
E: com.sun.glass.ui.win.WinApplication._runLoop(Native Method)
E: com.sun.glass.ui.win.WinApplication.lambda$null$147(WinApplication.java:177)
E: java.lang.Thread.run(Unknown Source)

09:59:02.126 [JavaFX Application Thread] FATAL GameApplication      - Application will now exit
09:59:02.126 [JavaFX Application Thread] DEBUG GameApplication      - Stopping main loop
09:59:04.119 [JavaFX Application Thread] DEBUG GameApplication      - Exiting game application
09:59:04.119 [JavaFX Application Thread] DEBUG GameApplication      - Shutting down background threads
09:59:04.119 [JavaFX Application Thread] DEBUG GameApplication      - Exiting FXGL
09:59:04.119 [JavaFX Application Thread] DEBUG FXGL                 - Saving FXGL system data
09:59:04.121 [JavaFX Application Thread] DEBUG DesktopFSService     - Writing to: system\fxgl.bundle
09:59:04.125 [JavaFX Application Thread] DEBUG GameApplication      - Closing logger and exiting JavaFX
