10:28:53.078 [JavaFX Application Thread] DEBUG GameApplication      - Logger initialized
10:28:53.084 [JavaFX Application Thread] DEBUG MainWindow           - Creating a JavaFX scene
10:28:53.157 [JavaFX Application Thread] DEBUG MainWindow           - Target settings size: 800.0 x 470.0
10:28:53.157 [JavaFX Application Thread] DEBUG MainWindow           - Scaled scene size:    800.0 x 470.0
10:28:53.157 [JavaFX Application Thread] DEBUG MainWindow           - Scaled ratio: (1.0, 1.0)
10:28:53.162 [JavaFX Application Thread] DEBUG GameApplication      - Starting FXGL
10:28:53.172 [JavaFX Application Thread] INFO  FXGL                 - FXGL-0.5.1 on DESKTOP
10:28:53.172 [JavaFX Application Thread] INFO  FXGL                 - Source code and latest versions at: https://github.com/AlmasB/FXGL
10:28:53.173 [JavaFX Application Thread] INFO  FXGL                 -              Join the FXGL chat at: https://gitter.im/AlmasB/FXGL
10:28:53.178 [JavaFX Application Thread] DEBUG FS                   - Loaded DesktopFSService
10:28:53.178 [JavaFX Application Thread] DEBUG FXGL                 - Loading FXGL system data
10:28:53.185 [JavaFX Application Thread] DEBUG DesktopFSService     - Reading from: system\fxgl.bundle
10:28:53.192 [JavaFX Application Thread] DEBUG Bundle               - Logging bundle: FXGL
10:28:53.192 [JavaFX Application Thread] DEBUG Bundle               - FXGL.offline.timer.version.check=2018-05-24T09:09:49.283
10:28:53.215 [JavaFX Application Thread] DEBUG GameApplication      - FXGL started
10:28:53.215 [JavaFX Application Thread] DEBUG GameApplication      - Logging game settings
Title: Frogger
Version: 0.2.0
Width: 800
Height: 470
Fullscreen: false
Intro: false
Menus: false
Profiling: false
Single step:false
App Mode: DEVELOPER
Menu Key: ESCAPE
Stage Style: DECORATED
Scene Factory: class com.almasb.fxgl.scene.SceneFactory
Dialog Factory: class com.almasb.fxgl.ui.FXGLDialogFactory
UI Factory: class com.almasb.fxgl.ui.FXGLUIFactory
Notification Service: class com.almasb.fxgl.gameplay.notification.XboxNotificationView
Exception Handler: class com.almasb.fxgl.app.FXGLExceptionHandler
10:28:53.216 [JavaFX Application Thread] DEBUG GameApplication      - Configuring GameApplication
10:28:53.216 [JavaFX Application Thread] DEBUG GameApplication      - Initializing state machine and application states
10:28:53.227 [JavaFX Application Thread] DEBUG AssetLoader          - Loading from disk: /assets/ui/cursors/fxgl_default.png
10:28:53.244 [JavaFX Application Thread] DEBUG AssetLoader          - Loading from disk: /assets/ui/cursors/fxgl_default.png
10:28:53.261 [JavaFX Application Thread] DEBUG FXGLAssets           - Loading FXGLAssets
10:28:53.285 [JavaFX Application Thread] DEBUG AssetLoader          - Loading from disk: /assets/ui/fonts/VarelaRound-Regular.ttf
10:28:53.405 [JavaFX Application Thread] DEBUG AssetLoader          - Loading from disk: /assets/ui/fonts/lucida_console.ttf
10:28:53.414 [JavaFX Application Thread] DEBUG AssetLoader          - Loading from disk: /assets/ui/css/fxgl_dark.css
10:28:53.436 [JavaFX Application Thread] DEBUG AssetLoader          - Loading from disk: /assets/ui/cursors/fxgl_default.png
10:28:53.461 [JavaFX Application Thread] DEBUG AssetLoader          - Loading from disk: /assets/ui/cursors/fxgl_default.png
10:28:53.474 [JavaFX Application Thread] DEBUG GameScene            - Game scene initialized: 800x470
10:28:53.476 [JavaFX Application Thread] DEBUG GameWorld            - Game world initialized
10:28:53.513 [JavaFX Application Thread] DEBUG PhysicsWorld         - Physics world initialized: appHeight=470, physics.ppm=50.0
10:28:53.527 [JavaFX Application Thread] DEBUG Input                - Registered new binding: Pause - Esc
10:28:53.540 [JavaFX Application Thread] DEBUG Input                - Clearing active input actions
10:28:53.571 [JavaFX Application Thread] DEBUG AppStateMachine      - StartupState -> StartupState
10:28:53.574 [JavaFX Application Thread] INFO  GameApplication      - Game configuration took:  0.358 sec
10:28:53.576 [JavaFX Application Thread] DEBUG AssetLoader          - Loading from disk: /assets/textures/fxgl_icon.png
10:28:53.585 [JavaFX Application Thread] DEBUG MainWindow           - Opening main window
10:28:53.714 [JavaFX Application Thread] DEBUG MainWindow           - Window border size: (4.0, 26.666656494140625)
10:28:53.714 [JavaFX Application Thread] DEBUG MainWindow           - Scaled size: 800.0 x 470.0
10:28:53.714 [JavaFX Application Thread] DEBUG MainWindow           - Scaled ratio: (1.0, 1.0)
10:28:53.714 [JavaFX Application Thread] DEBUG MainWindow           - Scene size: 800.0 x 470.0
10:28:53.714 [JavaFX Application Thread] DEBUG MainWindow           - Stage size: 804.0 x 496.6666564941406
10:28:53.715 [JavaFX Application Thread] DEBUG GameApplication      - Running preInit()
10:28:53.716 [JavaFX Application Thread] DEBUG Input                - Registered new binding: Screenshot - P
10:28:53.716 [JavaFX Application Thread] DEBUG Input                - Registered new binding: Dev Options - CTRL+0
10:28:53.717 [JavaFX Application Thread] DEBUG Input                - Registered new binding: System info dump - CTRL+9
10:28:53.717 [JavaFX Application Thread] DEBUG Input                - Registered new binding: Restart - CTRL+R
10:28:53.717 [JavaFX Application Thread] DEBUG Input                - Registered new binding: up - W
10:28:53.717 [JavaFX Application Thread] DEBUG Input                - Registered new binding: down - S
10:28:53.717 [JavaFX Application Thread] DEBUG Input                - Registered new binding: left - A
10:28:53.718 [JavaFX Application Thread] DEBUG Input                - Registered new binding: right - D
10:28:53.718 [JavaFX Application Thread] DEBUG Input                - Registered new binding: testd - Space
10:28:53.745 [JavaFX Application Thread] DEBUG GameApplication      - Starting main loop
10:28:53.747 [JavaFX Application Thread] DEBUG StartupState         - STARTUP
10:28:53.747 [JavaFX Application Thread] DEBUG GameApplication      - Starting new game
10:28:53.747 [JavaFX Application Thread] DEBUG Input                - Clearing active input actions
10:28:53.753 [JavaFX Application Thread] DEBUG AppStateMachine      - StartupState -> LoadingState
10:28:53.757 [FXGL Background Thread 1 ] DEBUG InitAppTask          - Clearing previous game
10:28:53.757 [FXGL Background Thread 1 ] DEBUG GameWorld            - Clearing game world
10:28:53.757 [FXGL Background Thread 1 ] DEBUG PhysicsWorld         - Clearing physics world
10:28:53.757 [FXGL Background Thread 1 ] DEBUG GameScene            - Clearing game scene
10:28:53.758 [FXGL Background Thread 1 ] DEBUG InitAppTask          - Initializing Game
10:28:53.778 [FXGL Background Thread 1 ] DEBUG AssetLoader          - Loading from disk: /assets/textures/Frogger/splatting_frog.png
10:28:53.810 [FXGL Background Thread 1 ] DEBUG AssetLoader          - Loading from disk: /assets/textures/Frogger/frog_idle.png
10:28:53.817 [FXGL Background Thread 1 ] DEBUG GameScene            - Creating render group for layer: TOP(2147483647)
10:28:53.820 [FXGL Background Thread 1 ] DEBUG AssetLoader          - Loading from disk: /assets/textures/Frogger/half_log.png
10:28:53.826 [FXGL Background Thread 1 ] DEBUG GameScene            - Creating render group for layer: DEFAULT(100000)
10:28:53.828 [FXGL Background Thread 1 ] DEBUG AssetLoader          - Loading from disk: /assets/textures/Frogger/full_log.png
10:28:53.830 [FXGL Background Thread 1 ] DEBUG AssetLoader          - Loading from cache: /assets/textures/Frogger/half_log.png
10:28:53.831 [FXGL Background Thread 1 ] DEBUG AssetLoader          - Loading from disk: /assets/textures/Frogger/rotating_log.png
10:28:53.833 [FXGL Background Thread 1 ] DEBUG InitAppTask          - Initializing Physics
10:28:53.834 [FXGL Background Thread 1 ] DEBUG InitAppTask          - Initializing UI
10:28:53.834 [FXGL Background Thread 1 ] DEBUG AssetLoader          - Loading from disk: /assets/textures/Frogger/background.jpg
10:28:53.854 [FXGL Background Thread 1 ] DEBUG InitAppTask          - Initialization Complete
10:28:53.854 [FXGL Background Thread 1 ] INFO  InitAppTask          - Game initialization took: 0.097 sec
10:28:53.860 [JavaFX Application Thread] DEBUG Input                - Clearing active input actions
10:28:53.866 [JavaFX Application Thread] DEBUG AppStateMachine      - LoadingState -> PlayState
10:28:54.756 [JavaFX Application Thread] DEBUG AssetLoader          - Loading from disk: /assets/textures/Frogger/red_car.png
10:28:54.757 [JavaFX Application Thread] DEBUG AssetLoader          - Loading from disk: /assets/textures/Frogger/green_car.png
10:28:55.668 [JavaFX Application Thread] DEBUG AssetLoader          - Loading from disk: /assets/textures/Frogger/blue_car.png
10:28:55.670 [JavaFX Application Thread] DEBUG AssetLoader          - Loading from cache: /assets/textures/Frogger/blue_car.png
10:28:56.579 [JavaFX Application Thread] DEBUG AssetLoader          - Loading from disk: /assets/textures/Frogger/purple_car.png
10:28:56.581 [JavaFX Application Thread] DEBUG AssetLoader          - Loading from cache: /assets/textures/Frogger/blue_car.png
10:28:57.493 [JavaFX Application Thread] DEBUG AssetLoader          - Loading from cache: /assets/textures/Frogger/purple_car.png
10:28:57.494 [JavaFX Application Thread] DEBUG AssetLoader          - Loading from cache: /assets/textures/Frogger/green_car.png
10:28:57.495 [JavaFX Application Thread] DEBUG AssetLoader          - Loading from cache: /assets/textures/Frogger/full_log.png
10:28:57.496 [JavaFX Application Thread] DEBUG AssetLoader          - Loading from cache: /assets/textures/Frogger/full_log.png
10:28:58.419 [JavaFX Application Thread] DEBUG AssetLoader          - Loading from cache: /assets/textures/Frogger/green_car.png
10:28:58.420 [JavaFX Application Thread] DEBUG AssetLoader          - Loading from cache: /assets/textures/Frogger/purple_car.png
10:28:59.333 [JavaFX Application Thread] DEBUG AssetLoader          - Loading from cache: /assets/textures/Frogger/green_car.png
10:28:59.334 [JavaFX Application Thread] DEBUG AssetLoader          - Loading from cache: /assets/textures/Frogger/green_car.png
10:29:00.244 [JavaFX Application Thread] DEBUG AssetLoader          - Loading from disk: /assets/textures/Frogger/orange_car.png
10:29:00.246 [JavaFX Application Thread] DEBUG AssetLoader          - Loading from cache: /assets/textures/Frogger/blue_car.png
10:29:01.171 [JavaFX Application Thread] DEBUG AssetLoader          - Loading from cache: /assets/textures/Frogger/blue_car.png
10:29:01.172 [JavaFX Application Thread] DEBUG AssetLoader          - Loading from cache: /assets/textures/Frogger/purple_car.png
10:29:02.068 [JavaFX Application Thread] DEBUG AssetLoader          - Loading from cache: /assets/textures/Frogger/blue_car.png
10:29:02.070 [JavaFX Application Thread] DEBUG AssetLoader          - Loading from cache: /assets/textures/Frogger/blue_car.png
10:29:02.070 [JavaFX Application Thread] DEBUG AssetLoader          - Loading from cache: /assets/textures/Frogger/full_log.png
10:29:02.072 [JavaFX Application Thread] DEBUG AssetLoader          - Loading from cache: /assets/textures/Frogger/full_log.png
10:29:02.963 [JavaFX Application Thread] DEBUG AssetLoader          - Loading from cache: /assets/textures/Frogger/purple_car.png
10:29:02.964 [JavaFX Application Thread] DEBUG AssetLoader          - Loading from cache: /assets/textures/Frogger/red_car.png
10:29:03.860 [JavaFX Application Thread] DEBUG AssetLoader          - Loading from cache: /assets/textures/Frogger/orange_car.png
10:29:03.861 [JavaFX Application Thread] DEBUG AssetLoader          - Loading from cache: /assets/textures/Frogger/green_car.png
10:29:04.756 [JavaFX Application Thread] DEBUG AssetLoader          - Loading from cache: /assets/textures/Frogger/orange_car.png
10:29:04.757 [JavaFX Application Thread] DEBUG AssetLoader          - Loading from cache: /assets/textures/Frogger/green_car.png
10:29:05.667 [JavaFX Application Thread] DEBUG AssetLoader          - Loading from cache: /assets/textures/Frogger/green_car.png
10:29:05.668 [JavaFX Application Thread] DEBUG AssetLoader          - Loading from cache: /assets/textures/Frogger/green_car.png
10:29:06.410 [JavaFX Application Thread] DEBUG GameApplication      - Exiting game application
10:29:06.410 [JavaFX Application Thread] DEBUG GameApplication      - Shutting down background threads
10:29:06.411 [JavaFX Application Thread] DEBUG GameApplication      - Exiting FXGL
10:29:06.411 [JavaFX Application Thread] DEBUG FXGL                 - Saving FXGL system data
10:29:06.412 [JavaFX Application Thread] DEBUG DesktopFSService     - Writing to: system\fxgl.bundle
10:29:06.415 [JavaFX Application Thread] DEBUG GameApplication      - Closing logger and exiting JavaFX
