14:33:41.250 [JavaFX Application Thread] DEBUG GameApplication      - Logger initialized
14:33:41.255 [JavaFX Application Thread] DEBUG MainWindow           - Creating a JavaFX scene
14:33:41.324 [JavaFX Application Thread] DEBUG MainWindow           - Target settings size: 800.0 x 400.0
14:33:41.324 [JavaFX Application Thread] DEBUG MainWindow           - Scaled scene size:    800.0 x 400.0
14:33:41.324 [JavaFX Application Thread] DEBUG MainWindow           - Scaled ratio: (1.0, 1.0)
14:33:41.329 [JavaFX Application Thread] DEBUG GameApplication      - Starting FXGL
14:33:41.339 [JavaFX Application Thread] INFO  FXGL                 - FXGL-0.5.1 on DESKTOP
14:33:41.339 [JavaFX Application Thread] INFO  FXGL                 - Source code and latest versions at: https://github.com/AlmasB/FXGL
14:33:41.339 [JavaFX Application Thread] INFO  FXGL                 -              Join the FXGL chat at: https://gitter.im/AlmasB/FXGL
14:33:41.344 [JavaFX Application Thread] DEBUG FS                   - Loaded DesktopFSService
14:33:41.345 [JavaFX Application Thread] DEBUG FXGL                 - Loading FXGL system data
14:33:41.352 [JavaFX Application Thread] DEBUG DesktopFSService     - Reading from: system\fxgl.bundle
14:33:41.358 [JavaFX Application Thread] DEBUG Bundle               - Logging bundle: FXGL
14:33:41.359 [JavaFX Application Thread] DEBUG Bundle               - FXGL.offline.timer.version.check=2018-05-16T18:22:51.838
14:33:41.380 [JavaFX Application Thread] DEBUG GameApplication      - FXGL started
14:33:41.380 [JavaFX Application Thread] DEBUG GameApplication      - Logging game settings
Title: FlappyBird
Version: 0.2.0
Width: 800
Height: 400
Fullscreen: false
Intro: false
Menus: false
Profiling: false
Single step:false
App Mode: RELEASE
Menu Key: ESCAPE
Stage Style: DECORATED
Scene Factory: class com.almasb.fxgl.scene.SceneFactory
Dialog Factory: class com.almasb.fxgl.ui.FXGLDialogFactory
UI Factory: class com.almasb.fxgl.ui.FXGLUIFactory
Notification Service: class com.almasb.fxgl.gameplay.notification.XboxNotificationView
Exception Handler: class com.almasb.fxgl.app.FXGLExceptionHandler
14:33:41.381 [JavaFX Application Thread] DEBUG GameApplication      - Configuring GameApplication
14:33:41.381 [JavaFX Application Thread] DEBUG GameApplication      - Initializing state machine and application states
14:33:41.391 [JavaFX Application Thread] DEBUG AssetLoader          - Loading from disk: /assets/ui/cursors/fxgl_default.png
14:33:41.407 [JavaFX Application Thread] DEBUG AssetLoader          - Loading from disk: /assets/ui/cursors/fxgl_default.png
14:33:41.423 [JavaFX Application Thread] DEBUG FXGLAssets           - Loading FXGLAssets
14:33:41.447 [JavaFX Application Thread] DEBUG AssetLoader          - Loading from disk: /assets/ui/fonts/VarelaRound-Regular.ttf
14:33:41.565 [JavaFX Application Thread] DEBUG AssetLoader          - Loading from disk: /assets/ui/fonts/lucida_console.ttf
14:33:41.573 [JavaFX Application Thread] DEBUG AssetLoader          - Loading from disk: /assets/ui/css/fxgl_dark.css
14:33:41.597 [JavaFX Application Thread] DEBUG AssetLoader          - Loading from disk: /assets/ui/cursors/fxgl_default.png
14:33:41.621 [JavaFX Application Thread] DEBUG AssetLoader          - Loading from disk: /assets/ui/cursors/fxgl_default.png
14:33:41.634 [JavaFX Application Thread] DEBUG GameScene            - Game scene initialized: 800x400
14:33:41.636 [JavaFX Application Thread] DEBUG GameWorld            - Game world initialized
14:33:41.673 [JavaFX Application Thread] DEBUG PhysicsWorld         - Physics world initialized: appHeight=400, physics.ppm=50.0
14:33:41.688 [JavaFX Application Thread] DEBUG Input                - Registered new binding: Pause - Esc
14:33:41.702 [JavaFX Application Thread] DEBUG Input                - Clearing active input actions
14:33:41.737 [JavaFX Application Thread] DEBUG AppStateMachine      - StartupState -> StartupState
14:33:41.740 [JavaFX Application Thread] INFO  GameApplication      - Game configuration took:  0.359 sec
14:33:41.742 [JavaFX Application Thread] DEBUG AssetLoader          - Loading from disk: /assets/textures/fxgl_icon.png
14:33:41.754 [JavaFX Application Thread] DEBUG MainWindow           - Opening main window
14:33:41.882 [JavaFX Application Thread] DEBUG MainWindow           - Window border size: (4.0, 26.666656494140625)
14:33:41.882 [JavaFX Application Thread] DEBUG MainWindow           - Scaled size: 800.0 x 400.0
14:33:41.882 [JavaFX Application Thread] DEBUG MainWindow           - Scaled ratio: (1.0, 1.0)
14:33:41.882 [JavaFX Application Thread] DEBUG MainWindow           - Scene size: 800.0 x 400.0
14:33:41.882 [JavaFX Application Thread] DEBUG MainWindow           - Stage size: 804.0 x 426.6666564941406
14:33:41.882 [JavaFX Application Thread] DEBUG GameApplication      - Running preInit()
14:33:41.884 [JavaFX Application Thread] DEBUG Input                - Registered new binding: Screenshot - P
14:33:41.884 [JavaFX Application Thread] DEBUG Input                - Registered new binding: Dev Options - CTRL+0
14:33:41.884 [JavaFX Application Thread] DEBUG Input                - Registered new binding: System info dump - CTRL+9
14:33:41.884 [JavaFX Application Thread] DEBUG Input                - Registered new binding: Restart - CTRL+R
14:33:41.885 [JavaFX Application Thread] DEBUG Input                - Registered new binding: flap - LMB
14:33:41.911 [JavaFX Application Thread] DEBUG GameApplication      - Starting main loop
14:33:41.912 [JavaFX Application Thread] DEBUG StartupState         - STARTUP
14:33:41.912 [JavaFX Application Thread] DEBUG GameApplication      - Starting new game
14:33:41.913 [JavaFX Application Thread] DEBUG Input                - Clearing active input actions
14:33:41.918 [JavaFX Application Thread] DEBUG AppStateMachine      - StartupState -> LoadingState
14:33:41.923 [FXGL Background Thread 1 ] DEBUG InitAppTask          - Clearing previous game
14:33:41.923 [FXGL Background Thread 1 ] DEBUG GameWorld            - Clearing game world
14:33:41.923 [FXGL Background Thread 1 ] DEBUG PhysicsWorld         - Clearing physics world
14:33:41.923 [FXGL Background Thread 1 ] DEBUG GameScene            - Clearing game scene
14:33:41.925 [FXGL Background Thread 1 ] DEBUG InitAppTask          - Initializing Game
14:33:41.946 [FXGL Background Thread 1 ] DEBUG AssetLoader          - Loading from disk: /assets/textures/FlappyBird/flappybird_fly_sheet.png
14:33:42.018 [FXGL Background Thread 1 ] DEBUG GameScene            - Creating render group for layer: DEFAULT(100000)
14:33:42.022 [FXGL Background Thread 1 ] DEBUG AssetLoader          - Loading from disk: /assets/textures/FlappyBird/ground.png
14:33:42.026 [FXGL Background Thread 1 ] DEBUG GameScene            - Creating render group for layer: TOP(2147483647)
14:33:42.027 [FXGL Background Thread 1 ] DEBUG AssetLoader          - Loading from cache: /assets/textures/FlappyBird/ground.png
14:33:42.028 [FXGL Background Thread 1 ] DEBUG InitAppTask          - Initializing Physics
14:33:42.028 [FXGL Background Thread 1 ] DEBUG InitAppTask          - Initializing UI
14:33:42.029 [FXGL Background Thread 1 ] DEBUG AssetLoader          - Loading from disk: /assets/textures/FlappyBird/background.png
14:33:42.043 [FXGL Background Thread 1 ] DEBUG InitAppTask          - Initialization Complete
14:33:42.044 [FXGL Background Thread 1 ] INFO  InitAppTask          - Game initialization took: 0.120 sec
14:33:42.048 [JavaFX Application Thread] DEBUG Input                - Clearing active input actions
14:33:42.053 [JavaFX Application Thread] DEBUG AppStateMachine      - LoadingState -> PlayState
14:33:42.350 [JavaFX Application Thread] DEBUG Input                - Mocking key release: Space
14:33:42.474 [JavaFX Application Thread] DEBUG Input                - Mocking key release: Space
14:33:42.589 [JavaFX Application Thread] DEBUG Input                - Mocking key release: Space
14:33:42.688 [JavaFX Application Thread] DEBUG Input                - Mocking key release: Space
14:33:42.799 [JavaFX Application Thread] DEBUG Input                - Mocking key release: Space
14:33:42.906 [JavaFX Application Thread] DEBUG Input                - Mocking key release: Space
14:33:43.025 [JavaFX Application Thread] DEBUG AssetLoader          - Loading from disk: /assets/textures/FlappyBird/top_pipe.png
14:33:43.027 [JavaFX Application Thread] DEBUG AssetLoader          - Loading from disk: /assets/textures/FlappyBird/bottom_pipe.png
14:33:43.029 [JavaFX Application Thread] DEBUG AssetLoader          - Loading from cache: /assets/textures/FlappyBird/ground.png
14:33:43.124 [JavaFX Application Thread] DEBUG Input                - Mocking key release: Space
14:33:43.404 [JavaFX Application Thread] DEBUG Input                - Mocking key release: Space
14:33:43.567 [JavaFX Application Thread] DEBUG Input                - Mocking key release: Space
14:33:44.048 [JavaFX Application Thread] DEBUG AssetLoader          - Loading from cache: /assets/textures/FlappyBird/top_pipe.png
14:33:44.050 [JavaFX Application Thread] DEBUG AssetLoader          - Loading from cache: /assets/textures/FlappyBird/bottom_pipe.png
14:33:44.050 [JavaFX Application Thread] DEBUG AssetLoader          - Loading from cache: /assets/textures/FlappyBird/ground.png
14:33:44.761 [JavaFX Application Thread] DEBUG Input                - Mocking key release: Space
14:33:44.910 [JavaFX Application Thread] DEBUG Input                - Mocking key release: Space
14:33:45.053 [JavaFX Application Thread] DEBUG Input                - Mocking key release: Space
14:33:45.056 [JavaFX Application Thread] DEBUG AssetLoader          - Loading from cache: /assets/textures/FlappyBird/top_pipe.png
14:33:45.057 [JavaFX Application Thread] DEBUG AssetLoader          - Loading from cache: /assets/textures/FlappyBird/bottom_pipe.png
14:33:45.058 [JavaFX Application Thread] DEBUG AssetLoader          - Loading from cache: /assets/textures/FlappyBird/ground.png
14:33:45.487 [JavaFX Application Thread] DEBUG Input                - Mocking key release: Space
14:33:45.609 [JavaFX Application Thread] DEBUG Input                - Mocking key release: Space
14:33:45.737 [JavaFX Application Thread] DEBUG Input                - Mocking key release: Space
14:33:45.837 [JavaFX Application Thread] DEBUG Input                - Mocking key release: Space
14:33:45.921 [JavaFX Application Thread] DEBUG Input                - Mocking key release: Space
14:33:46.021 [JavaFX Application Thread] DEBUG Input                - Mocking key release: Space
14:33:46.080 [JavaFX Application Thread] DEBUG AssetLoader          - Loading from cache: /assets/textures/FlappyBird/top_pipe.png
14:33:46.082 [JavaFX Application Thread] DEBUG AssetLoader          - Loading from cache: /assets/textures/FlappyBird/bottom_pipe.png
14:33:46.082 [JavaFX Application Thread] DEBUG AssetLoader          - Loading from cache: /assets/textures/FlappyBird/ground.png
14:33:46.220 [JavaFX Application Thread] DEBUG Input                - Mocking key release: Space
14:33:47.088 [JavaFX Application Thread] DEBUG AssetLoader          - Loading from cache: /assets/textures/FlappyBird/top_pipe.png
14:33:47.090 [JavaFX Application Thread] DEBUG AssetLoader          - Loading from cache: /assets/textures/FlappyBird/bottom_pipe.png
14:33:47.090 [JavaFX Application Thread] DEBUG AssetLoader          - Loading from cache: /assets/textures/FlappyBird/ground.png
14:33:47.169 [JavaFX Application Thread] DEBUG Input                - Mocking key release: Space
14:33:47.302 [JavaFX Application Thread] DEBUG Input                - Mocking key release: Space
14:33:47.472 [JavaFX Application Thread] DEBUG AssetLoader          - Loading from disk: /assets/textures/FlappyBird/game_over.png
14:33:47.474 [JavaFX Application Thread] DEBUG GameScene            - Creating render group for layer: BACKGROUND(1000)
14:33:48.530 [JavaFX Application Thread] DEBUG GameApplication      - Exiting game application
14:33:48.530 [JavaFX Application Thread] DEBUG GameApplication      - Shutting down background threads
14:33:48.531 [JavaFX Application Thread] DEBUG GameApplication      - Exiting FXGL
14:33:48.531 [JavaFX Application Thread] DEBUG FXGL                 - Saving FXGL system data
14:33:48.533 [JavaFX Application Thread] DEBUG DesktopFSService     - Writing to: system\fxgl.bundle
14:33:48.536 [JavaFX Application Thread] DEBUG GameApplication      - Closing logger and exiting JavaFX
