11:09:31.902 [JavaFX Application Thread] DEBUG GameApplication      - Logger initialized
11:09:31.907 [JavaFX Application Thread] DEBUG MainWindow           - Creating a JavaFX scene
11:09:31.980 [JavaFX Application Thread] DEBUG MainWindow           - Target settings size: 800.0 x 470.0
11:09:31.980 [JavaFX Application Thread] DEBUG MainWindow           - Scaled scene size:    800.0 x 470.0
11:09:31.980 [JavaFX Application Thread] DEBUG MainWindow           - Scaled ratio: (1.0, 1.0)
11:09:31.985 [JavaFX Application Thread] DEBUG GameApplication      - Starting FXGL
11:09:31.995 [JavaFX Application Thread] INFO  FXGL                 - FXGL-0.5.1 on DESKTOP
11:09:31.995 [JavaFX Application Thread] INFO  FXGL                 - Source code and latest versions at: https://github.com/AlmasB/FXGL
11:09:31.996 [JavaFX Application Thread] INFO  FXGL                 -              Join the FXGL chat at: https://gitter.im/AlmasB/FXGL
11:09:32.001 [JavaFX Application Thread] DEBUG FS                   - Loaded DesktopFSService
11:09:32.001 [JavaFX Application Thread] DEBUG FXGL                 - Loading FXGL system data
11:09:32.008 [JavaFX Application Thread] DEBUG DesktopFSService     - Reading from: system\fxgl.bundle
11:09:32.015 [JavaFX Application Thread] DEBUG Bundle               - Logging bundle: FXGL
11:09:32.015 [JavaFX Application Thread] DEBUG Bundle               - FXGL.offline.timer.version.check=2018-05-16T18:22:51.838
11:09:32.038 [JavaFX Application Thread] DEBUG GameApplication      - FXGL started
11:09:32.038 [JavaFX Application Thread] DEBUG GameApplication      - Logging game settings
Title: Frogger
Version: 0.2.0
Width: 800
Height: 470
Fullscreen: false
Intro: false
Menus: false
Profiling: false
Single step:false
App Mode: DEVELOPER
Menu Key: ESCAPE
Stage Style: DECORATED
Scene Factory: class com.almasb.fxgl.scene.SceneFactory
Dialog Factory: class com.almasb.fxgl.ui.FXGLDialogFactory
UI Factory: class com.almasb.fxgl.ui.FXGLUIFactory
Notification Service: class com.almasb.fxgl.gameplay.notification.XboxNotificationView
Exception Handler: class com.almasb.fxgl.app.FXGLExceptionHandler
11:09:32.039 [JavaFX Application Thread] DEBUG GameApplication      - Configuring GameApplication
11:09:32.039 [JavaFX Application Thread] DEBUG GameApplication      - Initializing state machine and application states
11:09:32.049 [JavaFX Application Thread] DEBUG AssetLoader          - Loading from disk: /assets/ui/cursors/fxgl_default.png
11:09:32.068 [JavaFX Application Thread] DEBUG AssetLoader          - Loading from disk: /assets/ui/cursors/fxgl_default.png
11:09:32.084 [JavaFX Application Thread] DEBUG FXGLAssets           - Loading FXGLAssets
11:09:32.109 [JavaFX Application Thread] DEBUG AssetLoader          - Loading from disk: /assets/ui/fonts/VarelaRound-Regular.ttf
11:09:32.241 [JavaFX Application Thread] DEBUG AssetLoader          - Loading from disk: /assets/ui/fonts/lucida_console.ttf
11:09:32.251 [JavaFX Application Thread] DEBUG AssetLoader          - Loading from disk: /assets/ui/css/fxgl_dark.css
11:09:32.274 [JavaFX Application Thread] DEBUG AssetLoader          - Loading from disk: /assets/ui/cursors/fxgl_default.png
11:09:32.297 [JavaFX Application Thread] DEBUG AssetLoader          - Loading from disk: /assets/ui/cursors/fxgl_default.png
11:09:32.310 [JavaFX Application Thread] DEBUG GameScene            - Game scene initialized: 800x470
11:09:32.313 [JavaFX Application Thread] DEBUG GameWorld            - Game world initialized
11:09:32.350 [JavaFX Application Thread] DEBUG PhysicsWorld         - Physics world initialized: appHeight=470, physics.ppm=50.0
11:09:32.365 [JavaFX Application Thread] DEBUG Input                - Registered new binding: Pause - Esc
11:09:32.379 [JavaFX Application Thread] DEBUG Input                - Clearing active input actions
11:09:32.408 [JavaFX Application Thread] DEBUG AppStateMachine      - StartupState -> StartupState
11:09:32.413 [JavaFX Application Thread] INFO  GameApplication      - Game configuration took:  0.374 sec
11:09:32.415 [JavaFX Application Thread] DEBUG AssetLoader          - Loading from disk: /assets/textures/fxgl_icon.png
11:09:32.425 [JavaFX Application Thread] DEBUG MainWindow           - Opening main window
11:09:32.553 [JavaFX Application Thread] DEBUG MainWindow           - Window border size: (4.0, 26.666656494140625)
11:09:32.553 [JavaFX Application Thread] DEBUG MainWindow           - Scaled size: 800.0 x 470.0
11:09:32.554 [JavaFX Application Thread] DEBUG MainWindow           - Scaled ratio: (1.0, 1.0)
11:09:32.554 [JavaFX Application Thread] DEBUG MainWindow           - Scene size: 800.0 x 470.0
11:09:32.554 [JavaFX Application Thread] DEBUG MainWindow           - Stage size: 804.0 x 496.6666564941406
11:09:32.554 [JavaFX Application Thread] DEBUG GameApplication      - Running preInit()
11:09:32.556 [JavaFX Application Thread] DEBUG Input                - Registered new binding: Screenshot - P
11:09:32.556 [JavaFX Application Thread] DEBUG Input                - Registered new binding: Dev Options - CTRL+0
11:09:32.557 [JavaFX Application Thread] DEBUG Input                - Registered new binding: System info dump - CTRL+9
11:09:32.557 [JavaFX Application Thread] DEBUG Input                - Registered new binding: Restart - CTRL+R
11:09:32.557 [JavaFX Application Thread] DEBUG Input                - Registered new binding: up - W
11:09:32.558 [JavaFX Application Thread] DEBUG Input                - Registered new binding: down - S
11:09:32.558 [JavaFX Application Thread] DEBUG Input                - Registered new binding: left - A
11:09:32.559 [JavaFX Application Thread] DEBUG Input                - Registered new binding: right - D
11:09:32.559 [JavaFX Application Thread] DEBUG Input                - Registered new binding: test - Space
11:09:32.586 [JavaFX Application Thread] DEBUG GameApplication      - Starting main loop
11:09:32.587 [JavaFX Application Thread] DEBUG StartupState         - STARTUP
11:09:32.587 [JavaFX Application Thread] DEBUG GameApplication      - Starting new game
11:09:32.587 [JavaFX Application Thread] DEBUG Input                - Clearing active input actions
11:09:32.594 [JavaFX Application Thread] DEBUG AppStateMachine      - StartupState -> LoadingState
11:09:32.598 [FXGL Background Thread 1 ] DEBUG InitAppTask          - Clearing previous game
11:09:32.598 [FXGL Background Thread 1 ] DEBUG GameWorld            - Clearing game world
11:09:32.598 [FXGL Background Thread 1 ] DEBUG PhysicsWorld         - Clearing physics world
11:09:32.598 [FXGL Background Thread 1 ] DEBUG GameScene            - Clearing game scene
11:09:32.599 [FXGL Background Thread 1 ] DEBUG InitAppTask          - Initializing Game
11:09:32.645 [FXGL Background Thread 1 ] DEBUG AssetLoader          - Loading from disk: /assets/textures/Frogger/frog_idle.png
11:09:32.653 [FXGL Background Thread 1 ] DEBUG GameScene            - Creating render group for layer: DEFAULT(100000)
11:09:32.655 [FXGL Background Thread 1 ] DEBUG InitAppTask          - Initializing Physics
11:09:32.655 [FXGL Background Thread 1 ] DEBUG InitAppTask          - Initializing UI
11:09:32.656 [FXGL Background Thread 1 ] DEBUG AssetLoader          - Loading from disk: /assets/textures/Frogger/background.jpg
11:09:32.664 [FXGL Background Thread 1 ] DEBUG InitAppTask          - Initialization Complete
11:09:32.665 [FXGL Background Thread 1 ] INFO  InitAppTask          - Game initialization took: 0.067 sec
11:09:32.668 [JavaFX Application Thread] DEBUG Input                - Clearing active input actions
11:09:32.673 [JavaFX Application Thread] DEBUG AppStateMachine      - LoadingState -> PlayState
11:09:35.032 [JavaFX Application Thread] DEBUG Input                - Mocking key release: Space
11:09:35.033 [JavaFX Application Thread] DEBUG AssetLoader          - Loading from disk: /assets/textures/Frogger/sinking_frog.png
11:09:39.158 [JavaFX Application Thread] DEBUG GameApplication      - Exiting game application
11:09:39.159 [JavaFX Application Thread] DEBUG GameApplication      - Shutting down background threads
11:09:39.159 [JavaFX Application Thread] DEBUG GameApplication      - Exiting FXGL
11:09:39.159 [JavaFX Application Thread] DEBUG FXGL                 - Saving FXGL system data
11:09:39.161 [JavaFX Application Thread] DEBUG DesktopFSService     - Writing to: system\fxgl.bundle
11:09:39.165 [JavaFX Application Thread] DEBUG GameApplication      - Closing logger and exiting JavaFX
