11:46:12.594 [JavaFX Application Thread] DEBUG GameApplication      - Logger initialized
11:46:12.599 [JavaFX Application Thread] DEBUG MainWindow           - Creating a JavaFX scene
11:46:12.675 [JavaFX Application Thread] DEBUG MainWindow           - Target settings size: 700.0 x 490.0
11:46:12.675 [JavaFX Application Thread] DEBUG MainWindow           - Scaled scene size:    700.0 x 490.0
11:46:12.675 [JavaFX Application Thread] DEBUG MainWindow           - Scaled ratio: (1.0, 1.0)
11:46:12.682 [JavaFX Application Thread] DEBUG GameApplication      - Starting FXGL
11:46:12.691 [JavaFX Application Thread] INFO  FXGL                 - FXGL-0.5.1 on DESKTOP
11:46:12.691 [JavaFX Application Thread] INFO  FXGL                 - Source code and latest versions at: https://github.com/AlmasB/FXGL
11:46:12.692 [JavaFX Application Thread] INFO  FXGL                 -              Join the FXGL chat at: https://gitter.im/AlmasB/FXGL
11:46:12.698 [JavaFX Application Thread] DEBUG FS                   - Loaded DesktopFSService
11:46:12.699 [JavaFX Application Thread] DEBUG FXGL                 - Loading FXGL system data
11:46:12.708 [JavaFX Application Thread] DEBUG DesktopFSService     - Reading from: system\fxgl.bundle
11:46:12.717 [JavaFX Application Thread] DEBUG Bundle               - Logging bundle: FXGL
11:46:12.718 [JavaFX Application Thread] DEBUG Bundle               - FXGL.offline.timer.version.check=2018-05-24T09:09:49.283
11:46:12.741 [JavaFX Application Thread] DEBUG GameApplication      - FXGL started
11:46:12.742 [JavaFX Application Thread] DEBUG GameApplication      - Logging game settings
Title: Platformer
Version: 
Width: 700
Height: 490
Fullscreen: false
Intro: false
Menus: false
Profiling: false
Single step:false
App Mode: DEVELOPER
Menu Key: ESCAPE
Stage Style: DECORATED
Scene Factory: class com.almasb.fxgl.scene.SceneFactory
Dialog Factory: class com.almasb.fxgl.ui.FXGLDialogFactory
UI Factory: class com.almasb.fxgl.ui.FXGLUIFactory
Notification Service: class com.almasb.fxgl.gameplay.notification.XboxNotificationView
Exception Handler: class com.almasb.fxgl.app.FXGLExceptionHandler
11:46:12.742 [JavaFX Application Thread] DEBUG GameApplication      - Configuring GameApplication
11:46:12.743 [JavaFX Application Thread] DEBUG GameApplication      - Initializing state machine and application states
11:46:12.755 [JavaFX Application Thread] DEBUG AssetLoader          - Loading from disk: /assets/ui/cursors/fxgl_default.png
11:46:12.772 [JavaFX Application Thread] DEBUG AssetLoader          - Loading from disk: /assets/ui/cursors/fxgl_default.png
11:46:12.791 [JavaFX Application Thread] DEBUG FXGLAssets           - Loading FXGLAssets
11:46:12.815 [JavaFX Application Thread] DEBUG AssetLoader          - Loading from disk: /assets/ui/fonts/VarelaRound-Regular.ttf
11:46:12.938 [JavaFX Application Thread] DEBUG AssetLoader          - Loading from disk: /assets/ui/fonts/lucida_console.ttf
11:46:12.947 [JavaFX Application Thread] DEBUG AssetLoader          - Loading from disk: /assets/ui/css/fxgl_dark.css
11:46:12.969 [JavaFX Application Thread] DEBUG AssetLoader          - Loading from disk: /assets/ui/cursors/fxgl_default.png
11:46:12.995 [JavaFX Application Thread] DEBUG AssetLoader          - Loading from disk: /assets/ui/cursors/fxgl_default.png
11:46:13.008 [JavaFX Application Thread] DEBUG GameScene            - Game scene initialized: 700x490
11:46:13.011 [JavaFX Application Thread] DEBUG GameWorld            - Game world initialized
11:46:13.049 [JavaFX Application Thread] DEBUG PhysicsWorld         - Physics world initialized: appHeight=490, physics.ppm=50.0
11:46:13.064 [JavaFX Application Thread] DEBUG Input                - Registered new binding: Pause - Esc
11:46:13.078 [JavaFX Application Thread] DEBUG Input                - Clearing active input actions
11:46:13.111 [JavaFX Application Thread] DEBUG AppStateMachine      - StartupState -> StartupState
11:46:13.114 [JavaFX Application Thread] INFO  GameApplication      - Game configuration took:  0.371 sec
11:46:13.116 [JavaFX Application Thread] DEBUG AssetLoader          - Loading from disk: /assets/textures/fxgl_icon.png
11:46:13.126 [JavaFX Application Thread] DEBUG MainWindow           - Opening main window
11:46:13.265 [JavaFX Application Thread] DEBUG MainWindow           - Window border size: (4.0, 26.66668701171875)
11:46:13.265 [JavaFX Application Thread] DEBUG MainWindow           - Scaled size: 700.0 x 490.0
11:46:13.265 [JavaFX Application Thread] DEBUG MainWindow           - Scaled ratio: (1.0, 1.0)
11:46:13.265 [JavaFX Application Thread] DEBUG MainWindow           - Scene size: 700.0 x 490.0
11:46:13.265 [JavaFX Application Thread] DEBUG MainWindow           - Stage size: 704.0 x 516.6666870117188
11:46:13.266 [JavaFX Application Thread] DEBUG GameApplication      - Running preInit()
11:46:13.267 [JavaFX Application Thread] DEBUG Input                - Registered new binding: Screenshot - P
11:46:13.267 [JavaFX Application Thread] DEBUG Input                - Registered new binding: Dev Options - CTRL+0
11:46:13.268 [JavaFX Application Thread] DEBUG Input                - Registered new binding: System info dump - CTRL+9
11:46:13.268 [JavaFX Application Thread] DEBUG Input                - Registered new binding: Restart - CTRL+R
11:46:13.271 [JavaFX Application Thread] DEBUG AssetLoader          - Loading from disk: /assets/textures/Platformer/run_sheet.png
11:46:13.302 [JavaFX Application Thread] DEBUG AssetLoader          - Loading from disk: /assets/textures/Platformer/stand_sheet.png
11:46:13.308 [JavaFX Application Thread] DEBUG Input                - Registered new binding: run_right - Right
11:46:13.308 [JavaFX Application Thread] DEBUG Input                - Registered new binding: run_left - Left
11:46:13.308 [JavaFX Application Thread] DEBUG Input                - Registered new binding: jump - Up
11:46:13.335 [JavaFX Application Thread] DEBUG GameApplication      - Starting main loop
11:46:13.337 [JavaFX Application Thread] DEBUG StartupState         - STARTUP
11:46:13.337 [JavaFX Application Thread] DEBUG GameApplication      - Starting new game
11:46:13.337 [JavaFX Application Thread] DEBUG Input                - Clearing active input actions
11:46:13.342 [JavaFX Application Thread] DEBUG AppStateMachine      - StartupState -> LoadingState
11:46:13.347 [FXGL Background Thread 1 ] DEBUG InitAppTask          - Clearing previous game
11:46:13.347 [FXGL Background Thread 1 ] DEBUG GameWorld            - Clearing game world
11:46:13.347 [FXGL Background Thread 1 ] DEBUG PhysicsWorld         - Clearing physics world
11:46:13.347 [FXGL Background Thread 1 ] DEBUG GameScene            - Clearing game scene
11:46:13.348 [FXGL Background Thread 1 ] DEBUG InitAppTask          - Initializing Game
11:46:13.365 [FXGL Background Thread 1 ] DEBUG AssetLoader          - Loading from disk: /assets/tmx/platformer_map_1.tmx
11:46:13.385 [FXGL Background Thread 1 ] WARN  TMXParser            - TiledMap generated from 1.1.5. Supported version: 1.1.2. Some features may not be parsed fully.
11:46:13.403 [FXGL Background Thread 1 ] DEBUG GameWorld            - Clearing removable entities
11:46:13.404 [FXGL Background Thread 1 ] DEBUG GameWorld            - Setting level from map
11:46:13.423 [FXGL Background Thread 1 ] DEBUG AssetLoader          - Loading from disk: /assets/textures/map_tiles.png
11:46:13.436 [FXGL Background Thread 1 ] DEBUG AssetLoader          - Loading from cache: /assets/textures/map_tiles.png
11:46:13.436 [FXGL Background Thread 1 ] DEBUG AssetLoader          - Loading from cache: /assets/textures/map_tiles.png
11:46:13.436 [FXGL Background Thread 1 ] DEBUG AssetLoader          - Loading from cache: /assets/textures/map_tiles.png
11:46:13.436 [FXGL Background Thread 1 ] DEBUG AssetLoader          - Loading from cache: /assets/textures/map_tiles.png
11:46:13.436 [FXGL Background Thread 1 ] DEBUG AssetLoader          - Loading from cache: /assets/textures/map_tiles.png
11:46:13.437 [FXGL Background Thread 1 ] DEBUG AssetLoader          - Loading from cache: /assets/textures/map_tiles.png
11:46:13.437 [FXGL Background Thread 1 ] DEBUG AssetLoader          - Loading from cache: /assets/textures/map_tiles.png
11:46:13.437 [FXGL Background Thread 1 ] DEBUG AssetLoader          - Loading from cache: /assets/textures/map_tiles.png
11:46:13.437 [FXGL Background Thread 1 ] DEBUG AssetLoader          - Loading from cache: /assets/textures/map_tiles.png
11:46:13.437 [FXGL Background Thread 1 ] DEBUG AssetLoader          - Loading from cache: /assets/textures/map_tiles.png
11:46:13.437 [FXGL Background Thread 1 ] DEBUG AssetLoader          - Loading from cache: /assets/textures/map_tiles.png
11:46:13.437 [FXGL Background Thread 1 ] DEBUG AssetLoader          - Loading from cache: /assets/textures/map_tiles.png
11:46:13.437 [FXGL Background Thread 1 ] DEBUG AssetLoader          - Loading from cache: /assets/textures/map_tiles.png
11:46:13.438 [FXGL Background Thread 1 ] DEBUG AssetLoader          - Loading from cache: /assets/textures/map_tiles.png
11:46:13.438 [FXGL Background Thread 1 ] DEBUG AssetLoader          - Loading from cache: /assets/textures/map_tiles.png
11:46:13.438 [FXGL Background Thread 1 ] DEBUG AssetLoader          - Loading from cache: /assets/textures/map_tiles.png
11:46:13.438 [FXGL Background Thread 1 ] DEBUG AssetLoader          - Loading from cache: /assets/textures/map_tiles.png
11:46:13.438 [FXGL Background Thread 1 ] DEBUG AssetLoader          - Loading from cache: /assets/textures/map_tiles.png
11:46:13.438 [FXGL Background Thread 1 ] DEBUG AssetLoader          - Loading from cache: /assets/textures/map_tiles.png
11:46:13.438 [FXGL Background Thread 1 ] DEBUG AssetLoader          - Loading from cache: /assets/textures/map_tiles.png
11:46:13.438 [FXGL Background Thread 1 ] DEBUG AssetLoader          - Loading from cache: /assets/textures/map_tiles.png
11:46:13.438 [FXGL Background Thread 1 ] DEBUG AssetLoader          - Loading from cache: /assets/textures/map_tiles.png
11:46:13.439 [FXGL Background Thread 1 ] DEBUG AssetLoader          - Loading from cache: /assets/textures/map_tiles.png
11:46:13.439 [FXGL Background Thread 1 ] DEBUG AssetLoader          - Loading from cache: /assets/textures/map_tiles.png
11:46:13.439 [FXGL Background Thread 1 ] DEBUG AssetLoader          - Loading from cache: /assets/textures/map_tiles.png
11:46:13.439 [FXGL Background Thread 1 ] DEBUG AssetLoader          - Loading from cache: /assets/textures/map_tiles.png
11:46:13.439 [FXGL Background Thread 1 ] DEBUG AssetLoader          - Loading from cache: /assets/textures/map_tiles.png
11:46:13.439 [FXGL Background Thread 1 ] DEBUG AssetLoader          - Loading from cache: /assets/textures/map_tiles.png
11:46:13.439 [FXGL Background Thread 1 ] DEBUG AssetLoader          - Loading from cache: /assets/textures/map_tiles.png
11:46:13.439 [FXGL Background Thread 1 ] DEBUG AssetLoader          - Loading from cache: /assets/textures/map_tiles.png
11:46:13.439 [FXGL Background Thread 1 ] DEBUG AssetLoader          - Loading from cache: /assets/textures/map_tiles.png
11:46:13.440 [FXGL Background Thread 1 ] DEBUG AssetLoader          - Loading from cache: /assets/textures/map_tiles.png
11:46:13.440 [FXGL Background Thread 1 ] DEBUG AssetLoader          - Loading from cache: /assets/textures/map_tiles.png
11:46:13.440 [FXGL Background Thread 1 ] DEBUG AssetLoader          - Loading from cache: /assets/textures/map_tiles.png
11:46:13.440 [FXGL Background Thread 1 ] DEBUG AssetLoader          - Loading from cache: /assets/textures/map_tiles.png
11:46:13.440 [FXGL Background Thread 1 ] DEBUG AssetLoader          - Loading from cache: /assets/textures/map_tiles.png
11:46:13.440 [FXGL Background Thread 1 ] DEBUG AssetLoader          - Loading from cache: /assets/textures/map_tiles.png
11:46:13.440 [FXGL Background Thread 1 ] DEBUG AssetLoader          - Loading from cache: /assets/textures/map_tiles.png
11:46:13.441 [FXGL Background Thread 1 ] DEBUG AssetLoader          - Loading from cache: /assets/textures/map_tiles.png
11:46:13.441 [FXGL Background Thread 1 ] DEBUG AssetLoader          - Loading from cache: /assets/textures/map_tiles.png
11:46:13.441 [FXGL Background Thread 1 ] DEBUG AssetLoader          - Loading from cache: /assets/textures/map_tiles.png
11:46:13.441 [FXGL Background Thread 1 ] DEBUG AssetLoader          - Loading from cache: /assets/textures/map_tiles.png
11:46:13.441 [FXGL Background Thread 1 ] DEBUG AssetLoader          - Loading from cache: /assets/textures/map_tiles.png
11:46:13.441 [FXGL Background Thread 1 ] DEBUG AssetLoader          - Loading from cache: /assets/textures/map_tiles.png
11:46:13.441 [FXGL Background Thread 1 ] DEBUG AssetLoader          - Loading from cache: /assets/textures/map_tiles.png
11:46:13.441 [FXGL Background Thread 1 ] DEBUG AssetLoader          - Loading from cache: /assets/textures/map_tiles.png
11:46:13.441 [FXGL Background Thread 1 ] DEBUG AssetLoader          - Loading from cache: /assets/textures/map_tiles.png
11:46:13.441 [FXGL Background Thread 1 ] DEBUG AssetLoader          - Loading from cache: /assets/textures/map_tiles.png
11:46:13.442 [FXGL Background Thread 1 ] DEBUG AssetLoader          - Loading from cache: /assets/textures/map_tiles.png
11:46:13.442 [FXGL Background Thread 1 ] DEBUG AssetLoader          - Loading from cache: /assets/textures/map_tiles.png
11:46:13.442 [FXGL Background Thread 1 ] DEBUG AssetLoader          - Loading from cache: /assets/textures/map_tiles.png
11:46:13.442 [FXGL Background Thread 1 ] DEBUG AssetLoader          - Loading from cache: /assets/textures/map_tiles.png
11:46:13.442 [FXGL Background Thread 1 ] DEBUG AssetLoader          - Loading from cache: /assets/textures/map_tiles.png
11:46:13.442 [FXGL Background Thread 1 ] DEBUG AssetLoader          - Loading from cache: /assets/textures/map_tiles.png
11:46:13.442 [FXGL Background Thread 1 ] DEBUG AssetLoader          - Loading from cache: /assets/textures/map_tiles.png
11:46:13.442 [FXGL Background Thread 1 ] DEBUG AssetLoader          - Loading from cache: /assets/textures/map_tiles.png
11:46:13.443 [FXGL Background Thread 1 ] DEBUG AssetLoader          - Loading from cache: /assets/textures/map_tiles.png
11:46:13.443 [FXGL Background Thread 1 ] DEBUG AssetLoader          - Loading from cache: /assets/textures/map_tiles.png
11:46:13.443 [FXGL Background Thread 1 ] DEBUG AssetLoader          - Loading from cache: /assets/textures/map_tiles.png
11:46:13.443 [FXGL Background Thread 1 ] DEBUG AssetLoader          - Loading from cache: /assets/textures/map_tiles.png
11:46:13.443 [FXGL Background Thread 1 ] DEBUG AssetLoader          - Loading from cache: /assets/textures/map_tiles.png
11:46:13.443 [FXGL Background Thread 1 ] DEBUG AssetLoader          - Loading from cache: /assets/textures/map_tiles.png
11:46:13.446 [FXGL Background Thread 1 ] DEBUG GameScene            - Creating render group for layer: BACKGROUND(1000)
11:46:13.486 [FXGL Background Thread 1 ] DEBUG GameScene            - Creating render group for layer: DEFAULT(100000)
11:46:13.504 [FXGL Background Thread 1 ] DEBUG AssetLoader          - Loading from cache: /assets/textures/Platformer/stand_sheet.png
11:46:13.505 [FXGL Background Thread 1 ] DEBUG AssetLoader          - Loading from disk: /assets/textures/Platformer/jump-fall.png
11:46:13.508 [FXGL Background Thread 1 ] DEBUG AssetLoader          - Loading from disk: /assets/textures/Platformer/jump-up.png
11:46:13.513 [FXGL Background Thread 1 ] DEBUG InitAppTask          - Initializing Physics
11:46:13.514 [FXGL Background Thread 1 ] DEBUG InitAppTask          - Initializing UI
11:46:13.514 [FXGL Background Thread 1 ] DEBUG InitAppTask          - Initialization Complete
11:46:13.514 [FXGL Background Thread 1 ] INFO  InitAppTask          - Game initialization took: 0.167 sec
11:46:13.523 [JavaFX Application Thread] DEBUG Input                - Clearing active input actions
11:46:13.529 [JavaFX Application Thread] DEBUG AppStateMachine      - LoadingState -> PlayState
11:46:21.833 [JavaFX Application Thread] DEBUG GameApplication      - Exiting game application
11:46:21.834 [JavaFX Application Thread] DEBUG GameApplication      - Shutting down background threads
11:46:21.834 [JavaFX Application Thread] DEBUG GameApplication      - Exiting FXGL
11:46:21.834 [JavaFX Application Thread] DEBUG FXGL                 - Saving FXGL system data
11:46:21.836 [JavaFX Application Thread] DEBUG DesktopFSService     - Writing to: system\fxgl.bundle
11:46:21.840 [JavaFX Application Thread] DEBUG GameApplication      - Closing logger and exiting JavaFX
