11:44:10.364 [JavaFX Application Thread] DEBUG GameApplication      - Logger initialized
11:44:10.370 [JavaFX Application Thread] DEBUG MainWindow           - Creating a JavaFX scene
11:44:10.442 [JavaFX Application Thread] DEBUG MainWindow           - Target settings size: 700.0 x 490.0
11:44:10.442 [JavaFX Application Thread] DEBUG MainWindow           - Scaled scene size:    700.0 x 490.0
11:44:10.442 [JavaFX Application Thread] DEBUG MainWindow           - Scaled ratio: (1.0, 1.0)
11:44:10.447 [JavaFX Application Thread] DEBUG GameApplication      - Starting FXGL
11:44:10.457 [JavaFX Application Thread] INFO  FXGL                 - FXGL-0.5.1 on DESKTOP
11:44:10.457 [JavaFX Application Thread] INFO  FXGL                 - Source code and latest versions at: https://github.com/AlmasB/FXGL
11:44:10.457 [JavaFX Application Thread] INFO  FXGL                 -              Join the FXGL chat at: https://gitter.im/AlmasB/FXGL
11:44:10.463 [JavaFX Application Thread] DEBUG FS                   - Loaded DesktopFSService
11:44:10.464 [JavaFX Application Thread] DEBUG FXGL                 - Loading FXGL system data
11:44:10.470 [JavaFX Application Thread] DEBUG DesktopFSService     - Reading from: system\fxgl.bundle
11:44:10.478 [JavaFX Application Thread] DEBUG Bundle               - Logging bundle: FXGL
11:44:10.479 [JavaFX Application Thread] DEBUG Bundle               - FXGL.offline.timer.version.check=2018-05-24T09:09:49.283
11:44:10.502 [JavaFX Application Thread] DEBUG GameApplication      - FXGL started
11:44:10.502 [JavaFX Application Thread] DEBUG GameApplication      - Logging game settings
Title: Platformer
Version: 
Width: 700
Height: 490
Fullscreen: false
Intro: false
Menus: false
Profiling: false
Single step:false
App Mode: DEVELOPER
Menu Key: ESCAPE
Stage Style: DECORATED
Scene Factory: class com.almasb.fxgl.scene.SceneFactory
Dialog Factory: class com.almasb.fxgl.ui.FXGLDialogFactory
UI Factory: class com.almasb.fxgl.ui.FXGLUIFactory
Notification Service: class com.almasb.fxgl.gameplay.notification.XboxNotificationView
Exception Handler: class com.almasb.fxgl.app.FXGLExceptionHandler
11:44:10.503 [JavaFX Application Thread] DEBUG GameApplication      - Configuring GameApplication
11:44:10.503 [JavaFX Application Thread] DEBUG GameApplication      - Initializing state machine and application states
11:44:10.514 [JavaFX Application Thread] DEBUG AssetLoader          - Loading from disk: /assets/ui/cursors/fxgl_default.png
11:44:10.531 [JavaFX Application Thread] DEBUG AssetLoader          - Loading from disk: /assets/ui/cursors/fxgl_default.png
11:44:10.548 [JavaFX Application Thread] DEBUG FXGLAssets           - Loading FXGLAssets
11:44:10.571 [JavaFX Application Thread] DEBUG AssetLoader          - Loading from disk: /assets/ui/fonts/VarelaRound-Regular.ttf
11:44:10.696 [JavaFX Application Thread] DEBUG AssetLoader          - Loading from disk: /assets/ui/fonts/lucida_console.ttf
11:44:10.705 [JavaFX Application Thread] DEBUG AssetLoader          - Loading from disk: /assets/ui/css/fxgl_dark.css
11:44:10.727 [JavaFX Application Thread] DEBUG AssetLoader          - Loading from disk: /assets/ui/cursors/fxgl_default.png
11:44:10.752 [JavaFX Application Thread] DEBUG AssetLoader          - Loading from disk: /assets/ui/cursors/fxgl_default.png
11:44:10.765 [JavaFX Application Thread] DEBUG GameScene            - Game scene initialized: 700x490
11:44:10.767 [JavaFX Application Thread] DEBUG GameWorld            - Game world initialized
11:44:10.806 [JavaFX Application Thread] DEBUG PhysicsWorld         - Physics world initialized: appHeight=490, physics.ppm=50.0
11:44:10.821 [JavaFX Application Thread] DEBUG Input                - Registered new binding: Pause - Esc
11:44:10.834 [JavaFX Application Thread] DEBUG Input                - Clearing active input actions
11:44:10.867 [JavaFX Application Thread] DEBUG AppStateMachine      - StartupState -> StartupState
11:44:10.870 [JavaFX Application Thread] INFO  GameApplication      - Game configuration took:  0.367 sec
11:44:10.872 [JavaFX Application Thread] DEBUG AssetLoader          - Loading from disk: /assets/textures/fxgl_icon.png
11:44:10.882 [JavaFX Application Thread] DEBUG MainWindow           - Opening main window
11:44:11.022 [JavaFX Application Thread] DEBUG MainWindow           - Window border size: (4.0, 26.66668701171875)
11:44:11.022 [JavaFX Application Thread] DEBUG MainWindow           - Scaled size: 700.0 x 490.0
11:44:11.023 [JavaFX Application Thread] DEBUG MainWindow           - Scaled ratio: (1.0, 1.0)
11:44:11.023 [JavaFX Application Thread] DEBUG MainWindow           - Scene size: 700.0 x 490.0
11:44:11.023 [JavaFX Application Thread] DEBUG MainWindow           - Stage size: 704.0 x 516.6666870117188
11:44:11.023 [JavaFX Application Thread] DEBUG GameApplication      - Running preInit()
11:44:11.024 [JavaFX Application Thread] DEBUG Input                - Registered new binding: Screenshot - P
11:44:11.025 [JavaFX Application Thread] DEBUG Input                - Registered new binding: Dev Options - CTRL+0
11:44:11.025 [JavaFX Application Thread] DEBUG Input                - Registered new binding: System info dump - CTRL+9
11:44:11.025 [JavaFX Application Thread] DEBUG Input                - Registered new binding: Restart - CTRL+R
11:44:11.028 [JavaFX Application Thread] DEBUG AssetLoader          - Loading from disk: /assets/textures/Platformer/run_sheet.png
11:44:11.060 [JavaFX Application Thread] DEBUG AssetLoader          - Loading from disk: /assets/textures/Platformer/stand_sheet.png
11:44:11.066 [JavaFX Application Thread] DEBUG Input                - Registered new binding: run_right - Right
11:44:11.067 [JavaFX Application Thread] DEBUG Input                - Registered new binding: run_left - Left
11:44:11.067 [JavaFX Application Thread] DEBUG Input                - Registered new binding: jump - Up
11:44:11.097 [JavaFX Application Thread] DEBUG GameApplication      - Starting main loop
11:44:11.098 [JavaFX Application Thread] DEBUG StartupState         - STARTUP
11:44:11.099 [JavaFX Application Thread] DEBUG GameApplication      - Starting new game
11:44:11.099 [JavaFX Application Thread] DEBUG Input                - Clearing active input actions
11:44:11.105 [JavaFX Application Thread] DEBUG AppStateMachine      - StartupState -> LoadingState
11:44:11.109 [FXGL Background Thread 1 ] DEBUG InitAppTask          - Clearing previous game
11:44:11.109 [FXGL Background Thread 1 ] DEBUG GameWorld            - Clearing game world
11:44:11.109 [FXGL Background Thread 1 ] DEBUG PhysicsWorld         - Clearing physics world
11:44:11.109 [FXGL Background Thread 1 ] DEBUG GameScene            - Clearing game scene
11:44:11.110 [FXGL Background Thread 1 ] DEBUG InitAppTask          - Initializing Game
11:44:11.128 [FXGL Background Thread 1 ] DEBUG AssetLoader          - Loading from disk: /assets/tmx/platformer_map_1.tmx
11:44:11.148 [FXGL Background Thread 1 ] WARN  TMXParser            - TiledMap generated from 1.1.5. Supported version: 1.1.2. Some features may not be parsed fully.
11:44:11.168 [FXGL Background Thread 1 ] DEBUG GameWorld            - Clearing removable entities
11:44:11.168 [FXGL Background Thread 1 ] DEBUG GameWorld            - Setting level from map
11:44:11.188 [FXGL Background Thread 1 ] DEBUG AssetLoader          - Loading from disk: /assets/textures/map_tiles.png
11:44:11.202 [FXGL Background Thread 1 ] DEBUG AssetLoader          - Loading from cache: /assets/textures/map_tiles.png
11:44:11.202 [FXGL Background Thread 1 ] DEBUG AssetLoader          - Loading from cache: /assets/textures/map_tiles.png
11:44:11.202 [FXGL Background Thread 1 ] DEBUG AssetLoader          - Loading from cache: /assets/textures/map_tiles.png
11:44:11.202 [FXGL Background Thread 1 ] DEBUG AssetLoader          - Loading from cache: /assets/textures/map_tiles.png
11:44:11.202 [FXGL Background Thread 1 ] DEBUG AssetLoader          - Loading from cache: /assets/textures/map_tiles.png
11:44:11.202 [FXGL Background Thread 1 ] DEBUG AssetLoader          - Loading from cache: /assets/textures/map_tiles.png
11:44:11.203 [FXGL Background Thread 1 ] DEBUG AssetLoader          - Loading from cache: /assets/textures/map_tiles.png
11:44:11.203 [FXGL Background Thread 1 ] DEBUG AssetLoader          - Loading from cache: /assets/textures/map_tiles.png
11:44:11.203 [FXGL Background Thread 1 ] DEBUG AssetLoader          - Loading from cache: /assets/textures/map_tiles.png
11:44:11.203 [FXGL Background Thread 1 ] DEBUG AssetLoader          - Loading from cache: /assets/textures/map_tiles.png
11:44:11.203 [FXGL Background Thread 1 ] DEBUG AssetLoader          - Loading from cache: /assets/textures/map_tiles.png
11:44:11.203 [FXGL Background Thread 1 ] DEBUG AssetLoader          - Loading from cache: /assets/textures/map_tiles.png
11:44:11.203 [FXGL Background Thread 1 ] DEBUG AssetLoader          - Loading from cache: /assets/textures/map_tiles.png
11:44:11.203 [FXGL Background Thread 1 ] DEBUG AssetLoader          - Loading from cache: /assets/textures/map_tiles.png
11:44:11.204 [FXGL Background Thread 1 ] DEBUG AssetLoader          - Loading from cache: /assets/textures/map_tiles.png
11:44:11.204 [FXGL Background Thread 1 ] DEBUG AssetLoader          - Loading from cache: /assets/textures/map_tiles.png
11:44:11.204 [FXGL Background Thread 1 ] DEBUG AssetLoader          - Loading from cache: /assets/textures/map_tiles.png
11:44:11.204 [FXGL Background Thread 1 ] DEBUG AssetLoader          - Loading from cache: /assets/textures/map_tiles.png
11:44:11.204 [FXGL Background Thread 1 ] DEBUG AssetLoader          - Loading from cache: /assets/textures/map_tiles.png
11:44:11.204 [FXGL Background Thread 1 ] DEBUG AssetLoader          - Loading from cache: /assets/textures/map_tiles.png
11:44:11.204 [FXGL Background Thread 1 ] DEBUG AssetLoader          - Loading from cache: /assets/textures/map_tiles.png
11:44:11.204 [FXGL Background Thread 1 ] DEBUG AssetLoader          - Loading from cache: /assets/textures/map_tiles.png
11:44:11.205 [FXGL Background Thread 1 ] DEBUG AssetLoader          - Loading from cache: /assets/textures/map_tiles.png
11:44:11.205 [FXGL Background Thread 1 ] DEBUG AssetLoader          - Loading from cache: /assets/textures/map_tiles.png
11:44:11.205 [FXGL Background Thread 1 ] DEBUG AssetLoader          - Loading from cache: /assets/textures/map_tiles.png
11:44:11.205 [FXGL Background Thread 1 ] DEBUG AssetLoader          - Loading from cache: /assets/textures/map_tiles.png
11:44:11.205 [FXGL Background Thread 1 ] DEBUG AssetLoader          - Loading from cache: /assets/textures/map_tiles.png
11:44:11.205 [FXGL Background Thread 1 ] DEBUG AssetLoader          - Loading from cache: /assets/textures/map_tiles.png
11:44:11.205 [FXGL Background Thread 1 ] DEBUG AssetLoader          - Loading from cache: /assets/textures/map_tiles.png
11:44:11.205 [FXGL Background Thread 1 ] DEBUG AssetLoader          - Loading from cache: /assets/textures/map_tiles.png
11:44:11.206 [FXGL Background Thread 1 ] DEBUG AssetLoader          - Loading from cache: /assets/textures/map_tiles.png
11:44:11.206 [FXGL Background Thread 1 ] DEBUG AssetLoader          - Loading from cache: /assets/textures/map_tiles.png
11:44:11.206 [FXGL Background Thread 1 ] DEBUG AssetLoader          - Loading from cache: /assets/textures/map_tiles.png
11:44:11.206 [FXGL Background Thread 1 ] DEBUG AssetLoader          - Loading from cache: /assets/textures/map_tiles.png
11:44:11.206 [FXGL Background Thread 1 ] DEBUG AssetLoader          - Loading from cache: /assets/textures/map_tiles.png
11:44:11.206 [FXGL Background Thread 1 ] DEBUG AssetLoader          - Loading from cache: /assets/textures/map_tiles.png
11:44:11.206 [FXGL Background Thread 1 ] DEBUG AssetLoader          - Loading from cache: /assets/textures/map_tiles.png
11:44:11.206 [FXGL Background Thread 1 ] DEBUG AssetLoader          - Loading from cache: /assets/textures/map_tiles.png
11:44:11.207 [FXGL Background Thread 1 ] DEBUG AssetLoader          - Loading from cache: /assets/textures/map_tiles.png
11:44:11.207 [FXGL Background Thread 1 ] DEBUG AssetLoader          - Loading from cache: /assets/textures/map_tiles.png
11:44:11.207 [FXGL Background Thread 1 ] DEBUG AssetLoader          - Loading from cache: /assets/textures/map_tiles.png
11:44:11.207 [FXGL Background Thread 1 ] DEBUG AssetLoader          - Loading from cache: /assets/textures/map_tiles.png
11:44:11.207 [FXGL Background Thread 1 ] DEBUG AssetLoader          - Loading from cache: /assets/textures/map_tiles.png
11:44:11.207 [FXGL Background Thread 1 ] DEBUG AssetLoader          - Loading from cache: /assets/textures/map_tiles.png
11:44:11.207 [FXGL Background Thread 1 ] DEBUG AssetLoader          - Loading from cache: /assets/textures/map_tiles.png
11:44:11.208 [FXGL Background Thread 1 ] DEBUG AssetLoader          - Loading from cache: /assets/textures/map_tiles.png
11:44:11.208 [FXGL Background Thread 1 ] DEBUG AssetLoader          - Loading from cache: /assets/textures/map_tiles.png
11:44:11.208 [FXGL Background Thread 1 ] DEBUG AssetLoader          - Loading from cache: /assets/textures/map_tiles.png
11:44:11.208 [FXGL Background Thread 1 ] DEBUG AssetLoader          - Loading from cache: /assets/textures/map_tiles.png
11:44:11.208 [FXGL Background Thread 1 ] DEBUG AssetLoader          - Loading from cache: /assets/textures/map_tiles.png
11:44:11.208 [FXGL Background Thread 1 ] DEBUG AssetLoader          - Loading from cache: /assets/textures/map_tiles.png
11:44:11.208 [FXGL Background Thread 1 ] DEBUG AssetLoader          - Loading from cache: /assets/textures/map_tiles.png
11:44:11.208 [FXGL Background Thread 1 ] DEBUG AssetLoader          - Loading from cache: /assets/textures/map_tiles.png
11:44:11.208 [FXGL Background Thread 1 ] DEBUG AssetLoader          - Loading from cache: /assets/textures/map_tiles.png
11:44:11.208 [FXGL Background Thread 1 ] DEBUG AssetLoader          - Loading from cache: /assets/textures/map_tiles.png
11:44:11.209 [FXGL Background Thread 1 ] DEBUG AssetLoader          - Loading from cache: /assets/textures/map_tiles.png
11:44:11.209 [FXGL Background Thread 1 ] DEBUG AssetLoader          - Loading from cache: /assets/textures/map_tiles.png
11:44:11.209 [FXGL Background Thread 1 ] DEBUG AssetLoader          - Loading from cache: /assets/textures/map_tiles.png
11:44:11.209 [FXGL Background Thread 1 ] DEBUG AssetLoader          - Loading from cache: /assets/textures/map_tiles.png
11:44:11.209 [FXGL Background Thread 1 ] DEBUG AssetLoader          - Loading from cache: /assets/textures/map_tiles.png
11:44:11.209 [FXGL Background Thread 1 ] DEBUG AssetLoader          - Loading from cache: /assets/textures/map_tiles.png
11:44:11.209 [FXGL Background Thread 1 ] DEBUG AssetLoader          - Loading from cache: /assets/textures/map_tiles.png
11:44:11.211 [FXGL Background Thread 1 ] DEBUG GameScene            - Creating render group for layer: BACKGROUND(1000)
11:44:11.255 [FXGL Background Thread 1 ] DEBUG GameScene            - Creating render group for layer: DEFAULT(100000)
11:44:11.272 [FXGL Background Thread 1 ] DEBUG AssetLoader          - Loading from cache: /assets/textures/Platformer/stand_sheet.png
11:44:11.272 [FXGL Background Thread 1 ] DEBUG AssetLoader          - Loading from disk: /assets/textures/Platformer/jump-fall.png
11:44:11.276 [FXGL Background Thread 1 ] DEBUG AssetLoader          - Loading from disk: /assets/textures/Platformer/jump-up.png
11:44:11.281 [FXGL Background Thread 1 ] DEBUG InitAppTask          - Initializing Physics
11:44:11.281 [FXGL Background Thread 1 ] DEBUG InitAppTask          - Initializing UI
11:44:11.281 [FXGL Background Thread 1 ] DEBUG InitAppTask          - Initialization Complete
11:44:11.281 [FXGL Background Thread 1 ] INFO  InitAppTask          - Game initialization took: 0.172 sec
11:44:11.291 [JavaFX Application Thread] DEBUG Input                - Clearing active input actions
11:44:11.297 [JavaFX Application Thread] DEBUG AppStateMachine      - LoadingState -> PlayState
11:44:33.714 [JavaFX Application Thread] DEBUG GameApplication      - Exiting game application
11:44:33.714 [JavaFX Application Thread] DEBUG GameApplication      - Shutting down background threads
11:44:33.715 [JavaFX Application Thread] DEBUG GameApplication      - Exiting FXGL
11:44:33.715 [JavaFX Application Thread] DEBUG FXGL                 - Saving FXGL system data
11:44:33.717 [JavaFX Application Thread] DEBUG DesktopFSService     - Writing to: system\fxgl.bundle
11:44:33.721 [JavaFX Application Thread] DEBUG GameApplication      - Closing logger and exiting JavaFX
