19:46:25.253 [JavaFX Application Thread] DEBUG GameApplication      - Logger initialized
19:46:25.259 [JavaFX Application Thread] DEBUG MainWindow           - Creating a JavaFX scene
19:46:25.328 [JavaFX Application Thread] DEBUG MainWindow           - Target settings size: 800.0 x 470.0
19:46:25.329 [JavaFX Application Thread] DEBUG MainWindow           - Scaled scene size:    800.0 x 470.0
19:46:25.329 [JavaFX Application Thread] DEBUG MainWindow           - Scaled ratio: (1.0, 1.0)
19:46:25.334 [JavaFX Application Thread] DEBUG GameApplication      - Starting FXGL
19:46:25.344 [JavaFX Application Thread] INFO  FXGL                 - FXGL-0.5.1 on DESKTOP
19:46:25.344 [JavaFX Application Thread] INFO  FXGL                 - Source code and latest versions at: https://github.com/AlmasB/FXGL
19:46:25.344 [JavaFX Application Thread] INFO  FXGL                 -              Join the FXGL chat at: https://gitter.im/AlmasB/FXGL
19:46:25.349 [JavaFX Application Thread] DEBUG FS                   - Loaded DesktopFSService
19:46:25.350 [JavaFX Application Thread] DEBUG FXGL                 - Loading FXGL system data
19:46:25.356 [JavaFX Application Thread] DEBUG DesktopFSService     - Reading from: system\fxgl.bundle
19:46:25.364 [JavaFX Application Thread] DEBUG Bundle               - Logging bundle: FXGL
19:46:25.364 [JavaFX Application Thread] DEBUG Bundle               - FXGL.offline.timer.version.check=2018-05-16T18:22:51.838
19:46:25.388 [JavaFX Application Thread] DEBUG GameApplication      - FXGL started
19:46:25.388 [JavaFX Application Thread] DEBUG GameApplication      - Logging game settings
Title: Frogger
Version: 0.2.0
Width: 800
Height: 470
Fullscreen: false
Intro: false
Menus: false
Profiling: false
Single step:false
App Mode: DEVELOPER
Menu Key: ESCAPE
Stage Style: DECORATED
Scene Factory: class com.almasb.fxgl.scene.SceneFactory
Dialog Factory: class com.almasb.fxgl.ui.FXGLDialogFactory
UI Factory: class com.almasb.fxgl.ui.FXGLUIFactory
Notification Service: class com.almasb.fxgl.gameplay.notification.XboxNotificationView
Exception Handler: class com.almasb.fxgl.app.FXGLExceptionHandler
19:46:25.389 [JavaFX Application Thread] DEBUG GameApplication      - Configuring GameApplication
19:46:25.389 [JavaFX Application Thread] DEBUG GameApplication      - Initializing state machine and application states
19:46:25.399 [JavaFX Application Thread] DEBUG AssetLoader          - Loading from disk: /assets/ui/cursors/fxgl_default.png
19:46:25.417 [JavaFX Application Thread] DEBUG AssetLoader          - Loading from disk: /assets/ui/cursors/fxgl_default.png
19:46:25.435 [JavaFX Application Thread] DEBUG FXGLAssets           - Loading FXGLAssets
19:46:25.459 [JavaFX Application Thread] DEBUG AssetLoader          - Loading from disk: /assets/ui/fonts/VarelaRound-Regular.ttf
19:46:25.597 [JavaFX Application Thread] DEBUG AssetLoader          - Loading from disk: /assets/ui/fonts/lucida_console.ttf
19:46:25.606 [JavaFX Application Thread] DEBUG AssetLoader          - Loading from disk: /assets/ui/css/fxgl_dark.css
19:46:25.631 [JavaFX Application Thread] DEBUG AssetLoader          - Loading from disk: /assets/ui/cursors/fxgl_default.png
19:46:25.654 [JavaFX Application Thread] DEBUG AssetLoader          - Loading from disk: /assets/ui/cursors/fxgl_default.png
19:46:25.668 [JavaFX Application Thread] DEBUG GameScene            - Game scene initialized: 800x470
19:46:25.670 [JavaFX Application Thread] DEBUG GameWorld            - Game world initialized
19:46:25.710 [JavaFX Application Thread] DEBUG PhysicsWorld         - Physics world initialized: appHeight=470, physics.ppm=50.0
19:46:25.726 [JavaFX Application Thread] DEBUG Input                - Registered new binding: Pause - Esc
19:46:25.741 [JavaFX Application Thread] DEBUG Input                - Clearing active input actions
19:46:25.772 [JavaFX Application Thread] DEBUG AppStateMachine      - StartupState -> StartupState
19:46:25.778 [JavaFX Application Thread] INFO  GameApplication      - Game configuration took:  0.389 sec
19:46:25.779 [JavaFX Application Thread] DEBUG AssetLoader          - Loading from disk: /assets/textures/fxgl_icon.png
19:46:25.790 [JavaFX Application Thread] DEBUG MainWindow           - Opening main window
19:46:25.924 [JavaFX Application Thread] DEBUG MainWindow           - Window border size: (4.0, 26.666656494140625)
19:46:25.925 [JavaFX Application Thread] DEBUG MainWindow           - Scaled size: 800.0 x 470.0
19:46:25.925 [JavaFX Application Thread] DEBUG MainWindow           - Scaled ratio: (1.0, 1.0)
19:46:25.925 [JavaFX Application Thread] DEBUG MainWindow           - Scene size: 800.0 x 470.0
19:46:25.925 [JavaFX Application Thread] DEBUG MainWindow           - Stage size: 804.0 x 496.6666564941406
19:46:25.925 [JavaFX Application Thread] DEBUG GameApplication      - Running preInit()
19:46:25.927 [JavaFX Application Thread] DEBUG Input                - Registered new binding: Screenshot - P
19:46:25.927 [JavaFX Application Thread] DEBUG Input                - Registered new binding: Dev Options - CTRL+0
19:46:25.928 [JavaFX Application Thread] DEBUG Input                - Registered new binding: System info dump - CTRL+9
19:46:25.928 [JavaFX Application Thread] DEBUG Input                - Registered new binding: Restart - CTRL+R
19:46:25.928 [JavaFX Application Thread] DEBUG Input                - Registered new binding: up - W
19:46:25.928 [JavaFX Application Thread] DEBUG Input                - Registered new binding: down - S
19:46:25.929 [JavaFX Application Thread] DEBUG Input                - Registered new binding: left - A
19:46:25.929 [JavaFX Application Thread] DEBUG Input                - Registered new binding: right - D
19:46:25.956 [JavaFX Application Thread] DEBUG GameApplication      - Starting main loop
19:46:25.957 [JavaFX Application Thread] DEBUG StartupState         - STARTUP
19:46:25.957 [JavaFX Application Thread] DEBUG GameApplication      - Starting new game
19:46:25.957 [JavaFX Application Thread] DEBUG Input                - Clearing active input actions
19:46:25.963 [JavaFX Application Thread] DEBUG AppStateMachine      - StartupState -> LoadingState
19:46:25.967 [FXGL Background Thread 1 ] DEBUG InitAppTask          - Clearing previous game
19:46:25.967 [FXGL Background Thread 1 ] DEBUG GameWorld            - Clearing game world
19:46:25.967 [FXGL Background Thread 1 ] DEBUG PhysicsWorld         - Clearing physics world
19:46:25.967 [FXGL Background Thread 1 ] DEBUG GameScene            - Clearing game scene
19:46:25.968 [FXGL Background Thread 1 ] DEBUG InitAppTask          - Initializing Game
19:46:26.013 [FXGL Background Thread 1 ] DEBUG AssetLoader          - Loading from disk: /assets/textures/Frogger/frog_idle.png
19:46:26.024 [FXGL Background Thread 1 ] DEBUG GameScene            - Creating render group for layer: DEFAULT(100000)
19:46:26.026 [FXGL Background Thread 1 ] DEBUG AssetLoader          - Loading from disk: /assets/textures/Frogger/half_log.png
19:46:26.033 [FXGL Background Thread 1 ] DEBUG AssetLoader          - Loading from cache: /assets/textures/Frogger/half_log.png
19:46:26.034 [FXGL Background Thread 1 ] DEBUG AssetLoader          - Loading from disk: /assets/textures/Frogger/rotating_log.png
19:46:26.040 [FXGL Background Thread 1 ] DEBUG InitAppTask          - Initializing Physics
19:46:26.041 [FXGL Background Thread 1 ] DEBUG InitAppTask          - Initializing UI
19:46:26.041 [FXGL Background Thread 1 ] DEBUG AssetLoader          - Loading from disk: /assets/textures/Frogger/background.jpg
19:46:26.048 [FXGL Background Thread 1 ] DEBUG InitAppTask          - Initialization Complete
19:46:26.048 [FXGL Background Thread 1 ] INFO  InitAppTask          - Game initialization took: 0.081 sec
19:46:26.052 [JavaFX Application Thread] DEBUG Input                - Clearing active input actions
19:46:26.060 [JavaFX Application Thread] DEBUG AppStateMachine      - LoadingState -> PlayState
19:46:26.928 [JavaFX Application Thread] DEBUG AssetLoader          - Loading from disk: /assets/textures/Frogger/green_car.png
19:46:26.929 [JavaFX Application Thread] DEBUG GameScene            - Creating render group for layer: TOP(2147483647)
19:46:26.930 [JavaFX Application Thread] DEBUG AssetLoader          - Loading from disk: /assets/textures/Frogger/blue_car.png
19:46:27.840 [JavaFX Application Thread] DEBUG AssetLoader          - Loading from disk: /assets/textures/Frogger/red_car.png
19:46:27.842 [JavaFX Application Thread] DEBUG AssetLoader          - Loading from cache: /assets/textures/Frogger/blue_car.png
19:46:28.767 [JavaFX Application Thread] DEBUG AssetLoader          - Loading from disk: /assets/textures/Frogger/orange_car.png
19:46:28.770 [JavaFX Application Thread] DEBUG AssetLoader          - Loading from disk: /assets/textures/Frogger/purple_car.png
19:46:29.680 [JavaFX Application Thread] DEBUG AssetLoader          - Loading from cache: /assets/textures/Frogger/red_car.png
19:46:29.682 [JavaFX Application Thread] DEBUG AssetLoader          - Loading from cache: /assets/textures/Frogger/purple_car.png
19:46:30.592 [JavaFX Application Thread] DEBUG AssetLoader          - Loading from cache: /assets/textures/Frogger/orange_car.png
19:46:30.593 [JavaFX Application Thread] DEBUG AssetLoader          - Loading from cache: /assets/textures/Frogger/orange_car.png
19:46:31.504 [JavaFX Application Thread] DEBUG AssetLoader          - Loading from cache: /assets/textures/Frogger/green_car.png
19:46:31.505 [JavaFX Application Thread] DEBUG AssetLoader          - Loading from cache: /assets/textures/Frogger/orange_car.png
19:46:31.506 [JavaFX Application Thread] DEBUG AssetLoader          - Loading from disk: /assets/textures/Frogger/full_log.png
19:46:31.507 [JavaFX Application Thread] DEBUG AssetLoader          - Loading from cache: /assets/textures/Frogger/full_log.png
19:46:32.432 [JavaFX Application Thread] DEBUG AssetLoader          - Loading from cache: /assets/textures/Frogger/red_car.png
19:46:32.433 [JavaFX Application Thread] DEBUG AssetLoader          - Loading from cache: /assets/textures/Frogger/orange_car.png
19:46:33.344 [JavaFX Application Thread] DEBUG AssetLoader          - Loading from cache: /assets/textures/Frogger/purple_car.png
19:46:33.344 [JavaFX Application Thread] DEBUG AssetLoader          - Loading from cache: /assets/textures/Frogger/red_car.png
19:46:34.299 [JavaFX Application Thread] DEBUG GameApplication      - Exiting game application
19:46:34.300 [JavaFX Application Thread] DEBUG GameApplication      - Shutting down background threads
19:46:34.300 [JavaFX Application Thread] DEBUG GameApplication      - Exiting FXGL
19:46:34.300 [JavaFX Application Thread] DEBUG FXGL                 - Saving FXGL system data
19:46:34.302 [JavaFX Application Thread] DEBUG DesktopFSService     - Writing to: system\fxgl.bundle
19:46:34.306 [JavaFX Application Thread] DEBUG GameApplication      - Closing logger and exiting JavaFX
