10:02:12.975 [JavaFX Application Thread] DEBUG GameApplication      - Logger initialized
10:02:12.981 [JavaFX Application Thread] DEBUG MainWindow           - Creating a JavaFX scene
10:02:13.050 [JavaFX Application Thread] DEBUG MainWindow           - Target settings size: 800.0 x 470.0
10:02:13.050 [JavaFX Application Thread] DEBUG MainWindow           - Scaled scene size:    800.0 x 470.0
10:02:13.050 [JavaFX Application Thread] DEBUG MainWindow           - Scaled ratio: (1.0, 1.0)
10:02:13.054 [JavaFX Application Thread] DEBUG GameApplication      - Starting FXGL
10:02:13.064 [JavaFX Application Thread] INFO  FXGL                 - FXGL-0.5.1 on DESKTOP
10:02:13.064 [JavaFX Application Thread] INFO  FXGL                 - Source code and latest versions at: https://github.com/AlmasB/FXGL
10:02:13.065 [JavaFX Application Thread] INFO  FXGL                 -              Join the FXGL chat at: https://gitter.im/AlmasB/FXGL
10:02:13.070 [JavaFX Application Thread] DEBUG FS                   - Loaded DesktopFSService
10:02:13.070 [JavaFX Application Thread] DEBUG FXGL                 - Loading FXGL system data
10:02:13.078 [JavaFX Application Thread] DEBUG DesktopFSService     - Reading from: system\fxgl.bundle
10:02:13.085 [JavaFX Application Thread] DEBUG Bundle               - Logging bundle: FXGL
10:02:13.085 [JavaFX Application Thread] DEBUG Bundle               - FXGL.offline.timer.version.check=2018-05-24T09:09:49.283
10:02:13.108 [JavaFX Application Thread] DEBUG GameApplication      - FXGL started
10:02:13.108 [JavaFX Application Thread] DEBUG GameApplication      - Logging game settings
Title: Frogger
Version: 0.2.0
Width: 800
Height: 470
Fullscreen: false
Intro: false
Menus: false
Profiling: false
Single step:false
App Mode: DEVELOPER
Menu Key: ESCAPE
Stage Style: DECORATED
Scene Factory: class com.almasb.fxgl.scene.SceneFactory
Dialog Factory: class com.almasb.fxgl.ui.FXGLDialogFactory
UI Factory: class com.almasb.fxgl.ui.FXGLUIFactory
Notification Service: class com.almasb.fxgl.gameplay.notification.XboxNotificationView
Exception Handler: class com.almasb.fxgl.app.FXGLExceptionHandler
10:02:13.109 [JavaFX Application Thread] DEBUG GameApplication      - Configuring GameApplication
10:02:13.109 [JavaFX Application Thread] DEBUG GameApplication      - Initializing state machine and application states
10:02:13.119 [JavaFX Application Thread] DEBUG AssetLoader          - Loading from disk: /assets/ui/cursors/fxgl_default.png
10:02:13.136 [JavaFX Application Thread] DEBUG AssetLoader          - Loading from disk: /assets/ui/cursors/fxgl_default.png
10:02:13.153 [JavaFX Application Thread] DEBUG FXGLAssets           - Loading FXGLAssets
10:02:13.177 [JavaFX Application Thread] DEBUG AssetLoader          - Loading from disk: /assets/ui/fonts/VarelaRound-Regular.ttf
10:02:13.295 [JavaFX Application Thread] DEBUG AssetLoader          - Loading from disk: /assets/ui/fonts/lucida_console.ttf
10:02:13.304 [JavaFX Application Thread] DEBUG AssetLoader          - Loading from disk: /assets/ui/css/fxgl_dark.css
10:02:13.325 [JavaFX Application Thread] DEBUG AssetLoader          - Loading from disk: /assets/ui/cursors/fxgl_default.png
10:02:13.350 [JavaFX Application Thread] DEBUG AssetLoader          - Loading from disk: /assets/ui/cursors/fxgl_default.png
10:02:13.363 [JavaFX Application Thread] DEBUG GameScene            - Game scene initialized: 800x470
10:02:13.365 [JavaFX Application Thread] DEBUG GameWorld            - Game world initialized
10:02:13.402 [JavaFX Application Thread] DEBUG PhysicsWorld         - Physics world initialized: appHeight=470, physics.ppm=50.0
10:02:13.416 [JavaFX Application Thread] DEBUG Input                - Registered new binding: Pause - Esc
10:02:13.430 [JavaFX Application Thread] DEBUG Input                - Clearing active input actions
10:02:13.461 [JavaFX Application Thread] DEBUG AppStateMachine      - StartupState -> StartupState
10:02:13.465 [JavaFX Application Thread] INFO  GameApplication      - Game configuration took:  0.356 sec
10:02:13.467 [JavaFX Application Thread] DEBUG AssetLoader          - Loading from disk: /assets/textures/fxgl_icon.png
10:02:13.477 [JavaFX Application Thread] DEBUG MainWindow           - Opening main window
10:02:13.605 [JavaFX Application Thread] DEBUG MainWindow           - Window border size: (4.0, 26.666656494140625)
10:02:13.605 [JavaFX Application Thread] DEBUG MainWindow           - Scaled size: 800.0 x 470.0
10:02:13.605 [JavaFX Application Thread] DEBUG MainWindow           - Scaled ratio: (1.0, 1.0)
10:02:13.605 [JavaFX Application Thread] DEBUG MainWindow           - Scene size: 800.0 x 470.0
10:02:13.605 [JavaFX Application Thread] DEBUG MainWindow           - Stage size: 804.0 x 496.6666564941406
10:02:13.605 [JavaFX Application Thread] DEBUG GameApplication      - Running preInit()
10:02:13.607 [JavaFX Application Thread] DEBUG Input                - Registered new binding: Screenshot - P
10:02:13.607 [JavaFX Application Thread] DEBUG Input                - Registered new binding: Dev Options - CTRL+0
10:02:13.608 [JavaFX Application Thread] DEBUG Input                - Registered new binding: System info dump - CTRL+9
10:02:13.608 [JavaFX Application Thread] DEBUG Input                - Registered new binding: Restart - CTRL+R
10:02:13.608 [JavaFX Application Thread] DEBUG Input                - Registered new binding: up - W
10:02:13.608 [JavaFX Application Thread] DEBUG Input                - Registered new binding: down - S
10:02:13.608 [JavaFX Application Thread] DEBUG Input                - Registered new binding: left - A
10:02:13.609 [JavaFX Application Thread] DEBUG Input                - Registered new binding: right - D
10:02:13.609 [JavaFX Application Thread] DEBUG Input                - Registered new binding: testd - Space
10:02:13.636 [JavaFX Application Thread] DEBUG GameApplication      - Starting main loop
10:02:13.638 [JavaFX Application Thread] DEBUG StartupState         - STARTUP
10:02:13.638 [JavaFX Application Thread] DEBUG GameApplication      - Starting new game
10:02:13.638 [JavaFX Application Thread] DEBUG Input                - Clearing active input actions
10:02:13.643 [JavaFX Application Thread] DEBUG AppStateMachine      - StartupState -> LoadingState
10:02:13.648 [FXGL Background Thread 1 ] DEBUG InitAppTask          - Clearing previous game
10:02:13.648 [FXGL Background Thread 1 ] DEBUG GameWorld            - Clearing game world
10:02:13.648 [FXGL Background Thread 1 ] DEBUG PhysicsWorld         - Clearing physics world
10:02:13.648 [FXGL Background Thread 1 ] DEBUG GameScene            - Clearing game scene
10:02:13.649 [FXGL Background Thread 1 ] DEBUG InitAppTask          - Initializing Game
10:02:13.667 [FXGL Background Thread 1 ] DEBUG AssetLoader          - Loading from disk: /assets/textures/Frogger/splatting_frog.png
10:02:13.698 [FXGL Background Thread 1 ] DEBUG AssetLoader          - Loading from disk: /assets/textures/Frogger/frog_idle.png
10:02:13.706 [FXGL Background Thread 1 ] DEBUG GameScene            - Creating render group for layer: TOP(2147483647)
10:02:13.709 [FXGL Background Thread 1 ] DEBUG AssetLoader          - Loading from disk: /assets/textures/Frogger/half_log.png
10:02:13.715 [FXGL Background Thread 1 ] DEBUG GameScene            - Creating render group for layer: DEFAULT(100000)
10:02:13.717 [FXGL Background Thread 1 ] DEBUG AssetLoader          - Loading from disk: /assets/textures/Frogger/full_log.png
10:02:13.719 [FXGL Background Thread 1 ] DEBUG AssetLoader          - Loading from cache: /assets/textures/Frogger/full_log.png
10:02:13.721 [FXGL Background Thread 1 ] DEBUG AssetLoader          - Loading from disk: /assets/textures/Frogger/rotating_log.png
10:02:13.724 [FXGL Background Thread 1 ] DEBUG InitAppTask          - Initializing Physics
10:02:13.724 [FXGL Background Thread 1 ] DEBUG InitAppTask          - Initializing UI
10:02:13.724 [FXGL Background Thread 1 ] DEBUG AssetLoader          - Loading from disk: /assets/textures/Frogger/background.jpg
10:02:13.731 [FXGL Background Thread 1 ] DEBUG InitAppTask          - Initialization Complete
10:02:13.731 [FXGL Background Thread 1 ] INFO  InitAppTask          - Game initialization took: 0.084 sec
10:02:13.738 [JavaFX Application Thread] DEBUG Input                - Clearing active input actions
10:02:13.743 [JavaFX Application Thread] DEBUG AppStateMachine      - LoadingState -> PlayState
10:02:14.635 [JavaFX Application Thread] DEBUG AssetLoader          - Loading from disk: /assets/textures/Frogger/purple_car.png
10:02:14.638 [JavaFX Application Thread] DEBUG AssetLoader          - Loading from disk: /assets/textures/Frogger/red_car.png
10:02:15.009 [JavaFX Application Thread] DEBUG Input                - Mocking key release: W
10:02:15.009 [JavaFX Application Thread] DEBUG AssetLoader          - Loading from disk: /assets/textures/Frogger/frog_jump.png
10:02:15.147 [JavaFX Application Thread] DEBUG Input                - Mocking key release: W
10:02:15.147 [JavaFX Application Thread] DEBUG AssetLoader          - Loading from cache: /assets/textures/Frogger/frog_jump.png
10:02:15.259 [JavaFX Application Thread] DEBUG AssetLoader          - Loading from cache: /assets/textures/Frogger/frog_idle.png
10:02:15.319 [JavaFX Application Thread] DEBUG Input                - Mocking key release: W
10:02:15.319 [JavaFX Application Thread] DEBUG AssetLoader          - Loading from cache: /assets/textures/Frogger/frog_jump.png
10:02:15.386 [JavaFX Application Thread] DEBUG AssetLoader          - Loading from cache: /assets/textures/Frogger/frog_idle.png
10:02:15.480 [JavaFX Application Thread] DEBUG Input                - Mocking key release: W
10:02:15.481 [JavaFX Application Thread] DEBUG AssetLoader          - Loading from cache: /assets/textures/Frogger/frog_jump.png
10:02:15.547 [JavaFX Application Thread] DEBUG AssetLoader          - Loading from cache: /assets/textures/Frogger/red_car.png
10:02:15.548 [JavaFX Application Thread] DEBUG AssetLoader          - Loading from disk: /assets/textures/Frogger/blue_car.png
10:02:15.578 [JavaFX Application Thread] DEBUG AssetLoader          - Loading from cache: /assets/textures/Frogger/frog_idle.png
10:02:15.638 [JavaFX Application Thread] DEBUG Input                - Mocking key release: W
10:02:15.639 [JavaFX Application Thread] DEBUG AssetLoader          - Loading from cache: /assets/textures/Frogger/frog_jump.png
10:02:15.722 [JavaFX Application Thread] DEBUG AssetLoader          - Loading from cache: /assets/textures/Frogger/frog_idle.png
10:02:15.804 [JavaFX Application Thread] DEBUG Input                - Mocking key release: W
10:02:15.804 [JavaFX Application Thread] DEBUG AssetLoader          - Loading from cache: /assets/textures/Frogger/frog_jump.png
10:02:15.899 [JavaFX Application Thread] DEBUG AssetLoader          - Loading from cache: /assets/textures/Frogger/frog_idle.png
10:02:15.952 [JavaFX Application Thread] DEBUG Input                - Mocking key release: W
10:02:15.952 [JavaFX Application Thread] DEBUG AssetLoader          - Loading from cache: /assets/textures/Frogger/frog_jump.png
10:02:16.058 [JavaFX Application Thread] DEBUG AssetLoader          - Loading from cache: /assets/textures/Frogger/frog_idle.png
10:02:16.152 [JavaFX Application Thread] DEBUG Input                - Mocking key release: W
10:02:16.153 [JavaFX Application Thread] DEBUG AssetLoader          - Loading from cache: /assets/textures/Frogger/frog_jump.png
10:02:16.219 [JavaFX Application Thread] DEBUG AssetLoader          - Loading from cache: /assets/textures/Frogger/frog_idle.png
10:02:16.410 [JavaFX Application Thread] DEBUG AssetLoader          - Loading from cache: /assets/textures/Frogger/frog_idle.png
10:02:16.458 [JavaFX Application Thread] DEBUG AssetLoader          - Loading from disk: /assets/textures/Frogger/orange_car.png
10:02:16.460 [JavaFX Application Thread] DEBUG AssetLoader          - Loading from cache: /assets/textures/Frogger/blue_car.png
10:02:16.923 [JavaFX Application Thread] DEBUG Input                - Mocking key release: W
10:02:16.923 [JavaFX Application Thread] DEBUG AssetLoader          - Loading from cache: /assets/textures/Frogger/frog_jump.png
10:02:17.178 [JavaFX Application Thread] DEBUG AssetLoader          - Loading from cache: /assets/textures/Frogger/frog_idle.png
10:02:17.371 [JavaFX Application Thread] DEBUG AssetLoader          - Loading from cache: /assets/textures/Frogger/orange_car.png
10:02:17.372 [JavaFX Application Thread] DEBUG AssetLoader          - Loading from disk: /assets/textures/Frogger/green_car.png
10:02:17.373 [JavaFX Application Thread] DEBUG AssetLoader          - Loading from cache: /assets/textures/Frogger/full_log.png
10:02:17.374 [JavaFX Application Thread] DEBUG AssetLoader          - Loading from cache: /assets/textures/Frogger/full_log.png
10:02:17.454 [JavaFX Application Thread] DEBUG Input                - Mocking key release: W
10:02:17.454 [JavaFX Application Thread] DEBUG AssetLoader          - Loading from cache: /assets/textures/Frogger/frog_jump.png
10:02:17.466 [JavaFX Application Thread] DEBUG AssetLoader          - Loading from disk: /assets/textures/Frogger/sinking_frog.png
10:02:17.978 [JavaFX Application Thread] FATAL GameApplication      - Uncaught Exception:

Fatal exception occurred: java.lang.NullPointerException : null
E: Frogger.Frogger_App.lambda$1(Frogger_App.java:164)
E: com.almasb.fxgl.time.TimerAction.update(TimerAction.kt:69)
E: com.almasb.fxgl.time.Timer.update(Timer.kt:39)
E: com.almasb.fxgl.app.State.update(State.java:72)
E: com.almasb.fxgl.app.AppStateMachine.onUpdate(AppStateMachine.java:100)
E: com.almasb.fxgl.app.GameApplication.stepLoop(GameApplication.java:382)
E: com.almasb.fxgl.app.GameApplication$2.handle(GameApplication.java:348)
E: javafx.animation.AnimationTimer$AnimationTimerReceiver.lambda$handle$485(AnimationTimer.java:57)
E: java.security.AccessController.doPrivileged(Native Method)
E: javafx.animation.AnimationTimer$AnimationTimerReceiver.handle(AnimationTimer.java:56)
E: com.sun.scenario.animation.AbstractMasterTimer.timePulseImpl(AbstractMasterTimer.java:357)
E: com.sun.scenario.animation.AbstractMasterTimer$MainLoop.run(AbstractMasterTimer.java:267)
E: com.sun.javafx.tk.quantum.QuantumToolkit.pulse(QuantumToolkit.java:514)
E: com.sun.javafx.tk.quantum.QuantumToolkit.pulse(QuantumToolkit.java:498)
E: com.sun.javafx.tk.quantum.QuantumToolkit.pulseFromQueue(QuantumToolkit.java:491)
E: com.sun.javafx.tk.quantum.QuantumToolkit.lambda$runToolkit$403(QuantumToolkit.java:319)
E: com.sun.glass.ui.InvokeLaterDispatcher$Future.run(InvokeLaterDispatcher.java:95)
E: com.sun.glass.ui.win.WinApplication._runLoop(Native Method)
E: com.sun.glass.ui.win.WinApplication.lambda$null$147(WinApplication.java:177)
E: java.lang.Thread.run(Unknown Source)

10:02:17.978 [JavaFX Application Thread] FATAL GameApplication      - Application will now exit
10:02:17.979 [JavaFX Application Thread] DEBUG GameApplication      - Stopping main loop
10:02:29.101 [JavaFX Application Thread] DEBUG GameApplication      - Exiting game application
10:02:29.102 [JavaFX Application Thread] DEBUG GameApplication      - Shutting down background threads
10:02:29.102 [JavaFX Application Thread] DEBUG GameApplication      - Exiting FXGL
10:02:29.102 [JavaFX Application Thread] DEBUG FXGL                 - Saving FXGL system data
10:02:29.104 [JavaFX Application Thread] DEBUG DesktopFSService     - Writing to: system\fxgl.bundle
10:02:29.107 [JavaFX Application Thread] DEBUG GameApplication      - Closing logger and exiting JavaFX
